[2023-12-06T09:36:15.019+0000] {processor.py:157} INFO - Started process (PID=56) to work on /home/airflow/.local/lib/python3.8/site-packages/airflow/example_dags/example_params_trigger_ui.py
[2023-12-06T09:36:15.020+0000] {processor.py:829} INFO - Processing file /home/airflow/.local/lib/python3.8/site-packages/airflow/example_dags/example_params_trigger_ui.py for tasks to queue
[2023-12-06T09:36:15.023+0000] {logging_mixin.py:154} INFO - [2023-12-06T09:36:15.023+0000] {dagbag.py:536} INFO - Filling up the DagBag from /home/airflow/.local/lib/python3.8/site-packages/airflow/example_dags/example_params_trigger_ui.py
[2023-12-06T09:36:15.051+0000] {processor.py:839} INFO - DAG(s) dict_keys(['example_params_trigger_ui']) retrieved from /home/airflow/.local/lib/python3.8/site-packages/airflow/example_dags/example_params_trigger_ui.py
[2023-12-06T09:36:15.221+0000] {logging_mixin.py:154} INFO - [2023-12-06T09:36:15.221+0000] {manager.py:499} INFO - Created Permission View: %s
[2023-12-06T09:36:15.231+0000] {logging_mixin.py:154} INFO - [2023-12-06T09:36:15.231+0000] {manager.py:499} INFO - Created Permission View: %s
[2023-12-06T09:36:15.238+0000] {logging_mixin.py:154} INFO - [2023-12-06T09:36:15.238+0000] {manager.py:499} INFO - Created Permission View: %s
[2023-12-06T09:36:15.239+0000] {logging_mixin.py:154} INFO - [2023-12-06T09:36:15.239+0000] {dag.py:2941} INFO - Sync 1 DAGs
[2023-12-06T09:36:15.251+0000] {logging_mixin.py:154} INFO - [2023-12-06T09:36:15.250+0000] {dag.py:2963} INFO - Creating ORM DAG for example_params_trigger_ui
[2023-12-06T09:36:15.252+0000] {logging_mixin.py:154} INFO - [2023-12-06T09:36:15.252+0000] {dag.py:3722} INFO - Setting next_dagrun for example_params_trigger_ui to None, run_after=None
[2023-12-06T09:36:15.268+0000] {processor.py:179} INFO - Processing /home/airflow/.local/lib/python3.8/site-packages/airflow/example_dags/example_params_trigger_ui.py took 0.253 seconds
[2023-12-06T09:36:45.336+0000] {processor.py:157} INFO - Started process (PID=110) to work on /home/airflow/.local/lib/python3.8/site-packages/airflow/example_dags/example_params_trigger_ui.py
[2023-12-06T09:36:45.338+0000] {processor.py:829} INFO - Processing file /home/airflow/.local/lib/python3.8/site-packages/airflow/example_dags/example_params_trigger_ui.py for tasks to queue
[2023-12-06T09:36:45.341+0000] {logging_mixin.py:154} INFO - [2023-12-06T09:36:45.341+0000] {dagbag.py:536} INFO - Filling up the DagBag from /home/airflow/.local/lib/python3.8/site-packages/airflow/example_dags/example_params_trigger_ui.py
[2023-12-06T09:36:45.361+0000] {processor.py:839} INFO - DAG(s) dict_keys(['example_params_trigger_ui']) retrieved from /home/airflow/.local/lib/python3.8/site-packages/airflow/example_dags/example_params_trigger_ui.py
[2023-12-06T09:36:45.418+0000] {logging_mixin.py:154} INFO - [2023-12-06T09:36:45.418+0000] {dag.py:2941} INFO - Sync 1 DAGs
[2023-12-06T09:36:45.437+0000] {logging_mixin.py:154} INFO - [2023-12-06T09:36:45.437+0000] {dag.py:3722} INFO - Setting next_dagrun for example_params_trigger_ui to None, run_after=None
[2023-12-06T09:36:45.464+0000] {processor.py:179} INFO - Processing /home/airflow/.local/lib/python3.8/site-packages/airflow/example_dags/example_params_trigger_ui.py took 0.132 seconds
[2023-12-06T09:37:15.492+0000] {processor.py:157} INFO - Started process (PID=164) to work on /home/airflow/.local/lib/python3.8/site-packages/airflow/example_dags/example_params_trigger_ui.py
[2023-12-06T09:37:15.494+0000] {processor.py:829} INFO - Processing file /home/airflow/.local/lib/python3.8/site-packages/airflow/example_dags/example_params_trigger_ui.py for tasks to queue
[2023-12-06T09:37:15.496+0000] {logging_mixin.py:154} INFO - [2023-12-06T09:37:15.496+0000] {dagbag.py:536} INFO - Filling up the DagBag from /home/airflow/.local/lib/python3.8/site-packages/airflow/example_dags/example_params_trigger_ui.py
[2023-12-06T09:37:15.516+0000] {processor.py:839} INFO - DAG(s) dict_keys(['example_params_trigger_ui']) retrieved from /home/airflow/.local/lib/python3.8/site-packages/airflow/example_dags/example_params_trigger_ui.py
[2023-12-06T09:37:15.571+0000] {logging_mixin.py:154} INFO - [2023-12-06T09:37:15.571+0000] {dag.py:2941} INFO - Sync 1 DAGs
[2023-12-06T09:37:15.585+0000] {logging_mixin.py:154} INFO - [2023-12-06T09:37:15.585+0000] {dag.py:3722} INFO - Setting next_dagrun for example_params_trigger_ui to None, run_after=None
[2023-12-06T09:37:15.604+0000] {processor.py:179} INFO - Processing /home/airflow/.local/lib/python3.8/site-packages/airflow/example_dags/example_params_trigger_ui.py took 0.116 seconds
[2023-12-06T09:37:46.227+0000] {processor.py:157} INFO - Started process (PID=218) to work on /home/airflow/.local/lib/python3.8/site-packages/airflow/example_dags/example_params_trigger_ui.py
[2023-12-06T09:37:46.229+0000] {processor.py:829} INFO - Processing file /home/airflow/.local/lib/python3.8/site-packages/airflow/example_dags/example_params_trigger_ui.py for tasks to queue
[2023-12-06T09:37:46.231+0000] {logging_mixin.py:154} INFO - [2023-12-06T09:37:46.231+0000] {dagbag.py:536} INFO - Filling up the DagBag from /home/airflow/.local/lib/python3.8/site-packages/airflow/example_dags/example_params_trigger_ui.py
[2023-12-06T09:37:46.251+0000] {processor.py:839} INFO - DAG(s) dict_keys(['example_params_trigger_ui']) retrieved from /home/airflow/.local/lib/python3.8/site-packages/airflow/example_dags/example_params_trigger_ui.py
[2023-12-06T09:37:46.305+0000] {logging_mixin.py:154} INFO - [2023-12-06T09:37:46.305+0000] {dag.py:2941} INFO - Sync 1 DAGs
[2023-12-06T09:37:46.318+0000] {logging_mixin.py:154} INFO - [2023-12-06T09:37:46.318+0000] {dag.py:3722} INFO - Setting next_dagrun for example_params_trigger_ui to None, run_after=None
[2023-12-06T09:37:46.336+0000] {processor.py:179} INFO - Processing /home/airflow/.local/lib/python3.8/site-packages/airflow/example_dags/example_params_trigger_ui.py took 0.113 seconds
[2023-12-06T09:38:17.020+0000] {processor.py:157} INFO - Started process (PID=272) to work on /home/airflow/.local/lib/python3.8/site-packages/airflow/example_dags/example_params_trigger_ui.py
[2023-12-06T09:38:17.021+0000] {processor.py:829} INFO - Processing file /home/airflow/.local/lib/python3.8/site-packages/airflow/example_dags/example_params_trigger_ui.py for tasks to queue
[2023-12-06T09:38:17.024+0000] {logging_mixin.py:154} INFO - [2023-12-06T09:38:17.024+0000] {dagbag.py:536} INFO - Filling up the DagBag from /home/airflow/.local/lib/python3.8/site-packages/airflow/example_dags/example_params_trigger_ui.py
[2023-12-06T09:38:17.043+0000] {processor.py:839} INFO - DAG(s) dict_keys(['example_params_trigger_ui']) retrieved from /home/airflow/.local/lib/python3.8/site-packages/airflow/example_dags/example_params_trigger_ui.py
[2023-12-06T09:38:17.094+0000] {logging_mixin.py:154} INFO - [2023-12-06T09:38:17.094+0000] {dag.py:2941} INFO - Sync 1 DAGs
[2023-12-06T09:38:17.108+0000] {logging_mixin.py:154} INFO - [2023-12-06T09:38:17.108+0000] {dag.py:3722} INFO - Setting next_dagrun for example_params_trigger_ui to None, run_after=None
[2023-12-06T09:38:17.126+0000] {processor.py:179} INFO - Processing /home/airflow/.local/lib/python3.8/site-packages/airflow/example_dags/example_params_trigger_ui.py took 0.110 seconds
[2023-12-06T09:38:48.017+0000] {processor.py:157} INFO - Started process (PID=327) to work on /home/airflow/.local/lib/python3.8/site-packages/airflow/example_dags/example_params_trigger_ui.py
[2023-12-06T09:38:48.018+0000] {processor.py:829} INFO - Processing file /home/airflow/.local/lib/python3.8/site-packages/airflow/example_dags/example_params_trigger_ui.py for tasks to queue
[2023-12-06T09:38:48.021+0000] {logging_mixin.py:154} INFO - [2023-12-06T09:38:48.021+0000] {dagbag.py:536} INFO - Filling up the DagBag from /home/airflow/.local/lib/python3.8/site-packages/airflow/example_dags/example_params_trigger_ui.py
[2023-12-06T09:38:48.040+0000] {processor.py:839} INFO - DAG(s) dict_keys(['example_params_trigger_ui']) retrieved from /home/airflow/.local/lib/python3.8/site-packages/airflow/example_dags/example_params_trigger_ui.py
[2023-12-06T09:38:48.096+0000] {logging_mixin.py:154} INFO - [2023-12-06T09:38:48.096+0000] {dag.py:2941} INFO - Sync 1 DAGs
[2023-12-06T09:38:48.110+0000] {logging_mixin.py:154} INFO - [2023-12-06T09:38:48.110+0000] {dag.py:3722} INFO - Setting next_dagrun for example_params_trigger_ui to None, run_after=None
[2023-12-06T09:38:48.127+0000] {processor.py:179} INFO - Processing /home/airflow/.local/lib/python3.8/site-packages/airflow/example_dags/example_params_trigger_ui.py took 0.115 seconds
[2023-12-06T09:39:18.261+0000] {processor.py:157} INFO - Started process (PID=381) to work on /home/airflow/.local/lib/python3.8/site-packages/airflow/example_dags/example_params_trigger_ui.py
[2023-12-06T09:39:18.262+0000] {processor.py:829} INFO - Processing file /home/airflow/.local/lib/python3.8/site-packages/airflow/example_dags/example_params_trigger_ui.py for tasks to queue
[2023-12-06T09:39:18.265+0000] {logging_mixin.py:154} INFO - [2023-12-06T09:39:18.264+0000] {dagbag.py:536} INFO - Filling up the DagBag from /home/airflow/.local/lib/python3.8/site-packages/airflow/example_dags/example_params_trigger_ui.py
[2023-12-06T09:39:18.283+0000] {processor.py:839} INFO - DAG(s) dict_keys(['example_params_trigger_ui']) retrieved from /home/airflow/.local/lib/python3.8/site-packages/airflow/example_dags/example_params_trigger_ui.py
[2023-12-06T09:39:18.335+0000] {logging_mixin.py:154} INFO - [2023-12-06T09:39:18.335+0000] {dag.py:2941} INFO - Sync 1 DAGs
[2023-12-06T09:39:18.348+0000] {logging_mixin.py:154} INFO - [2023-12-06T09:39:18.348+0000] {dag.py:3722} INFO - Setting next_dagrun for example_params_trigger_ui to None, run_after=None
[2023-12-06T09:39:18.368+0000] {processor.py:179} INFO - Processing /home/airflow/.local/lib/python3.8/site-packages/airflow/example_dags/example_params_trigger_ui.py took 0.111 seconds
[2023-12-06T09:39:48.563+0000] {processor.py:157} INFO - Started process (PID=435) to work on /home/airflow/.local/lib/python3.8/site-packages/airflow/example_dags/example_params_trigger_ui.py
[2023-12-06T09:39:48.565+0000] {processor.py:829} INFO - Processing file /home/airflow/.local/lib/python3.8/site-packages/airflow/example_dags/example_params_trigger_ui.py for tasks to queue
[2023-12-06T09:39:48.568+0000] {logging_mixin.py:154} INFO - [2023-12-06T09:39:48.568+0000] {dagbag.py:536} INFO - Filling up the DagBag from /home/airflow/.local/lib/python3.8/site-packages/airflow/example_dags/example_params_trigger_ui.py
[2023-12-06T09:39:48.587+0000] {processor.py:839} INFO - DAG(s) dict_keys(['example_params_trigger_ui']) retrieved from /home/airflow/.local/lib/python3.8/site-packages/airflow/example_dags/example_params_trigger_ui.py
[2023-12-06T09:39:48.649+0000] {logging_mixin.py:154} INFO - [2023-12-06T09:39:48.649+0000] {dag.py:2941} INFO - Sync 1 DAGs
[2023-12-06T09:39:48.664+0000] {logging_mixin.py:154} INFO - [2023-12-06T09:39:48.664+0000] {dag.py:3722} INFO - Setting next_dagrun for example_params_trigger_ui to None, run_after=None
[2023-12-06T09:39:48.685+0000] {processor.py:179} INFO - Processing /home/airflow/.local/lib/python3.8/site-packages/airflow/example_dags/example_params_trigger_ui.py took 0.126 seconds
[2023-12-06T09:40:18.723+0000] {processor.py:157} INFO - Started process (PID=490) to work on /home/airflow/.local/lib/python3.8/site-packages/airflow/example_dags/example_params_trigger_ui.py
[2023-12-06T09:40:18.725+0000] {processor.py:829} INFO - Processing file /home/airflow/.local/lib/python3.8/site-packages/airflow/example_dags/example_params_trigger_ui.py for tasks to queue
[2023-12-06T09:40:18.728+0000] {logging_mixin.py:154} INFO - [2023-12-06T09:40:18.727+0000] {dagbag.py:536} INFO - Filling up the DagBag from /home/airflow/.local/lib/python3.8/site-packages/airflow/example_dags/example_params_trigger_ui.py
[2023-12-06T09:40:18.746+0000] {processor.py:839} INFO - DAG(s) dict_keys(['example_params_trigger_ui']) retrieved from /home/airflow/.local/lib/python3.8/site-packages/airflow/example_dags/example_params_trigger_ui.py
[2023-12-06T09:40:18.800+0000] {logging_mixin.py:154} INFO - [2023-12-06T09:40:18.800+0000] {dag.py:2941} INFO - Sync 1 DAGs
[2023-12-06T09:40:18.814+0000] {logging_mixin.py:154} INFO - [2023-12-06T09:40:18.813+0000] {dag.py:3722} INFO - Setting next_dagrun for example_params_trigger_ui to None, run_after=None
[2023-12-06T09:40:18.832+0000] {processor.py:179} INFO - Processing /home/airflow/.local/lib/python3.8/site-packages/airflow/example_dags/example_params_trigger_ui.py took 0.112 seconds
[2023-12-06T09:40:49.051+0000] {processor.py:157} INFO - Started process (PID=544) to work on /home/airflow/.local/lib/python3.8/site-packages/airflow/example_dags/example_params_trigger_ui.py
[2023-12-06T09:40:49.052+0000] {processor.py:829} INFO - Processing file /home/airflow/.local/lib/python3.8/site-packages/airflow/example_dags/example_params_trigger_ui.py for tasks to queue
[2023-12-06T09:40:49.055+0000] {logging_mixin.py:154} INFO - [2023-12-06T09:40:49.055+0000] {dagbag.py:536} INFO - Filling up the DagBag from /home/airflow/.local/lib/python3.8/site-packages/airflow/example_dags/example_params_trigger_ui.py
[2023-12-06T09:40:49.074+0000] {processor.py:839} INFO - DAG(s) dict_keys(['example_params_trigger_ui']) retrieved from /home/airflow/.local/lib/python3.8/site-packages/airflow/example_dags/example_params_trigger_ui.py
[2023-12-06T09:40:49.125+0000] {logging_mixin.py:154} INFO - [2023-12-06T09:40:49.125+0000] {dag.py:2941} INFO - Sync 1 DAGs
[2023-12-06T09:40:49.137+0000] {logging_mixin.py:154} INFO - [2023-12-06T09:40:49.137+0000] {dag.py:3722} INFO - Setting next_dagrun for example_params_trigger_ui to None, run_after=None
[2023-12-06T09:40:49.156+0000] {processor.py:179} INFO - Processing /home/airflow/.local/lib/python3.8/site-packages/airflow/example_dags/example_params_trigger_ui.py took 0.109 seconds
[2023-12-06T09:41:19.297+0000] {processor.py:157} INFO - Started process (PID=598) to work on /home/airflow/.local/lib/python3.8/site-packages/airflow/example_dags/example_params_trigger_ui.py
[2023-12-06T09:41:19.298+0000] {processor.py:829} INFO - Processing file /home/airflow/.local/lib/python3.8/site-packages/airflow/example_dags/example_params_trigger_ui.py for tasks to queue
[2023-12-06T09:41:19.301+0000] {logging_mixin.py:154} INFO - [2023-12-06T09:41:19.301+0000] {dagbag.py:536} INFO - Filling up the DagBag from /home/airflow/.local/lib/python3.8/site-packages/airflow/example_dags/example_params_trigger_ui.py
[2023-12-06T09:41:19.320+0000] {processor.py:839} INFO - DAG(s) dict_keys(['example_params_trigger_ui']) retrieved from /home/airflow/.local/lib/python3.8/site-packages/airflow/example_dags/example_params_trigger_ui.py
[2023-12-06T09:41:19.370+0000] {logging_mixin.py:154} INFO - [2023-12-06T09:41:19.370+0000] {dag.py:2941} INFO - Sync 1 DAGs
[2023-12-06T09:41:19.384+0000] {logging_mixin.py:154} INFO - [2023-12-06T09:41:19.384+0000] {dag.py:3722} INFO - Setting next_dagrun for example_params_trigger_ui to None, run_after=None
[2023-12-06T09:41:19.403+0000] {processor.py:179} INFO - Processing /home/airflow/.local/lib/python3.8/site-packages/airflow/example_dags/example_params_trigger_ui.py took 0.111 seconds
[2023-12-06T09:41:49.660+0000] {processor.py:157} INFO - Started process (PID=652) to work on /home/airflow/.local/lib/python3.8/site-packages/airflow/example_dags/example_params_trigger_ui.py
[2023-12-06T09:41:49.661+0000] {processor.py:829} INFO - Processing file /home/airflow/.local/lib/python3.8/site-packages/airflow/example_dags/example_params_trigger_ui.py for tasks to queue
[2023-12-06T09:41:49.665+0000] {logging_mixin.py:154} INFO - [2023-12-06T09:41:49.665+0000] {dagbag.py:536} INFO - Filling up the DagBag from /home/airflow/.local/lib/python3.8/site-packages/airflow/example_dags/example_params_trigger_ui.py
[2023-12-06T09:41:49.685+0000] {processor.py:839} INFO - DAG(s) dict_keys(['example_params_trigger_ui']) retrieved from /home/airflow/.local/lib/python3.8/site-packages/airflow/example_dags/example_params_trigger_ui.py
[2023-12-06T09:41:49.741+0000] {logging_mixin.py:154} INFO - [2023-12-06T09:41:49.741+0000] {dag.py:2941} INFO - Sync 1 DAGs
[2023-12-06T09:41:49.755+0000] {logging_mixin.py:154} INFO - [2023-12-06T09:41:49.755+0000] {dag.py:3722} INFO - Setting next_dagrun for example_params_trigger_ui to None, run_after=None
[2023-12-06T09:41:49.776+0000] {processor.py:179} INFO - Processing /home/airflow/.local/lib/python3.8/site-packages/airflow/example_dags/example_params_trigger_ui.py took 0.120 seconds
[2023-12-06T09:42:20.105+0000] {processor.py:157} INFO - Started process (PID=706) to work on /home/airflow/.local/lib/python3.8/site-packages/airflow/example_dags/example_params_trigger_ui.py
[2023-12-06T09:42:20.106+0000] {processor.py:829} INFO - Processing file /home/airflow/.local/lib/python3.8/site-packages/airflow/example_dags/example_params_trigger_ui.py for tasks to queue
[2023-12-06T09:42:20.109+0000] {logging_mixin.py:154} INFO - [2023-12-06T09:42:20.109+0000] {dagbag.py:536} INFO - Filling up the DagBag from /home/airflow/.local/lib/python3.8/site-packages/airflow/example_dags/example_params_trigger_ui.py
[2023-12-06T09:42:20.127+0000] {processor.py:839} INFO - DAG(s) dict_keys(['example_params_trigger_ui']) retrieved from /home/airflow/.local/lib/python3.8/site-packages/airflow/example_dags/example_params_trigger_ui.py
[2023-12-06T09:42:20.183+0000] {logging_mixin.py:154} INFO - [2023-12-06T09:42:20.183+0000] {dag.py:2941} INFO - Sync 1 DAGs
[2023-12-06T09:42:20.197+0000] {logging_mixin.py:154} INFO - [2023-12-06T09:42:20.197+0000] {dag.py:3722} INFO - Setting next_dagrun for example_params_trigger_ui to None, run_after=None
[2023-12-06T09:42:20.215+0000] {processor.py:179} INFO - Processing /home/airflow/.local/lib/python3.8/site-packages/airflow/example_dags/example_params_trigger_ui.py took 0.114 seconds
[2023-12-06T09:42:50.351+0000] {processor.py:157} INFO - Started process (PID=760) to work on /home/airflow/.local/lib/python3.8/site-packages/airflow/example_dags/example_params_trigger_ui.py
[2023-12-06T09:42:50.353+0000] {processor.py:829} INFO - Processing file /home/airflow/.local/lib/python3.8/site-packages/airflow/example_dags/example_params_trigger_ui.py for tasks to queue
[2023-12-06T09:42:50.356+0000] {logging_mixin.py:154} INFO - [2023-12-06T09:42:50.355+0000] {dagbag.py:536} INFO - Filling up the DagBag from /home/airflow/.local/lib/python3.8/site-packages/airflow/example_dags/example_params_trigger_ui.py
[2023-12-06T09:42:50.374+0000] {processor.py:839} INFO - DAG(s) dict_keys(['example_params_trigger_ui']) retrieved from /home/airflow/.local/lib/python3.8/site-packages/airflow/example_dags/example_params_trigger_ui.py
[2023-12-06T09:42:50.438+0000] {logging_mixin.py:154} INFO - [2023-12-06T09:42:50.438+0000] {dag.py:2941} INFO - Sync 1 DAGs
[2023-12-06T09:42:50.453+0000] {logging_mixin.py:154} INFO - [2023-12-06T09:42:50.453+0000] {dag.py:3722} INFO - Setting next_dagrun for example_params_trigger_ui to None, run_after=None
[2023-12-06T09:42:50.472+0000] {processor.py:179} INFO - Processing /home/airflow/.local/lib/python3.8/site-packages/airflow/example_dags/example_params_trigger_ui.py took 0.125 seconds
[2023-12-06T09:43:20.560+0000] {processor.py:157} INFO - Started process (PID=815) to work on /home/airflow/.local/lib/python3.8/site-packages/airflow/example_dags/example_params_trigger_ui.py
[2023-12-06T09:43:20.561+0000] {processor.py:829} INFO - Processing file /home/airflow/.local/lib/python3.8/site-packages/airflow/example_dags/example_params_trigger_ui.py for tasks to queue
[2023-12-06T09:43:20.564+0000] {logging_mixin.py:154} INFO - [2023-12-06T09:43:20.564+0000] {dagbag.py:536} INFO - Filling up the DagBag from /home/airflow/.local/lib/python3.8/site-packages/airflow/example_dags/example_params_trigger_ui.py
[2023-12-06T09:43:20.584+0000] {processor.py:839} INFO - DAG(s) dict_keys(['example_params_trigger_ui']) retrieved from /home/airflow/.local/lib/python3.8/site-packages/airflow/example_dags/example_params_trigger_ui.py
[2023-12-06T09:43:20.644+0000] {logging_mixin.py:154} INFO - [2023-12-06T09:43:20.643+0000] {dag.py:2941} INFO - Sync 1 DAGs
[2023-12-06T09:43:20.658+0000] {logging_mixin.py:154} INFO - [2023-12-06T09:43:20.658+0000] {dag.py:3722} INFO - Setting next_dagrun for example_params_trigger_ui to None, run_after=None
[2023-12-06T09:43:20.677+0000] {processor.py:179} INFO - Processing /home/airflow/.local/lib/python3.8/site-packages/airflow/example_dags/example_params_trigger_ui.py took 0.122 seconds
[2023-12-06T09:43:51.576+0000] {processor.py:157} INFO - Started process (PID=869) to work on /home/airflow/.local/lib/python3.8/site-packages/airflow/example_dags/example_params_trigger_ui.py
[2023-12-06T09:43:51.577+0000] {processor.py:829} INFO - Processing file /home/airflow/.local/lib/python3.8/site-packages/airflow/example_dags/example_params_trigger_ui.py for tasks to queue
[2023-12-06T09:43:51.580+0000] {logging_mixin.py:154} INFO - [2023-12-06T09:43:51.580+0000] {dagbag.py:536} INFO - Filling up the DagBag from /home/airflow/.local/lib/python3.8/site-packages/airflow/example_dags/example_params_trigger_ui.py
[2023-12-06T09:43:51.598+0000] {processor.py:839} INFO - DAG(s) dict_keys(['example_params_trigger_ui']) retrieved from /home/airflow/.local/lib/python3.8/site-packages/airflow/example_dags/example_params_trigger_ui.py
[2023-12-06T09:43:51.652+0000] {logging_mixin.py:154} INFO - [2023-12-06T09:43:51.652+0000] {dag.py:2941} INFO - Sync 1 DAGs
[2023-12-06T09:43:51.665+0000] {logging_mixin.py:154} INFO - [2023-12-06T09:43:51.665+0000] {dag.py:3722} INFO - Setting next_dagrun for example_params_trigger_ui to None, run_after=None
[2023-12-06T09:43:51.682+0000] {processor.py:179} INFO - Processing /home/airflow/.local/lib/python3.8/site-packages/airflow/example_dags/example_params_trigger_ui.py took 0.110 seconds
[2023-12-06T09:44:21.848+0000] {processor.py:157} INFO - Started process (PID=923) to work on /home/airflow/.local/lib/python3.8/site-packages/airflow/example_dags/example_params_trigger_ui.py
[2023-12-06T09:44:21.850+0000] {processor.py:829} INFO - Processing file /home/airflow/.local/lib/python3.8/site-packages/airflow/example_dags/example_params_trigger_ui.py for tasks to queue
[2023-12-06T09:44:21.853+0000] {logging_mixin.py:154} INFO - [2023-12-06T09:44:21.853+0000] {dagbag.py:536} INFO - Filling up the DagBag from /home/airflow/.local/lib/python3.8/site-packages/airflow/example_dags/example_params_trigger_ui.py
[2023-12-06T09:44:21.878+0000] {processor.py:839} INFO - DAG(s) dict_keys(['example_params_trigger_ui']) retrieved from /home/airflow/.local/lib/python3.8/site-packages/airflow/example_dags/example_params_trigger_ui.py
[2023-12-06T09:44:21.936+0000] {logging_mixin.py:154} INFO - [2023-12-06T09:44:21.936+0000] {dag.py:2941} INFO - Sync 1 DAGs
[2023-12-06T09:44:21.983+0000] {logging_mixin.py:154} INFO - [2023-12-06T09:44:21.982+0000] {dag.py:3722} INFO - Setting next_dagrun for example_params_trigger_ui to None, run_after=None
[2023-12-06T09:44:22.006+0000] {processor.py:179} INFO - Processing /home/airflow/.local/lib/python3.8/site-packages/airflow/example_dags/example_params_trigger_ui.py took 0.164 seconds
[2023-12-06T09:44:53.114+0000] {processor.py:157} INFO - Started process (PID=977) to work on /home/airflow/.local/lib/python3.8/site-packages/airflow/example_dags/example_params_trigger_ui.py
[2023-12-06T09:44:53.115+0000] {processor.py:829} INFO - Processing file /home/airflow/.local/lib/python3.8/site-packages/airflow/example_dags/example_params_trigger_ui.py for tasks to queue
[2023-12-06T09:44:53.118+0000] {logging_mixin.py:154} INFO - [2023-12-06T09:44:53.117+0000] {dagbag.py:536} INFO - Filling up the DagBag from /home/airflow/.local/lib/python3.8/site-packages/airflow/example_dags/example_params_trigger_ui.py
[2023-12-06T09:44:53.137+0000] {processor.py:839} INFO - DAG(s) dict_keys(['example_params_trigger_ui']) retrieved from /home/airflow/.local/lib/python3.8/site-packages/airflow/example_dags/example_params_trigger_ui.py
[2023-12-06T09:44:53.189+0000] {logging_mixin.py:154} INFO - [2023-12-06T09:44:53.189+0000] {dag.py:2941} INFO - Sync 1 DAGs
[2023-12-06T09:44:53.202+0000] {logging_mixin.py:154} INFO - [2023-12-06T09:44:53.202+0000] {dag.py:3722} INFO - Setting next_dagrun for example_params_trigger_ui to None, run_after=None
[2023-12-06T09:44:53.225+0000] {processor.py:179} INFO - Processing /home/airflow/.local/lib/python3.8/site-packages/airflow/example_dags/example_params_trigger_ui.py took 0.116 seconds
[2023-12-06T09:45:23.333+0000] {processor.py:157} INFO - Started process (PID=1031) to work on /home/airflow/.local/lib/python3.8/site-packages/airflow/example_dags/example_params_trigger_ui.py
[2023-12-06T09:45:23.335+0000] {processor.py:829} INFO - Processing file /home/airflow/.local/lib/python3.8/site-packages/airflow/example_dags/example_params_trigger_ui.py for tasks to queue
[2023-12-06T09:45:23.337+0000] {logging_mixin.py:154} INFO - [2023-12-06T09:45:23.337+0000] {dagbag.py:536} INFO - Filling up the DagBag from /home/airflow/.local/lib/python3.8/site-packages/airflow/example_dags/example_params_trigger_ui.py
[2023-12-06T09:45:23.356+0000] {processor.py:839} INFO - DAG(s) dict_keys(['example_params_trigger_ui']) retrieved from /home/airflow/.local/lib/python3.8/site-packages/airflow/example_dags/example_params_trigger_ui.py
[2023-12-06T09:45:23.409+0000] {logging_mixin.py:154} INFO - [2023-12-06T09:45:23.409+0000] {dag.py:2941} INFO - Sync 1 DAGs
[2023-12-06T09:45:23.425+0000] {logging_mixin.py:154} INFO - [2023-12-06T09:45:23.424+0000] {dag.py:3722} INFO - Setting next_dagrun for example_params_trigger_ui to None, run_after=None
[2023-12-06T09:45:23.443+0000] {processor.py:179} INFO - Processing /home/airflow/.local/lib/python3.8/site-packages/airflow/example_dags/example_params_trigger_ui.py took 0.114 seconds
[2023-12-06T09:45:53.468+0000] {processor.py:157} INFO - Started process (PID=1097) to work on /home/airflow/.local/lib/python3.8/site-packages/airflow/example_dags/example_params_trigger_ui.py
[2023-12-06T09:45:53.469+0000] {processor.py:829} INFO - Processing file /home/airflow/.local/lib/python3.8/site-packages/airflow/example_dags/example_params_trigger_ui.py for tasks to queue
[2023-12-06T09:45:53.471+0000] {logging_mixin.py:154} INFO - [2023-12-06T09:45:53.471+0000] {dagbag.py:536} INFO - Filling up the DagBag from /home/airflow/.local/lib/python3.8/site-packages/airflow/example_dags/example_params_trigger_ui.py
[2023-12-06T09:45:53.490+0000] {processor.py:839} INFO - DAG(s) dict_keys(['example_params_trigger_ui']) retrieved from /home/airflow/.local/lib/python3.8/site-packages/airflow/example_dags/example_params_trigger_ui.py
[2023-12-06T09:45:53.541+0000] {logging_mixin.py:154} INFO - [2023-12-06T09:45:53.541+0000] {dag.py:2941} INFO - Sync 1 DAGs
[2023-12-06T09:45:53.555+0000] {logging_mixin.py:154} INFO - [2023-12-06T09:45:53.555+0000] {dag.py:3722} INFO - Setting next_dagrun for example_params_trigger_ui to None, run_after=None
[2023-12-06T09:45:53.574+0000] {processor.py:179} INFO - Processing /home/airflow/.local/lib/python3.8/site-packages/airflow/example_dags/example_params_trigger_ui.py took 0.110 seconds
[2023-12-06T09:46:23.757+0000] {processor.py:157} INFO - Started process (PID=1154) to work on /home/airflow/.local/lib/python3.8/site-packages/airflow/example_dags/example_params_trigger_ui.py
[2023-12-06T09:46:23.758+0000] {processor.py:829} INFO - Processing file /home/airflow/.local/lib/python3.8/site-packages/airflow/example_dags/example_params_trigger_ui.py for tasks to queue
[2023-12-06T09:46:23.761+0000] {logging_mixin.py:154} INFO - [2023-12-06T09:46:23.761+0000] {dagbag.py:536} INFO - Filling up the DagBag from /home/airflow/.local/lib/python3.8/site-packages/airflow/example_dags/example_params_trigger_ui.py
[2023-12-06T09:46:23.781+0000] {processor.py:839} INFO - DAG(s) dict_keys(['example_params_trigger_ui']) retrieved from /home/airflow/.local/lib/python3.8/site-packages/airflow/example_dags/example_params_trigger_ui.py
[2023-12-06T09:46:23.833+0000] {logging_mixin.py:154} INFO - [2023-12-06T09:46:23.833+0000] {dag.py:2941} INFO - Sync 1 DAGs
[2023-12-06T09:46:23.847+0000] {logging_mixin.py:154} INFO - [2023-12-06T09:46:23.847+0000] {dag.py:3722} INFO - Setting next_dagrun for example_params_trigger_ui to None, run_after=None
[2023-12-06T09:46:24.005+0000] {processor.py:179} INFO - Processing /home/airflow/.local/lib/python3.8/site-packages/airflow/example_dags/example_params_trigger_ui.py took 0.253 seconds
[2023-12-06T09:46:54.430+0000] {processor.py:157} INFO - Started process (PID=1209) to work on /home/airflow/.local/lib/python3.8/site-packages/airflow/example_dags/example_params_trigger_ui.py
[2023-12-06T09:46:54.432+0000] {processor.py:829} INFO - Processing file /home/airflow/.local/lib/python3.8/site-packages/airflow/example_dags/example_params_trigger_ui.py for tasks to queue
[2023-12-06T09:46:54.435+0000] {logging_mixin.py:154} INFO - [2023-12-06T09:46:54.434+0000] {dagbag.py:536} INFO - Filling up the DagBag from /home/airflow/.local/lib/python3.8/site-packages/airflow/example_dags/example_params_trigger_ui.py
[2023-12-06T09:46:54.454+0000] {processor.py:839} INFO - DAG(s) dict_keys(['example_params_trigger_ui']) retrieved from /home/airflow/.local/lib/python3.8/site-packages/airflow/example_dags/example_params_trigger_ui.py
[2023-12-06T09:46:54.506+0000] {logging_mixin.py:154} INFO - [2023-12-06T09:46:54.506+0000] {dag.py:2941} INFO - Sync 1 DAGs
[2023-12-06T09:46:54.520+0000] {logging_mixin.py:154} INFO - [2023-12-06T09:46:54.520+0000] {dag.py:3722} INFO - Setting next_dagrun for example_params_trigger_ui to None, run_after=None
[2023-12-06T09:46:54.538+0000] {processor.py:179} INFO - Processing /home/airflow/.local/lib/python3.8/site-packages/airflow/example_dags/example_params_trigger_ui.py took 0.111 seconds
[2023-12-06T09:47:24.621+0000] {processor.py:157} INFO - Started process (PID=1265) to work on /home/airflow/.local/lib/python3.8/site-packages/airflow/example_dags/example_params_trigger_ui.py
[2023-12-06T09:47:24.622+0000] {processor.py:829} INFO - Processing file /home/airflow/.local/lib/python3.8/site-packages/airflow/example_dags/example_params_trigger_ui.py for tasks to queue
[2023-12-06T09:47:24.623+0000] {logging_mixin.py:154} INFO - [2023-12-06T09:47:24.623+0000] {dagbag.py:536} INFO - Filling up the DagBag from /home/airflow/.local/lib/python3.8/site-packages/airflow/example_dags/example_params_trigger_ui.py
[2023-12-06T09:47:24.643+0000] {processor.py:839} INFO - DAG(s) dict_keys(['example_params_trigger_ui']) retrieved from /home/airflow/.local/lib/python3.8/site-packages/airflow/example_dags/example_params_trigger_ui.py
[2023-12-06T09:47:24.695+0000] {logging_mixin.py:154} INFO - [2023-12-06T09:47:24.695+0000] {dag.py:2941} INFO - Sync 1 DAGs
[2023-12-06T09:47:24.709+0000] {logging_mixin.py:154} INFO - [2023-12-06T09:47:24.709+0000] {dag.py:3722} INFO - Setting next_dagrun for example_params_trigger_ui to None, run_after=None
[2023-12-06T09:47:24.727+0000] {processor.py:179} INFO - Processing /home/airflow/.local/lib/python3.8/site-packages/airflow/example_dags/example_params_trigger_ui.py took 0.111 seconds
[2023-12-06T09:47:55.358+0000] {processor.py:157} INFO - Started process (PID=1323) to work on /home/airflow/.local/lib/python3.8/site-packages/airflow/example_dags/example_params_trigger_ui.py
[2023-12-06T09:47:55.359+0000] {processor.py:829} INFO - Processing file /home/airflow/.local/lib/python3.8/site-packages/airflow/example_dags/example_params_trigger_ui.py for tasks to queue
[2023-12-06T09:47:55.361+0000] {logging_mixin.py:154} INFO - [2023-12-06T09:47:55.360+0000] {dagbag.py:536} INFO - Filling up the DagBag from /home/airflow/.local/lib/python3.8/site-packages/airflow/example_dags/example_params_trigger_ui.py
[2023-12-06T09:47:55.381+0000] {processor.py:839} INFO - DAG(s) dict_keys(['example_params_trigger_ui']) retrieved from /home/airflow/.local/lib/python3.8/site-packages/airflow/example_dags/example_params_trigger_ui.py
[2023-12-06T09:47:55.446+0000] {logging_mixin.py:154} INFO - [2023-12-06T09:47:55.446+0000] {dag.py:2941} INFO - Sync 1 DAGs
[2023-12-06T09:47:55.463+0000] {logging_mixin.py:154} INFO - [2023-12-06T09:47:55.463+0000] {dag.py:3722} INFO - Setting next_dagrun for example_params_trigger_ui to None, run_after=None
[2023-12-06T09:47:55.482+0000] {processor.py:179} INFO - Processing /home/airflow/.local/lib/python3.8/site-packages/airflow/example_dags/example_params_trigger_ui.py took 0.128 seconds
[2023-12-06T09:48:27.124+0000] {processor.py:157} INFO - Started process (PID=1384) to work on /home/airflow/.local/lib/python3.8/site-packages/airflow/example_dags/example_params_trigger_ui.py
[2023-12-06T09:48:27.128+0000] {processor.py:829} INFO - Processing file /home/airflow/.local/lib/python3.8/site-packages/airflow/example_dags/example_params_trigger_ui.py for tasks to queue
[2023-12-06T09:48:27.133+0000] {logging_mixin.py:154} INFO - [2023-12-06T09:48:27.132+0000] {dagbag.py:536} INFO - Filling up the DagBag from /home/airflow/.local/lib/python3.8/site-packages/airflow/example_dags/example_params_trigger_ui.py
[2023-12-06T09:48:27.195+0000] {processor.py:839} INFO - DAG(s) dict_keys(['example_params_trigger_ui']) retrieved from /home/airflow/.local/lib/python3.8/site-packages/airflow/example_dags/example_params_trigger_ui.py
[2023-12-06T09:48:27.295+0000] {logging_mixin.py:154} INFO - [2023-12-06T09:48:27.294+0000] {dag.py:2941} INFO - Sync 1 DAGs
[2023-12-06T09:48:27.310+0000] {logging_mixin.py:154} INFO - [2023-12-06T09:48:27.310+0000] {dag.py:3722} INFO - Setting next_dagrun for example_params_trigger_ui to None, run_after=None
[2023-12-06T09:48:27.629+0000] {processor.py:179} INFO - Processing /home/airflow/.local/lib/python3.8/site-packages/airflow/example_dags/example_params_trigger_ui.py took 0.518 seconds
[2023-12-06T09:48:58.149+0000] {processor.py:157} INFO - Started process (PID=1440) to work on /home/airflow/.local/lib/python3.8/site-packages/airflow/example_dags/example_params_trigger_ui.py
[2023-12-06T09:48:58.151+0000] {processor.py:829} INFO - Processing file /home/airflow/.local/lib/python3.8/site-packages/airflow/example_dags/example_params_trigger_ui.py for tasks to queue
[2023-12-06T09:48:58.152+0000] {logging_mixin.py:154} INFO - [2023-12-06T09:48:58.151+0000] {dagbag.py:536} INFO - Filling up the DagBag from /home/airflow/.local/lib/python3.8/site-packages/airflow/example_dags/example_params_trigger_ui.py
[2023-12-06T09:48:58.171+0000] {processor.py:839} INFO - DAG(s) dict_keys(['example_params_trigger_ui']) retrieved from /home/airflow/.local/lib/python3.8/site-packages/airflow/example_dags/example_params_trigger_ui.py
[2023-12-06T09:48:58.227+0000] {logging_mixin.py:154} INFO - [2023-12-06T09:48:58.227+0000] {dag.py:2941} INFO - Sync 1 DAGs
[2023-12-06T09:48:58.243+0000] {logging_mixin.py:154} INFO - [2023-12-06T09:48:58.243+0000] {dag.py:3722} INFO - Setting next_dagrun for example_params_trigger_ui to None, run_after=None
[2023-12-06T09:48:58.265+0000] {processor.py:179} INFO - Processing /home/airflow/.local/lib/python3.8/site-packages/airflow/example_dags/example_params_trigger_ui.py took 0.120 seconds
[2023-12-06T09:49:28.556+0000] {processor.py:157} INFO - Started process (PID=1496) to work on /home/airflow/.local/lib/python3.8/site-packages/airflow/example_dags/example_params_trigger_ui.py
[2023-12-06T09:49:28.558+0000] {processor.py:829} INFO - Processing file /home/airflow/.local/lib/python3.8/site-packages/airflow/example_dags/example_params_trigger_ui.py for tasks to queue
[2023-12-06T09:49:28.559+0000] {logging_mixin.py:154} INFO - [2023-12-06T09:49:28.559+0000] {dagbag.py:536} INFO - Filling up the DagBag from /home/airflow/.local/lib/python3.8/site-packages/airflow/example_dags/example_params_trigger_ui.py
[2023-12-06T09:49:28.582+0000] {processor.py:839} INFO - DAG(s) dict_keys(['example_params_trigger_ui']) retrieved from /home/airflow/.local/lib/python3.8/site-packages/airflow/example_dags/example_params_trigger_ui.py
[2023-12-06T09:49:28.643+0000] {logging_mixin.py:154} INFO - [2023-12-06T09:49:28.643+0000] {dag.py:2941} INFO - Sync 1 DAGs
[2023-12-06T09:49:28.658+0000] {logging_mixin.py:154} INFO - [2023-12-06T09:49:28.657+0000] {dag.py:3722} INFO - Setting next_dagrun for example_params_trigger_ui to None, run_after=None
[2023-12-06T09:49:28.680+0000] {processor.py:179} INFO - Processing /home/airflow/.local/lib/python3.8/site-packages/airflow/example_dags/example_params_trigger_ui.py took 0.128 seconds
[2023-12-06T09:49:59.608+0000] {processor.py:157} INFO - Started process (PID=1560) to work on /home/airflow/.local/lib/python3.8/site-packages/airflow/example_dags/example_params_trigger_ui.py
[2023-12-06T09:49:59.610+0000] {processor.py:829} INFO - Processing file /home/airflow/.local/lib/python3.8/site-packages/airflow/example_dags/example_params_trigger_ui.py for tasks to queue
[2023-12-06T09:49:59.612+0000] {logging_mixin.py:154} INFO - [2023-12-06T09:49:59.611+0000] {dagbag.py:536} INFO - Filling up the DagBag from /home/airflow/.local/lib/python3.8/site-packages/airflow/example_dags/example_params_trigger_ui.py
[2023-12-06T09:49:59.633+0000] {processor.py:839} INFO - DAG(s) dict_keys(['example_params_trigger_ui']) retrieved from /home/airflow/.local/lib/python3.8/site-packages/airflow/example_dags/example_params_trigger_ui.py
[2023-12-06T09:49:59.687+0000] {logging_mixin.py:154} INFO - [2023-12-06T09:49:59.687+0000] {dag.py:2941} INFO - Sync 1 DAGs
[2023-12-06T09:49:59.836+0000] {logging_mixin.py:154} INFO - [2023-12-06T09:49:59.836+0000] {dag.py:3722} INFO - Setting next_dagrun for example_params_trigger_ui to None, run_after=None
[2023-12-06T09:49:59.858+0000] {processor.py:179} INFO - Processing /home/airflow/.local/lib/python3.8/site-packages/airflow/example_dags/example_params_trigger_ui.py took 0.254 seconds
[2023-12-06T09:50:30.113+0000] {processor.py:157} INFO - Started process (PID=1615) to work on /home/airflow/.local/lib/python3.8/site-packages/airflow/example_dags/example_params_trigger_ui.py
[2023-12-06T09:50:30.114+0000] {processor.py:829} INFO - Processing file /home/airflow/.local/lib/python3.8/site-packages/airflow/example_dags/example_params_trigger_ui.py for tasks to queue
[2023-12-06T09:50:30.116+0000] {logging_mixin.py:154} INFO - [2023-12-06T09:50:30.116+0000] {dagbag.py:536} INFO - Filling up the DagBag from /home/airflow/.local/lib/python3.8/site-packages/airflow/example_dags/example_params_trigger_ui.py
[2023-12-06T09:50:30.145+0000] {processor.py:839} INFO - DAG(s) dict_keys(['example_params_trigger_ui']) retrieved from /home/airflow/.local/lib/python3.8/site-packages/airflow/example_dags/example_params_trigger_ui.py
[2023-12-06T09:50:30.235+0000] {logging_mixin.py:154} INFO - [2023-12-06T09:50:30.234+0000] {dag.py:2941} INFO - Sync 1 DAGs
[2023-12-06T09:50:30.254+0000] {logging_mixin.py:154} INFO - [2023-12-06T09:50:30.253+0000] {dag.py:3722} INFO - Setting next_dagrun for example_params_trigger_ui to None, run_after=None
[2023-12-06T09:50:30.488+0000] {processor.py:179} INFO - Processing /home/airflow/.local/lib/python3.8/site-packages/airflow/example_dags/example_params_trigger_ui.py took 0.380 seconds
