[2023-12-06T09:36:16.574+0000] {processor.py:157} INFO - Started process (PID=69) to work on /home/airflow/.local/lib/python3.8/site-packages/airflow/example_dags/example_dynamic_task_mapping_with_no_taskflow_operators.py
[2023-12-06T09:36:16.576+0000] {processor.py:829} INFO - Processing file /home/airflow/.local/lib/python3.8/site-packages/airflow/example_dags/example_dynamic_task_mapping_with_no_taskflow_operators.py for tasks to queue
[2023-12-06T09:36:16.579+0000] {logging_mixin.py:154} INFO - [2023-12-06T09:36:16.578+0000] {dagbag.py:536} INFO - Filling up the DagBag from /home/airflow/.local/lib/python3.8/site-packages/airflow/example_dags/example_dynamic_task_mapping_with_no_taskflow_operators.py
[2023-12-06T09:36:16.589+0000] {processor.py:839} INFO - DAG(s) dict_keys(['example_dynamic_task_mapping_with_no_taskflow_operators']) retrieved from /home/airflow/.local/lib/python3.8/site-packages/airflow/example_dags/example_dynamic_task_mapping_with_no_taskflow_operators.py
[2023-12-06T09:36:16.705+0000] {logging_mixin.py:154} INFO - [2023-12-06T09:36:16.705+0000] {manager.py:499} INFO - Created Permission View: %s
[2023-12-06T09:36:16.716+0000] {logging_mixin.py:154} INFO - [2023-12-06T09:36:16.716+0000] {manager.py:499} INFO - Created Permission View: %s
[2023-12-06T09:36:16.724+0000] {logging_mixin.py:154} INFO - [2023-12-06T09:36:16.723+0000] {manager.py:499} INFO - Created Permission View: %s
[2023-12-06T09:36:16.725+0000] {logging_mixin.py:154} INFO - [2023-12-06T09:36:16.724+0000] {dag.py:2941} INFO - Sync 1 DAGs
[2023-12-06T09:36:16.745+0000] {logging_mixin.py:154} INFO - [2023-12-06T09:36:16.745+0000] {dag.py:2963} INFO - Creating ORM DAG for example_dynamic_task_mapping_with_no_taskflow_operators
[2023-12-06T09:36:16.759+0000] {logging_mixin.py:154} INFO - [2023-12-06T09:36:16.759+0000] {dag.py:3722} INFO - Setting next_dagrun for example_dynamic_task_mapping_with_no_taskflow_operators to 2023-12-05T09:36:16.759014+00:00, run_after=2023-12-06T09:36:16.759014+00:00
[2023-12-06T09:36:17.055+0000] {processor.py:179} INFO - Processing /home/airflow/.local/lib/python3.8/site-packages/airflow/example_dags/example_dynamic_task_mapping_with_no_taskflow_operators.py took 0.484 seconds
[2023-12-06T09:36:47.352+0000] {processor.py:157} INFO - Started process (PID=123) to work on /home/airflow/.local/lib/python3.8/site-packages/airflow/example_dags/example_dynamic_task_mapping_with_no_taskflow_operators.py
[2023-12-06T09:36:47.353+0000] {processor.py:829} INFO - Processing file /home/airflow/.local/lib/python3.8/site-packages/airflow/example_dags/example_dynamic_task_mapping_with_no_taskflow_operators.py for tasks to queue
[2023-12-06T09:36:47.356+0000] {logging_mixin.py:154} INFO - [2023-12-06T09:36:47.356+0000] {dagbag.py:536} INFO - Filling up the DagBag from /home/airflow/.local/lib/python3.8/site-packages/airflow/example_dags/example_dynamic_task_mapping_with_no_taskflow_operators.py
[2023-12-06T09:36:47.364+0000] {processor.py:839} INFO - DAG(s) dict_keys(['example_dynamic_task_mapping_with_no_taskflow_operators']) retrieved from /home/airflow/.local/lib/python3.8/site-packages/airflow/example_dags/example_dynamic_task_mapping_with_no_taskflow_operators.py
[2023-12-06T09:36:47.385+0000] {logging_mixin.py:154} INFO - [2023-12-06T09:36:47.385+0000] {dag.py:2941} INFO - Sync 1 DAGs
[2023-12-06T09:36:47.408+0000] {logging_mixin.py:154} INFO - [2023-12-06T09:36:47.408+0000] {dag.py:3722} INFO - Setting next_dagrun for example_dynamic_task_mapping_with_no_taskflow_operators to 2023-12-05T09:36:47.407895+00:00, run_after=2023-12-06T09:36:47.407895+00:00
[2023-12-06T09:36:47.425+0000] {processor.py:179} INFO - Processing /home/airflow/.local/lib/python3.8/site-packages/airflow/example_dags/example_dynamic_task_mapping_with_no_taskflow_operators.py took 0.077 seconds
[2023-12-06T09:37:18.166+0000] {processor.py:157} INFO - Started process (PID=177) to work on /home/airflow/.local/lib/python3.8/site-packages/airflow/example_dags/example_dynamic_task_mapping_with_no_taskflow_operators.py
[2023-12-06T09:37:18.168+0000] {processor.py:829} INFO - Processing file /home/airflow/.local/lib/python3.8/site-packages/airflow/example_dags/example_dynamic_task_mapping_with_no_taskflow_operators.py for tasks to queue
[2023-12-06T09:37:18.171+0000] {logging_mixin.py:154} INFO - [2023-12-06T09:37:18.171+0000] {dagbag.py:536} INFO - Filling up the DagBag from /home/airflow/.local/lib/python3.8/site-packages/airflow/example_dags/example_dynamic_task_mapping_with_no_taskflow_operators.py
[2023-12-06T09:37:18.181+0000] {processor.py:839} INFO - DAG(s) dict_keys(['example_dynamic_task_mapping_with_no_taskflow_operators']) retrieved from /home/airflow/.local/lib/python3.8/site-packages/airflow/example_dags/example_dynamic_task_mapping_with_no_taskflow_operators.py
[2023-12-06T09:37:18.206+0000] {logging_mixin.py:154} INFO - [2023-12-06T09:37:18.206+0000] {dag.py:2941} INFO - Sync 1 DAGs
[2023-12-06T09:37:18.230+0000] {logging_mixin.py:154} INFO - [2023-12-06T09:37:18.230+0000] {dag.py:3722} INFO - Setting next_dagrun for example_dynamic_task_mapping_with_no_taskflow_operators to 2023-12-05T09:37:18.230441+00:00, run_after=2023-12-06T09:37:18.230441+00:00
[2023-12-06T09:37:18.249+0000] {processor.py:179} INFO - Processing /home/airflow/.local/lib/python3.8/site-packages/airflow/example_dags/example_dynamic_task_mapping_with_no_taskflow_operators.py took 0.086 seconds
[2023-12-06T09:37:49.015+0000] {processor.py:157} INFO - Started process (PID=231) to work on /home/airflow/.local/lib/python3.8/site-packages/airflow/example_dags/example_dynamic_task_mapping_with_no_taskflow_operators.py
[2023-12-06T09:37:49.016+0000] {processor.py:829} INFO - Processing file /home/airflow/.local/lib/python3.8/site-packages/airflow/example_dags/example_dynamic_task_mapping_with_no_taskflow_operators.py for tasks to queue
[2023-12-06T09:37:49.019+0000] {logging_mixin.py:154} INFO - [2023-12-06T09:37:49.019+0000] {dagbag.py:536} INFO - Filling up the DagBag from /home/airflow/.local/lib/python3.8/site-packages/airflow/example_dags/example_dynamic_task_mapping_with_no_taskflow_operators.py
[2023-12-06T09:37:49.026+0000] {processor.py:839} INFO - DAG(s) dict_keys(['example_dynamic_task_mapping_with_no_taskflow_operators']) retrieved from /home/airflow/.local/lib/python3.8/site-packages/airflow/example_dags/example_dynamic_task_mapping_with_no_taskflow_operators.py
[2023-12-06T09:37:49.047+0000] {logging_mixin.py:154} INFO - [2023-12-06T09:37:49.047+0000] {dag.py:2941} INFO - Sync 1 DAGs
[2023-12-06T09:37:49.070+0000] {logging_mixin.py:154} INFO - [2023-12-06T09:37:49.069+0000] {dag.py:3722} INFO - Setting next_dagrun for example_dynamic_task_mapping_with_no_taskflow_operators to 2023-12-05T09:37:49.069594+00:00, run_after=2023-12-06T09:37:49.069594+00:00
[2023-12-06T09:37:49.087+0000] {processor.py:179} INFO - Processing /home/airflow/.local/lib/python3.8/site-packages/airflow/example_dags/example_dynamic_task_mapping_with_no_taskflow_operators.py took 0.076 seconds
[2023-12-06T09:38:19.758+0000] {processor.py:157} INFO - Started process (PID=285) to work on /home/airflow/.local/lib/python3.8/site-packages/airflow/example_dags/example_dynamic_task_mapping_with_no_taskflow_operators.py
[2023-12-06T09:38:19.760+0000] {processor.py:829} INFO - Processing file /home/airflow/.local/lib/python3.8/site-packages/airflow/example_dags/example_dynamic_task_mapping_with_no_taskflow_operators.py for tasks to queue
[2023-12-06T09:38:19.762+0000] {logging_mixin.py:154} INFO - [2023-12-06T09:38:19.762+0000] {dagbag.py:536} INFO - Filling up the DagBag from /home/airflow/.local/lib/python3.8/site-packages/airflow/example_dags/example_dynamic_task_mapping_with_no_taskflow_operators.py
[2023-12-06T09:38:19.770+0000] {processor.py:839} INFO - DAG(s) dict_keys(['example_dynamic_task_mapping_with_no_taskflow_operators']) retrieved from /home/airflow/.local/lib/python3.8/site-packages/airflow/example_dags/example_dynamic_task_mapping_with_no_taskflow_operators.py
[2023-12-06T09:38:19.791+0000] {logging_mixin.py:154} INFO - [2023-12-06T09:38:19.791+0000] {dag.py:2941} INFO - Sync 1 DAGs
[2023-12-06T09:38:19.813+0000] {logging_mixin.py:154} INFO - [2023-12-06T09:38:19.813+0000] {dag.py:3722} INFO - Setting next_dagrun for example_dynamic_task_mapping_with_no_taskflow_operators to 2023-12-05T09:38:19.812925+00:00, run_after=2023-12-06T09:38:19.812925+00:00
[2023-12-06T09:38:19.832+0000] {processor.py:179} INFO - Processing /home/airflow/.local/lib/python3.8/site-packages/airflow/example_dags/example_dynamic_task_mapping_with_no_taskflow_operators.py took 0.078 seconds
[2023-12-06T09:38:50.781+0000] {processor.py:157} INFO - Started process (PID=340) to work on /home/airflow/.local/lib/python3.8/site-packages/airflow/example_dags/example_dynamic_task_mapping_with_no_taskflow_operators.py
[2023-12-06T09:38:50.783+0000] {processor.py:829} INFO - Processing file /home/airflow/.local/lib/python3.8/site-packages/airflow/example_dags/example_dynamic_task_mapping_with_no_taskflow_operators.py for tasks to queue
[2023-12-06T09:38:50.786+0000] {logging_mixin.py:154} INFO - [2023-12-06T09:38:50.785+0000] {dagbag.py:536} INFO - Filling up the DagBag from /home/airflow/.local/lib/python3.8/site-packages/airflow/example_dags/example_dynamic_task_mapping_with_no_taskflow_operators.py
[2023-12-06T09:38:50.794+0000] {processor.py:839} INFO - DAG(s) dict_keys(['example_dynamic_task_mapping_with_no_taskflow_operators']) retrieved from /home/airflow/.local/lib/python3.8/site-packages/airflow/example_dags/example_dynamic_task_mapping_with_no_taskflow_operators.py
[2023-12-06T09:38:50.820+0000] {logging_mixin.py:154} INFO - [2023-12-06T09:38:50.819+0000] {dag.py:2941} INFO - Sync 1 DAGs
[2023-12-06T09:38:50.845+0000] {logging_mixin.py:154} INFO - [2023-12-06T09:38:50.844+0000] {dag.py:3722} INFO - Setting next_dagrun for example_dynamic_task_mapping_with_no_taskflow_operators to 2023-12-05T09:38:50.844598+00:00, run_after=2023-12-06T09:38:50.844598+00:00
[2023-12-06T09:38:50.865+0000] {processor.py:179} INFO - Processing /home/airflow/.local/lib/python3.8/site-packages/airflow/example_dags/example_dynamic_task_mapping_with_no_taskflow_operators.py took 0.088 seconds
[2023-12-06T09:39:20.985+0000] {processor.py:157} INFO - Started process (PID=394) to work on /home/airflow/.local/lib/python3.8/site-packages/airflow/example_dags/example_dynamic_task_mapping_with_no_taskflow_operators.py
[2023-12-06T09:39:20.986+0000] {processor.py:829} INFO - Processing file /home/airflow/.local/lib/python3.8/site-packages/airflow/example_dags/example_dynamic_task_mapping_with_no_taskflow_operators.py for tasks to queue
[2023-12-06T09:39:20.989+0000] {logging_mixin.py:154} INFO - [2023-12-06T09:39:20.989+0000] {dagbag.py:536} INFO - Filling up the DagBag from /home/airflow/.local/lib/python3.8/site-packages/airflow/example_dags/example_dynamic_task_mapping_with_no_taskflow_operators.py
[2023-12-06T09:39:20.997+0000] {processor.py:839} INFO - DAG(s) dict_keys(['example_dynamic_task_mapping_with_no_taskflow_operators']) retrieved from /home/airflow/.local/lib/python3.8/site-packages/airflow/example_dags/example_dynamic_task_mapping_with_no_taskflow_operators.py
[2023-12-06T09:39:21.018+0000] {logging_mixin.py:154} INFO - [2023-12-06T09:39:21.018+0000] {dag.py:2941} INFO - Sync 1 DAGs
[2023-12-06T09:39:21.042+0000] {logging_mixin.py:154} INFO - [2023-12-06T09:39:21.041+0000] {dag.py:3722} INFO - Setting next_dagrun for example_dynamic_task_mapping_with_no_taskflow_operators to 2023-12-05T09:39:21.041665+00:00, run_after=2023-12-06T09:39:21.041665+00:00
[2023-12-06T09:39:21.058+0000] {processor.py:179} INFO - Processing /home/airflow/.local/lib/python3.8/site-packages/airflow/example_dags/example_dynamic_task_mapping_with_no_taskflow_operators.py took 0.077 seconds
[2023-12-06T09:39:51.307+0000] {processor.py:157} INFO - Started process (PID=448) to work on /home/airflow/.local/lib/python3.8/site-packages/airflow/example_dags/example_dynamic_task_mapping_with_no_taskflow_operators.py
[2023-12-06T09:39:51.309+0000] {processor.py:829} INFO - Processing file /home/airflow/.local/lib/python3.8/site-packages/airflow/example_dags/example_dynamic_task_mapping_with_no_taskflow_operators.py for tasks to queue
[2023-12-06T09:39:51.312+0000] {logging_mixin.py:154} INFO - [2023-12-06T09:39:51.312+0000] {dagbag.py:536} INFO - Filling up the DagBag from /home/airflow/.local/lib/python3.8/site-packages/airflow/example_dags/example_dynamic_task_mapping_with_no_taskflow_operators.py
[2023-12-06T09:39:51.319+0000] {processor.py:839} INFO - DAG(s) dict_keys(['example_dynamic_task_mapping_with_no_taskflow_operators']) retrieved from /home/airflow/.local/lib/python3.8/site-packages/airflow/example_dags/example_dynamic_task_mapping_with_no_taskflow_operators.py
[2023-12-06T09:39:51.340+0000] {logging_mixin.py:154} INFO - [2023-12-06T09:39:51.340+0000] {dag.py:2941} INFO - Sync 1 DAGs
[2023-12-06T09:39:51.363+0000] {logging_mixin.py:154} INFO - [2023-12-06T09:39:51.363+0000] {dag.py:3722} INFO - Setting next_dagrun for example_dynamic_task_mapping_with_no_taskflow_operators to 2023-12-05T09:39:51.362811+00:00, run_after=2023-12-06T09:39:51.362811+00:00
[2023-12-06T09:39:51.379+0000] {processor.py:179} INFO - Processing /home/airflow/.local/lib/python3.8/site-packages/airflow/example_dags/example_dynamic_task_mapping_with_no_taskflow_operators.py took 0.076 seconds
[2023-12-06T09:40:21.494+0000] {processor.py:157} INFO - Started process (PID=503) to work on /home/airflow/.local/lib/python3.8/site-packages/airflow/example_dags/example_dynamic_task_mapping_with_no_taskflow_operators.py
[2023-12-06T09:40:21.495+0000] {processor.py:829} INFO - Processing file /home/airflow/.local/lib/python3.8/site-packages/airflow/example_dags/example_dynamic_task_mapping_with_no_taskflow_operators.py for tasks to queue
[2023-12-06T09:40:21.498+0000] {logging_mixin.py:154} INFO - [2023-12-06T09:40:21.498+0000] {dagbag.py:536} INFO - Filling up the DagBag from /home/airflow/.local/lib/python3.8/site-packages/airflow/example_dags/example_dynamic_task_mapping_with_no_taskflow_operators.py
[2023-12-06T09:40:21.506+0000] {processor.py:839} INFO - DAG(s) dict_keys(['example_dynamic_task_mapping_with_no_taskflow_operators']) retrieved from /home/airflow/.local/lib/python3.8/site-packages/airflow/example_dags/example_dynamic_task_mapping_with_no_taskflow_operators.py
[2023-12-06T09:40:21.529+0000] {logging_mixin.py:154} INFO - [2023-12-06T09:40:21.529+0000] {dag.py:2941} INFO - Sync 1 DAGs
[2023-12-06T09:40:21.554+0000] {logging_mixin.py:154} INFO - [2023-12-06T09:40:21.554+0000] {dag.py:3722} INFO - Setting next_dagrun for example_dynamic_task_mapping_with_no_taskflow_operators to 2023-12-05T09:40:21.554349+00:00, run_after=2023-12-06T09:40:21.554349+00:00
[2023-12-06T09:40:21.574+0000] {processor.py:179} INFO - Processing /home/airflow/.local/lib/python3.8/site-packages/airflow/example_dags/example_dynamic_task_mapping_with_no_taskflow_operators.py took 0.085 seconds
[2023-12-06T09:40:51.701+0000] {processor.py:157} INFO - Started process (PID=557) to work on /home/airflow/.local/lib/python3.8/site-packages/airflow/example_dags/example_dynamic_task_mapping_with_no_taskflow_operators.py
[2023-12-06T09:40:51.702+0000] {processor.py:829} INFO - Processing file /home/airflow/.local/lib/python3.8/site-packages/airflow/example_dags/example_dynamic_task_mapping_with_no_taskflow_operators.py for tasks to queue
[2023-12-06T09:40:51.705+0000] {logging_mixin.py:154} INFO - [2023-12-06T09:40:51.705+0000] {dagbag.py:536} INFO - Filling up the DagBag from /home/airflow/.local/lib/python3.8/site-packages/airflow/example_dags/example_dynamic_task_mapping_with_no_taskflow_operators.py
[2023-12-06T09:40:51.713+0000] {processor.py:839} INFO - DAG(s) dict_keys(['example_dynamic_task_mapping_with_no_taskflow_operators']) retrieved from /home/airflow/.local/lib/python3.8/site-packages/airflow/example_dags/example_dynamic_task_mapping_with_no_taskflow_operators.py
[2023-12-06T09:40:51.733+0000] {logging_mixin.py:154} INFO - [2023-12-06T09:40:51.733+0000] {dag.py:2941} INFO - Sync 1 DAGs
[2023-12-06T09:40:51.757+0000] {logging_mixin.py:154} INFO - [2023-12-06T09:40:51.756+0000] {dag.py:3722} INFO - Setting next_dagrun for example_dynamic_task_mapping_with_no_taskflow_operators to 2023-12-05T09:40:51.756653+00:00, run_after=2023-12-06T09:40:51.756653+00:00
[2023-12-06T09:40:51.775+0000] {processor.py:179} INFO - Processing /home/airflow/.local/lib/python3.8/site-packages/airflow/example_dags/example_dynamic_task_mapping_with_no_taskflow_operators.py took 0.078 seconds
[2023-12-06T09:41:22.065+0000] {processor.py:157} INFO - Started process (PID=611) to work on /home/airflow/.local/lib/python3.8/site-packages/airflow/example_dags/example_dynamic_task_mapping_with_no_taskflow_operators.py
[2023-12-06T09:41:22.067+0000] {processor.py:829} INFO - Processing file /home/airflow/.local/lib/python3.8/site-packages/airflow/example_dags/example_dynamic_task_mapping_with_no_taskflow_operators.py for tasks to queue
[2023-12-06T09:41:22.069+0000] {logging_mixin.py:154} INFO - [2023-12-06T09:41:22.069+0000] {dagbag.py:536} INFO - Filling up the DagBag from /home/airflow/.local/lib/python3.8/site-packages/airflow/example_dags/example_dynamic_task_mapping_with_no_taskflow_operators.py
[2023-12-06T09:41:22.077+0000] {processor.py:839} INFO - DAG(s) dict_keys(['example_dynamic_task_mapping_with_no_taskflow_operators']) retrieved from /home/airflow/.local/lib/python3.8/site-packages/airflow/example_dags/example_dynamic_task_mapping_with_no_taskflow_operators.py
[2023-12-06T09:41:22.098+0000] {logging_mixin.py:154} INFO - [2023-12-06T09:41:22.098+0000] {dag.py:2941} INFO - Sync 1 DAGs
[2023-12-06T09:41:22.122+0000] {logging_mixin.py:154} INFO - [2023-12-06T09:41:22.122+0000] {dag.py:3722} INFO - Setting next_dagrun for example_dynamic_task_mapping_with_no_taskflow_operators to 2023-12-05T09:41:22.122248+00:00, run_after=2023-12-06T09:41:22.122248+00:00
[2023-12-06T09:41:22.139+0000] {processor.py:179} INFO - Processing /home/airflow/.local/lib/python3.8/site-packages/airflow/example_dags/example_dynamic_task_mapping_with_no_taskflow_operators.py took 0.078 seconds
[2023-12-06T09:41:52.347+0000] {processor.py:157} INFO - Started process (PID=665) to work on /home/airflow/.local/lib/python3.8/site-packages/airflow/example_dags/example_dynamic_task_mapping_with_no_taskflow_operators.py
[2023-12-06T09:41:52.349+0000] {processor.py:829} INFO - Processing file /home/airflow/.local/lib/python3.8/site-packages/airflow/example_dags/example_dynamic_task_mapping_with_no_taskflow_operators.py for tasks to queue
[2023-12-06T09:41:52.351+0000] {logging_mixin.py:154} INFO - [2023-12-06T09:41:52.351+0000] {dagbag.py:536} INFO - Filling up the DagBag from /home/airflow/.local/lib/python3.8/site-packages/airflow/example_dags/example_dynamic_task_mapping_with_no_taskflow_operators.py
[2023-12-06T09:41:52.359+0000] {processor.py:839} INFO - DAG(s) dict_keys(['example_dynamic_task_mapping_with_no_taskflow_operators']) retrieved from /home/airflow/.local/lib/python3.8/site-packages/airflow/example_dags/example_dynamic_task_mapping_with_no_taskflow_operators.py
[2023-12-06T09:41:52.380+0000] {logging_mixin.py:154} INFO - [2023-12-06T09:41:52.379+0000] {dag.py:2941} INFO - Sync 1 DAGs
[2023-12-06T09:41:52.403+0000] {logging_mixin.py:154} INFO - [2023-12-06T09:41:52.402+0000] {dag.py:3722} INFO - Setting next_dagrun for example_dynamic_task_mapping_with_no_taskflow_operators to 2023-12-05T09:41:52.402652+00:00, run_after=2023-12-06T09:41:52.402652+00:00
[2023-12-06T09:41:52.421+0000] {processor.py:179} INFO - Processing /home/airflow/.local/lib/python3.8/site-packages/airflow/example_dags/example_dynamic_task_mapping_with_no_taskflow_operators.py took 0.078 seconds
[2023-12-06T09:42:23.007+0000] {processor.py:157} INFO - Started process (PID=719) to work on /home/airflow/.local/lib/python3.8/site-packages/airflow/example_dags/example_dynamic_task_mapping_with_no_taskflow_operators.py
[2023-12-06T09:42:23.009+0000] {processor.py:829} INFO - Processing file /home/airflow/.local/lib/python3.8/site-packages/airflow/example_dags/example_dynamic_task_mapping_with_no_taskflow_operators.py for tasks to queue
[2023-12-06T09:42:23.011+0000] {logging_mixin.py:154} INFO - [2023-12-06T09:42:23.011+0000] {dagbag.py:536} INFO - Filling up the DagBag from /home/airflow/.local/lib/python3.8/site-packages/airflow/example_dags/example_dynamic_task_mapping_with_no_taskflow_operators.py
[2023-12-06T09:42:23.019+0000] {processor.py:839} INFO - DAG(s) dict_keys(['example_dynamic_task_mapping_with_no_taskflow_operators']) retrieved from /home/airflow/.local/lib/python3.8/site-packages/airflow/example_dags/example_dynamic_task_mapping_with_no_taskflow_operators.py
[2023-12-06T09:42:23.041+0000] {logging_mixin.py:154} INFO - [2023-12-06T09:42:23.041+0000] {dag.py:2941} INFO - Sync 1 DAGs
[2023-12-06T09:42:23.064+0000] {logging_mixin.py:154} INFO - [2023-12-06T09:42:23.064+0000] {dag.py:3722} INFO - Setting next_dagrun for example_dynamic_task_mapping_with_no_taskflow_operators to 2023-12-05T09:42:23.063927+00:00, run_after=2023-12-06T09:42:23.063927+00:00
[2023-12-06T09:42:23.082+0000] {processor.py:179} INFO - Processing /home/airflow/.local/lib/python3.8/site-packages/airflow/example_dags/example_dynamic_task_mapping_with_no_taskflow_operators.py took 0.079 seconds
[2023-12-06T09:42:53.264+0000] {processor.py:157} INFO - Started process (PID=773) to work on /home/airflow/.local/lib/python3.8/site-packages/airflow/example_dags/example_dynamic_task_mapping_with_no_taskflow_operators.py
[2023-12-06T09:42:53.266+0000] {processor.py:829} INFO - Processing file /home/airflow/.local/lib/python3.8/site-packages/airflow/example_dags/example_dynamic_task_mapping_with_no_taskflow_operators.py for tasks to queue
[2023-12-06T09:42:53.269+0000] {logging_mixin.py:154} INFO - [2023-12-06T09:42:53.268+0000] {dagbag.py:536} INFO - Filling up the DagBag from /home/airflow/.local/lib/python3.8/site-packages/airflow/example_dags/example_dynamic_task_mapping_with_no_taskflow_operators.py
[2023-12-06T09:42:53.276+0000] {processor.py:839} INFO - DAG(s) dict_keys(['example_dynamic_task_mapping_with_no_taskflow_operators']) retrieved from /home/airflow/.local/lib/python3.8/site-packages/airflow/example_dags/example_dynamic_task_mapping_with_no_taskflow_operators.py
[2023-12-06T09:42:53.299+0000] {logging_mixin.py:154} INFO - [2023-12-06T09:42:53.299+0000] {dag.py:2941} INFO - Sync 1 DAGs
[2023-12-06T09:42:53.324+0000] {logging_mixin.py:154} INFO - [2023-12-06T09:42:53.323+0000] {dag.py:3722} INFO - Setting next_dagrun for example_dynamic_task_mapping_with_no_taskflow_operators to 2023-12-05T09:42:53.323535+00:00, run_after=2023-12-06T09:42:53.323535+00:00
[2023-12-06T09:42:53.344+0000] {processor.py:179} INFO - Processing /home/airflow/.local/lib/python3.8/site-packages/airflow/example_dags/example_dynamic_task_mapping_with_no_taskflow_operators.py took 0.083 seconds
[2023-12-06T09:43:24.278+0000] {processor.py:157} INFO - Started process (PID=828) to work on /home/airflow/.local/lib/python3.8/site-packages/airflow/example_dags/example_dynamic_task_mapping_with_no_taskflow_operators.py
[2023-12-06T09:43:24.280+0000] {processor.py:829} INFO - Processing file /home/airflow/.local/lib/python3.8/site-packages/airflow/example_dags/example_dynamic_task_mapping_with_no_taskflow_operators.py for tasks to queue
[2023-12-06T09:43:24.283+0000] {logging_mixin.py:154} INFO - [2023-12-06T09:43:24.282+0000] {dagbag.py:536} INFO - Filling up the DagBag from /home/airflow/.local/lib/python3.8/site-packages/airflow/example_dags/example_dynamic_task_mapping_with_no_taskflow_operators.py
[2023-12-06T09:43:24.291+0000] {processor.py:839} INFO - DAG(s) dict_keys(['example_dynamic_task_mapping_with_no_taskflow_operators']) retrieved from /home/airflow/.local/lib/python3.8/site-packages/airflow/example_dags/example_dynamic_task_mapping_with_no_taskflow_operators.py
[2023-12-06T09:43:24.311+0000] {logging_mixin.py:154} INFO - [2023-12-06T09:43:24.311+0000] {dag.py:2941} INFO - Sync 1 DAGs
[2023-12-06T09:43:24.334+0000] {logging_mixin.py:154} INFO - [2023-12-06T09:43:24.333+0000] {dag.py:3722} INFO - Setting next_dagrun for example_dynamic_task_mapping_with_no_taskflow_operators to 2023-12-05T09:43:24.333716+00:00, run_after=2023-12-06T09:43:24.333716+00:00
[2023-12-06T09:43:24.351+0000] {processor.py:179} INFO - Processing /home/airflow/.local/lib/python3.8/site-packages/airflow/example_dags/example_dynamic_task_mapping_with_no_taskflow_operators.py took 0.077 seconds
[2023-12-06T09:43:54.430+0000] {processor.py:157} INFO - Started process (PID=882) to work on /home/airflow/.local/lib/python3.8/site-packages/airflow/example_dags/example_dynamic_task_mapping_with_no_taskflow_operators.py
[2023-12-06T09:43:54.431+0000] {processor.py:829} INFO - Processing file /home/airflow/.local/lib/python3.8/site-packages/airflow/example_dags/example_dynamic_task_mapping_with_no_taskflow_operators.py for tasks to queue
[2023-12-06T09:43:54.434+0000] {logging_mixin.py:154} INFO - [2023-12-06T09:43:54.434+0000] {dagbag.py:536} INFO - Filling up the DagBag from /home/airflow/.local/lib/python3.8/site-packages/airflow/example_dags/example_dynamic_task_mapping_with_no_taskflow_operators.py
[2023-12-06T09:43:54.442+0000] {processor.py:839} INFO - DAG(s) dict_keys(['example_dynamic_task_mapping_with_no_taskflow_operators']) retrieved from /home/airflow/.local/lib/python3.8/site-packages/airflow/example_dags/example_dynamic_task_mapping_with_no_taskflow_operators.py
[2023-12-06T09:43:54.467+0000] {logging_mixin.py:154} INFO - [2023-12-06T09:43:54.467+0000] {dag.py:2941} INFO - Sync 1 DAGs
[2023-12-06T09:43:54.490+0000] {logging_mixin.py:154} INFO - [2023-12-06T09:43:54.490+0000] {dag.py:3722} INFO - Setting next_dagrun for example_dynamic_task_mapping_with_no_taskflow_operators to 2023-12-05T09:43:54.490393+00:00, run_after=2023-12-06T09:43:54.490393+00:00
[2023-12-06T09:43:54.507+0000] {processor.py:179} INFO - Processing /home/airflow/.local/lib/python3.8/site-packages/airflow/example_dags/example_dynamic_task_mapping_with_no_taskflow_operators.py took 0.081 seconds
[2023-12-06T09:44:24.658+0000] {processor.py:157} INFO - Started process (PID=936) to work on /home/airflow/.local/lib/python3.8/site-packages/airflow/example_dags/example_dynamic_task_mapping_with_no_taskflow_operators.py
[2023-12-06T09:44:24.660+0000] {processor.py:829} INFO - Processing file /home/airflow/.local/lib/python3.8/site-packages/airflow/example_dags/example_dynamic_task_mapping_with_no_taskflow_operators.py for tasks to queue
[2023-12-06T09:44:24.662+0000] {logging_mixin.py:154} INFO - [2023-12-06T09:44:24.662+0000] {dagbag.py:536} INFO - Filling up the DagBag from /home/airflow/.local/lib/python3.8/site-packages/airflow/example_dags/example_dynamic_task_mapping_with_no_taskflow_operators.py
[2023-12-06T09:44:24.670+0000] {processor.py:839} INFO - DAG(s) dict_keys(['example_dynamic_task_mapping_with_no_taskflow_operators']) retrieved from /home/airflow/.local/lib/python3.8/site-packages/airflow/example_dags/example_dynamic_task_mapping_with_no_taskflow_operators.py
[2023-12-06T09:44:24.691+0000] {logging_mixin.py:154} INFO - [2023-12-06T09:44:24.691+0000] {dag.py:2941} INFO - Sync 1 DAGs
[2023-12-06T09:44:24.714+0000] {logging_mixin.py:154} INFO - [2023-12-06T09:44:24.714+0000] {dag.py:3722} INFO - Setting next_dagrun for example_dynamic_task_mapping_with_no_taskflow_operators to 2023-12-05T09:44:24.714004+00:00, run_after=2023-12-06T09:44:24.714004+00:00
[2023-12-06T09:44:24.732+0000] {processor.py:179} INFO - Processing /home/airflow/.local/lib/python3.8/site-packages/airflow/example_dags/example_dynamic_task_mapping_with_no_taskflow_operators.py took 0.077 seconds
[2023-12-06T09:44:54.842+0000] {processor.py:157} INFO - Started process (PID=990) to work on /home/airflow/.local/lib/python3.8/site-packages/airflow/example_dags/example_dynamic_task_mapping_with_no_taskflow_operators.py
[2023-12-06T09:44:54.854+0000] {processor.py:829} INFO - Processing file /home/airflow/.local/lib/python3.8/site-packages/airflow/example_dags/example_dynamic_task_mapping_with_no_taskflow_operators.py for tasks to queue
[2023-12-06T09:44:54.857+0000] {logging_mixin.py:154} INFO - [2023-12-06T09:44:54.857+0000] {dagbag.py:536} INFO - Filling up the DagBag from /home/airflow/.local/lib/python3.8/site-packages/airflow/example_dags/example_dynamic_task_mapping_with_no_taskflow_operators.py
[2023-12-06T09:44:54.865+0000] {processor.py:839} INFO - DAG(s) dict_keys(['example_dynamic_task_mapping_with_no_taskflow_operators']) retrieved from /home/airflow/.local/lib/python3.8/site-packages/airflow/example_dags/example_dynamic_task_mapping_with_no_taskflow_operators.py
[2023-12-06T09:44:54.886+0000] {logging_mixin.py:154} INFO - [2023-12-06T09:44:54.885+0000] {dag.py:2941} INFO - Sync 1 DAGs
[2023-12-06T09:44:54.910+0000] {logging_mixin.py:154} INFO - [2023-12-06T09:44:54.910+0000] {dag.py:3722} INFO - Setting next_dagrun for example_dynamic_task_mapping_with_no_taskflow_operators to 2023-12-05T09:44:54.910466+00:00, run_after=2023-12-06T09:44:54.910466+00:00
[2023-12-06T09:44:54.929+0000] {processor.py:179} INFO - Processing /home/airflow/.local/lib/python3.8/site-packages/airflow/example_dags/example_dynamic_task_mapping_with_no_taskflow_operators.py took 0.091 seconds
[2023-12-06T09:45:25.038+0000] {processor.py:157} INFO - Started process (PID=1044) to work on /home/airflow/.local/lib/python3.8/site-packages/airflow/example_dags/example_dynamic_task_mapping_with_no_taskflow_operators.py
[2023-12-06T09:45:25.051+0000] {processor.py:829} INFO - Processing file /home/airflow/.local/lib/python3.8/site-packages/airflow/example_dags/example_dynamic_task_mapping_with_no_taskflow_operators.py for tasks to queue
[2023-12-06T09:45:25.054+0000] {logging_mixin.py:154} INFO - [2023-12-06T09:45:25.053+0000] {dagbag.py:536} INFO - Filling up the DagBag from /home/airflow/.local/lib/python3.8/site-packages/airflow/example_dags/example_dynamic_task_mapping_with_no_taskflow_operators.py
[2023-12-06T09:45:25.061+0000] {processor.py:839} INFO - DAG(s) dict_keys(['example_dynamic_task_mapping_with_no_taskflow_operators']) retrieved from /home/airflow/.local/lib/python3.8/site-packages/airflow/example_dags/example_dynamic_task_mapping_with_no_taskflow_operators.py
[2023-12-06T09:45:25.084+0000] {logging_mixin.py:154} INFO - [2023-12-06T09:45:25.084+0000] {dag.py:2941} INFO - Sync 1 DAGs
[2023-12-06T09:45:25.112+0000] {logging_mixin.py:154} INFO - [2023-12-06T09:45:25.112+0000] {dag.py:3722} INFO - Setting next_dagrun for example_dynamic_task_mapping_with_no_taskflow_operators to 2023-12-05T09:45:25.112151+00:00, run_after=2023-12-06T09:45:25.112151+00:00
[2023-12-06T09:45:25.133+0000] {processor.py:179} INFO - Processing /home/airflow/.local/lib/python3.8/site-packages/airflow/example_dags/example_dynamic_task_mapping_with_no_taskflow_operators.py took 0.098 seconds
[2023-12-06T09:45:55.178+0000] {processor.py:157} INFO - Started process (PID=1110) to work on /home/airflow/.local/lib/python3.8/site-packages/airflow/example_dags/example_dynamic_task_mapping_with_no_taskflow_operators.py
[2023-12-06T09:45:55.180+0000] {processor.py:829} INFO - Processing file /home/airflow/.local/lib/python3.8/site-packages/airflow/example_dags/example_dynamic_task_mapping_with_no_taskflow_operators.py for tasks to queue
[2023-12-06T09:45:55.183+0000] {logging_mixin.py:154} INFO - [2023-12-06T09:45:55.182+0000] {dagbag.py:536} INFO - Filling up the DagBag from /home/airflow/.local/lib/python3.8/site-packages/airflow/example_dags/example_dynamic_task_mapping_with_no_taskflow_operators.py
[2023-12-06T09:45:55.190+0000] {processor.py:839} INFO - DAG(s) dict_keys(['example_dynamic_task_mapping_with_no_taskflow_operators']) retrieved from /home/airflow/.local/lib/python3.8/site-packages/airflow/example_dags/example_dynamic_task_mapping_with_no_taskflow_operators.py
[2023-12-06T09:45:55.212+0000] {logging_mixin.py:154} INFO - [2023-12-06T09:45:55.212+0000] {dag.py:2941} INFO - Sync 1 DAGs
[2023-12-06T09:45:55.236+0000] {logging_mixin.py:154} INFO - [2023-12-06T09:45:55.235+0000] {dag.py:3722} INFO - Setting next_dagrun for example_dynamic_task_mapping_with_no_taskflow_operators to 2023-12-05T09:45:55.235542+00:00, run_after=2023-12-06T09:45:55.235542+00:00
[2023-12-06T09:45:55.253+0000] {processor.py:179} INFO - Processing /home/airflow/.local/lib/python3.8/site-packages/airflow/example_dags/example_dynamic_task_mapping_with_no_taskflow_operators.py took 0.079 seconds
[2023-12-06T09:46:25.829+0000] {processor.py:157} INFO - Started process (PID=1167) to work on /home/airflow/.local/lib/python3.8/site-packages/airflow/example_dags/example_dynamic_task_mapping_with_no_taskflow_operators.py
[2023-12-06T09:46:25.831+0000] {processor.py:829} INFO - Processing file /home/airflow/.local/lib/python3.8/site-packages/airflow/example_dags/example_dynamic_task_mapping_with_no_taskflow_operators.py for tasks to queue
[2023-12-06T09:46:25.834+0000] {logging_mixin.py:154} INFO - [2023-12-06T09:46:25.834+0000] {dagbag.py:536} INFO - Filling up the DagBag from /home/airflow/.local/lib/python3.8/site-packages/airflow/example_dags/example_dynamic_task_mapping_with_no_taskflow_operators.py
[2023-12-06T09:46:25.842+0000] {processor.py:839} INFO - DAG(s) dict_keys(['example_dynamic_task_mapping_with_no_taskflow_operators']) retrieved from /home/airflow/.local/lib/python3.8/site-packages/airflow/example_dags/example_dynamic_task_mapping_with_no_taskflow_operators.py
[2023-12-06T09:46:25.863+0000] {logging_mixin.py:154} INFO - [2023-12-06T09:46:25.863+0000] {dag.py:2941} INFO - Sync 1 DAGs
[2023-12-06T09:46:25.888+0000] {logging_mixin.py:154} INFO - [2023-12-06T09:46:25.888+0000] {dag.py:3722} INFO - Setting next_dagrun for example_dynamic_task_mapping_with_no_taskflow_operators to 2023-12-05T09:46:25.887880+00:00, run_after=2023-12-06T09:46:25.887880+00:00
[2023-12-06T09:46:25.905+0000] {processor.py:179} INFO - Processing /home/airflow/.local/lib/python3.8/site-packages/airflow/example_dags/example_dynamic_task_mapping_with_no_taskflow_operators.py took 0.080 seconds
[2023-12-06T09:46:56.183+0000] {processor.py:157} INFO - Started process (PID=1222) to work on /home/airflow/.local/lib/python3.8/site-packages/airflow/example_dags/example_dynamic_task_mapping_with_no_taskflow_operators.py
[2023-12-06T09:46:56.184+0000] {processor.py:829} INFO - Processing file /home/airflow/.local/lib/python3.8/site-packages/airflow/example_dags/example_dynamic_task_mapping_with_no_taskflow_operators.py for tasks to queue
[2023-12-06T09:46:56.187+0000] {logging_mixin.py:154} INFO - [2023-12-06T09:46:56.187+0000] {dagbag.py:536} INFO - Filling up the DagBag from /home/airflow/.local/lib/python3.8/site-packages/airflow/example_dags/example_dynamic_task_mapping_with_no_taskflow_operators.py
[2023-12-06T09:46:56.194+0000] {processor.py:839} INFO - DAG(s) dict_keys(['example_dynamic_task_mapping_with_no_taskflow_operators']) retrieved from /home/airflow/.local/lib/python3.8/site-packages/airflow/example_dags/example_dynamic_task_mapping_with_no_taskflow_operators.py
[2023-12-06T09:46:56.214+0000] {logging_mixin.py:154} INFO - [2023-12-06T09:46:56.214+0000] {dag.py:2941} INFO - Sync 1 DAGs
[2023-12-06T09:46:56.237+0000] {logging_mixin.py:154} INFO - [2023-12-06T09:46:56.237+0000] {dag.py:3722} INFO - Setting next_dagrun for example_dynamic_task_mapping_with_no_taskflow_operators to 2023-12-05T09:46:56.236998+00:00, run_after=2023-12-06T09:46:56.236998+00:00
[2023-12-06T09:46:56.254+0000] {processor.py:179} INFO - Processing /home/airflow/.local/lib/python3.8/site-packages/airflow/example_dags/example_dynamic_task_mapping_with_no_taskflow_operators.py took 0.075 seconds
[2023-12-06T09:47:26.491+0000] {processor.py:157} INFO - Started process (PID=1278) to work on /home/airflow/.local/lib/python3.8/site-packages/airflow/example_dags/example_dynamic_task_mapping_with_no_taskflow_operators.py
[2023-12-06T09:47:26.493+0000] {processor.py:829} INFO - Processing file /home/airflow/.local/lib/python3.8/site-packages/airflow/example_dags/example_dynamic_task_mapping_with_no_taskflow_operators.py for tasks to queue
[2023-12-06T09:47:26.494+0000] {logging_mixin.py:154} INFO - [2023-12-06T09:47:26.494+0000] {dagbag.py:536} INFO - Filling up the DagBag from /home/airflow/.local/lib/python3.8/site-packages/airflow/example_dags/example_dynamic_task_mapping_with_no_taskflow_operators.py
[2023-12-06T09:47:26.503+0000] {processor.py:839} INFO - DAG(s) dict_keys(['example_dynamic_task_mapping_with_no_taskflow_operators']) retrieved from /home/airflow/.local/lib/python3.8/site-packages/airflow/example_dags/example_dynamic_task_mapping_with_no_taskflow_operators.py
[2023-12-06T09:47:26.524+0000] {logging_mixin.py:154} INFO - [2023-12-06T09:47:26.524+0000] {dag.py:2941} INFO - Sync 1 DAGs
[2023-12-06T09:47:26.548+0000] {logging_mixin.py:154} INFO - [2023-12-06T09:47:26.547+0000] {dag.py:3722} INFO - Setting next_dagrun for example_dynamic_task_mapping_with_no_taskflow_operators to 2023-12-05T09:47:26.547605+00:00, run_after=2023-12-06T09:47:26.547605+00:00
[2023-12-06T09:47:26.563+0000] {processor.py:179} INFO - Processing /home/airflow/.local/lib/python3.8/site-packages/airflow/example_dags/example_dynamic_task_mapping_with_no_taskflow_operators.py took 0.076 seconds
[2023-12-06T09:47:57.122+0000] {processor.py:157} INFO - Started process (PID=1336) to work on /home/airflow/.local/lib/python3.8/site-packages/airflow/example_dags/example_dynamic_task_mapping_with_no_taskflow_operators.py
[2023-12-06T09:47:57.124+0000] {processor.py:829} INFO - Processing file /home/airflow/.local/lib/python3.8/site-packages/airflow/example_dags/example_dynamic_task_mapping_with_no_taskflow_operators.py for tasks to queue
[2023-12-06T09:47:57.125+0000] {logging_mixin.py:154} INFO - [2023-12-06T09:47:57.125+0000] {dagbag.py:536} INFO - Filling up the DagBag from /home/airflow/.local/lib/python3.8/site-packages/airflow/example_dags/example_dynamic_task_mapping_with_no_taskflow_operators.py
[2023-12-06T09:47:57.135+0000] {processor.py:839} INFO - DAG(s) dict_keys(['example_dynamic_task_mapping_with_no_taskflow_operators']) retrieved from /home/airflow/.local/lib/python3.8/site-packages/airflow/example_dags/example_dynamic_task_mapping_with_no_taskflow_operators.py
[2023-12-06T09:47:57.156+0000] {logging_mixin.py:154} INFO - [2023-12-06T09:47:57.156+0000] {dag.py:2941} INFO - Sync 1 DAGs
[2023-12-06T09:47:57.180+0000] {logging_mixin.py:154} INFO - [2023-12-06T09:47:57.180+0000] {dag.py:3722} INFO - Setting next_dagrun for example_dynamic_task_mapping_with_no_taskflow_operators to 2023-12-05T09:47:57.179934+00:00, run_after=2023-12-06T09:47:57.179934+00:00
[2023-12-06T09:47:57.197+0000] {processor.py:179} INFO - Processing /home/airflow/.local/lib/python3.8/site-packages/airflow/example_dags/example_dynamic_task_mapping_with_no_taskflow_operators.py took 0.080 seconds
[2023-12-06T09:48:28.940+0000] {processor.py:157} INFO - Started process (PID=1405) to work on /home/airflow/.local/lib/python3.8/site-packages/airflow/example_dags/example_dynamic_task_mapping_with_no_taskflow_operators.py
[2023-12-06T09:48:28.942+0000] {processor.py:829} INFO - Processing file /home/airflow/.local/lib/python3.8/site-packages/airflow/example_dags/example_dynamic_task_mapping_with_no_taskflow_operators.py for tasks to queue
[2023-12-06T09:48:28.944+0000] {logging_mixin.py:154} INFO - [2023-12-06T09:48:28.944+0000] {dagbag.py:536} INFO - Filling up the DagBag from /home/airflow/.local/lib/python3.8/site-packages/airflow/example_dags/example_dynamic_task_mapping_with_no_taskflow_operators.py
[2023-12-06T09:48:28.960+0000] {processor.py:839} INFO - DAG(s) dict_keys(['example_dynamic_task_mapping_with_no_taskflow_operators']) retrieved from /home/airflow/.local/lib/python3.8/site-packages/airflow/example_dags/example_dynamic_task_mapping_with_no_taskflow_operators.py
[2023-12-06T09:48:28.990+0000] {logging_mixin.py:154} INFO - [2023-12-06T09:48:28.989+0000] {dag.py:2941} INFO - Sync 1 DAGs
[2023-12-06T09:48:29.165+0000] {logging_mixin.py:154} INFO - [2023-12-06T09:48:29.165+0000] {dag.py:3722} INFO - Setting next_dagrun for example_dynamic_task_mapping_with_no_taskflow_operators to 2023-12-05T09:48:29.164918+00:00, run_after=2023-12-06T09:48:29.164918+00:00
[2023-12-06T09:48:29.190+0000] {processor.py:179} INFO - Processing /home/airflow/.local/lib/python3.8/site-packages/airflow/example_dags/example_dynamic_task_mapping_with_no_taskflow_operators.py took 0.256 seconds
[2023-12-06T09:48:59.841+0000] {processor.py:157} INFO - Started process (PID=1461) to work on /home/airflow/.local/lib/python3.8/site-packages/airflow/example_dags/example_dynamic_task_mapping_with_no_taskflow_operators.py
[2023-12-06T09:48:59.843+0000] {processor.py:829} INFO - Processing file /home/airflow/.local/lib/python3.8/site-packages/airflow/example_dags/example_dynamic_task_mapping_with_no_taskflow_operators.py for tasks to queue
[2023-12-06T09:48:59.845+0000] {logging_mixin.py:154} INFO - [2023-12-06T09:48:59.844+0000] {dagbag.py:536} INFO - Filling up the DagBag from /home/airflow/.local/lib/python3.8/site-packages/airflow/example_dags/example_dynamic_task_mapping_with_no_taskflow_operators.py
[2023-12-06T09:48:59.853+0000] {processor.py:839} INFO - DAG(s) dict_keys(['example_dynamic_task_mapping_with_no_taskflow_operators']) retrieved from /home/airflow/.local/lib/python3.8/site-packages/airflow/example_dags/example_dynamic_task_mapping_with_no_taskflow_operators.py
[2023-12-06T09:48:59.880+0000] {logging_mixin.py:154} INFO - [2023-12-06T09:48:59.880+0000] {dag.py:2941} INFO - Sync 1 DAGs
[2023-12-06T09:48:59.903+0000] {logging_mixin.py:154} INFO - [2023-12-06T09:48:59.903+0000] {dag.py:3722} INFO - Setting next_dagrun for example_dynamic_task_mapping_with_no_taskflow_operators to 2023-12-05T09:48:59.903249+00:00, run_after=2023-12-06T09:48:59.903249+00:00
[2023-12-06T09:49:00.063+0000] {processor.py:179} INFO - Processing /home/airflow/.local/lib/python3.8/site-packages/airflow/example_dags/example_dynamic_task_mapping_with_no_taskflow_operators.py took 0.226 seconds
[2023-12-06T09:49:30.350+0000] {processor.py:157} INFO - Started process (PID=1517) to work on /home/airflow/.local/lib/python3.8/site-packages/airflow/example_dags/example_dynamic_task_mapping_with_no_taskflow_operators.py
[2023-12-06T09:49:30.352+0000] {processor.py:829} INFO - Processing file /home/airflow/.local/lib/python3.8/site-packages/airflow/example_dags/example_dynamic_task_mapping_with_no_taskflow_operators.py for tasks to queue
[2023-12-06T09:49:30.353+0000] {logging_mixin.py:154} INFO - [2023-12-06T09:49:30.353+0000] {dagbag.py:536} INFO - Filling up the DagBag from /home/airflow/.local/lib/python3.8/site-packages/airflow/example_dags/example_dynamic_task_mapping_with_no_taskflow_operators.py
[2023-12-06T09:49:30.362+0000] {processor.py:839} INFO - DAG(s) dict_keys(['example_dynamic_task_mapping_with_no_taskflow_operators']) retrieved from /home/airflow/.local/lib/python3.8/site-packages/airflow/example_dags/example_dynamic_task_mapping_with_no_taskflow_operators.py
[2023-12-06T09:49:30.385+0000] {logging_mixin.py:154} INFO - [2023-12-06T09:49:30.384+0000] {dag.py:2941} INFO - Sync 1 DAGs
[2023-12-06T09:49:30.408+0000] {logging_mixin.py:154} INFO - [2023-12-06T09:49:30.408+0000] {dag.py:3722} INFO - Setting next_dagrun for example_dynamic_task_mapping_with_no_taskflow_operators to 2023-12-05T09:49:30.407761+00:00, run_after=2023-12-06T09:49:30.407761+00:00
[2023-12-06T09:49:30.426+0000] {processor.py:179} INFO - Processing /home/airflow/.local/lib/python3.8/site-packages/airflow/example_dags/example_dynamic_task_mapping_with_no_taskflow_operators.py took 0.080 seconds
[2023-12-06T09:50:01.196+0000] {processor.py:157} INFO - Started process (PID=1573) to work on /home/airflow/.local/lib/python3.8/site-packages/airflow/example_dags/example_dynamic_task_mapping_with_no_taskflow_operators.py
[2023-12-06T09:50:01.198+0000] {processor.py:829} INFO - Processing file /home/airflow/.local/lib/python3.8/site-packages/airflow/example_dags/example_dynamic_task_mapping_with_no_taskflow_operators.py for tasks to queue
[2023-12-06T09:50:01.199+0000] {logging_mixin.py:154} INFO - [2023-12-06T09:50:01.199+0000] {dagbag.py:536} INFO - Filling up the DagBag from /home/airflow/.local/lib/python3.8/site-packages/airflow/example_dags/example_dynamic_task_mapping_with_no_taskflow_operators.py
[2023-12-06T09:50:01.208+0000] {processor.py:839} INFO - DAG(s) dict_keys(['example_dynamic_task_mapping_with_no_taskflow_operators']) retrieved from /home/airflow/.local/lib/python3.8/site-packages/airflow/example_dags/example_dynamic_task_mapping_with_no_taskflow_operators.py
[2023-12-06T09:50:01.370+0000] {logging_mixin.py:154} INFO - [2023-12-06T09:50:01.369+0000] {dag.py:2941} INFO - Sync 1 DAGs
[2023-12-06T09:50:01.394+0000] {logging_mixin.py:154} INFO - [2023-12-06T09:50:01.394+0000] {dag.py:3722} INFO - Setting next_dagrun for example_dynamic_task_mapping_with_no_taskflow_operators to 2023-12-05T09:50:01.394038+00:00, run_after=2023-12-06T09:50:01.394038+00:00
[2023-12-06T09:50:01.415+0000] {processor.py:179} INFO - Processing /home/airflow/.local/lib/python3.8/site-packages/airflow/example_dags/example_dynamic_task_mapping_with_no_taskflow_operators.py took 0.222 seconds
[2023-12-06T09:50:32.189+0000] {processor.py:157} INFO - Started process (PID=1628) to work on /home/airflow/.local/lib/python3.8/site-packages/airflow/example_dags/example_dynamic_task_mapping_with_no_taskflow_operators.py
[2023-12-06T09:50:32.191+0000] {processor.py:829} INFO - Processing file /home/airflow/.local/lib/python3.8/site-packages/airflow/example_dags/example_dynamic_task_mapping_with_no_taskflow_operators.py for tasks to queue
[2023-12-06T09:50:32.192+0000] {logging_mixin.py:154} INFO - [2023-12-06T09:50:32.192+0000] {dagbag.py:536} INFO - Filling up the DagBag from /home/airflow/.local/lib/python3.8/site-packages/airflow/example_dags/example_dynamic_task_mapping_with_no_taskflow_operators.py
[2023-12-06T09:50:32.201+0000] {processor.py:839} INFO - DAG(s) dict_keys(['example_dynamic_task_mapping_with_no_taskflow_operators']) retrieved from /home/airflow/.local/lib/python3.8/site-packages/airflow/example_dags/example_dynamic_task_mapping_with_no_taskflow_operators.py
[2023-12-06T09:50:32.224+0000] {logging_mixin.py:154} INFO - [2023-12-06T09:50:32.224+0000] {dag.py:2941} INFO - Sync 1 DAGs
[2023-12-06T09:50:32.383+0000] {logging_mixin.py:154} INFO - [2023-12-06T09:50:32.383+0000] {dag.py:3722} INFO - Setting next_dagrun for example_dynamic_task_mapping_with_no_taskflow_operators to 2023-12-05T09:50:32.383522+00:00, run_after=2023-12-06T09:50:32.383522+00:00
[2023-12-06T09:50:32.404+0000] {processor.py:179} INFO - Processing /home/airflow/.local/lib/python3.8/site-packages/airflow/example_dags/example_dynamic_task_mapping_with_no_taskflow_operators.py took 0.219 seconds
