[2023-12-06T09:36:12.451+0000] {processor.py:157} INFO - Started process (PID=42) to work on /home/airflow/.local/lib/python3.8/site-packages/airflow/example_dags/example_sla_dag.py
[2023-12-06T09:36:12.454+0000] {processor.py:829} INFO - Processing file /home/airflow/.local/lib/python3.8/site-packages/airflow/example_dags/example_sla_dag.py for tasks to queue
[2023-12-06T09:36:12.461+0000] {logging_mixin.py:154} INFO - [2023-12-06T09:36:12.460+0000] {dagbag.py:536} INFO - Filling up the DagBag from /home/airflow/.local/lib/python3.8/site-packages/airflow/example_dags/example_sla_dag.py
[2023-12-06T09:36:12.499+0000] {processor.py:839} INFO - DAG(s) dict_keys(['example_sla_dag']) retrieved from /home/airflow/.local/lib/python3.8/site-packages/airflow/example_dags/example_sla_dag.py
[2023-12-06T09:36:12.675+0000] {logging_mixin.py:154} INFO - [2023-12-06T09:36:12.675+0000] {manager.py:499} INFO - Created Permission View: %s
[2023-12-06T09:36:12.687+0000] {logging_mixin.py:154} INFO - [2023-12-06T09:36:12.687+0000] {manager.py:499} INFO - Created Permission View: %s
[2023-12-06T09:36:12.695+0000] {logging_mixin.py:154} INFO - [2023-12-06T09:36:12.695+0000] {manager.py:499} INFO - Created Permission View: %s
[2023-12-06T09:36:12.696+0000] {logging_mixin.py:154} INFO - [2023-12-06T09:36:12.696+0000] {dag.py:2941} INFO - Sync 1 DAGs
[2023-12-06T09:36:12.713+0000] {logging_mixin.py:154} INFO - [2023-12-06T09:36:12.713+0000] {dag.py:2963} INFO - Creating ORM DAG for example_sla_dag
[2023-12-06T09:36:12.735+0000] {logging_mixin.py:154} INFO - [2023-12-06T09:36:12.734+0000] {dag.py:3722} INFO - Setting next_dagrun for example_sla_dag to 2023-12-06T09:34:00+00:00, run_after=2023-12-06T09:36:00+00:00
[2023-12-06T09:36:12.753+0000] {processor.py:179} INFO - Processing /home/airflow/.local/lib/python3.8/site-packages/airflow/example_dags/example_sla_dag.py took 0.308 seconds
[2023-12-06T09:36:43.446+0000] {processor.py:157} INFO - Started process (PID=96) to work on /home/airflow/.local/lib/python3.8/site-packages/airflow/example_dags/example_sla_dag.py
[2023-12-06T09:36:43.447+0000] {processor.py:829} INFO - Processing file /home/airflow/.local/lib/python3.8/site-packages/airflow/example_dags/example_sla_dag.py for tasks to queue
[2023-12-06T09:36:43.450+0000] {logging_mixin.py:154} INFO - [2023-12-06T09:36:43.450+0000] {dagbag.py:536} INFO - Filling up the DagBag from /home/airflow/.local/lib/python3.8/site-packages/airflow/example_dags/example_sla_dag.py
[2023-12-06T09:36:43.460+0000] {processor.py:839} INFO - DAG(s) dict_keys(['example_sla_dag']) retrieved from /home/airflow/.local/lib/python3.8/site-packages/airflow/example_dags/example_sla_dag.py
[2023-12-06T09:36:43.480+0000] {logging_mixin.py:154} INFO - [2023-12-06T09:36:43.480+0000] {dag.py:2941} INFO - Sync 1 DAGs
[2023-12-06T09:36:43.506+0000] {logging_mixin.py:154} INFO - [2023-12-06T09:36:43.506+0000] {dag.py:3722} INFO - Setting next_dagrun for example_sla_dag to 2023-12-06T09:34:00+00:00, run_after=2023-12-06T09:36:00+00:00
[2023-12-06T09:36:43.522+0000] {processor.py:179} INFO - Processing /home/airflow/.local/lib/python3.8/site-packages/airflow/example_dags/example_sla_dag.py took 0.080 seconds
[2023-12-06T09:37:13.679+0000] {processor.py:157} INFO - Started process (PID=150) to work on /home/airflow/.local/lib/python3.8/site-packages/airflow/example_dags/example_sla_dag.py
[2023-12-06T09:37:13.680+0000] {processor.py:829} INFO - Processing file /home/airflow/.local/lib/python3.8/site-packages/airflow/example_dags/example_sla_dag.py for tasks to queue
[2023-12-06T09:37:13.683+0000] {logging_mixin.py:154} INFO - [2023-12-06T09:37:13.683+0000] {dagbag.py:536} INFO - Filling up the DagBag from /home/airflow/.local/lib/python3.8/site-packages/airflow/example_dags/example_sla_dag.py
[2023-12-06T09:37:13.693+0000] {processor.py:839} INFO - DAG(s) dict_keys(['example_sla_dag']) retrieved from /home/airflow/.local/lib/python3.8/site-packages/airflow/example_dags/example_sla_dag.py
[2023-12-06T09:37:13.719+0000] {logging_mixin.py:154} INFO - [2023-12-06T09:37:13.719+0000] {dag.py:2941} INFO - Sync 1 DAGs
[2023-12-06T09:37:13.747+0000] {logging_mixin.py:154} INFO - [2023-12-06T09:37:13.747+0000] {dag.py:3722} INFO - Setting next_dagrun for example_sla_dag to 2023-12-06T09:34:00+00:00, run_after=2023-12-06T09:36:00+00:00
[2023-12-06T09:37:13.774+0000] {processor.py:179} INFO - Processing /home/airflow/.local/lib/python3.8/site-packages/airflow/example_dags/example_sla_dag.py took 0.098 seconds
[2023-12-06T09:37:44.438+0000] {processor.py:157} INFO - Started process (PID=204) to work on /home/airflow/.local/lib/python3.8/site-packages/airflow/example_dags/example_sla_dag.py
[2023-12-06T09:37:44.439+0000] {processor.py:829} INFO - Processing file /home/airflow/.local/lib/python3.8/site-packages/airflow/example_dags/example_sla_dag.py for tasks to queue
[2023-12-06T09:37:44.442+0000] {logging_mixin.py:154} INFO - [2023-12-06T09:37:44.441+0000] {dagbag.py:536} INFO - Filling up the DagBag from /home/airflow/.local/lib/python3.8/site-packages/airflow/example_dags/example_sla_dag.py
[2023-12-06T09:37:44.452+0000] {processor.py:839} INFO - DAG(s) dict_keys(['example_sla_dag']) retrieved from /home/airflow/.local/lib/python3.8/site-packages/airflow/example_dags/example_sla_dag.py
[2023-12-06T09:37:44.473+0000] {logging_mixin.py:154} INFO - [2023-12-06T09:37:44.473+0000] {dag.py:2941} INFO - Sync 1 DAGs
[2023-12-06T09:37:44.500+0000] {logging_mixin.py:154} INFO - [2023-12-06T09:37:44.500+0000] {dag.py:3722} INFO - Setting next_dagrun for example_sla_dag to 2023-12-06T09:34:00+00:00, run_after=2023-12-06T09:36:00+00:00
[2023-12-06T09:37:44.519+0000] {processor.py:179} INFO - Processing /home/airflow/.local/lib/python3.8/site-packages/airflow/example_dags/example_sla_dag.py took 0.085 seconds
[2023-12-06T09:38:15.273+0000] {processor.py:157} INFO - Started process (PID=258) to work on /home/airflow/.local/lib/python3.8/site-packages/airflow/example_dags/example_sla_dag.py
[2023-12-06T09:38:15.275+0000] {processor.py:829} INFO - Processing file /home/airflow/.local/lib/python3.8/site-packages/airflow/example_dags/example_sla_dag.py for tasks to queue
[2023-12-06T09:38:15.277+0000] {logging_mixin.py:154} INFO - [2023-12-06T09:38:15.277+0000] {dagbag.py:536} INFO - Filling up the DagBag from /home/airflow/.local/lib/python3.8/site-packages/airflow/example_dags/example_sla_dag.py
[2023-12-06T09:38:15.287+0000] {processor.py:839} INFO - DAG(s) dict_keys(['example_sla_dag']) retrieved from /home/airflow/.local/lib/python3.8/site-packages/airflow/example_dags/example_sla_dag.py
[2023-12-06T09:38:15.309+0000] {logging_mixin.py:154} INFO - [2023-12-06T09:38:15.309+0000] {dag.py:2941} INFO - Sync 1 DAGs
[2023-12-06T09:38:15.334+0000] {logging_mixin.py:154} INFO - [2023-12-06T09:38:15.334+0000] {dag.py:3722} INFO - Setting next_dagrun for example_sla_dag to 2023-12-06T09:36:00+00:00, run_after=2023-12-06T09:38:00+00:00
[2023-12-06T09:38:15.351+0000] {processor.py:179} INFO - Processing /home/airflow/.local/lib/python3.8/site-packages/airflow/example_dags/example_sla_dag.py took 0.082 seconds
[2023-12-06T09:38:46.260+0000] {processor.py:157} INFO - Started process (PID=313) to work on /home/airflow/.local/lib/python3.8/site-packages/airflow/example_dags/example_sla_dag.py
[2023-12-06T09:38:46.261+0000] {processor.py:829} INFO - Processing file /home/airflow/.local/lib/python3.8/site-packages/airflow/example_dags/example_sla_dag.py for tasks to queue
[2023-12-06T09:38:46.264+0000] {logging_mixin.py:154} INFO - [2023-12-06T09:38:46.264+0000] {dagbag.py:536} INFO - Filling up the DagBag from /home/airflow/.local/lib/python3.8/site-packages/airflow/example_dags/example_sla_dag.py
[2023-12-06T09:38:46.274+0000] {processor.py:839} INFO - DAG(s) dict_keys(['example_sla_dag']) retrieved from /home/airflow/.local/lib/python3.8/site-packages/airflow/example_dags/example_sla_dag.py
[2023-12-06T09:38:46.295+0000] {logging_mixin.py:154} INFO - [2023-12-06T09:38:46.295+0000] {dag.py:2941} INFO - Sync 1 DAGs
[2023-12-06T09:38:46.333+0000] {logging_mixin.py:154} INFO - [2023-12-06T09:38:46.333+0000] {dag.py:3722} INFO - Setting next_dagrun for example_sla_dag to 2023-12-06T09:36:00+00:00, run_after=2023-12-06T09:38:00+00:00
[2023-12-06T09:38:46.353+0000] {processor.py:179} INFO - Processing /home/airflow/.local/lib/python3.8/site-packages/airflow/example_dags/example_sla_dag.py took 0.098 seconds
[2023-12-06T09:39:17.315+0000] {processor.py:157} INFO - Started process (PID=367) to work on /home/airflow/.local/lib/python3.8/site-packages/airflow/example_dags/example_sla_dag.py
[2023-12-06T09:39:17.316+0000] {processor.py:829} INFO - Processing file /home/airflow/.local/lib/python3.8/site-packages/airflow/example_dags/example_sla_dag.py for tasks to queue
[2023-12-06T09:39:17.319+0000] {logging_mixin.py:154} INFO - [2023-12-06T09:39:17.318+0000] {dagbag.py:536} INFO - Filling up the DagBag from /home/airflow/.local/lib/python3.8/site-packages/airflow/example_dags/example_sla_dag.py
[2023-12-06T09:39:17.329+0000] {processor.py:839} INFO - DAG(s) dict_keys(['example_sla_dag']) retrieved from /home/airflow/.local/lib/python3.8/site-packages/airflow/example_dags/example_sla_dag.py
[2023-12-06T09:39:17.349+0000] {logging_mixin.py:154} INFO - [2023-12-06T09:39:17.349+0000] {dag.py:2941} INFO - Sync 1 DAGs
[2023-12-06T09:39:17.376+0000] {logging_mixin.py:154} INFO - [2023-12-06T09:39:17.376+0000] {dag.py:3722} INFO - Setting next_dagrun for example_sla_dag to 2023-12-06T09:36:00+00:00, run_after=2023-12-06T09:38:00+00:00
[2023-12-06T09:39:17.393+0000] {processor.py:179} INFO - Processing /home/airflow/.local/lib/python3.8/site-packages/airflow/example_dags/example_sla_dag.py took 0.082 seconds
[2023-12-06T09:39:47.471+0000] {processor.py:157} INFO - Started process (PID=421) to work on /home/airflow/.local/lib/python3.8/site-packages/airflow/example_dags/example_sla_dag.py
[2023-12-06T09:39:47.473+0000] {processor.py:829} INFO - Processing file /home/airflow/.local/lib/python3.8/site-packages/airflow/example_dags/example_sla_dag.py for tasks to queue
[2023-12-06T09:39:47.475+0000] {logging_mixin.py:154} INFO - [2023-12-06T09:39:47.475+0000] {dagbag.py:536} INFO - Filling up the DagBag from /home/airflow/.local/lib/python3.8/site-packages/airflow/example_dags/example_sla_dag.py
[2023-12-06T09:39:47.485+0000] {processor.py:839} INFO - DAG(s) dict_keys(['example_sla_dag']) retrieved from /home/airflow/.local/lib/python3.8/site-packages/airflow/example_dags/example_sla_dag.py
[2023-12-06T09:39:47.507+0000] {logging_mixin.py:154} INFO - [2023-12-06T09:39:47.507+0000] {dag.py:2941} INFO - Sync 1 DAGs
[2023-12-06T09:39:47.532+0000] {logging_mixin.py:154} INFO - [2023-12-06T09:39:47.532+0000] {dag.py:3722} INFO - Setting next_dagrun for example_sla_dag to 2023-12-06T09:36:00+00:00, run_after=2023-12-06T09:38:00+00:00
[2023-12-06T09:39:47.549+0000] {processor.py:179} INFO - Processing /home/airflow/.local/lib/python3.8/site-packages/airflow/example_dags/example_sla_dag.py took 0.082 seconds
[2023-12-06T09:40:17.777+0000] {processor.py:157} INFO - Started process (PID=476) to work on /home/airflow/.local/lib/python3.8/site-packages/airflow/example_dags/example_sla_dag.py
[2023-12-06T09:40:17.778+0000] {processor.py:829} INFO - Processing file /home/airflow/.local/lib/python3.8/site-packages/airflow/example_dags/example_sla_dag.py for tasks to queue
[2023-12-06T09:40:17.781+0000] {logging_mixin.py:154} INFO - [2023-12-06T09:40:17.781+0000] {dagbag.py:536} INFO - Filling up the DagBag from /home/airflow/.local/lib/python3.8/site-packages/airflow/example_dags/example_sla_dag.py
[2023-12-06T09:40:17.791+0000] {processor.py:839} INFO - DAG(s) dict_keys(['example_sla_dag']) retrieved from /home/airflow/.local/lib/python3.8/site-packages/airflow/example_dags/example_sla_dag.py
[2023-12-06T09:40:17.814+0000] {logging_mixin.py:154} INFO - [2023-12-06T09:40:17.814+0000] {dag.py:2941} INFO - Sync 1 DAGs
[2023-12-06T09:40:17.850+0000] {logging_mixin.py:154} INFO - [2023-12-06T09:40:17.850+0000] {dag.py:3722} INFO - Setting next_dagrun for example_sla_dag to 2023-12-06T09:38:00+00:00, run_after=2023-12-06T09:40:00+00:00
[2023-12-06T09:40:17.871+0000] {processor.py:179} INFO - Processing /home/airflow/.local/lib/python3.8/site-packages/airflow/example_dags/example_sla_dag.py took 0.098 seconds
[2023-12-06T09:40:47.952+0000] {processor.py:157} INFO - Started process (PID=530) to work on /home/airflow/.local/lib/python3.8/site-packages/airflow/example_dags/example_sla_dag.py
[2023-12-06T09:40:47.954+0000] {processor.py:829} INFO - Processing file /home/airflow/.local/lib/python3.8/site-packages/airflow/example_dags/example_sla_dag.py for tasks to queue
[2023-12-06T09:40:47.957+0000] {logging_mixin.py:154} INFO - [2023-12-06T09:40:47.956+0000] {dagbag.py:536} INFO - Filling up the DagBag from /home/airflow/.local/lib/python3.8/site-packages/airflow/example_dags/example_sla_dag.py
[2023-12-06T09:40:47.966+0000] {processor.py:839} INFO - DAG(s) dict_keys(['example_sla_dag']) retrieved from /home/airflow/.local/lib/python3.8/site-packages/airflow/example_dags/example_sla_dag.py
[2023-12-06T09:40:47.988+0000] {logging_mixin.py:154} INFO - [2023-12-06T09:40:47.988+0000] {dag.py:2941} INFO - Sync 1 DAGs
[2023-12-06T09:40:48.014+0000] {logging_mixin.py:154} INFO - [2023-12-06T09:40:48.014+0000] {dag.py:3722} INFO - Setting next_dagrun for example_sla_dag to 2023-12-06T09:38:00+00:00, run_after=2023-12-06T09:40:00+00:00
[2023-12-06T09:40:48.032+0000] {processor.py:179} INFO - Processing /home/airflow/.local/lib/python3.8/site-packages/airflow/example_dags/example_sla_dag.py took 0.084 seconds
[2023-12-06T09:41:18.122+0000] {processor.py:157} INFO - Started process (PID=584) to work on /home/airflow/.local/lib/python3.8/site-packages/airflow/example_dags/example_sla_dag.py
[2023-12-06T09:41:18.124+0000] {processor.py:829} INFO - Processing file /home/airflow/.local/lib/python3.8/site-packages/airflow/example_dags/example_sla_dag.py for tasks to queue
[2023-12-06T09:41:18.126+0000] {logging_mixin.py:154} INFO - [2023-12-06T09:41:18.126+0000] {dagbag.py:536} INFO - Filling up the DagBag from /home/airflow/.local/lib/python3.8/site-packages/airflow/example_dags/example_sla_dag.py
[2023-12-06T09:41:18.136+0000] {processor.py:839} INFO - DAG(s) dict_keys(['example_sla_dag']) retrieved from /home/airflow/.local/lib/python3.8/site-packages/airflow/example_dags/example_sla_dag.py
[2023-12-06T09:41:18.155+0000] {logging_mixin.py:154} INFO - [2023-12-06T09:41:18.155+0000] {dag.py:2941} INFO - Sync 1 DAGs
[2023-12-06T09:41:18.181+0000] {logging_mixin.py:154} INFO - [2023-12-06T09:41:18.181+0000] {dag.py:3722} INFO - Setting next_dagrun for example_sla_dag to 2023-12-06T09:38:00+00:00, run_after=2023-12-06T09:40:00+00:00
[2023-12-06T09:41:18.199+0000] {processor.py:179} INFO - Processing /home/airflow/.local/lib/python3.8/site-packages/airflow/example_dags/example_sla_dag.py took 0.080 seconds
[2023-12-06T09:41:48.699+0000] {processor.py:157} INFO - Started process (PID=638) to work on /home/airflow/.local/lib/python3.8/site-packages/airflow/example_dags/example_sla_dag.py
[2023-12-06T09:41:48.701+0000] {processor.py:829} INFO - Processing file /home/airflow/.local/lib/python3.8/site-packages/airflow/example_dags/example_sla_dag.py for tasks to queue
[2023-12-06T09:41:48.705+0000] {logging_mixin.py:154} INFO - [2023-12-06T09:41:48.705+0000] {dagbag.py:536} INFO - Filling up the DagBag from /home/airflow/.local/lib/python3.8/site-packages/airflow/example_dags/example_sla_dag.py
[2023-12-06T09:41:48.717+0000] {processor.py:839} INFO - DAG(s) dict_keys(['example_sla_dag']) retrieved from /home/airflow/.local/lib/python3.8/site-packages/airflow/example_dags/example_sla_dag.py
[2023-12-06T09:41:48.741+0000] {logging_mixin.py:154} INFO - [2023-12-06T09:41:48.741+0000] {dag.py:2941} INFO - Sync 1 DAGs
[2023-12-06T09:41:48.768+0000] {logging_mixin.py:154} INFO - [2023-12-06T09:41:48.768+0000] {dag.py:3722} INFO - Setting next_dagrun for example_sla_dag to 2023-12-06T09:38:00+00:00, run_after=2023-12-06T09:40:00+00:00
[2023-12-06T09:41:48.786+0000] {processor.py:179} INFO - Processing /home/airflow/.local/lib/python3.8/site-packages/airflow/example_dags/example_sla_dag.py took 0.091 seconds
[2023-12-06T09:42:18.855+0000] {processor.py:157} INFO - Started process (PID=692) to work on /home/airflow/.local/lib/python3.8/site-packages/airflow/example_dags/example_sla_dag.py
[2023-12-06T09:42:18.857+0000] {processor.py:829} INFO - Processing file /home/airflow/.local/lib/python3.8/site-packages/airflow/example_dags/example_sla_dag.py for tasks to queue
[2023-12-06T09:42:18.860+0000] {logging_mixin.py:154} INFO - [2023-12-06T09:42:18.859+0000] {dagbag.py:536} INFO - Filling up the DagBag from /home/airflow/.local/lib/python3.8/site-packages/airflow/example_dags/example_sla_dag.py
[2023-12-06T09:42:18.869+0000] {processor.py:839} INFO - DAG(s) dict_keys(['example_sla_dag']) retrieved from /home/airflow/.local/lib/python3.8/site-packages/airflow/example_dags/example_sla_dag.py
[2023-12-06T09:42:18.891+0000] {logging_mixin.py:154} INFO - [2023-12-06T09:42:18.891+0000] {dag.py:2941} INFO - Sync 1 DAGs
[2023-12-06T09:42:18.923+0000] {logging_mixin.py:154} INFO - [2023-12-06T09:42:18.923+0000] {dag.py:3722} INFO - Setting next_dagrun for example_sla_dag to 2023-12-06T09:40:00+00:00, run_after=2023-12-06T09:42:00+00:00
[2023-12-06T09:42:18.940+0000] {processor.py:179} INFO - Processing /home/airflow/.local/lib/python3.8/site-packages/airflow/example_dags/example_sla_dag.py took 0.088 seconds
[2023-12-06T09:42:49.432+0000] {processor.py:157} INFO - Started process (PID=746) to work on /home/airflow/.local/lib/python3.8/site-packages/airflow/example_dags/example_sla_dag.py
[2023-12-06T09:42:49.433+0000] {processor.py:829} INFO - Processing file /home/airflow/.local/lib/python3.8/site-packages/airflow/example_dags/example_sla_dag.py for tasks to queue
[2023-12-06T09:42:49.437+0000] {logging_mixin.py:154} INFO - [2023-12-06T09:42:49.437+0000] {dagbag.py:536} INFO - Filling up the DagBag from /home/airflow/.local/lib/python3.8/site-packages/airflow/example_dags/example_sla_dag.py
[2023-12-06T09:42:49.447+0000] {processor.py:839} INFO - DAG(s) dict_keys(['example_sla_dag']) retrieved from /home/airflow/.local/lib/python3.8/site-packages/airflow/example_dags/example_sla_dag.py
[2023-12-06T09:42:49.469+0000] {logging_mixin.py:154} INFO - [2023-12-06T09:42:49.468+0000] {dag.py:2941} INFO - Sync 1 DAGs
[2023-12-06T09:42:49.496+0000] {logging_mixin.py:154} INFO - [2023-12-06T09:42:49.495+0000] {dag.py:3722} INFO - Setting next_dagrun for example_sla_dag to 2023-12-06T09:40:00+00:00, run_after=2023-12-06T09:42:00+00:00
[2023-12-06T09:42:49.541+0000] {processor.py:179} INFO - Processing /home/airflow/.local/lib/python3.8/site-packages/airflow/example_dags/example_sla_dag.py took 0.114 seconds
[2023-12-06T09:43:19.764+0000] {processor.py:157} INFO - Started process (PID=802) to work on /home/airflow/.local/lib/python3.8/site-packages/airflow/example_dags/example_sla_dag.py
[2023-12-06T09:43:19.766+0000] {processor.py:829} INFO - Processing file /home/airflow/.local/lib/python3.8/site-packages/airflow/example_dags/example_sla_dag.py for tasks to queue
[2023-12-06T09:43:19.768+0000] {logging_mixin.py:154} INFO - [2023-12-06T09:43:19.768+0000] {dagbag.py:536} INFO - Filling up the DagBag from /home/airflow/.local/lib/python3.8/site-packages/airflow/example_dags/example_sla_dag.py
[2023-12-06T09:43:19.778+0000] {processor.py:839} INFO - DAG(s) dict_keys(['example_sla_dag']) retrieved from /home/airflow/.local/lib/python3.8/site-packages/airflow/example_dags/example_sla_dag.py
[2023-12-06T09:43:19.800+0000] {logging_mixin.py:154} INFO - [2023-12-06T09:43:19.799+0000] {dag.py:2941} INFO - Sync 1 DAGs
[2023-12-06T09:43:19.825+0000] {logging_mixin.py:154} INFO - [2023-12-06T09:43:19.824+0000] {dag.py:3722} INFO - Setting next_dagrun for example_sla_dag to 2023-12-06T09:40:00+00:00, run_after=2023-12-06T09:42:00+00:00
[2023-12-06T09:43:19.842+0000] {processor.py:179} INFO - Processing /home/airflow/.local/lib/python3.8/site-packages/airflow/example_dags/example_sla_dag.py took 0.082 seconds
[2023-12-06T09:43:50.725+0000] {processor.py:157} INFO - Started process (PID=855) to work on /home/airflow/.local/lib/python3.8/site-packages/airflow/example_dags/example_sla_dag.py
[2023-12-06T09:43:50.727+0000] {processor.py:829} INFO - Processing file /home/airflow/.local/lib/python3.8/site-packages/airflow/example_dags/example_sla_dag.py for tasks to queue
[2023-12-06T09:43:50.730+0000] {logging_mixin.py:154} INFO - [2023-12-06T09:43:50.730+0000] {dagbag.py:536} INFO - Filling up the DagBag from /home/airflow/.local/lib/python3.8/site-packages/airflow/example_dags/example_sla_dag.py
[2023-12-06T09:43:50.741+0000] {processor.py:839} INFO - DAG(s) dict_keys(['example_sla_dag']) retrieved from /home/airflow/.local/lib/python3.8/site-packages/airflow/example_dags/example_sla_dag.py
[2023-12-06T09:43:50.763+0000] {logging_mixin.py:154} INFO - [2023-12-06T09:43:50.762+0000] {dag.py:2941} INFO - Sync 1 DAGs
[2023-12-06T09:43:50.789+0000] {logging_mixin.py:154} INFO - [2023-12-06T09:43:50.789+0000] {dag.py:3722} INFO - Setting next_dagrun for example_sla_dag to 2023-12-06T09:40:00+00:00, run_after=2023-12-06T09:42:00+00:00
[2023-12-06T09:43:50.809+0000] {processor.py:179} INFO - Processing /home/airflow/.local/lib/python3.8/site-packages/airflow/example_dags/example_sla_dag.py took 0.088 seconds
[2023-12-06T09:44:20.870+0000] {processor.py:157} INFO - Started process (PID=909) to work on /home/airflow/.local/lib/python3.8/site-packages/airflow/example_dags/example_sla_dag.py
[2023-12-06T09:44:20.872+0000] {processor.py:829} INFO - Processing file /home/airflow/.local/lib/python3.8/site-packages/airflow/example_dags/example_sla_dag.py for tasks to queue
[2023-12-06T09:44:20.875+0000] {logging_mixin.py:154} INFO - [2023-12-06T09:44:20.874+0000] {dagbag.py:536} INFO - Filling up the DagBag from /home/airflow/.local/lib/python3.8/site-packages/airflow/example_dags/example_sla_dag.py
[2023-12-06T09:44:20.884+0000] {processor.py:839} INFO - DAG(s) dict_keys(['example_sla_dag']) retrieved from /home/airflow/.local/lib/python3.8/site-packages/airflow/example_dags/example_sla_dag.py
[2023-12-06T09:44:20.905+0000] {logging_mixin.py:154} INFO - [2023-12-06T09:44:20.905+0000] {dag.py:2941} INFO - Sync 1 DAGs
[2023-12-06T09:44:20.931+0000] {logging_mixin.py:154} INFO - [2023-12-06T09:44:20.931+0000] {dag.py:3722} INFO - Setting next_dagrun for example_sla_dag to 2023-12-06T09:42:00+00:00, run_after=2023-12-06T09:44:00+00:00
[2023-12-06T09:44:20.949+0000] {processor.py:179} INFO - Processing /home/airflow/.local/lib/python3.8/site-packages/airflow/example_dags/example_sla_dag.py took 0.083 seconds
[2023-12-06T09:44:51.129+0000] {processor.py:157} INFO - Started process (PID=963) to work on /home/airflow/.local/lib/python3.8/site-packages/airflow/example_dags/example_sla_dag.py
[2023-12-06T09:44:51.130+0000] {processor.py:829} INFO - Processing file /home/airflow/.local/lib/python3.8/site-packages/airflow/example_dags/example_sla_dag.py for tasks to queue
[2023-12-06T09:44:51.133+0000] {logging_mixin.py:154} INFO - [2023-12-06T09:44:51.133+0000] {dagbag.py:536} INFO - Filling up the DagBag from /home/airflow/.local/lib/python3.8/site-packages/airflow/example_dags/example_sla_dag.py
[2023-12-06T09:44:51.142+0000] {processor.py:839} INFO - DAG(s) dict_keys(['example_sla_dag']) retrieved from /home/airflow/.local/lib/python3.8/site-packages/airflow/example_dags/example_sla_dag.py
[2023-12-06T09:44:51.164+0000] {logging_mixin.py:154} INFO - [2023-12-06T09:44:51.164+0000] {dag.py:2941} INFO - Sync 1 DAGs
[2023-12-06T09:44:51.189+0000] {logging_mixin.py:154} INFO - [2023-12-06T09:44:51.189+0000] {dag.py:3722} INFO - Setting next_dagrun for example_sla_dag to 2023-12-06T09:42:00+00:00, run_after=2023-12-06T09:44:00+00:00
[2023-12-06T09:44:51.206+0000] {processor.py:179} INFO - Processing /home/airflow/.local/lib/python3.8/site-packages/airflow/example_dags/example_sla_dag.py took 0.081 seconds
[2023-12-06T09:45:21.329+0000] {processor.py:157} INFO - Started process (PID=1017) to work on /home/airflow/.local/lib/python3.8/site-packages/airflow/example_dags/example_sla_dag.py
[2023-12-06T09:45:21.331+0000] {processor.py:829} INFO - Processing file /home/airflow/.local/lib/python3.8/site-packages/airflow/example_dags/example_sla_dag.py for tasks to queue
[2023-12-06T09:45:21.336+0000] {logging_mixin.py:154} INFO - [2023-12-06T09:45:21.336+0000] {dagbag.py:536} INFO - Filling up the DagBag from /home/airflow/.local/lib/python3.8/site-packages/airflow/example_dags/example_sla_dag.py
[2023-12-06T09:45:21.345+0000] {processor.py:839} INFO - DAG(s) dict_keys(['example_sla_dag']) retrieved from /home/airflow/.local/lib/python3.8/site-packages/airflow/example_dags/example_sla_dag.py
[2023-12-06T09:45:21.368+0000] {logging_mixin.py:154} INFO - [2023-12-06T09:45:21.368+0000] {dag.py:2941} INFO - Sync 1 DAGs
[2023-12-06T09:45:21.400+0000] {logging_mixin.py:154} INFO - [2023-12-06T09:45:21.400+0000] {dag.py:3722} INFO - Setting next_dagrun for example_sla_dag to 2023-12-06T09:42:00+00:00, run_after=2023-12-06T09:44:00+00:00
[2023-12-06T09:45:21.418+0000] {processor.py:179} INFO - Processing /home/airflow/.local/lib/python3.8/site-packages/airflow/example_dags/example_sla_dag.py took 0.095 seconds
[2023-12-06T09:45:51.550+0000] {processor.py:157} INFO - Started process (PID=1083) to work on /home/airflow/.local/lib/python3.8/site-packages/airflow/example_dags/example_sla_dag.py
[2023-12-06T09:45:51.552+0000] {processor.py:829} INFO - Processing file /home/airflow/.local/lib/python3.8/site-packages/airflow/example_dags/example_sla_dag.py for tasks to queue
[2023-12-06T09:45:51.555+0000] {logging_mixin.py:154} INFO - [2023-12-06T09:45:51.554+0000] {dagbag.py:536} INFO - Filling up the DagBag from /home/airflow/.local/lib/python3.8/site-packages/airflow/example_dags/example_sla_dag.py
[2023-12-06T09:45:51.565+0000] {processor.py:839} INFO - DAG(s) dict_keys(['example_sla_dag']) retrieved from /home/airflow/.local/lib/python3.8/site-packages/airflow/example_dags/example_sla_dag.py
[2023-12-06T09:45:51.589+0000] {logging_mixin.py:154} INFO - [2023-12-06T09:45:51.589+0000] {dag.py:2941} INFO - Sync 1 DAGs
[2023-12-06T09:45:51.616+0000] {logging_mixin.py:154} INFO - [2023-12-06T09:45:51.616+0000] {dag.py:3722} INFO - Setting next_dagrun for example_sla_dag to 2023-12-06T09:42:00+00:00, run_after=2023-12-06T09:44:00+00:00
[2023-12-06T09:45:51.637+0000] {processor.py:179} INFO - Processing /home/airflow/.local/lib/python3.8/site-packages/airflow/example_dags/example_sla_dag.py took 0.091 seconds
[2023-12-06T09:46:21.757+0000] {processor.py:157} INFO - Started process (PID=1140) to work on /home/airflow/.local/lib/python3.8/site-packages/airflow/example_dags/example_sla_dag.py
[2023-12-06T09:46:21.759+0000] {processor.py:829} INFO - Processing file /home/airflow/.local/lib/python3.8/site-packages/airflow/example_dags/example_sla_dag.py for tasks to queue
[2023-12-06T09:46:21.761+0000] {logging_mixin.py:154} INFO - [2023-12-06T09:46:21.761+0000] {dagbag.py:536} INFO - Filling up the DagBag from /home/airflow/.local/lib/python3.8/site-packages/airflow/example_dags/example_sla_dag.py
[2023-12-06T09:46:21.772+0000] {processor.py:839} INFO - DAG(s) dict_keys(['example_sla_dag']) retrieved from /home/airflow/.local/lib/python3.8/site-packages/airflow/example_dags/example_sla_dag.py
[2023-12-06T09:46:21.794+0000] {logging_mixin.py:154} INFO - [2023-12-06T09:46:21.793+0000] {dag.py:2941} INFO - Sync 1 DAGs
[2023-12-06T09:46:21.821+0000] {logging_mixin.py:154} INFO - [2023-12-06T09:46:21.821+0000] {dag.py:3722} INFO - Setting next_dagrun for example_sla_dag to 2023-12-06T09:44:00+00:00, run_after=2023-12-06T09:46:00+00:00
[2023-12-06T09:46:21.839+0000] {processor.py:179} INFO - Processing /home/airflow/.local/lib/python3.8/site-packages/airflow/example_dags/example_sla_dag.py took 0.086 seconds
[2023-12-06T09:46:52.353+0000] {processor.py:157} INFO - Started process (PID=1195) to work on /home/airflow/.local/lib/python3.8/site-packages/airflow/example_dags/example_sla_dag.py
[2023-12-06T09:46:52.355+0000] {processor.py:829} INFO - Processing file /home/airflow/.local/lib/python3.8/site-packages/airflow/example_dags/example_sla_dag.py for tasks to queue
[2023-12-06T09:46:52.358+0000] {logging_mixin.py:154} INFO - [2023-12-06T09:46:52.358+0000] {dagbag.py:536} INFO - Filling up the DagBag from /home/airflow/.local/lib/python3.8/site-packages/airflow/example_dags/example_sla_dag.py
[2023-12-06T09:46:52.370+0000] {processor.py:839} INFO - DAG(s) dict_keys(['example_sla_dag']) retrieved from /home/airflow/.local/lib/python3.8/site-packages/airflow/example_dags/example_sla_dag.py
[2023-12-06T09:46:52.395+0000] {logging_mixin.py:154} INFO - [2023-12-06T09:46:52.395+0000] {dag.py:2941} INFO - Sync 1 DAGs
[2023-12-06T09:46:52.427+0000] {logging_mixin.py:154} INFO - [2023-12-06T09:46:52.426+0000] {dag.py:3722} INFO - Setting next_dagrun for example_sla_dag to 2023-12-06T09:44:00+00:00, run_after=2023-12-06T09:46:00+00:00
[2023-12-06T09:46:52.449+0000] {processor.py:179} INFO - Processing /home/airflow/.local/lib/python3.8/site-packages/airflow/example_dags/example_sla_dag.py took 0.099 seconds
[2023-12-06T09:47:22.730+0000] {processor.py:157} INFO - Started process (PID=1251) to work on /home/airflow/.local/lib/python3.8/site-packages/airflow/example_dags/example_sla_dag.py
[2023-12-06T09:47:22.732+0000] {processor.py:829} INFO - Processing file /home/airflow/.local/lib/python3.8/site-packages/airflow/example_dags/example_sla_dag.py for tasks to queue
[2023-12-06T09:47:22.733+0000] {logging_mixin.py:154} INFO - [2023-12-06T09:47:22.733+0000] {dagbag.py:536} INFO - Filling up the DagBag from /home/airflow/.local/lib/python3.8/site-packages/airflow/example_dags/example_sla_dag.py
[2023-12-06T09:47:22.743+0000] {processor.py:839} INFO - DAG(s) dict_keys(['example_sla_dag']) retrieved from /home/airflow/.local/lib/python3.8/site-packages/airflow/example_dags/example_sla_dag.py
[2023-12-06T09:47:22.766+0000] {logging_mixin.py:154} INFO - [2023-12-06T09:47:22.765+0000] {dag.py:2941} INFO - Sync 1 DAGs
[2023-12-06T09:47:22.793+0000] {logging_mixin.py:154} INFO - [2023-12-06T09:47:22.792+0000] {dag.py:3722} INFO - Setting next_dagrun for example_sla_dag to 2023-12-06T09:44:00+00:00, run_after=2023-12-06T09:46:00+00:00
[2023-12-06T09:47:22.809+0000] {processor.py:179} INFO - Processing /home/airflow/.local/lib/python3.8/site-packages/airflow/example_dags/example_sla_dag.py took 0.082 seconds
[2023-12-06T09:47:53.490+0000] {processor.py:157} INFO - Started process (PID=1309) to work on /home/airflow/.local/lib/python3.8/site-packages/airflow/example_dags/example_sla_dag.py
[2023-12-06T09:47:53.492+0000] {processor.py:829} INFO - Processing file /home/airflow/.local/lib/python3.8/site-packages/airflow/example_dags/example_sla_dag.py for tasks to queue
[2023-12-06T09:47:53.493+0000] {logging_mixin.py:154} INFO - [2023-12-06T09:47:53.493+0000] {dagbag.py:536} INFO - Filling up the DagBag from /home/airflow/.local/lib/python3.8/site-packages/airflow/example_dags/example_sla_dag.py
[2023-12-06T09:47:53.504+0000] {processor.py:839} INFO - DAG(s) dict_keys(['example_sla_dag']) retrieved from /home/airflow/.local/lib/python3.8/site-packages/airflow/example_dags/example_sla_dag.py
[2023-12-06T09:47:53.527+0000] {logging_mixin.py:154} INFO - [2023-12-06T09:47:53.527+0000] {dag.py:2941} INFO - Sync 1 DAGs
[2023-12-06T09:47:53.694+0000] {logging_mixin.py:154} INFO - [2023-12-06T09:47:53.694+0000] {dag.py:3722} INFO - Setting next_dagrun for example_sla_dag to 2023-12-06T09:44:00+00:00, run_after=2023-12-06T09:46:00+00:00
[2023-12-06T09:47:53.717+0000] {processor.py:179} INFO - Processing /home/airflow/.local/lib/python3.8/site-packages/airflow/example_dags/example_sla_dag.py took 0.231 seconds
[2023-12-06T09:48:24.606+0000] {processor.py:157} INFO - Started process (PID=1370) to work on /home/airflow/.local/lib/python3.8/site-packages/airflow/example_dags/example_sla_dag.py
[2023-12-06T09:48:24.608+0000] {processor.py:829} INFO - Processing file /home/airflow/.local/lib/python3.8/site-packages/airflow/example_dags/example_sla_dag.py for tasks to queue
[2023-12-06T09:48:24.610+0000] {logging_mixin.py:154} INFO - [2023-12-06T09:48:24.609+0000] {dagbag.py:536} INFO - Filling up the DagBag from /home/airflow/.local/lib/python3.8/site-packages/airflow/example_dags/example_sla_dag.py
[2023-12-06T09:48:24.625+0000] {processor.py:839} INFO - DAG(s) dict_keys(['example_sla_dag']) retrieved from /home/airflow/.local/lib/python3.8/site-packages/airflow/example_dags/example_sla_dag.py
[2023-12-06T09:48:24.691+0000] {logging_mixin.py:154} INFO - [2023-12-06T09:48:24.691+0000] {dag.py:2941} INFO - Sync 1 DAGs
[2023-12-06T09:48:24.759+0000] {logging_mixin.py:154} INFO - [2023-12-06T09:48:24.759+0000] {dag.py:3722} INFO - Setting next_dagrun for example_sla_dag to 2023-12-06T09:46:00+00:00, run_after=2023-12-06T09:48:00+00:00
[2023-12-06T09:48:24.827+0000] {processor.py:179} INFO - Processing /home/airflow/.local/lib/python3.8/site-packages/airflow/example_dags/example_sla_dag.py took 0.225 seconds
[2023-12-06T09:48:55.365+0000] {processor.py:157} INFO - Started process (PID=1426) to work on /home/airflow/.local/lib/python3.8/site-packages/airflow/example_dags/example_sla_dag.py
[2023-12-06T09:48:55.366+0000] {processor.py:829} INFO - Processing file /home/airflow/.local/lib/python3.8/site-packages/airflow/example_dags/example_sla_dag.py for tasks to queue
[2023-12-06T09:48:55.368+0000] {logging_mixin.py:154} INFO - [2023-12-06T09:48:55.367+0000] {dagbag.py:536} INFO - Filling up the DagBag from /home/airflow/.local/lib/python3.8/site-packages/airflow/example_dags/example_sla_dag.py
[2023-12-06T09:48:55.379+0000] {processor.py:839} INFO - DAG(s) dict_keys(['example_sla_dag']) retrieved from /home/airflow/.local/lib/python3.8/site-packages/airflow/example_dags/example_sla_dag.py
[2023-12-06T09:48:55.402+0000] {logging_mixin.py:154} INFO - [2023-12-06T09:48:55.402+0000] {dag.py:2941} INFO - Sync 1 DAGs
[2023-12-06T09:48:55.428+0000] {logging_mixin.py:154} INFO - [2023-12-06T09:48:55.428+0000] {dag.py:3722} INFO - Setting next_dagrun for example_sla_dag to 2023-12-06T09:46:00+00:00, run_after=2023-12-06T09:48:00+00:00
[2023-12-06T09:48:55.445+0000] {processor.py:179} INFO - Processing /home/airflow/.local/lib/python3.8/site-packages/airflow/example_dags/example_sla_dag.py took 0.085 seconds
[2023-12-06T09:49:26.366+0000] {processor.py:157} INFO - Started process (PID=1482) to work on /home/airflow/.local/lib/python3.8/site-packages/airflow/example_dags/example_sla_dag.py
[2023-12-06T09:49:26.367+0000] {processor.py:829} INFO - Processing file /home/airflow/.local/lib/python3.8/site-packages/airflow/example_dags/example_sla_dag.py for tasks to queue
[2023-12-06T09:49:26.369+0000] {logging_mixin.py:154} INFO - [2023-12-06T09:49:26.368+0000] {dagbag.py:536} INFO - Filling up the DagBag from /home/airflow/.local/lib/python3.8/site-packages/airflow/example_dags/example_sla_dag.py
[2023-12-06T09:49:26.381+0000] {processor.py:839} INFO - DAG(s) dict_keys(['example_sla_dag']) retrieved from /home/airflow/.local/lib/python3.8/site-packages/airflow/example_dags/example_sla_dag.py
[2023-12-06T09:49:26.416+0000] {logging_mixin.py:154} INFO - [2023-12-06T09:49:26.416+0000] {dag.py:2941} INFO - Sync 1 DAGs
[2023-12-06T09:49:26.591+0000] {logging_mixin.py:154} INFO - [2023-12-06T09:49:26.591+0000] {dag.py:3722} INFO - Setting next_dagrun for example_sla_dag to 2023-12-06T09:46:00+00:00, run_after=2023-12-06T09:48:00+00:00
[2023-12-06T09:49:26.615+0000] {processor.py:179} INFO - Processing /home/airflow/.local/lib/python3.8/site-packages/airflow/example_dags/example_sla_dag.py took 0.254 seconds
[2023-12-06T09:49:56.724+0000] {processor.py:157} INFO - Started process (PID=1538) to work on /home/airflow/.local/lib/python3.8/site-packages/airflow/example_dags/example_sla_dag.py
[2023-12-06T09:49:56.725+0000] {processor.py:829} INFO - Processing file /home/airflow/.local/lib/python3.8/site-packages/airflow/example_dags/example_sla_dag.py for tasks to queue
[2023-12-06T09:49:56.726+0000] {logging_mixin.py:154} INFO - [2023-12-06T09:49:56.726+0000] {dagbag.py:536} INFO - Filling up the DagBag from /home/airflow/.local/lib/python3.8/site-packages/airflow/example_dags/example_sla_dag.py
[2023-12-06T09:49:56.736+0000] {processor.py:839} INFO - DAG(s) dict_keys(['example_sla_dag']) retrieved from /home/airflow/.local/lib/python3.8/site-packages/airflow/example_dags/example_sla_dag.py
[2023-12-06T09:49:56.762+0000] {logging_mixin.py:154} INFO - [2023-12-06T09:49:56.762+0000] {dag.py:2941} INFO - Sync 1 DAGs
[2023-12-06T09:49:56.931+0000] {logging_mixin.py:154} INFO - [2023-12-06T09:49:56.931+0000] {dag.py:3722} INFO - Setting next_dagrun for example_sla_dag to 2023-12-06T09:46:00+00:00, run_after=2023-12-06T09:48:00+00:00
[2023-12-06T09:49:56.960+0000] {processor.py:179} INFO - Processing /home/airflow/.local/lib/python3.8/site-packages/airflow/example_dags/example_sla_dag.py took 0.240 seconds
[2023-12-06T09:50:27.242+0000] {processor.py:157} INFO - Started process (PID=1594) to work on /home/airflow/.local/lib/python3.8/site-packages/airflow/example_dags/example_sla_dag.py
[2023-12-06T09:50:27.243+0000] {processor.py:829} INFO - Processing file /home/airflow/.local/lib/python3.8/site-packages/airflow/example_dags/example_sla_dag.py for tasks to queue
[2023-12-06T09:50:27.245+0000] {logging_mixin.py:154} INFO - [2023-12-06T09:50:27.244+0000] {dagbag.py:536} INFO - Filling up the DagBag from /home/airflow/.local/lib/python3.8/site-packages/airflow/example_dags/example_sla_dag.py
[2023-12-06T09:50:27.256+0000] {processor.py:839} INFO - DAG(s) dict_keys(['example_sla_dag']) retrieved from /home/airflow/.local/lib/python3.8/site-packages/airflow/example_dags/example_sla_dag.py
[2023-12-06T09:50:27.280+0000] {logging_mixin.py:154} INFO - [2023-12-06T09:50:27.280+0000] {dag.py:2941} INFO - Sync 1 DAGs
[2023-12-06T09:50:27.307+0000] {logging_mixin.py:154} INFO - [2023-12-06T09:50:27.307+0000] {dag.py:3722} INFO - Setting next_dagrun for example_sla_dag to 2023-12-06T09:48:00+00:00, run_after=2023-12-06T09:50:00+00:00
[2023-12-06T09:50:27.325+0000] {processor.py:179} INFO - Processing /home/airflow/.local/lib/python3.8/site-packages/airflow/example_dags/example_sla_dag.py took 0.088 seconds
