[2023-12-06T09:36:14.632+0000] {processor.py:157} INFO - Started process (PID=53) to work on /home/airflow/.local/lib/python3.8/site-packages/airflow/example_dags/example_branch_operator.py
[2023-12-06T09:36:14.634+0000] {processor.py:829} INFO - Processing file /home/airflow/.local/lib/python3.8/site-packages/airflow/example_dags/example_branch_operator.py for tasks to queue
[2023-12-06T09:36:14.637+0000] {logging_mixin.py:154} INFO - [2023-12-06T09:36:14.637+0000] {dagbag.py:536} INFO - Filling up the DagBag from /home/airflow/.local/lib/python3.8/site-packages/airflow/example_dags/example_branch_operator.py
[2023-12-06T09:36:14.658+0000] {processor.py:839} INFO - DAG(s) dict_keys(['example_branch_operator']) retrieved from /home/airflow/.local/lib/python3.8/site-packages/airflow/example_dags/example_branch_operator.py
[2023-12-06T09:36:14.828+0000] {logging_mixin.py:154} INFO - [2023-12-06T09:36:14.828+0000] {manager.py:499} INFO - Created Permission View: %s
[2023-12-06T09:36:14.839+0000] {logging_mixin.py:154} INFO - [2023-12-06T09:36:14.839+0000] {manager.py:499} INFO - Created Permission View: %s
[2023-12-06T09:36:14.847+0000] {logging_mixin.py:154} INFO - [2023-12-06T09:36:14.847+0000] {manager.py:499} INFO - Created Permission View: %s
[2023-12-06T09:36:14.848+0000] {logging_mixin.py:154} INFO - [2023-12-06T09:36:14.848+0000] {dag.py:2941} INFO - Sync 1 DAGs
[2023-12-06T09:36:14.866+0000] {logging_mixin.py:154} INFO - [2023-12-06T09:36:14.865+0000] {dag.py:2963} INFO - Creating ORM DAG for example_branch_operator
[2023-12-06T09:36:14.880+0000] {logging_mixin.py:154} INFO - [2023-12-06T09:36:14.879+0000] {dag.py:3722} INFO - Setting next_dagrun for example_branch_operator to 2023-12-05T00:00:00+00:00, run_after=2023-12-06T00:00:00+00:00
[2023-12-06T09:36:14.902+0000] {processor.py:179} INFO - Processing /home/airflow/.local/lib/python3.8/site-packages/airflow/example_dags/example_branch_operator.py took 0.273 seconds
[2023-12-06T09:36:45.064+0000] {processor.py:157} INFO - Started process (PID=107) to work on /home/airflow/.local/lib/python3.8/site-packages/airflow/example_dags/example_branch_operator.py
[2023-12-06T09:36:45.066+0000] {processor.py:829} INFO - Processing file /home/airflow/.local/lib/python3.8/site-packages/airflow/example_dags/example_branch_operator.py for tasks to queue
[2023-12-06T09:36:45.069+0000] {logging_mixin.py:154} INFO - [2023-12-06T09:36:45.068+0000] {dagbag.py:536} INFO - Filling up the DagBag from /home/airflow/.local/lib/python3.8/site-packages/airflow/example_dags/example_branch_operator.py
[2023-12-06T09:36:45.079+0000] {processor.py:839} INFO - DAG(s) dict_keys(['example_branch_operator']) retrieved from /home/airflow/.local/lib/python3.8/site-packages/airflow/example_dags/example_branch_operator.py
[2023-12-06T09:36:45.102+0000] {logging_mixin.py:154} INFO - [2023-12-06T09:36:45.102+0000] {dag.py:2941} INFO - Sync 1 DAGs
[2023-12-06T09:36:45.128+0000] {logging_mixin.py:154} INFO - [2023-12-06T09:36:45.128+0000] {dag.py:3722} INFO - Setting next_dagrun for example_branch_operator to 2023-12-05T00:00:00+00:00, run_after=2023-12-06T00:00:00+00:00
[2023-12-06T09:36:45.147+0000] {processor.py:179} INFO - Processing /home/airflow/.local/lib/python3.8/site-packages/airflow/example_dags/example_branch_operator.py took 0.086 seconds
[2023-12-06T09:37:15.308+0000] {processor.py:157} INFO - Started process (PID=161) to work on /home/airflow/.local/lib/python3.8/site-packages/airflow/example_dags/example_branch_operator.py
[2023-12-06T09:37:15.309+0000] {processor.py:829} INFO - Processing file /home/airflow/.local/lib/python3.8/site-packages/airflow/example_dags/example_branch_operator.py for tasks to queue
[2023-12-06T09:37:15.312+0000] {logging_mixin.py:154} INFO - [2023-12-06T09:37:15.312+0000] {dagbag.py:536} INFO - Filling up the DagBag from /home/airflow/.local/lib/python3.8/site-packages/airflow/example_dags/example_branch_operator.py
[2023-12-06T09:37:15.322+0000] {processor.py:839} INFO - DAG(s) dict_keys(['example_branch_operator']) retrieved from /home/airflow/.local/lib/python3.8/site-packages/airflow/example_dags/example_branch_operator.py
[2023-12-06T09:37:15.346+0000] {logging_mixin.py:154} INFO - [2023-12-06T09:37:15.346+0000] {dag.py:2941} INFO - Sync 1 DAGs
[2023-12-06T09:37:15.372+0000] {logging_mixin.py:154} INFO - [2023-12-06T09:37:15.371+0000] {dag.py:3722} INFO - Setting next_dagrun for example_branch_operator to 2023-12-05T00:00:00+00:00, run_after=2023-12-06T00:00:00+00:00
[2023-12-06T09:37:15.391+0000] {processor.py:179} INFO - Processing /home/airflow/.local/lib/python3.8/site-packages/airflow/example_dags/example_branch_operator.py took 0.087 seconds
[2023-12-06T09:37:46.037+0000] {processor.py:157} INFO - Started process (PID=215) to work on /home/airflow/.local/lib/python3.8/site-packages/airflow/example_dags/example_branch_operator.py
[2023-12-06T09:37:46.039+0000] {processor.py:829} INFO - Processing file /home/airflow/.local/lib/python3.8/site-packages/airflow/example_dags/example_branch_operator.py for tasks to queue
[2023-12-06T09:37:46.042+0000] {logging_mixin.py:154} INFO - [2023-12-06T09:37:46.041+0000] {dagbag.py:536} INFO - Filling up the DagBag from /home/airflow/.local/lib/python3.8/site-packages/airflow/example_dags/example_branch_operator.py
[2023-12-06T09:37:46.052+0000] {processor.py:839} INFO - DAG(s) dict_keys(['example_branch_operator']) retrieved from /home/airflow/.local/lib/python3.8/site-packages/airflow/example_dags/example_branch_operator.py
[2023-12-06T09:37:46.077+0000] {logging_mixin.py:154} INFO - [2023-12-06T09:37:46.077+0000] {dag.py:2941} INFO - Sync 1 DAGs
[2023-12-06T09:37:46.108+0000] {logging_mixin.py:154} INFO - [2023-12-06T09:37:46.108+0000] {dag.py:3722} INFO - Setting next_dagrun for example_branch_operator to 2023-12-05T00:00:00+00:00, run_after=2023-12-06T00:00:00+00:00
[2023-12-06T09:37:46.129+0000] {processor.py:179} INFO - Processing /home/airflow/.local/lib/python3.8/site-packages/airflow/example_dags/example_branch_operator.py took 0.095 seconds
[2023-12-06T09:38:16.852+0000] {processor.py:157} INFO - Started process (PID=269) to work on /home/airflow/.local/lib/python3.8/site-packages/airflow/example_dags/example_branch_operator.py
[2023-12-06T09:38:16.854+0000] {processor.py:829} INFO - Processing file /home/airflow/.local/lib/python3.8/site-packages/airflow/example_dags/example_branch_operator.py for tasks to queue
[2023-12-06T09:38:16.856+0000] {logging_mixin.py:154} INFO - [2023-12-06T09:38:16.856+0000] {dagbag.py:536} INFO - Filling up the DagBag from /home/airflow/.local/lib/python3.8/site-packages/airflow/example_dags/example_branch_operator.py
[2023-12-06T09:38:16.868+0000] {processor.py:839} INFO - DAG(s) dict_keys(['example_branch_operator']) retrieved from /home/airflow/.local/lib/python3.8/site-packages/airflow/example_dags/example_branch_operator.py
[2023-12-06T09:38:16.892+0000] {logging_mixin.py:154} INFO - [2023-12-06T09:38:16.891+0000] {dag.py:2941} INFO - Sync 1 DAGs
[2023-12-06T09:38:16.917+0000] {logging_mixin.py:154} INFO - [2023-12-06T09:38:16.917+0000] {dag.py:3722} INFO - Setting next_dagrun for example_branch_operator to 2023-12-05T00:00:00+00:00, run_after=2023-12-06T00:00:00+00:00
[2023-12-06T09:38:16.934+0000] {processor.py:179} INFO - Processing /home/airflow/.local/lib/python3.8/site-packages/airflow/example_dags/example_branch_operator.py took 0.086 seconds
[2023-12-06T09:38:47.853+0000] {processor.py:157} INFO - Started process (PID=324) to work on /home/airflow/.local/lib/python3.8/site-packages/airflow/example_dags/example_branch_operator.py
[2023-12-06T09:38:47.856+0000] {processor.py:829} INFO - Processing file /home/airflow/.local/lib/python3.8/site-packages/airflow/example_dags/example_branch_operator.py for tasks to queue
[2023-12-06T09:38:47.860+0000] {logging_mixin.py:154} INFO - [2023-12-06T09:38:47.859+0000] {dagbag.py:536} INFO - Filling up the DagBag from /home/airflow/.local/lib/python3.8/site-packages/airflow/example_dags/example_branch_operator.py
[2023-12-06T09:38:47.870+0000] {processor.py:839} INFO - DAG(s) dict_keys(['example_branch_operator']) retrieved from /home/airflow/.local/lib/python3.8/site-packages/airflow/example_dags/example_branch_operator.py
[2023-12-06T09:38:47.894+0000] {logging_mixin.py:154} INFO - [2023-12-06T09:38:47.894+0000] {dag.py:2941} INFO - Sync 1 DAGs
[2023-12-06T09:38:47.920+0000] {logging_mixin.py:154} INFO - [2023-12-06T09:38:47.919+0000] {dag.py:3722} INFO - Setting next_dagrun for example_branch_operator to 2023-12-05T00:00:00+00:00, run_after=2023-12-06T00:00:00+00:00
[2023-12-06T09:38:47.937+0000] {processor.py:179} INFO - Processing /home/airflow/.local/lib/python3.8/site-packages/airflow/example_dags/example_branch_operator.py took 0.092 seconds
[2023-12-06T09:39:18.048+0000] {processor.py:157} INFO - Started process (PID=378) to work on /home/airflow/.local/lib/python3.8/site-packages/airflow/example_dags/example_branch_operator.py
[2023-12-06T09:39:18.049+0000] {processor.py:829} INFO - Processing file /home/airflow/.local/lib/python3.8/site-packages/airflow/example_dags/example_branch_operator.py for tasks to queue
[2023-12-06T09:39:18.052+0000] {logging_mixin.py:154} INFO - [2023-12-06T09:39:18.051+0000] {dagbag.py:536} INFO - Filling up the DagBag from /home/airflow/.local/lib/python3.8/site-packages/airflow/example_dags/example_branch_operator.py
[2023-12-06T09:39:18.062+0000] {processor.py:839} INFO - DAG(s) dict_keys(['example_branch_operator']) retrieved from /home/airflow/.local/lib/python3.8/site-packages/airflow/example_dags/example_branch_operator.py
[2023-12-06T09:39:18.086+0000] {logging_mixin.py:154} INFO - [2023-12-06T09:39:18.086+0000] {dag.py:2941} INFO - Sync 1 DAGs
[2023-12-06T09:39:18.111+0000] {logging_mixin.py:154} INFO - [2023-12-06T09:39:18.110+0000] {dag.py:3722} INFO - Setting next_dagrun for example_branch_operator to 2023-12-05T00:00:00+00:00, run_after=2023-12-06T00:00:00+00:00
[2023-12-06T09:39:18.128+0000] {processor.py:179} INFO - Processing /home/airflow/.local/lib/python3.8/site-packages/airflow/example_dags/example_branch_operator.py took 0.084 seconds
[2023-12-06T09:39:48.172+0000] {processor.py:157} INFO - Started process (PID=432) to work on /home/airflow/.local/lib/python3.8/site-packages/airflow/example_dags/example_branch_operator.py
[2023-12-06T09:39:48.173+0000] {processor.py:829} INFO - Processing file /home/airflow/.local/lib/python3.8/site-packages/airflow/example_dags/example_branch_operator.py for tasks to queue
[2023-12-06T09:39:48.176+0000] {logging_mixin.py:154} INFO - [2023-12-06T09:39:48.176+0000] {dagbag.py:536} INFO - Filling up the DagBag from /home/airflow/.local/lib/python3.8/site-packages/airflow/example_dags/example_branch_operator.py
[2023-12-06T09:39:48.186+0000] {processor.py:839} INFO - DAG(s) dict_keys(['example_branch_operator']) retrieved from /home/airflow/.local/lib/python3.8/site-packages/airflow/example_dags/example_branch_operator.py
[2023-12-06T09:39:48.208+0000] {logging_mixin.py:154} INFO - [2023-12-06T09:39:48.208+0000] {dag.py:2941} INFO - Sync 1 DAGs
[2023-12-06T09:39:48.231+0000] {logging_mixin.py:154} INFO - [2023-12-06T09:39:48.231+0000] {dag.py:3722} INFO - Setting next_dagrun for example_branch_operator to 2023-12-05T00:00:00+00:00, run_after=2023-12-06T00:00:00+00:00
[2023-12-06T09:39:48.248+0000] {processor.py:179} INFO - Processing /home/airflow/.local/lib/python3.8/site-packages/airflow/example_dags/example_branch_operator.py took 0.079 seconds
[2023-12-06T09:40:18.558+0000] {processor.py:157} INFO - Started process (PID=487) to work on /home/airflow/.local/lib/python3.8/site-packages/airflow/example_dags/example_branch_operator.py
[2023-12-06T09:40:18.560+0000] {processor.py:829} INFO - Processing file /home/airflow/.local/lib/python3.8/site-packages/airflow/example_dags/example_branch_operator.py for tasks to queue
[2023-12-06T09:40:18.562+0000] {logging_mixin.py:154} INFO - [2023-12-06T09:40:18.562+0000] {dagbag.py:536} INFO - Filling up the DagBag from /home/airflow/.local/lib/python3.8/site-packages/airflow/example_dags/example_branch_operator.py
[2023-12-06T09:40:18.574+0000] {processor.py:839} INFO - DAG(s) dict_keys(['example_branch_operator']) retrieved from /home/airflow/.local/lib/python3.8/site-packages/airflow/example_dags/example_branch_operator.py
[2023-12-06T09:40:18.600+0000] {logging_mixin.py:154} INFO - [2023-12-06T09:40:18.600+0000] {dag.py:2941} INFO - Sync 1 DAGs
[2023-12-06T09:40:18.626+0000] {logging_mixin.py:154} INFO - [2023-12-06T09:40:18.626+0000] {dag.py:3722} INFO - Setting next_dagrun for example_branch_operator to 2023-12-05T00:00:00+00:00, run_after=2023-12-06T00:00:00+00:00
[2023-12-06T09:40:18.646+0000] {processor.py:179} INFO - Processing /home/airflow/.local/lib/python3.8/site-packages/airflow/example_dags/example_branch_operator.py took 0.091 seconds
[2023-12-06T09:40:48.837+0000] {processor.py:157} INFO - Started process (PID=541) to work on /home/airflow/.local/lib/python3.8/site-packages/airflow/example_dags/example_branch_operator.py
[2023-12-06T09:40:48.838+0000] {processor.py:829} INFO - Processing file /home/airflow/.local/lib/python3.8/site-packages/airflow/example_dags/example_branch_operator.py for tasks to queue
[2023-12-06T09:40:48.841+0000] {logging_mixin.py:154} INFO - [2023-12-06T09:40:48.841+0000] {dagbag.py:536} INFO - Filling up the DagBag from /home/airflow/.local/lib/python3.8/site-packages/airflow/example_dags/example_branch_operator.py
[2023-12-06T09:40:48.851+0000] {processor.py:839} INFO - DAG(s) dict_keys(['example_branch_operator']) retrieved from /home/airflow/.local/lib/python3.8/site-packages/airflow/example_dags/example_branch_operator.py
[2023-12-06T09:40:48.875+0000] {logging_mixin.py:154} INFO - [2023-12-06T09:40:48.875+0000] {dag.py:2941} INFO - Sync 1 DAGs
[2023-12-06T09:40:48.901+0000] {logging_mixin.py:154} INFO - [2023-12-06T09:40:48.901+0000] {dag.py:3722} INFO - Setting next_dagrun for example_branch_operator to 2023-12-05T00:00:00+00:00, run_after=2023-12-06T00:00:00+00:00
[2023-12-06T09:40:48.919+0000] {processor.py:179} INFO - Processing /home/airflow/.local/lib/python3.8/site-packages/airflow/example_dags/example_branch_operator.py took 0.086 seconds
[2023-12-06T09:41:19.088+0000] {processor.py:157} INFO - Started process (PID=595) to work on /home/airflow/.local/lib/python3.8/site-packages/airflow/example_dags/example_branch_operator.py
[2023-12-06T09:41:19.090+0000] {processor.py:829} INFO - Processing file /home/airflow/.local/lib/python3.8/site-packages/airflow/example_dags/example_branch_operator.py for tasks to queue
[2023-12-06T09:41:19.092+0000] {logging_mixin.py:154} INFO - [2023-12-06T09:41:19.092+0000] {dagbag.py:536} INFO - Filling up the DagBag from /home/airflow/.local/lib/python3.8/site-packages/airflow/example_dags/example_branch_operator.py
[2023-12-06T09:41:19.103+0000] {processor.py:839} INFO - DAG(s) dict_keys(['example_branch_operator']) retrieved from /home/airflow/.local/lib/python3.8/site-packages/airflow/example_dags/example_branch_operator.py
[2023-12-06T09:41:19.126+0000] {logging_mixin.py:154} INFO - [2023-12-06T09:41:19.126+0000] {dag.py:2941} INFO - Sync 1 DAGs
[2023-12-06T09:41:19.149+0000] {logging_mixin.py:154} INFO - [2023-12-06T09:41:19.149+0000] {dag.py:3722} INFO - Setting next_dagrun for example_branch_operator to 2023-12-05T00:00:00+00:00, run_after=2023-12-06T00:00:00+00:00
[2023-12-06T09:41:19.167+0000] {processor.py:179} INFO - Processing /home/airflow/.local/lib/python3.8/site-packages/airflow/example_dags/example_branch_operator.py took 0.083 seconds
[2023-12-06T09:41:49.531+0000] {processor.py:157} INFO - Started process (PID=649) to work on /home/airflow/.local/lib/python3.8/site-packages/airflow/example_dags/example_branch_operator.py
[2023-12-06T09:41:49.533+0000] {processor.py:829} INFO - Processing file /home/airflow/.local/lib/python3.8/site-packages/airflow/example_dags/example_branch_operator.py for tasks to queue
[2023-12-06T09:41:49.536+0000] {logging_mixin.py:154} INFO - [2023-12-06T09:41:49.536+0000] {dagbag.py:536} INFO - Filling up the DagBag from /home/airflow/.local/lib/python3.8/site-packages/airflow/example_dags/example_branch_operator.py
[2023-12-06T09:41:49.546+0000] {processor.py:839} INFO - DAG(s) dict_keys(['example_branch_operator']) retrieved from /home/airflow/.local/lib/python3.8/site-packages/airflow/example_dags/example_branch_operator.py
[2023-12-06T09:41:49.570+0000] {logging_mixin.py:154} INFO - [2023-12-06T09:41:49.570+0000] {dag.py:2941} INFO - Sync 1 DAGs
[2023-12-06T09:41:49.595+0000] {logging_mixin.py:154} INFO - [2023-12-06T09:41:49.595+0000] {dag.py:3722} INFO - Setting next_dagrun for example_branch_operator to 2023-12-05T00:00:00+00:00, run_after=2023-12-06T00:00:00+00:00
[2023-12-06T09:41:49.614+0000] {processor.py:179} INFO - Processing /home/airflow/.local/lib/python3.8/site-packages/airflow/example_dags/example_branch_operator.py took 0.086 seconds
[2023-12-06T09:42:19.823+0000] {processor.py:157} INFO - Started process (PID=703) to work on /home/airflow/.local/lib/python3.8/site-packages/airflow/example_dags/example_branch_operator.py
[2023-12-06T09:42:19.824+0000] {processor.py:829} INFO - Processing file /home/airflow/.local/lib/python3.8/site-packages/airflow/example_dags/example_branch_operator.py for tasks to queue
[2023-12-06T09:42:19.827+0000] {logging_mixin.py:154} INFO - [2023-12-06T09:42:19.827+0000] {dagbag.py:536} INFO - Filling up the DagBag from /home/airflow/.local/lib/python3.8/site-packages/airflow/example_dags/example_branch_operator.py
[2023-12-06T09:42:19.838+0000] {processor.py:839} INFO - DAG(s) dict_keys(['example_branch_operator']) retrieved from /home/airflow/.local/lib/python3.8/site-packages/airflow/example_dags/example_branch_operator.py
[2023-12-06T09:42:19.863+0000] {logging_mixin.py:154} INFO - [2023-12-06T09:42:19.863+0000] {dag.py:2941} INFO - Sync 1 DAGs
[2023-12-06T09:42:19.891+0000] {logging_mixin.py:154} INFO - [2023-12-06T09:42:19.890+0000] {dag.py:3722} INFO - Setting next_dagrun for example_branch_operator to 2023-12-05T00:00:00+00:00, run_after=2023-12-06T00:00:00+00:00
[2023-12-06T09:42:19.947+0000] {processor.py:179} INFO - Processing /home/airflow/.local/lib/python3.8/site-packages/airflow/example_dags/example_branch_operator.py took 0.128 seconds
[2023-12-06T09:42:50.228+0000] {processor.py:157} INFO - Started process (PID=757) to work on /home/airflow/.local/lib/python3.8/site-packages/airflow/example_dags/example_branch_operator.py
[2023-12-06T09:42:50.229+0000] {processor.py:829} INFO - Processing file /home/airflow/.local/lib/python3.8/site-packages/airflow/example_dags/example_branch_operator.py for tasks to queue
[2023-12-06T09:42:50.232+0000] {logging_mixin.py:154} INFO - [2023-12-06T09:42:50.232+0000] {dagbag.py:536} INFO - Filling up the DagBag from /home/airflow/.local/lib/python3.8/site-packages/airflow/example_dags/example_branch_operator.py
[2023-12-06T09:42:50.242+0000] {processor.py:839} INFO - DAG(s) dict_keys(['example_branch_operator']) retrieved from /home/airflow/.local/lib/python3.8/site-packages/airflow/example_dags/example_branch_operator.py
[2023-12-06T09:42:50.265+0000] {logging_mixin.py:154} INFO - [2023-12-06T09:42:50.265+0000] {dag.py:2941} INFO - Sync 1 DAGs
[2023-12-06T09:42:50.289+0000] {logging_mixin.py:154} INFO - [2023-12-06T09:42:50.289+0000] {dag.py:3722} INFO - Setting next_dagrun for example_branch_operator to 2023-12-05T00:00:00+00:00, run_after=2023-12-06T00:00:00+00:00
[2023-12-06T09:42:50.308+0000] {processor.py:179} INFO - Processing /home/airflow/.local/lib/python3.8/site-packages/airflow/example_dags/example_branch_operator.py took 0.084 seconds
[2023-12-06T09:43:20.434+0000] {processor.py:157} INFO - Started process (PID=812) to work on /home/airflow/.local/lib/python3.8/site-packages/airflow/example_dags/example_branch_operator.py
[2023-12-06T09:43:20.435+0000] {processor.py:829} INFO - Processing file /home/airflow/.local/lib/python3.8/site-packages/airflow/example_dags/example_branch_operator.py for tasks to queue
[2023-12-06T09:43:20.438+0000] {logging_mixin.py:154} INFO - [2023-12-06T09:43:20.437+0000] {dagbag.py:536} INFO - Filling up the DagBag from /home/airflow/.local/lib/python3.8/site-packages/airflow/example_dags/example_branch_operator.py
[2023-12-06T09:43:20.448+0000] {processor.py:839} INFO - DAG(s) dict_keys(['example_branch_operator']) retrieved from /home/airflow/.local/lib/python3.8/site-packages/airflow/example_dags/example_branch_operator.py
[2023-12-06T09:43:20.471+0000] {logging_mixin.py:154} INFO - [2023-12-06T09:43:20.471+0000] {dag.py:2941} INFO - Sync 1 DAGs
[2023-12-06T09:43:20.497+0000] {logging_mixin.py:154} INFO - [2023-12-06T09:43:20.497+0000] {dag.py:3722} INFO - Setting next_dagrun for example_branch_operator to 2023-12-05T00:00:00+00:00, run_after=2023-12-06T00:00:00+00:00
[2023-12-06T09:43:20.517+0000] {processor.py:179} INFO - Processing /home/airflow/.local/lib/python3.8/site-packages/airflow/example_dags/example_branch_operator.py took 0.087 seconds
[2023-12-06T09:43:51.419+0000] {processor.py:157} INFO - Started process (PID=866) to work on /home/airflow/.local/lib/python3.8/site-packages/airflow/example_dags/example_branch_operator.py
[2023-12-06T09:43:51.420+0000] {processor.py:829} INFO - Processing file /home/airflow/.local/lib/python3.8/site-packages/airflow/example_dags/example_branch_operator.py for tasks to queue
[2023-12-06T09:43:51.423+0000] {logging_mixin.py:154} INFO - [2023-12-06T09:43:51.423+0000] {dagbag.py:536} INFO - Filling up the DagBag from /home/airflow/.local/lib/python3.8/site-packages/airflow/example_dags/example_branch_operator.py
[2023-12-06T09:43:51.433+0000] {processor.py:839} INFO - DAG(s) dict_keys(['example_branch_operator']) retrieved from /home/airflow/.local/lib/python3.8/site-packages/airflow/example_dags/example_branch_operator.py
[2023-12-06T09:43:51.458+0000] {logging_mixin.py:154} INFO - [2023-12-06T09:43:51.458+0000] {dag.py:2941} INFO - Sync 1 DAGs
[2023-12-06T09:43:51.482+0000] {logging_mixin.py:154} INFO - [2023-12-06T09:43:51.482+0000] {dag.py:3722} INFO - Setting next_dagrun for example_branch_operator to 2023-12-05T00:00:00+00:00, run_after=2023-12-06T00:00:00+00:00
[2023-12-06T09:43:51.500+0000] {processor.py:179} INFO - Processing /home/airflow/.local/lib/python3.8/site-packages/airflow/example_dags/example_branch_operator.py took 0.084 seconds
[2023-12-06T09:44:21.697+0000] {processor.py:157} INFO - Started process (PID=920) to work on /home/airflow/.local/lib/python3.8/site-packages/airflow/example_dags/example_branch_operator.py
[2023-12-06T09:44:21.698+0000] {processor.py:829} INFO - Processing file /home/airflow/.local/lib/python3.8/site-packages/airflow/example_dags/example_branch_operator.py for tasks to queue
[2023-12-06T09:44:21.701+0000] {logging_mixin.py:154} INFO - [2023-12-06T09:44:21.701+0000] {dagbag.py:536} INFO - Filling up the DagBag from /home/airflow/.local/lib/python3.8/site-packages/airflow/example_dags/example_branch_operator.py
[2023-12-06T09:44:21.714+0000] {processor.py:839} INFO - DAG(s) dict_keys(['example_branch_operator']) retrieved from /home/airflow/.local/lib/python3.8/site-packages/airflow/example_dags/example_branch_operator.py
[2023-12-06T09:44:21.739+0000] {logging_mixin.py:154} INFO - [2023-12-06T09:44:21.739+0000] {dag.py:2941} INFO - Sync 1 DAGs
[2023-12-06T09:44:21.765+0000] {logging_mixin.py:154} INFO - [2023-12-06T09:44:21.765+0000] {dag.py:3722} INFO - Setting next_dagrun for example_branch_operator to 2023-12-05T00:00:00+00:00, run_after=2023-12-06T00:00:00+00:00
[2023-12-06T09:44:21.788+0000] {processor.py:179} INFO - Processing /home/airflow/.local/lib/python3.8/site-packages/airflow/example_dags/example_branch_operator.py took 0.096 seconds
[2023-12-06T09:44:52.781+0000] {processor.py:157} INFO - Started process (PID=974) to work on /home/airflow/.local/lib/python3.8/site-packages/airflow/example_dags/example_branch_operator.py
[2023-12-06T09:44:52.783+0000] {processor.py:829} INFO - Processing file /home/airflow/.local/lib/python3.8/site-packages/airflow/example_dags/example_branch_operator.py for tasks to queue
[2023-12-06T09:44:52.785+0000] {logging_mixin.py:154} INFO - [2023-12-06T09:44:52.785+0000] {dagbag.py:536} INFO - Filling up the DagBag from /home/airflow/.local/lib/python3.8/site-packages/airflow/example_dags/example_branch_operator.py
[2023-12-06T09:44:52.796+0000] {processor.py:839} INFO - DAG(s) dict_keys(['example_branch_operator']) retrieved from /home/airflow/.local/lib/python3.8/site-packages/airflow/example_dags/example_branch_operator.py
[2023-12-06T09:44:52.830+0000] {logging_mixin.py:154} INFO - [2023-12-06T09:44:52.830+0000] {dag.py:2941} INFO - Sync 1 DAGs
[2023-12-06T09:44:52.859+0000] {logging_mixin.py:154} INFO - [2023-12-06T09:44:52.859+0000] {dag.py:3722} INFO - Setting next_dagrun for example_branch_operator to 2023-12-05T00:00:00+00:00, run_after=2023-12-06T00:00:00+00:00
[2023-12-06T09:44:52.892+0000] {processor.py:179} INFO - Processing /home/airflow/.local/lib/python3.8/site-packages/airflow/example_dags/example_branch_operator.py took 0.114 seconds
[2023-12-06T09:45:22.998+0000] {processor.py:157} INFO - Started process (PID=1028) to work on /home/airflow/.local/lib/python3.8/site-packages/airflow/example_dags/example_branch_operator.py
[2023-12-06T09:45:23.000+0000] {processor.py:829} INFO - Processing file /home/airflow/.local/lib/python3.8/site-packages/airflow/example_dags/example_branch_operator.py for tasks to queue
[2023-12-06T09:45:23.003+0000] {logging_mixin.py:154} INFO - [2023-12-06T09:45:23.003+0000] {dagbag.py:536} INFO - Filling up the DagBag from /home/airflow/.local/lib/python3.8/site-packages/airflow/example_dags/example_branch_operator.py
[2023-12-06T09:45:23.014+0000] {processor.py:839} INFO - DAG(s) dict_keys(['example_branch_operator']) retrieved from /home/airflow/.local/lib/python3.8/site-packages/airflow/example_dags/example_branch_operator.py
[2023-12-06T09:45:23.043+0000] {logging_mixin.py:154} INFO - [2023-12-06T09:45:23.042+0000] {dag.py:2941} INFO - Sync 1 DAGs
[2023-12-06T09:45:23.068+0000] {logging_mixin.py:154} INFO - [2023-12-06T09:45:23.068+0000] {dag.py:3722} INFO - Setting next_dagrun for example_branch_operator to 2023-12-05T00:00:00+00:00, run_after=2023-12-06T00:00:00+00:00
[2023-12-06T09:45:23.085+0000] {processor.py:179} INFO - Processing /home/airflow/.local/lib/python3.8/site-packages/airflow/example_dags/example_branch_operator.py took 0.091 seconds
[2023-12-06T09:45:53.241+0000] {processor.py:157} INFO - Started process (PID=1094) to work on /home/airflow/.local/lib/python3.8/site-packages/airflow/example_dags/example_branch_operator.py
[2023-12-06T09:45:53.242+0000] {processor.py:829} INFO - Processing file /home/airflow/.local/lib/python3.8/site-packages/airflow/example_dags/example_branch_operator.py for tasks to queue
[2023-12-06T09:45:53.245+0000] {logging_mixin.py:154} INFO - [2023-12-06T09:45:53.245+0000] {dagbag.py:536} INFO - Filling up the DagBag from /home/airflow/.local/lib/python3.8/site-packages/airflow/example_dags/example_branch_operator.py
[2023-12-06T09:45:53.255+0000] {processor.py:839} INFO - DAG(s) dict_keys(['example_branch_operator']) retrieved from /home/airflow/.local/lib/python3.8/site-packages/airflow/example_dags/example_branch_operator.py
[2023-12-06T09:45:53.280+0000] {logging_mixin.py:154} INFO - [2023-12-06T09:45:53.279+0000] {dag.py:2941} INFO - Sync 1 DAGs
[2023-12-06T09:45:53.305+0000] {logging_mixin.py:154} INFO - [2023-12-06T09:45:53.304+0000] {dag.py:3722} INFO - Setting next_dagrun for example_branch_operator to 2023-12-05T00:00:00+00:00, run_after=2023-12-06T00:00:00+00:00
[2023-12-06T09:45:53.323+0000] {processor.py:179} INFO - Processing /home/airflow/.local/lib/python3.8/site-packages/airflow/example_dags/example_branch_operator.py took 0.086 seconds
[2023-12-06T09:46:23.536+0000] {processor.py:157} INFO - Started process (PID=1151) to work on /home/airflow/.local/lib/python3.8/site-packages/airflow/example_dags/example_branch_operator.py
[2023-12-06T09:46:23.538+0000] {processor.py:829} INFO - Processing file /home/airflow/.local/lib/python3.8/site-packages/airflow/example_dags/example_branch_operator.py for tasks to queue
[2023-12-06T09:46:23.541+0000] {logging_mixin.py:154} INFO - [2023-12-06T09:46:23.540+0000] {dagbag.py:536} INFO - Filling up the DagBag from /home/airflow/.local/lib/python3.8/site-packages/airflow/example_dags/example_branch_operator.py
[2023-12-06T09:46:23.551+0000] {processor.py:839} INFO - DAG(s) dict_keys(['example_branch_operator']) retrieved from /home/airflow/.local/lib/python3.8/site-packages/airflow/example_dags/example_branch_operator.py
[2023-12-06T09:46:23.576+0000] {logging_mixin.py:154} INFO - [2023-12-06T09:46:23.576+0000] {dag.py:2941} INFO - Sync 1 DAGs
[2023-12-06T09:46:23.601+0000] {logging_mixin.py:154} INFO - [2023-12-06T09:46:23.601+0000] {dag.py:3722} INFO - Setting next_dagrun for example_branch_operator to 2023-12-05T00:00:00+00:00, run_after=2023-12-06T00:00:00+00:00
[2023-12-06T09:46:23.619+0000] {processor.py:179} INFO - Processing /home/airflow/.local/lib/python3.8/site-packages/airflow/example_dags/example_branch_operator.py took 0.087 seconds
[2023-12-06T09:46:54.183+0000] {processor.py:157} INFO - Started process (PID=1206) to work on /home/airflow/.local/lib/python3.8/site-packages/airflow/example_dags/example_branch_operator.py
[2023-12-06T09:46:54.185+0000] {processor.py:829} INFO - Processing file /home/airflow/.local/lib/python3.8/site-packages/airflow/example_dags/example_branch_operator.py for tasks to queue
[2023-12-06T09:46:54.187+0000] {logging_mixin.py:154} INFO - [2023-12-06T09:46:54.187+0000] {dagbag.py:536} INFO - Filling up the DagBag from /home/airflow/.local/lib/python3.8/site-packages/airflow/example_dags/example_branch_operator.py
[2023-12-06T09:46:54.198+0000] {processor.py:839} INFO - DAG(s) dict_keys(['example_branch_operator']) retrieved from /home/airflow/.local/lib/python3.8/site-packages/airflow/example_dags/example_branch_operator.py
[2023-12-06T09:46:54.224+0000] {logging_mixin.py:154} INFO - [2023-12-06T09:46:54.223+0000] {dag.py:2941} INFO - Sync 1 DAGs
[2023-12-06T09:46:54.250+0000] {logging_mixin.py:154} INFO - [2023-12-06T09:46:54.250+0000] {dag.py:3722} INFO - Setting next_dagrun for example_branch_operator to 2023-12-05T00:00:00+00:00, run_after=2023-12-06T00:00:00+00:00
[2023-12-06T09:46:54.271+0000] {processor.py:179} INFO - Processing /home/airflow/.local/lib/python3.8/site-packages/airflow/example_dags/example_branch_operator.py took 0.092 seconds
[2023-12-06T09:47:24.406+0000] {processor.py:157} INFO - Started process (PID=1262) to work on /home/airflow/.local/lib/python3.8/site-packages/airflow/example_dags/example_branch_operator.py
[2023-12-06T09:47:24.408+0000] {processor.py:829} INFO - Processing file /home/airflow/.local/lib/python3.8/site-packages/airflow/example_dags/example_branch_operator.py for tasks to queue
[2023-12-06T09:47:24.409+0000] {logging_mixin.py:154} INFO - [2023-12-06T09:47:24.409+0000] {dagbag.py:536} INFO - Filling up the DagBag from /home/airflow/.local/lib/python3.8/site-packages/airflow/example_dags/example_branch_operator.py
[2023-12-06T09:47:24.420+0000] {processor.py:839} INFO - DAG(s) dict_keys(['example_branch_operator']) retrieved from /home/airflow/.local/lib/python3.8/site-packages/airflow/example_dags/example_branch_operator.py
[2023-12-06T09:47:24.445+0000] {logging_mixin.py:154} INFO - [2023-12-06T09:47:24.445+0000] {dag.py:2941} INFO - Sync 1 DAGs
[2023-12-06T09:47:24.470+0000] {logging_mixin.py:154} INFO - [2023-12-06T09:47:24.470+0000] {dag.py:3722} INFO - Setting next_dagrun for example_branch_operator to 2023-12-05T00:00:00+00:00, run_after=2023-12-06T00:00:00+00:00
[2023-12-06T09:47:24.487+0000] {processor.py:179} INFO - Processing /home/airflow/.local/lib/python3.8/site-packages/airflow/example_dags/example_branch_operator.py took 0.085 seconds
[2023-12-06T09:47:55.089+0000] {processor.py:157} INFO - Started process (PID=1320) to work on /home/airflow/.local/lib/python3.8/site-packages/airflow/example_dags/example_branch_operator.py
[2023-12-06T09:47:55.090+0000] {processor.py:829} INFO - Processing file /home/airflow/.local/lib/python3.8/site-packages/airflow/example_dags/example_branch_operator.py for tasks to queue
[2023-12-06T09:47:55.092+0000] {logging_mixin.py:154} INFO - [2023-12-06T09:47:55.092+0000] {dagbag.py:536} INFO - Filling up the DagBag from /home/airflow/.local/lib/python3.8/site-packages/airflow/example_dags/example_branch_operator.py
[2023-12-06T09:47:55.105+0000] {processor.py:839} INFO - DAG(s) dict_keys(['example_branch_operator']) retrieved from /home/airflow/.local/lib/python3.8/site-packages/airflow/example_dags/example_branch_operator.py
[2023-12-06T09:47:55.133+0000] {logging_mixin.py:154} INFO - [2023-12-06T09:47:55.133+0000] {dag.py:2941} INFO - Sync 1 DAGs
[2023-12-06T09:47:55.301+0000] {logging_mixin.py:154} INFO - [2023-12-06T09:47:55.301+0000] {dag.py:3722} INFO - Setting next_dagrun for example_branch_operator to 2023-12-05T00:00:00+00:00, run_after=2023-12-06T00:00:00+00:00
[2023-12-06T09:47:55.322+0000] {processor.py:179} INFO - Processing /home/airflow/.local/lib/python3.8/site-packages/airflow/example_dags/example_branch_operator.py took 0.238 seconds
[2023-12-06T09:48:26.257+0000] {processor.py:157} INFO - Started process (PID=1381) to work on /home/airflow/.local/lib/python3.8/site-packages/airflow/example_dags/example_branch_operator.py
[2023-12-06T09:48:26.262+0000] {processor.py:829} INFO - Processing file /home/airflow/.local/lib/python3.8/site-packages/airflow/example_dags/example_branch_operator.py for tasks to queue
[2023-12-06T09:48:26.264+0000] {logging_mixin.py:154} INFO - [2023-12-06T09:48:26.264+0000] {dagbag.py:536} INFO - Filling up the DagBag from /home/airflow/.local/lib/python3.8/site-packages/airflow/example_dags/example_branch_operator.py
[2023-12-06T09:48:26.298+0000] {processor.py:839} INFO - DAG(s) dict_keys(['example_branch_operator']) retrieved from /home/airflow/.local/lib/python3.8/site-packages/airflow/example_dags/example_branch_operator.py
[2023-12-06T09:48:26.382+0000] {logging_mixin.py:154} INFO - [2023-12-06T09:48:26.382+0000] {dag.py:2941} INFO - Sync 1 DAGs
[2023-12-06T09:48:26.451+0000] {logging_mixin.py:154} INFO - [2023-12-06T09:48:26.450+0000] {dag.py:3722} INFO - Setting next_dagrun for example_branch_operator to 2023-12-05T00:00:00+00:00, run_after=2023-12-06T00:00:00+00:00
[2023-12-06T09:48:26.740+0000] {processor.py:179} INFO - Processing /home/airflow/.local/lib/python3.8/site-packages/airflow/example_dags/example_branch_operator.py took 0.497 seconds
[2023-12-06T09:48:56.941+0000] {processor.py:157} INFO - Started process (PID=1437) to work on /home/airflow/.local/lib/python3.8/site-packages/airflow/example_dags/example_branch_operator.py
[2023-12-06T09:48:56.942+0000] {processor.py:829} INFO - Processing file /home/airflow/.local/lib/python3.8/site-packages/airflow/example_dags/example_branch_operator.py for tasks to queue
[2023-12-06T09:48:56.943+0000] {logging_mixin.py:154} INFO - [2023-12-06T09:48:56.943+0000] {dagbag.py:536} INFO - Filling up the DagBag from /home/airflow/.local/lib/python3.8/site-packages/airflow/example_dags/example_branch_operator.py
[2023-12-06T09:48:56.954+0000] {processor.py:839} INFO - DAG(s) dict_keys(['example_branch_operator']) retrieved from /home/airflow/.local/lib/python3.8/site-packages/airflow/example_dags/example_branch_operator.py
[2023-12-06T09:48:56.982+0000] {logging_mixin.py:154} INFO - [2023-12-06T09:48:56.981+0000] {dag.py:2941} INFO - Sync 1 DAGs
[2023-12-06T09:48:57.006+0000] {logging_mixin.py:154} INFO - [2023-12-06T09:48:57.006+0000] {dag.py:3722} INFO - Setting next_dagrun for example_branch_operator to 2023-12-05T00:00:00+00:00, run_after=2023-12-06T00:00:00+00:00
[2023-12-06T09:48:57.026+0000] {processor.py:179} INFO - Processing /home/airflow/.local/lib/python3.8/site-packages/airflow/example_dags/example_branch_operator.py took 0.089 seconds
[2023-12-06T09:49:27.426+0000] {processor.py:157} INFO - Started process (PID=1493) to work on /home/airflow/.local/lib/python3.8/site-packages/airflow/example_dags/example_branch_operator.py
[2023-12-06T09:49:27.428+0000] {processor.py:829} INFO - Processing file /home/airflow/.local/lib/python3.8/site-packages/airflow/example_dags/example_branch_operator.py for tasks to queue
[2023-12-06T09:49:27.429+0000] {logging_mixin.py:154} INFO - [2023-12-06T09:49:27.429+0000] {dagbag.py:536} INFO - Filling up the DagBag from /home/airflow/.local/lib/python3.8/site-packages/airflow/example_dags/example_branch_operator.py
[2023-12-06T09:49:27.440+0000] {processor.py:839} INFO - DAG(s) dict_keys(['example_branch_operator']) retrieved from /home/airflow/.local/lib/python3.8/site-packages/airflow/example_dags/example_branch_operator.py
[2023-12-06T09:49:27.467+0000] {logging_mixin.py:154} INFO - [2023-12-06T09:49:27.466+0000] {dag.py:2941} INFO - Sync 1 DAGs
[2023-12-06T09:49:27.492+0000] {logging_mixin.py:154} INFO - [2023-12-06T09:49:27.492+0000] {dag.py:3722} INFO - Setting next_dagrun for example_branch_operator to 2023-12-05T00:00:00+00:00, run_after=2023-12-06T00:00:00+00:00
[2023-12-06T09:49:27.513+0000] {processor.py:179} INFO - Processing /home/airflow/.local/lib/python3.8/site-packages/airflow/example_dags/example_branch_operator.py took 0.090 seconds
[2023-12-06T09:49:58.124+0000] {processor.py:157} INFO - Started process (PID=1549) to work on /home/airflow/.local/lib/python3.8/site-packages/airflow/example_dags/example_branch_operator.py
[2023-12-06T09:49:58.126+0000] {processor.py:829} INFO - Processing file /home/airflow/.local/lib/python3.8/site-packages/airflow/example_dags/example_branch_operator.py for tasks to queue
[2023-12-06T09:49:58.127+0000] {logging_mixin.py:154} INFO - [2023-12-06T09:49:58.127+0000] {dagbag.py:536} INFO - Filling up the DagBag from /home/airflow/.local/lib/python3.8/site-packages/airflow/example_dags/example_branch_operator.py
[2023-12-06T09:49:58.138+0000] {processor.py:839} INFO - DAG(s) dict_keys(['example_branch_operator']) retrieved from /home/airflow/.local/lib/python3.8/site-packages/airflow/example_dags/example_branch_operator.py
[2023-12-06T09:49:58.163+0000] {logging_mixin.py:154} INFO - [2023-12-06T09:49:58.163+0000] {dag.py:2941} INFO - Sync 1 DAGs
[2023-12-06T09:49:58.326+0000] {logging_mixin.py:154} INFO - [2023-12-06T09:49:58.325+0000] {dag.py:3722} INFO - Setting next_dagrun for example_branch_operator to 2023-12-05T00:00:00+00:00, run_after=2023-12-06T00:00:00+00:00
[2023-12-06T09:49:58.345+0000] {processor.py:179} INFO - Processing /home/airflow/.local/lib/python3.8/site-packages/airflow/example_dags/example_branch_operator.py took 0.225 seconds
[2023-12-06T09:50:29.573+0000] {processor.py:157} INFO - Started process (PID=1612) to work on /home/airflow/.local/lib/python3.8/site-packages/airflow/example_dags/example_branch_operator.py
[2023-12-06T09:50:29.575+0000] {processor.py:829} INFO - Processing file /home/airflow/.local/lib/python3.8/site-packages/airflow/example_dags/example_branch_operator.py for tasks to queue
[2023-12-06T09:50:29.576+0000] {logging_mixin.py:154} INFO - [2023-12-06T09:50:29.576+0000] {dagbag.py:536} INFO - Filling up the DagBag from /home/airflow/.local/lib/python3.8/site-packages/airflow/example_dags/example_branch_operator.py
[2023-12-06T09:50:29.589+0000] {processor.py:839} INFO - DAG(s) dict_keys(['example_branch_operator']) retrieved from /home/airflow/.local/lib/python3.8/site-packages/airflow/example_dags/example_branch_operator.py
[2023-12-06T09:50:29.616+0000] {logging_mixin.py:154} INFO - [2023-12-06T09:50:29.615+0000] {dag.py:2941} INFO - Sync 1 DAGs
[2023-12-06T09:50:29.640+0000] {logging_mixin.py:154} INFO - [2023-12-06T09:50:29.640+0000] {dag.py:3722} INFO - Setting next_dagrun for example_branch_operator to 2023-12-05T00:00:00+00:00, run_after=2023-12-06T00:00:00+00:00
[2023-12-06T09:50:29.792+0000] {processor.py:179} INFO - Processing /home/airflow/.local/lib/python3.8/site-packages/airflow/example_dags/example_branch_operator.py took 0.224 seconds
