[2023-12-06T09:36:16.524+0000] {processor.py:157} INFO - Started process (PID=68) to work on /home/airflow/.local/lib/python3.8/site-packages/airflow/example_dags/example_latest_only.py
[2023-12-06T09:36:16.526+0000] {processor.py:829} INFO - Processing file /home/airflow/.local/lib/python3.8/site-packages/airflow/example_dags/example_latest_only.py for tasks to queue
[2023-12-06T09:36:16.528+0000] {logging_mixin.py:154} INFO - [2023-12-06T09:36:16.528+0000] {dagbag.py:536} INFO - Filling up the DagBag from /home/airflow/.local/lib/python3.8/site-packages/airflow/example_dags/example_latest_only.py
[2023-12-06T09:36:16.537+0000] {processor.py:839} INFO - DAG(s) dict_keys(['latest_only']) retrieved from /home/airflow/.local/lib/python3.8/site-packages/airflow/example_dags/example_latest_only.py
[2023-12-06T09:36:16.646+0000] {logging_mixin.py:154} INFO - [2023-12-06T09:36:16.646+0000] {manager.py:499} INFO - Created Permission View: %s
[2023-12-06T09:36:16.656+0000] {logging_mixin.py:154} INFO - [2023-12-06T09:36:16.656+0000] {manager.py:499} INFO - Created Permission View: %s
[2023-12-06T09:36:16.663+0000] {logging_mixin.py:154} INFO - [2023-12-06T09:36:16.663+0000] {manager.py:499} INFO - Created Permission View: %s
[2023-12-06T09:36:16.664+0000] {logging_mixin.py:154} INFO - [2023-12-06T09:36:16.664+0000] {dag.py:2941} INFO - Sync 1 DAGs
[2023-12-06T09:36:16.677+0000] {logging_mixin.py:154} INFO - [2023-12-06T09:36:16.677+0000] {dag.py:2963} INFO - Creating ORM DAG for latest_only
[2023-12-06T09:36:16.692+0000] {logging_mixin.py:154} INFO - [2023-12-06T09:36:16.692+0000] {dag.py:3722} INFO - Setting next_dagrun for latest_only to 2023-12-06T05:36:16.689907+00:00, run_after=2023-12-06T09:36:16.689907+00:00
[2023-12-06T09:36:16.976+0000] {processor.py:179} INFO - Processing /home/airflow/.local/lib/python3.8/site-packages/airflow/example_dags/example_latest_only.py took 0.456 seconds
[2023-12-06T09:36:47.342+0000] {processor.py:157} INFO - Started process (PID=122) to work on /home/airflow/.local/lib/python3.8/site-packages/airflow/example_dags/example_latest_only.py
[2023-12-06T09:36:47.344+0000] {processor.py:829} INFO - Processing file /home/airflow/.local/lib/python3.8/site-packages/airflow/example_dags/example_latest_only.py for tasks to queue
[2023-12-06T09:36:47.347+0000] {logging_mixin.py:154} INFO - [2023-12-06T09:36:47.347+0000] {dagbag.py:536} INFO - Filling up the DagBag from /home/airflow/.local/lib/python3.8/site-packages/airflow/example_dags/example_latest_only.py
[2023-12-06T09:36:47.353+0000] {processor.py:839} INFO - DAG(s) dict_keys(['latest_only']) retrieved from /home/airflow/.local/lib/python3.8/site-packages/airflow/example_dags/example_latest_only.py
[2023-12-06T09:36:47.376+0000] {logging_mixin.py:154} INFO - [2023-12-06T09:36:47.375+0000] {dag.py:2941} INFO - Sync 1 DAGs
[2023-12-06T09:36:47.403+0000] {logging_mixin.py:154} INFO - [2023-12-06T09:36:47.403+0000] {dag.py:3722} INFO - Setting next_dagrun for latest_only to 2023-12-06T05:36:47.403229+00:00, run_after=2023-12-06T09:36:47.403229+00:00
[2023-12-06T09:36:47.423+0000] {processor.py:179} INFO - Processing /home/airflow/.local/lib/python3.8/site-packages/airflow/example_dags/example_latest_only.py took 0.085 seconds
[2023-12-06T09:37:18.139+0000] {processor.py:157} INFO - Started process (PID=176) to work on /home/airflow/.local/lib/python3.8/site-packages/airflow/example_dags/example_latest_only.py
[2023-12-06T09:37:18.140+0000] {processor.py:829} INFO - Processing file /home/airflow/.local/lib/python3.8/site-packages/airflow/example_dags/example_latest_only.py for tasks to queue
[2023-12-06T09:37:18.143+0000] {logging_mixin.py:154} INFO - [2023-12-06T09:37:18.143+0000] {dagbag.py:536} INFO - Filling up the DagBag from /home/airflow/.local/lib/python3.8/site-packages/airflow/example_dags/example_latest_only.py
[2023-12-06T09:37:18.149+0000] {processor.py:839} INFO - DAG(s) dict_keys(['latest_only']) retrieved from /home/airflow/.local/lib/python3.8/site-packages/airflow/example_dags/example_latest_only.py
[2023-12-06T09:37:18.172+0000] {logging_mixin.py:154} INFO - [2023-12-06T09:37:18.172+0000] {dag.py:2941} INFO - Sync 1 DAGs
[2023-12-06T09:37:18.195+0000] {logging_mixin.py:154} INFO - [2023-12-06T09:37:18.195+0000] {dag.py:3722} INFO - Setting next_dagrun for latest_only to 2023-12-06T05:37:18.195224+00:00, run_after=2023-12-06T09:37:18.195224+00:00
[2023-12-06T09:37:18.214+0000] {processor.py:179} INFO - Processing /home/airflow/.local/lib/python3.8/site-packages/airflow/example_dags/example_latest_only.py took 0.079 seconds
[2023-12-06T09:37:49.008+0000] {processor.py:157} INFO - Started process (PID=230) to work on /home/airflow/.local/lib/python3.8/site-packages/airflow/example_dags/example_latest_only.py
[2023-12-06T09:37:49.010+0000] {processor.py:829} INFO - Processing file /home/airflow/.local/lib/python3.8/site-packages/airflow/example_dags/example_latest_only.py for tasks to queue
[2023-12-06T09:37:49.012+0000] {logging_mixin.py:154} INFO - [2023-12-06T09:37:49.012+0000] {dagbag.py:536} INFO - Filling up the DagBag from /home/airflow/.local/lib/python3.8/site-packages/airflow/example_dags/example_latest_only.py
[2023-12-06T09:37:49.019+0000] {processor.py:839} INFO - DAG(s) dict_keys(['latest_only']) retrieved from /home/airflow/.local/lib/python3.8/site-packages/airflow/example_dags/example_latest_only.py
[2023-12-06T09:37:49.042+0000] {logging_mixin.py:154} INFO - [2023-12-06T09:37:49.041+0000] {dag.py:2941} INFO - Sync 1 DAGs
[2023-12-06T09:37:49.064+0000] {logging_mixin.py:154} INFO - [2023-12-06T09:37:49.064+0000] {dag.py:3722} INFO - Setting next_dagrun for latest_only to 2023-12-06T05:37:49.063819+00:00, run_after=2023-12-06T09:37:49.063819+00:00
[2023-12-06T09:37:49.082+0000] {processor.py:179} INFO - Processing /home/airflow/.local/lib/python3.8/site-packages/airflow/example_dags/example_latest_only.py took 0.078 seconds
[2023-12-06T09:38:19.750+0000] {processor.py:157} INFO - Started process (PID=284) to work on /home/airflow/.local/lib/python3.8/site-packages/airflow/example_dags/example_latest_only.py
[2023-12-06T09:38:19.751+0000] {processor.py:829} INFO - Processing file /home/airflow/.local/lib/python3.8/site-packages/airflow/example_dags/example_latest_only.py for tasks to queue
[2023-12-06T09:38:19.754+0000] {logging_mixin.py:154} INFO - [2023-12-06T09:38:19.754+0000] {dagbag.py:536} INFO - Filling up the DagBag from /home/airflow/.local/lib/python3.8/site-packages/airflow/example_dags/example_latest_only.py
[2023-12-06T09:38:19.760+0000] {processor.py:839} INFO - DAG(s) dict_keys(['latest_only']) retrieved from /home/airflow/.local/lib/python3.8/site-packages/airflow/example_dags/example_latest_only.py
[2023-12-06T09:38:19.782+0000] {logging_mixin.py:154} INFO - [2023-12-06T09:38:19.782+0000] {dag.py:2941} INFO - Sync 1 DAGs
[2023-12-06T09:38:19.805+0000] {logging_mixin.py:154} INFO - [2023-12-06T09:38:19.805+0000] {dag.py:3722} INFO - Setting next_dagrun for latest_only to 2023-12-06T05:38:19.805232+00:00, run_after=2023-12-06T09:38:19.805232+00:00
[2023-12-06T09:38:19.823+0000] {processor.py:179} INFO - Processing /home/airflow/.local/lib/python3.8/site-packages/airflow/example_dags/example_latest_only.py took 0.077 seconds
[2023-12-06T09:38:50.773+0000] {processor.py:157} INFO - Started process (PID=339) to work on /home/airflow/.local/lib/python3.8/site-packages/airflow/example_dags/example_latest_only.py
[2023-12-06T09:38:50.775+0000] {processor.py:829} INFO - Processing file /home/airflow/.local/lib/python3.8/site-packages/airflow/example_dags/example_latest_only.py for tasks to queue
[2023-12-06T09:38:50.778+0000] {logging_mixin.py:154} INFO - [2023-12-06T09:38:50.777+0000] {dagbag.py:536} INFO - Filling up the DagBag from /home/airflow/.local/lib/python3.8/site-packages/airflow/example_dags/example_latest_only.py
[2023-12-06T09:38:50.785+0000] {processor.py:839} INFO - DAG(s) dict_keys(['latest_only']) retrieved from /home/airflow/.local/lib/python3.8/site-packages/airflow/example_dags/example_latest_only.py
[2023-12-06T09:38:50.809+0000] {logging_mixin.py:154} INFO - [2023-12-06T09:38:50.809+0000] {dag.py:2941} INFO - Sync 1 DAGs
[2023-12-06T09:38:50.835+0000] {logging_mixin.py:154} INFO - [2023-12-06T09:38:50.835+0000] {dag.py:3722} INFO - Setting next_dagrun for latest_only to 2023-12-06T05:38:50.835018+00:00, run_after=2023-12-06T09:38:50.835018+00:00
[2023-12-06T09:38:50.854+0000] {processor.py:179} INFO - Processing /home/airflow/.local/lib/python3.8/site-packages/airflow/example_dags/example_latest_only.py took 0.085 seconds
[2023-12-06T09:39:20.979+0000] {processor.py:157} INFO - Started process (PID=393) to work on /home/airflow/.local/lib/python3.8/site-packages/airflow/example_dags/example_latest_only.py
[2023-12-06T09:39:20.980+0000] {processor.py:829} INFO - Processing file /home/airflow/.local/lib/python3.8/site-packages/airflow/example_dags/example_latest_only.py for tasks to queue
[2023-12-06T09:39:20.983+0000] {logging_mixin.py:154} INFO - [2023-12-06T09:39:20.983+0000] {dagbag.py:536} INFO - Filling up the DagBag from /home/airflow/.local/lib/python3.8/site-packages/airflow/example_dags/example_latest_only.py
[2023-12-06T09:39:20.989+0000] {processor.py:839} INFO - DAG(s) dict_keys(['latest_only']) retrieved from /home/airflow/.local/lib/python3.8/site-packages/airflow/example_dags/example_latest_only.py
[2023-12-06T09:39:21.011+0000] {logging_mixin.py:154} INFO - [2023-12-06T09:39:21.010+0000] {dag.py:2941} INFO - Sync 1 DAGs
[2023-12-06T09:39:21.034+0000] {logging_mixin.py:154} INFO - [2023-12-06T09:39:21.034+0000] {dag.py:3722} INFO - Setting next_dagrun for latest_only to 2023-12-06T05:39:21.034325+00:00, run_after=2023-12-06T09:39:21.034325+00:00
[2023-12-06T09:39:21.052+0000] {processor.py:179} INFO - Processing /home/airflow/.local/lib/python3.8/site-packages/airflow/example_dags/example_latest_only.py took 0.078 seconds
[2023-12-06T09:39:51.208+0000] {processor.py:157} INFO - Started process (PID=447) to work on /home/airflow/.local/lib/python3.8/site-packages/airflow/example_dags/example_latest_only.py
[2023-12-06T09:39:51.209+0000] {processor.py:829} INFO - Processing file /home/airflow/.local/lib/python3.8/site-packages/airflow/example_dags/example_latest_only.py for tasks to queue
[2023-12-06T09:39:51.212+0000] {logging_mixin.py:154} INFO - [2023-12-06T09:39:51.212+0000] {dagbag.py:536} INFO - Filling up the DagBag from /home/airflow/.local/lib/python3.8/site-packages/airflow/example_dags/example_latest_only.py
[2023-12-06T09:39:51.218+0000] {processor.py:839} INFO - DAG(s) dict_keys(['latest_only']) retrieved from /home/airflow/.local/lib/python3.8/site-packages/airflow/example_dags/example_latest_only.py
[2023-12-06T09:39:51.240+0000] {logging_mixin.py:154} INFO - [2023-12-06T09:39:51.240+0000] {dag.py:2941} INFO - Sync 1 DAGs
[2023-12-06T09:39:51.263+0000] {logging_mixin.py:154} INFO - [2023-12-06T09:39:51.263+0000] {dag.py:3722} INFO - Setting next_dagrun for latest_only to 2023-12-06T05:39:51.263115+00:00, run_after=2023-12-06T09:39:51.263115+00:00
[2023-12-06T09:39:51.281+0000] {processor.py:179} INFO - Processing /home/airflow/.local/lib/python3.8/site-packages/airflow/example_dags/example_latest_only.py took 0.078 seconds
[2023-12-06T09:40:21.487+0000] {processor.py:157} INFO - Started process (PID=502) to work on /home/airflow/.local/lib/python3.8/site-packages/airflow/example_dags/example_latest_only.py
[2023-12-06T09:40:21.489+0000] {processor.py:829} INFO - Processing file /home/airflow/.local/lib/python3.8/site-packages/airflow/example_dags/example_latest_only.py for tasks to queue
[2023-12-06T09:40:21.492+0000] {logging_mixin.py:154} INFO - [2023-12-06T09:40:21.491+0000] {dagbag.py:536} INFO - Filling up the DagBag from /home/airflow/.local/lib/python3.8/site-packages/airflow/example_dags/example_latest_only.py
[2023-12-06T09:40:21.498+0000] {processor.py:839} INFO - DAG(s) dict_keys(['latest_only']) retrieved from /home/airflow/.local/lib/python3.8/site-packages/airflow/example_dags/example_latest_only.py
[2023-12-06T09:40:21.521+0000] {logging_mixin.py:154} INFO - [2023-12-06T09:40:21.521+0000] {dag.py:2941} INFO - Sync 1 DAGs
[2023-12-06T09:40:21.545+0000] {logging_mixin.py:154} INFO - [2023-12-06T09:40:21.545+0000] {dag.py:3722} INFO - Setting next_dagrun for latest_only to 2023-12-06T05:40:21.544932+00:00, run_after=2023-12-06T09:40:21.544932+00:00
[2023-12-06T09:40:21.564+0000] {processor.py:179} INFO - Processing /home/airflow/.local/lib/python3.8/site-packages/airflow/example_dags/example_latest_only.py took 0.081 seconds
[2023-12-06T09:40:51.687+0000] {processor.py:157} INFO - Started process (PID=556) to work on /home/airflow/.local/lib/python3.8/site-packages/airflow/example_dags/example_latest_only.py
[2023-12-06T09:40:51.689+0000] {processor.py:829} INFO - Processing file /home/airflow/.local/lib/python3.8/site-packages/airflow/example_dags/example_latest_only.py for tasks to queue
[2023-12-06T09:40:51.691+0000] {logging_mixin.py:154} INFO - [2023-12-06T09:40:51.691+0000] {dagbag.py:536} INFO - Filling up the DagBag from /home/airflow/.local/lib/python3.8/site-packages/airflow/example_dags/example_latest_only.py
[2023-12-06T09:40:51.697+0000] {processor.py:839} INFO - DAG(s) dict_keys(['latest_only']) retrieved from /home/airflow/.local/lib/python3.8/site-packages/airflow/example_dags/example_latest_only.py
[2023-12-06T09:40:51.719+0000] {logging_mixin.py:154} INFO - [2023-12-06T09:40:51.719+0000] {dag.py:2941} INFO - Sync 1 DAGs
[2023-12-06T09:40:51.742+0000] {logging_mixin.py:154} INFO - [2023-12-06T09:40:51.742+0000] {dag.py:3722} INFO - Setting next_dagrun for latest_only to 2023-12-06T05:40:51.742461+00:00, run_after=2023-12-06T09:40:51.742461+00:00
[2023-12-06T09:40:51.763+0000] {processor.py:179} INFO - Processing /home/airflow/.local/lib/python3.8/site-packages/airflow/example_dags/example_latest_only.py took 0.080 seconds
[2023-12-06T09:41:22.017+0000] {processor.py:157} INFO - Started process (PID=610) to work on /home/airflow/.local/lib/python3.8/site-packages/airflow/example_dags/example_latest_only.py
[2023-12-06T09:41:22.019+0000] {processor.py:829} INFO - Processing file /home/airflow/.local/lib/python3.8/site-packages/airflow/example_dags/example_latest_only.py for tasks to queue
[2023-12-06T09:41:22.022+0000] {logging_mixin.py:154} INFO - [2023-12-06T09:41:22.022+0000] {dagbag.py:536} INFO - Filling up the DagBag from /home/airflow/.local/lib/python3.8/site-packages/airflow/example_dags/example_latest_only.py
[2023-12-06T09:41:22.029+0000] {processor.py:839} INFO - DAG(s) dict_keys(['latest_only']) retrieved from /home/airflow/.local/lib/python3.8/site-packages/airflow/example_dags/example_latest_only.py
[2023-12-06T09:41:22.053+0000] {logging_mixin.py:154} INFO - [2023-12-06T09:41:22.053+0000] {dag.py:2941} INFO - Sync 1 DAGs
[2023-12-06T09:41:22.079+0000] {logging_mixin.py:154} INFO - [2023-12-06T09:41:22.079+0000] {dag.py:3722} INFO - Setting next_dagrun for latest_only to 2023-12-06T05:41:22.079514+00:00, run_after=2023-12-06T09:41:22.079514+00:00
[2023-12-06T09:41:22.097+0000] {processor.py:179} INFO - Processing /home/airflow/.local/lib/python3.8/site-packages/airflow/example_dags/example_latest_only.py took 0.084 seconds
[2023-12-06T09:41:52.324+0000] {processor.py:157} INFO - Started process (PID=664) to work on /home/airflow/.local/lib/python3.8/site-packages/airflow/example_dags/example_latest_only.py
[2023-12-06T09:41:52.326+0000] {processor.py:829} INFO - Processing file /home/airflow/.local/lib/python3.8/site-packages/airflow/example_dags/example_latest_only.py for tasks to queue
[2023-12-06T09:41:52.329+0000] {logging_mixin.py:154} INFO - [2023-12-06T09:41:52.328+0000] {dagbag.py:536} INFO - Filling up the DagBag from /home/airflow/.local/lib/python3.8/site-packages/airflow/example_dags/example_latest_only.py
[2023-12-06T09:41:52.335+0000] {processor.py:839} INFO - DAG(s) dict_keys(['latest_only']) retrieved from /home/airflow/.local/lib/python3.8/site-packages/airflow/example_dags/example_latest_only.py
[2023-12-06T09:41:52.356+0000] {logging_mixin.py:154} INFO - [2023-12-06T09:41:52.356+0000] {dag.py:2941} INFO - Sync 1 DAGs
[2023-12-06T09:41:52.379+0000] {logging_mixin.py:154} INFO - [2023-12-06T09:41:52.379+0000] {dag.py:3722} INFO - Setting next_dagrun for latest_only to 2023-12-06T05:41:52.378870+00:00, run_after=2023-12-06T09:41:52.378870+00:00
[2023-12-06T09:41:52.398+0000] {processor.py:179} INFO - Processing /home/airflow/.local/lib/python3.8/site-packages/airflow/example_dags/example_latest_only.py took 0.078 seconds
[2023-12-06T09:42:22.916+0000] {processor.py:157} INFO - Started process (PID=718) to work on /home/airflow/.local/lib/python3.8/site-packages/airflow/example_dags/example_latest_only.py
[2023-12-06T09:42:22.917+0000] {processor.py:829} INFO - Processing file /home/airflow/.local/lib/python3.8/site-packages/airflow/example_dags/example_latest_only.py for tasks to queue
[2023-12-06T09:42:22.920+0000] {logging_mixin.py:154} INFO - [2023-12-06T09:42:22.920+0000] {dagbag.py:536} INFO - Filling up the DagBag from /home/airflow/.local/lib/python3.8/site-packages/airflow/example_dags/example_latest_only.py
[2023-12-06T09:42:22.926+0000] {processor.py:839} INFO - DAG(s) dict_keys(['latest_only']) retrieved from /home/airflow/.local/lib/python3.8/site-packages/airflow/example_dags/example_latest_only.py
[2023-12-06T09:42:22.948+0000] {logging_mixin.py:154} INFO - [2023-12-06T09:42:22.948+0000] {dag.py:2941} INFO - Sync 1 DAGs
[2023-12-06T09:42:22.982+0000] {logging_mixin.py:154} INFO - [2023-12-06T09:42:22.981+0000] {dag.py:3722} INFO - Setting next_dagrun for latest_only to 2023-12-06T05:42:22.981749+00:00, run_after=2023-12-06T09:42:22.981749+00:00
[2023-12-06T09:42:22.999+0000] {processor.py:179} INFO - Processing /home/airflow/.local/lib/python3.8/site-packages/airflow/example_dags/example_latest_only.py took 0.087 seconds
[2023-12-06T09:42:53.258+0000] {processor.py:157} INFO - Started process (PID=772) to work on /home/airflow/.local/lib/python3.8/site-packages/airflow/example_dags/example_latest_only.py
[2023-12-06T09:42:53.260+0000] {processor.py:829} INFO - Processing file /home/airflow/.local/lib/python3.8/site-packages/airflow/example_dags/example_latest_only.py for tasks to queue
[2023-12-06T09:42:53.263+0000] {logging_mixin.py:154} INFO - [2023-12-06T09:42:53.263+0000] {dagbag.py:536} INFO - Filling up the DagBag from /home/airflow/.local/lib/python3.8/site-packages/airflow/example_dags/example_latest_only.py
[2023-12-06T09:42:53.269+0000] {processor.py:839} INFO - DAG(s) dict_keys(['latest_only']) retrieved from /home/airflow/.local/lib/python3.8/site-packages/airflow/example_dags/example_latest_only.py
[2023-12-06T09:42:53.292+0000] {logging_mixin.py:154} INFO - [2023-12-06T09:42:53.291+0000] {dag.py:2941} INFO - Sync 1 DAGs
[2023-12-06T09:42:53.315+0000] {logging_mixin.py:154} INFO - [2023-12-06T09:42:53.315+0000] {dag.py:3722} INFO - Setting next_dagrun for latest_only to 2023-12-06T05:42:53.315156+00:00, run_after=2023-12-06T09:42:53.315156+00:00
[2023-12-06T09:42:53.333+0000] {processor.py:179} INFO - Processing /home/airflow/.local/lib/python3.8/site-packages/airflow/example_dags/example_latest_only.py took 0.079 seconds
[2023-12-06T09:43:24.188+0000] {processor.py:157} INFO - Started process (PID=827) to work on /home/airflow/.local/lib/python3.8/site-packages/airflow/example_dags/example_latest_only.py
[2023-12-06T09:43:24.191+0000] {processor.py:829} INFO - Processing file /home/airflow/.local/lib/python3.8/site-packages/airflow/example_dags/example_latest_only.py for tasks to queue
[2023-12-06T09:43:24.195+0000] {logging_mixin.py:154} INFO - [2023-12-06T09:43:24.195+0000] {dagbag.py:536} INFO - Filling up the DagBag from /home/airflow/.local/lib/python3.8/site-packages/airflow/example_dags/example_latest_only.py
[2023-12-06T09:43:24.202+0000] {processor.py:839} INFO - DAG(s) dict_keys(['latest_only']) retrieved from /home/airflow/.local/lib/python3.8/site-packages/airflow/example_dags/example_latest_only.py
[2023-12-06T09:43:24.231+0000] {logging_mixin.py:154} INFO - [2023-12-06T09:43:24.230+0000] {dag.py:2941} INFO - Sync 1 DAGs
[2023-12-06T09:43:24.259+0000] {logging_mixin.py:154} INFO - [2023-12-06T09:43:24.259+0000] {dag.py:3722} INFO - Setting next_dagrun for latest_only to 2023-12-06T05:43:24.258853+00:00, run_after=2023-12-06T09:43:24.258853+00:00
[2023-12-06T09:43:24.280+0000] {processor.py:179} INFO - Processing /home/airflow/.local/lib/python3.8/site-packages/airflow/example_dags/example_latest_only.py took 0.097 seconds
[2023-12-06T09:43:54.370+0000] {processor.py:157} INFO - Started process (PID=881) to work on /home/airflow/.local/lib/python3.8/site-packages/airflow/example_dags/example_latest_only.py
[2023-12-06T09:43:54.372+0000] {processor.py:829} INFO - Processing file /home/airflow/.local/lib/python3.8/site-packages/airflow/example_dags/example_latest_only.py for tasks to queue
[2023-12-06T09:43:54.374+0000] {logging_mixin.py:154} INFO - [2023-12-06T09:43:54.374+0000] {dagbag.py:536} INFO - Filling up the DagBag from /home/airflow/.local/lib/python3.8/site-packages/airflow/example_dags/example_latest_only.py
[2023-12-06T09:43:54.380+0000] {processor.py:839} INFO - DAG(s) dict_keys(['latest_only']) retrieved from /home/airflow/.local/lib/python3.8/site-packages/airflow/example_dags/example_latest_only.py
[2023-12-06T09:43:54.403+0000] {logging_mixin.py:154} INFO - [2023-12-06T09:43:54.402+0000] {dag.py:2941} INFO - Sync 1 DAGs
[2023-12-06T09:43:54.428+0000] {logging_mixin.py:154} INFO - [2023-12-06T09:43:54.427+0000] {dag.py:3722} INFO - Setting next_dagrun for latest_only to 2023-12-06T05:43:54.427581+00:00, run_after=2023-12-06T09:43:54.427581+00:00
[2023-12-06T09:43:54.447+0000] {processor.py:179} INFO - Processing /home/airflow/.local/lib/python3.8/site-packages/airflow/example_dags/example_latest_only.py took 0.081 seconds
[2023-12-06T09:44:24.651+0000] {processor.py:157} INFO - Started process (PID=935) to work on /home/airflow/.local/lib/python3.8/site-packages/airflow/example_dags/example_latest_only.py
[2023-12-06T09:44:24.653+0000] {processor.py:829} INFO - Processing file /home/airflow/.local/lib/python3.8/site-packages/airflow/example_dags/example_latest_only.py for tasks to queue
[2023-12-06T09:44:24.656+0000] {logging_mixin.py:154} INFO - [2023-12-06T09:44:24.655+0000] {dagbag.py:536} INFO - Filling up the DagBag from /home/airflow/.local/lib/python3.8/site-packages/airflow/example_dags/example_latest_only.py
[2023-12-06T09:44:24.662+0000] {processor.py:839} INFO - DAG(s) dict_keys(['latest_only']) retrieved from /home/airflow/.local/lib/python3.8/site-packages/airflow/example_dags/example_latest_only.py
[2023-12-06T09:44:24.684+0000] {logging_mixin.py:154} INFO - [2023-12-06T09:44:24.684+0000] {dag.py:2941} INFO - Sync 1 DAGs
[2023-12-06T09:44:24.707+0000] {logging_mixin.py:154} INFO - [2023-12-06T09:44:24.707+0000] {dag.py:3722} INFO - Setting next_dagrun for latest_only to 2023-12-06T05:44:24.707125+00:00, run_after=2023-12-06T09:44:24.707125+00:00
[2023-12-06T09:44:24.725+0000] {processor.py:179} INFO - Processing /home/airflow/.local/lib/python3.8/site-packages/airflow/example_dags/example_latest_only.py took 0.078 seconds
[2023-12-06T09:44:54.836+0000] {processor.py:157} INFO - Started process (PID=989) to work on /home/airflow/.local/lib/python3.8/site-packages/airflow/example_dags/example_latest_only.py
[2023-12-06T09:44:54.854+0000] {processor.py:829} INFO - Processing file /home/airflow/.local/lib/python3.8/site-packages/airflow/example_dags/example_latest_only.py for tasks to queue
[2023-12-06T09:44:54.857+0000] {logging_mixin.py:154} INFO - [2023-12-06T09:44:54.857+0000] {dagbag.py:536} INFO - Filling up the DagBag from /home/airflow/.local/lib/python3.8/site-packages/airflow/example_dags/example_latest_only.py
[2023-12-06T09:44:54.863+0000] {processor.py:839} INFO - DAG(s) dict_keys(['latest_only']) retrieved from /home/airflow/.local/lib/python3.8/site-packages/airflow/example_dags/example_latest_only.py
[2023-12-06T09:44:54.886+0000] {logging_mixin.py:154} INFO - [2023-12-06T09:44:54.885+0000] {dag.py:2941} INFO - Sync 1 DAGs
[2023-12-06T09:44:54.910+0000] {logging_mixin.py:154} INFO - [2023-12-06T09:44:54.910+0000] {dag.py:3722} INFO - Setting next_dagrun for latest_only to 2023-12-06T05:44:54.910467+00:00, run_after=2023-12-06T09:44:54.910467+00:00
[2023-12-06T09:44:54.930+0000] {processor.py:179} INFO - Processing /home/airflow/.local/lib/python3.8/site-packages/airflow/example_dags/example_latest_only.py took 0.098 seconds
[2023-12-06T09:45:25.031+0000] {processor.py:157} INFO - Started process (PID=1043) to work on /home/airflow/.local/lib/python3.8/site-packages/airflow/example_dags/example_latest_only.py
[2023-12-06T09:45:25.051+0000] {processor.py:829} INFO - Processing file /home/airflow/.local/lib/python3.8/site-packages/airflow/example_dags/example_latest_only.py for tasks to queue
[2023-12-06T09:45:25.054+0000] {logging_mixin.py:154} INFO - [2023-12-06T09:45:25.053+0000] {dagbag.py:536} INFO - Filling up the DagBag from /home/airflow/.local/lib/python3.8/site-packages/airflow/example_dags/example_latest_only.py
[2023-12-06T09:45:25.059+0000] {processor.py:839} INFO - DAG(s) dict_keys(['latest_only']) retrieved from /home/airflow/.local/lib/python3.8/site-packages/airflow/example_dags/example_latest_only.py
[2023-12-06T09:45:25.082+0000] {logging_mixin.py:154} INFO - [2023-12-06T09:45:25.082+0000] {dag.py:2941} INFO - Sync 1 DAGs
[2023-12-06T09:45:25.104+0000] {logging_mixin.py:154} INFO - [2023-12-06T09:45:25.104+0000] {dag.py:3722} INFO - Setting next_dagrun for latest_only to 2023-12-06T05:45:25.103867+00:00, run_after=2023-12-06T09:45:25.103867+00:00
[2023-12-06T09:45:25.121+0000] {processor.py:179} INFO - Processing /home/airflow/.local/lib/python3.8/site-packages/airflow/example_dags/example_latest_only.py took 0.094 seconds
[2023-12-06T09:45:55.172+0000] {processor.py:157} INFO - Started process (PID=1109) to work on /home/airflow/.local/lib/python3.8/site-packages/airflow/example_dags/example_latest_only.py
[2023-12-06T09:45:55.173+0000] {processor.py:829} INFO - Processing file /home/airflow/.local/lib/python3.8/site-packages/airflow/example_dags/example_latest_only.py for tasks to queue
[2023-12-06T09:45:55.176+0000] {logging_mixin.py:154} INFO - [2023-12-06T09:45:55.176+0000] {dagbag.py:536} INFO - Filling up the DagBag from /home/airflow/.local/lib/python3.8/site-packages/airflow/example_dags/example_latest_only.py
[2023-12-06T09:45:55.182+0000] {processor.py:839} INFO - DAG(s) dict_keys(['latest_only']) retrieved from /home/airflow/.local/lib/python3.8/site-packages/airflow/example_dags/example_latest_only.py
[2023-12-06T09:45:55.204+0000] {logging_mixin.py:154} INFO - [2023-12-06T09:45:55.204+0000] {dag.py:2941} INFO - Sync 1 DAGs
[2023-12-06T09:45:55.228+0000] {logging_mixin.py:154} INFO - [2023-12-06T09:45:55.228+0000] {dag.py:3722} INFO - Setting next_dagrun for latest_only to 2023-12-06T05:45:55.228113+00:00, run_after=2023-12-06T09:45:55.228113+00:00
[2023-12-06T09:45:55.246+0000] {processor.py:179} INFO - Processing /home/airflow/.local/lib/python3.8/site-packages/airflow/example_dags/example_latest_only.py took 0.078 seconds
[2023-12-06T09:46:25.745+0000] {processor.py:157} INFO - Started process (PID=1166) to work on /home/airflow/.local/lib/python3.8/site-packages/airflow/example_dags/example_latest_only.py
[2023-12-06T09:46:25.746+0000] {processor.py:829} INFO - Processing file /home/airflow/.local/lib/python3.8/site-packages/airflow/example_dags/example_latest_only.py for tasks to queue
[2023-12-06T09:46:25.749+0000] {logging_mixin.py:154} INFO - [2023-12-06T09:46:25.749+0000] {dagbag.py:536} INFO - Filling up the DagBag from /home/airflow/.local/lib/python3.8/site-packages/airflow/example_dags/example_latest_only.py
[2023-12-06T09:46:25.755+0000] {processor.py:839} INFO - DAG(s) dict_keys(['latest_only']) retrieved from /home/airflow/.local/lib/python3.8/site-packages/airflow/example_dags/example_latest_only.py
[2023-12-06T09:46:25.780+0000] {logging_mixin.py:154} INFO - [2023-12-06T09:46:25.780+0000] {dag.py:2941} INFO - Sync 1 DAGs
[2023-12-06T09:46:25.803+0000] {logging_mixin.py:154} INFO - [2023-12-06T09:46:25.803+0000] {dag.py:3722} INFO - Setting next_dagrun for latest_only to 2023-12-06T05:46:25.803392+00:00, run_after=2023-12-06T09:46:25.803392+00:00
[2023-12-06T09:46:25.826+0000] {processor.py:179} INFO - Processing /home/airflow/.local/lib/python3.8/site-packages/airflow/example_dags/example_latest_only.py took 0.084 seconds
[2023-12-06T09:46:56.084+0000] {processor.py:157} INFO - Started process (PID=1221) to work on /home/airflow/.local/lib/python3.8/site-packages/airflow/example_dags/example_latest_only.py
[2023-12-06T09:46:56.087+0000] {processor.py:829} INFO - Processing file /home/airflow/.local/lib/python3.8/site-packages/airflow/example_dags/example_latest_only.py for tasks to queue
[2023-12-06T09:46:56.089+0000] {logging_mixin.py:154} INFO - [2023-12-06T09:46:56.089+0000] {dagbag.py:536} INFO - Filling up the DagBag from /home/airflow/.local/lib/python3.8/site-packages/airflow/example_dags/example_latest_only.py
[2023-12-06T09:46:56.095+0000] {processor.py:839} INFO - DAG(s) dict_keys(['latest_only']) retrieved from /home/airflow/.local/lib/python3.8/site-packages/airflow/example_dags/example_latest_only.py
[2023-12-06T09:46:56.121+0000] {logging_mixin.py:154} INFO - [2023-12-06T09:46:56.121+0000] {dag.py:2941} INFO - Sync 1 DAGs
[2023-12-06T09:46:56.146+0000] {logging_mixin.py:154} INFO - [2023-12-06T09:46:56.146+0000] {dag.py:3722} INFO - Setting next_dagrun for latest_only to 2023-12-06T05:46:56.146523+00:00, run_after=2023-12-06T09:46:56.146523+00:00
[2023-12-06T09:46:56.168+0000] {processor.py:179} INFO - Processing /home/airflow/.local/lib/python3.8/site-packages/airflow/example_dags/example_latest_only.py took 0.088 seconds
[2023-12-06T09:47:26.392+0000] {processor.py:157} INFO - Started process (PID=1277) to work on /home/airflow/.local/lib/python3.8/site-packages/airflow/example_dags/example_latest_only.py
[2023-12-06T09:47:26.394+0000] {processor.py:829} INFO - Processing file /home/airflow/.local/lib/python3.8/site-packages/airflow/example_dags/example_latest_only.py for tasks to queue
[2023-12-06T09:47:26.396+0000] {logging_mixin.py:154} INFO - [2023-12-06T09:47:26.395+0000] {dagbag.py:536} INFO - Filling up the DagBag from /home/airflow/.local/lib/python3.8/site-packages/airflow/example_dags/example_latest_only.py
[2023-12-06T09:47:26.405+0000] {processor.py:839} INFO - DAG(s) dict_keys(['latest_only']) retrieved from /home/airflow/.local/lib/python3.8/site-packages/airflow/example_dags/example_latest_only.py
[2023-12-06T09:47:26.428+0000] {logging_mixin.py:154} INFO - [2023-12-06T09:47:26.427+0000] {dag.py:2941} INFO - Sync 1 DAGs
[2023-12-06T09:47:26.450+0000] {logging_mixin.py:154} INFO - [2023-12-06T09:47:26.450+0000] {dag.py:3722} INFO - Setting next_dagrun for latest_only to 2023-12-06T05:47:26.449840+00:00, run_after=2023-12-06T09:47:26.449840+00:00
[2023-12-06T09:47:26.466+0000] {processor.py:179} INFO - Processing /home/airflow/.local/lib/python3.8/site-packages/airflow/example_dags/example_latest_only.py took 0.077 seconds
[2023-12-06T09:47:57.033+0000] {processor.py:157} INFO - Started process (PID=1335) to work on /home/airflow/.local/lib/python3.8/site-packages/airflow/example_dags/example_latest_only.py
[2023-12-06T09:47:57.035+0000] {processor.py:829} INFO - Processing file /home/airflow/.local/lib/python3.8/site-packages/airflow/example_dags/example_latest_only.py for tasks to queue
[2023-12-06T09:47:57.036+0000] {logging_mixin.py:154} INFO - [2023-12-06T09:47:57.036+0000] {dagbag.py:536} INFO - Filling up the DagBag from /home/airflow/.local/lib/python3.8/site-packages/airflow/example_dags/example_latest_only.py
[2023-12-06T09:47:57.043+0000] {processor.py:839} INFO - DAG(s) dict_keys(['latest_only']) retrieved from /home/airflow/.local/lib/python3.8/site-packages/airflow/example_dags/example_latest_only.py
[2023-12-06T09:47:57.066+0000] {logging_mixin.py:154} INFO - [2023-12-06T09:47:57.065+0000] {dag.py:2941} INFO - Sync 1 DAGs
[2023-12-06T09:47:57.094+0000] {logging_mixin.py:154} INFO - [2023-12-06T09:47:57.094+0000] {dag.py:3722} INFO - Setting next_dagrun for latest_only to 2023-12-06T05:47:57.093833+00:00, run_after=2023-12-06T09:47:57.093833+00:00
[2023-12-06T09:47:57.115+0000] {processor.py:179} INFO - Processing /home/airflow/.local/lib/python3.8/site-packages/airflow/example_dags/example_latest_only.py took 0.085 seconds
[2023-12-06T09:48:28.910+0000] {processor.py:157} INFO - Started process (PID=1404) to work on /home/airflow/.local/lib/python3.8/site-packages/airflow/example_dags/example_latest_only.py
[2023-12-06T09:48:28.913+0000] {processor.py:829} INFO - Processing file /home/airflow/.local/lib/python3.8/site-packages/airflow/example_dags/example_latest_only.py for tasks to queue
[2023-12-06T09:48:28.914+0000] {logging_mixin.py:154} INFO - [2023-12-06T09:48:28.914+0000] {dagbag.py:536} INFO - Filling up the DagBag from /home/airflow/.local/lib/python3.8/site-packages/airflow/example_dags/example_latest_only.py
[2023-12-06T09:48:28.925+0000] {processor.py:839} INFO - DAG(s) dict_keys(['latest_only']) retrieved from /home/airflow/.local/lib/python3.8/site-packages/airflow/example_dags/example_latest_only.py
[2023-12-06T09:48:28.963+0000] {logging_mixin.py:154} INFO - [2023-12-06T09:48:28.962+0000] {dag.py:2941} INFO - Sync 1 DAGs
[2023-12-06T09:48:29.141+0000] {logging_mixin.py:154} INFO - [2023-12-06T09:48:29.141+0000] {dag.py:3722} INFO - Setting next_dagrun for latest_only to 2023-12-06T05:48:29.141291+00:00, run_after=2023-12-06T09:48:29.141291+00:00
[2023-12-06T09:48:29.164+0000] {processor.py:179} INFO - Processing /home/airflow/.local/lib/python3.8/site-packages/airflow/example_dags/example_latest_only.py took 0.260 seconds
[2023-12-06T09:48:59.828+0000] {processor.py:157} INFO - Started process (PID=1460) to work on /home/airflow/.local/lib/python3.8/site-packages/airflow/example_dags/example_latest_only.py
[2023-12-06T09:48:59.830+0000] {processor.py:829} INFO - Processing file /home/airflow/.local/lib/python3.8/site-packages/airflow/example_dags/example_latest_only.py for tasks to queue
[2023-12-06T09:48:59.832+0000] {logging_mixin.py:154} INFO - [2023-12-06T09:48:59.831+0000] {dagbag.py:536} INFO - Filling up the DagBag from /home/airflow/.local/lib/python3.8/site-packages/airflow/example_dags/example_latest_only.py
[2023-12-06T09:48:59.839+0000] {processor.py:839} INFO - DAG(s) dict_keys(['latest_only']) retrieved from /home/airflow/.local/lib/python3.8/site-packages/airflow/example_dags/example_latest_only.py
[2023-12-06T09:48:59.864+0000] {logging_mixin.py:154} INFO - [2023-12-06T09:48:59.864+0000] {dag.py:2941} INFO - Sync 1 DAGs
[2023-12-06T09:48:59.887+0000] {logging_mixin.py:154} INFO - [2023-12-06T09:48:59.887+0000] {dag.py:3722} INFO - Setting next_dagrun for latest_only to 2023-12-06T05:48:59.887397+00:00, run_after=2023-12-06T09:48:59.887397+00:00
[2023-12-06T09:49:00.040+0000] {processor.py:179} INFO - Processing /home/airflow/.local/lib/python3.8/site-packages/airflow/example_dags/example_latest_only.py took 0.217 seconds
[2023-12-06T09:49:30.242+0000] {processor.py:157} INFO - Started process (PID=1516) to work on /home/airflow/.local/lib/python3.8/site-packages/airflow/example_dags/example_latest_only.py
[2023-12-06T09:49:30.244+0000] {processor.py:829} INFO - Processing file /home/airflow/.local/lib/python3.8/site-packages/airflow/example_dags/example_latest_only.py for tasks to queue
[2023-12-06T09:49:30.245+0000] {logging_mixin.py:154} INFO - [2023-12-06T09:49:30.245+0000] {dagbag.py:536} INFO - Filling up the DagBag from /home/airflow/.local/lib/python3.8/site-packages/airflow/example_dags/example_latest_only.py
[2023-12-06T09:49:30.253+0000] {processor.py:839} INFO - DAG(s) dict_keys(['latest_only']) retrieved from /home/airflow/.local/lib/python3.8/site-packages/airflow/example_dags/example_latest_only.py
[2023-12-06T09:49:30.278+0000] {logging_mixin.py:154} INFO - [2023-12-06T09:49:30.278+0000] {dag.py:2941} INFO - Sync 1 DAGs
[2023-12-06T09:49:30.303+0000] {logging_mixin.py:154} INFO - [2023-12-06T09:49:30.303+0000] {dag.py:3722} INFO - Setting next_dagrun for latest_only to 2023-12-06T05:49:30.302790+00:00, run_after=2023-12-06T09:49:30.302790+00:00
[2023-12-06T09:49:30.323+0000] {processor.py:179} INFO - Processing /home/airflow/.local/lib/python3.8/site-packages/airflow/example_dags/example_latest_only.py took 0.085 seconds
[2023-12-06T09:50:01.167+0000] {processor.py:157} INFO - Started process (PID=1572) to work on /home/airflow/.local/lib/python3.8/site-packages/airflow/example_dags/example_latest_only.py
[2023-12-06T09:50:01.169+0000] {processor.py:829} INFO - Processing file /home/airflow/.local/lib/python3.8/site-packages/airflow/example_dags/example_latest_only.py for tasks to queue
[2023-12-06T09:50:01.170+0000] {logging_mixin.py:154} INFO - [2023-12-06T09:50:01.170+0000] {dagbag.py:536} INFO - Filling up the DagBag from /home/airflow/.local/lib/python3.8/site-packages/airflow/example_dags/example_latest_only.py
[2023-12-06T09:50:01.179+0000] {processor.py:839} INFO - DAG(s) dict_keys(['latest_only']) retrieved from /home/airflow/.local/lib/python3.8/site-packages/airflow/example_dags/example_latest_only.py
[2023-12-06T09:50:01.342+0000] {logging_mixin.py:154} INFO - [2023-12-06T09:50:01.342+0000] {dag.py:2941} INFO - Sync 1 DAGs
[2023-12-06T09:50:01.366+0000] {logging_mixin.py:154} INFO - [2023-12-06T09:50:01.366+0000] {dag.py:3722} INFO - Setting next_dagrun for latest_only to 2023-12-06T05:50:01.366327+00:00, run_after=2023-12-06T09:50:01.366327+00:00
[2023-12-06T09:50:01.386+0000] {processor.py:179} INFO - Processing /home/airflow/.local/lib/python3.8/site-packages/airflow/example_dags/example_latest_only.py took 0.225 seconds
[2023-12-06T09:50:31.942+0000] {processor.py:157} INFO - Started process (PID=1627) to work on /home/airflow/.local/lib/python3.8/site-packages/airflow/example_dags/example_latest_only.py
[2023-12-06T09:50:31.943+0000] {processor.py:829} INFO - Processing file /home/airflow/.local/lib/python3.8/site-packages/airflow/example_dags/example_latest_only.py for tasks to queue
[2023-12-06T09:50:31.945+0000] {logging_mixin.py:154} INFO - [2023-12-06T09:50:31.944+0000] {dagbag.py:536} INFO - Filling up the DagBag from /home/airflow/.local/lib/python3.8/site-packages/airflow/example_dags/example_latest_only.py
[2023-12-06T09:50:31.953+0000] {processor.py:839} INFO - DAG(s) dict_keys(['latest_only']) retrieved from /home/airflow/.local/lib/python3.8/site-packages/airflow/example_dags/example_latest_only.py
[2023-12-06T09:50:31.974+0000] {logging_mixin.py:154} INFO - [2023-12-06T09:50:31.974+0000] {dag.py:2941} INFO - Sync 1 DAGs
[2023-12-06T09:50:32.135+0000] {logging_mixin.py:154} INFO - [2023-12-06T09:50:32.134+0000] {dag.py:3722} INFO - Setting next_dagrun for latest_only to 2023-12-06T05:50:32.134483+00:00, run_after=2023-12-06T09:50:32.134483+00:00
[2023-12-06T09:50:32.155+0000] {processor.py:179} INFO - Processing /home/airflow/.local/lib/python3.8/site-packages/airflow/example_dags/example_latest_only.py took 0.218 seconds
