[2023-12-06T09:36:12.288+0000] {processor.py:157} INFO - Started process (PID=41) to work on /home/airflow/.local/lib/python3.8/site-packages/airflow/example_dags/example_dynamic_task_mapping.py
[2023-12-06T09:36:12.289+0000] {processor.py:829} INFO - Processing file /home/airflow/.local/lib/python3.8/site-packages/airflow/example_dags/example_dynamic_task_mapping.py for tasks to queue
[2023-12-06T09:36:12.292+0000] {logging_mixin.py:154} INFO - [2023-12-06T09:36:12.292+0000] {dagbag.py:536} INFO - Filling up the DagBag from /home/airflow/.local/lib/python3.8/site-packages/airflow/example_dags/example_dynamic_task_mapping.py
[2023-12-06T09:36:12.303+0000] {processor.py:839} INFO - DAG(s) dict_keys(['example_dynamic_task_mapping']) retrieved from /home/airflow/.local/lib/python3.8/site-packages/airflow/example_dags/example_dynamic_task_mapping.py
[2023-12-06T09:36:12.464+0000] {logging_mixin.py:154} INFO - [2023-12-06T09:36:12.463+0000] {manager.py:499} INFO - Created Permission View: %s
[2023-12-06T09:36:12.475+0000] {logging_mixin.py:154} INFO - [2023-12-06T09:36:12.475+0000] {manager.py:499} INFO - Created Permission View: %s
[2023-12-06T09:36:12.483+0000] {logging_mixin.py:154} INFO - [2023-12-06T09:36:12.483+0000] {manager.py:499} INFO - Created Permission View: %s
[2023-12-06T09:36:12.484+0000] {logging_mixin.py:154} INFO - [2023-12-06T09:36:12.484+0000] {dag.py:2941} INFO - Sync 1 DAGs
[2023-12-06T09:36:12.502+0000] {logging_mixin.py:154} INFO - [2023-12-06T09:36:12.502+0000] {dag.py:2963} INFO - Creating ORM DAG for example_dynamic_task_mapping
[2023-12-06T09:36:12.526+0000] {logging_mixin.py:154} INFO - [2023-12-06T09:36:12.526+0000] {dag.py:3722} INFO - Setting next_dagrun for example_dynamic_task_mapping to 2022-03-04T00:00:00+00:00, run_after=2022-03-05T00:00:00+00:00
[2023-12-06T09:36:12.546+0000] {processor.py:179} INFO - Processing /home/airflow/.local/lib/python3.8/site-packages/airflow/example_dags/example_dynamic_task_mapping.py took 0.262 seconds
[2023-12-06T09:36:43.342+0000] {processor.py:157} INFO - Started process (PID=95) to work on /home/airflow/.local/lib/python3.8/site-packages/airflow/example_dags/example_dynamic_task_mapping.py
[2023-12-06T09:36:43.344+0000] {processor.py:829} INFO - Processing file /home/airflow/.local/lib/python3.8/site-packages/airflow/example_dags/example_dynamic_task_mapping.py for tasks to queue
[2023-12-06T09:36:43.347+0000] {logging_mixin.py:154} INFO - [2023-12-06T09:36:43.347+0000] {dagbag.py:536} INFO - Filling up the DagBag from /home/airflow/.local/lib/python3.8/site-packages/airflow/example_dags/example_dynamic_task_mapping.py
[2023-12-06T09:36:43.356+0000] {processor.py:839} INFO - DAG(s) dict_keys(['example_dynamic_task_mapping']) retrieved from /home/airflow/.local/lib/python3.8/site-packages/airflow/example_dags/example_dynamic_task_mapping.py
[2023-12-06T09:36:43.379+0000] {logging_mixin.py:154} INFO - [2023-12-06T09:36:43.379+0000] {dag.py:2941} INFO - Sync 1 DAGs
[2023-12-06T09:36:43.403+0000] {logging_mixin.py:154} INFO - [2023-12-06T09:36:43.403+0000] {dag.py:3722} INFO - Setting next_dagrun for example_dynamic_task_mapping to 2022-03-04T00:00:00+00:00, run_after=2022-03-05T00:00:00+00:00
[2023-12-06T09:36:43.421+0000] {processor.py:179} INFO - Processing /home/airflow/.local/lib/python3.8/site-packages/airflow/example_dags/example_dynamic_task_mapping.py took 0.083 seconds
[2023-12-06T09:37:13.580+0000] {processor.py:157} INFO - Started process (PID=149) to work on /home/airflow/.local/lib/python3.8/site-packages/airflow/example_dags/example_dynamic_task_mapping.py
[2023-12-06T09:37:13.581+0000] {processor.py:829} INFO - Processing file /home/airflow/.local/lib/python3.8/site-packages/airflow/example_dags/example_dynamic_task_mapping.py for tasks to queue
[2023-12-06T09:37:13.584+0000] {logging_mixin.py:154} INFO - [2023-12-06T09:37:13.584+0000] {dagbag.py:536} INFO - Filling up the DagBag from /home/airflow/.local/lib/python3.8/site-packages/airflow/example_dags/example_dynamic_task_mapping.py
[2023-12-06T09:37:13.592+0000] {processor.py:839} INFO - DAG(s) dict_keys(['example_dynamic_task_mapping']) retrieved from /home/airflow/.local/lib/python3.8/site-packages/airflow/example_dags/example_dynamic_task_mapping.py
[2023-12-06T09:37:13.612+0000] {logging_mixin.py:154} INFO - [2023-12-06T09:37:13.612+0000] {dag.py:2941} INFO - Sync 1 DAGs
[2023-12-06T09:37:13.637+0000] {logging_mixin.py:154} INFO - [2023-12-06T09:37:13.637+0000] {dag.py:3722} INFO - Setting next_dagrun for example_dynamic_task_mapping to 2022-03-04T00:00:00+00:00, run_after=2022-03-05T00:00:00+00:00
[2023-12-06T09:37:13.655+0000] {processor.py:179} INFO - Processing /home/airflow/.local/lib/python3.8/site-packages/airflow/example_dags/example_dynamic_task_mapping.py took 0.080 seconds
[2023-12-06T09:37:44.331+0000] {processor.py:157} INFO - Started process (PID=203) to work on /home/airflow/.local/lib/python3.8/site-packages/airflow/example_dags/example_dynamic_task_mapping.py
[2023-12-06T09:37:44.333+0000] {processor.py:829} INFO - Processing file /home/airflow/.local/lib/python3.8/site-packages/airflow/example_dags/example_dynamic_task_mapping.py for tasks to queue
[2023-12-06T09:37:44.336+0000] {logging_mixin.py:154} INFO - [2023-12-06T09:37:44.336+0000] {dagbag.py:536} INFO - Filling up the DagBag from /home/airflow/.local/lib/python3.8/site-packages/airflow/example_dags/example_dynamic_task_mapping.py
[2023-12-06T09:37:44.345+0000] {processor.py:839} INFO - DAG(s) dict_keys(['example_dynamic_task_mapping']) retrieved from /home/airflow/.local/lib/python3.8/site-packages/airflow/example_dags/example_dynamic_task_mapping.py
[2023-12-06T09:37:44.367+0000] {logging_mixin.py:154} INFO - [2023-12-06T09:37:44.366+0000] {dag.py:2941} INFO - Sync 1 DAGs
[2023-12-06T09:37:44.390+0000] {logging_mixin.py:154} INFO - [2023-12-06T09:37:44.389+0000] {dag.py:3722} INFO - Setting next_dagrun for example_dynamic_task_mapping to 2022-03-04T00:00:00+00:00, run_after=2022-03-05T00:00:00+00:00
[2023-12-06T09:37:44.414+0000] {processor.py:179} INFO - Processing /home/airflow/.local/lib/python3.8/site-packages/airflow/example_dags/example_dynamic_task_mapping.py took 0.086 seconds
[2023-12-06T09:38:15.170+0000] {processor.py:157} INFO - Started process (PID=257) to work on /home/airflow/.local/lib/python3.8/site-packages/airflow/example_dags/example_dynamic_task_mapping.py
[2023-12-06T09:38:15.172+0000] {processor.py:829} INFO - Processing file /home/airflow/.local/lib/python3.8/site-packages/airflow/example_dags/example_dynamic_task_mapping.py for tasks to queue
[2023-12-06T09:38:15.176+0000] {logging_mixin.py:154} INFO - [2023-12-06T09:38:15.175+0000] {dagbag.py:536} INFO - Filling up the DagBag from /home/airflow/.local/lib/python3.8/site-packages/airflow/example_dags/example_dynamic_task_mapping.py
[2023-12-06T09:38:15.184+0000] {processor.py:839} INFO - DAG(s) dict_keys(['example_dynamic_task_mapping']) retrieved from /home/airflow/.local/lib/python3.8/site-packages/airflow/example_dags/example_dynamic_task_mapping.py
[2023-12-06T09:38:15.209+0000] {logging_mixin.py:154} INFO - [2023-12-06T09:38:15.209+0000] {dag.py:2941} INFO - Sync 1 DAGs
[2023-12-06T09:38:15.232+0000] {logging_mixin.py:154} INFO - [2023-12-06T09:38:15.231+0000] {dag.py:3722} INFO - Setting next_dagrun for example_dynamic_task_mapping to 2022-03-04T00:00:00+00:00, run_after=2022-03-05T00:00:00+00:00
[2023-12-06T09:38:15.249+0000] {processor.py:179} INFO - Processing /home/airflow/.local/lib/python3.8/site-packages/airflow/example_dags/example_dynamic_task_mapping.py took 0.083 seconds
[2023-12-06T09:38:46.157+0000] {processor.py:157} INFO - Started process (PID=312) to work on /home/airflow/.local/lib/python3.8/site-packages/airflow/example_dags/example_dynamic_task_mapping.py
[2023-12-06T09:38:46.159+0000] {processor.py:829} INFO - Processing file /home/airflow/.local/lib/python3.8/site-packages/airflow/example_dags/example_dynamic_task_mapping.py for tasks to queue
[2023-12-06T09:38:46.162+0000] {logging_mixin.py:154} INFO - [2023-12-06T09:38:46.162+0000] {dagbag.py:536} INFO - Filling up the DagBag from /home/airflow/.local/lib/python3.8/site-packages/airflow/example_dags/example_dynamic_task_mapping.py
[2023-12-06T09:38:46.171+0000] {processor.py:839} INFO - DAG(s) dict_keys(['example_dynamic_task_mapping']) retrieved from /home/airflow/.local/lib/python3.8/site-packages/airflow/example_dags/example_dynamic_task_mapping.py
[2023-12-06T09:38:46.192+0000] {logging_mixin.py:154} INFO - [2023-12-06T09:38:46.192+0000] {dag.py:2941} INFO - Sync 1 DAGs
[2023-12-06T09:38:46.216+0000] {logging_mixin.py:154} INFO - [2023-12-06T09:38:46.216+0000] {dag.py:3722} INFO - Setting next_dagrun for example_dynamic_task_mapping to 2022-03-04T00:00:00+00:00, run_after=2022-03-05T00:00:00+00:00
[2023-12-06T09:38:46.234+0000] {processor.py:179} INFO - Processing /home/airflow/.local/lib/python3.8/site-packages/airflow/example_dags/example_dynamic_task_mapping.py took 0.081 seconds
[2023-12-06T09:39:17.215+0000] {processor.py:157} INFO - Started process (PID=366) to work on /home/airflow/.local/lib/python3.8/site-packages/airflow/example_dags/example_dynamic_task_mapping.py
[2023-12-06T09:39:17.216+0000] {processor.py:829} INFO - Processing file /home/airflow/.local/lib/python3.8/site-packages/airflow/example_dags/example_dynamic_task_mapping.py for tasks to queue
[2023-12-06T09:39:17.219+0000] {logging_mixin.py:154} INFO - [2023-12-06T09:39:17.219+0000] {dagbag.py:536} INFO - Filling up the DagBag from /home/airflow/.local/lib/python3.8/site-packages/airflow/example_dags/example_dynamic_task_mapping.py
[2023-12-06T09:39:17.228+0000] {processor.py:839} INFO - DAG(s) dict_keys(['example_dynamic_task_mapping']) retrieved from /home/airflow/.local/lib/python3.8/site-packages/airflow/example_dags/example_dynamic_task_mapping.py
[2023-12-06T09:39:17.251+0000] {logging_mixin.py:154} INFO - [2023-12-06T09:39:17.250+0000] {dag.py:2941} INFO - Sync 1 DAGs
[2023-12-06T09:39:17.273+0000] {logging_mixin.py:154} INFO - [2023-12-06T09:39:17.273+0000] {dag.py:3722} INFO - Setting next_dagrun for example_dynamic_task_mapping to 2022-03-04T00:00:00+00:00, run_after=2022-03-05T00:00:00+00:00
[2023-12-06T09:39:17.291+0000] {processor.py:179} INFO - Processing /home/airflow/.local/lib/python3.8/site-packages/airflow/example_dags/example_dynamic_task_mapping.py took 0.080 seconds
[2023-12-06T09:39:47.372+0000] {processor.py:157} INFO - Started process (PID=420) to work on /home/airflow/.local/lib/python3.8/site-packages/airflow/example_dags/example_dynamic_task_mapping.py
[2023-12-06T09:39:47.373+0000] {processor.py:829} INFO - Processing file /home/airflow/.local/lib/python3.8/site-packages/airflow/example_dags/example_dynamic_task_mapping.py for tasks to queue
[2023-12-06T09:39:47.376+0000] {logging_mixin.py:154} INFO - [2023-12-06T09:39:47.376+0000] {dagbag.py:536} INFO - Filling up the DagBag from /home/airflow/.local/lib/python3.8/site-packages/airflow/example_dags/example_dynamic_task_mapping.py
[2023-12-06T09:39:47.385+0000] {processor.py:839} INFO - DAG(s) dict_keys(['example_dynamic_task_mapping']) retrieved from /home/airflow/.local/lib/python3.8/site-packages/airflow/example_dags/example_dynamic_task_mapping.py
[2023-12-06T09:39:47.405+0000] {logging_mixin.py:154} INFO - [2023-12-06T09:39:47.405+0000] {dag.py:2941} INFO - Sync 1 DAGs
[2023-12-06T09:39:47.428+0000] {logging_mixin.py:154} INFO - [2023-12-06T09:39:47.427+0000] {dag.py:3722} INFO - Setting next_dagrun for example_dynamic_task_mapping to 2022-03-04T00:00:00+00:00, run_after=2022-03-05T00:00:00+00:00
[2023-12-06T09:39:47.446+0000] {processor.py:179} INFO - Processing /home/airflow/.local/lib/python3.8/site-packages/airflow/example_dags/example_dynamic_task_mapping.py took 0.079 seconds
[2023-12-06T09:40:17.673+0000] {processor.py:157} INFO - Started process (PID=475) to work on /home/airflow/.local/lib/python3.8/site-packages/airflow/example_dags/example_dynamic_task_mapping.py
[2023-12-06T09:40:17.674+0000] {processor.py:829} INFO - Processing file /home/airflow/.local/lib/python3.8/site-packages/airflow/example_dags/example_dynamic_task_mapping.py for tasks to queue
[2023-12-06T09:40:17.677+0000] {logging_mixin.py:154} INFO - [2023-12-06T09:40:17.677+0000] {dagbag.py:536} INFO - Filling up the DagBag from /home/airflow/.local/lib/python3.8/site-packages/airflow/example_dags/example_dynamic_task_mapping.py
[2023-12-06T09:40:17.685+0000] {processor.py:839} INFO - DAG(s) dict_keys(['example_dynamic_task_mapping']) retrieved from /home/airflow/.local/lib/python3.8/site-packages/airflow/example_dags/example_dynamic_task_mapping.py
[2023-12-06T09:40:17.709+0000] {logging_mixin.py:154} INFO - [2023-12-06T09:40:17.709+0000] {dag.py:2941} INFO - Sync 1 DAGs
[2023-12-06T09:40:17.733+0000] {logging_mixin.py:154} INFO - [2023-12-06T09:40:17.733+0000] {dag.py:3722} INFO - Setting next_dagrun for example_dynamic_task_mapping to 2022-03-04T00:00:00+00:00, run_after=2022-03-05T00:00:00+00:00
[2023-12-06T09:40:17.753+0000] {processor.py:179} INFO - Processing /home/airflow/.local/lib/python3.8/site-packages/airflow/example_dags/example_dynamic_task_mapping.py took 0.084 seconds
[2023-12-06T09:40:47.855+0000] {processor.py:157} INFO - Started process (PID=529) to work on /home/airflow/.local/lib/python3.8/site-packages/airflow/example_dags/example_dynamic_task_mapping.py
[2023-12-06T09:40:47.857+0000] {processor.py:829} INFO - Processing file /home/airflow/.local/lib/python3.8/site-packages/airflow/example_dags/example_dynamic_task_mapping.py for tasks to queue
[2023-12-06T09:40:47.860+0000] {logging_mixin.py:154} INFO - [2023-12-06T09:40:47.859+0000] {dagbag.py:536} INFO - Filling up the DagBag from /home/airflow/.local/lib/python3.8/site-packages/airflow/example_dags/example_dynamic_task_mapping.py
[2023-12-06T09:40:47.868+0000] {processor.py:839} INFO - DAG(s) dict_keys(['example_dynamic_task_mapping']) retrieved from /home/airflow/.local/lib/python3.8/site-packages/airflow/example_dags/example_dynamic_task_mapping.py
[2023-12-06T09:40:47.889+0000] {logging_mixin.py:154} INFO - [2023-12-06T09:40:47.888+0000] {dag.py:2941} INFO - Sync 1 DAGs
[2023-12-06T09:40:47.911+0000] {logging_mixin.py:154} INFO - [2023-12-06T09:40:47.911+0000] {dag.py:3722} INFO - Setting next_dagrun for example_dynamic_task_mapping to 2022-03-04T00:00:00+00:00, run_after=2022-03-05T00:00:00+00:00
[2023-12-06T09:40:47.928+0000] {processor.py:179} INFO - Processing /home/airflow/.local/lib/python3.8/site-packages/airflow/example_dags/example_dynamic_task_mapping.py took 0.078 seconds
[2023-12-06T09:41:18.025+0000] {processor.py:157} INFO - Started process (PID=583) to work on /home/airflow/.local/lib/python3.8/site-packages/airflow/example_dags/example_dynamic_task_mapping.py
[2023-12-06T09:41:18.026+0000] {processor.py:829} INFO - Processing file /home/airflow/.local/lib/python3.8/site-packages/airflow/example_dags/example_dynamic_task_mapping.py for tasks to queue
[2023-12-06T09:41:18.028+0000] {logging_mixin.py:154} INFO - [2023-12-06T09:41:18.028+0000] {dagbag.py:536} INFO - Filling up the DagBag from /home/airflow/.local/lib/python3.8/site-packages/airflow/example_dags/example_dynamic_task_mapping.py
[2023-12-06T09:41:18.036+0000] {processor.py:839} INFO - DAG(s) dict_keys(['example_dynamic_task_mapping']) retrieved from /home/airflow/.local/lib/python3.8/site-packages/airflow/example_dags/example_dynamic_task_mapping.py
[2023-12-06T09:41:18.057+0000] {logging_mixin.py:154} INFO - [2023-12-06T09:41:18.057+0000] {dag.py:2941} INFO - Sync 1 DAGs
[2023-12-06T09:41:18.079+0000] {logging_mixin.py:154} INFO - [2023-12-06T09:41:18.079+0000] {dag.py:3722} INFO - Setting next_dagrun for example_dynamic_task_mapping to 2022-03-04T00:00:00+00:00, run_after=2022-03-05T00:00:00+00:00
[2023-12-06T09:41:18.097+0000] {processor.py:179} INFO - Processing /home/airflow/.local/lib/python3.8/site-packages/airflow/example_dags/example_dynamic_task_mapping.py took 0.076 seconds
[2023-12-06T09:41:48.601+0000] {processor.py:157} INFO - Started process (PID=637) to work on /home/airflow/.local/lib/python3.8/site-packages/airflow/example_dags/example_dynamic_task_mapping.py
[2023-12-06T09:41:48.603+0000] {processor.py:829} INFO - Processing file /home/airflow/.local/lib/python3.8/site-packages/airflow/example_dags/example_dynamic_task_mapping.py for tasks to queue
[2023-12-06T09:41:48.606+0000] {logging_mixin.py:154} INFO - [2023-12-06T09:41:48.605+0000] {dagbag.py:536} INFO - Filling up the DagBag from /home/airflow/.local/lib/python3.8/site-packages/airflow/example_dags/example_dynamic_task_mapping.py
[2023-12-06T09:41:48.613+0000] {processor.py:839} INFO - DAG(s) dict_keys(['example_dynamic_task_mapping']) retrieved from /home/airflow/.local/lib/python3.8/site-packages/airflow/example_dags/example_dynamic_task_mapping.py
[2023-12-06T09:41:48.633+0000] {logging_mixin.py:154} INFO - [2023-12-06T09:41:48.633+0000] {dag.py:2941} INFO - Sync 1 DAGs
[2023-12-06T09:41:48.658+0000] {logging_mixin.py:154} INFO - [2023-12-06T09:41:48.658+0000] {dag.py:3722} INFO - Setting next_dagrun for example_dynamic_task_mapping to 2022-03-04T00:00:00+00:00, run_after=2022-03-05T00:00:00+00:00
[2023-12-06T09:41:48.675+0000] {processor.py:179} INFO - Processing /home/airflow/.local/lib/python3.8/site-packages/airflow/example_dags/example_dynamic_task_mapping.py took 0.078 seconds
[2023-12-06T09:42:18.758+0000] {processor.py:157} INFO - Started process (PID=691) to work on /home/airflow/.local/lib/python3.8/site-packages/airflow/example_dags/example_dynamic_task_mapping.py
[2023-12-06T09:42:18.759+0000] {processor.py:829} INFO - Processing file /home/airflow/.local/lib/python3.8/site-packages/airflow/example_dags/example_dynamic_task_mapping.py for tasks to queue
[2023-12-06T09:42:18.762+0000] {logging_mixin.py:154} INFO - [2023-12-06T09:42:18.761+0000] {dagbag.py:536} INFO - Filling up the DagBag from /home/airflow/.local/lib/python3.8/site-packages/airflow/example_dags/example_dynamic_task_mapping.py
[2023-12-06T09:42:18.769+0000] {processor.py:839} INFO - DAG(s) dict_keys(['example_dynamic_task_mapping']) retrieved from /home/airflow/.local/lib/python3.8/site-packages/airflow/example_dags/example_dynamic_task_mapping.py
[2023-12-06T09:42:18.788+0000] {logging_mixin.py:154} INFO - [2023-12-06T09:42:18.788+0000] {dag.py:2941} INFO - Sync 1 DAGs
[2023-12-06T09:42:18.811+0000] {logging_mixin.py:154} INFO - [2023-12-06T09:42:18.811+0000] {dag.py:3722} INFO - Setting next_dagrun for example_dynamic_task_mapping to 2022-03-04T00:00:00+00:00, run_after=2022-03-05T00:00:00+00:00
[2023-12-06T09:42:18.830+0000] {processor.py:179} INFO - Processing /home/airflow/.local/lib/python3.8/site-packages/airflow/example_dags/example_dynamic_task_mapping.py took 0.076 seconds
[2023-12-06T09:42:49.333+0000] {processor.py:157} INFO - Started process (PID=745) to work on /home/airflow/.local/lib/python3.8/site-packages/airflow/example_dags/example_dynamic_task_mapping.py
[2023-12-06T09:42:49.334+0000] {processor.py:829} INFO - Processing file /home/airflow/.local/lib/python3.8/site-packages/airflow/example_dags/example_dynamic_task_mapping.py for tasks to queue
[2023-12-06T09:42:49.337+0000] {logging_mixin.py:154} INFO - [2023-12-06T09:42:49.337+0000] {dagbag.py:536} INFO - Filling up the DagBag from /home/airflow/.local/lib/python3.8/site-packages/airflow/example_dags/example_dynamic_task_mapping.py
[2023-12-06T09:42:49.346+0000] {processor.py:839} INFO - DAG(s) dict_keys(['example_dynamic_task_mapping']) retrieved from /home/airflow/.local/lib/python3.8/site-packages/airflow/example_dags/example_dynamic_task_mapping.py
[2023-12-06T09:42:49.368+0000] {logging_mixin.py:154} INFO - [2023-12-06T09:42:49.368+0000] {dag.py:2941} INFO - Sync 1 DAGs
[2023-12-06T09:42:49.390+0000] {logging_mixin.py:154} INFO - [2023-12-06T09:42:49.390+0000] {dag.py:3722} INFO - Setting next_dagrun for example_dynamic_task_mapping to 2022-03-04T00:00:00+00:00, run_after=2022-03-05T00:00:00+00:00
[2023-12-06T09:42:49.408+0000] {processor.py:179} INFO - Processing /home/airflow/.local/lib/python3.8/site-packages/airflow/example_dags/example_dynamic_task_mapping.py took 0.079 seconds
[2023-12-06T09:43:19.575+0000] {processor.py:157} INFO - Started process (PID=800) to work on /home/airflow/.local/lib/python3.8/site-packages/airflow/example_dags/example_dynamic_task_mapping.py
[2023-12-06T09:43:19.576+0000] {processor.py:829} INFO - Processing file /home/airflow/.local/lib/python3.8/site-packages/airflow/example_dags/example_dynamic_task_mapping.py for tasks to queue
[2023-12-06T09:43:19.580+0000] {logging_mixin.py:154} INFO - [2023-12-06T09:43:19.580+0000] {dagbag.py:536} INFO - Filling up the DagBag from /home/airflow/.local/lib/python3.8/site-packages/airflow/example_dags/example_dynamic_task_mapping.py
[2023-12-06T09:43:19.589+0000] {processor.py:839} INFO - DAG(s) dict_keys(['example_dynamic_task_mapping']) retrieved from /home/airflow/.local/lib/python3.8/site-packages/airflow/example_dags/example_dynamic_task_mapping.py
[2023-12-06T09:43:19.611+0000] {logging_mixin.py:154} INFO - [2023-12-06T09:43:19.610+0000] {dag.py:2941} INFO - Sync 1 DAGs
[2023-12-06T09:43:19.633+0000] {logging_mixin.py:154} INFO - [2023-12-06T09:43:19.633+0000] {dag.py:3722} INFO - Setting next_dagrun for example_dynamic_task_mapping to 2022-03-04T00:00:00+00:00, run_after=2022-03-05T00:00:00+00:00
[2023-12-06T09:43:19.649+0000] {processor.py:179} INFO - Processing /home/airflow/.local/lib/python3.8/site-packages/airflow/example_dags/example_dynamic_task_mapping.py took 0.078 seconds
[2023-12-06T09:43:50.599+0000] {processor.py:157} INFO - Started process (PID=854) to work on /home/airflow/.local/lib/python3.8/site-packages/airflow/example_dags/example_dynamic_task_mapping.py
[2023-12-06T09:43:50.600+0000] {processor.py:829} INFO - Processing file /home/airflow/.local/lib/python3.8/site-packages/airflow/example_dags/example_dynamic_task_mapping.py for tasks to queue
[2023-12-06T09:43:50.604+0000] {logging_mixin.py:154} INFO - [2023-12-06T09:43:50.603+0000] {dagbag.py:536} INFO - Filling up the DagBag from /home/airflow/.local/lib/python3.8/site-packages/airflow/example_dags/example_dynamic_task_mapping.py
[2023-12-06T09:43:50.615+0000] {processor.py:839} INFO - DAG(s) dict_keys(['example_dynamic_task_mapping']) retrieved from /home/airflow/.local/lib/python3.8/site-packages/airflow/example_dags/example_dynamic_task_mapping.py
[2023-12-06T09:43:50.640+0000] {logging_mixin.py:154} INFO - [2023-12-06T09:43:50.640+0000] {dag.py:2941} INFO - Sync 1 DAGs
[2023-12-06T09:43:50.669+0000] {logging_mixin.py:154} INFO - [2023-12-06T09:43:50.669+0000] {dag.py:3722} INFO - Setting next_dagrun for example_dynamic_task_mapping to 2022-03-04T00:00:00+00:00, run_after=2022-03-05T00:00:00+00:00
[2023-12-06T09:43:50.696+0000] {processor.py:179} INFO - Processing /home/airflow/.local/lib/python3.8/site-packages/airflow/example_dags/example_dynamic_task_mapping.py took 0.103 seconds
[2023-12-06T09:44:20.773+0000] {processor.py:157} INFO - Started process (PID=908) to work on /home/airflow/.local/lib/python3.8/site-packages/airflow/example_dags/example_dynamic_task_mapping.py
[2023-12-06T09:44:20.775+0000] {processor.py:829} INFO - Processing file /home/airflow/.local/lib/python3.8/site-packages/airflow/example_dags/example_dynamic_task_mapping.py for tasks to queue
[2023-12-06T09:44:20.778+0000] {logging_mixin.py:154} INFO - [2023-12-06T09:44:20.777+0000] {dagbag.py:536} INFO - Filling up the DagBag from /home/airflow/.local/lib/python3.8/site-packages/airflow/example_dags/example_dynamic_task_mapping.py
[2023-12-06T09:44:20.785+0000] {processor.py:839} INFO - DAG(s) dict_keys(['example_dynamic_task_mapping']) retrieved from /home/airflow/.local/lib/python3.8/site-packages/airflow/example_dags/example_dynamic_task_mapping.py
[2023-12-06T09:44:20.804+0000] {logging_mixin.py:154} INFO - [2023-12-06T09:44:20.804+0000] {dag.py:2941} INFO - Sync 1 DAGs
[2023-12-06T09:44:20.828+0000] {logging_mixin.py:154} INFO - [2023-12-06T09:44:20.828+0000] {dag.py:3722} INFO - Setting next_dagrun for example_dynamic_task_mapping to 2022-03-04T00:00:00+00:00, run_after=2022-03-05T00:00:00+00:00
[2023-12-06T09:44:20.846+0000] {processor.py:179} INFO - Processing /home/airflow/.local/lib/python3.8/site-packages/airflow/example_dags/example_dynamic_task_mapping.py took 0.077 seconds
[2023-12-06T09:44:51.034+0000] {processor.py:157} INFO - Started process (PID=962) to work on /home/airflow/.local/lib/python3.8/site-packages/airflow/example_dags/example_dynamic_task_mapping.py
[2023-12-06T09:44:51.036+0000] {processor.py:829} INFO - Processing file /home/airflow/.local/lib/python3.8/site-packages/airflow/example_dags/example_dynamic_task_mapping.py for tasks to queue
[2023-12-06T09:44:51.039+0000] {logging_mixin.py:154} INFO - [2023-12-06T09:44:51.039+0000] {dagbag.py:536} INFO - Filling up the DagBag from /home/airflow/.local/lib/python3.8/site-packages/airflow/example_dags/example_dynamic_task_mapping.py
[2023-12-06T09:44:51.046+0000] {processor.py:839} INFO - DAG(s) dict_keys(['example_dynamic_task_mapping']) retrieved from /home/airflow/.local/lib/python3.8/site-packages/airflow/example_dags/example_dynamic_task_mapping.py
[2023-12-06T09:44:51.066+0000] {logging_mixin.py:154} INFO - [2023-12-06T09:44:51.066+0000] {dag.py:2941} INFO - Sync 1 DAGs
[2023-12-06T09:44:51.089+0000] {logging_mixin.py:154} INFO - [2023-12-06T09:44:51.089+0000] {dag.py:3722} INFO - Setting next_dagrun for example_dynamic_task_mapping to 2022-03-04T00:00:00+00:00, run_after=2022-03-05T00:00:00+00:00
[2023-12-06T09:44:51.106+0000] {processor.py:179} INFO - Processing /home/airflow/.local/lib/python3.8/site-packages/airflow/example_dags/example_dynamic_task_mapping.py took 0.076 seconds
[2023-12-06T09:45:21.224+0000] {processor.py:157} INFO - Started process (PID=1016) to work on /home/airflow/.local/lib/python3.8/site-packages/airflow/example_dags/example_dynamic_task_mapping.py
[2023-12-06T09:45:21.226+0000] {processor.py:829} INFO - Processing file /home/airflow/.local/lib/python3.8/site-packages/airflow/example_dags/example_dynamic_task_mapping.py for tasks to queue
[2023-12-06T09:45:21.229+0000] {logging_mixin.py:154} INFO - [2023-12-06T09:45:21.228+0000] {dagbag.py:536} INFO - Filling up the DagBag from /home/airflow/.local/lib/python3.8/site-packages/airflow/example_dags/example_dynamic_task_mapping.py
[2023-12-06T09:45:21.236+0000] {processor.py:839} INFO - DAG(s) dict_keys(['example_dynamic_task_mapping']) retrieved from /home/airflow/.local/lib/python3.8/site-packages/airflow/example_dags/example_dynamic_task_mapping.py
[2023-12-06T09:45:21.258+0000] {logging_mixin.py:154} INFO - [2023-12-06T09:45:21.258+0000] {dag.py:2941} INFO - Sync 1 DAGs
[2023-12-06T09:45:21.281+0000] {logging_mixin.py:154} INFO - [2023-12-06T09:45:21.280+0000] {dag.py:3722} INFO - Setting next_dagrun for example_dynamic_task_mapping to 2022-03-04T00:00:00+00:00, run_after=2022-03-05T00:00:00+00:00
[2023-12-06T09:45:21.298+0000] {processor.py:179} INFO - Processing /home/airflow/.local/lib/python3.8/site-packages/airflow/example_dags/example_dynamic_task_mapping.py took 0.078 seconds
[2023-12-06T09:45:51.452+0000] {processor.py:157} INFO - Started process (PID=1082) to work on /home/airflow/.local/lib/python3.8/site-packages/airflow/example_dags/example_dynamic_task_mapping.py
[2023-12-06T09:45:51.453+0000] {processor.py:829} INFO - Processing file /home/airflow/.local/lib/python3.8/site-packages/airflow/example_dags/example_dynamic_task_mapping.py for tasks to queue
[2023-12-06T09:45:51.456+0000] {logging_mixin.py:154} INFO - [2023-12-06T09:45:51.456+0000] {dagbag.py:536} INFO - Filling up the DagBag from /home/airflow/.local/lib/python3.8/site-packages/airflow/example_dags/example_dynamic_task_mapping.py
[2023-12-06T09:45:51.465+0000] {processor.py:839} INFO - DAG(s) dict_keys(['example_dynamic_task_mapping']) retrieved from /home/airflow/.local/lib/python3.8/site-packages/airflow/example_dags/example_dynamic_task_mapping.py
[2023-12-06T09:45:51.485+0000] {logging_mixin.py:154} INFO - [2023-12-06T09:45:51.485+0000] {dag.py:2941} INFO - Sync 1 DAGs
[2023-12-06T09:45:51.508+0000] {logging_mixin.py:154} INFO - [2023-12-06T09:45:51.508+0000] {dag.py:3722} INFO - Setting next_dagrun for example_dynamic_task_mapping to 2022-03-04T00:00:00+00:00, run_after=2022-03-05T00:00:00+00:00
[2023-12-06T09:45:51.526+0000] {processor.py:179} INFO - Processing /home/airflow/.local/lib/python3.8/site-packages/airflow/example_dags/example_dynamic_task_mapping.py took 0.080 seconds
[2023-12-06T09:46:21.659+0000] {processor.py:157} INFO - Started process (PID=1139) to work on /home/airflow/.local/lib/python3.8/site-packages/airflow/example_dags/example_dynamic_task_mapping.py
[2023-12-06T09:46:21.660+0000] {processor.py:829} INFO - Processing file /home/airflow/.local/lib/python3.8/site-packages/airflow/example_dags/example_dynamic_task_mapping.py for tasks to queue
[2023-12-06T09:46:21.663+0000] {logging_mixin.py:154} INFO - [2023-12-06T09:46:21.663+0000] {dagbag.py:536} INFO - Filling up the DagBag from /home/airflow/.local/lib/python3.8/site-packages/airflow/example_dags/example_dynamic_task_mapping.py
[2023-12-06T09:46:21.672+0000] {processor.py:839} INFO - DAG(s) dict_keys(['example_dynamic_task_mapping']) retrieved from /home/airflow/.local/lib/python3.8/site-packages/airflow/example_dags/example_dynamic_task_mapping.py
[2023-12-06T09:46:21.693+0000] {logging_mixin.py:154} INFO - [2023-12-06T09:46:21.692+0000] {dag.py:2941} INFO - Sync 1 DAGs
[2023-12-06T09:46:21.716+0000] {logging_mixin.py:154} INFO - [2023-12-06T09:46:21.716+0000] {dag.py:3722} INFO - Setting next_dagrun for example_dynamic_task_mapping to 2022-03-04T00:00:00+00:00, run_after=2022-03-05T00:00:00+00:00
[2023-12-06T09:46:21.733+0000] {processor.py:179} INFO - Processing /home/airflow/.local/lib/python3.8/site-packages/airflow/example_dags/example_dynamic_task_mapping.py took 0.079 seconds
[2023-12-06T09:46:52.253+0000] {processor.py:157} INFO - Started process (PID=1194) to work on /home/airflow/.local/lib/python3.8/site-packages/airflow/example_dags/example_dynamic_task_mapping.py
[2023-12-06T09:46:52.255+0000] {processor.py:829} INFO - Processing file /home/airflow/.local/lib/python3.8/site-packages/airflow/example_dags/example_dynamic_task_mapping.py for tasks to queue
[2023-12-06T09:46:52.258+0000] {logging_mixin.py:154} INFO - [2023-12-06T09:46:52.258+0000] {dagbag.py:536} INFO - Filling up the DagBag from /home/airflow/.local/lib/python3.8/site-packages/airflow/example_dags/example_dynamic_task_mapping.py
[2023-12-06T09:46:52.266+0000] {processor.py:839} INFO - DAG(s) dict_keys(['example_dynamic_task_mapping']) retrieved from /home/airflow/.local/lib/python3.8/site-packages/airflow/example_dags/example_dynamic_task_mapping.py
[2023-12-06T09:46:52.290+0000] {logging_mixin.py:154} INFO - [2023-12-06T09:46:52.290+0000] {dag.py:2941} INFO - Sync 1 DAGs
[2023-12-06T09:46:52.313+0000] {logging_mixin.py:154} INFO - [2023-12-06T09:46:52.313+0000] {dag.py:3722} INFO - Setting next_dagrun for example_dynamic_task_mapping to 2022-03-04T00:00:00+00:00, run_after=2022-03-05T00:00:00+00:00
[2023-12-06T09:46:52.330+0000] {processor.py:179} INFO - Processing /home/airflow/.local/lib/python3.8/site-packages/airflow/example_dags/example_dynamic_task_mapping.py took 0.080 seconds
[2023-12-06T09:47:22.631+0000] {processor.py:157} INFO - Started process (PID=1250) to work on /home/airflow/.local/lib/python3.8/site-packages/airflow/example_dags/example_dynamic_task_mapping.py
[2023-12-06T09:47:22.633+0000] {processor.py:829} INFO - Processing file /home/airflow/.local/lib/python3.8/site-packages/airflow/example_dags/example_dynamic_task_mapping.py for tasks to queue
[2023-12-06T09:47:22.635+0000] {logging_mixin.py:154} INFO - [2023-12-06T09:47:22.634+0000] {dagbag.py:536} INFO - Filling up the DagBag from /home/airflow/.local/lib/python3.8/site-packages/airflow/example_dags/example_dynamic_task_mapping.py
[2023-12-06T09:47:22.645+0000] {processor.py:839} INFO - DAG(s) dict_keys(['example_dynamic_task_mapping']) retrieved from /home/airflow/.local/lib/python3.8/site-packages/airflow/example_dags/example_dynamic_task_mapping.py
[2023-12-06T09:47:22.666+0000] {logging_mixin.py:154} INFO - [2023-12-06T09:47:22.666+0000] {dag.py:2941} INFO - Sync 1 DAGs
[2023-12-06T09:47:22.689+0000] {logging_mixin.py:154} INFO - [2023-12-06T09:47:22.688+0000] {dag.py:3722} INFO - Setting next_dagrun for example_dynamic_task_mapping to 2022-03-04T00:00:00+00:00, run_after=2022-03-05T00:00:00+00:00
[2023-12-06T09:47:22.706+0000] {processor.py:179} INFO - Processing /home/airflow/.local/lib/python3.8/site-packages/airflow/example_dags/example_dynamic_task_mapping.py took 0.080 seconds
[2023-12-06T09:47:53.236+0000] {processor.py:157} INFO - Started process (PID=1308) to work on /home/airflow/.local/lib/python3.8/site-packages/airflow/example_dags/example_dynamic_task_mapping.py
[2023-12-06T09:47:53.238+0000] {processor.py:829} INFO - Processing file /home/airflow/.local/lib/python3.8/site-packages/airflow/example_dags/example_dynamic_task_mapping.py for tasks to queue
[2023-12-06T09:47:53.239+0000] {logging_mixin.py:154} INFO - [2023-12-06T09:47:53.239+0000] {dagbag.py:536} INFO - Filling up the DagBag from /home/airflow/.local/lib/python3.8/site-packages/airflow/example_dags/example_dynamic_task_mapping.py
[2023-12-06T09:47:53.249+0000] {processor.py:839} INFO - DAG(s) dict_keys(['example_dynamic_task_mapping']) retrieved from /home/airflow/.local/lib/python3.8/site-packages/airflow/example_dags/example_dynamic_task_mapping.py
[2023-12-06T09:47:53.270+0000] {logging_mixin.py:154} INFO - [2023-12-06T09:47:53.269+0000] {dag.py:2941} INFO - Sync 1 DAGs
[2023-12-06T09:47:53.431+0000] {logging_mixin.py:154} INFO - [2023-12-06T09:47:53.431+0000] {dag.py:3722} INFO - Setting next_dagrun for example_dynamic_task_mapping to 2022-03-04T00:00:00+00:00, run_after=2022-03-05T00:00:00+00:00
[2023-12-06T09:47:53.451+0000] {processor.py:179} INFO - Processing /home/airflow/.local/lib/python3.8/site-packages/airflow/example_dags/example_dynamic_task_mapping.py took 0.219 seconds
[2023-12-06T09:48:23.486+0000] {processor.py:157} INFO - Started process (PID=1364) to work on /home/airflow/.local/lib/python3.8/site-packages/airflow/example_dags/example_dynamic_task_mapping.py
[2023-12-06T09:48:23.488+0000] {processor.py:829} INFO - Processing file /home/airflow/.local/lib/python3.8/site-packages/airflow/example_dags/example_dynamic_task_mapping.py for tasks to queue
[2023-12-06T09:48:23.489+0000] {logging_mixin.py:154} INFO - [2023-12-06T09:48:23.489+0000] {dagbag.py:536} INFO - Filling up the DagBag from /home/airflow/.local/lib/python3.8/site-packages/airflow/example_dags/example_dynamic_task_mapping.py
[2023-12-06T09:48:23.499+0000] {processor.py:839} INFO - DAG(s) dict_keys(['example_dynamic_task_mapping']) retrieved from /home/airflow/.local/lib/python3.8/site-packages/airflow/example_dags/example_dynamic_task_mapping.py
[2023-12-06T09:48:23.521+0000] {logging_mixin.py:154} INFO - [2023-12-06T09:48:23.521+0000] {dag.py:2941} INFO - Sync 1 DAGs
[2023-12-06T09:48:23.544+0000] {logging_mixin.py:154} INFO - [2023-12-06T09:48:23.544+0000] {dag.py:3722} INFO - Setting next_dagrun for example_dynamic_task_mapping to 2022-03-04T00:00:00+00:00, run_after=2022-03-05T00:00:00+00:00
[2023-12-06T09:48:23.564+0000] {processor.py:179} INFO - Processing /home/airflow/.local/lib/python3.8/site-packages/airflow/example_dags/example_dynamic_task_mapping.py took 0.083 seconds
[2023-12-06T09:48:54.252+0000] {processor.py:157} INFO - Started process (PID=1425) to work on /home/airflow/.local/lib/python3.8/site-packages/airflow/example_dags/example_dynamic_task_mapping.py
[2023-12-06T09:48:54.253+0000] {processor.py:829} INFO - Processing file /home/airflow/.local/lib/python3.8/site-packages/airflow/example_dags/example_dynamic_task_mapping.py for tasks to queue
[2023-12-06T09:48:54.255+0000] {logging_mixin.py:154} INFO - [2023-12-06T09:48:54.254+0000] {dagbag.py:536} INFO - Filling up the DagBag from /home/airflow/.local/lib/python3.8/site-packages/airflow/example_dags/example_dynamic_task_mapping.py
[2023-12-06T09:48:54.265+0000] {processor.py:839} INFO - DAG(s) dict_keys(['example_dynamic_task_mapping']) retrieved from /home/airflow/.local/lib/python3.8/site-packages/airflow/example_dags/example_dynamic_task_mapping.py
[2023-12-06T09:48:54.288+0000] {logging_mixin.py:154} INFO - [2023-12-06T09:48:54.288+0000] {dag.py:2941} INFO - Sync 1 DAGs
[2023-12-06T09:48:54.311+0000] {logging_mixin.py:154} INFO - [2023-12-06T09:48:54.311+0000] {dag.py:3722} INFO - Setting next_dagrun for example_dynamic_task_mapping to 2022-03-04T00:00:00+00:00, run_after=2022-03-05T00:00:00+00:00
[2023-12-06T09:48:54.331+0000] {processor.py:179} INFO - Processing /home/airflow/.local/lib/python3.8/site-packages/airflow/example_dags/example_dynamic_task_mapping.py took 0.084 seconds
[2023-12-06T09:49:25.111+0000] {processor.py:157} INFO - Started process (PID=1481) to work on /home/airflow/.local/lib/python3.8/site-packages/airflow/example_dags/example_dynamic_task_mapping.py
[2023-12-06T09:49:25.112+0000] {processor.py:829} INFO - Processing file /home/airflow/.local/lib/python3.8/site-packages/airflow/example_dags/example_dynamic_task_mapping.py for tasks to queue
[2023-12-06T09:49:25.113+0000] {logging_mixin.py:154} INFO - [2023-12-06T09:49:25.113+0000] {dagbag.py:536} INFO - Filling up the DagBag from /home/airflow/.local/lib/python3.8/site-packages/airflow/example_dags/example_dynamic_task_mapping.py
[2023-12-06T09:49:25.122+0000] {processor.py:839} INFO - DAG(s) dict_keys(['example_dynamic_task_mapping']) retrieved from /home/airflow/.local/lib/python3.8/site-packages/airflow/example_dags/example_dynamic_task_mapping.py
[2023-12-06T09:49:25.144+0000] {logging_mixin.py:154} INFO - [2023-12-06T09:49:25.143+0000] {dag.py:2941} INFO - Sync 1 DAGs
[2023-12-06T09:49:25.304+0000] {logging_mixin.py:154} INFO - [2023-12-06T09:49:25.304+0000] {dag.py:3722} INFO - Setting next_dagrun for example_dynamic_task_mapping to 2022-03-04T00:00:00+00:00, run_after=2022-03-05T00:00:00+00:00
[2023-12-06T09:49:25.326+0000] {processor.py:179} INFO - Processing /home/airflow/.local/lib/python3.8/site-packages/airflow/example_dags/example_dynamic_task_mapping.py took 0.219 seconds
[2023-12-06T09:49:55.456+0000] {processor.py:157} INFO - Started process (PID=1537) to work on /home/airflow/.local/lib/python3.8/site-packages/airflow/example_dags/example_dynamic_task_mapping.py
[2023-12-06T09:49:55.458+0000] {processor.py:829} INFO - Processing file /home/airflow/.local/lib/python3.8/site-packages/airflow/example_dags/example_dynamic_task_mapping.py for tasks to queue
[2023-12-06T09:49:55.459+0000] {logging_mixin.py:154} INFO - [2023-12-06T09:49:55.459+0000] {dagbag.py:536} INFO - Filling up the DagBag from /home/airflow/.local/lib/python3.8/site-packages/airflow/example_dags/example_dynamic_task_mapping.py
[2023-12-06T09:49:55.468+0000] {processor.py:839} INFO - DAG(s) dict_keys(['example_dynamic_task_mapping']) retrieved from /home/airflow/.local/lib/python3.8/site-packages/airflow/example_dags/example_dynamic_task_mapping.py
[2023-12-06T09:49:55.492+0000] {logging_mixin.py:154} INFO - [2023-12-06T09:49:55.492+0000] {dag.py:2941} INFO - Sync 1 DAGs
[2023-12-06T09:49:55.658+0000] {logging_mixin.py:154} INFO - [2023-12-06T09:49:55.658+0000] {dag.py:3722} INFO - Setting next_dagrun for example_dynamic_task_mapping to 2022-03-04T00:00:00+00:00, run_after=2022-03-05T00:00:00+00:00
[2023-12-06T09:49:55.679+0000] {processor.py:179} INFO - Processing /home/airflow/.local/lib/python3.8/site-packages/airflow/example_dags/example_dynamic_task_mapping.py took 0.228 seconds
[2023-12-06T09:50:26.222+0000] {processor.py:157} INFO - Started process (PID=1593) to work on /home/airflow/.local/lib/python3.8/site-packages/airflow/example_dags/example_dynamic_task_mapping.py
[2023-12-06T09:50:26.224+0000] {processor.py:829} INFO - Processing file /home/airflow/.local/lib/python3.8/site-packages/airflow/example_dags/example_dynamic_task_mapping.py for tasks to queue
[2023-12-06T09:50:26.225+0000] {logging_mixin.py:154} INFO - [2023-12-06T09:50:26.225+0000] {dagbag.py:536} INFO - Filling up the DagBag from /home/airflow/.local/lib/python3.8/site-packages/airflow/example_dags/example_dynamic_task_mapping.py
[2023-12-06T09:50:26.233+0000] {processor.py:839} INFO - DAG(s) dict_keys(['example_dynamic_task_mapping']) retrieved from /home/airflow/.local/lib/python3.8/site-packages/airflow/example_dags/example_dynamic_task_mapping.py
[2023-12-06T09:50:26.252+0000] {logging_mixin.py:154} INFO - [2023-12-06T09:50:26.252+0000] {dag.py:2941} INFO - Sync 1 DAGs
[2023-12-06T09:50:26.272+0000] {logging_mixin.py:154} INFO - [2023-12-06T09:50:26.272+0000] {dag.py:3722} INFO - Setting next_dagrun for example_dynamic_task_mapping to 2022-03-04T00:00:00+00:00, run_after=2022-03-05T00:00:00+00:00
[2023-12-06T09:50:26.288+0000] {processor.py:179} INFO - Processing /home/airflow/.local/lib/python3.8/site-packages/airflow/example_dags/example_dynamic_task_mapping.py took 0.069 seconds
