[2023-12-06T09:36:11.588+0000] {processor.py:157} INFO - Started process (PID=37) to work on /home/airflow/.local/lib/python3.8/site-packages/airflow/example_dags/example_sensors.py
[2023-12-06T09:36:11.592+0000] {processor.py:829} INFO - Processing file /home/airflow/.local/lib/python3.8/site-packages/airflow/example_dags/example_sensors.py for tasks to queue
[2023-12-06T09:36:11.600+0000] {logging_mixin.py:154} INFO - [2023-12-06T09:36:11.599+0000] {dagbag.py:536} INFO - Filling up the DagBag from /home/airflow/.local/lib/python3.8/site-packages/airflow/example_dags/example_sensors.py
[2023-12-06T09:36:11.639+0000] {processor.py:839} INFO - DAG(s) dict_keys(['example_sensors']) retrieved from /home/airflow/.local/lib/python3.8/site-packages/airflow/example_dags/example_sensors.py
[2023-12-06T09:36:11.844+0000] {logging_mixin.py:154} INFO - [2023-12-06T09:36:11.844+0000] {manager.py:499} INFO - Created Permission View: %s
[2023-12-06T09:36:11.857+0000] {logging_mixin.py:154} INFO - [2023-12-06T09:36:11.857+0000] {manager.py:499} INFO - Created Permission View: %s
[2023-12-06T09:36:11.866+0000] {logging_mixin.py:154} INFO - [2023-12-06T09:36:11.865+0000] {manager.py:499} INFO - Created Permission View: %s
[2023-12-06T09:36:11.866+0000] {logging_mixin.py:154} INFO - [2023-12-06T09:36:11.866+0000] {dag.py:2941} INFO - Sync 1 DAGs
[2023-12-06T09:36:11.879+0000] {logging_mixin.py:154} INFO - [2023-12-06T09:36:11.879+0000] {dag.py:2963} INFO - Creating ORM DAG for example_sensors
[2023-12-06T09:36:11.881+0000] {logging_mixin.py:154} INFO - [2023-12-06T09:36:11.881+0000] {dag.py:3722} INFO - Setting next_dagrun for example_sensors to None, run_after=None
[2023-12-06T09:36:11.901+0000] {processor.py:179} INFO - Processing /home/airflow/.local/lib/python3.8/site-packages/airflow/example_dags/example_sensors.py took 0.325 seconds
[2023-12-06T09:36:42.160+0000] {processor.py:157} INFO - Started process (PID=91) to work on /home/airflow/.local/lib/python3.8/site-packages/airflow/example_dags/example_sensors.py
[2023-12-06T09:36:42.161+0000] {processor.py:829} INFO - Processing file /home/airflow/.local/lib/python3.8/site-packages/airflow/example_dags/example_sensors.py for tasks to queue
[2023-12-06T09:36:42.164+0000] {logging_mixin.py:154} INFO - [2023-12-06T09:36:42.163+0000] {dagbag.py:536} INFO - Filling up the DagBag from /home/airflow/.local/lib/python3.8/site-packages/airflow/example_dags/example_sensors.py
[2023-12-06T09:36:42.174+0000] {processor.py:839} INFO - DAG(s) dict_keys(['example_sensors']) retrieved from /home/airflow/.local/lib/python3.8/site-packages/airflow/example_dags/example_sensors.py
[2023-12-06T09:36:42.202+0000] {logging_mixin.py:154} INFO - [2023-12-06T09:36:42.201+0000] {dag.py:2941} INFO - Sync 1 DAGs
[2023-12-06T09:36:42.216+0000] {logging_mixin.py:154} INFO - [2023-12-06T09:36:42.216+0000] {dag.py:3722} INFO - Setting next_dagrun for example_sensors to None, run_after=None
[2023-12-06T09:36:42.234+0000] {processor.py:179} INFO - Processing /home/airflow/.local/lib/python3.8/site-packages/airflow/example_dags/example_sensors.py took 0.078 seconds
[2023-12-06T09:37:12.382+0000] {processor.py:157} INFO - Started process (PID=145) to work on /home/airflow/.local/lib/python3.8/site-packages/airflow/example_dags/example_sensors.py
[2023-12-06T09:37:12.384+0000] {processor.py:829} INFO - Processing file /home/airflow/.local/lib/python3.8/site-packages/airflow/example_dags/example_sensors.py for tasks to queue
[2023-12-06T09:37:12.386+0000] {logging_mixin.py:154} INFO - [2023-12-06T09:37:12.386+0000] {dagbag.py:536} INFO - Filling up the DagBag from /home/airflow/.local/lib/python3.8/site-packages/airflow/example_dags/example_sensors.py
[2023-12-06T09:37:12.397+0000] {processor.py:839} INFO - DAG(s) dict_keys(['example_sensors']) retrieved from /home/airflow/.local/lib/python3.8/site-packages/airflow/example_dags/example_sensors.py
[2023-12-06T09:37:12.423+0000] {logging_mixin.py:154} INFO - [2023-12-06T09:37:12.423+0000] {dag.py:2941} INFO - Sync 1 DAGs
[2023-12-06T09:37:12.436+0000] {logging_mixin.py:154} INFO - [2023-12-06T09:37:12.436+0000] {dag.py:3722} INFO - Setting next_dagrun for example_sensors to None, run_after=None
[2023-12-06T09:37:12.455+0000] {processor.py:179} INFO - Processing /home/airflow/.local/lib/python3.8/site-packages/airflow/example_dags/example_sensors.py took 0.077 seconds
[2023-12-06T09:37:43.104+0000] {processor.py:157} INFO - Started process (PID=199) to work on /home/airflow/.local/lib/python3.8/site-packages/airflow/example_dags/example_sensors.py
[2023-12-06T09:37:43.106+0000] {processor.py:829} INFO - Processing file /home/airflow/.local/lib/python3.8/site-packages/airflow/example_dags/example_sensors.py for tasks to queue
[2023-12-06T09:37:43.108+0000] {logging_mixin.py:154} INFO - [2023-12-06T09:37:43.108+0000] {dagbag.py:536} INFO - Filling up the DagBag from /home/airflow/.local/lib/python3.8/site-packages/airflow/example_dags/example_sensors.py
[2023-12-06T09:37:43.119+0000] {processor.py:839} INFO - DAG(s) dict_keys(['example_sensors']) retrieved from /home/airflow/.local/lib/python3.8/site-packages/airflow/example_dags/example_sensors.py
[2023-12-06T09:37:43.150+0000] {logging_mixin.py:154} INFO - [2023-12-06T09:37:43.150+0000] {dag.py:2941} INFO - Sync 1 DAGs
[2023-12-06T09:37:43.163+0000] {logging_mixin.py:154} INFO - [2023-12-06T09:37:43.163+0000] {dag.py:3722} INFO - Setting next_dagrun for example_sensors to None, run_after=None
[2023-12-06T09:37:43.188+0000] {processor.py:179} INFO - Processing /home/airflow/.local/lib/python3.8/site-packages/airflow/example_dags/example_sensors.py took 0.088 seconds
[2023-12-06T09:38:13.983+0000] {processor.py:157} INFO - Started process (PID=253) to work on /home/airflow/.local/lib/python3.8/site-packages/airflow/example_dags/example_sensors.py
[2023-12-06T09:38:13.984+0000] {processor.py:829} INFO - Processing file /home/airflow/.local/lib/python3.8/site-packages/airflow/example_dags/example_sensors.py for tasks to queue
[2023-12-06T09:38:13.987+0000] {logging_mixin.py:154} INFO - [2023-12-06T09:38:13.986+0000] {dagbag.py:536} INFO - Filling up the DagBag from /home/airflow/.local/lib/python3.8/site-packages/airflow/example_dags/example_sensors.py
[2023-12-06T09:38:13.997+0000] {processor.py:839} INFO - DAG(s) dict_keys(['example_sensors']) retrieved from /home/airflow/.local/lib/python3.8/site-packages/airflow/example_dags/example_sensors.py
[2023-12-06T09:38:14.025+0000] {logging_mixin.py:154} INFO - [2023-12-06T09:38:14.025+0000] {dag.py:2941} INFO - Sync 1 DAGs
[2023-12-06T09:38:14.040+0000] {logging_mixin.py:154} INFO - [2023-12-06T09:38:14.039+0000] {dag.py:3722} INFO - Setting next_dagrun for example_sensors to None, run_after=None
[2023-12-06T09:38:14.060+0000] {processor.py:179} INFO - Processing /home/airflow/.local/lib/python3.8/site-packages/airflow/example_dags/example_sensors.py took 0.081 seconds
[2023-12-06T09:38:44.952+0000] {processor.py:157} INFO - Started process (PID=308) to work on /home/airflow/.local/lib/python3.8/site-packages/airflow/example_dags/example_sensors.py
[2023-12-06T09:38:44.954+0000] {processor.py:829} INFO - Processing file /home/airflow/.local/lib/python3.8/site-packages/airflow/example_dags/example_sensors.py for tasks to queue
[2023-12-06T09:38:44.956+0000] {logging_mixin.py:154} INFO - [2023-12-06T09:38:44.956+0000] {dagbag.py:536} INFO - Filling up the DagBag from /home/airflow/.local/lib/python3.8/site-packages/airflow/example_dags/example_sensors.py
[2023-12-06T09:38:44.966+0000] {processor.py:839} INFO - DAG(s) dict_keys(['example_sensors']) retrieved from /home/airflow/.local/lib/python3.8/site-packages/airflow/example_dags/example_sensors.py
[2023-12-06T09:38:44.992+0000] {logging_mixin.py:154} INFO - [2023-12-06T09:38:44.992+0000] {dag.py:2941} INFO - Sync 1 DAGs
[2023-12-06T09:38:45.005+0000] {logging_mixin.py:154} INFO - [2023-12-06T09:38:45.005+0000] {dag.py:3722} INFO - Setting next_dagrun for example_sensors to None, run_after=None
[2023-12-06T09:38:45.023+0000] {processor.py:179} INFO - Processing /home/airflow/.local/lib/python3.8/site-packages/airflow/example_dags/example_sensors.py took 0.075 seconds
[2023-12-06T09:39:16.009+0000] {processor.py:157} INFO - Started process (PID=362) to work on /home/airflow/.local/lib/python3.8/site-packages/airflow/example_dags/example_sensors.py
[2023-12-06T09:39:16.011+0000] {processor.py:829} INFO - Processing file /home/airflow/.local/lib/python3.8/site-packages/airflow/example_dags/example_sensors.py for tasks to queue
[2023-12-06T09:39:16.014+0000] {logging_mixin.py:154} INFO - [2023-12-06T09:39:16.014+0000] {dagbag.py:536} INFO - Filling up the DagBag from /home/airflow/.local/lib/python3.8/site-packages/airflow/example_dags/example_sensors.py
[2023-12-06T09:39:16.024+0000] {processor.py:839} INFO - DAG(s) dict_keys(['example_sensors']) retrieved from /home/airflow/.local/lib/python3.8/site-packages/airflow/example_dags/example_sensors.py
[2023-12-06T09:39:16.051+0000] {logging_mixin.py:154} INFO - [2023-12-06T09:39:16.051+0000] {dag.py:2941} INFO - Sync 1 DAGs
[2023-12-06T09:39:16.065+0000] {logging_mixin.py:154} INFO - [2023-12-06T09:39:16.064+0000] {dag.py:3722} INFO - Setting next_dagrun for example_sensors to None, run_after=None
[2023-12-06T09:39:16.085+0000] {processor.py:179} INFO - Processing /home/airflow/.local/lib/python3.8/site-packages/airflow/example_dags/example_sensors.py took 0.079 seconds
[2023-12-06T09:39:46.160+0000] {processor.py:157} INFO - Started process (PID=416) to work on /home/airflow/.local/lib/python3.8/site-packages/airflow/example_dags/example_sensors.py
[2023-12-06T09:39:46.162+0000] {processor.py:829} INFO - Processing file /home/airflow/.local/lib/python3.8/site-packages/airflow/example_dags/example_sensors.py for tasks to queue
[2023-12-06T09:39:46.165+0000] {logging_mixin.py:154} INFO - [2023-12-06T09:39:46.164+0000] {dagbag.py:536} INFO - Filling up the DagBag from /home/airflow/.local/lib/python3.8/site-packages/airflow/example_dags/example_sensors.py
[2023-12-06T09:39:46.175+0000] {processor.py:839} INFO - DAG(s) dict_keys(['example_sensors']) retrieved from /home/airflow/.local/lib/python3.8/site-packages/airflow/example_dags/example_sensors.py
[2023-12-06T09:39:46.203+0000] {logging_mixin.py:154} INFO - [2023-12-06T09:39:46.203+0000] {dag.py:2941} INFO - Sync 1 DAGs
[2023-12-06T09:39:46.216+0000] {logging_mixin.py:154} INFO - [2023-12-06T09:39:46.216+0000] {dag.py:3722} INFO - Setting next_dagrun for example_sensors to None, run_after=None
[2023-12-06T09:39:46.236+0000] {processor.py:179} INFO - Processing /home/airflow/.local/lib/python3.8/site-packages/airflow/example_dags/example_sensors.py took 0.080 seconds
[2023-12-06T09:40:16.454+0000] {processor.py:157} INFO - Started process (PID=471) to work on /home/airflow/.local/lib/python3.8/site-packages/airflow/example_dags/example_sensors.py
[2023-12-06T09:40:16.455+0000] {processor.py:829} INFO - Processing file /home/airflow/.local/lib/python3.8/site-packages/airflow/example_dags/example_sensors.py for tasks to queue
[2023-12-06T09:40:16.458+0000] {logging_mixin.py:154} INFO - [2023-12-06T09:40:16.458+0000] {dagbag.py:536} INFO - Filling up the DagBag from /home/airflow/.local/lib/python3.8/site-packages/airflow/example_dags/example_sensors.py
[2023-12-06T09:40:16.469+0000] {processor.py:839} INFO - DAG(s) dict_keys(['example_sensors']) retrieved from /home/airflow/.local/lib/python3.8/site-packages/airflow/example_dags/example_sensors.py
[2023-12-06T09:40:16.496+0000] {logging_mixin.py:154} INFO - [2023-12-06T09:40:16.496+0000] {dag.py:2941} INFO - Sync 1 DAGs
[2023-12-06T09:40:16.509+0000] {logging_mixin.py:154} INFO - [2023-12-06T09:40:16.509+0000] {dag.py:3722} INFO - Setting next_dagrun for example_sensors to None, run_after=None
[2023-12-06T09:40:16.527+0000] {processor.py:179} INFO - Processing /home/airflow/.local/lib/python3.8/site-packages/airflow/example_dags/example_sensors.py took 0.077 seconds
[2023-12-06T09:40:46.638+0000] {processor.py:157} INFO - Started process (PID=525) to work on /home/airflow/.local/lib/python3.8/site-packages/airflow/example_dags/example_sensors.py
[2023-12-06T09:40:46.640+0000] {processor.py:829} INFO - Processing file /home/airflow/.local/lib/python3.8/site-packages/airflow/example_dags/example_sensors.py for tasks to queue
[2023-12-06T09:40:46.643+0000] {logging_mixin.py:154} INFO - [2023-12-06T09:40:46.642+0000] {dagbag.py:536} INFO - Filling up the DagBag from /home/airflow/.local/lib/python3.8/site-packages/airflow/example_dags/example_sensors.py
[2023-12-06T09:40:46.653+0000] {processor.py:839} INFO - DAG(s) dict_keys(['example_sensors']) retrieved from /home/airflow/.local/lib/python3.8/site-packages/airflow/example_dags/example_sensors.py
[2023-12-06T09:40:46.679+0000] {logging_mixin.py:154} INFO - [2023-12-06T09:40:46.679+0000] {dag.py:2941} INFO - Sync 1 DAGs
[2023-12-06T09:40:46.693+0000] {logging_mixin.py:154} INFO - [2023-12-06T09:40:46.692+0000] {dag.py:3722} INFO - Setting next_dagrun for example_sensors to None, run_after=None
[2023-12-06T09:40:46.711+0000] {processor.py:179} INFO - Processing /home/airflow/.local/lib/python3.8/site-packages/airflow/example_dags/example_sensors.py took 0.077 seconds
[2023-12-06T09:41:16.825+0000] {processor.py:157} INFO - Started process (PID=579) to work on /home/airflow/.local/lib/python3.8/site-packages/airflow/example_dags/example_sensors.py
[2023-12-06T09:41:16.827+0000] {processor.py:829} INFO - Processing file /home/airflow/.local/lib/python3.8/site-packages/airflow/example_dags/example_sensors.py for tasks to queue
[2023-12-06T09:41:16.829+0000] {logging_mixin.py:154} INFO - [2023-12-06T09:41:16.829+0000] {dagbag.py:536} INFO - Filling up the DagBag from /home/airflow/.local/lib/python3.8/site-packages/airflow/example_dags/example_sensors.py
[2023-12-06T09:41:16.839+0000] {processor.py:839} INFO - DAG(s) dict_keys(['example_sensors']) retrieved from /home/airflow/.local/lib/python3.8/site-packages/airflow/example_dags/example_sensors.py
[2023-12-06T09:41:16.867+0000] {logging_mixin.py:154} INFO - [2023-12-06T09:41:16.867+0000] {dag.py:2941} INFO - Sync 1 DAGs
[2023-12-06T09:41:16.880+0000] {logging_mixin.py:154} INFO - [2023-12-06T09:41:16.880+0000] {dag.py:3722} INFO - Setting next_dagrun for example_sensors to None, run_after=None
[2023-12-06T09:41:16.900+0000] {processor.py:179} INFO - Processing /home/airflow/.local/lib/python3.8/site-packages/airflow/example_dags/example_sensors.py took 0.079 seconds
[2023-12-06T09:41:47.345+0000] {processor.py:157} INFO - Started process (PID=633) to work on /home/airflow/.local/lib/python3.8/site-packages/airflow/example_dags/example_sensors.py
[2023-12-06T09:41:47.347+0000] {processor.py:829} INFO - Processing file /home/airflow/.local/lib/python3.8/site-packages/airflow/example_dags/example_sensors.py for tasks to queue
[2023-12-06T09:41:47.351+0000] {logging_mixin.py:154} INFO - [2023-12-06T09:41:47.350+0000] {dagbag.py:536} INFO - Filling up the DagBag from /home/airflow/.local/lib/python3.8/site-packages/airflow/example_dags/example_sensors.py
[2023-12-06T09:41:47.361+0000] {processor.py:839} INFO - DAG(s) dict_keys(['example_sensors']) retrieved from /home/airflow/.local/lib/python3.8/site-packages/airflow/example_dags/example_sensors.py
[2023-12-06T09:41:47.389+0000] {logging_mixin.py:154} INFO - [2023-12-06T09:41:47.388+0000] {dag.py:2941} INFO - Sync 1 DAGs
[2023-12-06T09:41:47.403+0000] {logging_mixin.py:154} INFO - [2023-12-06T09:41:47.403+0000] {dag.py:3722} INFO - Setting next_dagrun for example_sensors to None, run_after=None
[2023-12-06T09:41:47.431+0000] {processor.py:179} INFO - Processing /home/airflow/.local/lib/python3.8/site-packages/airflow/example_dags/example_sensors.py took 0.089 seconds
[2023-12-06T09:42:17.561+0000] {processor.py:157} INFO - Started process (PID=687) to work on /home/airflow/.local/lib/python3.8/site-packages/airflow/example_dags/example_sensors.py
[2023-12-06T09:42:17.563+0000] {processor.py:829} INFO - Processing file /home/airflow/.local/lib/python3.8/site-packages/airflow/example_dags/example_sensors.py for tasks to queue
[2023-12-06T09:42:17.566+0000] {logging_mixin.py:154} INFO - [2023-12-06T09:42:17.566+0000] {dagbag.py:536} INFO - Filling up the DagBag from /home/airflow/.local/lib/python3.8/site-packages/airflow/example_dags/example_sensors.py
[2023-12-06T09:42:17.576+0000] {processor.py:839} INFO - DAG(s) dict_keys(['example_sensors']) retrieved from /home/airflow/.local/lib/python3.8/site-packages/airflow/example_dags/example_sensors.py
[2023-12-06T09:42:17.607+0000] {logging_mixin.py:154} INFO - [2023-12-06T09:42:17.607+0000] {dag.py:2941} INFO - Sync 1 DAGs
[2023-12-06T09:42:17.624+0000] {logging_mixin.py:154} INFO - [2023-12-06T09:42:17.623+0000] {dag.py:3722} INFO - Setting next_dagrun for example_sensors to None, run_after=None
[2023-12-06T09:42:17.642+0000] {processor.py:179} INFO - Processing /home/airflow/.local/lib/python3.8/site-packages/airflow/example_dags/example_sensors.py took 0.087 seconds
[2023-12-06T09:42:48.123+0000] {processor.py:157} INFO - Started process (PID=741) to work on /home/airflow/.local/lib/python3.8/site-packages/airflow/example_dags/example_sensors.py
[2023-12-06T09:42:48.125+0000] {processor.py:829} INFO - Processing file /home/airflow/.local/lib/python3.8/site-packages/airflow/example_dags/example_sensors.py for tasks to queue
[2023-12-06T09:42:48.128+0000] {logging_mixin.py:154} INFO - [2023-12-06T09:42:48.127+0000] {dagbag.py:536} INFO - Filling up the DagBag from /home/airflow/.local/lib/python3.8/site-packages/airflow/example_dags/example_sensors.py
[2023-12-06T09:42:48.138+0000] {processor.py:839} INFO - DAG(s) dict_keys(['example_sensors']) retrieved from /home/airflow/.local/lib/python3.8/site-packages/airflow/example_dags/example_sensors.py
[2023-12-06T09:42:48.166+0000] {logging_mixin.py:154} INFO - [2023-12-06T09:42:48.165+0000] {dag.py:2941} INFO - Sync 1 DAGs
[2023-12-06T09:42:48.178+0000] {logging_mixin.py:154} INFO - [2023-12-06T09:42:48.178+0000] {dag.py:3722} INFO - Setting next_dagrun for example_sensors to None, run_after=None
[2023-12-06T09:42:48.197+0000] {processor.py:179} INFO - Processing /home/airflow/.local/lib/python3.8/site-packages/airflow/example_dags/example_sensors.py took 0.078 seconds
[2023-12-06T09:43:18.367+0000] {processor.py:157} INFO - Started process (PID=796) to work on /home/airflow/.local/lib/python3.8/site-packages/airflow/example_dags/example_sensors.py
[2023-12-06T09:43:18.369+0000] {processor.py:829} INFO - Processing file /home/airflow/.local/lib/python3.8/site-packages/airflow/example_dags/example_sensors.py for tasks to queue
[2023-12-06T09:43:18.372+0000] {logging_mixin.py:154} INFO - [2023-12-06T09:43:18.371+0000] {dagbag.py:536} INFO - Filling up the DagBag from /home/airflow/.local/lib/python3.8/site-packages/airflow/example_dags/example_sensors.py
[2023-12-06T09:43:18.382+0000] {processor.py:839} INFO - DAG(s) dict_keys(['example_sensors']) retrieved from /home/airflow/.local/lib/python3.8/site-packages/airflow/example_dags/example_sensors.py
[2023-12-06T09:43:18.409+0000] {logging_mixin.py:154} INFO - [2023-12-06T09:43:18.409+0000] {dag.py:2941} INFO - Sync 1 DAGs
[2023-12-06T09:43:18.422+0000] {logging_mixin.py:154} INFO - [2023-12-06T09:43:18.422+0000] {dag.py:3722} INFO - Setting next_dagrun for example_sensors to None, run_after=None
[2023-12-06T09:43:18.440+0000] {processor.py:179} INFO - Processing /home/airflow/.local/lib/python3.8/site-packages/airflow/example_dags/example_sensors.py took 0.077 seconds
[2023-12-06T09:43:49.377+0000] {processor.py:157} INFO - Started process (PID=850) to work on /home/airflow/.local/lib/python3.8/site-packages/airflow/example_dags/example_sensors.py
[2023-12-06T09:43:49.378+0000] {processor.py:829} INFO - Processing file /home/airflow/.local/lib/python3.8/site-packages/airflow/example_dags/example_sensors.py for tasks to queue
[2023-12-06T09:43:49.381+0000] {logging_mixin.py:154} INFO - [2023-12-06T09:43:49.381+0000] {dagbag.py:536} INFO - Filling up the DagBag from /home/airflow/.local/lib/python3.8/site-packages/airflow/example_dags/example_sensors.py
[2023-12-06T09:43:49.393+0000] {processor.py:839} INFO - DAG(s) dict_keys(['example_sensors']) retrieved from /home/airflow/.local/lib/python3.8/site-packages/airflow/example_dags/example_sensors.py
[2023-12-06T09:43:49.424+0000] {logging_mixin.py:154} INFO - [2023-12-06T09:43:49.424+0000] {dag.py:2941} INFO - Sync 1 DAGs
[2023-12-06T09:43:49.451+0000] {logging_mixin.py:154} INFO - [2023-12-06T09:43:49.450+0000] {dag.py:3722} INFO - Setting next_dagrun for example_sensors to None, run_after=None
[2023-12-06T09:43:49.471+0000] {processor.py:179} INFO - Processing /home/airflow/.local/lib/python3.8/site-packages/airflow/example_dags/example_sensors.py took 0.099 seconds
[2023-12-06T09:44:19.575+0000] {processor.py:157} INFO - Started process (PID=904) to work on /home/airflow/.local/lib/python3.8/site-packages/airflow/example_dags/example_sensors.py
[2023-12-06T09:44:19.577+0000] {processor.py:829} INFO - Processing file /home/airflow/.local/lib/python3.8/site-packages/airflow/example_dags/example_sensors.py for tasks to queue
[2023-12-06T09:44:19.579+0000] {logging_mixin.py:154} INFO - [2023-12-06T09:44:19.579+0000] {dagbag.py:536} INFO - Filling up the DagBag from /home/airflow/.local/lib/python3.8/site-packages/airflow/example_dags/example_sensors.py
[2023-12-06T09:44:19.590+0000] {processor.py:839} INFO - DAG(s) dict_keys(['example_sensors']) retrieved from /home/airflow/.local/lib/python3.8/site-packages/airflow/example_dags/example_sensors.py
[2023-12-06T09:44:19.618+0000] {logging_mixin.py:154} INFO - [2023-12-06T09:44:19.617+0000] {dag.py:2941} INFO - Sync 1 DAGs
[2023-12-06T09:44:19.632+0000] {logging_mixin.py:154} INFO - [2023-12-06T09:44:19.632+0000] {dag.py:3722} INFO - Setting next_dagrun for example_sensors to None, run_after=None
[2023-12-06T09:44:19.653+0000] {processor.py:179} INFO - Processing /home/airflow/.local/lib/python3.8/site-packages/airflow/example_dags/example_sensors.py took 0.082 seconds
[2023-12-06T09:44:49.841+0000] {processor.py:157} INFO - Started process (PID=958) to work on /home/airflow/.local/lib/python3.8/site-packages/airflow/example_dags/example_sensors.py
[2023-12-06T09:44:49.842+0000] {processor.py:829} INFO - Processing file /home/airflow/.local/lib/python3.8/site-packages/airflow/example_dags/example_sensors.py for tasks to queue
[2023-12-06T09:44:49.845+0000] {logging_mixin.py:154} INFO - [2023-12-06T09:44:49.845+0000] {dagbag.py:536} INFO - Filling up the DagBag from /home/airflow/.local/lib/python3.8/site-packages/airflow/example_dags/example_sensors.py
[2023-12-06T09:44:49.856+0000] {processor.py:839} INFO - DAG(s) dict_keys(['example_sensors']) retrieved from /home/airflow/.local/lib/python3.8/site-packages/airflow/example_dags/example_sensors.py
[2023-12-06T09:44:49.882+0000] {logging_mixin.py:154} INFO - [2023-12-06T09:44:49.882+0000] {dag.py:2941} INFO - Sync 1 DAGs
[2023-12-06T09:44:49.896+0000] {logging_mixin.py:154} INFO - [2023-12-06T09:44:49.896+0000] {dag.py:3722} INFO - Setting next_dagrun for example_sensors to None, run_after=None
[2023-12-06T09:44:49.915+0000] {processor.py:179} INFO - Processing /home/airflow/.local/lib/python3.8/site-packages/airflow/example_dags/example_sensors.py took 0.078 seconds
[2023-12-06T09:45:20.030+0000] {processor.py:157} INFO - Started process (PID=1012) to work on /home/airflow/.local/lib/python3.8/site-packages/airflow/example_dags/example_sensors.py
[2023-12-06T09:45:20.031+0000] {processor.py:829} INFO - Processing file /home/airflow/.local/lib/python3.8/site-packages/airflow/example_dags/example_sensors.py for tasks to queue
[2023-12-06T09:45:20.034+0000] {logging_mixin.py:154} INFO - [2023-12-06T09:45:20.033+0000] {dagbag.py:536} INFO - Filling up the DagBag from /home/airflow/.local/lib/python3.8/site-packages/airflow/example_dags/example_sensors.py
[2023-12-06T09:45:20.044+0000] {processor.py:839} INFO - DAG(s) dict_keys(['example_sensors']) retrieved from /home/airflow/.local/lib/python3.8/site-packages/airflow/example_dags/example_sensors.py
[2023-12-06T09:45:20.072+0000] {logging_mixin.py:154} INFO - [2023-12-06T09:45:20.072+0000] {dag.py:2941} INFO - Sync 1 DAGs
[2023-12-06T09:45:20.086+0000] {logging_mixin.py:154} INFO - [2023-12-06T09:45:20.086+0000] {dag.py:3722} INFO - Setting next_dagrun for example_sensors to None, run_after=None
[2023-12-06T09:45:20.106+0000] {processor.py:179} INFO - Processing /home/airflow/.local/lib/python3.8/site-packages/airflow/example_dags/example_sensors.py took 0.080 seconds
[2023-12-06T09:45:50.252+0000] {processor.py:157} INFO - Started process (PID=1078) to work on /home/airflow/.local/lib/python3.8/site-packages/airflow/example_dags/example_sensors.py
[2023-12-06T09:45:50.253+0000] {processor.py:829} INFO - Processing file /home/airflow/.local/lib/python3.8/site-packages/airflow/example_dags/example_sensors.py for tasks to queue
[2023-12-06T09:45:50.256+0000] {logging_mixin.py:154} INFO - [2023-12-06T09:45:50.256+0000] {dagbag.py:536} INFO - Filling up the DagBag from /home/airflow/.local/lib/python3.8/site-packages/airflow/example_dags/example_sensors.py
[2023-12-06T09:45:50.267+0000] {processor.py:839} INFO - DAG(s) dict_keys(['example_sensors']) retrieved from /home/airflow/.local/lib/python3.8/site-packages/airflow/example_dags/example_sensors.py
[2023-12-06T09:45:50.293+0000] {logging_mixin.py:154} INFO - [2023-12-06T09:45:50.292+0000] {dag.py:2941} INFO - Sync 1 DAGs
[2023-12-06T09:45:50.306+0000] {logging_mixin.py:154} INFO - [2023-12-06T09:45:50.306+0000] {dag.py:3722} INFO - Setting next_dagrun for example_sensors to None, run_after=None
[2023-12-06T09:45:50.325+0000] {processor.py:179} INFO - Processing /home/airflow/.local/lib/python3.8/site-packages/airflow/example_dags/example_sensors.py took 0.077 seconds
[2023-12-06T09:46:20.439+0000] {processor.py:157} INFO - Started process (PID=1135) to work on /home/airflow/.local/lib/python3.8/site-packages/airflow/example_dags/example_sensors.py
[2023-12-06T09:46:20.440+0000] {processor.py:829} INFO - Processing file /home/airflow/.local/lib/python3.8/site-packages/airflow/example_dags/example_sensors.py for tasks to queue
[2023-12-06T09:46:20.443+0000] {logging_mixin.py:154} INFO - [2023-12-06T09:46:20.443+0000] {dagbag.py:536} INFO - Filling up the DagBag from /home/airflow/.local/lib/python3.8/site-packages/airflow/example_dags/example_sensors.py
[2023-12-06T09:46:20.453+0000] {processor.py:839} INFO - DAG(s) dict_keys(['example_sensors']) retrieved from /home/airflow/.local/lib/python3.8/site-packages/airflow/example_dags/example_sensors.py
[2023-12-06T09:46:20.479+0000] {logging_mixin.py:154} INFO - [2023-12-06T09:46:20.479+0000] {dag.py:2941} INFO - Sync 1 DAGs
[2023-12-06T09:46:20.493+0000] {logging_mixin.py:154} INFO - [2023-12-06T09:46:20.492+0000] {dag.py:3722} INFO - Setting next_dagrun for example_sensors to None, run_after=None
[2023-12-06T09:46:20.510+0000] {processor.py:179} INFO - Processing /home/airflow/.local/lib/python3.8/site-packages/airflow/example_dags/example_sensors.py took 0.075 seconds
[2023-12-06T09:46:51.051+0000] {processor.py:157} INFO - Started process (PID=1190) to work on /home/airflow/.local/lib/python3.8/site-packages/airflow/example_dags/example_sensors.py
[2023-12-06T09:46:51.053+0000] {processor.py:829} INFO - Processing file /home/airflow/.local/lib/python3.8/site-packages/airflow/example_dags/example_sensors.py for tasks to queue
[2023-12-06T09:46:51.055+0000] {logging_mixin.py:154} INFO - [2023-12-06T09:46:51.055+0000] {dagbag.py:536} INFO - Filling up the DagBag from /home/airflow/.local/lib/python3.8/site-packages/airflow/example_dags/example_sensors.py
[2023-12-06T09:46:51.066+0000] {processor.py:839} INFO - DAG(s) dict_keys(['example_sensors']) retrieved from /home/airflow/.local/lib/python3.8/site-packages/airflow/example_dags/example_sensors.py
[2023-12-06T09:46:51.092+0000] {logging_mixin.py:154} INFO - [2023-12-06T09:46:51.092+0000] {dag.py:2941} INFO - Sync 1 DAGs
[2023-12-06T09:46:51.105+0000] {logging_mixin.py:154} INFO - [2023-12-06T09:46:51.105+0000] {dag.py:3722} INFO - Setting next_dagrun for example_sensors to None, run_after=None
[2023-12-06T09:46:51.123+0000] {processor.py:179} INFO - Processing /home/airflow/.local/lib/python3.8/site-packages/airflow/example_dags/example_sensors.py took 0.076 seconds
[2023-12-06T09:47:21.431+0000] {processor.py:157} INFO - Started process (PID=1246) to work on /home/airflow/.local/lib/python3.8/site-packages/airflow/example_dags/example_sensors.py
[2023-12-06T09:47:21.433+0000] {processor.py:829} INFO - Processing file /home/airflow/.local/lib/python3.8/site-packages/airflow/example_dags/example_sensors.py for tasks to queue
[2023-12-06T09:47:21.434+0000] {logging_mixin.py:154} INFO - [2023-12-06T09:47:21.434+0000] {dagbag.py:536} INFO - Filling up the DagBag from /home/airflow/.local/lib/python3.8/site-packages/airflow/example_dags/example_sensors.py
[2023-12-06T09:47:21.446+0000] {processor.py:839} INFO - DAG(s) dict_keys(['example_sensors']) retrieved from /home/airflow/.local/lib/python3.8/site-packages/airflow/example_dags/example_sensors.py
[2023-12-06T09:47:21.472+0000] {logging_mixin.py:154} INFO - [2023-12-06T09:47:21.472+0000] {dag.py:2941} INFO - Sync 1 DAGs
[2023-12-06T09:47:21.486+0000] {logging_mixin.py:154} INFO - [2023-12-06T09:47:21.485+0000] {dag.py:3722} INFO - Setting next_dagrun for example_sensors to None, run_after=None
[2023-12-06T09:47:21.505+0000] {processor.py:179} INFO - Processing /home/airflow/.local/lib/python3.8/site-packages/airflow/example_dags/example_sensors.py took 0.078 seconds
[2023-12-06T09:47:51.724+0000] {processor.py:157} INFO - Started process (PID=1304) to work on /home/airflow/.local/lib/python3.8/site-packages/airflow/example_dags/example_sensors.py
[2023-12-06T09:47:51.726+0000] {processor.py:829} INFO - Processing file /home/airflow/.local/lib/python3.8/site-packages/airflow/example_dags/example_sensors.py for tasks to queue
[2023-12-06T09:47:51.727+0000] {logging_mixin.py:154} INFO - [2023-12-06T09:47:51.727+0000] {dagbag.py:536} INFO - Filling up the DagBag from /home/airflow/.local/lib/python3.8/site-packages/airflow/example_dags/example_sensors.py
[2023-12-06T09:47:51.740+0000] {processor.py:839} INFO - DAG(s) dict_keys(['example_sensors']) retrieved from /home/airflow/.local/lib/python3.8/site-packages/airflow/example_dags/example_sensors.py
[2023-12-06T09:47:51.765+0000] {logging_mixin.py:154} INFO - [2023-12-06T09:47:51.765+0000] {dag.py:2941} INFO - Sync 1 DAGs
[2023-12-06T09:47:51.778+0000] {logging_mixin.py:154} INFO - [2023-12-06T09:47:51.778+0000] {dag.py:3722} INFO - Setting next_dagrun for example_sensors to None, run_after=None
[2023-12-06T09:47:51.936+0000] {processor.py:179} INFO - Processing /home/airflow/.local/lib/python3.8/site-packages/airflow/example_dags/example_sensors.py took 0.216 seconds
[2023-12-06T09:48:22.293+0000] {processor.py:157} INFO - Started process (PID=1361) to work on /home/airflow/.local/lib/python3.8/site-packages/airflow/example_dags/example_sensors.py
[2023-12-06T09:48:22.294+0000] {processor.py:829} INFO - Processing file /home/airflow/.local/lib/python3.8/site-packages/airflow/example_dags/example_sensors.py for tasks to queue
[2023-12-06T09:48:22.296+0000] {logging_mixin.py:154} INFO - [2023-12-06T09:48:22.295+0000] {dagbag.py:536} INFO - Filling up the DagBag from /home/airflow/.local/lib/python3.8/site-packages/airflow/example_dags/example_sensors.py
[2023-12-06T09:48:22.307+0000] {processor.py:839} INFO - DAG(s) dict_keys(['example_sensors']) retrieved from /home/airflow/.local/lib/python3.8/site-packages/airflow/example_dags/example_sensors.py
[2023-12-06T09:48:22.334+0000] {logging_mixin.py:154} INFO - [2023-12-06T09:48:22.334+0000] {dag.py:2941} INFO - Sync 1 DAGs
[2023-12-06T09:48:22.348+0000] {logging_mixin.py:154} INFO - [2023-12-06T09:48:22.348+0000] {dag.py:3722} INFO - Setting next_dagrun for example_sensors to None, run_after=None
[2023-12-06T09:48:22.370+0000] {processor.py:179} INFO - Processing /home/airflow/.local/lib/python3.8/site-packages/airflow/example_dags/example_sensors.py took 0.081 seconds
[2023-12-06T09:48:53.119+0000] {processor.py:157} INFO - Started process (PID=1421) to work on /home/airflow/.local/lib/python3.8/site-packages/airflow/example_dags/example_sensors.py
[2023-12-06T09:48:53.121+0000] {processor.py:829} INFO - Processing file /home/airflow/.local/lib/python3.8/site-packages/airflow/example_dags/example_sensors.py for tasks to queue
[2023-12-06T09:48:53.122+0000] {logging_mixin.py:154} INFO - [2023-12-06T09:48:53.122+0000] {dagbag.py:536} INFO - Filling up the DagBag from /home/airflow/.local/lib/python3.8/site-packages/airflow/example_dags/example_sensors.py
[2023-12-06T09:48:53.135+0000] {processor.py:839} INFO - DAG(s) dict_keys(['example_sensors']) retrieved from /home/airflow/.local/lib/python3.8/site-packages/airflow/example_dags/example_sensors.py
[2023-12-06T09:48:53.162+0000] {logging_mixin.py:154} INFO - [2023-12-06T09:48:53.162+0000] {dag.py:2941} INFO - Sync 1 DAGs
[2023-12-06T09:48:53.176+0000] {logging_mixin.py:154} INFO - [2023-12-06T09:48:53.176+0000] {dag.py:3722} INFO - Setting next_dagrun for example_sensors to None, run_after=None
[2023-12-06T09:48:53.195+0000] {processor.py:179} INFO - Processing /home/airflow/.local/lib/python3.8/site-packages/airflow/example_dags/example_sensors.py took 0.080 seconds
[2023-12-06T09:49:23.602+0000] {processor.py:157} INFO - Started process (PID=1477) to work on /home/airflow/.local/lib/python3.8/site-packages/airflow/example_dags/example_sensors.py
[2023-12-06T09:49:23.603+0000] {processor.py:829} INFO - Processing file /home/airflow/.local/lib/python3.8/site-packages/airflow/example_dags/example_sensors.py for tasks to queue
[2023-12-06T09:49:23.605+0000] {logging_mixin.py:154} INFO - [2023-12-06T09:49:23.604+0000] {dagbag.py:536} INFO - Filling up the DagBag from /home/airflow/.local/lib/python3.8/site-packages/airflow/example_dags/example_sensors.py
[2023-12-06T09:49:23.617+0000] {processor.py:839} INFO - DAG(s) dict_keys(['example_sensors']) retrieved from /home/airflow/.local/lib/python3.8/site-packages/airflow/example_dags/example_sensors.py
[2023-12-06T09:49:23.645+0000] {logging_mixin.py:154} INFO - [2023-12-06T09:49:23.645+0000] {dag.py:2941} INFO - Sync 1 DAGs
[2023-12-06T09:49:23.780+0000] {logging_mixin.py:154} INFO - [2023-12-06T09:49:23.780+0000] {dag.py:3722} INFO - Setting next_dagrun for example_sensors to None, run_after=None
[2023-12-06T09:49:23.800+0000] {processor.py:179} INFO - Processing /home/airflow/.local/lib/python3.8/site-packages/airflow/example_dags/example_sensors.py took 0.201 seconds
[2023-12-06T09:49:54.871+0000] {processor.py:157} INFO - Started process (PID=1533) to work on /home/airflow/.local/lib/python3.8/site-packages/airflow/example_dags/example_sensors.py
[2023-12-06T09:49:54.874+0000] {processor.py:829} INFO - Processing file /home/airflow/.local/lib/python3.8/site-packages/airflow/example_dags/example_sensors.py for tasks to queue
[2023-12-06T09:49:54.876+0000] {logging_mixin.py:154} INFO - [2023-12-06T09:49:54.875+0000] {dagbag.py:536} INFO - Filling up the DagBag from /home/airflow/.local/lib/python3.8/site-packages/airflow/example_dags/example_sensors.py
[2023-12-06T09:49:54.894+0000] {processor.py:839} INFO - DAG(s) dict_keys(['example_sensors']) retrieved from /home/airflow/.local/lib/python3.8/site-packages/airflow/example_dags/example_sensors.py
[2023-12-06T09:49:54.935+0000] {logging_mixin.py:154} INFO - [2023-12-06T09:49:54.935+0000] {dag.py:2941} INFO - Sync 1 DAGs
[2023-12-06T09:49:54.958+0000] {logging_mixin.py:154} INFO - [2023-12-06T09:49:54.958+0000] {dag.py:3722} INFO - Setting next_dagrun for example_sensors to None, run_after=None
[2023-12-06T09:49:55.130+0000] {processor.py:179} INFO - Processing /home/airflow/.local/lib/python3.8/site-packages/airflow/example_dags/example_sensors.py took 0.264 seconds
[2023-12-06T09:50:25.905+0000] {processor.py:157} INFO - Started process (PID=1589) to work on /home/airflow/.local/lib/python3.8/site-packages/airflow/example_dags/example_sensors.py
[2023-12-06T09:50:25.907+0000] {processor.py:829} INFO - Processing file /home/airflow/.local/lib/python3.8/site-packages/airflow/example_dags/example_sensors.py for tasks to queue
[2023-12-06T09:50:25.908+0000] {logging_mixin.py:154} INFO - [2023-12-06T09:50:25.908+0000] {dagbag.py:536} INFO - Filling up the DagBag from /home/airflow/.local/lib/python3.8/site-packages/airflow/example_dags/example_sensors.py
[2023-12-06T09:50:25.920+0000] {processor.py:839} INFO - DAG(s) dict_keys(['example_sensors']) retrieved from /home/airflow/.local/lib/python3.8/site-packages/airflow/example_dags/example_sensors.py
[2023-12-06T09:50:25.949+0000] {logging_mixin.py:154} INFO - [2023-12-06T09:50:25.948+0000] {dag.py:2941} INFO - Sync 1 DAGs
[2023-12-06T09:50:25.962+0000] {logging_mixin.py:154} INFO - [2023-12-06T09:50:25.962+0000] {dag.py:3722} INFO - Setting next_dagrun for example_sensors to None, run_after=None
[2023-12-06T09:50:25.981+0000] {processor.py:179} INFO - Processing /home/airflow/.local/lib/python3.8/site-packages/airflow/example_dags/example_sensors.py took 0.079 seconds
