[2023-12-06T09:36:13.500+0000] {processor.py:157} INFO - Started process (PID=47) to work on /home/airflow/.local/lib/python3.8/site-packages/airflow/example_dags/example_branch_labels.py
[2023-12-06T09:36:13.502+0000] {processor.py:829} INFO - Processing file /home/airflow/.local/lib/python3.8/site-packages/airflow/example_dags/example_branch_labels.py for tasks to queue
[2023-12-06T09:36:13.505+0000] {logging_mixin.py:154} INFO - [2023-12-06T09:36:13.505+0000] {dagbag.py:536} INFO - Filling up the DagBag from /home/airflow/.local/lib/python3.8/site-packages/airflow/example_dags/example_branch_labels.py
[2023-12-06T09:36:13.518+0000] {processor.py:839} INFO - DAG(s) dict_keys(['example_branch_labels']) retrieved from /home/airflow/.local/lib/python3.8/site-packages/airflow/example_dags/example_branch_labels.py
[2023-12-06T09:36:13.658+0000] {logging_mixin.py:154} INFO - [2023-12-06T09:36:13.658+0000] {manager.py:499} INFO - Created Permission View: %s
[2023-12-06T09:36:13.669+0000] {logging_mixin.py:154} INFO - [2023-12-06T09:36:13.669+0000] {manager.py:499} INFO - Created Permission View: %s
[2023-12-06T09:36:13.676+0000] {logging_mixin.py:154} INFO - [2023-12-06T09:36:13.676+0000] {manager.py:499} INFO - Created Permission View: %s
[2023-12-06T09:36:13.677+0000] {logging_mixin.py:154} INFO - [2023-12-06T09:36:13.677+0000] {dag.py:2941} INFO - Sync 1 DAGs
[2023-12-06T09:36:13.696+0000] {logging_mixin.py:154} INFO - [2023-12-06T09:36:13.696+0000] {dag.py:2963} INFO - Creating ORM DAG for example_branch_labels
[2023-12-06T09:36:13.712+0000] {logging_mixin.py:154} INFO - [2023-12-06T09:36:13.712+0000] {dag.py:3722} INFO - Setting next_dagrun for example_branch_labels to 2023-12-05T00:00:00+00:00, run_after=2023-12-06T00:00:00+00:00
[2023-12-06T09:36:13.732+0000] {processor.py:179} INFO - Processing /home/airflow/.local/lib/python3.8/site-packages/airflow/example_dags/example_branch_labels.py took 0.236 seconds
[2023-12-06T09:36:43.771+0000] {processor.py:157} INFO - Started process (PID=101) to work on /home/airflow/.local/lib/python3.8/site-packages/airflow/example_dags/example_branch_labels.py
[2023-12-06T09:36:43.773+0000] {processor.py:829} INFO - Processing file /home/airflow/.local/lib/python3.8/site-packages/airflow/example_dags/example_branch_labels.py for tasks to queue
[2023-12-06T09:36:43.777+0000] {logging_mixin.py:154} INFO - [2023-12-06T09:36:43.776+0000] {dagbag.py:536} INFO - Filling up the DagBag from /home/airflow/.local/lib/python3.8/site-packages/airflow/example_dags/example_branch_labels.py
[2023-12-06T09:36:43.785+0000] {processor.py:839} INFO - DAG(s) dict_keys(['example_branch_labels']) retrieved from /home/airflow/.local/lib/python3.8/site-packages/airflow/example_dags/example_branch_labels.py
[2023-12-06T09:36:43.804+0000] {logging_mixin.py:154} INFO - [2023-12-06T09:36:43.804+0000] {dag.py:2941} INFO - Sync 1 DAGs
[2023-12-06T09:36:43.827+0000] {logging_mixin.py:154} INFO - [2023-12-06T09:36:43.826+0000] {dag.py:3722} INFO - Setting next_dagrun for example_branch_labels to 2023-12-05T00:00:00+00:00, run_after=2023-12-06T00:00:00+00:00
[2023-12-06T09:36:43.842+0000] {processor.py:179} INFO - Processing /home/airflow/.local/lib/python3.8/site-packages/airflow/example_dags/example_branch_labels.py took 0.074 seconds
[2023-12-06T09:37:14.038+0000] {processor.py:157} INFO - Started process (PID=155) to work on /home/airflow/.local/lib/python3.8/site-packages/airflow/example_dags/example_branch_labels.py
[2023-12-06T09:37:14.039+0000] {processor.py:829} INFO - Processing file /home/airflow/.local/lib/python3.8/site-packages/airflow/example_dags/example_branch_labels.py for tasks to queue
[2023-12-06T09:37:14.042+0000] {logging_mixin.py:154} INFO - [2023-12-06T09:37:14.041+0000] {dagbag.py:536} INFO - Filling up the DagBag from /home/airflow/.local/lib/python3.8/site-packages/airflow/example_dags/example_branch_labels.py
[2023-12-06T09:37:14.050+0000] {processor.py:839} INFO - DAG(s) dict_keys(['example_branch_labels']) retrieved from /home/airflow/.local/lib/python3.8/site-packages/airflow/example_dags/example_branch_labels.py
[2023-12-06T09:37:14.072+0000] {logging_mixin.py:154} INFO - [2023-12-06T09:37:14.072+0000] {dag.py:2941} INFO - Sync 1 DAGs
[2023-12-06T09:37:14.095+0000] {logging_mixin.py:154} INFO - [2023-12-06T09:37:14.095+0000] {dag.py:3722} INFO - Setting next_dagrun for example_branch_labels to 2023-12-05T00:00:00+00:00, run_after=2023-12-06T00:00:00+00:00
[2023-12-06T09:37:14.113+0000] {processor.py:179} INFO - Processing /home/airflow/.local/lib/python3.8/site-packages/airflow/example_dags/example_branch_labels.py took 0.079 seconds
[2023-12-06T09:37:44.766+0000] {processor.py:157} INFO - Started process (PID=209) to work on /home/airflow/.local/lib/python3.8/site-packages/airflow/example_dags/example_branch_labels.py
[2023-12-06T09:37:44.768+0000] {processor.py:829} INFO - Processing file /home/airflow/.local/lib/python3.8/site-packages/airflow/example_dags/example_branch_labels.py for tasks to queue
[2023-12-06T09:37:44.770+0000] {logging_mixin.py:154} INFO - [2023-12-06T09:37:44.770+0000] {dagbag.py:536} INFO - Filling up the DagBag from /home/airflow/.local/lib/python3.8/site-packages/airflow/example_dags/example_branch_labels.py
[2023-12-06T09:37:44.779+0000] {processor.py:839} INFO - DAG(s) dict_keys(['example_branch_labels']) retrieved from /home/airflow/.local/lib/python3.8/site-packages/airflow/example_dags/example_branch_labels.py
[2023-12-06T09:37:44.800+0000] {logging_mixin.py:154} INFO - [2023-12-06T09:37:44.800+0000] {dag.py:2941} INFO - Sync 1 DAGs
[2023-12-06T09:37:44.823+0000] {logging_mixin.py:154} INFO - [2023-12-06T09:37:44.823+0000] {dag.py:3722} INFO - Setting next_dagrun for example_branch_labels to 2023-12-05T00:00:00+00:00, run_after=2023-12-06T00:00:00+00:00
[2023-12-06T09:37:44.839+0000] {processor.py:179} INFO - Processing /home/airflow/.local/lib/python3.8/site-packages/airflow/example_dags/example_branch_labels.py took 0.076 seconds
[2023-12-06T09:38:15.594+0000] {processor.py:157} INFO - Started process (PID=263) to work on /home/airflow/.local/lib/python3.8/site-packages/airflow/example_dags/example_branch_labels.py
[2023-12-06T09:38:15.596+0000] {processor.py:829} INFO - Processing file /home/airflow/.local/lib/python3.8/site-packages/airflow/example_dags/example_branch_labels.py for tasks to queue
[2023-12-06T09:38:15.599+0000] {logging_mixin.py:154} INFO - [2023-12-06T09:38:15.598+0000] {dagbag.py:536} INFO - Filling up the DagBag from /home/airflow/.local/lib/python3.8/site-packages/airflow/example_dags/example_branch_labels.py
[2023-12-06T09:38:15.607+0000] {processor.py:839} INFO - DAG(s) dict_keys(['example_branch_labels']) retrieved from /home/airflow/.local/lib/python3.8/site-packages/airflow/example_dags/example_branch_labels.py
[2023-12-06T09:38:15.627+0000] {logging_mixin.py:154} INFO - [2023-12-06T09:38:15.627+0000] {dag.py:2941} INFO - Sync 1 DAGs
[2023-12-06T09:38:15.649+0000] {logging_mixin.py:154} INFO - [2023-12-06T09:38:15.649+0000] {dag.py:3722} INFO - Setting next_dagrun for example_branch_labels to 2023-12-05T00:00:00+00:00, run_after=2023-12-06T00:00:00+00:00
[2023-12-06T09:38:15.664+0000] {processor.py:179} INFO - Processing /home/airflow/.local/lib/python3.8/site-packages/airflow/example_dags/example_branch_labels.py took 0.073 seconds
[2023-12-06T09:38:46.540+0000] {processor.py:157} INFO - Started process (PID=318) to work on /home/airflow/.local/lib/python3.8/site-packages/airflow/example_dags/example_branch_labels.py
[2023-12-06T09:38:46.542+0000] {processor.py:829} INFO - Processing file /home/airflow/.local/lib/python3.8/site-packages/airflow/example_dags/example_branch_labels.py for tasks to queue
[2023-12-06T09:38:46.544+0000] {logging_mixin.py:154} INFO - [2023-12-06T09:38:46.544+0000] {dagbag.py:536} INFO - Filling up the DagBag from /home/airflow/.local/lib/python3.8/site-packages/airflow/example_dags/example_branch_labels.py
[2023-12-06T09:38:46.553+0000] {processor.py:839} INFO - DAG(s) dict_keys(['example_branch_labels']) retrieved from /home/airflow/.local/lib/python3.8/site-packages/airflow/example_dags/example_branch_labels.py
[2023-12-06T09:38:46.575+0000] {logging_mixin.py:154} INFO - [2023-12-06T09:38:46.575+0000] {dag.py:2941} INFO - Sync 1 DAGs
[2023-12-06T09:38:46.602+0000] {logging_mixin.py:154} INFO - [2023-12-06T09:38:46.602+0000] {dag.py:3722} INFO - Setting next_dagrun for example_branch_labels to 2023-12-05T00:00:00+00:00, run_after=2023-12-06T00:00:00+00:00
[2023-12-06T09:38:46.619+0000] {processor.py:179} INFO - Processing /home/airflow/.local/lib/python3.8/site-packages/airflow/example_dags/example_branch_labels.py took 0.082 seconds
[2023-12-06T09:39:17.631+0000] {processor.py:157} INFO - Started process (PID=372) to work on /home/airflow/.local/lib/python3.8/site-packages/airflow/example_dags/example_branch_labels.py
[2023-12-06T09:39:17.633+0000] {processor.py:829} INFO - Processing file /home/airflow/.local/lib/python3.8/site-packages/airflow/example_dags/example_branch_labels.py for tasks to queue
[2023-12-06T09:39:17.636+0000] {logging_mixin.py:154} INFO - [2023-12-06T09:39:17.635+0000] {dagbag.py:536} INFO - Filling up the DagBag from /home/airflow/.local/lib/python3.8/site-packages/airflow/example_dags/example_branch_labels.py
[2023-12-06T09:39:17.644+0000] {processor.py:839} INFO - DAG(s) dict_keys(['example_branch_labels']) retrieved from /home/airflow/.local/lib/python3.8/site-packages/airflow/example_dags/example_branch_labels.py
[2023-12-06T09:39:17.666+0000] {logging_mixin.py:154} INFO - [2023-12-06T09:39:17.665+0000] {dag.py:2941} INFO - Sync 1 DAGs
[2023-12-06T09:39:17.690+0000] {logging_mixin.py:154} INFO - [2023-12-06T09:39:17.690+0000] {dag.py:3722} INFO - Setting next_dagrun for example_branch_labels to 2023-12-05T00:00:00+00:00, run_after=2023-12-06T00:00:00+00:00
[2023-12-06T09:39:17.707+0000] {processor.py:179} INFO - Processing /home/airflow/.local/lib/python3.8/site-packages/airflow/example_dags/example_branch_labels.py took 0.079 seconds
[2023-12-06T09:39:47.811+0000] {processor.py:157} INFO - Started process (PID=426) to work on /home/airflow/.local/lib/python3.8/site-packages/airflow/example_dags/example_branch_labels.py
[2023-12-06T09:39:47.813+0000] {processor.py:829} INFO - Processing file /home/airflow/.local/lib/python3.8/site-packages/airflow/example_dags/example_branch_labels.py for tasks to queue
[2023-12-06T09:39:47.816+0000] {logging_mixin.py:154} INFO - [2023-12-06T09:39:47.816+0000] {dagbag.py:536} INFO - Filling up the DagBag from /home/airflow/.local/lib/python3.8/site-packages/airflow/example_dags/example_branch_labels.py
[2023-12-06T09:39:47.825+0000] {processor.py:839} INFO - DAG(s) dict_keys(['example_branch_labels']) retrieved from /home/airflow/.local/lib/python3.8/site-packages/airflow/example_dags/example_branch_labels.py
[2023-12-06T09:39:47.846+0000] {logging_mixin.py:154} INFO - [2023-12-06T09:39:47.846+0000] {dag.py:2941} INFO - Sync 1 DAGs
[2023-12-06T09:39:47.871+0000] {logging_mixin.py:154} INFO - [2023-12-06T09:39:47.871+0000] {dag.py:3722} INFO - Setting next_dagrun for example_branch_labels to 2023-12-05T00:00:00+00:00, run_after=2023-12-06T00:00:00+00:00
[2023-12-06T09:39:47.891+0000] {processor.py:179} INFO - Processing /home/airflow/.local/lib/python3.8/site-packages/airflow/example_dags/example_branch_labels.py took 0.083 seconds
[2023-12-06T09:40:18.202+0000] {processor.py:157} INFO - Started process (PID=481) to work on /home/airflow/.local/lib/python3.8/site-packages/airflow/example_dags/example_branch_labels.py
[2023-12-06T09:40:18.204+0000] {processor.py:829} INFO - Processing file /home/airflow/.local/lib/python3.8/site-packages/airflow/example_dags/example_branch_labels.py for tasks to queue
[2023-12-06T09:40:18.207+0000] {logging_mixin.py:154} INFO - [2023-12-06T09:40:18.206+0000] {dagbag.py:536} INFO - Filling up the DagBag from /home/airflow/.local/lib/python3.8/site-packages/airflow/example_dags/example_branch_labels.py
[2023-12-06T09:40:18.216+0000] {processor.py:839} INFO - DAG(s) dict_keys(['example_branch_labels']) retrieved from /home/airflow/.local/lib/python3.8/site-packages/airflow/example_dags/example_branch_labels.py
[2023-12-06T09:40:18.238+0000] {logging_mixin.py:154} INFO - [2023-12-06T09:40:18.238+0000] {dag.py:2941} INFO - Sync 1 DAGs
[2023-12-06T09:40:18.264+0000] {logging_mixin.py:154} INFO - [2023-12-06T09:40:18.264+0000] {dag.py:3722} INFO - Setting next_dagrun for example_branch_labels to 2023-12-05T00:00:00+00:00, run_after=2023-12-06T00:00:00+00:00
[2023-12-06T09:40:18.282+0000] {processor.py:179} INFO - Processing /home/airflow/.local/lib/python3.8/site-packages/airflow/example_dags/example_branch_labels.py took 0.084 seconds
[2023-12-06T09:40:48.394+0000] {processor.py:157} INFO - Started process (PID=535) to work on /home/airflow/.local/lib/python3.8/site-packages/airflow/example_dags/example_branch_labels.py
[2023-12-06T09:40:48.395+0000] {processor.py:829} INFO - Processing file /home/airflow/.local/lib/python3.8/site-packages/airflow/example_dags/example_branch_labels.py for tasks to queue
[2023-12-06T09:40:48.398+0000] {logging_mixin.py:154} INFO - [2023-12-06T09:40:48.398+0000] {dagbag.py:536} INFO - Filling up the DagBag from /home/airflow/.local/lib/python3.8/site-packages/airflow/example_dags/example_branch_labels.py
[2023-12-06T09:40:48.407+0000] {processor.py:839} INFO - DAG(s) dict_keys(['example_branch_labels']) retrieved from /home/airflow/.local/lib/python3.8/site-packages/airflow/example_dags/example_branch_labels.py
[2023-12-06T09:40:48.430+0000] {logging_mixin.py:154} INFO - [2023-12-06T09:40:48.430+0000] {dag.py:2941} INFO - Sync 1 DAGs
[2023-12-06T09:40:48.454+0000] {logging_mixin.py:154} INFO - [2023-12-06T09:40:48.454+0000] {dag.py:3722} INFO - Setting next_dagrun for example_branch_labels to 2023-12-05T00:00:00+00:00, run_after=2023-12-06T00:00:00+00:00
[2023-12-06T09:40:48.472+0000] {processor.py:179} INFO - Processing /home/airflow/.local/lib/python3.8/site-packages/airflow/example_dags/example_branch_labels.py took 0.082 seconds
[2023-12-06T09:41:18.600+0000] {processor.py:157} INFO - Started process (PID=589) to work on /home/airflow/.local/lib/python3.8/site-packages/airflow/example_dags/example_branch_labels.py
[2023-12-06T09:41:18.601+0000] {processor.py:829} INFO - Processing file /home/airflow/.local/lib/python3.8/site-packages/airflow/example_dags/example_branch_labels.py for tasks to queue
[2023-12-06T09:41:18.604+0000] {logging_mixin.py:154} INFO - [2023-12-06T09:41:18.604+0000] {dagbag.py:536} INFO - Filling up the DagBag from /home/airflow/.local/lib/python3.8/site-packages/airflow/example_dags/example_branch_labels.py
[2023-12-06T09:41:18.614+0000] {processor.py:839} INFO - DAG(s) dict_keys(['example_branch_labels']) retrieved from /home/airflow/.local/lib/python3.8/site-packages/airflow/example_dags/example_branch_labels.py
[2023-12-06T09:41:18.637+0000] {logging_mixin.py:154} INFO - [2023-12-06T09:41:18.637+0000] {dag.py:2941} INFO - Sync 1 DAGs
[2023-12-06T09:41:18.661+0000] {logging_mixin.py:154} INFO - [2023-12-06T09:41:18.661+0000] {dag.py:3722} INFO - Setting next_dagrun for example_branch_labels to 2023-12-05T00:00:00+00:00, run_after=2023-12-06T00:00:00+00:00
[2023-12-06T09:41:18.679+0000] {processor.py:179} INFO - Processing /home/airflow/.local/lib/python3.8/site-packages/airflow/example_dags/example_branch_labels.py took 0.083 seconds
[2023-12-06T09:41:49.108+0000] {processor.py:157} INFO - Started process (PID=643) to work on /home/airflow/.local/lib/python3.8/site-packages/airflow/example_dags/example_branch_labels.py
[2023-12-06T09:41:49.109+0000] {processor.py:829} INFO - Processing file /home/airflow/.local/lib/python3.8/site-packages/airflow/example_dags/example_branch_labels.py for tasks to queue
[2023-12-06T09:41:49.112+0000] {logging_mixin.py:154} INFO - [2023-12-06T09:41:49.112+0000] {dagbag.py:536} INFO - Filling up the DagBag from /home/airflow/.local/lib/python3.8/site-packages/airflow/example_dags/example_branch_labels.py
[2023-12-06T09:41:49.121+0000] {processor.py:839} INFO - DAG(s) dict_keys(['example_branch_labels']) retrieved from /home/airflow/.local/lib/python3.8/site-packages/airflow/example_dags/example_branch_labels.py
[2023-12-06T09:41:49.146+0000] {logging_mixin.py:154} INFO - [2023-12-06T09:41:49.145+0000] {dag.py:2941} INFO - Sync 1 DAGs
[2023-12-06T09:41:49.170+0000] {logging_mixin.py:154} INFO - [2023-12-06T09:41:49.170+0000] {dag.py:3722} INFO - Setting next_dagrun for example_branch_labels to 2023-12-05T00:00:00+00:00, run_after=2023-12-06T00:00:00+00:00
[2023-12-06T09:41:49.189+0000] {processor.py:179} INFO - Processing /home/airflow/.local/lib/python3.8/site-packages/airflow/example_dags/example_branch_labels.py took 0.086 seconds
[2023-12-06T09:42:19.301+0000] {processor.py:157} INFO - Started process (PID=697) to work on /home/airflow/.local/lib/python3.8/site-packages/airflow/example_dags/example_branch_labels.py
[2023-12-06T09:42:19.303+0000] {processor.py:829} INFO - Processing file /home/airflow/.local/lib/python3.8/site-packages/airflow/example_dags/example_branch_labels.py for tasks to queue
[2023-12-06T09:42:19.305+0000] {logging_mixin.py:154} INFO - [2023-12-06T09:42:19.305+0000] {dagbag.py:536} INFO - Filling up the DagBag from /home/airflow/.local/lib/python3.8/site-packages/airflow/example_dags/example_branch_labels.py
[2023-12-06T09:42:19.314+0000] {processor.py:839} INFO - DAG(s) dict_keys(['example_branch_labels']) retrieved from /home/airflow/.local/lib/python3.8/site-packages/airflow/example_dags/example_branch_labels.py
[2023-12-06T09:42:19.335+0000] {logging_mixin.py:154} INFO - [2023-12-06T09:42:19.335+0000] {dag.py:2941} INFO - Sync 1 DAGs
[2023-12-06T09:42:19.359+0000] {logging_mixin.py:154} INFO - [2023-12-06T09:42:19.359+0000] {dag.py:3722} INFO - Setting next_dagrun for example_branch_labels to 2023-12-05T00:00:00+00:00, run_after=2023-12-06T00:00:00+00:00
[2023-12-06T09:42:19.377+0000] {processor.py:179} INFO - Processing /home/airflow/.local/lib/python3.8/site-packages/airflow/example_dags/example_branch_labels.py took 0.079 seconds
[2023-12-06T09:42:49.826+0000] {processor.py:157} INFO - Started process (PID=751) to work on /home/airflow/.local/lib/python3.8/site-packages/airflow/example_dags/example_branch_labels.py
[2023-12-06T09:42:49.828+0000] {processor.py:829} INFO - Processing file /home/airflow/.local/lib/python3.8/site-packages/airflow/example_dags/example_branch_labels.py for tasks to queue
[2023-12-06T09:42:49.831+0000] {logging_mixin.py:154} INFO - [2023-12-06T09:42:49.830+0000] {dagbag.py:536} INFO - Filling up the DagBag from /home/airflow/.local/lib/python3.8/site-packages/airflow/example_dags/example_branch_labels.py
[2023-12-06T09:42:49.839+0000] {processor.py:839} INFO - DAG(s) dict_keys(['example_branch_labels']) retrieved from /home/airflow/.local/lib/python3.8/site-packages/airflow/example_dags/example_branch_labels.py
[2023-12-06T09:42:49.862+0000] {logging_mixin.py:154} INFO - [2023-12-06T09:42:49.862+0000] {dag.py:2941} INFO - Sync 1 DAGs
[2023-12-06T09:42:49.887+0000] {logging_mixin.py:154} INFO - [2023-12-06T09:42:49.887+0000] {dag.py:3722} INFO - Setting next_dagrun for example_branch_labels to 2023-12-05T00:00:00+00:00, run_after=2023-12-06T00:00:00+00:00
[2023-12-06T09:42:49.905+0000] {processor.py:179} INFO - Processing /home/airflow/.local/lib/python3.8/site-packages/airflow/example_dags/example_branch_labels.py took 0.082 seconds
[2023-12-06T09:43:20.025+0000] {processor.py:157} INFO - Started process (PID=806) to work on /home/airflow/.local/lib/python3.8/site-packages/airflow/example_dags/example_branch_labels.py
[2023-12-06T09:43:20.026+0000] {processor.py:829} INFO - Processing file /home/airflow/.local/lib/python3.8/site-packages/airflow/example_dags/example_branch_labels.py for tasks to queue
[2023-12-06T09:43:20.029+0000] {logging_mixin.py:154} INFO - [2023-12-06T09:43:20.029+0000] {dagbag.py:536} INFO - Filling up the DagBag from /home/airflow/.local/lib/python3.8/site-packages/airflow/example_dags/example_branch_labels.py
[2023-12-06T09:43:20.038+0000] {processor.py:839} INFO - DAG(s) dict_keys(['example_branch_labels']) retrieved from /home/airflow/.local/lib/python3.8/site-packages/airflow/example_dags/example_branch_labels.py
[2023-12-06T09:43:20.061+0000] {logging_mixin.py:154} INFO - [2023-12-06T09:43:20.061+0000] {dag.py:2941} INFO - Sync 1 DAGs
[2023-12-06T09:43:20.084+0000] {logging_mixin.py:154} INFO - [2023-12-06T09:43:20.084+0000] {dag.py:3722} INFO - Setting next_dagrun for example_branch_labels to 2023-12-05T00:00:00+00:00, run_after=2023-12-06T00:00:00+00:00
[2023-12-06T09:43:20.101+0000] {processor.py:179} INFO - Processing /home/airflow/.local/lib/python3.8/site-packages/airflow/example_dags/example_branch_labels.py took 0.081 seconds
[2023-12-06T09:43:51.074+0000] {processor.py:157} INFO - Started process (PID=860) to work on /home/airflow/.local/lib/python3.8/site-packages/airflow/example_dags/example_branch_labels.py
[2023-12-06T09:43:51.075+0000] {processor.py:829} INFO - Processing file /home/airflow/.local/lib/python3.8/site-packages/airflow/example_dags/example_branch_labels.py for tasks to queue
[2023-12-06T09:43:51.078+0000] {logging_mixin.py:154} INFO - [2023-12-06T09:43:51.078+0000] {dagbag.py:536} INFO - Filling up the DagBag from /home/airflow/.local/lib/python3.8/site-packages/airflow/example_dags/example_branch_labels.py
[2023-12-06T09:43:51.087+0000] {processor.py:839} INFO - DAG(s) dict_keys(['example_branch_labels']) retrieved from /home/airflow/.local/lib/python3.8/site-packages/airflow/example_dags/example_branch_labels.py
[2023-12-06T09:43:51.110+0000] {logging_mixin.py:154} INFO - [2023-12-06T09:43:51.110+0000] {dag.py:2941} INFO - Sync 1 DAGs
[2023-12-06T09:43:51.136+0000] {logging_mixin.py:154} INFO - [2023-12-06T09:43:51.136+0000] {dag.py:3722} INFO - Setting next_dagrun for example_branch_labels to 2023-12-05T00:00:00+00:00, run_after=2023-12-06T00:00:00+00:00
[2023-12-06T09:43:51.153+0000] {processor.py:179} INFO - Processing /home/airflow/.local/lib/python3.8/site-packages/airflow/example_dags/example_branch_labels.py took 0.083 seconds
[2023-12-06T09:44:21.209+0000] {processor.py:157} INFO - Started process (PID=914) to work on /home/airflow/.local/lib/python3.8/site-packages/airflow/example_dags/example_branch_labels.py
[2023-12-06T09:44:21.211+0000] {processor.py:829} INFO - Processing file /home/airflow/.local/lib/python3.8/site-packages/airflow/example_dags/example_branch_labels.py for tasks to queue
[2023-12-06T09:44:21.214+0000] {logging_mixin.py:154} INFO - [2023-12-06T09:44:21.214+0000] {dagbag.py:536} INFO - Filling up the DagBag from /home/airflow/.local/lib/python3.8/site-packages/airflow/example_dags/example_branch_labels.py
[2023-12-06T09:44:21.224+0000] {processor.py:839} INFO - DAG(s) dict_keys(['example_branch_labels']) retrieved from /home/airflow/.local/lib/python3.8/site-packages/airflow/example_dags/example_branch_labels.py
[2023-12-06T09:44:21.245+0000] {logging_mixin.py:154} INFO - [2023-12-06T09:44:21.245+0000] {dag.py:2941} INFO - Sync 1 DAGs
[2023-12-06T09:44:21.267+0000] {logging_mixin.py:154} INFO - [2023-12-06T09:44:21.267+0000] {dag.py:3722} INFO - Setting next_dagrun for example_branch_labels to 2023-12-05T00:00:00+00:00, run_after=2023-12-06T00:00:00+00:00
[2023-12-06T09:44:21.283+0000] {processor.py:179} INFO - Processing /home/airflow/.local/lib/python3.8/site-packages/airflow/example_dags/example_branch_labels.py took 0.079 seconds
[2023-12-06T09:44:51.434+0000] {processor.py:157} INFO - Started process (PID=968) to work on /home/airflow/.local/lib/python3.8/site-packages/airflow/example_dags/example_branch_labels.py
[2023-12-06T09:44:51.435+0000] {processor.py:829} INFO - Processing file /home/airflow/.local/lib/python3.8/site-packages/airflow/example_dags/example_branch_labels.py for tasks to queue
[2023-12-06T09:44:51.438+0000] {logging_mixin.py:154} INFO - [2023-12-06T09:44:51.438+0000] {dagbag.py:536} INFO - Filling up the DagBag from /home/airflow/.local/lib/python3.8/site-packages/airflow/example_dags/example_branch_labels.py
[2023-12-06T09:44:51.447+0000] {processor.py:839} INFO - DAG(s) dict_keys(['example_branch_labels']) retrieved from /home/airflow/.local/lib/python3.8/site-packages/airflow/example_dags/example_branch_labels.py
[2023-12-06T09:44:51.469+0000] {logging_mixin.py:154} INFO - [2023-12-06T09:44:51.469+0000] {dag.py:2941} INFO - Sync 1 DAGs
[2023-12-06T09:44:51.495+0000] {logging_mixin.py:154} INFO - [2023-12-06T09:44:51.495+0000] {dag.py:3722} INFO - Setting next_dagrun for example_branch_labels to 2023-12-05T00:00:00+00:00, run_after=2023-12-06T00:00:00+00:00
[2023-12-06T09:44:51.512+0000] {processor.py:179} INFO - Processing /home/airflow/.local/lib/python3.8/site-packages/airflow/example_dags/example_branch_labels.py took 0.082 seconds
[2023-12-06T09:45:21.646+0000] {processor.py:157} INFO - Started process (PID=1022) to work on /home/airflow/.local/lib/python3.8/site-packages/airflow/example_dags/example_branch_labels.py
[2023-12-06T09:45:21.647+0000] {processor.py:829} INFO - Processing file /home/airflow/.local/lib/python3.8/site-packages/airflow/example_dags/example_branch_labels.py for tasks to queue
[2023-12-06T09:45:21.650+0000] {logging_mixin.py:154} INFO - [2023-12-06T09:45:21.650+0000] {dagbag.py:536} INFO - Filling up the DagBag from /home/airflow/.local/lib/python3.8/site-packages/airflow/example_dags/example_branch_labels.py
[2023-12-06T09:45:21.659+0000] {processor.py:839} INFO - DAG(s) dict_keys(['example_branch_labels']) retrieved from /home/airflow/.local/lib/python3.8/site-packages/airflow/example_dags/example_branch_labels.py
[2023-12-06T09:45:21.682+0000] {logging_mixin.py:154} INFO - [2023-12-06T09:45:21.681+0000] {dag.py:2941} INFO - Sync 1 DAGs
[2023-12-06T09:45:21.708+0000] {logging_mixin.py:154} INFO - [2023-12-06T09:45:21.708+0000] {dag.py:3722} INFO - Setting next_dagrun for example_branch_labels to 2023-12-05T00:00:00+00:00, run_after=2023-12-06T00:00:00+00:00
[2023-12-06T09:45:21.725+0000] {processor.py:179} INFO - Processing /home/airflow/.local/lib/python3.8/site-packages/airflow/example_dags/example_branch_labels.py took 0.084 seconds
[2023-12-06T09:45:51.884+0000] {processor.py:157} INFO - Started process (PID=1088) to work on /home/airflow/.local/lib/python3.8/site-packages/airflow/example_dags/example_branch_labels.py
[2023-12-06T09:45:51.886+0000] {processor.py:829} INFO - Processing file /home/airflow/.local/lib/python3.8/site-packages/airflow/example_dags/example_branch_labels.py for tasks to queue
[2023-12-06T09:45:51.889+0000] {logging_mixin.py:154} INFO - [2023-12-06T09:45:51.889+0000] {dagbag.py:536} INFO - Filling up the DagBag from /home/airflow/.local/lib/python3.8/site-packages/airflow/example_dags/example_branch_labels.py
[2023-12-06T09:45:51.898+0000] {processor.py:839} INFO - DAG(s) dict_keys(['example_branch_labels']) retrieved from /home/airflow/.local/lib/python3.8/site-packages/airflow/example_dags/example_branch_labels.py
[2023-12-06T09:45:51.920+0000] {logging_mixin.py:154} INFO - [2023-12-06T09:45:51.920+0000] {dag.py:2941} INFO - Sync 1 DAGs
[2023-12-06T09:45:51.946+0000] {logging_mixin.py:154} INFO - [2023-12-06T09:45:51.945+0000] {dag.py:3722} INFO - Setting next_dagrun for example_branch_labels to 2023-12-05T00:00:00+00:00, run_after=2023-12-06T00:00:00+00:00
[2023-12-06T09:45:51.966+0000] {processor.py:179} INFO - Processing /home/airflow/.local/lib/python3.8/site-packages/airflow/example_dags/example_branch_labels.py took 0.086 seconds
[2023-12-06T09:46:22.182+0000] {processor.py:157} INFO - Started process (PID=1145) to work on /home/airflow/.local/lib/python3.8/site-packages/airflow/example_dags/example_branch_labels.py
[2023-12-06T09:46:22.184+0000] {processor.py:829} INFO - Processing file /home/airflow/.local/lib/python3.8/site-packages/airflow/example_dags/example_branch_labels.py for tasks to queue
[2023-12-06T09:46:22.187+0000] {logging_mixin.py:154} INFO - [2023-12-06T09:46:22.187+0000] {dagbag.py:536} INFO - Filling up the DagBag from /home/airflow/.local/lib/python3.8/site-packages/airflow/example_dags/example_branch_labels.py
[2023-12-06T09:46:22.198+0000] {processor.py:839} INFO - DAG(s) dict_keys(['example_branch_labels']) retrieved from /home/airflow/.local/lib/python3.8/site-packages/airflow/example_dags/example_branch_labels.py
[2023-12-06T09:46:22.226+0000] {logging_mixin.py:154} INFO - [2023-12-06T09:46:22.225+0000] {dag.py:2941} INFO - Sync 1 DAGs
[2023-12-06T09:46:22.253+0000] {logging_mixin.py:154} INFO - [2023-12-06T09:46:22.253+0000] {dag.py:3722} INFO - Setting next_dagrun for example_branch_labels to 2023-12-05T00:00:00+00:00, run_after=2023-12-06T00:00:00+00:00
[2023-12-06T09:46:22.271+0000] {processor.py:179} INFO - Processing /home/airflow/.local/lib/python3.8/site-packages/airflow/example_dags/example_branch_labels.py took 0.093 seconds
[2023-12-06T09:46:52.698+0000] {processor.py:157} INFO - Started process (PID=1200) to work on /home/airflow/.local/lib/python3.8/site-packages/airflow/example_dags/example_branch_labels.py
[2023-12-06T09:46:52.700+0000] {processor.py:829} INFO - Processing file /home/airflow/.local/lib/python3.8/site-packages/airflow/example_dags/example_branch_labels.py for tasks to queue
[2023-12-06T09:46:52.703+0000] {logging_mixin.py:154} INFO - [2023-12-06T09:46:52.703+0000] {dagbag.py:536} INFO - Filling up the DagBag from /home/airflow/.local/lib/python3.8/site-packages/airflow/example_dags/example_branch_labels.py
[2023-12-06T09:46:52.712+0000] {processor.py:839} INFO - DAG(s) dict_keys(['example_branch_labels']) retrieved from /home/airflow/.local/lib/python3.8/site-packages/airflow/example_dags/example_branch_labels.py
[2023-12-06T09:46:52.735+0000] {logging_mixin.py:154} INFO - [2023-12-06T09:46:52.735+0000] {dag.py:2941} INFO - Sync 1 DAGs
[2023-12-06T09:46:52.759+0000] {logging_mixin.py:154} INFO - [2023-12-06T09:46:52.759+0000] {dag.py:3722} INFO - Setting next_dagrun for example_branch_labels to 2023-12-05T00:00:00+00:00, run_after=2023-12-06T00:00:00+00:00
[2023-12-06T09:46:52.777+0000] {processor.py:179} INFO - Processing /home/airflow/.local/lib/python3.8/site-packages/airflow/example_dags/example_branch_labels.py took 0.083 seconds
[2023-12-06T09:47:23.063+0000] {processor.py:157} INFO - Started process (PID=1256) to work on /home/airflow/.local/lib/python3.8/site-packages/airflow/example_dags/example_branch_labels.py
[2023-12-06T09:47:23.065+0000] {processor.py:829} INFO - Processing file /home/airflow/.local/lib/python3.8/site-packages/airflow/example_dags/example_branch_labels.py for tasks to queue
[2023-12-06T09:47:23.066+0000] {logging_mixin.py:154} INFO - [2023-12-06T09:47:23.066+0000] {dagbag.py:536} INFO - Filling up the DagBag from /home/airflow/.local/lib/python3.8/site-packages/airflow/example_dags/example_branch_labels.py
[2023-12-06T09:47:23.075+0000] {processor.py:839} INFO - DAG(s) dict_keys(['example_branch_labels']) retrieved from /home/airflow/.local/lib/python3.8/site-packages/airflow/example_dags/example_branch_labels.py
[2023-12-06T09:47:23.098+0000] {logging_mixin.py:154} INFO - [2023-12-06T09:47:23.098+0000] {dag.py:2941} INFO - Sync 1 DAGs
[2023-12-06T09:47:23.122+0000] {logging_mixin.py:154} INFO - [2023-12-06T09:47:23.122+0000] {dag.py:3722} INFO - Setting next_dagrun for example_branch_labels to 2023-12-05T00:00:00+00:00, run_after=2023-12-06T00:00:00+00:00
[2023-12-06T09:47:23.140+0000] {processor.py:179} INFO - Processing /home/airflow/.local/lib/python3.8/site-packages/airflow/example_dags/example_branch_labels.py took 0.081 seconds
[2023-12-06T09:47:54.287+0000] {processor.py:157} INFO - Started process (PID=1314) to work on /home/airflow/.local/lib/python3.8/site-packages/airflow/example_dags/example_branch_labels.py
[2023-12-06T09:47:54.289+0000] {processor.py:829} INFO - Processing file /home/airflow/.local/lib/python3.8/site-packages/airflow/example_dags/example_branch_labels.py for tasks to queue
[2023-12-06T09:47:54.290+0000] {logging_mixin.py:154} INFO - [2023-12-06T09:47:54.290+0000] {dagbag.py:536} INFO - Filling up the DagBag from /home/airflow/.local/lib/python3.8/site-packages/airflow/example_dags/example_branch_labels.py
[2023-12-06T09:47:54.301+0000] {processor.py:839} INFO - DAG(s) dict_keys(['example_branch_labels']) retrieved from /home/airflow/.local/lib/python3.8/site-packages/airflow/example_dags/example_branch_labels.py
[2023-12-06T09:47:54.329+0000] {logging_mixin.py:154} INFO - [2023-12-06T09:47:54.329+0000] {dag.py:2941} INFO - Sync 1 DAGs
[2023-12-06T09:47:54.484+0000] {logging_mixin.py:154} INFO - [2023-12-06T09:47:54.484+0000] {dag.py:3722} INFO - Setting next_dagrun for example_branch_labels to 2023-12-05T00:00:00+00:00, run_after=2023-12-06T00:00:00+00:00
[2023-12-06T09:47:54.506+0000] {processor.py:179} INFO - Processing /home/airflow/.local/lib/python3.8/site-packages/airflow/example_dags/example_branch_labels.py took 0.224 seconds
[2023-12-06T09:48:25.481+0000] {processor.py:157} INFO - Started process (PID=1375) to work on /home/airflow/.local/lib/python3.8/site-packages/airflow/example_dags/example_branch_labels.py
[2023-12-06T09:48:25.486+0000] {processor.py:829} INFO - Processing file /home/airflow/.local/lib/python3.8/site-packages/airflow/example_dags/example_branch_labels.py for tasks to queue
[2023-12-06T09:48:25.488+0000] {logging_mixin.py:154} INFO - [2023-12-06T09:48:25.487+0000] {dagbag.py:536} INFO - Filling up the DagBag from /home/airflow/.local/lib/python3.8/site-packages/airflow/example_dags/example_branch_labels.py
[2023-12-06T09:48:25.500+0000] {processor.py:839} INFO - DAG(s) dict_keys(['example_branch_labels']) retrieved from /home/airflow/.local/lib/python3.8/site-packages/airflow/example_dags/example_branch_labels.py
[2023-12-06T09:48:25.570+0000] {logging_mixin.py:154} INFO - [2023-12-06T09:48:25.570+0000] {dag.py:2941} INFO - Sync 1 DAGs
[2023-12-06T09:48:25.597+0000] {logging_mixin.py:154} INFO - [2023-12-06T09:48:25.597+0000] {dag.py:3722} INFO - Setting next_dagrun for example_branch_labels to 2023-12-05T00:00:00+00:00, run_after=2023-12-06T00:00:00+00:00
[2023-12-06T09:48:25.617+0000] {processor.py:179} INFO - Processing /home/airflow/.local/lib/python3.8/site-packages/airflow/example_dags/example_branch_labels.py took 0.140 seconds
[2023-12-06T09:48:55.683+0000] {processor.py:157} INFO - Started process (PID=1431) to work on /home/airflow/.local/lib/python3.8/site-packages/airflow/example_dags/example_branch_labels.py
[2023-12-06T09:48:55.685+0000] {processor.py:829} INFO - Processing file /home/airflow/.local/lib/python3.8/site-packages/airflow/example_dags/example_branch_labels.py for tasks to queue
[2023-12-06T09:48:55.686+0000] {logging_mixin.py:154} INFO - [2023-12-06T09:48:55.686+0000] {dagbag.py:536} INFO - Filling up the DagBag from /home/airflow/.local/lib/python3.8/site-packages/airflow/example_dags/example_branch_labels.py
[2023-12-06T09:48:55.695+0000] {processor.py:839} INFO - DAG(s) dict_keys(['example_branch_labels']) retrieved from /home/airflow/.local/lib/python3.8/site-packages/airflow/example_dags/example_branch_labels.py
[2023-12-06T09:48:55.720+0000] {logging_mixin.py:154} INFO - [2023-12-06T09:48:55.720+0000] {dag.py:2941} INFO - Sync 1 DAGs
[2023-12-06T09:48:55.745+0000] {logging_mixin.py:154} INFO - [2023-12-06T09:48:55.744+0000] {dag.py:3722} INFO - Setting next_dagrun for example_branch_labels to 2023-12-05T00:00:00+00:00, run_after=2023-12-06T00:00:00+00:00
[2023-12-06T09:48:55.762+0000] {processor.py:179} INFO - Processing /home/airflow/.local/lib/python3.8/site-packages/airflow/example_dags/example_branch_labels.py took 0.082 seconds
[2023-12-06T09:49:26.922+0000] {processor.py:157} INFO - Started process (PID=1487) to work on /home/airflow/.local/lib/python3.8/site-packages/airflow/example_dags/example_branch_labels.py
[2023-12-06T09:49:26.929+0000] {processor.py:829} INFO - Processing file /home/airflow/.local/lib/python3.8/site-packages/airflow/example_dags/example_branch_labels.py for tasks to queue
[2023-12-06T09:49:26.964+0000] {logging_mixin.py:154} INFO - [2023-12-06T09:49:26.964+0000] {dagbag.py:536} INFO - Filling up the DagBag from /home/airflow/.local/lib/python3.8/site-packages/airflow/example_dags/example_branch_labels.py
[2023-12-06T09:49:27.010+0000] {processor.py:839} INFO - DAG(s) dict_keys(['example_branch_labels']) retrieved from /home/airflow/.local/lib/python3.8/site-packages/airflow/example_dags/example_branch_labels.py
[2023-12-06T09:49:27.044+0000] {logging_mixin.py:154} INFO - [2023-12-06T09:49:27.044+0000] {dag.py:2941} INFO - Sync 1 DAGs
[2023-12-06T09:49:27.070+0000] {logging_mixin.py:154} INFO - [2023-12-06T09:49:27.070+0000] {dag.py:3722} INFO - Setting next_dagrun for example_branch_labels to 2023-12-05T00:00:00+00:00, run_after=2023-12-06T00:00:00+00:00
[2023-12-06T09:49:27.088+0000] {processor.py:179} INFO - Processing /home/airflow/.local/lib/python3.8/site-packages/airflow/example_dags/example_branch_labels.py took 0.170 seconds
[2023-12-06T09:49:57.306+0000] {processor.py:157} INFO - Started process (PID=1543) to work on /home/airflow/.local/lib/python3.8/site-packages/airflow/example_dags/example_branch_labels.py
[2023-12-06T09:49:57.307+0000] {processor.py:829} INFO - Processing file /home/airflow/.local/lib/python3.8/site-packages/airflow/example_dags/example_branch_labels.py for tasks to queue
[2023-12-06T09:49:57.309+0000] {logging_mixin.py:154} INFO - [2023-12-06T09:49:57.308+0000] {dagbag.py:536} INFO - Filling up the DagBag from /home/airflow/.local/lib/python3.8/site-packages/airflow/example_dags/example_branch_labels.py
[2023-12-06T09:49:57.318+0000] {processor.py:839} INFO - DAG(s) dict_keys(['example_branch_labels']) retrieved from /home/airflow/.local/lib/python3.8/site-packages/airflow/example_dags/example_branch_labels.py
[2023-12-06T09:49:57.343+0000] {logging_mixin.py:154} INFO - [2023-12-06T09:49:57.343+0000] {dag.py:2941} INFO - Sync 1 DAGs
[2023-12-06T09:49:57.508+0000] {logging_mixin.py:154} INFO - [2023-12-06T09:49:57.507+0000] {dag.py:3722} INFO - Setting next_dagrun for example_branch_labels to 2023-12-05T00:00:00+00:00, run_after=2023-12-06T00:00:00+00:00
[2023-12-06T09:49:57.527+0000] {processor.py:179} INFO - Processing /home/airflow/.local/lib/python3.8/site-packages/airflow/example_dags/example_branch_labels.py took 0.225 seconds
[2023-12-06T09:50:27.664+0000] {processor.py:157} INFO - Started process (PID=1599) to work on /home/airflow/.local/lib/python3.8/site-packages/airflow/example_dags/example_branch_labels.py
[2023-12-06T09:50:27.666+0000] {processor.py:829} INFO - Processing file /home/airflow/.local/lib/python3.8/site-packages/airflow/example_dags/example_branch_labels.py for tasks to queue
[2023-12-06T09:50:27.667+0000] {logging_mixin.py:154} INFO - [2023-12-06T09:50:27.667+0000] {dagbag.py:536} INFO - Filling up the DagBag from /home/airflow/.local/lib/python3.8/site-packages/airflow/example_dags/example_branch_labels.py
[2023-12-06T09:50:27.677+0000] {processor.py:839} INFO - DAG(s) dict_keys(['example_branch_labels']) retrieved from /home/airflow/.local/lib/python3.8/site-packages/airflow/example_dags/example_branch_labels.py
[2023-12-06T09:50:27.703+0000] {logging_mixin.py:154} INFO - [2023-12-06T09:50:27.702+0000] {dag.py:2941} INFO - Sync 1 DAGs
[2023-12-06T09:50:27.727+0000] {logging_mixin.py:154} INFO - [2023-12-06T09:50:27.727+0000] {dag.py:3722} INFO - Setting next_dagrun for example_branch_labels to 2023-12-05T00:00:00+00:00, run_after=2023-12-06T00:00:00+00:00
[2023-12-06T09:50:27.745+0000] {processor.py:179} INFO - Processing /home/airflow/.local/lib/python3.8/site-packages/airflow/example_dags/example_branch_labels.py took 0.085 seconds
