[2023-12-06T09:36:14.944+0000] {processor.py:157} INFO - Started process (PID=55) to work on /home/airflow/.local/lib/python3.8/site-packages/airflow/example_dags/example_bash_operator.py
[2023-12-06T09:36:14.946+0000] {processor.py:829} INFO - Processing file /home/airflow/.local/lib/python3.8/site-packages/airflow/example_dags/example_bash_operator.py for tasks to queue
[2023-12-06T09:36:14.949+0000] {logging_mixin.py:154} INFO - [2023-12-06T09:36:14.949+0000] {dagbag.py:536} INFO - Filling up the DagBag from /home/airflow/.local/lib/python3.8/site-packages/airflow/example_dags/example_bash_operator.py
[2023-12-06T09:36:14.967+0000] {processor.py:839} INFO - DAG(s) dict_keys(['example_bash_operator']) retrieved from /home/airflow/.local/lib/python3.8/site-packages/airflow/example_dags/example_bash_operator.py
[2023-12-06T09:36:15.090+0000] {logging_mixin.py:154} INFO - [2023-12-06T09:36:15.090+0000] {manager.py:499} INFO - Created Permission View: %s
[2023-12-06T09:36:15.099+0000] {logging_mixin.py:154} INFO - [2023-12-06T09:36:15.099+0000] {manager.py:499} INFO - Created Permission View: %s
[2023-12-06T09:36:15.106+0000] {logging_mixin.py:154} INFO - [2023-12-06T09:36:15.106+0000] {manager.py:499} INFO - Created Permission View: %s
[2023-12-06T09:36:15.107+0000] {logging_mixin.py:154} INFO - [2023-12-06T09:36:15.107+0000] {dag.py:2941} INFO - Sync 1 DAGs
[2023-12-06T09:36:15.120+0000] {logging_mixin.py:154} INFO - [2023-12-06T09:36:15.120+0000] {dag.py:2963} INFO - Creating ORM DAG for example_bash_operator
[2023-12-06T09:36:15.145+0000] {logging_mixin.py:154} INFO - [2023-12-06T09:36:15.144+0000] {dag.py:3722} INFO - Setting next_dagrun for example_bash_operator to 2023-12-05T00:00:00+00:00, run_after=2023-12-06T00:00:00+00:00
[2023-12-06T09:36:15.178+0000] {processor.py:179} INFO - Processing /home/airflow/.local/lib/python3.8/site-packages/airflow/example_dags/example_bash_operator.py took 0.238 seconds
[2023-12-06T09:36:45.220+0000] {processor.py:157} INFO - Started process (PID=109) to work on /home/airflow/.local/lib/python3.8/site-packages/airflow/example_dags/example_bash_operator.py
[2023-12-06T09:36:45.221+0000] {processor.py:829} INFO - Processing file /home/airflow/.local/lib/python3.8/site-packages/airflow/example_dags/example_bash_operator.py for tasks to queue
[2023-12-06T09:36:45.224+0000] {logging_mixin.py:154} INFO - [2023-12-06T09:36:45.224+0000] {dagbag.py:536} INFO - Filling up the DagBag from /home/airflow/.local/lib/python3.8/site-packages/airflow/example_dags/example_bash_operator.py
[2023-12-06T09:36:45.237+0000] {processor.py:839} INFO - DAG(s) dict_keys(['example_bash_operator']) retrieved from /home/airflow/.local/lib/python3.8/site-packages/airflow/example_dags/example_bash_operator.py
[2023-12-06T09:36:45.268+0000] {logging_mixin.py:154} INFO - [2023-12-06T09:36:45.268+0000] {dag.py:2941} INFO - Sync 1 DAGs
[2023-12-06T09:36:45.293+0000] {logging_mixin.py:154} INFO - [2023-12-06T09:36:45.293+0000] {dag.py:3722} INFO - Setting next_dagrun for example_bash_operator to 2023-12-05T00:00:00+00:00, run_after=2023-12-06T00:00:00+00:00
[2023-12-06T09:36:45.311+0000] {processor.py:179} INFO - Processing /home/airflow/.local/lib/python3.8/site-packages/airflow/example_dags/example_bash_operator.py took 0.095 seconds
[2023-12-06T09:37:15.418+0000] {processor.py:157} INFO - Started process (PID=163) to work on /home/airflow/.local/lib/python3.8/site-packages/airflow/example_dags/example_bash_operator.py
[2023-12-06T09:37:15.420+0000] {processor.py:829} INFO - Processing file /home/airflow/.local/lib/python3.8/site-packages/airflow/example_dags/example_bash_operator.py for tasks to queue
[2023-12-06T09:37:15.423+0000] {logging_mixin.py:154} INFO - [2023-12-06T09:37:15.423+0000] {dagbag.py:536} INFO - Filling up the DagBag from /home/airflow/.local/lib/python3.8/site-packages/airflow/example_dags/example_bash_operator.py
[2023-12-06T09:37:15.436+0000] {processor.py:839} INFO - DAG(s) dict_keys(['example_bash_operator']) retrieved from /home/airflow/.local/lib/python3.8/site-packages/airflow/example_dags/example_bash_operator.py
[2023-12-06T09:37:15.469+0000] {logging_mixin.py:154} INFO - [2023-12-06T09:37:15.469+0000] {dag.py:2941} INFO - Sync 1 DAGs
[2023-12-06T09:37:15.497+0000] {logging_mixin.py:154} INFO - [2023-12-06T09:37:15.497+0000] {dag.py:3722} INFO - Setting next_dagrun for example_bash_operator to 2023-12-05T00:00:00+00:00, run_after=2023-12-06T00:00:00+00:00
[2023-12-06T09:37:15.516+0000] {processor.py:179} INFO - Processing /home/airflow/.local/lib/python3.8/site-packages/airflow/example_dags/example_bash_operator.py took 0.101 seconds
[2023-12-06T09:37:46.159+0000] {processor.py:157} INFO - Started process (PID=217) to work on /home/airflow/.local/lib/python3.8/site-packages/airflow/example_dags/example_bash_operator.py
[2023-12-06T09:37:46.161+0000] {processor.py:829} INFO - Processing file /home/airflow/.local/lib/python3.8/site-packages/airflow/example_dags/example_bash_operator.py for tasks to queue
[2023-12-06T09:37:46.164+0000] {logging_mixin.py:154} INFO - [2023-12-06T09:37:46.163+0000] {dagbag.py:536} INFO - Filling up the DagBag from /home/airflow/.local/lib/python3.8/site-packages/airflow/example_dags/example_bash_operator.py
[2023-12-06T09:37:46.177+0000] {processor.py:839} INFO - DAG(s) dict_keys(['example_bash_operator']) retrieved from /home/airflow/.local/lib/python3.8/site-packages/airflow/example_dags/example_bash_operator.py
[2023-12-06T09:37:46.211+0000] {logging_mixin.py:154} INFO - [2023-12-06T09:37:46.211+0000] {dag.py:2941} INFO - Sync 1 DAGs
[2023-12-06T09:37:46.237+0000] {logging_mixin.py:154} INFO - [2023-12-06T09:37:46.237+0000] {dag.py:3722} INFO - Setting next_dagrun for example_bash_operator to 2023-12-05T00:00:00+00:00, run_after=2023-12-06T00:00:00+00:00
[2023-12-06T09:37:46.255+0000] {processor.py:179} INFO - Processing /home/airflow/.local/lib/python3.8/site-packages/airflow/example_dags/example_bash_operator.py took 0.101 seconds
[2023-12-06T09:38:16.960+0000] {processor.py:157} INFO - Started process (PID=271) to work on /home/airflow/.local/lib/python3.8/site-packages/airflow/example_dags/example_bash_operator.py
[2023-12-06T09:38:16.962+0000] {processor.py:829} INFO - Processing file /home/airflow/.local/lib/python3.8/site-packages/airflow/example_dags/example_bash_operator.py for tasks to queue
[2023-12-06T09:38:16.965+0000] {logging_mixin.py:154} INFO - [2023-12-06T09:38:16.964+0000] {dagbag.py:536} INFO - Filling up the DagBag from /home/airflow/.local/lib/python3.8/site-packages/airflow/example_dags/example_bash_operator.py
[2023-12-06T09:38:16.978+0000] {processor.py:839} INFO - DAG(s) dict_keys(['example_bash_operator']) retrieved from /home/airflow/.local/lib/python3.8/site-packages/airflow/example_dags/example_bash_operator.py
[2023-12-06T09:38:17.009+0000] {logging_mixin.py:154} INFO - [2023-12-06T09:38:17.009+0000] {dag.py:2941} INFO - Sync 1 DAGs
[2023-12-06T09:38:17.035+0000] {logging_mixin.py:154} INFO - [2023-12-06T09:38:17.035+0000] {dag.py:3722} INFO - Setting next_dagrun for example_bash_operator to 2023-12-05T00:00:00+00:00, run_after=2023-12-06T00:00:00+00:00
[2023-12-06T09:38:17.054+0000] {processor.py:179} INFO - Processing /home/airflow/.local/lib/python3.8/site-packages/airflow/example_dags/example_bash_operator.py took 0.097 seconds
[2023-12-06T09:38:47.963+0000] {processor.py:157} INFO - Started process (PID=326) to work on /home/airflow/.local/lib/python3.8/site-packages/airflow/example_dags/example_bash_operator.py
[2023-12-06T09:38:47.964+0000] {processor.py:829} INFO - Processing file /home/airflow/.local/lib/python3.8/site-packages/airflow/example_dags/example_bash_operator.py for tasks to queue
[2023-12-06T09:38:47.967+0000] {logging_mixin.py:154} INFO - [2023-12-06T09:38:47.967+0000] {dagbag.py:536} INFO - Filling up the DagBag from /home/airflow/.local/lib/python3.8/site-packages/airflow/example_dags/example_bash_operator.py
[2023-12-06T09:38:47.980+0000] {processor.py:839} INFO - DAG(s) dict_keys(['example_bash_operator']) retrieved from /home/airflow/.local/lib/python3.8/site-packages/airflow/example_dags/example_bash_operator.py
[2023-12-06T09:38:48.010+0000] {logging_mixin.py:154} INFO - [2023-12-06T09:38:48.010+0000] {dag.py:2941} INFO - Sync 1 DAGs
[2023-12-06T09:38:48.037+0000] {logging_mixin.py:154} INFO - [2023-12-06T09:38:48.037+0000] {dag.py:3722} INFO - Setting next_dagrun for example_bash_operator to 2023-12-05T00:00:00+00:00, run_after=2023-12-06T00:00:00+00:00
[2023-12-06T09:38:48.056+0000] {processor.py:179} INFO - Processing /home/airflow/.local/lib/python3.8/site-packages/airflow/example_dags/example_bash_operator.py took 0.097 seconds
[2023-12-06T09:39:18.256+0000] {processor.py:157} INFO - Started process (PID=380) to work on /home/airflow/.local/lib/python3.8/site-packages/airflow/example_dags/example_bash_operator.py
[2023-12-06T09:39:18.258+0000] {processor.py:829} INFO - Processing file /home/airflow/.local/lib/python3.8/site-packages/airflow/example_dags/example_bash_operator.py for tasks to queue
[2023-12-06T09:39:18.260+0000] {logging_mixin.py:154} INFO - [2023-12-06T09:39:18.260+0000] {dagbag.py:536} INFO - Filling up the DagBag from /home/airflow/.local/lib/python3.8/site-packages/airflow/example_dags/example_bash_operator.py
[2023-12-06T09:39:18.273+0000] {processor.py:839} INFO - DAG(s) dict_keys(['example_bash_operator']) retrieved from /home/airflow/.local/lib/python3.8/site-packages/airflow/example_dags/example_bash_operator.py
[2023-12-06T09:39:18.303+0000] {logging_mixin.py:154} INFO - [2023-12-06T09:39:18.303+0000] {dag.py:2941} INFO - Sync 1 DAGs
[2023-12-06T09:39:18.328+0000] {logging_mixin.py:154} INFO - [2023-12-06T09:39:18.328+0000] {dag.py:3722} INFO - Setting next_dagrun for example_bash_operator to 2023-12-05T00:00:00+00:00, run_after=2023-12-06T00:00:00+00:00
[2023-12-06T09:39:18.346+0000] {processor.py:179} INFO - Processing /home/airflow/.local/lib/python3.8/site-packages/airflow/example_dags/example_bash_operator.py took 0.096 seconds
[2023-12-06T09:39:48.389+0000] {processor.py:157} INFO - Started process (PID=434) to work on /home/airflow/.local/lib/python3.8/site-packages/airflow/example_dags/example_bash_operator.py
[2023-12-06T09:39:48.391+0000] {processor.py:829} INFO - Processing file /home/airflow/.local/lib/python3.8/site-packages/airflow/example_dags/example_bash_operator.py for tasks to queue
[2023-12-06T09:39:48.394+0000] {logging_mixin.py:154} INFO - [2023-12-06T09:39:48.394+0000] {dagbag.py:536} INFO - Filling up the DagBag from /home/airflow/.local/lib/python3.8/site-packages/airflow/example_dags/example_bash_operator.py
[2023-12-06T09:39:48.419+0000] {processor.py:839} INFO - DAG(s) dict_keys(['example_bash_operator']) retrieved from /home/airflow/.local/lib/python3.8/site-packages/airflow/example_dags/example_bash_operator.py
[2023-12-06T09:39:48.464+0000] {logging_mixin.py:154} INFO - [2023-12-06T09:39:48.464+0000] {dag.py:2941} INFO - Sync 1 DAGs
[2023-12-06T09:39:48.500+0000] {logging_mixin.py:154} INFO - [2023-12-06T09:39:48.500+0000] {dag.py:3722} INFO - Setting next_dagrun for example_bash_operator to 2023-12-05T00:00:00+00:00, run_after=2023-12-06T00:00:00+00:00
[2023-12-06T09:39:48.533+0000] {processor.py:179} INFO - Processing /home/airflow/.local/lib/python3.8/site-packages/airflow/example_dags/example_bash_operator.py took 0.147 seconds
[2023-12-06T09:40:18.672+0000] {processor.py:157} INFO - Started process (PID=489) to work on /home/airflow/.local/lib/python3.8/site-packages/airflow/example_dags/example_bash_operator.py
[2023-12-06T09:40:18.673+0000] {processor.py:829} INFO - Processing file /home/airflow/.local/lib/python3.8/site-packages/airflow/example_dags/example_bash_operator.py for tasks to queue
[2023-12-06T09:40:18.676+0000] {logging_mixin.py:154} INFO - [2023-12-06T09:40:18.676+0000] {dagbag.py:536} INFO - Filling up the DagBag from /home/airflow/.local/lib/python3.8/site-packages/airflow/example_dags/example_bash_operator.py
[2023-12-06T09:40:18.690+0000] {processor.py:839} INFO - DAG(s) dict_keys(['example_bash_operator']) retrieved from /home/airflow/.local/lib/python3.8/site-packages/airflow/example_dags/example_bash_operator.py
[2023-12-06T09:40:18.723+0000] {logging_mixin.py:154} INFO - [2023-12-06T09:40:18.723+0000] {dag.py:2941} INFO - Sync 1 DAGs
[2023-12-06T09:40:18.748+0000] {logging_mixin.py:154} INFO - [2023-12-06T09:40:18.748+0000] {dag.py:3722} INFO - Setting next_dagrun for example_bash_operator to 2023-12-05T00:00:00+00:00, run_after=2023-12-06T00:00:00+00:00
[2023-12-06T09:40:18.766+0000] {processor.py:179} INFO - Processing /home/airflow/.local/lib/python3.8/site-packages/airflow/example_dags/example_bash_operator.py took 0.098 seconds
[2023-12-06T09:40:48.949+0000] {processor.py:157} INFO - Started process (PID=543) to work on /home/airflow/.local/lib/python3.8/site-packages/airflow/example_dags/example_bash_operator.py
[2023-12-06T09:40:48.950+0000] {processor.py:829} INFO - Processing file /home/airflow/.local/lib/python3.8/site-packages/airflow/example_dags/example_bash_operator.py for tasks to queue
[2023-12-06T09:40:48.953+0000] {logging_mixin.py:154} INFO - [2023-12-06T09:40:48.953+0000] {dagbag.py:536} INFO - Filling up the DagBag from /home/airflow/.local/lib/python3.8/site-packages/airflow/example_dags/example_bash_operator.py
[2023-12-06T09:40:48.966+0000] {processor.py:839} INFO - DAG(s) dict_keys(['example_bash_operator']) retrieved from /home/airflow/.local/lib/python3.8/site-packages/airflow/example_dags/example_bash_operator.py
[2023-12-06T09:40:48.996+0000] {logging_mixin.py:154} INFO - [2023-12-06T09:40:48.996+0000] {dag.py:2941} INFO - Sync 1 DAGs
[2023-12-06T09:40:49.022+0000] {logging_mixin.py:154} INFO - [2023-12-06T09:40:49.021+0000] {dag.py:3722} INFO - Setting next_dagrun for example_bash_operator to 2023-12-05T00:00:00+00:00, run_after=2023-12-06T00:00:00+00:00
[2023-12-06T09:40:49.039+0000] {processor.py:179} INFO - Processing /home/airflow/.local/lib/python3.8/site-packages/airflow/example_dags/example_bash_operator.py took 0.094 seconds
[2023-12-06T09:41:19.197+0000] {processor.py:157} INFO - Started process (PID=597) to work on /home/airflow/.local/lib/python3.8/site-packages/airflow/example_dags/example_bash_operator.py
[2023-12-06T09:41:19.199+0000] {processor.py:829} INFO - Processing file /home/airflow/.local/lib/python3.8/site-packages/airflow/example_dags/example_bash_operator.py for tasks to queue
[2023-12-06T09:41:19.202+0000] {logging_mixin.py:154} INFO - [2023-12-06T09:41:19.201+0000] {dagbag.py:536} INFO - Filling up the DagBag from /home/airflow/.local/lib/python3.8/site-packages/airflow/example_dags/example_bash_operator.py
[2023-12-06T09:41:19.215+0000] {processor.py:839} INFO - DAG(s) dict_keys(['example_bash_operator']) retrieved from /home/airflow/.local/lib/python3.8/site-packages/airflow/example_dags/example_bash_operator.py
[2023-12-06T09:41:19.245+0000] {logging_mixin.py:154} INFO - [2023-12-06T09:41:19.245+0000] {dag.py:2941} INFO - Sync 1 DAGs
[2023-12-06T09:41:19.269+0000] {logging_mixin.py:154} INFO - [2023-12-06T09:41:19.269+0000] {dag.py:3722} INFO - Setting next_dagrun for example_bash_operator to 2023-12-05T00:00:00+00:00, run_after=2023-12-06T00:00:00+00:00
[2023-12-06T09:41:19.287+0000] {processor.py:179} INFO - Processing /home/airflow/.local/lib/python3.8/site-packages/airflow/example_dags/example_bash_operator.py took 0.094 seconds
[2023-12-06T09:41:49.642+0000] {processor.py:157} INFO - Started process (PID=651) to work on /home/airflow/.local/lib/python3.8/site-packages/airflow/example_dags/example_bash_operator.py
[2023-12-06T09:41:49.643+0000] {processor.py:829} INFO - Processing file /home/airflow/.local/lib/python3.8/site-packages/airflow/example_dags/example_bash_operator.py for tasks to queue
[2023-12-06T09:41:49.646+0000] {logging_mixin.py:154} INFO - [2023-12-06T09:41:49.646+0000] {dagbag.py:536} INFO - Filling up the DagBag from /home/airflow/.local/lib/python3.8/site-packages/airflow/example_dags/example_bash_operator.py
[2023-12-06T09:41:49.659+0000] {processor.py:839} INFO - DAG(s) dict_keys(['example_bash_operator']) retrieved from /home/airflow/.local/lib/python3.8/site-packages/airflow/example_dags/example_bash_operator.py
[2023-12-06T09:41:49.690+0000] {logging_mixin.py:154} INFO - [2023-12-06T09:41:49.690+0000] {dag.py:2941} INFO - Sync 1 DAGs
[2023-12-06T09:41:49.715+0000] {logging_mixin.py:154} INFO - [2023-12-06T09:41:49.715+0000] {dag.py:3722} INFO - Setting next_dagrun for example_bash_operator to 2023-12-05T00:00:00+00:00, run_after=2023-12-06T00:00:00+00:00
[2023-12-06T09:41:49.735+0000] {processor.py:179} INFO - Processing /home/airflow/.local/lib/python3.8/site-packages/airflow/example_dags/example_bash_operator.py took 0.098 seconds
[2023-12-06T09:42:19.986+0000] {processor.py:157} INFO - Started process (PID=705) to work on /home/airflow/.local/lib/python3.8/site-packages/airflow/example_dags/example_bash_operator.py
[2023-12-06T09:42:19.987+0000] {processor.py:829} INFO - Processing file /home/airflow/.local/lib/python3.8/site-packages/airflow/example_dags/example_bash_operator.py for tasks to queue
[2023-12-06T09:42:19.990+0000] {logging_mixin.py:154} INFO - [2023-12-06T09:42:19.990+0000] {dagbag.py:536} INFO - Filling up the DagBag from /home/airflow/.local/lib/python3.8/site-packages/airflow/example_dags/example_bash_operator.py
[2023-12-06T09:42:20.003+0000] {processor.py:839} INFO - DAG(s) dict_keys(['example_bash_operator']) retrieved from /home/airflow/.local/lib/python3.8/site-packages/airflow/example_dags/example_bash_operator.py
[2023-12-06T09:42:20.036+0000] {logging_mixin.py:154} INFO - [2023-12-06T09:42:20.036+0000] {dag.py:2941} INFO - Sync 1 DAGs
[2023-12-06T09:42:20.061+0000] {logging_mixin.py:154} INFO - [2023-12-06T09:42:20.061+0000] {dag.py:3722} INFO - Setting next_dagrun for example_bash_operator to 2023-12-05T00:00:00+00:00, run_after=2023-12-06T00:00:00+00:00
[2023-12-06T09:42:20.079+0000] {processor.py:179} INFO - Processing /home/airflow/.local/lib/python3.8/site-packages/airflow/example_dags/example_bash_operator.py took 0.098 seconds
[2023-12-06T09:42:50.334+0000] {processor.py:157} INFO - Started process (PID=759) to work on /home/airflow/.local/lib/python3.8/site-packages/airflow/example_dags/example_bash_operator.py
[2023-12-06T09:42:50.336+0000] {processor.py:829} INFO - Processing file /home/airflow/.local/lib/python3.8/site-packages/airflow/example_dags/example_bash_operator.py for tasks to queue
[2023-12-06T09:42:50.339+0000] {logging_mixin.py:154} INFO - [2023-12-06T09:42:50.338+0000] {dagbag.py:536} INFO - Filling up the DagBag from /home/airflow/.local/lib/python3.8/site-packages/airflow/example_dags/example_bash_operator.py
[2023-12-06T09:42:50.352+0000] {processor.py:839} INFO - DAG(s) dict_keys(['example_bash_operator']) retrieved from /home/airflow/.local/lib/python3.8/site-packages/airflow/example_dags/example_bash_operator.py
[2023-12-06T09:42:50.381+0000] {logging_mixin.py:154} INFO - [2023-12-06T09:42:50.381+0000] {dag.py:2941} INFO - Sync 1 DAGs
[2023-12-06T09:42:50.407+0000] {logging_mixin.py:154} INFO - [2023-12-06T09:42:50.407+0000] {dag.py:3722} INFO - Setting next_dagrun for example_bash_operator to 2023-12-05T00:00:00+00:00, run_after=2023-12-06T00:00:00+00:00
[2023-12-06T09:42:50.424+0000] {processor.py:179} INFO - Processing /home/airflow/.local/lib/python3.8/site-packages/airflow/example_dags/example_bash_operator.py took 0.093 seconds
[2023-12-06T09:43:20.546+0000] {processor.py:157} INFO - Started process (PID=814) to work on /home/airflow/.local/lib/python3.8/site-packages/airflow/example_dags/example_bash_operator.py
[2023-12-06T09:43:20.548+0000] {processor.py:829} INFO - Processing file /home/airflow/.local/lib/python3.8/site-packages/airflow/example_dags/example_bash_operator.py for tasks to queue
[2023-12-06T09:43:20.551+0000] {logging_mixin.py:154} INFO - [2023-12-06T09:43:20.551+0000] {dagbag.py:536} INFO - Filling up the DagBag from /home/airflow/.local/lib/python3.8/site-packages/airflow/example_dags/example_bash_operator.py
[2023-12-06T09:43:20.565+0000] {processor.py:839} INFO - DAG(s) dict_keys(['example_bash_operator']) retrieved from /home/airflow/.local/lib/python3.8/site-packages/airflow/example_dags/example_bash_operator.py
[2023-12-06T09:43:20.597+0000] {logging_mixin.py:154} INFO - [2023-12-06T09:43:20.597+0000] {dag.py:2941} INFO - Sync 1 DAGs
[2023-12-06T09:43:20.625+0000] {logging_mixin.py:154} INFO - [2023-12-06T09:43:20.625+0000] {dag.py:3722} INFO - Setting next_dagrun for example_bash_operator to 2023-12-05T00:00:00+00:00, run_after=2023-12-06T00:00:00+00:00
[2023-12-06T09:43:20.647+0000] {processor.py:179} INFO - Processing /home/airflow/.local/lib/python3.8/site-packages/airflow/example_dags/example_bash_operator.py took 0.105 seconds
[2023-12-06T09:43:51.526+0000] {processor.py:157} INFO - Started process (PID=868) to work on /home/airflow/.local/lib/python3.8/site-packages/airflow/example_dags/example_bash_operator.py
[2023-12-06T09:43:51.528+0000] {processor.py:829} INFO - Processing file /home/airflow/.local/lib/python3.8/site-packages/airflow/example_dags/example_bash_operator.py for tasks to queue
[2023-12-06T09:43:51.530+0000] {logging_mixin.py:154} INFO - [2023-12-06T09:43:51.530+0000] {dagbag.py:536} INFO - Filling up the DagBag from /home/airflow/.local/lib/python3.8/site-packages/airflow/example_dags/example_bash_operator.py
[2023-12-06T09:43:51.544+0000] {processor.py:839} INFO - DAG(s) dict_keys(['example_bash_operator']) retrieved from /home/airflow/.local/lib/python3.8/site-packages/airflow/example_dags/example_bash_operator.py
[2023-12-06T09:43:51.576+0000] {logging_mixin.py:154} INFO - [2023-12-06T09:43:51.576+0000] {dag.py:2941} INFO - Sync 1 DAGs
[2023-12-06T09:43:51.599+0000] {logging_mixin.py:154} INFO - [2023-12-06T09:43:51.599+0000] {dag.py:3722} INFO - Setting next_dagrun for example_bash_operator to 2023-12-05T00:00:00+00:00, run_after=2023-12-06T00:00:00+00:00
[2023-12-06T09:43:51.616+0000] {processor.py:179} INFO - Processing /home/airflow/.local/lib/python3.8/site-packages/airflow/example_dags/example_bash_operator.py took 0.094 seconds
[2023-12-06T09:44:21.820+0000] {processor.py:157} INFO - Started process (PID=922) to work on /home/airflow/.local/lib/python3.8/site-packages/airflow/example_dags/example_bash_operator.py
[2023-12-06T09:44:21.822+0000] {processor.py:829} INFO - Processing file /home/airflow/.local/lib/python3.8/site-packages/airflow/example_dags/example_bash_operator.py for tasks to queue
[2023-12-06T09:44:21.825+0000] {logging_mixin.py:154} INFO - [2023-12-06T09:44:21.825+0000] {dagbag.py:536} INFO - Filling up the DagBag from /home/airflow/.local/lib/python3.8/site-packages/airflow/example_dags/example_bash_operator.py
[2023-12-06T09:44:21.840+0000] {processor.py:839} INFO - DAG(s) dict_keys(['example_bash_operator']) retrieved from /home/airflow/.local/lib/python3.8/site-packages/airflow/example_dags/example_bash_operator.py
[2023-12-06T09:44:21.880+0000] {logging_mixin.py:154} INFO - [2023-12-06T09:44:21.880+0000] {dag.py:2941} INFO - Sync 1 DAGs
[2023-12-06T09:44:21.910+0000] {logging_mixin.py:154} INFO - [2023-12-06T09:44:21.909+0000] {dag.py:3722} INFO - Setting next_dagrun for example_bash_operator to 2023-12-05T00:00:00+00:00, run_after=2023-12-06T00:00:00+00:00
[2023-12-06T09:44:21.978+0000] {processor.py:179} INFO - Processing /home/airflow/.local/lib/python3.8/site-packages/airflow/example_dags/example_bash_operator.py took 0.164 seconds
[2023-12-06T09:44:52.940+0000] {processor.py:157} INFO - Started process (PID=976) to work on /home/airflow/.local/lib/python3.8/site-packages/airflow/example_dags/example_bash_operator.py
[2023-12-06T09:44:52.960+0000] {processor.py:829} INFO - Processing file /home/airflow/.local/lib/python3.8/site-packages/airflow/example_dags/example_bash_operator.py for tasks to queue
[2023-12-06T09:44:52.981+0000] {logging_mixin.py:154} INFO - [2023-12-06T09:44:52.980+0000] {dagbag.py:536} INFO - Filling up the DagBag from /home/airflow/.local/lib/python3.8/site-packages/airflow/example_dags/example_bash_operator.py
[2023-12-06T09:44:53.012+0000] {processor.py:839} INFO - DAG(s) dict_keys(['example_bash_operator']) retrieved from /home/airflow/.local/lib/python3.8/site-packages/airflow/example_dags/example_bash_operator.py
[2023-12-06T09:44:53.050+0000] {logging_mixin.py:154} INFO - [2023-12-06T09:44:53.050+0000] {dag.py:2941} INFO - Sync 1 DAGs
[2023-12-06T09:44:53.084+0000] {logging_mixin.py:154} INFO - [2023-12-06T09:44:53.084+0000] {dag.py:3722} INFO - Setting next_dagrun for example_bash_operator to 2023-12-05T00:00:00+00:00, run_after=2023-12-06T00:00:00+00:00
[2023-12-06T09:44:53.104+0000] {processor.py:179} INFO - Processing /home/airflow/.local/lib/python3.8/site-packages/airflow/example_dags/example_bash_operator.py took 0.168 seconds
[2023-12-06T09:45:23.215+0000] {processor.py:157} INFO - Started process (PID=1030) to work on /home/airflow/.local/lib/python3.8/site-packages/airflow/example_dags/example_bash_operator.py
[2023-12-06T09:45:23.216+0000] {processor.py:829} INFO - Processing file /home/airflow/.local/lib/python3.8/site-packages/airflow/example_dags/example_bash_operator.py for tasks to queue
[2023-12-06T09:45:23.220+0000] {logging_mixin.py:154} INFO - [2023-12-06T09:45:23.219+0000] {dagbag.py:536} INFO - Filling up the DagBag from /home/airflow/.local/lib/python3.8/site-packages/airflow/example_dags/example_bash_operator.py
[2023-12-06T09:45:23.232+0000] {processor.py:839} INFO - DAG(s) dict_keys(['example_bash_operator']) retrieved from /home/airflow/.local/lib/python3.8/site-packages/airflow/example_dags/example_bash_operator.py
[2023-12-06T09:45:23.264+0000] {logging_mixin.py:154} INFO - [2023-12-06T09:45:23.264+0000] {dag.py:2941} INFO - Sync 1 DAGs
[2023-12-06T09:45:23.288+0000] {logging_mixin.py:154} INFO - [2023-12-06T09:45:23.288+0000] {dag.py:3722} INFO - Setting next_dagrun for example_bash_operator to 2023-12-05T00:00:00+00:00, run_after=2023-12-06T00:00:00+00:00
[2023-12-06T09:45:23.307+0000] {processor.py:179} INFO - Processing /home/airflow/.local/lib/python3.8/site-packages/airflow/example_dags/example_bash_operator.py took 0.096 seconds
[2023-12-06T09:45:53.348+0000] {processor.py:157} INFO - Started process (PID=1096) to work on /home/airflow/.local/lib/python3.8/site-packages/airflow/example_dags/example_bash_operator.py
[2023-12-06T09:45:53.350+0000] {processor.py:829} INFO - Processing file /home/airflow/.local/lib/python3.8/site-packages/airflow/example_dags/example_bash_operator.py for tasks to queue
[2023-12-06T09:45:53.353+0000] {logging_mixin.py:154} INFO - [2023-12-06T09:45:53.352+0000] {dagbag.py:536} INFO - Filling up the DagBag from /home/airflow/.local/lib/python3.8/site-packages/airflow/example_dags/example_bash_operator.py
[2023-12-06T09:45:53.366+0000] {processor.py:839} INFO - DAG(s) dict_keys(['example_bash_operator']) retrieved from /home/airflow/.local/lib/python3.8/site-packages/airflow/example_dags/example_bash_operator.py
[2023-12-06T09:45:53.397+0000] {logging_mixin.py:154} INFO - [2023-12-06T09:45:53.396+0000] {dag.py:2941} INFO - Sync 1 DAGs
[2023-12-06T09:45:53.426+0000] {logging_mixin.py:154} INFO - [2023-12-06T09:45:53.426+0000] {dag.py:3722} INFO - Setting next_dagrun for example_bash_operator to 2023-12-05T00:00:00+00:00, run_after=2023-12-06T00:00:00+00:00
[2023-12-06T09:45:53.443+0000] {processor.py:179} INFO - Processing /home/airflow/.local/lib/python3.8/site-packages/airflow/example_dags/example_bash_operator.py took 0.098 seconds
[2023-12-06T09:46:23.749+0000] {processor.py:157} INFO - Started process (PID=1153) to work on /home/airflow/.local/lib/python3.8/site-packages/airflow/example_dags/example_bash_operator.py
[2023-12-06T09:46:23.751+0000] {processor.py:829} INFO - Processing file /home/airflow/.local/lib/python3.8/site-packages/airflow/example_dags/example_bash_operator.py for tasks to queue
[2023-12-06T09:46:23.753+0000] {logging_mixin.py:154} INFO - [2023-12-06T09:46:23.753+0000] {dagbag.py:536} INFO - Filling up the DagBag from /home/airflow/.local/lib/python3.8/site-packages/airflow/example_dags/example_bash_operator.py
[2023-12-06T09:46:23.767+0000] {processor.py:839} INFO - DAG(s) dict_keys(['example_bash_operator']) retrieved from /home/airflow/.local/lib/python3.8/site-packages/airflow/example_dags/example_bash_operator.py
[2023-12-06T09:46:23.799+0000] {logging_mixin.py:154} INFO - [2023-12-06T09:46:23.799+0000] {dag.py:2941} INFO - Sync 1 DAGs
[2023-12-06T09:46:23.823+0000] {logging_mixin.py:154} INFO - [2023-12-06T09:46:23.823+0000] {dag.py:3722} INFO - Setting next_dagrun for example_bash_operator to 2023-12-05T00:00:00+00:00, run_after=2023-12-06T00:00:00+00:00
[2023-12-06T09:46:23.976+0000] {processor.py:179} INFO - Processing /home/airflow/.local/lib/python3.8/site-packages/airflow/example_dags/example_bash_operator.py took 0.231 seconds
[2023-12-06T09:46:54.303+0000] {processor.py:157} INFO - Started process (PID=1208) to work on /home/airflow/.local/lib/python3.8/site-packages/airflow/example_dags/example_bash_operator.py
[2023-12-06T09:46:54.312+0000] {processor.py:829} INFO - Processing file /home/airflow/.local/lib/python3.8/site-packages/airflow/example_dags/example_bash_operator.py for tasks to queue
[2023-12-06T09:46:54.315+0000] {logging_mixin.py:154} INFO - [2023-12-06T09:46:54.315+0000] {dagbag.py:536} INFO - Filling up the DagBag from /home/airflow/.local/lib/python3.8/site-packages/airflow/example_dags/example_bash_operator.py
[2023-12-06T09:46:54.331+0000] {processor.py:839} INFO - DAG(s) dict_keys(['example_bash_operator']) retrieved from /home/airflow/.local/lib/python3.8/site-packages/airflow/example_dags/example_bash_operator.py
[2023-12-06T09:46:54.365+0000] {logging_mixin.py:154} INFO - [2023-12-06T09:46:54.365+0000] {dag.py:2941} INFO - Sync 1 DAGs
[2023-12-06T09:46:54.390+0000] {logging_mixin.py:154} INFO - [2023-12-06T09:46:54.390+0000] {dag.py:3722} INFO - Setting next_dagrun for example_bash_operator to 2023-12-05T00:00:00+00:00, run_after=2023-12-06T00:00:00+00:00
[2023-12-06T09:46:54.409+0000] {processor.py:179} INFO - Processing /home/airflow/.local/lib/python3.8/site-packages/airflow/example_dags/example_bash_operator.py took 0.110 seconds
[2023-12-06T09:47:24.518+0000] {processor.py:157} INFO - Started process (PID=1264) to work on /home/airflow/.local/lib/python3.8/site-packages/airflow/example_dags/example_bash_operator.py
[2023-12-06T09:47:24.520+0000] {processor.py:829} INFO - Processing file /home/airflow/.local/lib/python3.8/site-packages/airflow/example_dags/example_bash_operator.py for tasks to queue
[2023-12-06T09:47:24.521+0000] {logging_mixin.py:154} INFO - [2023-12-06T09:47:24.521+0000] {dagbag.py:536} INFO - Filling up the DagBag from /home/airflow/.local/lib/python3.8/site-packages/airflow/example_dags/example_bash_operator.py
[2023-12-06T09:47:24.535+0000] {processor.py:839} INFO - DAG(s) dict_keys(['example_bash_operator']) retrieved from /home/airflow/.local/lib/python3.8/site-packages/airflow/example_dags/example_bash_operator.py
[2023-12-06T09:47:24.567+0000] {logging_mixin.py:154} INFO - [2023-12-06T09:47:24.567+0000] {dag.py:2941} INFO - Sync 1 DAGs
[2023-12-06T09:47:24.591+0000] {logging_mixin.py:154} INFO - [2023-12-06T09:47:24.591+0000] {dag.py:3722} INFO - Setting next_dagrun for example_bash_operator to 2023-12-05T00:00:00+00:00, run_after=2023-12-06T00:00:00+00:00
[2023-12-06T09:47:24.610+0000] {processor.py:179} INFO - Processing /home/airflow/.local/lib/python3.8/site-packages/airflow/example_dags/example_bash_operator.py took 0.096 seconds
[2023-12-06T09:47:55.223+0000] {processor.py:157} INFO - Started process (PID=1322) to work on /home/airflow/.local/lib/python3.8/site-packages/airflow/example_dags/example_bash_operator.py
[2023-12-06T09:47:55.225+0000] {processor.py:829} INFO - Processing file /home/airflow/.local/lib/python3.8/site-packages/airflow/example_dags/example_bash_operator.py for tasks to queue
[2023-12-06T09:47:55.226+0000] {logging_mixin.py:154} INFO - [2023-12-06T09:47:55.226+0000] {dagbag.py:536} INFO - Filling up the DagBag from /home/airflow/.local/lib/python3.8/site-packages/airflow/example_dags/example_bash_operator.py
[2023-12-06T09:47:55.240+0000] {processor.py:839} INFO - DAG(s) dict_keys(['example_bash_operator']) retrieved from /home/airflow/.local/lib/python3.8/site-packages/airflow/example_dags/example_bash_operator.py
[2023-12-06T09:47:55.277+0000] {logging_mixin.py:154} INFO - [2023-12-06T09:47:55.276+0000] {dag.py:2941} INFO - Sync 1 DAGs
[2023-12-06T09:47:55.438+0000] {logging_mixin.py:154} INFO - [2023-12-06T09:47:55.438+0000] {dag.py:3722} INFO - Setting next_dagrun for example_bash_operator to 2023-12-05T00:00:00+00:00, run_after=2023-12-06T00:00:00+00:00
[2023-12-06T09:47:55.458+0000] {processor.py:179} INFO - Processing /home/airflow/.local/lib/python3.8/site-packages/airflow/example_dags/example_bash_operator.py took 0.238 seconds
[2023-12-06T09:48:26.801+0000] {processor.py:157} INFO - Started process (PID=1383) to work on /home/airflow/.local/lib/python3.8/site-packages/airflow/example_dags/example_bash_operator.py
[2023-12-06T09:48:26.805+0000] {processor.py:829} INFO - Processing file /home/airflow/.local/lib/python3.8/site-packages/airflow/example_dags/example_bash_operator.py for tasks to queue
[2023-12-06T09:48:26.807+0000] {logging_mixin.py:154} INFO - [2023-12-06T09:48:26.806+0000] {dagbag.py:536} INFO - Filling up the DagBag from /home/airflow/.local/lib/python3.8/site-packages/airflow/example_dags/example_bash_operator.py
[2023-12-06T09:48:26.826+0000] {processor.py:839} INFO - DAG(s) dict_keys(['example_bash_operator']) retrieved from /home/airflow/.local/lib/python3.8/site-packages/airflow/example_dags/example_bash_operator.py
[2023-12-06T09:48:26.878+0000] {logging_mixin.py:154} INFO - [2023-12-06T09:48:26.877+0000] {dag.py:2941} INFO - Sync 1 DAGs
[2023-12-06T09:48:26.942+0000] {logging_mixin.py:154} INFO - [2023-12-06T09:48:26.942+0000] {dag.py:3722} INFO - Setting next_dagrun for example_bash_operator to 2023-12-05T00:00:00+00:00, run_after=2023-12-06T00:00:00+00:00
[2023-12-06T09:48:27.259+0000] {processor.py:179} INFO - Processing /home/airflow/.local/lib/python3.8/site-packages/airflow/example_dags/example_bash_operator.py took 0.463 seconds
[2023-12-06T09:48:58.045+0000] {processor.py:157} INFO - Started process (PID=1439) to work on /home/airflow/.local/lib/python3.8/site-packages/airflow/example_dags/example_bash_operator.py
[2023-12-06T09:48:58.046+0000] {processor.py:829} INFO - Processing file /home/airflow/.local/lib/python3.8/site-packages/airflow/example_dags/example_bash_operator.py for tasks to queue
[2023-12-06T09:48:58.048+0000] {logging_mixin.py:154} INFO - [2023-12-06T09:48:58.048+0000] {dagbag.py:536} INFO - Filling up the DagBag from /home/airflow/.local/lib/python3.8/site-packages/airflow/example_dags/example_bash_operator.py
[2023-12-06T09:48:58.064+0000] {processor.py:839} INFO - DAG(s) dict_keys(['example_bash_operator']) retrieved from /home/airflow/.local/lib/python3.8/site-packages/airflow/example_dags/example_bash_operator.py
[2023-12-06T09:48:58.096+0000] {logging_mixin.py:154} INFO - [2023-12-06T09:48:58.096+0000] {dag.py:2941} INFO - Sync 1 DAGs
[2023-12-06T09:48:58.128+0000] {logging_mixin.py:154} INFO - [2023-12-06T09:48:58.128+0000] {dag.py:3722} INFO - Setting next_dagrun for example_bash_operator to 2023-12-05T00:00:00+00:00, run_after=2023-12-06T00:00:00+00:00
[2023-12-06T09:48:58.147+0000] {processor.py:179} INFO - Processing /home/airflow/.local/lib/python3.8/site-packages/airflow/example_dags/example_bash_operator.py took 0.107 seconds
[2023-12-06T09:49:28.449+0000] {processor.py:157} INFO - Started process (PID=1495) to work on /home/airflow/.local/lib/python3.8/site-packages/airflow/example_dags/example_bash_operator.py
[2023-12-06T09:49:28.451+0000] {processor.py:829} INFO - Processing file /home/airflow/.local/lib/python3.8/site-packages/airflow/example_dags/example_bash_operator.py for tasks to queue
[2023-12-06T09:49:28.453+0000] {logging_mixin.py:154} INFO - [2023-12-06T09:49:28.452+0000] {dagbag.py:536} INFO - Filling up the DagBag from /home/airflow/.local/lib/python3.8/site-packages/airflow/example_dags/example_bash_operator.py
[2023-12-06T09:49:28.467+0000] {processor.py:839} INFO - DAG(s) dict_keys(['example_bash_operator']) retrieved from /home/airflow/.local/lib/python3.8/site-packages/airflow/example_dags/example_bash_operator.py
[2023-12-06T09:49:28.499+0000] {logging_mixin.py:154} INFO - [2023-12-06T09:49:28.499+0000] {dag.py:2941} INFO - Sync 1 DAGs
[2023-12-06T09:49:28.525+0000] {logging_mixin.py:154} INFO - [2023-12-06T09:49:28.525+0000] {dag.py:3722} INFO - Setting next_dagrun for example_bash_operator to 2023-12-05T00:00:00+00:00, run_after=2023-12-06T00:00:00+00:00
[2023-12-06T09:49:28.545+0000] {processor.py:179} INFO - Processing /home/airflow/.local/lib/python3.8/site-packages/airflow/example_dags/example_bash_operator.py took 0.100 seconds
[2023-12-06T09:49:59.352+0000] {processor.py:157} INFO - Started process (PID=1559) to work on /home/airflow/.local/lib/python3.8/site-packages/airflow/example_dags/example_bash_operator.py
[2023-12-06T09:49:59.353+0000] {processor.py:829} INFO - Processing file /home/airflow/.local/lib/python3.8/site-packages/airflow/example_dags/example_bash_operator.py for tasks to queue
[2023-12-06T09:49:59.355+0000] {logging_mixin.py:154} INFO - [2023-12-06T09:49:59.355+0000] {dagbag.py:536} INFO - Filling up the DagBag from /home/airflow/.local/lib/python3.8/site-packages/airflow/example_dags/example_bash_operator.py
[2023-12-06T09:49:59.371+0000] {processor.py:839} INFO - DAG(s) dict_keys(['example_bash_operator']) retrieved from /home/airflow/.local/lib/python3.8/site-packages/airflow/example_dags/example_bash_operator.py
[2023-12-06T09:49:59.401+0000] {logging_mixin.py:154} INFO - [2023-12-06T09:49:59.401+0000] {dag.py:2941} INFO - Sync 1 DAGs
[2023-12-06T09:49:59.564+0000] {logging_mixin.py:154} INFO - [2023-12-06T09:49:59.563+0000] {dag.py:3722} INFO - Setting next_dagrun for example_bash_operator to 2023-12-05T00:00:00+00:00, run_after=2023-12-06T00:00:00+00:00
[2023-12-06T09:49:59.585+0000] {processor.py:179} INFO - Processing /home/airflow/.local/lib/python3.8/site-packages/airflow/example_dags/example_bash_operator.py took 0.238 seconds
[2023-12-06T09:50:29.839+0000] {processor.py:157} INFO - Started process (PID=1614) to work on /home/airflow/.local/lib/python3.8/site-packages/airflow/example_dags/example_bash_operator.py
[2023-12-06T09:50:29.841+0000] {processor.py:829} INFO - Processing file /home/airflow/.local/lib/python3.8/site-packages/airflow/example_dags/example_bash_operator.py for tasks to queue
[2023-12-06T09:50:29.842+0000] {logging_mixin.py:154} INFO - [2023-12-06T09:50:29.842+0000] {dagbag.py:536} INFO - Filling up the DagBag from /home/airflow/.local/lib/python3.8/site-packages/airflow/example_dags/example_bash_operator.py
[2023-12-06T09:50:29.857+0000] {processor.py:839} INFO - DAG(s) dict_keys(['example_bash_operator']) retrieved from /home/airflow/.local/lib/python3.8/site-packages/airflow/example_dags/example_bash_operator.py
[2023-12-06T09:50:29.891+0000] {logging_mixin.py:154} INFO - [2023-12-06T09:50:29.891+0000] {dag.py:2941} INFO - Sync 1 DAGs
[2023-12-06T09:50:29.916+0000] {logging_mixin.py:154} INFO - [2023-12-06T09:50:29.916+0000] {dag.py:3722} INFO - Setting next_dagrun for example_bash_operator to 2023-12-05T00:00:00+00:00, run_after=2023-12-06T00:00:00+00:00
[2023-12-06T09:50:30.088+0000] {processor.py:179} INFO - Processing /home/airflow/.local/lib/python3.8/site-packages/airflow/example_dags/example_bash_operator.py took 0.254 seconds
