[2023-12-06T09:36:12.788+0000] {processor.py:157} INFO - Started process (PID=44) to work on /home/airflow/.local/lib/python3.8/site-packages/airflow/example_dags/example_short_circuit_operator.py
[2023-12-06T09:36:12.790+0000] {processor.py:829} INFO - Processing file /home/airflow/.local/lib/python3.8/site-packages/airflow/example_dags/example_short_circuit_operator.py for tasks to queue
[2023-12-06T09:36:12.793+0000] {logging_mixin.py:154} INFO - [2023-12-06T09:36:12.793+0000] {dagbag.py:536} INFO - Filling up the DagBag from /home/airflow/.local/lib/python3.8/site-packages/airflow/example_dags/example_short_circuit_operator.py
[2023-12-06T09:36:12.807+0000] {processor.py:839} INFO - DAG(s) dict_keys(['example_short_circuit_operator']) retrieved from /home/airflow/.local/lib/python3.8/site-packages/airflow/example_dags/example_short_circuit_operator.py
[2023-12-06T09:36:12.976+0000] {logging_mixin.py:154} INFO - [2023-12-06T09:36:12.976+0000] {manager.py:499} INFO - Created Permission View: %s
[2023-12-06T09:36:12.990+0000] {logging_mixin.py:154} INFO - [2023-12-06T09:36:12.990+0000] {manager.py:499} INFO - Created Permission View: %s
[2023-12-06T09:36:12.999+0000] {logging_mixin.py:154} INFO - [2023-12-06T09:36:12.999+0000] {manager.py:499} INFO - Created Permission View: %s
[2023-12-06T09:36:13.000+0000] {logging_mixin.py:154} INFO - [2023-12-06T09:36:13.000+0000] {dag.py:2941} INFO - Sync 1 DAGs
[2023-12-06T09:36:13.022+0000] {logging_mixin.py:154} INFO - [2023-12-06T09:36:13.022+0000] {dag.py:2963} INFO - Creating ORM DAG for example_short_circuit_operator
[2023-12-06T09:36:13.042+0000] {logging_mixin.py:154} INFO - [2023-12-06T09:36:13.042+0000] {dag.py:3722} INFO - Setting next_dagrun for example_short_circuit_operator to 2023-12-05T09:36:13.042197+00:00, run_after=2023-12-06T09:36:13.042197+00:00
[2023-12-06T09:36:13.065+0000] {processor.py:179} INFO - Processing /home/airflow/.local/lib/python3.8/site-packages/airflow/example_dags/example_short_circuit_operator.py took 0.281 seconds
[2023-12-06T09:36:43.554+0000] {processor.py:157} INFO - Started process (PID=98) to work on /home/airflow/.local/lib/python3.8/site-packages/airflow/example_dags/example_short_circuit_operator.py
[2023-12-06T09:36:43.556+0000] {processor.py:829} INFO - Processing file /home/airflow/.local/lib/python3.8/site-packages/airflow/example_dags/example_short_circuit_operator.py for tasks to queue
[2023-12-06T09:36:43.558+0000] {logging_mixin.py:154} INFO - [2023-12-06T09:36:43.558+0000] {dagbag.py:536} INFO - Filling up the DagBag from /home/airflow/.local/lib/python3.8/site-packages/airflow/example_dags/example_short_circuit_operator.py
[2023-12-06T09:36:43.567+0000] {processor.py:839} INFO - DAG(s) dict_keys(['example_short_circuit_operator']) retrieved from /home/airflow/.local/lib/python3.8/site-packages/airflow/example_dags/example_short_circuit_operator.py
[2023-12-06T09:36:43.590+0000] {logging_mixin.py:154} INFO - [2023-12-06T09:36:43.590+0000] {dag.py:2941} INFO - Sync 1 DAGs
[2023-12-06T09:36:43.611+0000] {logging_mixin.py:154} INFO - [2023-12-06T09:36:43.611+0000] {dag.py:3722} INFO - Setting next_dagrun for example_short_circuit_operator to 2023-12-05T09:36:43.611321+00:00, run_after=2023-12-06T09:36:43.611321+00:00
[2023-12-06T09:36:43.628+0000] {processor.py:179} INFO - Processing /home/airflow/.local/lib/python3.8/site-packages/airflow/example_dags/example_short_circuit_operator.py took 0.078 seconds
[2023-12-06T09:37:13.809+0000] {processor.py:157} INFO - Started process (PID=152) to work on /home/airflow/.local/lib/python3.8/site-packages/airflow/example_dags/example_short_circuit_operator.py
[2023-12-06T09:37:13.810+0000] {processor.py:829} INFO - Processing file /home/airflow/.local/lib/python3.8/site-packages/airflow/example_dags/example_short_circuit_operator.py for tasks to queue
[2023-12-06T09:37:13.813+0000] {logging_mixin.py:154} INFO - [2023-12-06T09:37:13.813+0000] {dagbag.py:536} INFO - Filling up the DagBag from /home/airflow/.local/lib/python3.8/site-packages/airflow/example_dags/example_short_circuit_operator.py
[2023-12-06T09:37:13.823+0000] {processor.py:839} INFO - DAG(s) dict_keys(['example_short_circuit_operator']) retrieved from /home/airflow/.local/lib/python3.8/site-packages/airflow/example_dags/example_short_circuit_operator.py
[2023-12-06T09:37:13.848+0000] {logging_mixin.py:154} INFO - [2023-12-06T09:37:13.848+0000] {dag.py:2941} INFO - Sync 1 DAGs
[2023-12-06T09:37:13.873+0000] {logging_mixin.py:154} INFO - [2023-12-06T09:37:13.873+0000] {dag.py:3722} INFO - Setting next_dagrun for example_short_circuit_operator to 2023-12-05T09:37:13.873031+00:00, run_after=2023-12-06T09:37:13.873031+00:00
[2023-12-06T09:37:13.893+0000] {processor.py:179} INFO - Processing /home/airflow/.local/lib/python3.8/site-packages/airflow/example_dags/example_short_circuit_operator.py took 0.089 seconds
[2023-12-06T09:37:44.549+0000] {processor.py:157} INFO - Started process (PID=206) to work on /home/airflow/.local/lib/python3.8/site-packages/airflow/example_dags/example_short_circuit_operator.py
[2023-12-06T09:37:44.551+0000] {processor.py:829} INFO - Processing file /home/airflow/.local/lib/python3.8/site-packages/airflow/example_dags/example_short_circuit_operator.py for tasks to queue
[2023-12-06T09:37:44.553+0000] {logging_mixin.py:154} INFO - [2023-12-06T09:37:44.553+0000] {dagbag.py:536} INFO - Filling up the DagBag from /home/airflow/.local/lib/python3.8/site-packages/airflow/example_dags/example_short_circuit_operator.py
[2023-12-06T09:37:44.562+0000] {processor.py:839} INFO - DAG(s) dict_keys(['example_short_circuit_operator']) retrieved from /home/airflow/.local/lib/python3.8/site-packages/airflow/example_dags/example_short_circuit_operator.py
[2023-12-06T09:37:44.586+0000] {logging_mixin.py:154} INFO - [2023-12-06T09:37:44.586+0000] {dag.py:2941} INFO - Sync 1 DAGs
[2023-12-06T09:37:44.611+0000] {logging_mixin.py:154} INFO - [2023-12-06T09:37:44.611+0000] {dag.py:3722} INFO - Setting next_dagrun for example_short_circuit_operator to 2023-12-05T09:37:44.611209+00:00, run_after=2023-12-06T09:37:44.611209+00:00
[2023-12-06T09:37:44.631+0000] {processor.py:179} INFO - Processing /home/airflow/.local/lib/python3.8/site-packages/airflow/example_dags/example_short_circuit_operator.py took 0.086 seconds
[2023-12-06T09:38:15.383+0000] {processor.py:157} INFO - Started process (PID=260) to work on /home/airflow/.local/lib/python3.8/site-packages/airflow/example_dags/example_short_circuit_operator.py
[2023-12-06T09:38:15.385+0000] {processor.py:829} INFO - Processing file /home/airflow/.local/lib/python3.8/site-packages/airflow/example_dags/example_short_circuit_operator.py for tasks to queue
[2023-12-06T09:38:15.388+0000] {logging_mixin.py:154} INFO - [2023-12-06T09:38:15.387+0000] {dagbag.py:536} INFO - Filling up the DagBag from /home/airflow/.local/lib/python3.8/site-packages/airflow/example_dags/example_short_circuit_operator.py
[2023-12-06T09:38:15.396+0000] {processor.py:839} INFO - DAG(s) dict_keys(['example_short_circuit_operator']) retrieved from /home/airflow/.local/lib/python3.8/site-packages/airflow/example_dags/example_short_circuit_operator.py
[2023-12-06T09:38:15.420+0000] {logging_mixin.py:154} INFO - [2023-12-06T09:38:15.420+0000] {dag.py:2941} INFO - Sync 1 DAGs
[2023-12-06T09:38:15.441+0000] {logging_mixin.py:154} INFO - [2023-12-06T09:38:15.441+0000] {dag.py:3722} INFO - Setting next_dagrun for example_short_circuit_operator to 2023-12-05T09:38:15.441428+00:00, run_after=2023-12-06T09:38:15.441428+00:00
[2023-12-06T09:38:15.461+0000] {processor.py:179} INFO - Processing /home/airflow/.local/lib/python3.8/site-packages/airflow/example_dags/example_short_circuit_operator.py took 0.081 seconds
[2023-12-06T09:38:46.378+0000] {processor.py:157} INFO - Started process (PID=315) to work on /home/airflow/.local/lib/python3.8/site-packages/airflow/example_dags/example_short_circuit_operator.py
[2023-12-06T09:38:46.380+0000] {processor.py:829} INFO - Processing file /home/airflow/.local/lib/python3.8/site-packages/airflow/example_dags/example_short_circuit_operator.py for tasks to queue
[2023-12-06T09:38:46.383+0000] {logging_mixin.py:154} INFO - [2023-12-06T09:38:46.382+0000] {dagbag.py:536} INFO - Filling up the DagBag from /home/airflow/.local/lib/python3.8/site-packages/airflow/example_dags/example_short_circuit_operator.py
[2023-12-06T09:38:46.391+0000] {processor.py:839} INFO - DAG(s) dict_keys(['example_short_circuit_operator']) retrieved from /home/airflow/.local/lib/python3.8/site-packages/airflow/example_dags/example_short_circuit_operator.py
[2023-12-06T09:38:46.415+0000] {logging_mixin.py:154} INFO - [2023-12-06T09:38:46.415+0000] {dag.py:2941} INFO - Sync 1 DAGs
[2023-12-06T09:38:46.439+0000] {logging_mixin.py:154} INFO - [2023-12-06T09:38:46.439+0000] {dag.py:3722} INFO - Setting next_dagrun for example_short_circuit_operator to 2023-12-05T09:38:46.438879+00:00, run_after=2023-12-06T09:38:46.438879+00:00
[2023-12-06T09:38:46.457+0000] {processor.py:179} INFO - Processing /home/airflow/.local/lib/python3.8/site-packages/airflow/example_dags/example_short_circuit_operator.py took 0.082 seconds
[2023-12-06T09:39:17.419+0000] {processor.py:157} INFO - Started process (PID=369) to work on /home/airflow/.local/lib/python3.8/site-packages/airflow/example_dags/example_short_circuit_operator.py
[2023-12-06T09:39:17.420+0000] {processor.py:829} INFO - Processing file /home/airflow/.local/lib/python3.8/site-packages/airflow/example_dags/example_short_circuit_operator.py for tasks to queue
[2023-12-06T09:39:17.423+0000] {logging_mixin.py:154} INFO - [2023-12-06T09:39:17.422+0000] {dagbag.py:536} INFO - Filling up the DagBag from /home/airflow/.local/lib/python3.8/site-packages/airflow/example_dags/example_short_circuit_operator.py
[2023-12-06T09:39:17.431+0000] {processor.py:839} INFO - DAG(s) dict_keys(['example_short_circuit_operator']) retrieved from /home/airflow/.local/lib/python3.8/site-packages/airflow/example_dags/example_short_circuit_operator.py
[2023-12-06T09:39:17.455+0000] {logging_mixin.py:154} INFO - [2023-12-06T09:39:17.455+0000] {dag.py:2941} INFO - Sync 1 DAGs
[2023-12-06T09:39:17.477+0000] {logging_mixin.py:154} INFO - [2023-12-06T09:39:17.477+0000] {dag.py:3722} INFO - Setting next_dagrun for example_short_circuit_operator to 2023-12-05T09:39:17.477120+00:00, run_after=2023-12-06T09:39:17.477120+00:00
[2023-12-06T09:39:17.496+0000] {processor.py:179} INFO - Processing /home/airflow/.local/lib/python3.8/site-packages/airflow/example_dags/example_short_circuit_operator.py took 0.081 seconds
[2023-12-06T09:39:47.661+0000] {processor.py:157} INFO - Started process (PID=423) to work on /home/airflow/.local/lib/python3.8/site-packages/airflow/example_dags/example_short_circuit_operator.py
[2023-12-06T09:39:47.663+0000] {processor.py:829} INFO - Processing file /home/airflow/.local/lib/python3.8/site-packages/airflow/example_dags/example_short_circuit_operator.py for tasks to queue
[2023-12-06T09:39:47.666+0000] {logging_mixin.py:154} INFO - [2023-12-06T09:39:47.666+0000] {dagbag.py:536} INFO - Filling up the DagBag from /home/airflow/.local/lib/python3.8/site-packages/airflow/example_dags/example_short_circuit_operator.py
[2023-12-06T09:39:47.674+0000] {processor.py:839} INFO - DAG(s) dict_keys(['example_short_circuit_operator']) retrieved from /home/airflow/.local/lib/python3.8/site-packages/airflow/example_dags/example_short_circuit_operator.py
[2023-12-06T09:39:47.698+0000] {logging_mixin.py:154} INFO - [2023-12-06T09:39:47.698+0000] {dag.py:2941} INFO - Sync 1 DAGs
[2023-12-06T09:39:47.721+0000] {logging_mixin.py:154} INFO - [2023-12-06T09:39:47.721+0000] {dag.py:3722} INFO - Setting next_dagrun for example_short_circuit_operator to 2023-12-05T09:39:47.720986+00:00, run_after=2023-12-06T09:39:47.720986+00:00
[2023-12-06T09:39:47.738+0000] {processor.py:179} INFO - Processing /home/airflow/.local/lib/python3.8/site-packages/airflow/example_dags/example_short_circuit_operator.py took 0.081 seconds
[2023-12-06T09:40:17.995+0000] {processor.py:157} INFO - Started process (PID=478) to work on /home/airflow/.local/lib/python3.8/site-packages/airflow/example_dags/example_short_circuit_operator.py
[2023-12-06T09:40:17.996+0000] {processor.py:829} INFO - Processing file /home/airflow/.local/lib/python3.8/site-packages/airflow/example_dags/example_short_circuit_operator.py for tasks to queue
[2023-12-06T09:40:18.006+0000] {logging_mixin.py:154} INFO - [2023-12-06T09:40:18.005+0000] {dagbag.py:536} INFO - Filling up the DagBag from /home/airflow/.local/lib/python3.8/site-packages/airflow/example_dags/example_short_circuit_operator.py
[2023-12-06T09:40:18.023+0000] {processor.py:839} INFO - DAG(s) dict_keys(['example_short_circuit_operator']) retrieved from /home/airflow/.local/lib/python3.8/site-packages/airflow/example_dags/example_short_circuit_operator.py
[2023-12-06T09:40:18.059+0000] {logging_mixin.py:154} INFO - [2023-12-06T09:40:18.058+0000] {dag.py:2941} INFO - Sync 1 DAGs
[2023-12-06T09:40:18.085+0000] {logging_mixin.py:154} INFO - [2023-12-06T09:40:18.085+0000] {dag.py:3722} INFO - Setting next_dagrun for example_short_circuit_operator to 2023-12-05T09:40:18.084966+00:00, run_after=2023-12-06T09:40:18.084966+00:00
[2023-12-06T09:40:18.105+0000] {processor.py:179} INFO - Processing /home/airflow/.local/lib/python3.8/site-packages/airflow/example_dags/example_short_circuit_operator.py took 0.114 seconds
[2023-12-06T09:40:48.147+0000] {processor.py:157} INFO - Started process (PID=532) to work on /home/airflow/.local/lib/python3.8/site-packages/airflow/example_dags/example_short_circuit_operator.py
[2023-12-06T09:40:48.148+0000] {processor.py:829} INFO - Processing file /home/airflow/.local/lib/python3.8/site-packages/airflow/example_dags/example_short_circuit_operator.py for tasks to queue
[2023-12-06T09:40:48.151+0000] {logging_mixin.py:154} INFO - [2023-12-06T09:40:48.151+0000] {dagbag.py:536} INFO - Filling up the DagBag from /home/airflow/.local/lib/python3.8/site-packages/airflow/example_dags/example_short_circuit_operator.py
[2023-12-06T09:40:48.160+0000] {processor.py:839} INFO - DAG(s) dict_keys(['example_short_circuit_operator']) retrieved from /home/airflow/.local/lib/python3.8/site-packages/airflow/example_dags/example_short_circuit_operator.py
[2023-12-06T09:40:48.184+0000] {logging_mixin.py:154} INFO - [2023-12-06T09:40:48.184+0000] {dag.py:2941} INFO - Sync 1 DAGs
[2023-12-06T09:40:48.208+0000] {logging_mixin.py:154} INFO - [2023-12-06T09:40:48.208+0000] {dag.py:3722} INFO - Setting next_dagrun for example_short_circuit_operator to 2023-12-05T09:40:48.208012+00:00, run_after=2023-12-06T09:40:48.208012+00:00
[2023-12-06T09:40:48.225+0000] {processor.py:179} INFO - Processing /home/airflow/.local/lib/python3.8/site-packages/airflow/example_dags/example_short_circuit_operator.py took 0.082 seconds
[2023-12-06T09:41:18.310+0000] {processor.py:157} INFO - Started process (PID=586) to work on /home/airflow/.local/lib/python3.8/site-packages/airflow/example_dags/example_short_circuit_operator.py
[2023-12-06T09:41:18.312+0000] {processor.py:829} INFO - Processing file /home/airflow/.local/lib/python3.8/site-packages/airflow/example_dags/example_short_circuit_operator.py for tasks to queue
[2023-12-06T09:41:18.315+0000] {logging_mixin.py:154} INFO - [2023-12-06T09:41:18.315+0000] {dagbag.py:536} INFO - Filling up the DagBag from /home/airflow/.local/lib/python3.8/site-packages/airflow/example_dags/example_short_circuit_operator.py
[2023-12-06T09:41:18.324+0000] {processor.py:839} INFO - DAG(s) dict_keys(['example_short_circuit_operator']) retrieved from /home/airflow/.local/lib/python3.8/site-packages/airflow/example_dags/example_short_circuit_operator.py
[2023-12-06T09:41:18.351+0000] {logging_mixin.py:154} INFO - [2023-12-06T09:41:18.351+0000] {dag.py:2941} INFO - Sync 1 DAGs
[2023-12-06T09:41:18.379+0000] {logging_mixin.py:154} INFO - [2023-12-06T09:41:18.379+0000] {dag.py:3722} INFO - Setting next_dagrun for example_short_circuit_operator to 2023-12-05T09:41:18.379359+00:00, run_after=2023-12-06T09:41:18.379359+00:00
[2023-12-06T09:41:18.404+0000] {processor.py:179} INFO - Processing /home/airflow/.local/lib/python3.8/site-packages/airflow/example_dags/example_short_circuit_operator.py took 0.097 seconds
[2023-12-06T09:41:48.814+0000] {processor.py:157} INFO - Started process (PID=640) to work on /home/airflow/.local/lib/python3.8/site-packages/airflow/example_dags/example_short_circuit_operator.py
[2023-12-06T09:41:48.827+0000] {processor.py:829} INFO - Processing file /home/airflow/.local/lib/python3.8/site-packages/airflow/example_dags/example_short_circuit_operator.py for tasks to queue
[2023-12-06T09:41:48.830+0000] {logging_mixin.py:154} INFO - [2023-12-06T09:41:48.829+0000] {dagbag.py:536} INFO - Filling up the DagBag from /home/airflow/.local/lib/python3.8/site-packages/airflow/example_dags/example_short_circuit_operator.py
[2023-12-06T09:41:48.838+0000] {processor.py:839} INFO - DAG(s) dict_keys(['example_short_circuit_operator']) retrieved from /home/airflow/.local/lib/python3.8/site-packages/airflow/example_dags/example_short_circuit_operator.py
[2023-12-06T09:41:48.866+0000] {logging_mixin.py:154} INFO - [2023-12-06T09:41:48.866+0000] {dag.py:2941} INFO - Sync 1 DAGs
[2023-12-06T09:41:48.896+0000] {logging_mixin.py:154} INFO - [2023-12-06T09:41:48.896+0000] {dag.py:3722} INFO - Setting next_dagrun for example_short_circuit_operator to 2023-12-05T09:41:48.896032+00:00, run_after=2023-12-06T09:41:48.896032+00:00
[2023-12-06T09:41:48.931+0000] {processor.py:179} INFO - Processing /home/airflow/.local/lib/python3.8/site-packages/airflow/example_dags/example_short_circuit_operator.py took 0.120 seconds
[2023-12-06T09:42:19.057+0000] {processor.py:157} INFO - Started process (PID=694) to work on /home/airflow/.local/lib/python3.8/site-packages/airflow/example_dags/example_short_circuit_operator.py
[2023-12-06T09:42:19.058+0000] {processor.py:829} INFO - Processing file /home/airflow/.local/lib/python3.8/site-packages/airflow/example_dags/example_short_circuit_operator.py for tasks to queue
[2023-12-06T09:42:19.061+0000] {logging_mixin.py:154} INFO - [2023-12-06T09:42:19.060+0000] {dagbag.py:536} INFO - Filling up the DagBag from /home/airflow/.local/lib/python3.8/site-packages/airflow/example_dags/example_short_circuit_operator.py
[2023-12-06T09:42:19.069+0000] {processor.py:839} INFO - DAG(s) dict_keys(['example_short_circuit_operator']) retrieved from /home/airflow/.local/lib/python3.8/site-packages/airflow/example_dags/example_short_circuit_operator.py
[2023-12-06T09:42:19.094+0000] {logging_mixin.py:154} INFO - [2023-12-06T09:42:19.094+0000] {dag.py:2941} INFO - Sync 1 DAGs
[2023-12-06T09:42:19.116+0000] {logging_mixin.py:154} INFO - [2023-12-06T09:42:19.116+0000] {dag.py:3722} INFO - Setting next_dagrun for example_short_circuit_operator to 2023-12-05T09:42:19.116240+00:00, run_after=2023-12-06T09:42:19.116240+00:00
[2023-12-06T09:42:19.134+0000] {processor.py:179} INFO - Processing /home/airflow/.local/lib/python3.8/site-packages/airflow/example_dags/example_short_circuit_operator.py took 0.081 seconds
[2023-12-06T09:42:49.565+0000] {processor.py:157} INFO - Started process (PID=748) to work on /home/airflow/.local/lib/python3.8/site-packages/airflow/example_dags/example_short_circuit_operator.py
[2023-12-06T09:42:49.567+0000] {processor.py:829} INFO - Processing file /home/airflow/.local/lib/python3.8/site-packages/airflow/example_dags/example_short_circuit_operator.py for tasks to queue
[2023-12-06T09:42:49.570+0000] {logging_mixin.py:154} INFO - [2023-12-06T09:42:49.570+0000] {dagbag.py:536} INFO - Filling up the DagBag from /home/airflow/.local/lib/python3.8/site-packages/airflow/example_dags/example_short_circuit_operator.py
[2023-12-06T09:42:49.580+0000] {processor.py:839} INFO - DAG(s) dict_keys(['example_short_circuit_operator']) retrieved from /home/airflow/.local/lib/python3.8/site-packages/airflow/example_dags/example_short_circuit_operator.py
[2023-12-06T09:42:49.604+0000] {logging_mixin.py:154} INFO - [2023-12-06T09:42:49.604+0000] {dag.py:2941} INFO - Sync 1 DAGs
[2023-12-06T09:42:49.628+0000] {logging_mixin.py:154} INFO - [2023-12-06T09:42:49.628+0000] {dag.py:3722} INFO - Setting next_dagrun for example_short_circuit_operator to 2023-12-05T09:42:49.627723+00:00, run_after=2023-12-06T09:42:49.627723+00:00
[2023-12-06T09:42:49.647+0000] {processor.py:179} INFO - Processing /home/airflow/.local/lib/python3.8/site-packages/airflow/example_dags/example_short_circuit_operator.py took 0.086 seconds
[2023-12-06T09:43:19.770+0000] {processor.py:157} INFO - Started process (PID=803) to work on /home/airflow/.local/lib/python3.8/site-packages/airflow/example_dags/example_short_circuit_operator.py
[2023-12-06T09:43:19.772+0000] {processor.py:829} INFO - Processing file /home/airflow/.local/lib/python3.8/site-packages/airflow/example_dags/example_short_circuit_operator.py for tasks to queue
[2023-12-06T09:43:19.774+0000] {logging_mixin.py:154} INFO - [2023-12-06T09:43:19.774+0000] {dagbag.py:536} INFO - Filling up the DagBag from /home/airflow/.local/lib/python3.8/site-packages/airflow/example_dags/example_short_circuit_operator.py
[2023-12-06T09:43:19.783+0000] {processor.py:839} INFO - DAG(s) dict_keys(['example_short_circuit_operator']) retrieved from /home/airflow/.local/lib/python3.8/site-packages/airflow/example_dags/example_short_circuit_operator.py
[2023-12-06T09:43:19.807+0000] {logging_mixin.py:154} INFO - [2023-12-06T09:43:19.807+0000] {dag.py:2941} INFO - Sync 1 DAGs
[2023-12-06T09:43:19.829+0000] {logging_mixin.py:154} INFO - [2023-12-06T09:43:19.828+0000] {dag.py:3722} INFO - Setting next_dagrun for example_short_circuit_operator to 2023-12-05T09:43:19.828761+00:00, run_after=2023-12-06T09:43:19.828761+00:00
[2023-12-06T09:43:19.845+0000] {processor.py:179} INFO - Processing /home/airflow/.local/lib/python3.8/site-packages/airflow/example_dags/example_short_circuit_operator.py took 0.079 seconds
[2023-12-06T09:43:50.840+0000] {processor.py:157} INFO - Started process (PID=857) to work on /home/airflow/.local/lib/python3.8/site-packages/airflow/example_dags/example_short_circuit_operator.py
[2023-12-06T09:43:50.842+0000] {processor.py:829} INFO - Processing file /home/airflow/.local/lib/python3.8/site-packages/airflow/example_dags/example_short_circuit_operator.py for tasks to queue
[2023-12-06T09:43:50.845+0000] {logging_mixin.py:154} INFO - [2023-12-06T09:43:50.844+0000] {dagbag.py:536} INFO - Filling up the DagBag from /home/airflow/.local/lib/python3.8/site-packages/airflow/example_dags/example_short_circuit_operator.py
[2023-12-06T09:43:50.854+0000] {processor.py:839} INFO - DAG(s) dict_keys(['example_short_circuit_operator']) retrieved from /home/airflow/.local/lib/python3.8/site-packages/airflow/example_dags/example_short_circuit_operator.py
[2023-12-06T09:43:50.880+0000] {logging_mixin.py:154} INFO - [2023-12-06T09:43:50.879+0000] {dag.py:2941} INFO - Sync 1 DAGs
[2023-12-06T09:43:50.903+0000] {logging_mixin.py:154} INFO - [2023-12-06T09:43:50.903+0000] {dag.py:3722} INFO - Setting next_dagrun for example_short_circuit_operator to 2023-12-05T09:43:50.903377+00:00, run_after=2023-12-06T09:43:50.903377+00:00
[2023-12-06T09:43:50.924+0000] {processor.py:179} INFO - Processing /home/airflow/.local/lib/python3.8/site-packages/airflow/example_dags/example_short_circuit_operator.py took 0.088 seconds
[2023-12-06T09:44:20.980+0000] {processor.py:157} INFO - Started process (PID=911) to work on /home/airflow/.local/lib/python3.8/site-packages/airflow/example_dags/example_short_circuit_operator.py
[2023-12-06T09:44:20.981+0000] {processor.py:829} INFO - Processing file /home/airflow/.local/lib/python3.8/site-packages/airflow/example_dags/example_short_circuit_operator.py for tasks to queue
[2023-12-06T09:44:20.984+0000] {logging_mixin.py:154} INFO - [2023-12-06T09:44:20.984+0000] {dagbag.py:536} INFO - Filling up the DagBag from /home/airflow/.local/lib/python3.8/site-packages/airflow/example_dags/example_short_circuit_operator.py
[2023-12-06T09:44:20.993+0000] {processor.py:839} INFO - DAG(s) dict_keys(['example_short_circuit_operator']) retrieved from /home/airflow/.local/lib/python3.8/site-packages/airflow/example_dags/example_short_circuit_operator.py
[2023-12-06T09:44:21.019+0000] {logging_mixin.py:154} INFO - [2023-12-06T09:44:21.019+0000] {dag.py:2941} INFO - Sync 1 DAGs
[2023-12-06T09:44:21.042+0000] {logging_mixin.py:154} INFO - [2023-12-06T09:44:21.042+0000] {dag.py:3722} INFO - Setting next_dagrun for example_short_circuit_operator to 2023-12-05T09:44:21.041811+00:00, run_after=2023-12-06T09:44:21.041811+00:00
[2023-12-06T09:44:21.061+0000] {processor.py:179} INFO - Processing /home/airflow/.local/lib/python3.8/site-packages/airflow/example_dags/example_short_circuit_operator.py took 0.085 seconds
[2023-12-06T09:44:51.236+0000] {processor.py:157} INFO - Started process (PID=965) to work on /home/airflow/.local/lib/python3.8/site-packages/airflow/example_dags/example_short_circuit_operator.py
[2023-12-06T09:44:51.237+0000] {processor.py:829} INFO - Processing file /home/airflow/.local/lib/python3.8/site-packages/airflow/example_dags/example_short_circuit_operator.py for tasks to queue
[2023-12-06T09:44:51.240+0000] {logging_mixin.py:154} INFO - [2023-12-06T09:44:51.240+0000] {dagbag.py:536} INFO - Filling up the DagBag from /home/airflow/.local/lib/python3.8/site-packages/airflow/example_dags/example_short_circuit_operator.py
[2023-12-06T09:44:51.249+0000] {processor.py:839} INFO - DAG(s) dict_keys(['example_short_circuit_operator']) retrieved from /home/airflow/.local/lib/python3.8/site-packages/airflow/example_dags/example_short_circuit_operator.py
[2023-12-06T09:44:51.274+0000] {logging_mixin.py:154} INFO - [2023-12-06T09:44:51.274+0000] {dag.py:2941} INFO - Sync 1 DAGs
[2023-12-06T09:44:51.296+0000] {logging_mixin.py:154} INFO - [2023-12-06T09:44:51.296+0000] {dag.py:3722} INFO - Setting next_dagrun for example_short_circuit_operator to 2023-12-05T09:44:51.296322+00:00, run_after=2023-12-06T09:44:51.296322+00:00
[2023-12-06T09:44:51.317+0000] {processor.py:179} INFO - Processing /home/airflow/.local/lib/python3.8/site-packages/airflow/example_dags/example_short_circuit_operator.py took 0.085 seconds
[2023-12-06T09:45:21.450+0000] {processor.py:157} INFO - Started process (PID=1019) to work on /home/airflow/.local/lib/python3.8/site-packages/airflow/example_dags/example_short_circuit_operator.py
[2023-12-06T09:45:21.452+0000] {processor.py:829} INFO - Processing file /home/airflow/.local/lib/python3.8/site-packages/airflow/example_dags/example_short_circuit_operator.py for tasks to queue
[2023-12-06T09:45:21.454+0000] {logging_mixin.py:154} INFO - [2023-12-06T09:45:21.454+0000] {dagbag.py:536} INFO - Filling up the DagBag from /home/airflow/.local/lib/python3.8/site-packages/airflow/example_dags/example_short_circuit_operator.py
[2023-12-06T09:45:21.463+0000] {processor.py:839} INFO - DAG(s) dict_keys(['example_short_circuit_operator']) retrieved from /home/airflow/.local/lib/python3.8/site-packages/airflow/example_dags/example_short_circuit_operator.py
[2023-12-06T09:45:21.489+0000] {logging_mixin.py:154} INFO - [2023-12-06T09:45:21.489+0000] {dag.py:2941} INFO - Sync 1 DAGs
[2023-12-06T09:45:21.513+0000] {logging_mixin.py:154} INFO - [2023-12-06T09:45:21.513+0000] {dag.py:3722} INFO - Setting next_dagrun for example_short_circuit_operator to 2023-12-05T09:45:21.513072+00:00, run_after=2023-12-06T09:45:21.513072+00:00
[2023-12-06T09:45:21.538+0000] {processor.py:179} INFO - Processing /home/airflow/.local/lib/python3.8/site-packages/airflow/example_dags/example_short_circuit_operator.py took 0.092 seconds
[2023-12-06T09:45:51.663+0000] {processor.py:157} INFO - Started process (PID=1085) to work on /home/airflow/.local/lib/python3.8/site-packages/airflow/example_dags/example_short_circuit_operator.py
[2023-12-06T09:45:51.664+0000] {processor.py:829} INFO - Processing file /home/airflow/.local/lib/python3.8/site-packages/airflow/example_dags/example_short_circuit_operator.py for tasks to queue
[2023-12-06T09:45:51.667+0000] {logging_mixin.py:154} INFO - [2023-12-06T09:45:51.667+0000] {dagbag.py:536} INFO - Filling up the DagBag from /home/airflow/.local/lib/python3.8/site-packages/airflow/example_dags/example_short_circuit_operator.py
[2023-12-06T09:45:51.676+0000] {processor.py:839} INFO - DAG(s) dict_keys(['example_short_circuit_operator']) retrieved from /home/airflow/.local/lib/python3.8/site-packages/airflow/example_dags/example_short_circuit_operator.py
[2023-12-06T09:45:51.701+0000] {logging_mixin.py:154} INFO - [2023-12-06T09:45:51.701+0000] {dag.py:2941} INFO - Sync 1 DAGs
[2023-12-06T09:45:51.724+0000] {logging_mixin.py:154} INFO - [2023-12-06T09:45:51.724+0000] {dag.py:3722} INFO - Setting next_dagrun for example_short_circuit_operator to 2023-12-05T09:45:51.724163+00:00, run_after=2023-12-06T09:45:51.724163+00:00
[2023-12-06T09:45:51.743+0000] {processor.py:179} INFO - Processing /home/airflow/.local/lib/python3.8/site-packages/airflow/example_dags/example_short_circuit_operator.py took 0.084 seconds
[2023-12-06T09:46:21.955+0000] {processor.py:157} INFO - Started process (PID=1142) to work on /home/airflow/.local/lib/python3.8/site-packages/airflow/example_dags/example_short_circuit_operator.py
[2023-12-06T09:46:21.957+0000] {processor.py:829} INFO - Processing file /home/airflow/.local/lib/python3.8/site-packages/airflow/example_dags/example_short_circuit_operator.py for tasks to queue
[2023-12-06T09:46:21.960+0000] {logging_mixin.py:154} INFO - [2023-12-06T09:46:21.960+0000] {dagbag.py:536} INFO - Filling up the DagBag from /home/airflow/.local/lib/python3.8/site-packages/airflow/example_dags/example_short_circuit_operator.py
[2023-12-06T09:46:21.968+0000] {processor.py:839} INFO - DAG(s) dict_keys(['example_short_circuit_operator']) retrieved from /home/airflow/.local/lib/python3.8/site-packages/airflow/example_dags/example_short_circuit_operator.py
[2023-12-06T09:46:21.994+0000] {logging_mixin.py:154} INFO - [2023-12-06T09:46:21.994+0000] {dag.py:2941} INFO - Sync 1 DAGs
[2023-12-06T09:46:22.017+0000] {logging_mixin.py:154} INFO - [2023-12-06T09:46:22.017+0000] {dag.py:3722} INFO - Setting next_dagrun for example_short_circuit_operator to 2023-12-05T09:46:22.016943+00:00, run_after=2023-12-06T09:46:22.016943+00:00
[2023-12-06T09:46:22.036+0000] {processor.py:179} INFO - Processing /home/airflow/.local/lib/python3.8/site-packages/airflow/example_dags/example_short_circuit_operator.py took 0.084 seconds
[2023-12-06T09:46:52.474+0000] {processor.py:157} INFO - Started process (PID=1197) to work on /home/airflow/.local/lib/python3.8/site-packages/airflow/example_dags/example_short_circuit_operator.py
[2023-12-06T09:46:52.476+0000] {processor.py:829} INFO - Processing file /home/airflow/.local/lib/python3.8/site-packages/airflow/example_dags/example_short_circuit_operator.py for tasks to queue
[2023-12-06T09:46:52.479+0000] {logging_mixin.py:154} INFO - [2023-12-06T09:46:52.479+0000] {dagbag.py:536} INFO - Filling up the DagBag from /home/airflow/.local/lib/python3.8/site-packages/airflow/example_dags/example_short_circuit_operator.py
[2023-12-06T09:46:52.488+0000] {processor.py:839} INFO - DAG(s) dict_keys(['example_short_circuit_operator']) retrieved from /home/airflow/.local/lib/python3.8/site-packages/airflow/example_dags/example_short_circuit_operator.py
[2023-12-06T09:46:52.512+0000] {logging_mixin.py:154} INFO - [2023-12-06T09:46:52.512+0000] {dag.py:2941} INFO - Sync 1 DAGs
[2023-12-06T09:46:52.536+0000] {logging_mixin.py:154} INFO - [2023-12-06T09:46:52.535+0000] {dag.py:3722} INFO - Setting next_dagrun for example_short_circuit_operator to 2023-12-05T09:46:52.535616+00:00, run_after=2023-12-06T09:46:52.535616+00:00
[2023-12-06T09:46:52.552+0000] {processor.py:179} INFO - Processing /home/airflow/.local/lib/python3.8/site-packages/airflow/example_dags/example_short_circuit_operator.py took 0.082 seconds
[2023-12-06T09:47:22.841+0000] {processor.py:157} INFO - Started process (PID=1253) to work on /home/airflow/.local/lib/python3.8/site-packages/airflow/example_dags/example_short_circuit_operator.py
[2023-12-06T09:47:22.842+0000] {processor.py:829} INFO - Processing file /home/airflow/.local/lib/python3.8/site-packages/airflow/example_dags/example_short_circuit_operator.py for tasks to queue
[2023-12-06T09:47:22.844+0000] {logging_mixin.py:154} INFO - [2023-12-06T09:47:22.843+0000] {dagbag.py:536} INFO - Filling up the DagBag from /home/airflow/.local/lib/python3.8/site-packages/airflow/example_dags/example_short_circuit_operator.py
[2023-12-06T09:47:22.854+0000] {processor.py:839} INFO - DAG(s) dict_keys(['example_short_circuit_operator']) retrieved from /home/airflow/.local/lib/python3.8/site-packages/airflow/example_dags/example_short_circuit_operator.py
[2023-12-06T09:47:22.881+0000] {logging_mixin.py:154} INFO - [2023-12-06T09:47:22.881+0000] {dag.py:2941} INFO - Sync 1 DAGs
[2023-12-06T09:47:22.904+0000] {logging_mixin.py:154} INFO - [2023-12-06T09:47:22.904+0000] {dag.py:3722} INFO - Setting next_dagrun for example_short_circuit_operator to 2023-12-05T09:47:22.904500+00:00, run_after=2023-12-06T09:47:22.904500+00:00
[2023-12-06T09:47:22.925+0000] {processor.py:179} INFO - Processing /home/airflow/.local/lib/python3.8/site-packages/airflow/example_dags/example_short_circuit_operator.py took 0.088 seconds
[2023-12-06T09:47:53.753+0000] {processor.py:157} INFO - Started process (PID=1311) to work on /home/airflow/.local/lib/python3.8/site-packages/airflow/example_dags/example_short_circuit_operator.py
[2023-12-06T09:47:53.755+0000] {processor.py:829} INFO - Processing file /home/airflow/.local/lib/python3.8/site-packages/airflow/example_dags/example_short_circuit_operator.py for tasks to queue
[2023-12-06T09:47:53.756+0000] {logging_mixin.py:154} INFO - [2023-12-06T09:47:53.756+0000] {dagbag.py:536} INFO - Filling up the DagBag from /home/airflow/.local/lib/python3.8/site-packages/airflow/example_dags/example_short_circuit_operator.py
[2023-12-06T09:47:53.767+0000] {processor.py:839} INFO - DAG(s) dict_keys(['example_short_circuit_operator']) retrieved from /home/airflow/.local/lib/python3.8/site-packages/airflow/example_dags/example_short_circuit_operator.py
[2023-12-06T09:47:53.793+0000] {logging_mixin.py:154} INFO - [2023-12-06T09:47:53.793+0000] {dag.py:2941} INFO - Sync 1 DAGs
[2023-12-06T09:47:53.950+0000] {logging_mixin.py:154} INFO - [2023-12-06T09:47:53.950+0000] {dag.py:3722} INFO - Setting next_dagrun for example_short_circuit_operator to 2023-12-05T09:47:53.949931+00:00, run_after=2023-12-06T09:47:53.949931+00:00
[2023-12-06T09:47:53.974+0000] {processor.py:179} INFO - Processing /home/airflow/.local/lib/python3.8/site-packages/airflow/example_dags/example_short_circuit_operator.py took 0.226 seconds
[2023-12-06T09:48:24.802+0000] {processor.py:157} INFO - Started process (PID=1372) to work on /home/airflow/.local/lib/python3.8/site-packages/airflow/example_dags/example_short_circuit_operator.py
[2023-12-06T09:48:24.806+0000] {processor.py:829} INFO - Processing file /home/airflow/.local/lib/python3.8/site-packages/airflow/example_dags/example_short_circuit_operator.py for tasks to queue
[2023-12-06T09:48:24.808+0000] {logging_mixin.py:154} INFO - [2023-12-06T09:48:24.807+0000] {dagbag.py:536} INFO - Filling up the DagBag from /home/airflow/.local/lib/python3.8/site-packages/airflow/example_dags/example_short_circuit_operator.py
[2023-12-06T09:48:24.824+0000] {processor.py:839} INFO - DAG(s) dict_keys(['example_short_circuit_operator']) retrieved from /home/airflow/.local/lib/python3.8/site-packages/airflow/example_dags/example_short_circuit_operator.py
[2023-12-06T09:48:24.884+0000] {logging_mixin.py:154} INFO - [2023-12-06T09:48:24.884+0000] {dag.py:2941} INFO - Sync 1 DAGs
[2023-12-06T09:48:24.920+0000] {logging_mixin.py:154} INFO - [2023-12-06T09:48:24.920+0000] {dag.py:3722} INFO - Setting next_dagrun for example_short_circuit_operator to 2023-12-05T09:48:24.920429+00:00, run_after=2023-12-06T09:48:24.920429+00:00
[2023-12-06T09:48:24.971+0000] {processor.py:179} INFO - Processing /home/airflow/.local/lib/python3.8/site-packages/airflow/example_dags/example_short_circuit_operator.py took 0.178 seconds
[2023-12-06T09:48:55.462+0000] {processor.py:157} INFO - Started process (PID=1428) to work on /home/airflow/.local/lib/python3.8/site-packages/airflow/example_dags/example_short_circuit_operator.py
[2023-12-06T09:48:55.464+0000] {processor.py:829} INFO - Processing file /home/airflow/.local/lib/python3.8/site-packages/airflow/example_dags/example_short_circuit_operator.py for tasks to queue
[2023-12-06T09:48:55.465+0000] {logging_mixin.py:154} INFO - [2023-12-06T09:48:55.464+0000] {dagbag.py:536} INFO - Filling up the DagBag from /home/airflow/.local/lib/python3.8/site-packages/airflow/example_dags/example_short_circuit_operator.py
[2023-12-06T09:48:55.475+0000] {processor.py:839} INFO - DAG(s) dict_keys(['example_short_circuit_operator']) retrieved from /home/airflow/.local/lib/python3.8/site-packages/airflow/example_dags/example_short_circuit_operator.py
[2023-12-06T09:48:55.500+0000] {logging_mixin.py:154} INFO - [2023-12-06T09:48:55.500+0000] {dag.py:2941} INFO - Sync 1 DAGs
[2023-12-06T09:48:55.522+0000] {logging_mixin.py:154} INFO - [2023-12-06T09:48:55.522+0000] {dag.py:3722} INFO - Setting next_dagrun for example_short_circuit_operator to 2023-12-05T09:48:55.522076+00:00, run_after=2023-12-06T09:48:55.522076+00:00
[2023-12-06T09:48:55.540+0000] {processor.py:179} INFO - Processing /home/airflow/.local/lib/python3.8/site-packages/airflow/example_dags/example_short_circuit_operator.py took 0.082 seconds
[2023-12-06T09:49:26.646+0000] {processor.py:157} INFO - Started process (PID=1484) to work on /home/airflow/.local/lib/python3.8/site-packages/airflow/example_dags/example_short_circuit_operator.py
[2023-12-06T09:49:26.647+0000] {processor.py:829} INFO - Processing file /home/airflow/.local/lib/python3.8/site-packages/airflow/example_dags/example_short_circuit_operator.py for tasks to queue
[2023-12-06T09:49:26.649+0000] {logging_mixin.py:154} INFO - [2023-12-06T09:49:26.648+0000] {dagbag.py:536} INFO - Filling up the DagBag from /home/airflow/.local/lib/python3.8/site-packages/airflow/example_dags/example_short_circuit_operator.py
[2023-12-06T09:49:26.660+0000] {processor.py:839} INFO - DAG(s) dict_keys(['example_short_circuit_operator']) retrieved from /home/airflow/.local/lib/python3.8/site-packages/airflow/example_dags/example_short_circuit_operator.py
[2023-12-06T09:49:26.689+0000] {logging_mixin.py:154} INFO - [2023-12-06T09:49:26.689+0000] {dag.py:2941} INFO - Sync 1 DAGs
[2023-12-06T09:49:26.864+0000] {logging_mixin.py:154} INFO - [2023-12-06T09:49:26.863+0000] {dag.py:3722} INFO - Setting next_dagrun for example_short_circuit_operator to 2023-12-05T09:49:26.863631+00:00, run_after=2023-12-06T09:49:26.863631+00:00
[2023-12-06T09:49:26.886+0000] {processor.py:179} INFO - Processing /home/airflow/.local/lib/python3.8/site-packages/airflow/example_dags/example_short_circuit_operator.py took 0.244 seconds
[2023-12-06T09:49:56.992+0000] {processor.py:157} INFO - Started process (PID=1540) to work on /home/airflow/.local/lib/python3.8/site-packages/airflow/example_dags/example_short_circuit_operator.py
[2023-12-06T09:49:56.994+0000] {processor.py:829} INFO - Processing file /home/airflow/.local/lib/python3.8/site-packages/airflow/example_dags/example_short_circuit_operator.py for tasks to queue
[2023-12-06T09:49:56.996+0000] {logging_mixin.py:154} INFO - [2023-12-06T09:49:56.995+0000] {dagbag.py:536} INFO - Filling up the DagBag from /home/airflow/.local/lib/python3.8/site-packages/airflow/example_dags/example_short_circuit_operator.py
[2023-12-06T09:49:57.007+0000] {processor.py:839} INFO - DAG(s) dict_keys(['example_short_circuit_operator']) retrieved from /home/airflow/.local/lib/python3.8/site-packages/airflow/example_dags/example_short_circuit_operator.py
[2023-12-06T09:49:57.037+0000] {logging_mixin.py:154} INFO - [2023-12-06T09:49:57.037+0000] {dag.py:2941} INFO - Sync 1 DAGs
[2023-12-06T09:49:57.197+0000] {logging_mixin.py:154} INFO - [2023-12-06T09:49:57.197+0000] {dag.py:3722} INFO - Setting next_dagrun for example_short_circuit_operator to 2023-12-05T09:49:57.196990+00:00, run_after=2023-12-06T09:49:57.196990+00:00
[2023-12-06T09:49:57.219+0000] {processor.py:179} INFO - Processing /home/airflow/.local/lib/python3.8/site-packages/airflow/example_dags/example_short_circuit_operator.py took 0.231 seconds
[2023-12-06T09:50:27.341+0000] {processor.py:157} INFO - Started process (PID=1596) to work on /home/airflow/.local/lib/python3.8/site-packages/airflow/example_dags/example_short_circuit_operator.py
[2023-12-06T09:50:27.342+0000] {processor.py:829} INFO - Processing file /home/airflow/.local/lib/python3.8/site-packages/airflow/example_dags/example_short_circuit_operator.py for tasks to queue
[2023-12-06T09:50:27.343+0000] {logging_mixin.py:154} INFO - [2023-12-06T09:50:27.343+0000] {dagbag.py:536} INFO - Filling up the DagBag from /home/airflow/.local/lib/python3.8/site-packages/airflow/example_dags/example_short_circuit_operator.py
[2023-12-06T09:50:27.353+0000] {processor.py:839} INFO - DAG(s) dict_keys(['example_short_circuit_operator']) retrieved from /home/airflow/.local/lib/python3.8/site-packages/airflow/example_dags/example_short_circuit_operator.py
[2023-12-06T09:50:27.379+0000] {logging_mixin.py:154} INFO - [2023-12-06T09:50:27.379+0000] {dag.py:2941} INFO - Sync 1 DAGs
[2023-12-06T09:50:27.402+0000] {logging_mixin.py:154} INFO - [2023-12-06T09:50:27.402+0000] {dag.py:3722} INFO - Setting next_dagrun for example_short_circuit_operator to 2023-12-05T09:50:27.402165+00:00, run_after=2023-12-06T09:50:27.402165+00:00
[2023-12-06T09:50:27.422+0000] {processor.py:179} INFO - Processing /home/airflow/.local/lib/python3.8/site-packages/airflow/example_dags/example_short_circuit_operator.py took 0.084 seconds
