[2023-12-06T09:36:15.896+0000] {processor.py:157} INFO - Started process (PID=63) to work on /home/airflow/.local/lib/python3.8/site-packages/airflow/example_dags/example_time_delta_sensor_async.py
[2023-12-06T09:36:15.898+0000] {processor.py:829} INFO - Processing file /home/airflow/.local/lib/python3.8/site-packages/airflow/example_dags/example_time_delta_sensor_async.py for tasks to queue
[2023-12-06T09:36:15.904+0000] {logging_mixin.py:154} INFO - [2023-12-06T09:36:15.903+0000] {dagbag.py:536} INFO - Filling up the DagBag from /home/airflow/.local/lib/python3.8/site-packages/airflow/example_dags/example_time_delta_sensor_async.py
[2023-12-06T09:36:15.913+0000] {processor.py:839} INFO - DAG(s) dict_keys(['example_time_delta_sensor_async']) retrieved from /home/airflow/.local/lib/python3.8/site-packages/airflow/example_dags/example_time_delta_sensor_async.py
[2023-12-06T09:36:16.045+0000] {logging_mixin.py:154} INFO - [2023-12-06T09:36:16.045+0000] {manager.py:499} INFO - Created Permission View: %s
[2023-12-06T09:36:16.058+0000] {logging_mixin.py:154} INFO - [2023-12-06T09:36:16.058+0000] {manager.py:499} INFO - Created Permission View: %s
[2023-12-06T09:36:16.065+0000] {logging_mixin.py:154} INFO - [2023-12-06T09:36:16.065+0000] {manager.py:499} INFO - Created Permission View: %s
[2023-12-06T09:36:16.066+0000] {logging_mixin.py:154} INFO - [2023-12-06T09:36:16.066+0000] {dag.py:2941} INFO - Sync 1 DAGs
[2023-12-06T09:36:16.078+0000] {logging_mixin.py:154} INFO - [2023-12-06T09:36:16.078+0000] {dag.py:2963} INFO - Creating ORM DAG for example_time_delta_sensor_async
[2023-12-06T09:36:16.079+0000] {logging_mixin.py:154} INFO - [2023-12-06T09:36:16.079+0000] {dag.py:3722} INFO - Setting next_dagrun for example_time_delta_sensor_async to None, run_after=None
[2023-12-06T09:36:16.096+0000] {processor.py:179} INFO - Processing /home/airflow/.local/lib/python3.8/site-packages/airflow/example_dags/example_time_delta_sensor_async.py took 0.204 seconds
[2023-12-06T09:36:46.957+0000] {processor.py:157} INFO - Started process (PID=117) to work on /home/airflow/.local/lib/python3.8/site-packages/airflow/example_dags/example_time_delta_sensor_async.py
[2023-12-06T09:36:46.959+0000] {processor.py:829} INFO - Processing file /home/airflow/.local/lib/python3.8/site-packages/airflow/example_dags/example_time_delta_sensor_async.py for tasks to queue
[2023-12-06T09:36:46.962+0000] {logging_mixin.py:154} INFO - [2023-12-06T09:36:46.962+0000] {dagbag.py:536} INFO - Filling up the DagBag from /home/airflow/.local/lib/python3.8/site-packages/airflow/example_dags/example_time_delta_sensor_async.py
[2023-12-06T09:36:46.968+0000] {processor.py:839} INFO - DAG(s) dict_keys(['example_time_delta_sensor_async']) retrieved from /home/airflow/.local/lib/python3.8/site-packages/airflow/example_dags/example_time_delta_sensor_async.py
[2023-12-06T09:36:46.990+0000] {logging_mixin.py:154} INFO - [2023-12-06T09:36:46.990+0000] {dag.py:2941} INFO - Sync 1 DAGs
[2023-12-06T09:36:47.003+0000] {logging_mixin.py:154} INFO - [2023-12-06T09:36:47.003+0000] {dag.py:3722} INFO - Setting next_dagrun for example_time_delta_sensor_async to None, run_after=None
[2023-12-06T09:36:47.022+0000] {processor.py:179} INFO - Processing /home/airflow/.local/lib/python3.8/site-packages/airflow/example_dags/example_time_delta_sensor_async.py took 0.069 seconds
[2023-12-06T09:37:17.860+0000] {processor.py:157} INFO - Started process (PID=171) to work on /home/airflow/.local/lib/python3.8/site-packages/airflow/example_dags/example_time_delta_sensor_async.py
[2023-12-06T09:37:17.862+0000] {processor.py:829} INFO - Processing file /home/airflow/.local/lib/python3.8/site-packages/airflow/example_dags/example_time_delta_sensor_async.py for tasks to queue
[2023-12-06T09:37:17.865+0000] {logging_mixin.py:154} INFO - [2023-12-06T09:37:17.865+0000] {dagbag.py:536} INFO - Filling up the DagBag from /home/airflow/.local/lib/python3.8/site-packages/airflow/example_dags/example_time_delta_sensor_async.py
[2023-12-06T09:37:17.872+0000] {processor.py:839} INFO - DAG(s) dict_keys(['example_time_delta_sensor_async']) retrieved from /home/airflow/.local/lib/python3.8/site-packages/airflow/example_dags/example_time_delta_sensor_async.py
[2023-12-06T09:37:17.894+0000] {logging_mixin.py:154} INFO - [2023-12-06T09:37:17.894+0000] {dag.py:2941} INFO - Sync 1 DAGs
[2023-12-06T09:37:17.908+0000] {logging_mixin.py:154} INFO - [2023-12-06T09:37:17.907+0000] {dag.py:3722} INFO - Setting next_dagrun for example_time_delta_sensor_async to None, run_after=None
[2023-12-06T09:37:17.925+0000] {processor.py:179} INFO - Processing /home/airflow/.local/lib/python3.8/site-packages/airflow/example_dags/example_time_delta_sensor_async.py took 0.070 seconds
[2023-12-06T09:37:48.597+0000] {processor.py:157} INFO - Started process (PID=225) to work on /home/airflow/.local/lib/python3.8/site-packages/airflow/example_dags/example_time_delta_sensor_async.py
[2023-12-06T09:37:48.599+0000] {processor.py:829} INFO - Processing file /home/airflow/.local/lib/python3.8/site-packages/airflow/example_dags/example_time_delta_sensor_async.py for tasks to queue
[2023-12-06T09:37:48.602+0000] {logging_mixin.py:154} INFO - [2023-12-06T09:37:48.602+0000] {dagbag.py:536} INFO - Filling up the DagBag from /home/airflow/.local/lib/python3.8/site-packages/airflow/example_dags/example_time_delta_sensor_async.py
[2023-12-06T09:37:48.609+0000] {processor.py:839} INFO - DAG(s) dict_keys(['example_time_delta_sensor_async']) retrieved from /home/airflow/.local/lib/python3.8/site-packages/airflow/example_dags/example_time_delta_sensor_async.py
[2023-12-06T09:37:48.632+0000] {logging_mixin.py:154} INFO - [2023-12-06T09:37:48.631+0000] {dag.py:2941} INFO - Sync 1 DAGs
[2023-12-06T09:37:48.645+0000] {logging_mixin.py:154} INFO - [2023-12-06T09:37:48.645+0000] {dag.py:3722} INFO - Setting next_dagrun for example_time_delta_sensor_async to None, run_after=None
[2023-12-06T09:37:48.663+0000] {processor.py:179} INFO - Processing /home/airflow/.local/lib/python3.8/site-packages/airflow/example_dags/example_time_delta_sensor_async.py took 0.070 seconds
[2023-12-06T09:38:19.380+0000] {processor.py:157} INFO - Started process (PID=279) to work on /home/airflow/.local/lib/python3.8/site-packages/airflow/example_dags/example_time_delta_sensor_async.py
[2023-12-06T09:38:19.382+0000] {processor.py:829} INFO - Processing file /home/airflow/.local/lib/python3.8/site-packages/airflow/example_dags/example_time_delta_sensor_async.py for tasks to queue
[2023-12-06T09:38:19.385+0000] {logging_mixin.py:154} INFO - [2023-12-06T09:38:19.384+0000] {dagbag.py:536} INFO - Filling up the DagBag from /home/airflow/.local/lib/python3.8/site-packages/airflow/example_dags/example_time_delta_sensor_async.py
[2023-12-06T09:38:19.391+0000] {processor.py:839} INFO - DAG(s) dict_keys(['example_time_delta_sensor_async']) retrieved from /home/airflow/.local/lib/python3.8/site-packages/airflow/example_dags/example_time_delta_sensor_async.py
[2023-12-06T09:38:19.413+0000] {logging_mixin.py:154} INFO - [2023-12-06T09:38:19.413+0000] {dag.py:2941} INFO - Sync 1 DAGs
[2023-12-06T09:38:19.426+0000] {logging_mixin.py:154} INFO - [2023-12-06T09:38:19.426+0000] {dag.py:3722} INFO - Setting next_dagrun for example_time_delta_sensor_async to None, run_after=None
[2023-12-06T09:38:19.444+0000] {processor.py:179} INFO - Processing /home/airflow/.local/lib/python3.8/site-packages/airflow/example_dags/example_time_delta_sensor_async.py took 0.068 seconds
[2023-12-06T09:38:50.384+0000] {processor.py:157} INFO - Started process (PID=334) to work on /home/airflow/.local/lib/python3.8/site-packages/airflow/example_dags/example_time_delta_sensor_async.py
[2023-12-06T09:38:50.386+0000] {processor.py:829} INFO - Processing file /home/airflow/.local/lib/python3.8/site-packages/airflow/example_dags/example_time_delta_sensor_async.py for tasks to queue
[2023-12-06T09:38:50.389+0000] {logging_mixin.py:154} INFO - [2023-12-06T09:38:50.388+0000] {dagbag.py:536} INFO - Filling up the DagBag from /home/airflow/.local/lib/python3.8/site-packages/airflow/example_dags/example_time_delta_sensor_async.py
[2023-12-06T09:38:50.395+0000] {processor.py:839} INFO - DAG(s) dict_keys(['example_time_delta_sensor_async']) retrieved from /home/airflow/.local/lib/python3.8/site-packages/airflow/example_dags/example_time_delta_sensor_async.py
[2023-12-06T09:38:50.418+0000] {logging_mixin.py:154} INFO - [2023-12-06T09:38:50.417+0000] {dag.py:2941} INFO - Sync 1 DAGs
[2023-12-06T09:38:50.432+0000] {logging_mixin.py:154} INFO - [2023-12-06T09:38:50.432+0000] {dag.py:3722} INFO - Setting next_dagrun for example_time_delta_sensor_async to None, run_after=None
[2023-12-06T09:38:50.450+0000] {processor.py:179} INFO - Processing /home/airflow/.local/lib/python3.8/site-packages/airflow/example_dags/example_time_delta_sensor_async.py took 0.071 seconds
[2023-12-06T09:39:20.621+0000] {processor.py:157} INFO - Started process (PID=388) to work on /home/airflow/.local/lib/python3.8/site-packages/airflow/example_dags/example_time_delta_sensor_async.py
[2023-12-06T09:39:20.623+0000] {processor.py:829} INFO - Processing file /home/airflow/.local/lib/python3.8/site-packages/airflow/example_dags/example_time_delta_sensor_async.py for tasks to queue
[2023-12-06T09:39:20.626+0000] {logging_mixin.py:154} INFO - [2023-12-06T09:39:20.626+0000] {dagbag.py:536} INFO - Filling up the DagBag from /home/airflow/.local/lib/python3.8/site-packages/airflow/example_dags/example_time_delta_sensor_async.py
[2023-12-06T09:39:20.633+0000] {processor.py:839} INFO - DAG(s) dict_keys(['example_time_delta_sensor_async']) retrieved from /home/airflow/.local/lib/python3.8/site-packages/airflow/example_dags/example_time_delta_sensor_async.py
[2023-12-06T09:39:20.656+0000] {logging_mixin.py:154} INFO - [2023-12-06T09:39:20.655+0000] {dag.py:2941} INFO - Sync 1 DAGs
[2023-12-06T09:39:20.669+0000] {logging_mixin.py:154} INFO - [2023-12-06T09:39:20.669+0000] {dag.py:3722} INFO - Setting next_dagrun for example_time_delta_sensor_async to None, run_after=None
[2023-12-06T09:39:20.686+0000] {processor.py:179} INFO - Processing /home/airflow/.local/lib/python3.8/site-packages/airflow/example_dags/example_time_delta_sensor_async.py took 0.070 seconds
[2023-12-06T09:39:50.912+0000] {processor.py:157} INFO - Started process (PID=442) to work on /home/airflow/.local/lib/python3.8/site-packages/airflow/example_dags/example_time_delta_sensor_async.py
[2023-12-06T09:39:50.920+0000] {processor.py:829} INFO - Processing file /home/airflow/.local/lib/python3.8/site-packages/airflow/example_dags/example_time_delta_sensor_async.py for tasks to queue
[2023-12-06T09:39:50.923+0000] {logging_mixin.py:154} INFO - [2023-12-06T09:39:50.923+0000] {dagbag.py:536} INFO - Filling up the DagBag from /home/airflow/.local/lib/python3.8/site-packages/airflow/example_dags/example_time_delta_sensor_async.py
[2023-12-06T09:39:50.930+0000] {processor.py:839} INFO - DAG(s) dict_keys(['example_time_delta_sensor_async']) retrieved from /home/airflow/.local/lib/python3.8/site-packages/airflow/example_dags/example_time_delta_sensor_async.py
[2023-12-06T09:39:50.952+0000] {logging_mixin.py:154} INFO - [2023-12-06T09:39:50.951+0000] {dag.py:2941} INFO - Sync 1 DAGs
[2023-12-06T09:39:50.965+0000] {logging_mixin.py:154} INFO - [2023-12-06T09:39:50.965+0000] {dag.py:3722} INFO - Setting next_dagrun for example_time_delta_sensor_async to None, run_after=None
[2023-12-06T09:39:50.983+0000] {processor.py:179} INFO - Processing /home/airflow/.local/lib/python3.8/site-packages/airflow/example_dags/example_time_delta_sensor_async.py took 0.076 seconds
[2023-12-06T09:40:21.122+0000] {processor.py:157} INFO - Started process (PID=497) to work on /home/airflow/.local/lib/python3.8/site-packages/airflow/example_dags/example_time_delta_sensor_async.py
[2023-12-06T09:40:21.123+0000] {processor.py:829} INFO - Processing file /home/airflow/.local/lib/python3.8/site-packages/airflow/example_dags/example_time_delta_sensor_async.py for tasks to queue
[2023-12-06T09:40:21.126+0000] {logging_mixin.py:154} INFO - [2023-12-06T09:40:21.126+0000] {dagbag.py:536} INFO - Filling up the DagBag from /home/airflow/.local/lib/python3.8/site-packages/airflow/example_dags/example_time_delta_sensor_async.py
[2023-12-06T09:40:21.132+0000] {processor.py:839} INFO - DAG(s) dict_keys(['example_time_delta_sensor_async']) retrieved from /home/airflow/.local/lib/python3.8/site-packages/airflow/example_dags/example_time_delta_sensor_async.py
[2023-12-06T09:40:21.154+0000] {logging_mixin.py:154} INFO - [2023-12-06T09:40:21.153+0000] {dag.py:2941} INFO - Sync 1 DAGs
[2023-12-06T09:40:21.167+0000] {logging_mixin.py:154} INFO - [2023-12-06T09:40:21.167+0000] {dag.py:3722} INFO - Setting next_dagrun for example_time_delta_sensor_async to None, run_after=None
[2023-12-06T09:40:21.185+0000] {processor.py:179} INFO - Processing /home/airflow/.local/lib/python3.8/site-packages/airflow/example_dags/example_time_delta_sensor_async.py took 0.068 seconds
[2023-12-06T09:40:51.401+0000] {processor.py:157} INFO - Started process (PID=551) to work on /home/airflow/.local/lib/python3.8/site-packages/airflow/example_dags/example_time_delta_sensor_async.py
[2023-12-06T09:40:51.403+0000] {processor.py:829} INFO - Processing file /home/airflow/.local/lib/python3.8/site-packages/airflow/example_dags/example_time_delta_sensor_async.py for tasks to queue
[2023-12-06T09:40:51.406+0000] {logging_mixin.py:154} INFO - [2023-12-06T09:40:51.406+0000] {dagbag.py:536} INFO - Filling up the DagBag from /home/airflow/.local/lib/python3.8/site-packages/airflow/example_dags/example_time_delta_sensor_async.py
[2023-12-06T09:40:51.413+0000] {processor.py:839} INFO - DAG(s) dict_keys(['example_time_delta_sensor_async']) retrieved from /home/airflow/.local/lib/python3.8/site-packages/airflow/example_dags/example_time_delta_sensor_async.py
[2023-12-06T09:40:51.437+0000] {logging_mixin.py:154} INFO - [2023-12-06T09:40:51.437+0000] {dag.py:2941} INFO - Sync 1 DAGs
[2023-12-06T09:40:51.450+0000] {logging_mixin.py:154} INFO - [2023-12-06T09:40:51.450+0000] {dag.py:3722} INFO - Setting next_dagrun for example_time_delta_sensor_async to None, run_after=None
[2023-12-06T09:40:51.468+0000] {processor.py:179} INFO - Processing /home/airflow/.local/lib/python3.8/site-packages/airflow/example_dags/example_time_delta_sensor_async.py took 0.072 seconds
[2023-12-06T09:41:21.636+0000] {processor.py:157} INFO - Started process (PID=605) to work on /home/airflow/.local/lib/python3.8/site-packages/airflow/example_dags/example_time_delta_sensor_async.py
[2023-12-06T09:41:21.637+0000] {processor.py:829} INFO - Processing file /home/airflow/.local/lib/python3.8/site-packages/airflow/example_dags/example_time_delta_sensor_async.py for tasks to queue
[2023-12-06T09:41:21.640+0000] {logging_mixin.py:154} INFO - [2023-12-06T09:41:21.639+0000] {dagbag.py:536} INFO - Filling up the DagBag from /home/airflow/.local/lib/python3.8/site-packages/airflow/example_dags/example_time_delta_sensor_async.py
[2023-12-06T09:41:21.646+0000] {processor.py:839} INFO - DAG(s) dict_keys(['example_time_delta_sensor_async']) retrieved from /home/airflow/.local/lib/python3.8/site-packages/airflow/example_dags/example_time_delta_sensor_async.py
[2023-12-06T09:41:21.668+0000] {logging_mixin.py:154} INFO - [2023-12-06T09:41:21.668+0000] {dag.py:2941} INFO - Sync 1 DAGs
[2023-12-06T09:41:21.684+0000] {logging_mixin.py:154} INFO - [2023-12-06T09:41:21.684+0000] {dag.py:3722} INFO - Setting next_dagrun for example_time_delta_sensor_async to None, run_after=None
[2023-12-06T09:41:21.703+0000] {processor.py:179} INFO - Processing /home/airflow/.local/lib/python3.8/site-packages/airflow/example_dags/example_time_delta_sensor_async.py took 0.071 seconds
[2023-12-06T09:41:52.048+0000] {processor.py:157} INFO - Started process (PID=659) to work on /home/airflow/.local/lib/python3.8/site-packages/airflow/example_dags/example_time_delta_sensor_async.py
[2023-12-06T09:41:52.049+0000] {processor.py:829} INFO - Processing file /home/airflow/.local/lib/python3.8/site-packages/airflow/example_dags/example_time_delta_sensor_async.py for tasks to queue
[2023-12-06T09:41:52.052+0000] {logging_mixin.py:154} INFO - [2023-12-06T09:41:52.052+0000] {dagbag.py:536} INFO - Filling up the DagBag from /home/airflow/.local/lib/python3.8/site-packages/airflow/example_dags/example_time_delta_sensor_async.py
[2023-12-06T09:41:52.059+0000] {processor.py:839} INFO - DAG(s) dict_keys(['example_time_delta_sensor_async']) retrieved from /home/airflow/.local/lib/python3.8/site-packages/airflow/example_dags/example_time_delta_sensor_async.py
[2023-12-06T09:41:52.080+0000] {logging_mixin.py:154} INFO - [2023-12-06T09:41:52.080+0000] {dag.py:2941} INFO - Sync 1 DAGs
[2023-12-06T09:41:52.094+0000] {logging_mixin.py:154} INFO - [2023-12-06T09:41:52.093+0000] {dag.py:3722} INFO - Setting next_dagrun for example_time_delta_sensor_async to None, run_after=None
[2023-12-06T09:41:52.112+0000] {processor.py:179} INFO - Processing /home/airflow/.local/lib/python3.8/site-packages/airflow/example_dags/example_time_delta_sensor_async.py took 0.069 seconds
[2023-12-06T09:42:22.521+0000] {processor.py:157} INFO - Started process (PID=713) to work on /home/airflow/.local/lib/python3.8/site-packages/airflow/example_dags/example_time_delta_sensor_async.py
[2023-12-06T09:42:22.522+0000] {processor.py:829} INFO - Processing file /home/airflow/.local/lib/python3.8/site-packages/airflow/example_dags/example_time_delta_sensor_async.py for tasks to queue
[2023-12-06T09:42:22.526+0000] {logging_mixin.py:154} INFO - [2023-12-06T09:42:22.526+0000] {dagbag.py:536} INFO - Filling up the DagBag from /home/airflow/.local/lib/python3.8/site-packages/airflow/example_dags/example_time_delta_sensor_async.py
[2023-12-06T09:42:22.531+0000] {processor.py:839} INFO - DAG(s) dict_keys(['example_time_delta_sensor_async']) retrieved from /home/airflow/.local/lib/python3.8/site-packages/airflow/example_dags/example_time_delta_sensor_async.py
[2023-12-06T09:42:22.552+0000] {logging_mixin.py:154} INFO - [2023-12-06T09:42:22.552+0000] {dag.py:2941} INFO - Sync 1 DAGs
[2023-12-06T09:42:22.566+0000] {logging_mixin.py:154} INFO - [2023-12-06T09:42:22.566+0000] {dag.py:3722} INFO - Setting next_dagrun for example_time_delta_sensor_async to None, run_after=None
[2023-12-06T09:42:22.584+0000] {processor.py:179} INFO - Processing /home/airflow/.local/lib/python3.8/site-packages/airflow/example_dags/example_time_delta_sensor_async.py took 0.067 seconds
[2023-12-06T09:42:52.728+0000] {processor.py:157} INFO - Started process (PID=767) to work on /home/airflow/.local/lib/python3.8/site-packages/airflow/example_dags/example_time_delta_sensor_async.py
[2023-12-06T09:42:52.729+0000] {processor.py:829} INFO - Processing file /home/airflow/.local/lib/python3.8/site-packages/airflow/example_dags/example_time_delta_sensor_async.py for tasks to queue
[2023-12-06T09:42:52.732+0000] {logging_mixin.py:154} INFO - [2023-12-06T09:42:52.732+0000] {dagbag.py:536} INFO - Filling up the DagBag from /home/airflow/.local/lib/python3.8/site-packages/airflow/example_dags/example_time_delta_sensor_async.py
[2023-12-06T09:42:52.738+0000] {processor.py:839} INFO - DAG(s) dict_keys(['example_time_delta_sensor_async']) retrieved from /home/airflow/.local/lib/python3.8/site-packages/airflow/example_dags/example_time_delta_sensor_async.py
[2023-12-06T09:42:52.761+0000] {logging_mixin.py:154} INFO - [2023-12-06T09:42:52.760+0000] {dag.py:2941} INFO - Sync 1 DAGs
[2023-12-06T09:42:52.776+0000] {logging_mixin.py:154} INFO - [2023-12-06T09:42:52.776+0000] {dag.py:3722} INFO - Setting next_dagrun for example_time_delta_sensor_async to None, run_after=None
[2023-12-06T09:42:52.796+0000] {processor.py:179} INFO - Processing /home/airflow/.local/lib/python3.8/site-packages/airflow/example_dags/example_time_delta_sensor_async.py took 0.072 seconds
[2023-12-06T09:43:22.938+0000] {processor.py:157} INFO - Started process (PID=822) to work on /home/airflow/.local/lib/python3.8/site-packages/airflow/example_dags/example_time_delta_sensor_async.py
[2023-12-06T09:43:22.940+0000] {processor.py:829} INFO - Processing file /home/airflow/.local/lib/python3.8/site-packages/airflow/example_dags/example_time_delta_sensor_async.py for tasks to queue
[2023-12-06T09:43:22.943+0000] {logging_mixin.py:154} INFO - [2023-12-06T09:43:22.943+0000] {dagbag.py:536} INFO - Filling up the DagBag from /home/airflow/.local/lib/python3.8/site-packages/airflow/example_dags/example_time_delta_sensor_async.py
[2023-12-06T09:43:22.950+0000] {processor.py:839} INFO - DAG(s) dict_keys(['example_time_delta_sensor_async']) retrieved from /home/airflow/.local/lib/python3.8/site-packages/airflow/example_dags/example_time_delta_sensor_async.py
[2023-12-06T09:43:22.970+0000] {logging_mixin.py:154} INFO - [2023-12-06T09:43:22.970+0000] {dag.py:2941} INFO - Sync 1 DAGs
[2023-12-06T09:43:22.984+0000] {logging_mixin.py:154} INFO - [2023-12-06T09:43:22.984+0000] {dag.py:3722} INFO - Setting next_dagrun for example_time_delta_sensor_async to None, run_after=None
[2023-12-06T09:43:23.002+0000] {processor.py:179} INFO - Processing /home/airflow/.local/lib/python3.8/site-packages/airflow/example_dags/example_time_delta_sensor_async.py took 0.069 seconds
[2023-12-06T09:43:53.114+0000] {processor.py:157} INFO - Started process (PID=876) to work on /home/airflow/.local/lib/python3.8/site-packages/airflow/example_dags/example_time_delta_sensor_async.py
[2023-12-06T09:43:53.116+0000] {processor.py:829} INFO - Processing file /home/airflow/.local/lib/python3.8/site-packages/airflow/example_dags/example_time_delta_sensor_async.py for tasks to queue
[2023-12-06T09:43:53.118+0000] {logging_mixin.py:154} INFO - [2023-12-06T09:43:53.118+0000] {dagbag.py:536} INFO - Filling up the DagBag from /home/airflow/.local/lib/python3.8/site-packages/airflow/example_dags/example_time_delta_sensor_async.py
[2023-12-06T09:43:53.124+0000] {processor.py:839} INFO - DAG(s) dict_keys(['example_time_delta_sensor_async']) retrieved from /home/airflow/.local/lib/python3.8/site-packages/airflow/example_dags/example_time_delta_sensor_async.py
[2023-12-06T09:43:53.145+0000] {logging_mixin.py:154} INFO - [2023-12-06T09:43:53.145+0000] {dag.py:2941} INFO - Sync 1 DAGs
[2023-12-06T09:43:53.158+0000] {logging_mixin.py:154} INFO - [2023-12-06T09:43:53.158+0000] {dag.py:3722} INFO - Setting next_dagrun for example_time_delta_sensor_async to None, run_after=None
[2023-12-06T09:43:53.181+0000] {processor.py:179} INFO - Processing /home/airflow/.local/lib/python3.8/site-packages/airflow/example_dags/example_time_delta_sensor_async.py took 0.071 seconds
[2023-12-06T09:44:23.349+0000] {processor.py:157} INFO - Started process (PID=930) to work on /home/airflow/.local/lib/python3.8/site-packages/airflow/example_dags/example_time_delta_sensor_async.py
[2023-12-06T09:44:23.351+0000] {processor.py:829} INFO - Processing file /home/airflow/.local/lib/python3.8/site-packages/airflow/example_dags/example_time_delta_sensor_async.py for tasks to queue
[2023-12-06T09:44:23.354+0000] {logging_mixin.py:154} INFO - [2023-12-06T09:44:23.354+0000] {dagbag.py:536} INFO - Filling up the DagBag from /home/airflow/.local/lib/python3.8/site-packages/airflow/example_dags/example_time_delta_sensor_async.py
[2023-12-06T09:44:23.360+0000] {processor.py:839} INFO - DAG(s) dict_keys(['example_time_delta_sensor_async']) retrieved from /home/airflow/.local/lib/python3.8/site-packages/airflow/example_dags/example_time_delta_sensor_async.py
[2023-12-06T09:44:23.384+0000] {logging_mixin.py:154} INFO - [2023-12-06T09:44:23.384+0000] {dag.py:2941} INFO - Sync 1 DAGs
[2023-12-06T09:44:23.409+0000] {logging_mixin.py:154} INFO - [2023-12-06T09:44:23.409+0000] {dag.py:3722} INFO - Setting next_dagrun for example_time_delta_sensor_async to None, run_after=None
[2023-12-06T09:44:23.427+0000] {processor.py:179} INFO - Processing /home/airflow/.local/lib/python3.8/site-packages/airflow/example_dags/example_time_delta_sensor_async.py took 0.082 seconds
[2023-12-06T09:44:53.533+0000] {processor.py:157} INFO - Started process (PID=984) to work on /home/airflow/.local/lib/python3.8/site-packages/airflow/example_dags/example_time_delta_sensor_async.py
[2023-12-06T09:44:53.535+0000] {processor.py:829} INFO - Processing file /home/airflow/.local/lib/python3.8/site-packages/airflow/example_dags/example_time_delta_sensor_async.py for tasks to queue
[2023-12-06T09:44:53.537+0000] {logging_mixin.py:154} INFO - [2023-12-06T09:44:53.537+0000] {dagbag.py:536} INFO - Filling up the DagBag from /home/airflow/.local/lib/python3.8/site-packages/airflow/example_dags/example_time_delta_sensor_async.py
[2023-12-06T09:44:53.543+0000] {processor.py:839} INFO - DAG(s) dict_keys(['example_time_delta_sensor_async']) retrieved from /home/airflow/.local/lib/python3.8/site-packages/airflow/example_dags/example_time_delta_sensor_async.py
[2023-12-06T09:44:53.568+0000] {logging_mixin.py:154} INFO - [2023-12-06T09:44:53.568+0000] {dag.py:2941} INFO - Sync 1 DAGs
[2023-12-06T09:44:53.583+0000] {logging_mixin.py:154} INFO - [2023-12-06T09:44:53.583+0000] {dag.py:3722} INFO - Setting next_dagrun for example_time_delta_sensor_async to None, run_after=None
[2023-12-06T09:44:53.603+0000] {processor.py:179} INFO - Processing /home/airflow/.local/lib/python3.8/site-packages/airflow/example_dags/example_time_delta_sensor_async.py took 0.074 seconds
[2023-12-06T09:45:23.740+0000] {processor.py:157} INFO - Started process (PID=1038) to work on /home/airflow/.local/lib/python3.8/site-packages/airflow/example_dags/example_time_delta_sensor_async.py
[2023-12-06T09:45:23.742+0000] {processor.py:829} INFO - Processing file /home/airflow/.local/lib/python3.8/site-packages/airflow/example_dags/example_time_delta_sensor_async.py for tasks to queue
[2023-12-06T09:45:23.745+0000] {logging_mixin.py:154} INFO - [2023-12-06T09:45:23.744+0000] {dagbag.py:536} INFO - Filling up the DagBag from /home/airflow/.local/lib/python3.8/site-packages/airflow/example_dags/example_time_delta_sensor_async.py
[2023-12-06T09:45:23.750+0000] {processor.py:839} INFO - DAG(s) dict_keys(['example_time_delta_sensor_async']) retrieved from /home/airflow/.local/lib/python3.8/site-packages/airflow/example_dags/example_time_delta_sensor_async.py
[2023-12-06T09:45:23.772+0000] {logging_mixin.py:154} INFO - [2023-12-06T09:45:23.771+0000] {dag.py:2941} INFO - Sync 1 DAGs
[2023-12-06T09:45:23.785+0000] {logging_mixin.py:154} INFO - [2023-12-06T09:45:23.785+0000] {dag.py:3722} INFO - Setting next_dagrun for example_time_delta_sensor_async to None, run_after=None
[2023-12-06T09:45:23.803+0000] {processor.py:179} INFO - Processing /home/airflow/.local/lib/python3.8/site-packages/airflow/example_dags/example_time_delta_sensor_async.py took 0.066 seconds
[2023-12-06T09:45:53.875+0000] {processor.py:157} INFO - Started process (PID=1104) to work on /home/airflow/.local/lib/python3.8/site-packages/airflow/example_dags/example_time_delta_sensor_async.py
[2023-12-06T09:45:53.877+0000] {processor.py:829} INFO - Processing file /home/airflow/.local/lib/python3.8/site-packages/airflow/example_dags/example_time_delta_sensor_async.py for tasks to queue
[2023-12-06T09:45:53.880+0000] {logging_mixin.py:154} INFO - [2023-12-06T09:45:53.880+0000] {dagbag.py:536} INFO - Filling up the DagBag from /home/airflow/.local/lib/python3.8/site-packages/airflow/example_dags/example_time_delta_sensor_async.py
[2023-12-06T09:45:53.885+0000] {processor.py:839} INFO - DAG(s) dict_keys(['example_time_delta_sensor_async']) retrieved from /home/airflow/.local/lib/python3.8/site-packages/airflow/example_dags/example_time_delta_sensor_async.py
[2023-12-06T09:45:53.910+0000] {logging_mixin.py:154} INFO - [2023-12-06T09:45:53.910+0000] {dag.py:2941} INFO - Sync 1 DAGs
[2023-12-06T09:45:53.925+0000] {logging_mixin.py:154} INFO - [2023-12-06T09:45:53.925+0000] {dag.py:3722} INFO - Setting next_dagrun for example_time_delta_sensor_async to None, run_after=None
[2023-12-06T09:45:53.944+0000] {processor.py:179} INFO - Processing /home/airflow/.local/lib/python3.8/site-packages/airflow/example_dags/example_time_delta_sensor_async.py took 0.072 seconds
[2023-12-06T09:46:24.537+0000] {processor.py:157} INFO - Started process (PID=1161) to work on /home/airflow/.local/lib/python3.8/site-packages/airflow/example_dags/example_time_delta_sensor_async.py
[2023-12-06T09:46:24.539+0000] {processor.py:829} INFO - Processing file /home/airflow/.local/lib/python3.8/site-packages/airflow/example_dags/example_time_delta_sensor_async.py for tasks to queue
[2023-12-06T09:46:24.543+0000] {logging_mixin.py:154} INFO - [2023-12-06T09:46:24.542+0000] {dagbag.py:536} INFO - Filling up the DagBag from /home/airflow/.local/lib/python3.8/site-packages/airflow/example_dags/example_time_delta_sensor_async.py
[2023-12-06T09:46:24.549+0000] {processor.py:839} INFO - DAG(s) dict_keys(['example_time_delta_sensor_async']) retrieved from /home/airflow/.local/lib/python3.8/site-packages/airflow/example_dags/example_time_delta_sensor_async.py
[2023-12-06T09:46:24.571+0000] {logging_mixin.py:154} INFO - [2023-12-06T09:46:24.571+0000] {dag.py:2941} INFO - Sync 1 DAGs
[2023-12-06T09:46:24.585+0000] {logging_mixin.py:154} INFO - [2023-12-06T09:46:24.585+0000] {dag.py:3722} INFO - Setting next_dagrun for example_time_delta_sensor_async to None, run_after=None
[2023-12-06T09:46:24.603+0000] {processor.py:179} INFO - Processing /home/airflow/.local/lib/python3.8/site-packages/airflow/example_dags/example_time_delta_sensor_async.py took 0.069 seconds
[2023-12-06T09:46:54.872+0000] {processor.py:157} INFO - Started process (PID=1216) to work on /home/airflow/.local/lib/python3.8/site-packages/airflow/example_dags/example_time_delta_sensor_async.py
[2023-12-06T09:46:54.874+0000] {processor.py:829} INFO - Processing file /home/airflow/.local/lib/python3.8/site-packages/airflow/example_dags/example_time_delta_sensor_async.py for tasks to queue
[2023-12-06T09:46:54.877+0000] {logging_mixin.py:154} INFO - [2023-12-06T09:46:54.877+0000] {dagbag.py:536} INFO - Filling up the DagBag from /home/airflow/.local/lib/python3.8/site-packages/airflow/example_dags/example_time_delta_sensor_async.py
[2023-12-06T09:46:54.883+0000] {processor.py:839} INFO - DAG(s) dict_keys(['example_time_delta_sensor_async']) retrieved from /home/airflow/.local/lib/python3.8/site-packages/airflow/example_dags/example_time_delta_sensor_async.py
[2023-12-06T09:46:54.907+0000] {logging_mixin.py:154} INFO - [2023-12-06T09:46:54.907+0000] {dag.py:2941} INFO - Sync 1 DAGs
[2023-12-06T09:46:54.922+0000] {logging_mixin.py:154} INFO - [2023-12-06T09:46:54.922+0000] {dag.py:3722} INFO - Setting next_dagrun for example_time_delta_sensor_async to None, run_after=None
[2023-12-06T09:46:54.941+0000] {processor.py:179} INFO - Processing /home/airflow/.local/lib/python3.8/site-packages/airflow/example_dags/example_time_delta_sensor_async.py took 0.073 seconds
[2023-12-06T09:47:25.100+0000] {processor.py:157} INFO - Started process (PID=1272) to work on /home/airflow/.local/lib/python3.8/site-packages/airflow/example_dags/example_time_delta_sensor_async.py
[2023-12-06T09:47:25.102+0000] {processor.py:829} INFO - Processing file /home/airflow/.local/lib/python3.8/site-packages/airflow/example_dags/example_time_delta_sensor_async.py for tasks to queue
[2023-12-06T09:47:25.103+0000] {logging_mixin.py:154} INFO - [2023-12-06T09:47:25.103+0000] {dagbag.py:536} INFO - Filling up the DagBag from /home/airflow/.local/lib/python3.8/site-packages/airflow/example_dags/example_time_delta_sensor_async.py
[2023-12-06T09:47:25.109+0000] {processor.py:839} INFO - DAG(s) dict_keys(['example_time_delta_sensor_async']) retrieved from /home/airflow/.local/lib/python3.8/site-packages/airflow/example_dags/example_time_delta_sensor_async.py
[2023-12-06T09:47:25.132+0000] {logging_mixin.py:154} INFO - [2023-12-06T09:47:25.132+0000] {dag.py:2941} INFO - Sync 1 DAGs
[2023-12-06T09:47:25.146+0000] {logging_mixin.py:154} INFO - [2023-12-06T09:47:25.146+0000] {dag.py:3722} INFO - Setting next_dagrun for example_time_delta_sensor_async to None, run_after=None
[2023-12-06T09:47:25.165+0000] {processor.py:179} INFO - Processing /home/airflow/.local/lib/python3.8/site-packages/airflow/example_dags/example_time_delta_sensor_async.py took 0.069 seconds
[2023-12-06T09:47:55.804+0000] {processor.py:157} INFO - Started process (PID=1330) to work on /home/airflow/.local/lib/python3.8/site-packages/airflow/example_dags/example_time_delta_sensor_async.py
[2023-12-06T09:47:55.805+0000] {processor.py:829} INFO - Processing file /home/airflow/.local/lib/python3.8/site-packages/airflow/example_dags/example_time_delta_sensor_async.py for tasks to queue
[2023-12-06T09:47:55.807+0000] {logging_mixin.py:154} INFO - [2023-12-06T09:47:55.806+0000] {dagbag.py:536} INFO - Filling up the DagBag from /home/airflow/.local/lib/python3.8/site-packages/airflow/example_dags/example_time_delta_sensor_async.py
[2023-12-06T09:47:55.812+0000] {processor.py:839} INFO - DAG(s) dict_keys(['example_time_delta_sensor_async']) retrieved from /home/airflow/.local/lib/python3.8/site-packages/airflow/example_dags/example_time_delta_sensor_async.py
[2023-12-06T09:47:55.837+0000] {logging_mixin.py:154} INFO - [2023-12-06T09:47:55.837+0000] {dag.py:2941} INFO - Sync 1 DAGs
[2023-12-06T09:47:55.852+0000] {logging_mixin.py:154} INFO - [2023-12-06T09:47:55.852+0000] {dag.py:3722} INFO - Setting next_dagrun for example_time_delta_sensor_async to None, run_after=None
[2023-12-06T09:47:55.870+0000] {processor.py:179} INFO - Processing /home/airflow/.local/lib/python3.8/site-packages/airflow/example_dags/example_time_delta_sensor_async.py took 0.070 seconds
[2023-12-06T09:48:28.286+0000] {processor.py:157} INFO - Started process (PID=1391) to work on /home/airflow/.local/lib/python3.8/site-packages/airflow/example_dags/example_time_delta_sensor_async.py
[2023-12-06T09:48:28.288+0000] {processor.py:829} INFO - Processing file /home/airflow/.local/lib/python3.8/site-packages/airflow/example_dags/example_time_delta_sensor_async.py for tasks to queue
[2023-12-06T09:48:28.290+0000] {logging_mixin.py:154} INFO - [2023-12-06T09:48:28.289+0000] {dagbag.py:536} INFO - Filling up the DagBag from /home/airflow/.local/lib/python3.8/site-packages/airflow/example_dags/example_time_delta_sensor_async.py
[2023-12-06T09:48:28.296+0000] {processor.py:839} INFO - DAG(s) dict_keys(['example_time_delta_sensor_async']) retrieved from /home/airflow/.local/lib/python3.8/site-packages/airflow/example_dags/example_time_delta_sensor_async.py
[2023-12-06T09:48:28.324+0000] {logging_mixin.py:154} INFO - [2023-12-06T09:48:28.324+0000] {dag.py:2941} INFO - Sync 1 DAGs
[2023-12-06T09:48:28.341+0000] {logging_mixin.py:154} INFO - [2023-12-06T09:48:28.341+0000] {dag.py:3722} INFO - Setting next_dagrun for example_time_delta_sensor_async to None, run_after=None
[2023-12-06T09:48:28.362+0000] {processor.py:179} INFO - Processing /home/airflow/.local/lib/python3.8/site-packages/airflow/example_dags/example_time_delta_sensor_async.py took 0.081 seconds
[2023-12-06T09:48:58.532+0000] {processor.py:157} INFO - Started process (PID=1447) to work on /home/airflow/.local/lib/python3.8/site-packages/airflow/example_dags/example_time_delta_sensor_async.py
[2023-12-06T09:48:58.533+0000] {processor.py:829} INFO - Processing file /home/airflow/.local/lib/python3.8/site-packages/airflow/example_dags/example_time_delta_sensor_async.py for tasks to queue
[2023-12-06T09:48:58.534+0000] {logging_mixin.py:154} INFO - [2023-12-06T09:48:58.534+0000] {dagbag.py:536} INFO - Filling up the DagBag from /home/airflow/.local/lib/python3.8/site-packages/airflow/example_dags/example_time_delta_sensor_async.py
[2023-12-06T09:48:58.540+0000] {processor.py:839} INFO - DAG(s) dict_keys(['example_time_delta_sensor_async']) retrieved from /home/airflow/.local/lib/python3.8/site-packages/airflow/example_dags/example_time_delta_sensor_async.py
[2023-12-06T09:48:58.563+0000] {logging_mixin.py:154} INFO - [2023-12-06T09:48:58.563+0000] {dag.py:2941} INFO - Sync 1 DAGs
[2023-12-06T09:48:58.578+0000] {logging_mixin.py:154} INFO - [2023-12-06T09:48:58.578+0000] {dag.py:3722} INFO - Setting next_dagrun for example_time_delta_sensor_async to None, run_after=None
[2023-12-06T09:48:58.595+0000] {processor.py:179} INFO - Processing /home/airflow/.local/lib/python3.8/site-packages/airflow/example_dags/example_time_delta_sensor_async.py took 0.068 seconds
[2023-12-06T09:49:28.977+0000] {processor.py:157} INFO - Started process (PID=1511) to work on /home/airflow/.local/lib/python3.8/site-packages/airflow/example_dags/example_time_delta_sensor_async.py
[2023-12-06T09:49:28.979+0000] {processor.py:829} INFO - Processing file /home/airflow/.local/lib/python3.8/site-packages/airflow/example_dags/example_time_delta_sensor_async.py for tasks to queue
[2023-12-06T09:49:28.980+0000] {logging_mixin.py:154} INFO - [2023-12-06T09:49:28.980+0000] {dagbag.py:536} INFO - Filling up the DagBag from /home/airflow/.local/lib/python3.8/site-packages/airflow/example_dags/example_time_delta_sensor_async.py
[2023-12-06T09:49:28.986+0000] {processor.py:839} INFO - DAG(s) dict_keys(['example_time_delta_sensor_async']) retrieved from /home/airflow/.local/lib/python3.8/site-packages/airflow/example_dags/example_time_delta_sensor_async.py
[2023-12-06T09:49:29.014+0000] {logging_mixin.py:154} INFO - [2023-12-06T09:49:29.014+0000] {dag.py:2941} INFO - Sync 1 DAGs
[2023-12-06T09:49:29.029+0000] {logging_mixin.py:154} INFO - [2023-12-06T09:49:29.029+0000] {dag.py:3722} INFO - Setting next_dagrun for example_time_delta_sensor_async to None, run_after=None
[2023-12-06T09:49:29.051+0000] {processor.py:179} INFO - Processing /home/airflow/.local/lib/python3.8/site-packages/airflow/example_dags/example_time_delta_sensor_async.py took 0.078 seconds
[2023-12-06T09:50:00.450+0000] {processor.py:157} INFO - Started process (PID=1567) to work on /home/airflow/.local/lib/python3.8/site-packages/airflow/example_dags/example_time_delta_sensor_async.py
[2023-12-06T09:50:00.451+0000] {processor.py:829} INFO - Processing file /home/airflow/.local/lib/python3.8/site-packages/airflow/example_dags/example_time_delta_sensor_async.py for tasks to queue
[2023-12-06T09:50:00.453+0000] {logging_mixin.py:154} INFO - [2023-12-06T09:50:00.452+0000] {dagbag.py:536} INFO - Filling up the DagBag from /home/airflow/.local/lib/python3.8/site-packages/airflow/example_dags/example_time_delta_sensor_async.py
[2023-12-06T09:50:00.458+0000] {processor.py:839} INFO - DAG(s) dict_keys(['example_time_delta_sensor_async']) retrieved from /home/airflow/.local/lib/python3.8/site-packages/airflow/example_dags/example_time_delta_sensor_async.py
[2023-12-06T09:50:00.482+0000] {logging_mixin.py:154} INFO - [2023-12-06T09:50:00.482+0000] {dag.py:2941} INFO - Sync 1 DAGs
[2023-12-06T09:50:00.641+0000] {logging_mixin.py:154} INFO - [2023-12-06T09:50:00.641+0000] {dag.py:3722} INFO - Setting next_dagrun for example_time_delta_sensor_async to None, run_after=None
[2023-12-06T09:50:00.662+0000] {processor.py:179} INFO - Processing /home/airflow/.local/lib/python3.8/site-packages/airflow/example_dags/example_time_delta_sensor_async.py took 0.216 seconds
[2023-12-06T09:50:31.332+0000] {processor.py:157} INFO - Started process (PID=1622) to work on /home/airflow/.local/lib/python3.8/site-packages/airflow/example_dags/example_time_delta_sensor_async.py
[2023-12-06T09:50:31.334+0000] {processor.py:829} INFO - Processing file /home/airflow/.local/lib/python3.8/site-packages/airflow/example_dags/example_time_delta_sensor_async.py for tasks to queue
[2023-12-06T09:50:31.336+0000] {logging_mixin.py:154} INFO - [2023-12-06T09:50:31.335+0000] {dagbag.py:536} INFO - Filling up the DagBag from /home/airflow/.local/lib/python3.8/site-packages/airflow/example_dags/example_time_delta_sensor_async.py
[2023-12-06T09:50:31.344+0000] {processor.py:839} INFO - DAG(s) dict_keys(['example_time_delta_sensor_async']) retrieved from /home/airflow/.local/lib/python3.8/site-packages/airflow/example_dags/example_time_delta_sensor_async.py
[2023-12-06T09:50:31.377+0000] {logging_mixin.py:154} INFO - [2023-12-06T09:50:31.377+0000] {dag.py:2941} INFO - Sync 1 DAGs
[2023-12-06T09:50:31.397+0000] {logging_mixin.py:154} INFO - [2023-12-06T09:50:31.396+0000] {dag.py:3722} INFO - Setting next_dagrun for example_time_delta_sensor_async to None, run_after=None
[2023-12-06T09:50:31.417+0000] {processor.py:179} INFO - Processing /home/airflow/.local/lib/python3.8/site-packages/airflow/example_dags/example_time_delta_sensor_async.py took 0.090 seconds
