[2023-12-06T09:36:14.258+0000] {processor.py:157} INFO - Started process (PID=51) to work on /home/airflow/.local/lib/python3.8/site-packages/airflow/example_dags/example_local_kubernetes_executor.py
[2023-12-06T09:36:14.262+0000] {processor.py:829} INFO - Processing file /home/airflow/.local/lib/python3.8/site-packages/airflow/example_dags/example_local_kubernetes_executor.py for tasks to queue
[2023-12-06T09:36:14.272+0000] {logging_mixin.py:154} INFO - [2023-12-06T09:36:14.271+0000] {dagbag.py:536} INFO - Filling up the DagBag from /home/airflow/.local/lib/python3.8/site-packages/airflow/example_dags/example_local_kubernetes_executor.py
[2023-12-06T09:36:14.307+0000] {processor.py:839} INFO - DAG(s) dict_keys(['example_local_kubernetes_executor']) retrieved from /home/airflow/.local/lib/python3.8/site-packages/airflow/example_dags/example_local_kubernetes_executor.py
[2023-12-06T09:36:14.535+0000] {logging_mixin.py:154} INFO - [2023-12-06T09:36:14.534+0000] {manager.py:499} INFO - Created Permission View: %s
[2023-12-06T09:36:14.548+0000] {logging_mixin.py:154} INFO - [2023-12-06T09:36:14.548+0000] {manager.py:499} INFO - Created Permission View: %s
[2023-12-06T09:36:14.557+0000] {logging_mixin.py:154} INFO - [2023-12-06T09:36:14.557+0000] {manager.py:499} INFO - Created Permission View: %s
[2023-12-06T09:36:14.558+0000] {logging_mixin.py:154} INFO - [2023-12-06T09:36:14.558+0000] {dag.py:2941} INFO - Sync 1 DAGs
[2023-12-06T09:36:14.573+0000] {logging_mixin.py:154} INFO - [2023-12-06T09:36:14.573+0000] {dag.py:2963} INFO - Creating ORM DAG for example_local_kubernetes_executor
[2023-12-06T09:36:14.575+0000] {logging_mixin.py:154} INFO - [2023-12-06T09:36:14.575+0000] {dag.py:3722} INFO - Setting next_dagrun for example_local_kubernetes_executor to None, run_after=None
[2023-12-06T09:36:14.599+0000] {processor.py:179} INFO - Processing /home/airflow/.local/lib/python3.8/site-packages/airflow/example_dags/example_local_kubernetes_executor.py took 0.354 seconds
[2023-12-06T09:36:44.945+0000] {processor.py:157} INFO - Started process (PID=105) to work on /home/airflow/.local/lib/python3.8/site-packages/airflow/example_dags/example_local_kubernetes_executor.py
[2023-12-06T09:36:44.947+0000] {processor.py:829} INFO - Processing file /home/airflow/.local/lib/python3.8/site-packages/airflow/example_dags/example_local_kubernetes_executor.py for tasks to queue
[2023-12-06T09:36:44.951+0000] {logging_mixin.py:154} INFO - [2023-12-06T09:36:44.950+0000] {dagbag.py:536} INFO - Filling up the DagBag from /home/airflow/.local/lib/python3.8/site-packages/airflow/example_dags/example_local_kubernetes_executor.py
[2023-12-06T09:36:44.964+0000] {processor.py:839} INFO - DAG(s) dict_keys(['example_local_kubernetes_executor']) retrieved from /home/airflow/.local/lib/python3.8/site-packages/airflow/example_dags/example_local_kubernetes_executor.py
[2023-12-06T09:36:45.005+0000] {logging_mixin.py:154} INFO - [2023-12-06T09:36:45.005+0000] {dag.py:2941} INFO - Sync 1 DAGs
[2023-12-06T09:36:45.020+0000] {logging_mixin.py:154} INFO - [2023-12-06T09:36:45.020+0000] {dag.py:3722} INFO - Setting next_dagrun for example_local_kubernetes_executor to None, run_after=None
[2023-12-06T09:36:45.036+0000] {processor.py:179} INFO - Processing /home/airflow/.local/lib/python3.8/site-packages/airflow/example_dags/example_local_kubernetes_executor.py took 0.096 seconds
[2023-12-06T09:37:15.195+0000] {processor.py:157} INFO - Started process (PID=159) to work on /home/airflow/.local/lib/python3.8/site-packages/airflow/example_dags/example_local_kubernetes_executor.py
[2023-12-06T09:37:15.196+0000] {processor.py:829} INFO - Processing file /home/airflow/.local/lib/python3.8/site-packages/airflow/example_dags/example_local_kubernetes_executor.py for tasks to queue
[2023-12-06T09:37:15.199+0000] {logging_mixin.py:154} INFO - [2023-12-06T09:37:15.199+0000] {dagbag.py:536} INFO - Filling up the DagBag from /home/airflow/.local/lib/python3.8/site-packages/airflow/example_dags/example_local_kubernetes_executor.py
[2023-12-06T09:37:15.208+0000] {processor.py:839} INFO - DAG(s) dict_keys(['example_local_kubernetes_executor']) retrieved from /home/airflow/.local/lib/python3.8/site-packages/airflow/example_dags/example_local_kubernetes_executor.py
[2023-12-06T09:37:15.247+0000] {logging_mixin.py:154} INFO - [2023-12-06T09:37:15.246+0000] {dag.py:2941} INFO - Sync 1 DAGs
[2023-12-06T09:37:15.262+0000] {logging_mixin.py:154} INFO - [2023-12-06T09:37:15.262+0000] {dag.py:3722} INFO - Setting next_dagrun for example_local_kubernetes_executor to None, run_after=None
[2023-12-06T09:37:15.279+0000] {processor.py:179} INFO - Processing /home/airflow/.local/lib/python3.8/site-packages/airflow/example_dags/example_local_kubernetes_executor.py took 0.088 seconds
[2023-12-06T09:37:45.923+0000] {processor.py:157} INFO - Started process (PID=213) to work on /home/airflow/.local/lib/python3.8/site-packages/airflow/example_dags/example_local_kubernetes_executor.py
[2023-12-06T09:37:45.924+0000] {processor.py:829} INFO - Processing file /home/airflow/.local/lib/python3.8/site-packages/airflow/example_dags/example_local_kubernetes_executor.py for tasks to queue
[2023-12-06T09:37:45.927+0000] {logging_mixin.py:154} INFO - [2023-12-06T09:37:45.927+0000] {dagbag.py:536} INFO - Filling up the DagBag from /home/airflow/.local/lib/python3.8/site-packages/airflow/example_dags/example_local_kubernetes_executor.py
[2023-12-06T09:37:45.936+0000] {processor.py:839} INFO - DAG(s) dict_keys(['example_local_kubernetes_executor']) retrieved from /home/airflow/.local/lib/python3.8/site-packages/airflow/example_dags/example_local_kubernetes_executor.py
[2023-12-06T09:37:45.975+0000] {logging_mixin.py:154} INFO - [2023-12-06T09:37:45.974+0000] {dag.py:2941} INFO - Sync 1 DAGs
[2023-12-06T09:37:45.991+0000] {logging_mixin.py:154} INFO - [2023-12-06T09:37:45.991+0000] {dag.py:3722} INFO - Setting next_dagrun for example_local_kubernetes_executor to None, run_after=None
[2023-12-06T09:37:46.011+0000] {processor.py:179} INFO - Processing /home/airflow/.local/lib/python3.8/site-packages/airflow/example_dags/example_local_kubernetes_executor.py took 0.092 seconds
[2023-12-06T09:38:16.743+0000] {processor.py:157} INFO - Started process (PID=267) to work on /home/airflow/.local/lib/python3.8/site-packages/airflow/example_dags/example_local_kubernetes_executor.py
[2023-12-06T09:38:16.745+0000] {processor.py:829} INFO - Processing file /home/airflow/.local/lib/python3.8/site-packages/airflow/example_dags/example_local_kubernetes_executor.py for tasks to queue
[2023-12-06T09:38:16.748+0000] {logging_mixin.py:154} INFO - [2023-12-06T09:38:16.748+0000] {dagbag.py:536} INFO - Filling up the DagBag from /home/airflow/.local/lib/python3.8/site-packages/airflow/example_dags/example_local_kubernetes_executor.py
[2023-12-06T09:38:16.757+0000] {processor.py:839} INFO - DAG(s) dict_keys(['example_local_kubernetes_executor']) retrieved from /home/airflow/.local/lib/python3.8/site-packages/airflow/example_dags/example_local_kubernetes_executor.py
[2023-12-06T09:38:16.791+0000] {logging_mixin.py:154} INFO - [2023-12-06T09:38:16.790+0000] {dag.py:2941} INFO - Sync 1 DAGs
[2023-12-06T09:38:16.805+0000] {logging_mixin.py:154} INFO - [2023-12-06T09:38:16.805+0000] {dag.py:3722} INFO - Setting next_dagrun for example_local_kubernetes_executor to None, run_after=None
[2023-12-06T09:38:16.823+0000] {processor.py:179} INFO - Processing /home/airflow/.local/lib/python3.8/site-packages/airflow/example_dags/example_local_kubernetes_executor.py took 0.084 seconds
[2023-12-06T09:38:47.738+0000] {processor.py:157} INFO - Started process (PID=322) to work on /home/airflow/.local/lib/python3.8/site-packages/airflow/example_dags/example_local_kubernetes_executor.py
[2023-12-06T09:38:47.739+0000] {processor.py:829} INFO - Processing file /home/airflow/.local/lib/python3.8/site-packages/airflow/example_dags/example_local_kubernetes_executor.py for tasks to queue
[2023-12-06T09:38:47.742+0000] {logging_mixin.py:154} INFO - [2023-12-06T09:38:47.741+0000] {dagbag.py:536} INFO - Filling up the DagBag from /home/airflow/.local/lib/python3.8/site-packages/airflow/example_dags/example_local_kubernetes_executor.py
[2023-12-06T09:38:47.751+0000] {processor.py:839} INFO - DAG(s) dict_keys(['example_local_kubernetes_executor']) retrieved from /home/airflow/.local/lib/python3.8/site-packages/airflow/example_dags/example_local_kubernetes_executor.py
[2023-12-06T09:38:47.786+0000] {logging_mixin.py:154} INFO - [2023-12-06T09:38:47.786+0000] {dag.py:2941} INFO - Sync 1 DAGs
[2023-12-06T09:38:47.800+0000] {logging_mixin.py:154} INFO - [2023-12-06T09:38:47.800+0000] {dag.py:3722} INFO - Setting next_dagrun for example_local_kubernetes_executor to None, run_after=None
[2023-12-06T09:38:47.818+0000] {processor.py:179} INFO - Processing /home/airflow/.local/lib/python3.8/site-packages/airflow/example_dags/example_local_kubernetes_executor.py took 0.084 seconds
[2023-12-06T09:39:17.941+0000] {processor.py:157} INFO - Started process (PID=376) to work on /home/airflow/.local/lib/python3.8/site-packages/airflow/example_dags/example_local_kubernetes_executor.py
[2023-12-06T09:39:17.942+0000] {processor.py:829} INFO - Processing file /home/airflow/.local/lib/python3.8/site-packages/airflow/example_dags/example_local_kubernetes_executor.py for tasks to queue
[2023-12-06T09:39:17.945+0000] {logging_mixin.py:154} INFO - [2023-12-06T09:39:17.944+0000] {dagbag.py:536} INFO - Filling up the DagBag from /home/airflow/.local/lib/python3.8/site-packages/airflow/example_dags/example_local_kubernetes_executor.py
[2023-12-06T09:39:17.954+0000] {processor.py:839} INFO - DAG(s) dict_keys(['example_local_kubernetes_executor']) retrieved from /home/airflow/.local/lib/python3.8/site-packages/airflow/example_dags/example_local_kubernetes_executor.py
[2023-12-06T09:39:17.988+0000] {logging_mixin.py:154} INFO - [2023-12-06T09:39:17.988+0000] {dag.py:2941} INFO - Sync 1 DAGs
[2023-12-06T09:39:18.002+0000] {logging_mixin.py:154} INFO - [2023-12-06T09:39:18.002+0000] {dag.py:3722} INFO - Setting next_dagrun for example_local_kubernetes_executor to None, run_after=None
[2023-12-06T09:39:18.021+0000] {processor.py:179} INFO - Processing /home/airflow/.local/lib/python3.8/site-packages/airflow/example_dags/example_local_kubernetes_executor.py took 0.084 seconds
[2023-12-06T09:39:48.068+0000] {processor.py:157} INFO - Started process (PID=430) to work on /home/airflow/.local/lib/python3.8/site-packages/airflow/example_dags/example_local_kubernetes_executor.py
[2023-12-06T09:39:48.070+0000] {processor.py:829} INFO - Processing file /home/airflow/.local/lib/python3.8/site-packages/airflow/example_dags/example_local_kubernetes_executor.py for tasks to queue
[2023-12-06T09:39:48.072+0000] {logging_mixin.py:154} INFO - [2023-12-06T09:39:48.072+0000] {dagbag.py:536} INFO - Filling up the DagBag from /home/airflow/.local/lib/python3.8/site-packages/airflow/example_dags/example_local_kubernetes_executor.py
[2023-12-06T09:39:48.081+0000] {processor.py:839} INFO - DAG(s) dict_keys(['example_local_kubernetes_executor']) retrieved from /home/airflow/.local/lib/python3.8/site-packages/airflow/example_dags/example_local_kubernetes_executor.py
[2023-12-06T09:39:48.116+0000] {logging_mixin.py:154} INFO - [2023-12-06T09:39:48.115+0000] {dag.py:2941} INFO - Sync 1 DAGs
[2023-12-06T09:39:48.129+0000] {logging_mixin.py:154} INFO - [2023-12-06T09:39:48.129+0000] {dag.py:3722} INFO - Setting next_dagrun for example_local_kubernetes_executor to None, run_after=None
[2023-12-06T09:39:48.146+0000] {processor.py:179} INFO - Processing /home/airflow/.local/lib/python3.8/site-packages/airflow/example_dags/example_local_kubernetes_executor.py took 0.082 seconds
[2023-12-06T09:40:18.436+0000] {processor.py:157} INFO - Started process (PID=485) to work on /home/airflow/.local/lib/python3.8/site-packages/airflow/example_dags/example_local_kubernetes_executor.py
[2023-12-06T09:40:18.438+0000] {processor.py:829} INFO - Processing file /home/airflow/.local/lib/python3.8/site-packages/airflow/example_dags/example_local_kubernetes_executor.py for tasks to queue
[2023-12-06T09:40:18.441+0000] {logging_mixin.py:154} INFO - [2023-12-06T09:40:18.440+0000] {dagbag.py:536} INFO - Filling up the DagBag from /home/airflow/.local/lib/python3.8/site-packages/airflow/example_dags/example_local_kubernetes_executor.py
[2023-12-06T09:40:18.450+0000] {processor.py:839} INFO - DAG(s) dict_keys(['example_local_kubernetes_executor']) retrieved from /home/airflow/.local/lib/python3.8/site-packages/airflow/example_dags/example_local_kubernetes_executor.py
[2023-12-06T09:40:18.491+0000] {logging_mixin.py:154} INFO - [2023-12-06T09:40:18.490+0000] {dag.py:2941} INFO - Sync 1 DAGs
[2023-12-06T09:40:18.506+0000] {logging_mixin.py:154} INFO - [2023-12-06T09:40:18.506+0000] {dag.py:3722} INFO - Setting next_dagrun for example_local_kubernetes_executor to None, run_after=None
[2023-12-06T09:40:18.527+0000] {processor.py:179} INFO - Processing /home/airflow/.local/lib/python3.8/site-packages/airflow/example_dags/example_local_kubernetes_executor.py took 0.095 seconds
[2023-12-06T09:40:48.725+0000] {processor.py:157} INFO - Started process (PID=539) to work on /home/airflow/.local/lib/python3.8/site-packages/airflow/example_dags/example_local_kubernetes_executor.py
[2023-12-06T09:40:48.726+0000] {processor.py:829} INFO - Processing file /home/airflow/.local/lib/python3.8/site-packages/airflow/example_dags/example_local_kubernetes_executor.py for tasks to queue
[2023-12-06T09:40:48.729+0000] {logging_mixin.py:154} INFO - [2023-12-06T09:40:48.729+0000] {dagbag.py:536} INFO - Filling up the DagBag from /home/airflow/.local/lib/python3.8/site-packages/airflow/example_dags/example_local_kubernetes_executor.py
[2023-12-06T09:40:48.738+0000] {processor.py:839} INFO - DAG(s) dict_keys(['example_local_kubernetes_executor']) retrieved from /home/airflow/.local/lib/python3.8/site-packages/airflow/example_dags/example_local_kubernetes_executor.py
[2023-12-06T09:40:48.777+0000] {logging_mixin.py:154} INFO - [2023-12-06T09:40:48.776+0000] {dag.py:2941} INFO - Sync 1 DAGs
[2023-12-06T09:40:48.792+0000] {logging_mixin.py:154} INFO - [2023-12-06T09:40:48.792+0000] {dag.py:3722} INFO - Setting next_dagrun for example_local_kubernetes_executor to None, run_after=None
[2023-12-06T09:40:48.812+0000] {processor.py:179} INFO - Processing /home/airflow/.local/lib/python3.8/site-packages/airflow/example_dags/example_local_kubernetes_executor.py took 0.091 seconds
[2023-12-06T09:41:18.923+0000] {processor.py:157} INFO - Started process (PID=593) to work on /home/airflow/.local/lib/python3.8/site-packages/airflow/example_dags/example_local_kubernetes_executor.py
[2023-12-06T09:41:18.933+0000] {processor.py:829} INFO - Processing file /home/airflow/.local/lib/python3.8/site-packages/airflow/example_dags/example_local_kubernetes_executor.py for tasks to queue
[2023-12-06T09:41:18.970+0000] {logging_mixin.py:154} INFO - [2023-12-06T09:41:18.970+0000] {dagbag.py:536} INFO - Filling up the DagBag from /home/airflow/.local/lib/python3.8/site-packages/airflow/example_dags/example_local_kubernetes_executor.py
[2023-12-06T09:41:19.001+0000] {processor.py:839} INFO - DAG(s) dict_keys(['example_local_kubernetes_executor']) retrieved from /home/airflow/.local/lib/python3.8/site-packages/airflow/example_dags/example_local_kubernetes_executor.py
[2023-12-06T09:41:19.037+0000] {logging_mixin.py:154} INFO - [2023-12-06T09:41:19.037+0000] {dag.py:2941} INFO - Sync 1 DAGs
[2023-12-06T09:41:19.053+0000] {logging_mixin.py:154} INFO - [2023-12-06T09:41:19.052+0000] {dag.py:3722} INFO - Setting next_dagrun for example_local_kubernetes_executor to None, run_after=None
[2023-12-06T09:41:19.071+0000] {processor.py:179} INFO - Processing /home/airflow/.local/lib/python3.8/site-packages/airflow/example_dags/example_local_kubernetes_executor.py took 0.151 seconds
[2023-12-06T09:41:49.418+0000] {processor.py:157} INFO - Started process (PID=647) to work on /home/airflow/.local/lib/python3.8/site-packages/airflow/example_dags/example_local_kubernetes_executor.py
[2023-12-06T09:41:49.420+0000] {processor.py:829} INFO - Processing file /home/airflow/.local/lib/python3.8/site-packages/airflow/example_dags/example_local_kubernetes_executor.py for tasks to queue
[2023-12-06T09:41:49.422+0000] {logging_mixin.py:154} INFO - [2023-12-06T09:41:49.422+0000] {dagbag.py:536} INFO - Filling up the DagBag from /home/airflow/.local/lib/python3.8/site-packages/airflow/example_dags/example_local_kubernetes_executor.py
[2023-12-06T09:41:49.432+0000] {processor.py:839} INFO - DAG(s) dict_keys(['example_local_kubernetes_executor']) retrieved from /home/airflow/.local/lib/python3.8/site-packages/airflow/example_dags/example_local_kubernetes_executor.py
[2023-12-06T09:41:49.466+0000] {logging_mixin.py:154} INFO - [2023-12-06T09:41:49.466+0000] {dag.py:2941} INFO - Sync 1 DAGs
[2023-12-06T09:41:49.481+0000] {logging_mixin.py:154} INFO - [2023-12-06T09:41:49.481+0000] {dag.py:3722} INFO - Setting next_dagrun for example_local_kubernetes_executor to None, run_after=None
[2023-12-06T09:41:49.499+0000] {processor.py:179} INFO - Processing /home/airflow/.local/lib/python3.8/site-packages/airflow/example_dags/example_local_kubernetes_executor.py took 0.085 seconds
[2023-12-06T09:42:19.615+0000] {processor.py:157} INFO - Started process (PID=701) to work on /home/airflow/.local/lib/python3.8/site-packages/airflow/example_dags/example_local_kubernetes_executor.py
[2023-12-06T09:42:19.616+0000] {processor.py:829} INFO - Processing file /home/airflow/.local/lib/python3.8/site-packages/airflow/example_dags/example_local_kubernetes_executor.py for tasks to queue
[2023-12-06T09:42:19.619+0000] {logging_mixin.py:154} INFO - [2023-12-06T09:42:19.619+0000] {dagbag.py:536} INFO - Filling up the DagBag from /home/airflow/.local/lib/python3.8/site-packages/airflow/example_dags/example_local_kubernetes_executor.py
[2023-12-06T09:42:19.627+0000] {processor.py:839} INFO - DAG(s) dict_keys(['example_local_kubernetes_executor']) retrieved from /home/airflow/.local/lib/python3.8/site-packages/airflow/example_dags/example_local_kubernetes_executor.py
[2023-12-06T09:42:19.662+0000] {logging_mixin.py:154} INFO - [2023-12-06T09:42:19.662+0000] {dag.py:2941} INFO - Sync 1 DAGs
[2023-12-06T09:42:19.676+0000] {logging_mixin.py:154} INFO - [2023-12-06T09:42:19.676+0000] {dag.py:3722} INFO - Setting next_dagrun for example_local_kubernetes_executor to None, run_after=None
[2023-12-06T09:42:19.694+0000] {processor.py:179} INFO - Processing /home/airflow/.local/lib/python3.8/site-packages/airflow/example_dags/example_local_kubernetes_executor.py took 0.083 seconds
[2023-12-06T09:42:50.126+0000] {processor.py:157} INFO - Started process (PID=755) to work on /home/airflow/.local/lib/python3.8/site-packages/airflow/example_dags/example_local_kubernetes_executor.py
[2023-12-06T09:42:50.127+0000] {processor.py:829} INFO - Processing file /home/airflow/.local/lib/python3.8/site-packages/airflow/example_dags/example_local_kubernetes_executor.py for tasks to queue
[2023-12-06T09:42:50.130+0000] {logging_mixin.py:154} INFO - [2023-12-06T09:42:50.130+0000] {dagbag.py:536} INFO - Filling up the DagBag from /home/airflow/.local/lib/python3.8/site-packages/airflow/example_dags/example_local_kubernetes_executor.py
[2023-12-06T09:42:50.138+0000] {processor.py:839} INFO - DAG(s) dict_keys(['example_local_kubernetes_executor']) retrieved from /home/airflow/.local/lib/python3.8/site-packages/airflow/example_dags/example_local_kubernetes_executor.py
[2023-12-06T09:42:50.171+0000] {logging_mixin.py:154} INFO - [2023-12-06T09:42:50.171+0000] {dag.py:2941} INFO - Sync 1 DAGs
[2023-12-06T09:42:50.185+0000] {logging_mixin.py:154} INFO - [2023-12-06T09:42:50.185+0000] {dag.py:3722} INFO - Setting next_dagrun for example_local_kubernetes_executor to None, run_after=None
[2023-12-06T09:42:50.203+0000] {processor.py:179} INFO - Processing /home/airflow/.local/lib/python3.8/site-packages/airflow/example_dags/example_local_kubernetes_executor.py took 0.081 seconds
[2023-12-06T09:43:20.329+0000] {processor.py:157} INFO - Started process (PID=810) to work on /home/airflow/.local/lib/python3.8/site-packages/airflow/example_dags/example_local_kubernetes_executor.py
[2023-12-06T09:43:20.331+0000] {processor.py:829} INFO - Processing file /home/airflow/.local/lib/python3.8/site-packages/airflow/example_dags/example_local_kubernetes_executor.py for tasks to queue
[2023-12-06T09:43:20.335+0000] {logging_mixin.py:154} INFO - [2023-12-06T09:43:20.334+0000] {dagbag.py:536} INFO - Filling up the DagBag from /home/airflow/.local/lib/python3.8/site-packages/airflow/example_dags/example_local_kubernetes_executor.py
[2023-12-06T09:43:20.344+0000] {processor.py:839} INFO - DAG(s) dict_keys(['example_local_kubernetes_executor']) retrieved from /home/airflow/.local/lib/python3.8/site-packages/airflow/example_dags/example_local_kubernetes_executor.py
[2023-12-06T09:43:20.379+0000] {logging_mixin.py:154} INFO - [2023-12-06T09:43:20.379+0000] {dag.py:2941} INFO - Sync 1 DAGs
[2023-12-06T09:43:20.392+0000] {logging_mixin.py:154} INFO - [2023-12-06T09:43:20.391+0000] {dag.py:3722} INFO - Setting next_dagrun for example_local_kubernetes_executor to None, run_after=None
[2023-12-06T09:43:20.409+0000] {processor.py:179} INFO - Processing /home/airflow/.local/lib/python3.8/site-packages/airflow/example_dags/example_local_kubernetes_executor.py took 0.082 seconds
[2023-12-06T09:43:51.314+0000] {processor.py:157} INFO - Started process (PID=864) to work on /home/airflow/.local/lib/python3.8/site-packages/airflow/example_dags/example_local_kubernetes_executor.py
[2023-12-06T09:43:51.315+0000] {processor.py:829} INFO - Processing file /home/airflow/.local/lib/python3.8/site-packages/airflow/example_dags/example_local_kubernetes_executor.py for tasks to queue
[2023-12-06T09:43:51.318+0000] {logging_mixin.py:154} INFO - [2023-12-06T09:43:51.318+0000] {dagbag.py:536} INFO - Filling up the DagBag from /home/airflow/.local/lib/python3.8/site-packages/airflow/example_dags/example_local_kubernetes_executor.py
[2023-12-06T09:43:51.327+0000] {processor.py:839} INFO - DAG(s) dict_keys(['example_local_kubernetes_executor']) retrieved from /home/airflow/.local/lib/python3.8/site-packages/airflow/example_dags/example_local_kubernetes_executor.py
[2023-12-06T09:43:51.362+0000] {logging_mixin.py:154} INFO - [2023-12-06T09:43:51.361+0000] {dag.py:2941} INFO - Sync 1 DAGs
[2023-12-06T09:43:51.375+0000] {logging_mixin.py:154} INFO - [2023-12-06T09:43:51.375+0000] {dag.py:3722} INFO - Setting next_dagrun for example_local_kubernetes_executor to None, run_after=None
[2023-12-06T09:43:51.393+0000] {processor.py:179} INFO - Processing /home/airflow/.local/lib/python3.8/site-packages/airflow/example_dags/example_local_kubernetes_executor.py took 0.083 seconds
[2023-12-06T09:44:21.507+0000] {processor.py:157} INFO - Started process (PID=918) to work on /home/airflow/.local/lib/python3.8/site-packages/airflow/example_dags/example_local_kubernetes_executor.py
[2023-12-06T09:44:21.509+0000] {processor.py:829} INFO - Processing file /home/airflow/.local/lib/python3.8/site-packages/airflow/example_dags/example_local_kubernetes_executor.py for tasks to queue
[2023-12-06T09:44:21.513+0000] {logging_mixin.py:154} INFO - [2023-12-06T09:44:21.512+0000] {dagbag.py:536} INFO - Filling up the DagBag from /home/airflow/.local/lib/python3.8/site-packages/airflow/example_dags/example_local_kubernetes_executor.py
[2023-12-06T09:44:21.525+0000] {processor.py:839} INFO - DAG(s) dict_keys(['example_local_kubernetes_executor']) retrieved from /home/airflow/.local/lib/python3.8/site-packages/airflow/example_dags/example_local_kubernetes_executor.py
[2023-12-06T09:44:21.595+0000] {logging_mixin.py:154} INFO - [2023-12-06T09:44:21.595+0000] {dag.py:2941} INFO - Sync 1 DAGs
[2023-12-06T09:44:21.620+0000] {logging_mixin.py:154} INFO - [2023-12-06T09:44:21.620+0000] {dag.py:3722} INFO - Setting next_dagrun for example_local_kubernetes_executor to None, run_after=None
[2023-12-06T09:44:21.664+0000] {processor.py:179} INFO - Processing /home/airflow/.local/lib/python3.8/site-packages/airflow/example_dags/example_local_kubernetes_executor.py took 0.161 seconds
[2023-12-06T09:44:52.670+0000] {processor.py:157} INFO - Started process (PID=972) to work on /home/airflow/.local/lib/python3.8/site-packages/airflow/example_dags/example_local_kubernetes_executor.py
[2023-12-06T09:44:52.672+0000] {processor.py:829} INFO - Processing file /home/airflow/.local/lib/python3.8/site-packages/airflow/example_dags/example_local_kubernetes_executor.py for tasks to queue
[2023-12-06T09:44:52.676+0000] {logging_mixin.py:154} INFO - [2023-12-06T09:44:52.675+0000] {dagbag.py:536} INFO - Filling up the DagBag from /home/airflow/.local/lib/python3.8/site-packages/airflow/example_dags/example_local_kubernetes_executor.py
[2023-12-06T09:44:52.686+0000] {processor.py:839} INFO - DAG(s) dict_keys(['example_local_kubernetes_executor']) retrieved from /home/airflow/.local/lib/python3.8/site-packages/airflow/example_dags/example_local_kubernetes_executor.py
[2023-12-06T09:44:52.726+0000] {logging_mixin.py:154} INFO - [2023-12-06T09:44:52.726+0000] {dag.py:2941} INFO - Sync 1 DAGs
[2023-12-06T09:44:52.741+0000] {logging_mixin.py:154} INFO - [2023-12-06T09:44:52.740+0000] {dag.py:3722} INFO - Setting next_dagrun for example_local_kubernetes_executor to None, run_after=None
[2023-12-06T09:44:52.759+0000] {processor.py:179} INFO - Processing /home/airflow/.local/lib/python3.8/site-packages/airflow/example_dags/example_local_kubernetes_executor.py took 0.094 seconds
[2023-12-06T09:45:22.876+0000] {processor.py:157} INFO - Started process (PID=1026) to work on /home/airflow/.local/lib/python3.8/site-packages/airflow/example_dags/example_local_kubernetes_executor.py
[2023-12-06T09:45:22.878+0000] {processor.py:829} INFO - Processing file /home/airflow/.local/lib/python3.8/site-packages/airflow/example_dags/example_local_kubernetes_executor.py for tasks to queue
[2023-12-06T09:45:22.881+0000] {logging_mixin.py:154} INFO - [2023-12-06T09:45:22.880+0000] {dagbag.py:536} INFO - Filling up the DagBag from /home/airflow/.local/lib/python3.8/site-packages/airflow/example_dags/example_local_kubernetes_executor.py
[2023-12-06T09:45:22.891+0000] {processor.py:839} INFO - DAG(s) dict_keys(['example_local_kubernetes_executor']) retrieved from /home/airflow/.local/lib/python3.8/site-packages/airflow/example_dags/example_local_kubernetes_executor.py
[2023-12-06T09:45:22.933+0000] {logging_mixin.py:154} INFO - [2023-12-06T09:45:22.933+0000] {dag.py:2941} INFO - Sync 1 DAGs
[2023-12-06T09:45:22.946+0000] {logging_mixin.py:154} INFO - [2023-12-06T09:45:22.946+0000] {dag.py:3722} INFO - Setting next_dagrun for example_local_kubernetes_executor to None, run_after=None
[2023-12-06T09:45:22.967+0000] {processor.py:179} INFO - Processing /home/airflow/.local/lib/python3.8/site-packages/airflow/example_dags/example_local_kubernetes_executor.py took 0.095 seconds
[2023-12-06T09:45:53.135+0000] {processor.py:157} INFO - Started process (PID=1092) to work on /home/airflow/.local/lib/python3.8/site-packages/airflow/example_dags/example_local_kubernetes_executor.py
[2023-12-06T09:45:53.137+0000] {processor.py:829} INFO - Processing file /home/airflow/.local/lib/python3.8/site-packages/airflow/example_dags/example_local_kubernetes_executor.py for tasks to queue
[2023-12-06T09:45:53.140+0000] {logging_mixin.py:154} INFO - [2023-12-06T09:45:53.139+0000] {dagbag.py:536} INFO - Filling up the DagBag from /home/airflow/.local/lib/python3.8/site-packages/airflow/example_dags/example_local_kubernetes_executor.py
[2023-12-06T09:45:53.150+0000] {processor.py:839} INFO - DAG(s) dict_keys(['example_local_kubernetes_executor']) retrieved from /home/airflow/.local/lib/python3.8/site-packages/airflow/example_dags/example_local_kubernetes_executor.py
[2023-12-06T09:45:53.192+0000] {logging_mixin.py:154} INFO - [2023-12-06T09:45:53.192+0000] {dag.py:2941} INFO - Sync 1 DAGs
[2023-12-06T09:45:53.210+0000] {logging_mixin.py:154} INFO - [2023-12-06T09:45:53.210+0000] {dag.py:3722} INFO - Setting next_dagrun for example_local_kubernetes_executor to None, run_after=None
[2023-12-06T09:45:53.234+0000] {processor.py:179} INFO - Processing /home/airflow/.local/lib/python3.8/site-packages/airflow/example_dags/example_local_kubernetes_executor.py took 0.106 seconds
[2023-12-06T09:46:23.427+0000] {processor.py:157} INFO - Started process (PID=1149) to work on /home/airflow/.local/lib/python3.8/site-packages/airflow/example_dags/example_local_kubernetes_executor.py
[2023-12-06T09:46:23.430+0000] {processor.py:829} INFO - Processing file /home/airflow/.local/lib/python3.8/site-packages/airflow/example_dags/example_local_kubernetes_executor.py for tasks to queue
[2023-12-06T09:46:23.433+0000] {logging_mixin.py:154} INFO - [2023-12-06T09:46:23.433+0000] {dagbag.py:536} INFO - Filling up the DagBag from /home/airflow/.local/lib/python3.8/site-packages/airflow/example_dags/example_local_kubernetes_executor.py
[2023-12-06T09:46:23.444+0000] {processor.py:839} INFO - DAG(s) dict_keys(['example_local_kubernetes_executor']) retrieved from /home/airflow/.local/lib/python3.8/site-packages/airflow/example_dags/example_local_kubernetes_executor.py
[2023-12-06T09:46:23.480+0000] {logging_mixin.py:154} INFO - [2023-12-06T09:46:23.480+0000] {dag.py:2941} INFO - Sync 1 DAGs
[2023-12-06T09:46:23.495+0000] {logging_mixin.py:154} INFO - [2023-12-06T09:46:23.495+0000] {dag.py:3722} INFO - Setting next_dagrun for example_local_kubernetes_executor to None, run_after=None
[2023-12-06T09:46:23.513+0000] {processor.py:179} INFO - Processing /home/airflow/.local/lib/python3.8/site-packages/airflow/example_dags/example_local_kubernetes_executor.py took 0.091 seconds
[2023-12-06T09:46:54.078+0000] {processor.py:157} INFO - Started process (PID=1204) to work on /home/airflow/.local/lib/python3.8/site-packages/airflow/example_dags/example_local_kubernetes_executor.py
[2023-12-06T09:46:54.080+0000] {processor.py:829} INFO - Processing file /home/airflow/.local/lib/python3.8/site-packages/airflow/example_dags/example_local_kubernetes_executor.py for tasks to queue
[2023-12-06T09:46:54.083+0000] {logging_mixin.py:154} INFO - [2023-12-06T09:46:54.083+0000] {dagbag.py:536} INFO - Filling up the DagBag from /home/airflow/.local/lib/python3.8/site-packages/airflow/example_dags/example_local_kubernetes_executor.py
[2023-12-06T09:46:54.093+0000] {processor.py:839} INFO - DAG(s) dict_keys(['example_local_kubernetes_executor']) retrieved from /home/airflow/.local/lib/python3.8/site-packages/airflow/example_dags/example_local_kubernetes_executor.py
[2023-12-06T09:46:54.127+0000] {logging_mixin.py:154} INFO - [2023-12-06T09:46:54.127+0000] {dag.py:2941} INFO - Sync 1 DAGs
[2023-12-06T09:46:54.141+0000] {logging_mixin.py:154} INFO - [2023-12-06T09:46:54.141+0000] {dag.py:3722} INFO - Setting next_dagrun for example_local_kubernetes_executor to None, run_after=None
[2023-12-06T09:46:54.163+0000] {processor.py:179} INFO - Processing /home/airflow/.local/lib/python3.8/site-packages/airflow/example_dags/example_local_kubernetes_executor.py took 0.090 seconds
[2023-12-06T09:47:24.295+0000] {processor.py:157} INFO - Started process (PID=1260) to work on /home/airflow/.local/lib/python3.8/site-packages/airflow/example_dags/example_local_kubernetes_executor.py
[2023-12-06T09:47:24.297+0000] {processor.py:829} INFO - Processing file /home/airflow/.local/lib/python3.8/site-packages/airflow/example_dags/example_local_kubernetes_executor.py for tasks to queue
[2023-12-06T09:47:24.299+0000] {logging_mixin.py:154} INFO - [2023-12-06T09:47:24.298+0000] {dagbag.py:536} INFO - Filling up the DagBag from /home/airflow/.local/lib/python3.8/site-packages/airflow/example_dags/example_local_kubernetes_executor.py
[2023-12-06T09:47:24.309+0000] {processor.py:839} INFO - DAG(s) dict_keys(['example_local_kubernetes_executor']) retrieved from /home/airflow/.local/lib/python3.8/site-packages/airflow/example_dags/example_local_kubernetes_executor.py
[2023-12-06T09:47:24.347+0000] {logging_mixin.py:154} INFO - [2023-12-06T09:47:24.346+0000] {dag.py:2941} INFO - Sync 1 DAGs
[2023-12-06T09:47:24.360+0000] {logging_mixin.py:154} INFO - [2023-12-06T09:47:24.360+0000] {dag.py:3722} INFO - Setting next_dagrun for example_local_kubernetes_executor to None, run_after=None
[2023-12-06T09:47:24.379+0000] {processor.py:179} INFO - Processing /home/airflow/.local/lib/python3.8/site-packages/airflow/example_dags/example_local_kubernetes_executor.py took 0.090 seconds
[2023-12-06T09:47:54.830+0000] {processor.py:157} INFO - Started process (PID=1318) to work on /home/airflow/.local/lib/python3.8/site-packages/airflow/example_dags/example_local_kubernetes_executor.py
[2023-12-06T09:47:54.833+0000] {processor.py:829} INFO - Processing file /home/airflow/.local/lib/python3.8/site-packages/airflow/example_dags/example_local_kubernetes_executor.py for tasks to queue
[2023-12-06T09:47:54.834+0000] {logging_mixin.py:154} INFO - [2023-12-06T09:47:54.834+0000] {dagbag.py:536} INFO - Filling up the DagBag from /home/airflow/.local/lib/python3.8/site-packages/airflow/example_dags/example_local_kubernetes_executor.py
[2023-12-06T09:47:54.844+0000] {processor.py:839} INFO - DAG(s) dict_keys(['example_local_kubernetes_executor']) retrieved from /home/airflow/.local/lib/python3.8/site-packages/airflow/example_dags/example_local_kubernetes_executor.py
[2023-12-06T09:47:54.882+0000] {logging_mixin.py:154} INFO - [2023-12-06T09:47:54.881+0000] {dag.py:2941} INFO - Sync 1 DAGs
[2023-12-06T09:47:55.028+0000] {logging_mixin.py:154} INFO - [2023-12-06T09:47:55.028+0000] {dag.py:3722} INFO - Setting next_dagrun for example_local_kubernetes_executor to None, run_after=None
[2023-12-06T09:47:55.050+0000] {processor.py:179} INFO - Processing /home/airflow/.local/lib/python3.8/site-packages/airflow/example_dags/example_local_kubernetes_executor.py took 0.225 seconds
[2023-12-06T09:48:25.797+0000] {processor.py:157} INFO - Started process (PID=1379) to work on /home/airflow/.local/lib/python3.8/site-packages/airflow/example_dags/example_local_kubernetes_executor.py
[2023-12-06T09:48:25.799+0000] {processor.py:829} INFO - Processing file /home/airflow/.local/lib/python3.8/site-packages/airflow/example_dags/example_local_kubernetes_executor.py for tasks to queue
[2023-12-06T09:48:25.801+0000] {logging_mixin.py:154} INFO - [2023-12-06T09:48:25.800+0000] {dagbag.py:536} INFO - Filling up the DagBag from /home/airflow/.local/lib/python3.8/site-packages/airflow/example_dags/example_local_kubernetes_executor.py
[2023-12-06T09:48:25.810+0000] {processor.py:839} INFO - DAG(s) dict_keys(['example_local_kubernetes_executor']) retrieved from /home/airflow/.local/lib/python3.8/site-packages/airflow/example_dags/example_local_kubernetes_executor.py
[2023-12-06T09:48:25.912+0000] {logging_mixin.py:154} INFO - [2023-12-06T09:48:25.912+0000] {dag.py:2941} INFO - Sync 1 DAGs
[2023-12-06T09:48:25.944+0000] {logging_mixin.py:154} INFO - [2023-12-06T09:48:25.944+0000] {dag.py:3722} INFO - Setting next_dagrun for example_local_kubernetes_executor to None, run_after=None
[2023-12-06T09:48:26.193+0000] {processor.py:179} INFO - Processing /home/airflow/.local/lib/python3.8/site-packages/airflow/example_dags/example_local_kubernetes_executor.py took 0.400 seconds
[2023-12-06T09:48:56.827+0000] {processor.py:157} INFO - Started process (PID=1435) to work on /home/airflow/.local/lib/python3.8/site-packages/airflow/example_dags/example_local_kubernetes_executor.py
[2023-12-06T09:48:56.828+0000] {processor.py:829} INFO - Processing file /home/airflow/.local/lib/python3.8/site-packages/airflow/example_dags/example_local_kubernetes_executor.py for tasks to queue
[2023-12-06T09:48:56.830+0000] {logging_mixin.py:154} INFO - [2023-12-06T09:48:56.829+0000] {dagbag.py:536} INFO - Filling up the DagBag from /home/airflow/.local/lib/python3.8/site-packages/airflow/example_dags/example_local_kubernetes_executor.py
[2023-12-06T09:48:56.840+0000] {processor.py:839} INFO - DAG(s) dict_keys(['example_local_kubernetes_executor']) retrieved from /home/airflow/.local/lib/python3.8/site-packages/airflow/example_dags/example_local_kubernetes_executor.py
[2023-12-06T09:48:56.877+0000] {logging_mixin.py:154} INFO - [2023-12-06T09:48:56.876+0000] {dag.py:2941} INFO - Sync 1 DAGs
[2023-12-06T09:48:56.890+0000] {logging_mixin.py:154} INFO - [2023-12-06T09:48:56.890+0000] {dag.py:3722} INFO - Setting next_dagrun for example_local_kubernetes_executor to None, run_after=None
[2023-12-06T09:48:56.910+0000] {processor.py:179} INFO - Processing /home/airflow/.local/lib/python3.8/site-packages/airflow/example_dags/example_local_kubernetes_executor.py took 0.088 seconds
[2023-12-06T09:49:27.280+0000] {processor.py:157} INFO - Started process (PID=1491) to work on /home/airflow/.local/lib/python3.8/site-packages/airflow/example_dags/example_local_kubernetes_executor.py
[2023-12-06T09:49:27.284+0000] {processor.py:829} INFO - Processing file /home/airflow/.local/lib/python3.8/site-packages/airflow/example_dags/example_local_kubernetes_executor.py for tasks to queue
[2023-12-06T09:49:27.286+0000] {logging_mixin.py:154} INFO - [2023-12-06T09:49:27.286+0000] {dagbag.py:536} INFO - Filling up the DagBag from /home/airflow/.local/lib/python3.8/site-packages/airflow/example_dags/example_local_kubernetes_executor.py
[2023-12-06T09:49:27.297+0000] {processor.py:839} INFO - DAG(s) dict_keys(['example_local_kubernetes_executor']) retrieved from /home/airflow/.local/lib/python3.8/site-packages/airflow/example_dags/example_local_kubernetes_executor.py
[2023-12-06T09:49:27.340+0000] {logging_mixin.py:154} INFO - [2023-12-06T09:49:27.340+0000] {dag.py:2941} INFO - Sync 1 DAGs
[2023-12-06T09:49:27.373+0000] {logging_mixin.py:154} INFO - [2023-12-06T09:49:27.373+0000] {dag.py:3722} INFO - Setting next_dagrun for example_local_kubernetes_executor to None, run_after=None
[2023-12-06T09:49:27.393+0000] {processor.py:179} INFO - Processing /home/airflow/.local/lib/python3.8/site-packages/airflow/example_dags/example_local_kubernetes_executor.py took 0.119 seconds
[2023-12-06T09:49:57.855+0000] {processor.py:157} INFO - Started process (PID=1547) to work on /home/airflow/.local/lib/python3.8/site-packages/airflow/example_dags/example_local_kubernetes_executor.py
[2023-12-06T09:49:57.856+0000] {processor.py:829} INFO - Processing file /home/airflow/.local/lib/python3.8/site-packages/airflow/example_dags/example_local_kubernetes_executor.py for tasks to queue
[2023-12-06T09:49:57.858+0000] {logging_mixin.py:154} INFO - [2023-12-06T09:49:57.857+0000] {dagbag.py:536} INFO - Filling up the DagBag from /home/airflow/.local/lib/python3.8/site-packages/airflow/example_dags/example_local_kubernetes_executor.py
[2023-12-06T09:49:57.868+0000] {processor.py:839} INFO - DAG(s) dict_keys(['example_local_kubernetes_executor']) retrieved from /home/airflow/.local/lib/python3.8/site-packages/airflow/example_dags/example_local_kubernetes_executor.py
[2023-12-06T09:49:57.915+0000] {logging_mixin.py:154} INFO - [2023-12-06T09:49:57.915+0000] {dag.py:2941} INFO - Sync 1 DAGs
[2023-12-06T09:49:58.073+0000] {logging_mixin.py:154} INFO - [2023-12-06T09:49:58.073+0000] {dag.py:3722} INFO - Setting next_dagrun for example_local_kubernetes_executor to None, run_after=None
[2023-12-06T09:49:58.092+0000] {processor.py:179} INFO - Processing /home/airflow/.local/lib/python3.8/site-packages/airflow/example_dags/example_local_kubernetes_executor.py took 0.242 seconds
[2023-12-06T09:50:29.044+0000] {processor.py:157} INFO - Started process (PID=1610) to work on /home/airflow/.local/lib/python3.8/site-packages/airflow/example_dags/example_local_kubernetes_executor.py
[2023-12-06T09:50:29.045+0000] {processor.py:829} INFO - Processing file /home/airflow/.local/lib/python3.8/site-packages/airflow/example_dags/example_local_kubernetes_executor.py for tasks to queue
[2023-12-06T09:50:29.046+0000] {logging_mixin.py:154} INFO - [2023-12-06T09:50:29.046+0000] {dagbag.py:536} INFO - Filling up the DagBag from /home/airflow/.local/lib/python3.8/site-packages/airflow/example_dags/example_local_kubernetes_executor.py
[2023-12-06T09:50:29.057+0000] {processor.py:839} INFO - DAG(s) dict_keys(['example_local_kubernetes_executor']) retrieved from /home/airflow/.local/lib/python3.8/site-packages/airflow/example_dags/example_local_kubernetes_executor.py
[2023-12-06T09:50:29.093+0000] {logging_mixin.py:154} INFO - [2023-12-06T09:50:29.093+0000] {dag.py:2941} INFO - Sync 1 DAGs
[2023-12-06T09:50:29.108+0000] {logging_mixin.py:154} INFO - [2023-12-06T09:50:29.108+0000] {dag.py:3722} INFO - Setting next_dagrun for example_local_kubernetes_executor to None, run_after=None
[2023-12-06T09:50:29.270+0000] {processor.py:179} INFO - Processing /home/airflow/.local/lib/python3.8/site-packages/airflow/example_dags/example_local_kubernetes_executor.py took 0.231 seconds
