[2023-12-06T09:36:11.276+0000] {processor.py:157} INFO - Started process (PID=34) to work on /home/airflow/.local/lib/python3.8/site-packages/airflow/example_dags/example_nested_branch_dag.py
[2023-12-06T09:36:11.277+0000] {processor.py:829} INFO - Processing file /home/airflow/.local/lib/python3.8/site-packages/airflow/example_dags/example_nested_branch_dag.py for tasks to queue
[2023-12-06T09:36:11.281+0000] {logging_mixin.py:154} INFO - [2023-12-06T09:36:11.280+0000] {dagbag.py:536} INFO - Filling up the DagBag from /home/airflow/.local/lib/python3.8/site-packages/airflow/example_dags/example_nested_branch_dag.py
[2023-12-06T09:36:11.301+0000] {processor.py:839} INFO - DAG(s) dict_keys(['example_nested_branch_dag']) retrieved from /home/airflow/.local/lib/python3.8/site-packages/airflow/example_dags/example_nested_branch_dag.py
[2023-12-06T09:36:11.421+0000] {logging_mixin.py:154} INFO - [2023-12-06T09:36:11.421+0000] {manager.py:499} INFO - Created Permission View: %s
[2023-12-06T09:36:11.433+0000] {logging_mixin.py:154} INFO - [2023-12-06T09:36:11.433+0000] {manager.py:499} INFO - Created Permission View: %s
[2023-12-06T09:36:11.439+0000] {logging_mixin.py:154} INFO - [2023-12-06T09:36:11.439+0000] {manager.py:499} INFO - Created Permission View: %s
[2023-12-06T09:36:11.440+0000] {logging_mixin.py:154} INFO - [2023-12-06T09:36:11.440+0000] {dag.py:2941} INFO - Sync 1 DAGs
[2023-12-06T09:36:11.467+0000] {logging_mixin.py:154} INFO - [2023-12-06T09:36:11.467+0000] {dag.py:2963} INFO - Creating ORM DAG for example_nested_branch_dag
[2023-12-06T09:36:11.490+0000] {logging_mixin.py:154} INFO - [2023-12-06T09:36:11.490+0000] {dag.py:3722} INFO - Setting next_dagrun for example_nested_branch_dag to 2023-12-05T00:00:00+00:00, run_after=2023-12-06T00:00:00+00:00
[2023-12-06T09:36:11.524+0000] {processor.py:179} INFO - Processing /home/airflow/.local/lib/python3.8/site-packages/airflow/example_dags/example_nested_branch_dag.py took 0.254 seconds
[2023-12-06T09:36:42.009+0000] {processor.py:157} INFO - Started process (PID=88) to work on /home/airflow/.local/lib/python3.8/site-packages/airflow/example_dags/example_nested_branch_dag.py
[2023-12-06T09:36:42.011+0000] {processor.py:829} INFO - Processing file /home/airflow/.local/lib/python3.8/site-packages/airflow/example_dags/example_nested_branch_dag.py for tasks to queue
[2023-12-06T09:36:42.014+0000] {logging_mixin.py:154} INFO - [2023-12-06T09:36:42.014+0000] {dagbag.py:536} INFO - Filling up the DagBag from /home/airflow/.local/lib/python3.8/site-packages/airflow/example_dags/example_nested_branch_dag.py
[2023-12-06T09:36:42.026+0000] {processor.py:839} INFO - DAG(s) dict_keys(['example_nested_branch_dag']) retrieved from /home/airflow/.local/lib/python3.8/site-packages/airflow/example_dags/example_nested_branch_dag.py
[2023-12-06T09:36:42.049+0000] {logging_mixin.py:154} INFO - [2023-12-06T09:36:42.049+0000] {dag.py:2941} INFO - Sync 1 DAGs
[2023-12-06T09:36:42.074+0000] {logging_mixin.py:154} INFO - [2023-12-06T09:36:42.073+0000] {dag.py:3722} INFO - Setting next_dagrun for example_nested_branch_dag to 2023-12-05T00:00:00+00:00, run_after=2023-12-06T00:00:00+00:00
[2023-12-06T09:36:42.091+0000] {processor.py:179} INFO - Processing /home/airflow/.local/lib/python3.8/site-packages/airflow/example_dags/example_nested_branch_dag.py took 0.085 seconds
[2023-12-06T09:37:12.252+0000] {processor.py:157} INFO - Started process (PID=142) to work on /home/airflow/.local/lib/python3.8/site-packages/airflow/example_dags/example_nested_branch_dag.py
[2023-12-06T09:37:12.253+0000] {processor.py:829} INFO - Processing file /home/airflow/.local/lib/python3.8/site-packages/airflow/example_dags/example_nested_branch_dag.py for tasks to queue
[2023-12-06T09:37:12.257+0000] {logging_mixin.py:154} INFO - [2023-12-06T09:37:12.256+0000] {dagbag.py:536} INFO - Filling up the DagBag from /home/airflow/.local/lib/python3.8/site-packages/airflow/example_dags/example_nested_branch_dag.py
[2023-12-06T09:37:12.268+0000] {processor.py:839} INFO - DAG(s) dict_keys(['example_nested_branch_dag']) retrieved from /home/airflow/.local/lib/python3.8/site-packages/airflow/example_dags/example_nested_branch_dag.py
[2023-12-06T09:37:12.290+0000] {logging_mixin.py:154} INFO - [2023-12-06T09:37:12.290+0000] {dag.py:2941} INFO - Sync 1 DAGs
[2023-12-06T09:37:12.314+0000] {logging_mixin.py:154} INFO - [2023-12-06T09:37:12.313+0000] {dag.py:3722} INFO - Setting next_dagrun for example_nested_branch_dag to 2023-12-05T00:00:00+00:00, run_after=2023-12-06T00:00:00+00:00
[2023-12-06T09:37:12.331+0000] {processor.py:179} INFO - Processing /home/airflow/.local/lib/python3.8/site-packages/airflow/example_dags/example_nested_branch_dag.py took 0.082 seconds
[2023-12-06T09:37:42.957+0000] {processor.py:157} INFO - Started process (PID=196) to work on /home/airflow/.local/lib/python3.8/site-packages/airflow/example_dags/example_nested_branch_dag.py
[2023-12-06T09:37:42.958+0000] {processor.py:829} INFO - Processing file /home/airflow/.local/lib/python3.8/site-packages/airflow/example_dags/example_nested_branch_dag.py for tasks to queue
[2023-12-06T09:37:42.961+0000] {logging_mixin.py:154} INFO - [2023-12-06T09:37:42.960+0000] {dagbag.py:536} INFO - Filling up the DagBag from /home/airflow/.local/lib/python3.8/site-packages/airflow/example_dags/example_nested_branch_dag.py
[2023-12-06T09:37:42.972+0000] {processor.py:839} INFO - DAG(s) dict_keys(['example_nested_branch_dag']) retrieved from /home/airflow/.local/lib/python3.8/site-packages/airflow/example_dags/example_nested_branch_dag.py
[2023-12-06T09:37:43.003+0000] {logging_mixin.py:154} INFO - [2023-12-06T09:37:43.003+0000] {dag.py:2941} INFO - Sync 1 DAGs
[2023-12-06T09:37:43.030+0000] {logging_mixin.py:154} INFO - [2023-12-06T09:37:43.030+0000] {dag.py:3722} INFO - Setting next_dagrun for example_nested_branch_dag to 2023-12-05T00:00:00+00:00, run_after=2023-12-06T00:00:00+00:00
[2023-12-06T09:37:43.050+0000] {processor.py:179} INFO - Processing /home/airflow/.local/lib/python3.8/site-packages/airflow/example_dags/example_nested_branch_dag.py took 0.097 seconds
[2023-12-06T09:38:13.837+0000] {processor.py:157} INFO - Started process (PID=250) to work on /home/airflow/.local/lib/python3.8/site-packages/airflow/example_dags/example_nested_branch_dag.py
[2023-12-06T09:38:13.838+0000] {processor.py:829} INFO - Processing file /home/airflow/.local/lib/python3.8/site-packages/airflow/example_dags/example_nested_branch_dag.py for tasks to queue
[2023-12-06T09:38:13.841+0000] {logging_mixin.py:154} INFO - [2023-12-06T09:38:13.841+0000] {dagbag.py:536} INFO - Filling up the DagBag from /home/airflow/.local/lib/python3.8/site-packages/airflow/example_dags/example_nested_branch_dag.py
[2023-12-06T09:38:13.852+0000] {processor.py:839} INFO - DAG(s) dict_keys(['example_nested_branch_dag']) retrieved from /home/airflow/.local/lib/python3.8/site-packages/airflow/example_dags/example_nested_branch_dag.py
[2023-12-06T09:38:13.876+0000] {logging_mixin.py:154} INFO - [2023-12-06T09:38:13.875+0000] {dag.py:2941} INFO - Sync 1 DAGs
[2023-12-06T09:38:13.901+0000] {logging_mixin.py:154} INFO - [2023-12-06T09:38:13.900+0000] {dag.py:3722} INFO - Setting next_dagrun for example_nested_branch_dag to 2023-12-05T00:00:00+00:00, run_after=2023-12-06T00:00:00+00:00
[2023-12-06T09:38:13.917+0000] {processor.py:179} INFO - Processing /home/airflow/.local/lib/python3.8/site-packages/airflow/example_dags/example_nested_branch_dag.py took 0.084 seconds
[2023-12-06T09:38:44.823+0000] {processor.py:157} INFO - Started process (PID=305) to work on /home/airflow/.local/lib/python3.8/site-packages/airflow/example_dags/example_nested_branch_dag.py
[2023-12-06T09:38:44.825+0000] {processor.py:829} INFO - Processing file /home/airflow/.local/lib/python3.8/site-packages/airflow/example_dags/example_nested_branch_dag.py for tasks to queue
[2023-12-06T09:38:44.828+0000] {logging_mixin.py:154} INFO - [2023-12-06T09:38:44.828+0000] {dagbag.py:536} INFO - Filling up the DagBag from /home/airflow/.local/lib/python3.8/site-packages/airflow/example_dags/example_nested_branch_dag.py
[2023-12-06T09:38:44.839+0000] {processor.py:839} INFO - DAG(s) dict_keys(['example_nested_branch_dag']) retrieved from /home/airflow/.local/lib/python3.8/site-packages/airflow/example_dags/example_nested_branch_dag.py
[2023-12-06T09:38:44.862+0000] {logging_mixin.py:154} INFO - [2023-12-06T09:38:44.862+0000] {dag.py:2941} INFO - Sync 1 DAGs
[2023-12-06T09:38:44.886+0000] {logging_mixin.py:154} INFO - [2023-12-06T09:38:44.886+0000] {dag.py:3722} INFO - Setting next_dagrun for example_nested_branch_dag to 2023-12-05T00:00:00+00:00, run_after=2023-12-06T00:00:00+00:00
[2023-12-06T09:38:44.903+0000] {processor.py:179} INFO - Processing /home/airflow/.local/lib/python3.8/site-packages/airflow/example_dags/example_nested_branch_dag.py took 0.083 seconds
[2023-12-06T09:39:15.883+0000] {processor.py:157} INFO - Started process (PID=359) to work on /home/airflow/.local/lib/python3.8/site-packages/airflow/example_dags/example_nested_branch_dag.py
[2023-12-06T09:39:15.885+0000] {processor.py:829} INFO - Processing file /home/airflow/.local/lib/python3.8/site-packages/airflow/example_dags/example_nested_branch_dag.py for tasks to queue
[2023-12-06T09:39:15.887+0000] {logging_mixin.py:154} INFO - [2023-12-06T09:39:15.887+0000] {dagbag.py:536} INFO - Filling up the DagBag from /home/airflow/.local/lib/python3.8/site-packages/airflow/example_dags/example_nested_branch_dag.py
[2023-12-06T09:39:15.898+0000] {processor.py:839} INFO - DAG(s) dict_keys(['example_nested_branch_dag']) retrieved from /home/airflow/.local/lib/python3.8/site-packages/airflow/example_dags/example_nested_branch_dag.py
[2023-12-06T09:39:15.920+0000] {logging_mixin.py:154} INFO - [2023-12-06T09:39:15.920+0000] {dag.py:2941} INFO - Sync 1 DAGs
[2023-12-06T09:39:15.944+0000] {logging_mixin.py:154} INFO - [2023-12-06T09:39:15.944+0000] {dag.py:3722} INFO - Setting next_dagrun for example_nested_branch_dag to 2023-12-05T00:00:00+00:00, run_after=2023-12-06T00:00:00+00:00
[2023-12-06T09:39:15.961+0000] {processor.py:179} INFO - Processing /home/airflow/.local/lib/python3.8/site-packages/airflow/example_dags/example_nested_branch_dag.py took 0.081 seconds
[2023-12-06T09:39:46.025+0000] {processor.py:157} INFO - Started process (PID=413) to work on /home/airflow/.local/lib/python3.8/site-packages/airflow/example_dags/example_nested_branch_dag.py
[2023-12-06T09:39:46.027+0000] {processor.py:829} INFO - Processing file /home/airflow/.local/lib/python3.8/site-packages/airflow/example_dags/example_nested_branch_dag.py for tasks to queue
[2023-12-06T09:39:46.031+0000] {logging_mixin.py:154} INFO - [2023-12-06T09:39:46.030+0000] {dagbag.py:536} INFO - Filling up the DagBag from /home/airflow/.local/lib/python3.8/site-packages/airflow/example_dags/example_nested_branch_dag.py
[2023-12-06T09:39:46.043+0000] {processor.py:839} INFO - DAG(s) dict_keys(['example_nested_branch_dag']) retrieved from /home/airflow/.local/lib/python3.8/site-packages/airflow/example_dags/example_nested_branch_dag.py
[2023-12-06T09:39:46.066+0000] {logging_mixin.py:154} INFO - [2023-12-06T09:39:46.065+0000] {dag.py:2941} INFO - Sync 1 DAGs
[2023-12-06T09:39:46.090+0000] {logging_mixin.py:154} INFO - [2023-12-06T09:39:46.090+0000] {dag.py:3722} INFO - Setting next_dagrun for example_nested_branch_dag to 2023-12-05T00:00:00+00:00, run_after=2023-12-06T00:00:00+00:00
[2023-12-06T09:39:46.108+0000] {processor.py:179} INFO - Processing /home/airflow/.local/lib/python3.8/site-packages/airflow/example_dags/example_nested_branch_dag.py took 0.087 seconds
[2023-12-06T09:40:16.319+0000] {processor.py:157} INFO - Started process (PID=468) to work on /home/airflow/.local/lib/python3.8/site-packages/airflow/example_dags/example_nested_branch_dag.py
[2023-12-06T09:40:16.320+0000] {processor.py:829} INFO - Processing file /home/airflow/.local/lib/python3.8/site-packages/airflow/example_dags/example_nested_branch_dag.py for tasks to queue
[2023-12-06T09:40:16.323+0000] {logging_mixin.py:154} INFO - [2023-12-06T09:40:16.323+0000] {dagbag.py:536} INFO - Filling up the DagBag from /home/airflow/.local/lib/python3.8/site-packages/airflow/example_dags/example_nested_branch_dag.py
[2023-12-06T09:40:16.335+0000] {processor.py:839} INFO - DAG(s) dict_keys(['example_nested_branch_dag']) retrieved from /home/airflow/.local/lib/python3.8/site-packages/airflow/example_dags/example_nested_branch_dag.py
[2023-12-06T09:40:16.360+0000] {logging_mixin.py:154} INFO - [2023-12-06T09:40:16.360+0000] {dag.py:2941} INFO - Sync 1 DAGs
[2023-12-06T09:40:16.389+0000] {logging_mixin.py:154} INFO - [2023-12-06T09:40:16.389+0000] {dag.py:3722} INFO - Setting next_dagrun for example_nested_branch_dag to 2023-12-05T00:00:00+00:00, run_after=2023-12-06T00:00:00+00:00
[2023-12-06T09:40:16.407+0000] {processor.py:179} INFO - Processing /home/airflow/.local/lib/python3.8/site-packages/airflow/example_dags/example_nested_branch_dag.py took 0.092 seconds
[2023-12-06T09:40:46.492+0000] {processor.py:157} INFO - Started process (PID=522) to work on /home/airflow/.local/lib/python3.8/site-packages/airflow/example_dags/example_nested_branch_dag.py
[2023-12-06T09:40:46.494+0000] {processor.py:829} INFO - Processing file /home/airflow/.local/lib/python3.8/site-packages/airflow/example_dags/example_nested_branch_dag.py for tasks to queue
[2023-12-06T09:40:46.497+0000] {logging_mixin.py:154} INFO - [2023-12-06T09:40:46.497+0000] {dagbag.py:536} INFO - Filling up the DagBag from /home/airflow/.local/lib/python3.8/site-packages/airflow/example_dags/example_nested_branch_dag.py
[2023-12-06T09:40:46.510+0000] {processor.py:839} INFO - DAG(s) dict_keys(['example_nested_branch_dag']) retrieved from /home/airflow/.local/lib/python3.8/site-packages/airflow/example_dags/example_nested_branch_dag.py
[2023-12-06T09:40:46.536+0000] {logging_mixin.py:154} INFO - [2023-12-06T09:40:46.536+0000] {dag.py:2941} INFO - Sync 1 DAGs
[2023-12-06T09:40:46.563+0000] {logging_mixin.py:154} INFO - [2023-12-06T09:40:46.562+0000] {dag.py:3722} INFO - Setting next_dagrun for example_nested_branch_dag to 2023-12-05T00:00:00+00:00, run_after=2023-12-06T00:00:00+00:00
[2023-12-06T09:40:46.583+0000] {processor.py:179} INFO - Processing /home/airflow/.local/lib/python3.8/site-packages/airflow/example_dags/example_nested_branch_dag.py took 0.094 seconds
[2023-12-06T09:41:16.693+0000] {processor.py:157} INFO - Started process (PID=576) to work on /home/airflow/.local/lib/python3.8/site-packages/airflow/example_dags/example_nested_branch_dag.py
[2023-12-06T09:41:16.695+0000] {processor.py:829} INFO - Processing file /home/airflow/.local/lib/python3.8/site-packages/airflow/example_dags/example_nested_branch_dag.py for tasks to queue
[2023-12-06T09:41:16.699+0000] {logging_mixin.py:154} INFO - [2023-12-06T09:41:16.698+0000] {dagbag.py:536} INFO - Filling up the DagBag from /home/airflow/.local/lib/python3.8/site-packages/airflow/example_dags/example_nested_branch_dag.py
[2023-12-06T09:41:16.710+0000] {processor.py:839} INFO - DAG(s) dict_keys(['example_nested_branch_dag']) retrieved from /home/airflow/.local/lib/python3.8/site-packages/airflow/example_dags/example_nested_branch_dag.py
[2023-12-06T09:41:16.734+0000] {logging_mixin.py:154} INFO - [2023-12-06T09:41:16.734+0000] {dag.py:2941} INFO - Sync 1 DAGs
[2023-12-06T09:41:16.759+0000] {logging_mixin.py:154} INFO - [2023-12-06T09:41:16.758+0000] {dag.py:3722} INFO - Setting next_dagrun for example_nested_branch_dag to 2023-12-05T00:00:00+00:00, run_after=2023-12-06T00:00:00+00:00
[2023-12-06T09:41:16.777+0000] {processor.py:179} INFO - Processing /home/airflow/.local/lib/python3.8/site-packages/airflow/example_dags/example_nested_branch_dag.py took 0.088 seconds
[2023-12-06T09:41:47.217+0000] {processor.py:157} INFO - Started process (PID=630) to work on /home/airflow/.local/lib/python3.8/site-packages/airflow/example_dags/example_nested_branch_dag.py
[2023-12-06T09:41:47.219+0000] {processor.py:829} INFO - Processing file /home/airflow/.local/lib/python3.8/site-packages/airflow/example_dags/example_nested_branch_dag.py for tasks to queue
[2023-12-06T09:41:47.222+0000] {logging_mixin.py:154} INFO - [2023-12-06T09:41:47.222+0000] {dagbag.py:536} INFO - Filling up the DagBag from /home/airflow/.local/lib/python3.8/site-packages/airflow/example_dags/example_nested_branch_dag.py
[2023-12-06T09:41:47.234+0000] {processor.py:839} INFO - DAG(s) dict_keys(['example_nested_branch_dag']) retrieved from /home/airflow/.local/lib/python3.8/site-packages/airflow/example_dags/example_nested_branch_dag.py
[2023-12-06T09:41:47.257+0000] {logging_mixin.py:154} INFO - [2023-12-06T09:41:47.257+0000] {dag.py:2941} INFO - Sync 1 DAGs
[2023-12-06T09:41:47.284+0000] {logging_mixin.py:154} INFO - [2023-12-06T09:41:47.283+0000] {dag.py:3722} INFO - Setting next_dagrun for example_nested_branch_dag to 2023-12-05T00:00:00+00:00, run_after=2023-12-06T00:00:00+00:00
[2023-12-06T09:41:47.303+0000] {processor.py:179} INFO - Processing /home/airflow/.local/lib/python3.8/site-packages/airflow/example_dags/example_nested_branch_dag.py took 0.090 seconds
[2023-12-06T09:42:17.428+0000] {processor.py:157} INFO - Started process (PID=684) to work on /home/airflow/.local/lib/python3.8/site-packages/airflow/example_dags/example_nested_branch_dag.py
[2023-12-06T09:42:17.429+0000] {processor.py:829} INFO - Processing file /home/airflow/.local/lib/python3.8/site-packages/airflow/example_dags/example_nested_branch_dag.py for tasks to queue
[2023-12-06T09:42:17.432+0000] {logging_mixin.py:154} INFO - [2023-12-06T09:42:17.432+0000] {dagbag.py:536} INFO - Filling up the DagBag from /home/airflow/.local/lib/python3.8/site-packages/airflow/example_dags/example_nested_branch_dag.py
[2023-12-06T09:42:17.443+0000] {processor.py:839} INFO - DAG(s) dict_keys(['example_nested_branch_dag']) retrieved from /home/airflow/.local/lib/python3.8/site-packages/airflow/example_dags/example_nested_branch_dag.py
[2023-12-06T09:42:17.466+0000] {logging_mixin.py:154} INFO - [2023-12-06T09:42:17.466+0000] {dag.py:2941} INFO - Sync 1 DAGs
[2023-12-06T09:42:17.491+0000] {logging_mixin.py:154} INFO - [2023-12-06T09:42:17.490+0000] {dag.py:3722} INFO - Setting next_dagrun for example_nested_branch_dag to 2023-12-05T00:00:00+00:00, run_after=2023-12-06T00:00:00+00:00
[2023-12-06T09:42:17.509+0000] {processor.py:179} INFO - Processing /home/airflow/.local/lib/python3.8/site-packages/airflow/example_dags/example_nested_branch_dag.py took 0.085 seconds
[2023-12-06T09:42:47.993+0000] {processor.py:157} INFO - Started process (PID=738) to work on /home/airflow/.local/lib/python3.8/site-packages/airflow/example_dags/example_nested_branch_dag.py
[2023-12-06T09:42:47.995+0000] {processor.py:829} INFO - Processing file /home/airflow/.local/lib/python3.8/site-packages/airflow/example_dags/example_nested_branch_dag.py for tasks to queue
[2023-12-06T09:42:47.998+0000] {logging_mixin.py:154} INFO - [2023-12-06T09:42:47.998+0000] {dagbag.py:536} INFO - Filling up the DagBag from /home/airflow/.local/lib/python3.8/site-packages/airflow/example_dags/example_nested_branch_dag.py
[2023-12-06T09:42:48.011+0000] {processor.py:839} INFO - DAG(s) dict_keys(['example_nested_branch_dag']) retrieved from /home/airflow/.local/lib/python3.8/site-packages/airflow/example_dags/example_nested_branch_dag.py
[2023-12-06T09:42:48.037+0000] {logging_mixin.py:154} INFO - [2023-12-06T09:42:48.036+0000] {dag.py:2941} INFO - Sync 1 DAGs
[2023-12-06T09:42:48.061+0000] {logging_mixin.py:154} INFO - [2023-12-06T09:42:48.060+0000] {dag.py:3722} INFO - Setting next_dagrun for example_nested_branch_dag to 2023-12-05T00:00:00+00:00, run_after=2023-12-06T00:00:00+00:00
[2023-12-06T09:42:48.077+0000] {processor.py:179} INFO - Processing /home/airflow/.local/lib/python3.8/site-packages/airflow/example_dags/example_nested_branch_dag.py took 0.088 seconds
[2023-12-06T09:43:18.241+0000] {processor.py:157} INFO - Started process (PID=793) to work on /home/airflow/.local/lib/python3.8/site-packages/airflow/example_dags/example_nested_branch_dag.py
[2023-12-06T09:43:18.242+0000] {processor.py:829} INFO - Processing file /home/airflow/.local/lib/python3.8/site-packages/airflow/example_dags/example_nested_branch_dag.py for tasks to queue
[2023-12-06T09:43:18.245+0000] {logging_mixin.py:154} INFO - [2023-12-06T09:43:18.245+0000] {dagbag.py:536} INFO - Filling up the DagBag from /home/airflow/.local/lib/python3.8/site-packages/airflow/example_dags/example_nested_branch_dag.py
[2023-12-06T09:43:18.258+0000] {processor.py:839} INFO - DAG(s) dict_keys(['example_nested_branch_dag']) retrieved from /home/airflow/.local/lib/python3.8/site-packages/airflow/example_dags/example_nested_branch_dag.py
[2023-12-06T09:43:18.281+0000] {logging_mixin.py:154} INFO - [2023-12-06T09:43:18.281+0000] {dag.py:2941} INFO - Sync 1 DAGs
[2023-12-06T09:43:18.305+0000] {logging_mixin.py:154} INFO - [2023-12-06T09:43:18.305+0000] {dag.py:3722} INFO - Setting next_dagrun for example_nested_branch_dag to 2023-12-05T00:00:00+00:00, run_after=2023-12-06T00:00:00+00:00
[2023-12-06T09:43:18.322+0000] {processor.py:179} INFO - Processing /home/airflow/.local/lib/python3.8/site-packages/airflow/example_dags/example_nested_branch_dag.py took 0.086 seconds
[2023-12-06T09:43:49.214+0000] {processor.py:157} INFO - Started process (PID=847) to work on /home/airflow/.local/lib/python3.8/site-packages/airflow/example_dags/example_nested_branch_dag.py
[2023-12-06T09:43:49.216+0000] {processor.py:829} INFO - Processing file /home/airflow/.local/lib/python3.8/site-packages/airflow/example_dags/example_nested_branch_dag.py for tasks to queue
[2023-12-06T09:43:49.219+0000] {logging_mixin.py:154} INFO - [2023-12-06T09:43:49.218+0000] {dagbag.py:536} INFO - Filling up the DagBag from /home/airflow/.local/lib/python3.8/site-packages/airflow/example_dags/example_nested_branch_dag.py
[2023-12-06T09:43:49.230+0000] {processor.py:839} INFO - DAG(s) dict_keys(['example_nested_branch_dag']) retrieved from /home/airflow/.local/lib/python3.8/site-packages/airflow/example_dags/example_nested_branch_dag.py
[2023-12-06T09:43:49.256+0000] {logging_mixin.py:154} INFO - [2023-12-06T09:43:49.255+0000] {dag.py:2941} INFO - Sync 1 DAGs
[2023-12-06T09:43:49.281+0000] {logging_mixin.py:154} INFO - [2023-12-06T09:43:49.281+0000] {dag.py:3722} INFO - Setting next_dagrun for example_nested_branch_dag to 2023-12-05T00:00:00+00:00, run_after=2023-12-06T00:00:00+00:00
[2023-12-06T09:43:49.301+0000] {processor.py:179} INFO - Processing /home/airflow/.local/lib/python3.8/site-packages/airflow/example_dags/example_nested_branch_dag.py took 0.090 seconds
[2023-12-06T09:44:19.418+0000] {processor.py:157} INFO - Started process (PID=901) to work on /home/airflow/.local/lib/python3.8/site-packages/airflow/example_dags/example_nested_branch_dag.py
[2023-12-06T09:44:19.420+0000] {processor.py:829} INFO - Processing file /home/airflow/.local/lib/python3.8/site-packages/airflow/example_dags/example_nested_branch_dag.py for tasks to queue
[2023-12-06T09:44:19.422+0000] {logging_mixin.py:154} INFO - [2023-12-06T09:44:19.422+0000] {dagbag.py:536} INFO - Filling up the DagBag from /home/airflow/.local/lib/python3.8/site-packages/airflow/example_dags/example_nested_branch_dag.py
[2023-12-06T09:44:19.440+0000] {processor.py:839} INFO - DAG(s) dict_keys(['example_nested_branch_dag']) retrieved from /home/airflow/.local/lib/python3.8/site-packages/airflow/example_dags/example_nested_branch_dag.py
[2023-12-06T09:44:19.471+0000] {logging_mixin.py:154} INFO - [2023-12-06T09:44:19.471+0000] {dag.py:2941} INFO - Sync 1 DAGs
[2023-12-06T09:44:19.500+0000] {logging_mixin.py:154} INFO - [2023-12-06T09:44:19.500+0000] {dag.py:3722} INFO - Setting next_dagrun for example_nested_branch_dag to 2023-12-05T00:00:00+00:00, run_after=2023-12-06T00:00:00+00:00
[2023-12-06T09:44:19.518+0000] {processor.py:179} INFO - Processing /home/airflow/.local/lib/python3.8/site-packages/airflow/example_dags/example_nested_branch_dag.py took 0.106 seconds
[2023-12-06T09:44:49.711+0000] {processor.py:157} INFO - Started process (PID=955) to work on /home/airflow/.local/lib/python3.8/site-packages/airflow/example_dags/example_nested_branch_dag.py
[2023-12-06T09:44:49.712+0000] {processor.py:829} INFO - Processing file /home/airflow/.local/lib/python3.8/site-packages/airflow/example_dags/example_nested_branch_dag.py for tasks to queue
[2023-12-06T09:44:49.715+0000] {logging_mixin.py:154} INFO - [2023-12-06T09:44:49.715+0000] {dagbag.py:536} INFO - Filling up the DagBag from /home/airflow/.local/lib/python3.8/site-packages/airflow/example_dags/example_nested_branch_dag.py
[2023-12-06T09:44:49.727+0000] {processor.py:839} INFO - DAG(s) dict_keys(['example_nested_branch_dag']) retrieved from /home/airflow/.local/lib/python3.8/site-packages/airflow/example_dags/example_nested_branch_dag.py
[2023-12-06T09:44:49.749+0000] {logging_mixin.py:154} INFO - [2023-12-06T09:44:49.749+0000] {dag.py:2941} INFO - Sync 1 DAGs
[2023-12-06T09:44:49.772+0000] {logging_mixin.py:154} INFO - [2023-12-06T09:44:49.772+0000] {dag.py:3722} INFO - Setting next_dagrun for example_nested_branch_dag to 2023-12-05T00:00:00+00:00, run_after=2023-12-06T00:00:00+00:00
[2023-12-06T09:44:49.789+0000] {processor.py:179} INFO - Processing /home/airflow/.local/lib/python3.8/site-packages/airflow/example_dags/example_nested_branch_dag.py took 0.082 seconds
[2023-12-06T09:45:19.890+0000] {processor.py:157} INFO - Started process (PID=1009) to work on /home/airflow/.local/lib/python3.8/site-packages/airflow/example_dags/example_nested_branch_dag.py
[2023-12-06T09:45:19.892+0000] {processor.py:829} INFO - Processing file /home/airflow/.local/lib/python3.8/site-packages/airflow/example_dags/example_nested_branch_dag.py for tasks to queue
[2023-12-06T09:45:19.895+0000] {logging_mixin.py:154} INFO - [2023-12-06T09:45:19.894+0000] {dagbag.py:536} INFO - Filling up the DagBag from /home/airflow/.local/lib/python3.8/site-packages/airflow/example_dags/example_nested_branch_dag.py
[2023-12-06T09:45:19.906+0000] {processor.py:839} INFO - DAG(s) dict_keys(['example_nested_branch_dag']) retrieved from /home/airflow/.local/lib/python3.8/site-packages/airflow/example_dags/example_nested_branch_dag.py
[2023-12-06T09:45:19.930+0000] {logging_mixin.py:154} INFO - [2023-12-06T09:45:19.930+0000] {dag.py:2941} INFO - Sync 1 DAGs
[2023-12-06T09:45:19.955+0000] {logging_mixin.py:154} INFO - [2023-12-06T09:45:19.955+0000] {dag.py:3722} INFO - Setting next_dagrun for example_nested_branch_dag to 2023-12-05T00:00:00+00:00, run_after=2023-12-06T00:00:00+00:00
[2023-12-06T09:45:19.973+0000] {processor.py:179} INFO - Processing /home/airflow/.local/lib/python3.8/site-packages/airflow/example_dags/example_nested_branch_dag.py took 0.087 seconds
[2023-12-06T09:45:50.080+0000] {processor.py:157} INFO - Started process (PID=1075) to work on /home/airflow/.local/lib/python3.8/site-packages/airflow/example_dags/example_nested_branch_dag.py
[2023-12-06T09:45:50.107+0000] {processor.py:829} INFO - Processing file /home/airflow/.local/lib/python3.8/site-packages/airflow/example_dags/example_nested_branch_dag.py for tasks to queue
[2023-12-06T09:45:50.111+0000] {logging_mixin.py:154} INFO - [2023-12-06T09:45:50.110+0000] {dagbag.py:536} INFO - Filling up the DagBag from /home/airflow/.local/lib/python3.8/site-packages/airflow/example_dags/example_nested_branch_dag.py
[2023-12-06T09:45:50.125+0000] {processor.py:839} INFO - DAG(s) dict_keys(['example_nested_branch_dag']) retrieved from /home/airflow/.local/lib/python3.8/site-packages/airflow/example_dags/example_nested_branch_dag.py
[2023-12-06T09:45:50.151+0000] {logging_mixin.py:154} INFO - [2023-12-06T09:45:50.151+0000] {dag.py:2941} INFO - Sync 1 DAGs
[2023-12-06T09:45:50.177+0000] {logging_mixin.py:154} INFO - [2023-12-06T09:45:50.177+0000] {dag.py:3722} INFO - Setting next_dagrun for example_nested_branch_dag to 2023-12-05T00:00:00+00:00, run_after=2023-12-06T00:00:00+00:00
[2023-12-06T09:45:50.197+0000] {processor.py:179} INFO - Processing /home/airflow/.local/lib/python3.8/site-packages/airflow/example_dags/example_nested_branch_dag.py took 0.121 seconds
[2023-12-06T09:46:20.319+0000] {processor.py:157} INFO - Started process (PID=1132) to work on /home/airflow/.local/lib/python3.8/site-packages/airflow/example_dags/example_nested_branch_dag.py
[2023-12-06T09:46:20.320+0000] {processor.py:829} INFO - Processing file /home/airflow/.local/lib/python3.8/site-packages/airflow/example_dags/example_nested_branch_dag.py for tasks to queue
[2023-12-06T09:46:20.323+0000] {logging_mixin.py:154} INFO - [2023-12-06T09:46:20.323+0000] {dagbag.py:536} INFO - Filling up the DagBag from /home/airflow/.local/lib/python3.8/site-packages/airflow/example_dags/example_nested_branch_dag.py
[2023-12-06T09:46:20.336+0000] {processor.py:839} INFO - DAG(s) dict_keys(['example_nested_branch_dag']) retrieved from /home/airflow/.local/lib/python3.8/site-packages/airflow/example_dags/example_nested_branch_dag.py
[2023-12-06T09:46:20.359+0000] {logging_mixin.py:154} INFO - [2023-12-06T09:46:20.358+0000] {dag.py:2941} INFO - Sync 1 DAGs
[2023-12-06T09:46:20.383+0000] {logging_mixin.py:154} INFO - [2023-12-06T09:46:20.382+0000] {dag.py:3722} INFO - Setting next_dagrun for example_nested_branch_dag to 2023-12-05T00:00:00+00:00, run_after=2023-12-06T00:00:00+00:00
[2023-12-06T09:46:20.401+0000] {processor.py:179} INFO - Processing /home/airflow/.local/lib/python3.8/site-packages/airflow/example_dags/example_nested_branch_dag.py took 0.085 seconds
[2023-12-06T09:46:50.921+0000] {processor.py:157} INFO - Started process (PID=1187) to work on /home/airflow/.local/lib/python3.8/site-packages/airflow/example_dags/example_nested_branch_dag.py
[2023-12-06T09:46:50.923+0000] {processor.py:829} INFO - Processing file /home/airflow/.local/lib/python3.8/site-packages/airflow/example_dags/example_nested_branch_dag.py for tasks to queue
[2023-12-06T09:46:50.925+0000] {logging_mixin.py:154} INFO - [2023-12-06T09:46:50.925+0000] {dagbag.py:536} INFO - Filling up the DagBag from /home/airflow/.local/lib/python3.8/site-packages/airflow/example_dags/example_nested_branch_dag.py
[2023-12-06T09:46:50.937+0000] {processor.py:839} INFO - DAG(s) dict_keys(['example_nested_branch_dag']) retrieved from /home/airflow/.local/lib/python3.8/site-packages/airflow/example_dags/example_nested_branch_dag.py
[2023-12-06T09:46:50.960+0000] {logging_mixin.py:154} INFO - [2023-12-06T09:46:50.959+0000] {dag.py:2941} INFO - Sync 1 DAGs
[2023-12-06T09:46:50.985+0000] {logging_mixin.py:154} INFO - [2023-12-06T09:46:50.985+0000] {dag.py:3722} INFO - Setting next_dagrun for example_nested_branch_dag to 2023-12-05T00:00:00+00:00, run_after=2023-12-06T00:00:00+00:00
[2023-12-06T09:46:51.003+0000] {processor.py:179} INFO - Processing /home/airflow/.local/lib/python3.8/site-packages/airflow/example_dags/example_nested_branch_dag.py took 0.086 seconds
[2023-12-06T09:47:21.296+0000] {processor.py:157} INFO - Started process (PID=1243) to work on /home/airflow/.local/lib/python3.8/site-packages/airflow/example_dags/example_nested_branch_dag.py
[2023-12-06T09:47:21.298+0000] {processor.py:829} INFO - Processing file /home/airflow/.local/lib/python3.8/site-packages/airflow/example_dags/example_nested_branch_dag.py for tasks to queue
[2023-12-06T09:47:21.299+0000] {logging_mixin.py:154} INFO - [2023-12-06T09:47:21.298+0000] {dagbag.py:536} INFO - Filling up the DagBag from /home/airflow/.local/lib/python3.8/site-packages/airflow/example_dags/example_nested_branch_dag.py
[2023-12-06T09:47:21.311+0000] {processor.py:839} INFO - DAG(s) dict_keys(['example_nested_branch_dag']) retrieved from /home/airflow/.local/lib/python3.8/site-packages/airflow/example_dags/example_nested_branch_dag.py
[2023-12-06T09:47:21.336+0000] {logging_mixin.py:154} INFO - [2023-12-06T09:47:21.336+0000] {dag.py:2941} INFO - Sync 1 DAGs
[2023-12-06T09:47:21.360+0000] {logging_mixin.py:154} INFO - [2023-12-06T09:47:21.360+0000] {dag.py:3722} INFO - Setting next_dagrun for example_nested_branch_dag to 2023-12-05T00:00:00+00:00, run_after=2023-12-06T00:00:00+00:00
[2023-12-06T09:47:21.378+0000] {processor.py:179} INFO - Processing /home/airflow/.local/lib/python3.8/site-packages/airflow/example_dags/example_nested_branch_dag.py took 0.086 seconds
[2023-12-06T09:47:51.451+0000] {processor.py:157} INFO - Started process (PID=1301) to work on /home/airflow/.local/lib/python3.8/site-packages/airflow/example_dags/example_nested_branch_dag.py
[2023-12-06T09:47:51.452+0000] {processor.py:829} INFO - Processing file /home/airflow/.local/lib/python3.8/site-packages/airflow/example_dags/example_nested_branch_dag.py for tasks to queue
[2023-12-06T09:47:51.454+0000] {logging_mixin.py:154} INFO - [2023-12-06T09:47:51.454+0000] {dagbag.py:536} INFO - Filling up the DagBag from /home/airflow/.local/lib/python3.8/site-packages/airflow/example_dags/example_nested_branch_dag.py
[2023-12-06T09:47:51.465+0000] {processor.py:839} INFO - DAG(s) dict_keys(['example_nested_branch_dag']) retrieved from /home/airflow/.local/lib/python3.8/site-packages/airflow/example_dags/example_nested_branch_dag.py
[2023-12-06T09:47:51.488+0000] {logging_mixin.py:154} INFO - [2023-12-06T09:47:51.488+0000] {dag.py:2941} INFO - Sync 1 DAGs
[2023-12-06T09:47:51.513+0000] {logging_mixin.py:154} INFO - [2023-12-06T09:47:51.513+0000] {dag.py:3722} INFO - Setting next_dagrun for example_nested_branch_dag to 2023-12-05T00:00:00+00:00, run_after=2023-12-06T00:00:00+00:00
[2023-12-06T09:47:51.668+0000] {processor.py:179} INFO - Processing /home/airflow/.local/lib/python3.8/site-packages/airflow/example_dags/example_nested_branch_dag.py took 0.221 seconds
[2023-12-06T09:48:22.140+0000] {processor.py:157} INFO - Started process (PID=1358) to work on /home/airflow/.local/lib/python3.8/site-packages/airflow/example_dags/example_nested_branch_dag.py
[2023-12-06T09:48:22.141+0000] {processor.py:829} INFO - Processing file /home/airflow/.local/lib/python3.8/site-packages/airflow/example_dags/example_nested_branch_dag.py for tasks to queue
[2023-12-06T09:48:22.142+0000] {logging_mixin.py:154} INFO - [2023-12-06T09:48:22.142+0000] {dagbag.py:536} INFO - Filling up the DagBag from /home/airflow/.local/lib/python3.8/site-packages/airflow/example_dags/example_nested_branch_dag.py
[2023-12-06T09:48:22.154+0000] {processor.py:839} INFO - DAG(s) dict_keys(['example_nested_branch_dag']) retrieved from /home/airflow/.local/lib/python3.8/site-packages/airflow/example_dags/example_nested_branch_dag.py
[2023-12-06T09:48:22.183+0000] {logging_mixin.py:154} INFO - [2023-12-06T09:48:22.183+0000] {dag.py:2941} INFO - Sync 1 DAGs
[2023-12-06T09:48:22.210+0000] {logging_mixin.py:154} INFO - [2023-12-06T09:48:22.210+0000] {dag.py:3722} INFO - Setting next_dagrun for example_nested_branch_dag to 2023-12-05T00:00:00+00:00, run_after=2023-12-06T00:00:00+00:00
[2023-12-06T09:48:22.230+0000] {processor.py:179} INFO - Processing /home/airflow/.local/lib/python3.8/site-packages/airflow/example_dags/example_nested_branch_dag.py took 0.095 seconds
[2023-12-06T09:48:52.793+0000] {processor.py:157} INFO - Started process (PID=1418) to work on /home/airflow/.local/lib/python3.8/site-packages/airflow/example_dags/example_nested_branch_dag.py
[2023-12-06T09:48:52.794+0000] {processor.py:829} INFO - Processing file /home/airflow/.local/lib/python3.8/site-packages/airflow/example_dags/example_nested_branch_dag.py for tasks to queue
[2023-12-06T09:48:52.796+0000] {logging_mixin.py:154} INFO - [2023-12-06T09:48:52.795+0000] {dagbag.py:536} INFO - Filling up the DagBag from /home/airflow/.local/lib/python3.8/site-packages/airflow/example_dags/example_nested_branch_dag.py
[2023-12-06T09:48:52.807+0000] {processor.py:839} INFO - DAG(s) dict_keys(['example_nested_branch_dag']) retrieved from /home/airflow/.local/lib/python3.8/site-packages/airflow/example_dags/example_nested_branch_dag.py
[2023-12-06T09:48:52.832+0000] {logging_mixin.py:154} INFO - [2023-12-06T09:48:52.832+0000] {dag.py:2941} INFO - Sync 1 DAGs
[2023-12-06T09:48:52.857+0000] {logging_mixin.py:154} INFO - [2023-12-06T09:48:52.857+0000] {dag.py:3722} INFO - Setting next_dagrun for example_nested_branch_dag to 2023-12-05T00:00:00+00:00, run_after=2023-12-06T00:00:00+00:00
[2023-12-06T09:48:52.875+0000] {processor.py:179} INFO - Processing /home/airflow/.local/lib/python3.8/site-packages/airflow/example_dags/example_nested_branch_dag.py took 0.086 seconds
[2023-12-06T09:49:23.314+0000] {processor.py:157} INFO - Started process (PID=1474) to work on /home/airflow/.local/lib/python3.8/site-packages/airflow/example_dags/example_nested_branch_dag.py
[2023-12-06T09:49:23.315+0000] {processor.py:829} INFO - Processing file /home/airflow/.local/lib/python3.8/site-packages/airflow/example_dags/example_nested_branch_dag.py for tasks to queue
[2023-12-06T09:49:23.318+0000] {logging_mixin.py:154} INFO - [2023-12-06T09:49:23.317+0000] {dagbag.py:536} INFO - Filling up the DagBag from /home/airflow/.local/lib/python3.8/site-packages/airflow/example_dags/example_nested_branch_dag.py
[2023-12-06T09:49:23.335+0000] {processor.py:839} INFO - DAG(s) dict_keys(['example_nested_branch_dag']) retrieved from /home/airflow/.local/lib/python3.8/site-packages/airflow/example_dags/example_nested_branch_dag.py
[2023-12-06T09:49:23.360+0000] {logging_mixin.py:154} INFO - [2023-12-06T09:49:23.360+0000] {dag.py:2941} INFO - Sync 1 DAGs
[2023-12-06T09:49:23.516+0000] {logging_mixin.py:154} INFO - [2023-12-06T09:49:23.516+0000] {dag.py:3722} INFO - Setting next_dagrun for example_nested_branch_dag to 2023-12-05T00:00:00+00:00, run_after=2023-12-06T00:00:00+00:00
[2023-12-06T09:49:23.536+0000] {processor.py:179} INFO - Processing /home/airflow/.local/lib/python3.8/site-packages/airflow/example_dags/example_nested_branch_dag.py took 0.227 seconds
[2023-12-06T09:49:54.417+0000] {processor.py:157} INFO - Started process (PID=1530) to work on /home/airflow/.local/lib/python3.8/site-packages/airflow/example_dags/example_nested_branch_dag.py
[2023-12-06T09:49:54.418+0000] {processor.py:829} INFO - Processing file /home/airflow/.local/lib/python3.8/site-packages/airflow/example_dags/example_nested_branch_dag.py for tasks to queue
[2023-12-06T09:49:54.420+0000] {logging_mixin.py:154} INFO - [2023-12-06T09:49:54.419+0000] {dagbag.py:536} INFO - Filling up the DagBag from /home/airflow/.local/lib/python3.8/site-packages/airflow/example_dags/example_nested_branch_dag.py
[2023-12-06T09:49:54.433+0000] {processor.py:839} INFO - DAG(s) dict_keys(['example_nested_branch_dag']) retrieved from /home/airflow/.local/lib/python3.8/site-packages/airflow/example_dags/example_nested_branch_dag.py
[2023-12-06T09:49:54.461+0000] {logging_mixin.py:154} INFO - [2023-12-06T09:49:54.461+0000] {dag.py:2941} INFO - Sync 1 DAGs
[2023-12-06T09:49:54.495+0000] {logging_mixin.py:154} INFO - [2023-12-06T09:49:54.494+0000] {dag.py:3722} INFO - Setting next_dagrun for example_nested_branch_dag to 2023-12-05T00:00:00+00:00, run_after=2023-12-06T00:00:00+00:00
[2023-12-06T09:49:54.664+0000] {processor.py:179} INFO - Processing /home/airflow/.local/lib/python3.8/site-packages/airflow/example_dags/example_nested_branch_dag.py took 0.252 seconds
[2023-12-06T09:50:24.776+0000] {processor.py:157} INFO - Started process (PID=1586) to work on /home/airflow/.local/lib/python3.8/site-packages/airflow/example_dags/example_nested_branch_dag.py
[2023-12-06T09:50:24.777+0000] {processor.py:829} INFO - Processing file /home/airflow/.local/lib/python3.8/site-packages/airflow/example_dags/example_nested_branch_dag.py for tasks to queue
[2023-12-06T09:50:24.779+0000] {logging_mixin.py:154} INFO - [2023-12-06T09:50:24.778+0000] {dagbag.py:536} INFO - Filling up the DagBag from /home/airflow/.local/lib/python3.8/site-packages/airflow/example_dags/example_nested_branch_dag.py
[2023-12-06T09:50:24.791+0000] {processor.py:839} INFO - DAG(s) dict_keys(['example_nested_branch_dag']) retrieved from /home/airflow/.local/lib/python3.8/site-packages/airflow/example_dags/example_nested_branch_dag.py
[2023-12-06T09:50:24.815+0000] {logging_mixin.py:154} INFO - [2023-12-06T09:50:24.815+0000] {dag.py:2941} INFO - Sync 1 DAGs
[2023-12-06T09:50:24.840+0000] {logging_mixin.py:154} INFO - [2023-12-06T09:50:24.839+0000] {dag.py:3722} INFO - Setting next_dagrun for example_nested_branch_dag to 2023-12-05T00:00:00+00:00, run_after=2023-12-06T00:00:00+00:00
[2023-12-06T09:50:24.857+0000] {processor.py:179} INFO - Processing /home/airflow/.local/lib/python3.8/site-packages/airflow/example_dags/example_nested_branch_dag.py took 0.085 seconds
