[2023-12-06T09:36:17.019+0000] {processor.py:157} INFO - Started process (PID=70) to work on /home/airflow/.local/lib/python3.8/site-packages/airflow/example_dags/example_setup_teardown.py
[2023-12-06T09:36:17.021+0000] {processor.py:829} INFO - Processing file /home/airflow/.local/lib/python3.8/site-packages/airflow/example_dags/example_setup_teardown.py for tasks to queue
[2023-12-06T09:36:17.024+0000] {logging_mixin.py:154} INFO - [2023-12-06T09:36:17.024+0000] {dagbag.py:536} INFO - Filling up the DagBag from /home/airflow/.local/lib/python3.8/site-packages/airflow/example_dags/example_setup_teardown.py
[2023-12-06T09:36:17.038+0000] {processor.py:839} INFO - DAG(s) dict_keys(['example_setup_teardown']) retrieved from /home/airflow/.local/lib/python3.8/site-packages/airflow/example_dags/example_setup_teardown.py
[2023-12-06T09:36:17.158+0000] {logging_mixin.py:154} INFO - [2023-12-06T09:36:17.158+0000] {manager.py:499} INFO - Created Permission View: %s
[2023-12-06T09:36:17.168+0000] {logging_mixin.py:154} INFO - [2023-12-06T09:36:17.168+0000] {manager.py:499} INFO - Created Permission View: %s
[2023-12-06T09:36:17.175+0000] {logging_mixin.py:154} INFO - [2023-12-06T09:36:17.174+0000] {manager.py:499} INFO - Created Permission View: %s
[2023-12-06T09:36:17.175+0000] {logging_mixin.py:154} INFO - [2023-12-06T09:36:17.175+0000] {dag.py:2941} INFO - Sync 1 DAGs
[2023-12-06T09:36:17.187+0000] {logging_mixin.py:154} INFO - [2023-12-06T09:36:17.187+0000] {dag.py:2963} INFO - Creating ORM DAG for example_setup_teardown
[2023-12-06T09:36:17.197+0000] {logging_mixin.py:154} INFO - [2023-12-06T09:36:17.197+0000] {dag.py:3722} INFO - Setting next_dagrun for example_setup_teardown to 2023-12-05T09:36:17.197440+00:00, run_after=2023-12-06T09:36:17.197440+00:00
[2023-12-06T09:36:17.337+0000] {processor.py:179} INFO - Processing /home/airflow/.local/lib/python3.8/site-packages/airflow/example_dags/example_setup_teardown.py took 0.323 seconds
[2023-12-06T09:36:47.450+0000] {processor.py:157} INFO - Started process (PID=124) to work on /home/airflow/.local/lib/python3.8/site-packages/airflow/example_dags/example_setup_teardown.py
[2023-12-06T09:36:47.452+0000] {processor.py:829} INFO - Processing file /home/airflow/.local/lib/python3.8/site-packages/airflow/example_dags/example_setup_teardown.py for tasks to queue
[2023-12-06T09:36:47.455+0000] {logging_mixin.py:154} INFO - [2023-12-06T09:36:47.454+0000] {dagbag.py:536} INFO - Filling up the DagBag from /home/airflow/.local/lib/python3.8/site-packages/airflow/example_dags/example_setup_teardown.py
[2023-12-06T09:36:47.463+0000] {processor.py:839} INFO - DAG(s) dict_keys(['example_setup_teardown']) retrieved from /home/airflow/.local/lib/python3.8/site-packages/airflow/example_dags/example_setup_teardown.py
[2023-12-06T09:36:47.487+0000] {logging_mixin.py:154} INFO - [2023-12-06T09:36:47.486+0000] {dag.py:2941} INFO - Sync 1 DAGs
[2023-12-06T09:36:47.510+0000] {logging_mixin.py:154} INFO - [2023-12-06T09:36:47.510+0000] {dag.py:3722} INFO - Setting next_dagrun for example_setup_teardown to 2023-12-05T09:36:47.509777+00:00, run_after=2023-12-06T09:36:47.509777+00:00
[2023-12-06T09:36:47.527+0000] {processor.py:179} INFO - Processing /home/airflow/.local/lib/python3.8/site-packages/airflow/example_dags/example_setup_teardown.py took 0.082 seconds
[2023-12-06T09:37:18.239+0000] {processor.py:157} INFO - Started process (PID=178) to work on /home/airflow/.local/lib/python3.8/site-packages/airflow/example_dags/example_setup_teardown.py
[2023-12-06T09:37:18.240+0000] {processor.py:829} INFO - Processing file /home/airflow/.local/lib/python3.8/site-packages/airflow/example_dags/example_setup_teardown.py for tasks to queue
[2023-12-06T09:37:18.243+0000] {logging_mixin.py:154} INFO - [2023-12-06T09:37:18.243+0000] {dagbag.py:536} INFO - Filling up the DagBag from /home/airflow/.local/lib/python3.8/site-packages/airflow/example_dags/example_setup_teardown.py
[2023-12-06T09:37:18.250+0000] {processor.py:839} INFO - DAG(s) dict_keys(['example_setup_teardown']) retrieved from /home/airflow/.local/lib/python3.8/site-packages/airflow/example_dags/example_setup_teardown.py
[2023-12-06T09:37:18.274+0000] {logging_mixin.py:154} INFO - [2023-12-06T09:37:18.274+0000] {dag.py:2941} INFO - Sync 1 DAGs
[2023-12-06T09:37:18.297+0000] {logging_mixin.py:154} INFO - [2023-12-06T09:37:18.297+0000] {dag.py:3722} INFO - Setting next_dagrun for example_setup_teardown to 2023-12-05T09:37:18.296839+00:00, run_after=2023-12-06T09:37:18.296839+00:00
[2023-12-06T09:37:18.314+0000] {processor.py:179} INFO - Processing /home/airflow/.local/lib/python3.8/site-packages/airflow/example_dags/example_setup_teardown.py took 0.079 seconds
[2023-12-06T09:37:49.107+0000] {processor.py:157} INFO - Started process (PID=232) to work on /home/airflow/.local/lib/python3.8/site-packages/airflow/example_dags/example_setup_teardown.py
[2023-12-06T09:37:49.108+0000] {processor.py:829} INFO - Processing file /home/airflow/.local/lib/python3.8/site-packages/airflow/example_dags/example_setup_teardown.py for tasks to queue
[2023-12-06T09:37:49.111+0000] {logging_mixin.py:154} INFO - [2023-12-06T09:37:49.110+0000] {dagbag.py:536} INFO - Filling up the DagBag from /home/airflow/.local/lib/python3.8/site-packages/airflow/example_dags/example_setup_teardown.py
[2023-12-06T09:37:49.118+0000] {processor.py:839} INFO - DAG(s) dict_keys(['example_setup_teardown']) retrieved from /home/airflow/.local/lib/python3.8/site-packages/airflow/example_dags/example_setup_teardown.py
[2023-12-06T09:37:49.140+0000] {logging_mixin.py:154} INFO - [2023-12-06T09:37:49.140+0000] {dag.py:2941} INFO - Sync 1 DAGs
[2023-12-06T09:37:49.162+0000] {logging_mixin.py:154} INFO - [2023-12-06T09:37:49.161+0000] {dag.py:3722} INFO - Setting next_dagrun for example_setup_teardown to 2023-12-05T09:37:49.161727+00:00, run_after=2023-12-06T09:37:49.161727+00:00
[2023-12-06T09:37:49.179+0000] {processor.py:179} INFO - Processing /home/airflow/.local/lib/python3.8/site-packages/airflow/example_dags/example_setup_teardown.py took 0.077 seconds
[2023-12-06T09:38:19.849+0000] {processor.py:157} INFO - Started process (PID=286) to work on /home/airflow/.local/lib/python3.8/site-packages/airflow/example_dags/example_setup_teardown.py
[2023-12-06T09:38:19.851+0000] {processor.py:829} INFO - Processing file /home/airflow/.local/lib/python3.8/site-packages/airflow/example_dags/example_setup_teardown.py for tasks to queue
[2023-12-06T09:38:19.853+0000] {logging_mixin.py:154} INFO - [2023-12-06T09:38:19.853+0000] {dagbag.py:536} INFO - Filling up the DagBag from /home/airflow/.local/lib/python3.8/site-packages/airflow/example_dags/example_setup_teardown.py
[2023-12-06T09:38:19.861+0000] {processor.py:839} INFO - DAG(s) dict_keys(['example_setup_teardown']) retrieved from /home/airflow/.local/lib/python3.8/site-packages/airflow/example_dags/example_setup_teardown.py
[2023-12-06T09:38:19.883+0000] {logging_mixin.py:154} INFO - [2023-12-06T09:38:19.883+0000] {dag.py:2941} INFO - Sync 1 DAGs
[2023-12-06T09:38:19.905+0000] {logging_mixin.py:154} INFO - [2023-12-06T09:38:19.905+0000] {dag.py:3722} INFO - Setting next_dagrun for example_setup_teardown to 2023-12-05T09:38:19.904944+00:00, run_after=2023-12-06T09:38:19.904944+00:00
[2023-12-06T09:38:19.921+0000] {processor.py:179} INFO - Processing /home/airflow/.local/lib/python3.8/site-packages/airflow/example_dags/example_setup_teardown.py took 0.076 seconds
[2023-12-06T09:38:50.882+0000] {processor.py:157} INFO - Started process (PID=341) to work on /home/airflow/.local/lib/python3.8/site-packages/airflow/example_dags/example_setup_teardown.py
[2023-12-06T09:38:50.884+0000] {processor.py:829} INFO - Processing file /home/airflow/.local/lib/python3.8/site-packages/airflow/example_dags/example_setup_teardown.py for tasks to queue
[2023-12-06T09:38:50.887+0000] {logging_mixin.py:154} INFO - [2023-12-06T09:38:50.886+0000] {dagbag.py:536} INFO - Filling up the DagBag from /home/airflow/.local/lib/python3.8/site-packages/airflow/example_dags/example_setup_teardown.py
[2023-12-06T09:38:50.894+0000] {processor.py:839} INFO - DAG(s) dict_keys(['example_setup_teardown']) retrieved from /home/airflow/.local/lib/python3.8/site-packages/airflow/example_dags/example_setup_teardown.py
[2023-12-06T09:38:50.916+0000] {logging_mixin.py:154} INFO - [2023-12-06T09:38:50.916+0000] {dag.py:2941} INFO - Sync 1 DAGs
[2023-12-06T09:38:50.940+0000] {logging_mixin.py:154} INFO - [2023-12-06T09:38:50.939+0000] {dag.py:3722} INFO - Setting next_dagrun for example_setup_teardown to 2023-12-05T09:38:50.939546+00:00, run_after=2023-12-06T09:38:50.939546+00:00
[2023-12-06T09:38:50.957+0000] {processor.py:179} INFO - Processing /home/airflow/.local/lib/python3.8/site-packages/airflow/example_dags/example_setup_teardown.py took 0.079 seconds
[2023-12-06T09:39:21.077+0000] {processor.py:157} INFO - Started process (PID=395) to work on /home/airflow/.local/lib/python3.8/site-packages/airflow/example_dags/example_setup_teardown.py
[2023-12-06T09:39:21.078+0000] {processor.py:829} INFO - Processing file /home/airflow/.local/lib/python3.8/site-packages/airflow/example_dags/example_setup_teardown.py for tasks to queue
[2023-12-06T09:39:21.081+0000] {logging_mixin.py:154} INFO - [2023-12-06T09:39:21.080+0000] {dagbag.py:536} INFO - Filling up the DagBag from /home/airflow/.local/lib/python3.8/site-packages/airflow/example_dags/example_setup_teardown.py
[2023-12-06T09:39:21.088+0000] {processor.py:839} INFO - DAG(s) dict_keys(['example_setup_teardown']) retrieved from /home/airflow/.local/lib/python3.8/site-packages/airflow/example_dags/example_setup_teardown.py
[2023-12-06T09:39:21.109+0000] {logging_mixin.py:154} INFO - [2023-12-06T09:39:21.109+0000] {dag.py:2941} INFO - Sync 1 DAGs
[2023-12-06T09:39:21.131+0000] {logging_mixin.py:154} INFO - [2023-12-06T09:39:21.131+0000] {dag.py:3722} INFO - Setting next_dagrun for example_setup_teardown to 2023-12-05T09:39:21.130814+00:00, run_after=2023-12-06T09:39:21.130814+00:00
[2023-12-06T09:39:21.147+0000] {processor.py:179} INFO - Processing /home/airflow/.local/lib/python3.8/site-packages/airflow/example_dags/example_setup_teardown.py took 0.075 seconds
[2023-12-06T09:39:51.404+0000] {processor.py:157} INFO - Started process (PID=449) to work on /home/airflow/.local/lib/python3.8/site-packages/airflow/example_dags/example_setup_teardown.py
[2023-12-06T09:39:51.405+0000] {processor.py:829} INFO - Processing file /home/airflow/.local/lib/python3.8/site-packages/airflow/example_dags/example_setup_teardown.py for tasks to queue
[2023-12-06T09:39:51.408+0000] {logging_mixin.py:154} INFO - [2023-12-06T09:39:51.408+0000] {dagbag.py:536} INFO - Filling up the DagBag from /home/airflow/.local/lib/python3.8/site-packages/airflow/example_dags/example_setup_teardown.py
[2023-12-06T09:39:51.416+0000] {processor.py:839} INFO - DAG(s) dict_keys(['example_setup_teardown']) retrieved from /home/airflow/.local/lib/python3.8/site-packages/airflow/example_dags/example_setup_teardown.py
[2023-12-06T09:39:51.437+0000] {logging_mixin.py:154} INFO - [2023-12-06T09:39:51.437+0000] {dag.py:2941} INFO - Sync 1 DAGs
[2023-12-06T09:39:51.459+0000] {logging_mixin.py:154} INFO - [2023-12-06T09:39:51.459+0000] {dag.py:3722} INFO - Setting next_dagrun for example_setup_teardown to 2023-12-05T09:39:51.459306+00:00, run_after=2023-12-06T09:39:51.459306+00:00
[2023-12-06T09:39:51.476+0000] {processor.py:179} INFO - Processing /home/airflow/.local/lib/python3.8/site-packages/airflow/example_dags/example_setup_teardown.py took 0.077 seconds
[2023-12-06T09:40:21.589+0000] {processor.py:157} INFO - Started process (PID=504) to work on /home/airflow/.local/lib/python3.8/site-packages/airflow/example_dags/example_setup_teardown.py
[2023-12-06T09:40:21.591+0000] {processor.py:829} INFO - Processing file /home/airflow/.local/lib/python3.8/site-packages/airflow/example_dags/example_setup_teardown.py for tasks to queue
[2023-12-06T09:40:21.594+0000] {logging_mixin.py:154} INFO - [2023-12-06T09:40:21.593+0000] {dagbag.py:536} INFO - Filling up the DagBag from /home/airflow/.local/lib/python3.8/site-packages/airflow/example_dags/example_setup_teardown.py
[2023-12-06T09:40:21.601+0000] {processor.py:839} INFO - DAG(s) dict_keys(['example_setup_teardown']) retrieved from /home/airflow/.local/lib/python3.8/site-packages/airflow/example_dags/example_setup_teardown.py
[2023-12-06T09:40:21.624+0000] {logging_mixin.py:154} INFO - [2023-12-06T09:40:21.624+0000] {dag.py:2941} INFO - Sync 1 DAGs
[2023-12-06T09:40:21.647+0000] {logging_mixin.py:154} INFO - [2023-12-06T09:40:21.646+0000] {dag.py:3722} INFO - Setting next_dagrun for example_setup_teardown to 2023-12-05T09:40:21.646687+00:00, run_after=2023-12-06T09:40:21.646687+00:00
[2023-12-06T09:40:21.665+0000] {processor.py:179} INFO - Processing /home/airflow/.local/lib/python3.8/site-packages/airflow/example_dags/example_setup_teardown.py took 0.079 seconds
[2023-12-06T09:40:51.790+0000] {processor.py:157} INFO - Started process (PID=558) to work on /home/airflow/.local/lib/python3.8/site-packages/airflow/example_dags/example_setup_teardown.py
[2023-12-06T09:40:51.792+0000] {processor.py:829} INFO - Processing file /home/airflow/.local/lib/python3.8/site-packages/airflow/example_dags/example_setup_teardown.py for tasks to queue
[2023-12-06T09:40:51.794+0000] {logging_mixin.py:154} INFO - [2023-12-06T09:40:51.794+0000] {dagbag.py:536} INFO - Filling up the DagBag from /home/airflow/.local/lib/python3.8/site-packages/airflow/example_dags/example_setup_teardown.py
[2023-12-06T09:40:51.802+0000] {processor.py:839} INFO - DAG(s) dict_keys(['example_setup_teardown']) retrieved from /home/airflow/.local/lib/python3.8/site-packages/airflow/example_dags/example_setup_teardown.py
[2023-12-06T09:40:51.824+0000] {logging_mixin.py:154} INFO - [2023-12-06T09:40:51.823+0000] {dag.py:2941} INFO - Sync 1 DAGs
[2023-12-06T09:40:51.846+0000] {logging_mixin.py:154} INFO - [2023-12-06T09:40:51.846+0000] {dag.py:3722} INFO - Setting next_dagrun for example_setup_teardown to 2023-12-05T09:40:51.846026+00:00, run_after=2023-12-06T09:40:51.846026+00:00
[2023-12-06T09:40:51.864+0000] {processor.py:179} INFO - Processing /home/airflow/.local/lib/python3.8/site-packages/airflow/example_dags/example_setup_teardown.py took 0.077 seconds
[2023-12-06T09:41:22.124+0000] {processor.py:157} INFO - Started process (PID=612) to work on /home/airflow/.local/lib/python3.8/site-packages/airflow/example_dags/example_setup_teardown.py
[2023-12-06T09:41:22.126+0000] {processor.py:829} INFO - Processing file /home/airflow/.local/lib/python3.8/site-packages/airflow/example_dags/example_setup_teardown.py for tasks to queue
[2023-12-06T09:41:22.129+0000] {logging_mixin.py:154} INFO - [2023-12-06T09:41:22.128+0000] {dagbag.py:536} INFO - Filling up the DagBag from /home/airflow/.local/lib/python3.8/site-packages/airflow/example_dags/example_setup_teardown.py
[2023-12-06T09:41:22.138+0000] {processor.py:839} INFO - DAG(s) dict_keys(['example_setup_teardown']) retrieved from /home/airflow/.local/lib/python3.8/site-packages/airflow/example_dags/example_setup_teardown.py
[2023-12-06T09:41:22.164+0000] {logging_mixin.py:154} INFO - [2023-12-06T09:41:22.164+0000] {dag.py:2941} INFO - Sync 1 DAGs
[2023-12-06T09:41:22.188+0000] {logging_mixin.py:154} INFO - [2023-12-06T09:41:22.188+0000] {dag.py:3722} INFO - Setting next_dagrun for example_setup_teardown to 2023-12-05T09:41:22.187927+00:00, run_after=2023-12-06T09:41:22.187927+00:00
[2023-12-06T09:41:22.205+0000] {processor.py:179} INFO - Processing /home/airflow/.local/lib/python3.8/site-packages/airflow/example_dags/example_setup_teardown.py took 0.086 seconds
[2023-12-06T09:41:52.422+0000] {processor.py:157} INFO - Started process (PID=666) to work on /home/airflow/.local/lib/python3.8/site-packages/airflow/example_dags/example_setup_teardown.py
[2023-12-06T09:41:52.424+0000] {processor.py:829} INFO - Processing file /home/airflow/.local/lib/python3.8/site-packages/airflow/example_dags/example_setup_teardown.py for tasks to queue
[2023-12-06T09:41:52.427+0000] {logging_mixin.py:154} INFO - [2023-12-06T09:41:52.427+0000] {dagbag.py:536} INFO - Filling up the DagBag from /home/airflow/.local/lib/python3.8/site-packages/airflow/example_dags/example_setup_teardown.py
[2023-12-06T09:41:52.435+0000] {processor.py:839} INFO - DAG(s) dict_keys(['example_setup_teardown']) retrieved from /home/airflow/.local/lib/python3.8/site-packages/airflow/example_dags/example_setup_teardown.py
[2023-12-06T09:41:52.457+0000] {logging_mixin.py:154} INFO - [2023-12-06T09:41:52.457+0000] {dag.py:2941} INFO - Sync 1 DAGs
[2023-12-06T09:41:52.492+0000] {logging_mixin.py:154} INFO - [2023-12-06T09:41:52.492+0000] {dag.py:3722} INFO - Setting next_dagrun for example_setup_teardown to 2023-12-05T09:41:52.492093+00:00, run_after=2023-12-06T09:41:52.492093+00:00
[2023-12-06T09:41:52.523+0000] {processor.py:179} INFO - Processing /home/airflow/.local/lib/python3.8/site-packages/airflow/example_dags/example_setup_teardown.py took 0.104 seconds
[2023-12-06T09:42:23.028+0000] {processor.py:157} INFO - Started process (PID=720) to work on /home/airflow/.local/lib/python3.8/site-packages/airflow/example_dags/example_setup_teardown.py
[2023-12-06T09:42:23.030+0000] {processor.py:829} INFO - Processing file /home/airflow/.local/lib/python3.8/site-packages/airflow/example_dags/example_setup_teardown.py for tasks to queue
[2023-12-06T09:42:23.032+0000] {logging_mixin.py:154} INFO - [2023-12-06T09:42:23.032+0000] {dagbag.py:536} INFO - Filling up the DagBag from /home/airflow/.local/lib/python3.8/site-packages/airflow/example_dags/example_setup_teardown.py
[2023-12-06T09:42:23.040+0000] {processor.py:839} INFO - DAG(s) dict_keys(['example_setup_teardown']) retrieved from /home/airflow/.local/lib/python3.8/site-packages/airflow/example_dags/example_setup_teardown.py
[2023-12-06T09:42:23.063+0000] {logging_mixin.py:154} INFO - [2023-12-06T09:42:23.062+0000] {dag.py:2941} INFO - Sync 1 DAGs
[2023-12-06T09:42:23.086+0000] {logging_mixin.py:154} INFO - [2023-12-06T09:42:23.086+0000] {dag.py:3722} INFO - Setting next_dagrun for example_setup_teardown to 2023-12-05T09:42:23.085925+00:00, run_after=2023-12-06T09:42:23.085925+00:00
[2023-12-06T09:42:23.105+0000] {processor.py:179} INFO - Processing /home/airflow/.local/lib/python3.8/site-packages/airflow/example_dags/example_setup_teardown.py took 0.080 seconds
[2023-12-06T09:42:53.358+0000] {processor.py:157} INFO - Started process (PID=774) to work on /home/airflow/.local/lib/python3.8/site-packages/airflow/example_dags/example_setup_teardown.py
[2023-12-06T09:42:53.360+0000] {processor.py:829} INFO - Processing file /home/airflow/.local/lib/python3.8/site-packages/airflow/example_dags/example_setup_teardown.py for tasks to queue
[2023-12-06T09:42:53.363+0000] {logging_mixin.py:154} INFO - [2023-12-06T09:42:53.362+0000] {dagbag.py:536} INFO - Filling up the DagBag from /home/airflow/.local/lib/python3.8/site-packages/airflow/example_dags/example_setup_teardown.py
[2023-12-06T09:42:53.370+0000] {processor.py:839} INFO - DAG(s) dict_keys(['example_setup_teardown']) retrieved from /home/airflow/.local/lib/python3.8/site-packages/airflow/example_dags/example_setup_teardown.py
[2023-12-06T09:42:53.393+0000] {logging_mixin.py:154} INFO - [2023-12-06T09:42:53.393+0000] {dag.py:2941} INFO - Sync 1 DAGs
[2023-12-06T09:42:53.417+0000] {logging_mixin.py:154} INFO - [2023-12-06T09:42:53.417+0000] {dag.py:3722} INFO - Setting next_dagrun for example_setup_teardown to 2023-12-05T09:42:53.417520+00:00, run_after=2023-12-06T09:42:53.417520+00:00
[2023-12-06T09:42:53.437+0000] {processor.py:179} INFO - Processing /home/airflow/.local/lib/python3.8/site-packages/airflow/example_dags/example_setup_teardown.py took 0.082 seconds
[2023-12-06T09:43:24.307+0000] {processor.py:157} INFO - Started process (PID=829) to work on /home/airflow/.local/lib/python3.8/site-packages/airflow/example_dags/example_setup_teardown.py
[2023-12-06T09:43:24.309+0000] {processor.py:829} INFO - Processing file /home/airflow/.local/lib/python3.8/site-packages/airflow/example_dags/example_setup_teardown.py for tasks to queue
[2023-12-06T09:43:24.312+0000] {logging_mixin.py:154} INFO - [2023-12-06T09:43:24.312+0000] {dagbag.py:536} INFO - Filling up the DagBag from /home/airflow/.local/lib/python3.8/site-packages/airflow/example_dags/example_setup_teardown.py
[2023-12-06T09:43:24.320+0000] {processor.py:839} INFO - DAG(s) dict_keys(['example_setup_teardown']) retrieved from /home/airflow/.local/lib/python3.8/site-packages/airflow/example_dags/example_setup_teardown.py
[2023-12-06T09:43:24.343+0000] {logging_mixin.py:154} INFO - [2023-12-06T09:43:24.343+0000] {dag.py:2941} INFO - Sync 1 DAGs
[2023-12-06T09:43:24.367+0000] {logging_mixin.py:154} INFO - [2023-12-06T09:43:24.367+0000] {dag.py:3722} INFO - Setting next_dagrun for example_setup_teardown to 2023-12-05T09:43:24.367156+00:00, run_after=2023-12-06T09:43:24.367156+00:00
[2023-12-06T09:43:24.388+0000] {processor.py:179} INFO - Processing /home/airflow/.local/lib/python3.8/site-packages/airflow/example_dags/example_setup_teardown.py took 0.084 seconds
[2023-12-06T09:43:54.473+0000] {processor.py:157} INFO - Started process (PID=883) to work on /home/airflow/.local/lib/python3.8/site-packages/airflow/example_dags/example_setup_teardown.py
[2023-12-06T09:43:54.474+0000] {processor.py:829} INFO - Processing file /home/airflow/.local/lib/python3.8/site-packages/airflow/example_dags/example_setup_teardown.py for tasks to queue
[2023-12-06T09:43:54.477+0000] {logging_mixin.py:154} INFO - [2023-12-06T09:43:54.477+0000] {dagbag.py:536} INFO - Filling up the DagBag from /home/airflow/.local/lib/python3.8/site-packages/airflow/example_dags/example_setup_teardown.py
[2023-12-06T09:43:54.485+0000] {processor.py:839} INFO - DAG(s) dict_keys(['example_setup_teardown']) retrieved from /home/airflow/.local/lib/python3.8/site-packages/airflow/example_dags/example_setup_teardown.py
[2023-12-06T09:43:54.509+0000] {logging_mixin.py:154} INFO - [2023-12-06T09:43:54.508+0000] {dag.py:2941} INFO - Sync 1 DAGs
[2023-12-06T09:43:54.536+0000] {logging_mixin.py:154} INFO - [2023-12-06T09:43:54.536+0000] {dag.py:3722} INFO - Setting next_dagrun for example_setup_teardown to 2023-12-05T09:43:54.536267+00:00, run_after=2023-12-06T09:43:54.536267+00:00
[2023-12-06T09:43:54.555+0000] {processor.py:179} INFO - Processing /home/airflow/.local/lib/python3.8/site-packages/airflow/example_dags/example_setup_teardown.py took 0.086 seconds
[2023-12-06T09:44:24.751+0000] {processor.py:157} INFO - Started process (PID=937) to work on /home/airflow/.local/lib/python3.8/site-packages/airflow/example_dags/example_setup_teardown.py
[2023-12-06T09:44:24.753+0000] {processor.py:829} INFO - Processing file /home/airflow/.local/lib/python3.8/site-packages/airflow/example_dags/example_setup_teardown.py for tasks to queue
[2023-12-06T09:44:24.757+0000] {logging_mixin.py:154} INFO - [2023-12-06T09:44:24.756+0000] {dagbag.py:536} INFO - Filling up the DagBag from /home/airflow/.local/lib/python3.8/site-packages/airflow/example_dags/example_setup_teardown.py
[2023-12-06T09:44:24.765+0000] {processor.py:839} INFO - DAG(s) dict_keys(['example_setup_teardown']) retrieved from /home/airflow/.local/lib/python3.8/site-packages/airflow/example_dags/example_setup_teardown.py
[2023-12-06T09:44:24.790+0000] {logging_mixin.py:154} INFO - [2023-12-06T09:44:24.790+0000] {dag.py:2941} INFO - Sync 1 DAGs
[2023-12-06T09:44:24.815+0000] {logging_mixin.py:154} INFO - [2023-12-06T09:44:24.815+0000] {dag.py:3722} INFO - Setting next_dagrun for example_setup_teardown to 2023-12-05T09:44:24.815358+00:00, run_after=2023-12-06T09:44:24.815358+00:00
[2023-12-06T09:44:24.836+0000] {processor.py:179} INFO - Processing /home/airflow/.local/lib/python3.8/site-packages/airflow/example_dags/example_setup_teardown.py took 0.089 seconds
[2023-12-06T09:44:54.955+0000] {processor.py:157} INFO - Started process (PID=991) to work on /home/airflow/.local/lib/python3.8/site-packages/airflow/example_dags/example_setup_teardown.py
[2023-12-06T09:44:54.957+0000] {processor.py:829} INFO - Processing file /home/airflow/.local/lib/python3.8/site-packages/airflow/example_dags/example_setup_teardown.py for tasks to queue
[2023-12-06T09:44:54.959+0000] {logging_mixin.py:154} INFO - [2023-12-06T09:44:54.959+0000] {dagbag.py:536} INFO - Filling up the DagBag from /home/airflow/.local/lib/python3.8/site-packages/airflow/example_dags/example_setup_teardown.py
[2023-12-06T09:44:54.967+0000] {processor.py:839} INFO - DAG(s) dict_keys(['example_setup_teardown']) retrieved from /home/airflow/.local/lib/python3.8/site-packages/airflow/example_dags/example_setup_teardown.py
[2023-12-06T09:44:54.990+0000] {logging_mixin.py:154} INFO - [2023-12-06T09:44:54.989+0000] {dag.py:2941} INFO - Sync 1 DAGs
[2023-12-06T09:44:55.012+0000] {logging_mixin.py:154} INFO - [2023-12-06T09:44:55.012+0000] {dag.py:3722} INFO - Setting next_dagrun for example_setup_teardown to 2023-12-05T09:44:55.012369+00:00, run_after=2023-12-06T09:44:55.012369+00:00
[2023-12-06T09:44:55.032+0000] {processor.py:179} INFO - Processing /home/airflow/.local/lib/python3.8/site-packages/airflow/example_dags/example_setup_teardown.py took 0.081 seconds
[2023-12-06T09:45:25.148+0000] {processor.py:157} INFO - Started process (PID=1045) to work on /home/airflow/.local/lib/python3.8/site-packages/airflow/example_dags/example_setup_teardown.py
[2023-12-06T09:45:25.150+0000] {processor.py:829} INFO - Processing file /home/airflow/.local/lib/python3.8/site-packages/airflow/example_dags/example_setup_teardown.py for tasks to queue
[2023-12-06T09:45:25.152+0000] {logging_mixin.py:154} INFO - [2023-12-06T09:45:25.152+0000] {dagbag.py:536} INFO - Filling up the DagBag from /home/airflow/.local/lib/python3.8/site-packages/airflow/example_dags/example_setup_teardown.py
[2023-12-06T09:45:25.159+0000] {processor.py:839} INFO - DAG(s) dict_keys(['example_setup_teardown']) retrieved from /home/airflow/.local/lib/python3.8/site-packages/airflow/example_dags/example_setup_teardown.py
[2023-12-06T09:45:25.179+0000] {logging_mixin.py:154} INFO - [2023-12-06T09:45:25.179+0000] {dag.py:2941} INFO - Sync 1 DAGs
[2023-12-06T09:45:25.198+0000] {logging_mixin.py:154} INFO - [2023-12-06T09:45:25.198+0000] {dag.py:3722} INFO - Setting next_dagrun for example_setup_teardown to 2023-12-05T09:45:25.198210+00:00, run_after=2023-12-06T09:45:25.198210+00:00
[2023-12-06T09:45:25.214+0000] {processor.py:179} INFO - Processing /home/airflow/.local/lib/python3.8/site-packages/airflow/example_dags/example_setup_teardown.py took 0.069 seconds
[2023-12-06T09:45:55.271+0000] {processor.py:157} INFO - Started process (PID=1111) to work on /home/airflow/.local/lib/python3.8/site-packages/airflow/example_dags/example_setup_teardown.py
[2023-12-06T09:45:55.272+0000] {processor.py:829} INFO - Processing file /home/airflow/.local/lib/python3.8/site-packages/airflow/example_dags/example_setup_teardown.py for tasks to queue
[2023-12-06T09:45:55.275+0000] {logging_mixin.py:154} INFO - [2023-12-06T09:45:55.275+0000] {dagbag.py:536} INFO - Filling up the DagBag from /home/airflow/.local/lib/python3.8/site-packages/airflow/example_dags/example_setup_teardown.py
[2023-12-06T09:45:55.283+0000] {processor.py:839} INFO - DAG(s) dict_keys(['example_setup_teardown']) retrieved from /home/airflow/.local/lib/python3.8/site-packages/airflow/example_dags/example_setup_teardown.py
[2023-12-06T09:45:55.305+0000] {logging_mixin.py:154} INFO - [2023-12-06T09:45:55.305+0000] {dag.py:2941} INFO - Sync 1 DAGs
[2023-12-06T09:45:55.329+0000] {logging_mixin.py:154} INFO - [2023-12-06T09:45:55.328+0000] {dag.py:3722} INFO - Setting next_dagrun for example_setup_teardown to 2023-12-05T09:45:55.328640+00:00, run_after=2023-12-06T09:45:55.328640+00:00
[2023-12-06T09:45:55.347+0000] {processor.py:179} INFO - Processing /home/airflow/.local/lib/python3.8/site-packages/airflow/example_dags/example_setup_teardown.py took 0.079 seconds
[2023-12-06T09:46:25.853+0000] {processor.py:157} INFO - Started process (PID=1168) to work on /home/airflow/.local/lib/python3.8/site-packages/airflow/example_dags/example_setup_teardown.py
[2023-12-06T09:46:25.855+0000] {processor.py:829} INFO - Processing file /home/airflow/.local/lib/python3.8/site-packages/airflow/example_dags/example_setup_teardown.py for tasks to queue
[2023-12-06T09:46:25.857+0000] {logging_mixin.py:154} INFO - [2023-12-06T09:46:25.857+0000] {dagbag.py:536} INFO - Filling up the DagBag from /home/airflow/.local/lib/python3.8/site-packages/airflow/example_dags/example_setup_teardown.py
[2023-12-06T09:46:25.865+0000] {processor.py:839} INFO - DAG(s) dict_keys(['example_setup_teardown']) retrieved from /home/airflow/.local/lib/python3.8/site-packages/airflow/example_dags/example_setup_teardown.py
[2023-12-06T09:46:25.890+0000] {logging_mixin.py:154} INFO - [2023-12-06T09:46:25.890+0000] {dag.py:2941} INFO - Sync 1 DAGs
[2023-12-06T09:46:25.915+0000] {logging_mixin.py:154} INFO - [2023-12-06T09:46:25.915+0000] {dag.py:3722} INFO - Setting next_dagrun for example_setup_teardown to 2023-12-05T09:46:25.915268+00:00, run_after=2023-12-06T09:46:25.915268+00:00
[2023-12-06T09:46:25.934+0000] {processor.py:179} INFO - Processing /home/airflow/.local/lib/python3.8/site-packages/airflow/example_dags/example_setup_teardown.py took 0.085 seconds
[2023-12-06T09:46:56.197+0000] {processor.py:157} INFO - Started process (PID=1223) to work on /home/airflow/.local/lib/python3.8/site-packages/airflow/example_dags/example_setup_teardown.py
[2023-12-06T09:46:56.199+0000] {processor.py:829} INFO - Processing file /home/airflow/.local/lib/python3.8/site-packages/airflow/example_dags/example_setup_teardown.py for tasks to queue
[2023-12-06T09:46:56.201+0000] {logging_mixin.py:154} INFO - [2023-12-06T09:46:56.201+0000] {dagbag.py:536} INFO - Filling up the DagBag from /home/airflow/.local/lib/python3.8/site-packages/airflow/example_dags/example_setup_teardown.py
[2023-12-06T09:46:56.209+0000] {processor.py:839} INFO - DAG(s) dict_keys(['example_setup_teardown']) retrieved from /home/airflow/.local/lib/python3.8/site-packages/airflow/example_dags/example_setup_teardown.py
[2023-12-06T09:46:56.232+0000] {logging_mixin.py:154} INFO - [2023-12-06T09:46:56.232+0000] {dag.py:2941} INFO - Sync 1 DAGs
[2023-12-06T09:46:56.255+0000] {logging_mixin.py:154} INFO - [2023-12-06T09:46:56.254+0000] {dag.py:3722} INFO - Setting next_dagrun for example_setup_teardown to 2023-12-05T09:46:56.254625+00:00, run_after=2023-12-06T09:46:56.254625+00:00
[2023-12-06T09:46:56.275+0000] {processor.py:179} INFO - Processing /home/airflow/.local/lib/python3.8/site-packages/airflow/example_dags/example_setup_teardown.py took 0.082 seconds
[2023-12-06T09:47:26.498+0000] {processor.py:157} INFO - Started process (PID=1279) to work on /home/airflow/.local/lib/python3.8/site-packages/airflow/example_dags/example_setup_teardown.py
[2023-12-06T09:47:26.499+0000] {processor.py:829} INFO - Processing file /home/airflow/.local/lib/python3.8/site-packages/airflow/example_dags/example_setup_teardown.py for tasks to queue
[2023-12-06T09:47:26.501+0000] {logging_mixin.py:154} INFO - [2023-12-06T09:47:26.500+0000] {dagbag.py:536} INFO - Filling up the DagBag from /home/airflow/.local/lib/python3.8/site-packages/airflow/example_dags/example_setup_teardown.py
[2023-12-06T09:47:26.509+0000] {processor.py:839} INFO - DAG(s) dict_keys(['example_setup_teardown']) retrieved from /home/airflow/.local/lib/python3.8/site-packages/airflow/example_dags/example_setup_teardown.py
[2023-12-06T09:47:26.531+0000] {logging_mixin.py:154} INFO - [2023-12-06T09:47:26.531+0000] {dag.py:2941} INFO - Sync 1 DAGs
[2023-12-06T09:47:26.553+0000] {logging_mixin.py:154} INFO - [2023-12-06T09:47:26.553+0000] {dag.py:3722} INFO - Setting next_dagrun for example_setup_teardown to 2023-12-05T09:47:26.553380+00:00, run_after=2023-12-06T09:47:26.553380+00:00
[2023-12-06T09:47:26.571+0000] {processor.py:179} INFO - Processing /home/airflow/.local/lib/python3.8/site-packages/airflow/example_dags/example_setup_teardown.py took 0.077 seconds
[2023-12-06T09:47:57.144+0000] {processor.py:157} INFO - Started process (PID=1337) to work on /home/airflow/.local/lib/python3.8/site-packages/airflow/example_dags/example_setup_teardown.py
[2023-12-06T09:47:57.145+0000] {processor.py:829} INFO - Processing file /home/airflow/.local/lib/python3.8/site-packages/airflow/example_dags/example_setup_teardown.py for tasks to queue
[2023-12-06T09:47:57.146+0000] {logging_mixin.py:154} INFO - [2023-12-06T09:47:57.146+0000] {dagbag.py:536} INFO - Filling up the DagBag from /home/airflow/.local/lib/python3.8/site-packages/airflow/example_dags/example_setup_teardown.py
[2023-12-06T09:47:57.156+0000] {processor.py:839} INFO - DAG(s) dict_keys(['example_setup_teardown']) retrieved from /home/airflow/.local/lib/python3.8/site-packages/airflow/example_dags/example_setup_teardown.py
[2023-12-06T09:47:57.179+0000] {logging_mixin.py:154} INFO - [2023-12-06T09:47:57.179+0000] {dag.py:2941} INFO - Sync 1 DAGs
[2023-12-06T09:47:57.203+0000] {logging_mixin.py:154} INFO - [2023-12-06T09:47:57.203+0000] {dag.py:3722} INFO - Setting next_dagrun for example_setup_teardown to 2023-12-05T09:47:57.202815+00:00, run_after=2023-12-06T09:47:57.202815+00:00
[2023-12-06T09:47:57.223+0000] {processor.py:179} INFO - Processing /home/airflow/.local/lib/python3.8/site-packages/airflow/example_dags/example_setup_teardown.py took 0.083 seconds
[2023-12-06T09:48:29.205+0000] {processor.py:157} INFO - Started process (PID=1406) to work on /home/airflow/.local/lib/python3.8/site-packages/airflow/example_dags/example_setup_teardown.py
[2023-12-06T09:48:29.207+0000] {processor.py:829} INFO - Processing file /home/airflow/.local/lib/python3.8/site-packages/airflow/example_dags/example_setup_teardown.py for tasks to queue
[2023-12-06T09:48:29.208+0000] {logging_mixin.py:154} INFO - [2023-12-06T09:48:29.208+0000] {dagbag.py:536} INFO - Filling up the DagBag from /home/airflow/.local/lib/python3.8/site-packages/airflow/example_dags/example_setup_teardown.py
[2023-12-06T09:48:29.219+0000] {processor.py:839} INFO - DAG(s) dict_keys(['example_setup_teardown']) retrieved from /home/airflow/.local/lib/python3.8/site-packages/airflow/example_dags/example_setup_teardown.py
[2023-12-06T09:48:29.245+0000] {logging_mixin.py:154} INFO - [2023-12-06T09:48:29.245+0000] {dag.py:2941} INFO - Sync 1 DAGs
[2023-12-06T09:48:29.410+0000] {logging_mixin.py:154} INFO - [2023-12-06T09:48:29.410+0000] {dag.py:3722} INFO - Setting next_dagrun for example_setup_teardown to 2023-12-05T09:48:29.409964+00:00, run_after=2023-12-06T09:48:29.409964+00:00
[2023-12-06T09:48:29.433+0000] {processor.py:179} INFO - Processing /home/airflow/.local/lib/python3.8/site-packages/airflow/example_dags/example_setup_teardown.py took 0.233 seconds
[2023-12-06T09:49:00.083+0000] {processor.py:157} INFO - Started process (PID=1462) to work on /home/airflow/.local/lib/python3.8/site-packages/airflow/example_dags/example_setup_teardown.py
[2023-12-06T09:49:00.097+0000] {processor.py:829} INFO - Processing file /home/airflow/.local/lib/python3.8/site-packages/airflow/example_dags/example_setup_teardown.py for tasks to queue
[2023-12-06T09:49:00.099+0000] {logging_mixin.py:154} INFO - [2023-12-06T09:49:00.098+0000] {dagbag.py:536} INFO - Filling up the DagBag from /home/airflow/.local/lib/python3.8/site-packages/airflow/example_dags/example_setup_teardown.py
[2023-12-06T09:49:00.110+0000] {processor.py:839} INFO - DAG(s) dict_keys(['example_setup_teardown']) retrieved from /home/airflow/.local/lib/python3.8/site-packages/airflow/example_dags/example_setup_teardown.py
[2023-12-06T09:49:00.133+0000] {logging_mixin.py:154} INFO - [2023-12-06T09:49:00.133+0000] {dag.py:2941} INFO - Sync 1 DAGs
[2023-12-06T09:49:00.157+0000] {logging_mixin.py:154} INFO - [2023-12-06T09:49:00.157+0000] {dag.py:3722} INFO - Setting next_dagrun for example_setup_teardown to 2023-12-05T09:49:00.156990+00:00, run_after=2023-12-06T09:49:00.156990+00:00
[2023-12-06T09:49:00.315+0000] {processor.py:179} INFO - Processing /home/airflow/.local/lib/python3.8/site-packages/airflow/example_dags/example_setup_teardown.py took 0.237 seconds
[2023-12-06T09:49:30.452+0000] {processor.py:157} INFO - Started process (PID=1518) to work on /home/airflow/.local/lib/python3.8/site-packages/airflow/example_dags/example_setup_teardown.py
[2023-12-06T09:49:30.453+0000] {processor.py:829} INFO - Processing file /home/airflow/.local/lib/python3.8/site-packages/airflow/example_dags/example_setup_teardown.py for tasks to queue
[2023-12-06T09:49:30.454+0000] {logging_mixin.py:154} INFO - [2023-12-06T09:49:30.454+0000] {dagbag.py:536} INFO - Filling up the DagBag from /home/airflow/.local/lib/python3.8/site-packages/airflow/example_dags/example_setup_teardown.py
[2023-12-06T09:49:30.464+0000] {processor.py:839} INFO - DAG(s) dict_keys(['example_setup_teardown']) retrieved from /home/airflow/.local/lib/python3.8/site-packages/airflow/example_dags/example_setup_teardown.py
[2023-12-06T09:49:30.488+0000] {logging_mixin.py:154} INFO - [2023-12-06T09:49:30.488+0000] {dag.py:2941} INFO - Sync 1 DAGs
[2023-12-06T09:49:30.512+0000] {logging_mixin.py:154} INFO - [2023-12-06T09:49:30.511+0000] {dag.py:3722} INFO - Setting next_dagrun for example_setup_teardown to 2023-12-05T09:49:30.511637+00:00, run_after=2023-12-06T09:49:30.511637+00:00
[2023-12-06T09:49:30.530+0000] {processor.py:179} INFO - Processing /home/airflow/.local/lib/python3.8/site-packages/airflow/example_dags/example_setup_teardown.py took 0.083 seconds
[2023-12-06T09:50:01.423+0000] {processor.py:157} INFO - Started process (PID=1574) to work on /home/airflow/.local/lib/python3.8/site-packages/airflow/example_dags/example_setup_teardown.py
[2023-12-06T09:50:01.424+0000] {processor.py:829} INFO - Processing file /home/airflow/.local/lib/python3.8/site-packages/airflow/example_dags/example_setup_teardown.py for tasks to queue
[2023-12-06T09:50:01.428+0000] {logging_mixin.py:154} INFO - [2023-12-06T09:50:01.427+0000] {dagbag.py:536} INFO - Filling up the DagBag from /home/airflow/.local/lib/python3.8/site-packages/airflow/example_dags/example_setup_teardown.py
[2023-12-06T09:50:01.439+0000] {processor.py:839} INFO - DAG(s) dict_keys(['example_setup_teardown']) retrieved from /home/airflow/.local/lib/python3.8/site-packages/airflow/example_dags/example_setup_teardown.py
[2023-12-06T09:50:01.596+0000] {logging_mixin.py:154} INFO - [2023-12-06T09:50:01.596+0000] {dag.py:2941} INFO - Sync 1 DAGs
[2023-12-06T09:50:01.621+0000] {logging_mixin.py:154} INFO - [2023-12-06T09:50:01.621+0000] {dag.py:3722} INFO - Setting next_dagrun for example_setup_teardown to 2023-12-05T09:50:01.620936+00:00, run_after=2023-12-06T09:50:01.620936+00:00
[2023-12-06T09:50:01.643+0000] {processor.py:179} INFO - Processing /home/airflow/.local/lib/python3.8/site-packages/airflow/example_dags/example_setup_teardown.py took 0.225 seconds
[2023-12-06T09:50:32.445+0000] {processor.py:157} INFO - Started process (PID=1629) to work on /home/airflow/.local/lib/python3.8/site-packages/airflow/example_dags/example_setup_teardown.py
[2023-12-06T09:50:32.447+0000] {processor.py:829} INFO - Processing file /home/airflow/.local/lib/python3.8/site-packages/airflow/example_dags/example_setup_teardown.py for tasks to queue
[2023-12-06T09:50:32.448+0000] {logging_mixin.py:154} INFO - [2023-12-06T09:50:32.448+0000] {dagbag.py:536} INFO - Filling up the DagBag from /home/airflow/.local/lib/python3.8/site-packages/airflow/example_dags/example_setup_teardown.py
[2023-12-06T09:50:32.459+0000] {processor.py:839} INFO - DAG(s) dict_keys(['example_setup_teardown']) retrieved from /home/airflow/.local/lib/python3.8/site-packages/airflow/example_dags/example_setup_teardown.py
[2023-12-06T09:50:32.482+0000] {logging_mixin.py:154} INFO - [2023-12-06T09:50:32.482+0000] {dag.py:2941} INFO - Sync 1 DAGs
[2023-12-06T09:50:32.658+0000] {logging_mixin.py:154} INFO - [2023-12-06T09:50:32.658+0000] {dag.py:3722} INFO - Setting next_dagrun for example_setup_teardown to 2023-12-05T09:50:32.657977+00:00, run_after=2023-12-06T09:50:32.657977+00:00
[2023-12-06T09:50:32.680+0000] {processor.py:179} INFO - Processing /home/airflow/.local/lib/python3.8/site-packages/airflow/example_dags/example_setup_teardown.py took 0.240 seconds
