[2023-12-06T09:36:15.657+0000] {processor.py:157} INFO - Started process (PID=61) to work on /home/airflow/.local/lib/python3.8/site-packages/airflow/example_dags/example_branch_day_of_week_operator.py
[2023-12-06T09:36:15.658+0000] {processor.py:829} INFO - Processing file /home/airflow/.local/lib/python3.8/site-packages/airflow/example_dags/example_branch_day_of_week_operator.py for tasks to queue
[2023-12-06T09:36:15.661+0000] {logging_mixin.py:154} INFO - [2023-12-06T09:36:15.661+0000] {dagbag.py:536} INFO - Filling up the DagBag from /home/airflow/.local/lib/python3.8/site-packages/airflow/example_dags/example_branch_day_of_week_operator.py
[2023-12-06T09:36:15.675+0000] {processor.py:839} INFO - DAG(s) dict_keys(['example_weekday_branch_operator']) retrieved from /home/airflow/.local/lib/python3.8/site-packages/airflow/example_dags/example_branch_day_of_week_operator.py
[2023-12-06T09:36:15.799+0000] {logging_mixin.py:154} INFO - [2023-12-06T09:36:15.799+0000] {manager.py:499} INFO - Created Permission View: %s
[2023-12-06T09:36:15.810+0000] {logging_mixin.py:154} INFO - [2023-12-06T09:36:15.810+0000] {manager.py:499} INFO - Created Permission View: %s
[2023-12-06T09:36:15.816+0000] {logging_mixin.py:154} INFO - [2023-12-06T09:36:15.816+0000] {manager.py:499} INFO - Created Permission View: %s
[2023-12-06T09:36:15.817+0000] {logging_mixin.py:154} INFO - [2023-12-06T09:36:15.817+0000] {dag.py:2941} INFO - Sync 1 DAGs
[2023-12-06T09:36:15.829+0000] {logging_mixin.py:154} INFO - [2023-12-06T09:36:15.829+0000] {dag.py:2963} INFO - Creating ORM DAG for example_weekday_branch_operator
[2023-12-06T09:36:15.841+0000] {logging_mixin.py:154} INFO - [2023-12-06T09:36:15.841+0000] {dag.py:3722} INFO - Setting next_dagrun for example_weekday_branch_operator to 2023-12-05T00:00:00+00:00, run_after=2023-12-06T00:00:00+00:00
[2023-12-06T09:36:15.862+0000] {processor.py:179} INFO - Processing /home/airflow/.local/lib/python3.8/site-packages/airflow/example_dags/example_branch_day_of_week_operator.py took 0.209 seconds
[2023-12-06T09:36:45.943+0000] {processor.py:157} INFO - Started process (PID=115) to work on /home/airflow/.local/lib/python3.8/site-packages/airflow/example_dags/example_branch_day_of_week_operator.py
[2023-12-06T09:36:45.944+0000] {processor.py:829} INFO - Processing file /home/airflow/.local/lib/python3.8/site-packages/airflow/example_dags/example_branch_day_of_week_operator.py for tasks to queue
[2023-12-06T09:36:45.947+0000] {logging_mixin.py:154} INFO - [2023-12-06T09:36:45.947+0000] {dagbag.py:536} INFO - Filling up the DagBag from /home/airflow/.local/lib/python3.8/site-packages/airflow/example_dags/example_branch_day_of_week_operator.py
[2023-12-06T09:36:45.956+0000] {processor.py:839} INFO - DAG(s) dict_keys(['example_weekday_branch_operator']) retrieved from /home/airflow/.local/lib/python3.8/site-packages/airflow/example_dags/example_branch_day_of_week_operator.py
[2023-12-06T09:36:45.980+0000] {logging_mixin.py:154} INFO - [2023-12-06T09:36:45.980+0000] {dag.py:2941} INFO - Sync 1 DAGs
[2023-12-06T09:36:46.005+0000] {logging_mixin.py:154} INFO - [2023-12-06T09:36:46.005+0000] {dag.py:3722} INFO - Setting next_dagrun for example_weekday_branch_operator to 2023-12-05T00:00:00+00:00, run_after=2023-12-06T00:00:00+00:00
[2023-12-06T09:36:46.025+0000] {processor.py:179} INFO - Processing /home/airflow/.local/lib/python3.8/site-packages/airflow/example_dags/example_branch_day_of_week_operator.py took 0.086 seconds
[2023-12-06T09:37:16.808+0000] {processor.py:157} INFO - Started process (PID=169) to work on /home/airflow/.local/lib/python3.8/site-packages/airflow/example_dags/example_branch_day_of_week_operator.py
[2023-12-06T09:37:16.809+0000] {processor.py:829} INFO - Processing file /home/airflow/.local/lib/python3.8/site-packages/airflow/example_dags/example_branch_day_of_week_operator.py for tasks to queue
[2023-12-06T09:37:16.812+0000] {logging_mixin.py:154} INFO - [2023-12-06T09:37:16.812+0000] {dagbag.py:536} INFO - Filling up the DagBag from /home/airflow/.local/lib/python3.8/site-packages/airflow/example_dags/example_branch_day_of_week_operator.py
[2023-12-06T09:37:16.821+0000] {processor.py:839} INFO - DAG(s) dict_keys(['example_weekday_branch_operator']) retrieved from /home/airflow/.local/lib/python3.8/site-packages/airflow/example_dags/example_branch_day_of_week_operator.py
[2023-12-06T09:37:16.843+0000] {logging_mixin.py:154} INFO - [2023-12-06T09:37:16.843+0000] {dag.py:2941} INFO - Sync 1 DAGs
[2023-12-06T09:37:16.869+0000] {logging_mixin.py:154} INFO - [2023-12-06T09:37:16.869+0000] {dag.py:3722} INFO - Setting next_dagrun for example_weekday_branch_operator to 2023-12-05T00:00:00+00:00, run_after=2023-12-06T00:00:00+00:00
[2023-12-06T09:37:16.886+0000] {processor.py:179} INFO - Processing /home/airflow/.local/lib/python3.8/site-packages/airflow/example_dags/example_branch_day_of_week_operator.py took 0.082 seconds
[2023-12-06T09:37:47.542+0000] {processor.py:157} INFO - Started process (PID=223) to work on /home/airflow/.local/lib/python3.8/site-packages/airflow/example_dags/example_branch_day_of_week_operator.py
[2023-12-06T09:37:47.543+0000] {processor.py:829} INFO - Processing file /home/airflow/.local/lib/python3.8/site-packages/airflow/example_dags/example_branch_day_of_week_operator.py for tasks to queue
[2023-12-06T09:37:47.546+0000] {logging_mixin.py:154} INFO - [2023-12-06T09:37:47.546+0000] {dagbag.py:536} INFO - Filling up the DagBag from /home/airflow/.local/lib/python3.8/site-packages/airflow/example_dags/example_branch_day_of_week_operator.py
[2023-12-06T09:37:47.556+0000] {processor.py:839} INFO - DAG(s) dict_keys(['example_weekday_branch_operator']) retrieved from /home/airflow/.local/lib/python3.8/site-packages/airflow/example_dags/example_branch_day_of_week_operator.py
[2023-12-06T09:37:47.578+0000] {logging_mixin.py:154} INFO - [2023-12-06T09:37:47.578+0000] {dag.py:2941} INFO - Sync 1 DAGs
[2023-12-06T09:37:47.603+0000] {logging_mixin.py:154} INFO - [2023-12-06T09:37:47.602+0000] {dag.py:3722} INFO - Setting next_dagrun for example_weekday_branch_operator to 2023-12-05T00:00:00+00:00, run_after=2023-12-06T00:00:00+00:00
[2023-12-06T09:37:47.621+0000] {processor.py:179} INFO - Processing /home/airflow/.local/lib/python3.8/site-packages/airflow/example_dags/example_branch_day_of_week_operator.py took 0.083 seconds
[2023-12-06T09:38:18.324+0000] {processor.py:157} INFO - Started process (PID=277) to work on /home/airflow/.local/lib/python3.8/site-packages/airflow/example_dags/example_branch_day_of_week_operator.py
[2023-12-06T09:38:18.326+0000] {processor.py:829} INFO - Processing file /home/airflow/.local/lib/python3.8/site-packages/airflow/example_dags/example_branch_day_of_week_operator.py for tasks to queue
[2023-12-06T09:38:18.328+0000] {logging_mixin.py:154} INFO - [2023-12-06T09:38:18.328+0000] {dagbag.py:536} INFO - Filling up the DagBag from /home/airflow/.local/lib/python3.8/site-packages/airflow/example_dags/example_branch_day_of_week_operator.py
[2023-12-06T09:38:18.337+0000] {processor.py:839} INFO - DAG(s) dict_keys(['example_weekday_branch_operator']) retrieved from /home/airflow/.local/lib/python3.8/site-packages/airflow/example_dags/example_branch_day_of_week_operator.py
[2023-12-06T09:38:18.360+0000] {logging_mixin.py:154} INFO - [2023-12-06T09:38:18.359+0000] {dag.py:2941} INFO - Sync 1 DAGs
[2023-12-06T09:38:18.383+0000] {logging_mixin.py:154} INFO - [2023-12-06T09:38:18.383+0000] {dag.py:3722} INFO - Setting next_dagrun for example_weekday_branch_operator to 2023-12-05T00:00:00+00:00, run_after=2023-12-06T00:00:00+00:00
[2023-12-06T09:38:18.400+0000] {processor.py:179} INFO - Processing /home/airflow/.local/lib/python3.8/site-packages/airflow/example_dags/example_branch_day_of_week_operator.py took 0.079 seconds
[2023-12-06T09:38:49.338+0000] {processor.py:157} INFO - Started process (PID=332) to work on /home/airflow/.local/lib/python3.8/site-packages/airflow/example_dags/example_branch_day_of_week_operator.py
[2023-12-06T09:38:49.340+0000] {processor.py:829} INFO - Processing file /home/airflow/.local/lib/python3.8/site-packages/airflow/example_dags/example_branch_day_of_week_operator.py for tasks to queue
[2023-12-06T09:38:49.343+0000] {logging_mixin.py:154} INFO - [2023-12-06T09:38:49.342+0000] {dagbag.py:536} INFO - Filling up the DagBag from /home/airflow/.local/lib/python3.8/site-packages/airflow/example_dags/example_branch_day_of_week_operator.py
[2023-12-06T09:38:49.352+0000] {processor.py:839} INFO - DAG(s) dict_keys(['example_weekday_branch_operator']) retrieved from /home/airflow/.local/lib/python3.8/site-packages/airflow/example_dags/example_branch_day_of_week_operator.py
[2023-12-06T09:38:49.374+0000] {logging_mixin.py:154} INFO - [2023-12-06T09:38:49.373+0000] {dag.py:2941} INFO - Sync 1 DAGs
[2023-12-06T09:38:49.397+0000] {logging_mixin.py:154} INFO - [2023-12-06T09:38:49.397+0000] {dag.py:3722} INFO - Setting next_dagrun for example_weekday_branch_operator to 2023-12-05T00:00:00+00:00, run_after=2023-12-06T00:00:00+00:00
[2023-12-06T09:38:49.415+0000] {processor.py:179} INFO - Processing /home/airflow/.local/lib/python3.8/site-packages/airflow/example_dags/example_branch_day_of_week_operator.py took 0.080 seconds
[2023-12-06T09:39:19.568+0000] {processor.py:157} INFO - Started process (PID=386) to work on /home/airflow/.local/lib/python3.8/site-packages/airflow/example_dags/example_branch_day_of_week_operator.py
[2023-12-06T09:39:19.570+0000] {processor.py:829} INFO - Processing file /home/airflow/.local/lib/python3.8/site-packages/airflow/example_dags/example_branch_day_of_week_operator.py for tasks to queue
[2023-12-06T09:39:19.572+0000] {logging_mixin.py:154} INFO - [2023-12-06T09:39:19.572+0000] {dagbag.py:536} INFO - Filling up the DagBag from /home/airflow/.local/lib/python3.8/site-packages/airflow/example_dags/example_branch_day_of_week_operator.py
[2023-12-06T09:39:19.581+0000] {processor.py:839} INFO - DAG(s) dict_keys(['example_weekday_branch_operator']) retrieved from /home/airflow/.local/lib/python3.8/site-packages/airflow/example_dags/example_branch_day_of_week_operator.py
[2023-12-06T09:39:19.604+0000] {logging_mixin.py:154} INFO - [2023-12-06T09:39:19.604+0000] {dag.py:2941} INFO - Sync 1 DAGs
[2023-12-06T09:39:19.628+0000] {logging_mixin.py:154} INFO - [2023-12-06T09:39:19.628+0000] {dag.py:3722} INFO - Setting next_dagrun for example_weekday_branch_operator to 2023-12-05T00:00:00+00:00, run_after=2023-12-06T00:00:00+00:00
[2023-12-06T09:39:19.647+0000] {processor.py:179} INFO - Processing /home/airflow/.local/lib/python3.8/site-packages/airflow/example_dags/example_branch_day_of_week_operator.py took 0.082 seconds
[2023-12-06T09:39:49.852+0000] {processor.py:157} INFO - Started process (PID=440) to work on /home/airflow/.local/lib/python3.8/site-packages/airflow/example_dags/example_branch_day_of_week_operator.py
[2023-12-06T09:39:49.853+0000] {processor.py:829} INFO - Processing file /home/airflow/.local/lib/python3.8/site-packages/airflow/example_dags/example_branch_day_of_week_operator.py for tasks to queue
[2023-12-06T09:39:49.856+0000] {logging_mixin.py:154} INFO - [2023-12-06T09:39:49.856+0000] {dagbag.py:536} INFO - Filling up the DagBag from /home/airflow/.local/lib/python3.8/site-packages/airflow/example_dags/example_branch_day_of_week_operator.py
[2023-12-06T09:39:49.865+0000] {processor.py:839} INFO - DAG(s) dict_keys(['example_weekday_branch_operator']) retrieved from /home/airflow/.local/lib/python3.8/site-packages/airflow/example_dags/example_branch_day_of_week_operator.py
[2023-12-06T09:39:49.888+0000] {logging_mixin.py:154} INFO - [2023-12-06T09:39:49.888+0000] {dag.py:2941} INFO - Sync 1 DAGs
[2023-12-06T09:39:49.912+0000] {logging_mixin.py:154} INFO - [2023-12-06T09:39:49.912+0000] {dag.py:3722} INFO - Setting next_dagrun for example_weekday_branch_operator to 2023-12-05T00:00:00+00:00, run_after=2023-12-06T00:00:00+00:00
[2023-12-06T09:39:49.928+0000] {processor.py:179} INFO - Processing /home/airflow/.local/lib/python3.8/site-packages/airflow/example_dags/example_branch_day_of_week_operator.py took 0.081 seconds
[2023-12-06T09:40:20.062+0000] {processor.py:157} INFO - Started process (PID=495) to work on /home/airflow/.local/lib/python3.8/site-packages/airflow/example_dags/example_branch_day_of_week_operator.py
[2023-12-06T09:40:20.065+0000] {processor.py:829} INFO - Processing file /home/airflow/.local/lib/python3.8/site-packages/airflow/example_dags/example_branch_day_of_week_operator.py for tasks to queue
[2023-12-06T09:40:20.068+0000] {logging_mixin.py:154} INFO - [2023-12-06T09:40:20.068+0000] {dagbag.py:536} INFO - Filling up the DagBag from /home/airflow/.local/lib/python3.8/site-packages/airflow/example_dags/example_branch_day_of_week_operator.py
[2023-12-06T09:40:20.078+0000] {processor.py:839} INFO - DAG(s) dict_keys(['example_weekday_branch_operator']) retrieved from /home/airflow/.local/lib/python3.8/site-packages/airflow/example_dags/example_branch_day_of_week_operator.py
[2023-12-06T09:40:20.104+0000] {logging_mixin.py:154} INFO - [2023-12-06T09:40:20.104+0000] {dag.py:2941} INFO - Sync 1 DAGs
[2023-12-06T09:40:20.130+0000] {logging_mixin.py:154} INFO - [2023-12-06T09:40:20.130+0000] {dag.py:3722} INFO - Setting next_dagrun for example_weekday_branch_operator to 2023-12-05T00:00:00+00:00, run_after=2023-12-06T00:00:00+00:00
[2023-12-06T09:40:20.150+0000] {processor.py:179} INFO - Processing /home/airflow/.local/lib/python3.8/site-packages/airflow/example_dags/example_branch_day_of_week_operator.py took 0.092 seconds
[2023-12-06T09:40:50.344+0000] {processor.py:157} INFO - Started process (PID=549) to work on /home/airflow/.local/lib/python3.8/site-packages/airflow/example_dags/example_branch_day_of_week_operator.py
[2023-12-06T09:40:50.346+0000] {processor.py:829} INFO - Processing file /home/airflow/.local/lib/python3.8/site-packages/airflow/example_dags/example_branch_day_of_week_operator.py for tasks to queue
[2023-12-06T09:40:50.349+0000] {logging_mixin.py:154} INFO - [2023-12-06T09:40:50.349+0000] {dagbag.py:536} INFO - Filling up the DagBag from /home/airflow/.local/lib/python3.8/site-packages/airflow/example_dags/example_branch_day_of_week_operator.py
[2023-12-06T09:40:50.358+0000] {processor.py:839} INFO - DAG(s) dict_keys(['example_weekday_branch_operator']) retrieved from /home/airflow/.local/lib/python3.8/site-packages/airflow/example_dags/example_branch_day_of_week_operator.py
[2023-12-06T09:40:50.382+0000] {logging_mixin.py:154} INFO - [2023-12-06T09:40:50.382+0000] {dag.py:2941} INFO - Sync 1 DAGs
[2023-12-06T09:40:50.406+0000] {logging_mixin.py:154} INFO - [2023-12-06T09:40:50.406+0000] {dag.py:3722} INFO - Setting next_dagrun for example_weekday_branch_operator to 2023-12-05T00:00:00+00:00, run_after=2023-12-06T00:00:00+00:00
[2023-12-06T09:40:50.424+0000] {processor.py:179} INFO - Processing /home/airflow/.local/lib/python3.8/site-packages/airflow/example_dags/example_branch_day_of_week_operator.py took 0.084 seconds
[2023-12-06T09:41:20.583+0000] {processor.py:157} INFO - Started process (PID=603) to work on /home/airflow/.local/lib/python3.8/site-packages/airflow/example_dags/example_branch_day_of_week_operator.py
[2023-12-06T09:41:20.585+0000] {processor.py:829} INFO - Processing file /home/airflow/.local/lib/python3.8/site-packages/airflow/example_dags/example_branch_day_of_week_operator.py for tasks to queue
[2023-12-06T09:41:20.587+0000] {logging_mixin.py:154} INFO - [2023-12-06T09:41:20.587+0000] {dagbag.py:536} INFO - Filling up the DagBag from /home/airflow/.local/lib/python3.8/site-packages/airflow/example_dags/example_branch_day_of_week_operator.py
[2023-12-06T09:41:20.597+0000] {processor.py:839} INFO - DAG(s) dict_keys(['example_weekday_branch_operator']) retrieved from /home/airflow/.local/lib/python3.8/site-packages/airflow/example_dags/example_branch_day_of_week_operator.py
[2023-12-06T09:41:20.620+0000] {logging_mixin.py:154} INFO - [2023-12-06T09:41:20.620+0000] {dag.py:2941} INFO - Sync 1 DAGs
[2023-12-06T09:41:20.645+0000] {logging_mixin.py:154} INFO - [2023-12-06T09:41:20.645+0000] {dag.py:3722} INFO - Setting next_dagrun for example_weekday_branch_operator to 2023-12-05T00:00:00+00:00, run_after=2023-12-06T00:00:00+00:00
[2023-12-06T09:41:20.662+0000] {processor.py:179} INFO - Processing /home/airflow/.local/lib/python3.8/site-packages/airflow/example_dags/example_branch_day_of_week_operator.py took 0.083 seconds
[2023-12-06T09:41:50.988+0000] {processor.py:157} INFO - Started process (PID=657) to work on /home/airflow/.local/lib/python3.8/site-packages/airflow/example_dags/example_branch_day_of_week_operator.py
[2023-12-06T09:41:50.990+0000] {processor.py:829} INFO - Processing file /home/airflow/.local/lib/python3.8/site-packages/airflow/example_dags/example_branch_day_of_week_operator.py for tasks to queue
[2023-12-06T09:41:50.993+0000] {logging_mixin.py:154} INFO - [2023-12-06T09:41:50.992+0000] {dagbag.py:536} INFO - Filling up the DagBag from /home/airflow/.local/lib/python3.8/site-packages/airflow/example_dags/example_branch_day_of_week_operator.py
[2023-12-06T09:41:51.002+0000] {processor.py:839} INFO - DAG(s) dict_keys(['example_weekday_branch_operator']) retrieved from /home/airflow/.local/lib/python3.8/site-packages/airflow/example_dags/example_branch_day_of_week_operator.py
[2023-12-06T09:41:51.028+0000] {logging_mixin.py:154} INFO - [2023-12-06T09:41:51.028+0000] {dag.py:2941} INFO - Sync 1 DAGs
[2023-12-06T09:41:51.053+0000] {logging_mixin.py:154} INFO - [2023-12-06T09:41:51.053+0000] {dag.py:3722} INFO - Setting next_dagrun for example_weekday_branch_operator to 2023-12-05T00:00:00+00:00, run_after=2023-12-06T00:00:00+00:00
[2023-12-06T09:41:51.071+0000] {processor.py:179} INFO - Processing /home/airflow/.local/lib/python3.8/site-packages/airflow/example_dags/example_branch_day_of_week_operator.py took 0.087 seconds
[2023-12-06T09:42:21.427+0000] {processor.py:157} INFO - Started process (PID=711) to work on /home/airflow/.local/lib/python3.8/site-packages/airflow/example_dags/example_branch_day_of_week_operator.py
[2023-12-06T09:42:21.429+0000] {processor.py:829} INFO - Processing file /home/airflow/.local/lib/python3.8/site-packages/airflow/example_dags/example_branch_day_of_week_operator.py for tasks to queue
[2023-12-06T09:42:21.432+0000] {logging_mixin.py:154} INFO - [2023-12-06T09:42:21.431+0000] {dagbag.py:536} INFO - Filling up the DagBag from /home/airflow/.local/lib/python3.8/site-packages/airflow/example_dags/example_branch_day_of_week_operator.py
[2023-12-06T09:42:21.441+0000] {processor.py:839} INFO - DAG(s) dict_keys(['example_weekday_branch_operator']) retrieved from /home/airflow/.local/lib/python3.8/site-packages/airflow/example_dags/example_branch_day_of_week_operator.py
[2023-12-06T09:42:21.465+0000] {logging_mixin.py:154} INFO - [2023-12-06T09:42:21.464+0000] {dag.py:2941} INFO - Sync 1 DAGs
[2023-12-06T09:42:21.488+0000] {logging_mixin.py:154} INFO - [2023-12-06T09:42:21.488+0000] {dag.py:3722} INFO - Setting next_dagrun for example_weekday_branch_operator to 2023-12-05T00:00:00+00:00, run_after=2023-12-06T00:00:00+00:00
[2023-12-06T09:42:21.506+0000] {processor.py:179} INFO - Processing /home/airflow/.local/lib/python3.8/site-packages/airflow/example_dags/example_branch_day_of_week_operator.py took 0.083 seconds
[2023-12-06T09:42:51.673+0000] {processor.py:157} INFO - Started process (PID=765) to work on /home/airflow/.local/lib/python3.8/site-packages/airflow/example_dags/example_branch_day_of_week_operator.py
[2023-12-06T09:42:51.674+0000] {processor.py:829} INFO - Processing file /home/airflow/.local/lib/python3.8/site-packages/airflow/example_dags/example_branch_day_of_week_operator.py for tasks to queue
[2023-12-06T09:42:51.677+0000] {logging_mixin.py:154} INFO - [2023-12-06T09:42:51.677+0000] {dagbag.py:536} INFO - Filling up the DagBag from /home/airflow/.local/lib/python3.8/site-packages/airflow/example_dags/example_branch_day_of_week_operator.py
[2023-12-06T09:42:51.687+0000] {processor.py:839} INFO - DAG(s) dict_keys(['example_weekday_branch_operator']) retrieved from /home/airflow/.local/lib/python3.8/site-packages/airflow/example_dags/example_branch_day_of_week_operator.py
[2023-12-06T09:42:51.710+0000] {logging_mixin.py:154} INFO - [2023-12-06T09:42:51.710+0000] {dag.py:2941} INFO - Sync 1 DAGs
[2023-12-06T09:42:51.735+0000] {logging_mixin.py:154} INFO - [2023-12-06T09:42:51.735+0000] {dag.py:3722} INFO - Setting next_dagrun for example_weekday_branch_operator to 2023-12-05T00:00:00+00:00, run_after=2023-12-06T00:00:00+00:00
[2023-12-06T09:42:51.762+0000] {processor.py:179} INFO - Processing /home/airflow/.local/lib/python3.8/site-packages/airflow/example_dags/example_branch_day_of_week_operator.py took 0.093 seconds
[2023-12-06T09:43:21.882+0000] {processor.py:157} INFO - Started process (PID=820) to work on /home/airflow/.local/lib/python3.8/site-packages/airflow/example_dags/example_branch_day_of_week_operator.py
[2023-12-06T09:43:21.884+0000] {processor.py:829} INFO - Processing file /home/airflow/.local/lib/python3.8/site-packages/airflow/example_dags/example_branch_day_of_week_operator.py for tasks to queue
[2023-12-06T09:43:21.887+0000] {logging_mixin.py:154} INFO - [2023-12-06T09:43:21.887+0000] {dagbag.py:536} INFO - Filling up the DagBag from /home/airflow/.local/lib/python3.8/site-packages/airflow/example_dags/example_branch_day_of_week_operator.py
[2023-12-06T09:43:21.897+0000] {processor.py:839} INFO - DAG(s) dict_keys(['example_weekday_branch_operator']) retrieved from /home/airflow/.local/lib/python3.8/site-packages/airflow/example_dags/example_branch_day_of_week_operator.py
[2023-12-06T09:43:21.921+0000] {logging_mixin.py:154} INFO - [2023-12-06T09:43:21.921+0000] {dag.py:2941} INFO - Sync 1 DAGs
[2023-12-06T09:43:21.945+0000] {logging_mixin.py:154} INFO - [2023-12-06T09:43:21.945+0000] {dag.py:3722} INFO - Setting next_dagrun for example_weekday_branch_operator to 2023-12-05T00:00:00+00:00, run_after=2023-12-06T00:00:00+00:00
[2023-12-06T09:43:21.963+0000] {processor.py:179} INFO - Processing /home/airflow/.local/lib/python3.8/site-packages/airflow/example_dags/example_branch_day_of_week_operator.py took 0.085 seconds
[2023-12-06T09:43:52.884+0000] {processor.py:157} INFO - Started process (PID=874) to work on /home/airflow/.local/lib/python3.8/site-packages/airflow/example_dags/example_branch_day_of_week_operator.py
[2023-12-06T09:43:52.891+0000] {processor.py:829} INFO - Processing file /home/airflow/.local/lib/python3.8/site-packages/airflow/example_dags/example_branch_day_of_week_operator.py for tasks to queue
[2023-12-06T09:43:52.929+0000] {logging_mixin.py:154} INFO - [2023-12-06T09:43:52.928+0000] {dagbag.py:536} INFO - Filling up the DagBag from /home/airflow/.local/lib/python3.8/site-packages/airflow/example_dags/example_branch_day_of_week_operator.py
[2023-12-06T09:43:52.938+0000] {processor.py:839} INFO - DAG(s) dict_keys(['example_weekday_branch_operator']) retrieved from /home/airflow/.local/lib/python3.8/site-packages/airflow/example_dags/example_branch_day_of_week_operator.py
[2023-12-06T09:43:52.974+0000] {logging_mixin.py:154} INFO - [2023-12-06T09:43:52.973+0000] {dag.py:2941} INFO - Sync 1 DAGs
[2023-12-06T09:43:53.011+0000] {logging_mixin.py:154} INFO - [2023-12-06T09:43:53.010+0000] {dag.py:3722} INFO - Setting next_dagrun for example_weekday_branch_operator to 2023-12-05T00:00:00+00:00, run_after=2023-12-06T00:00:00+00:00
[2023-12-06T09:43:53.078+0000] {processor.py:179} INFO - Processing /home/airflow/.local/lib/python3.8/site-packages/airflow/example_dags/example_branch_day_of_week_operator.py took 0.199 seconds
[2023-12-06T09:44:23.234+0000] {processor.py:157} INFO - Started process (PID=928) to work on /home/airflow/.local/lib/python3.8/site-packages/airflow/example_dags/example_branch_day_of_week_operator.py
[2023-12-06T09:44:23.236+0000] {processor.py:829} INFO - Processing file /home/airflow/.local/lib/python3.8/site-packages/airflow/example_dags/example_branch_day_of_week_operator.py for tasks to queue
[2023-12-06T09:44:23.239+0000] {logging_mixin.py:154} INFO - [2023-12-06T09:44:23.238+0000] {dagbag.py:536} INFO - Filling up the DagBag from /home/airflow/.local/lib/python3.8/site-packages/airflow/example_dags/example_branch_day_of_week_operator.py
[2023-12-06T09:44:23.249+0000] {processor.py:839} INFO - DAG(s) dict_keys(['example_weekday_branch_operator']) retrieved from /home/airflow/.local/lib/python3.8/site-packages/airflow/example_dags/example_branch_day_of_week_operator.py
[2023-12-06T09:44:23.276+0000] {logging_mixin.py:154} INFO - [2023-12-06T09:44:23.275+0000] {dag.py:2941} INFO - Sync 1 DAGs
[2023-12-06T09:44:23.303+0000] {logging_mixin.py:154} INFO - [2023-12-06T09:44:23.303+0000] {dag.py:3722} INFO - Setting next_dagrun for example_weekday_branch_operator to 2023-12-05T00:00:00+00:00, run_after=2023-12-06T00:00:00+00:00
[2023-12-06T09:44:23.322+0000] {processor.py:179} INFO - Processing /home/airflow/.local/lib/python3.8/site-packages/airflow/example_dags/example_branch_day_of_week_operator.py took 0.092 seconds
[2023-12-06T09:44:53.414+0000] {processor.py:157} INFO - Started process (PID=982) to work on /home/airflow/.local/lib/python3.8/site-packages/airflow/example_dags/example_branch_day_of_week_operator.py
[2023-12-06T09:44:53.416+0000] {processor.py:829} INFO - Processing file /home/airflow/.local/lib/python3.8/site-packages/airflow/example_dags/example_branch_day_of_week_operator.py for tasks to queue
[2023-12-06T09:44:53.419+0000] {logging_mixin.py:154} INFO - [2023-12-06T09:44:53.418+0000] {dagbag.py:536} INFO - Filling up the DagBag from /home/airflow/.local/lib/python3.8/site-packages/airflow/example_dags/example_branch_day_of_week_operator.py
[2023-12-06T09:44:53.427+0000] {processor.py:839} INFO - DAG(s) dict_keys(['example_weekday_branch_operator']) retrieved from /home/airflow/.local/lib/python3.8/site-packages/airflow/example_dags/example_branch_day_of_week_operator.py
[2023-12-06T09:44:53.452+0000] {logging_mixin.py:154} INFO - [2023-12-06T09:44:53.452+0000] {dag.py:2941} INFO - Sync 1 DAGs
[2023-12-06T09:44:53.482+0000] {logging_mixin.py:154} INFO - [2023-12-06T09:44:53.482+0000] {dag.py:3722} INFO - Setting next_dagrun for example_weekday_branch_operator to 2023-12-05T00:00:00+00:00, run_after=2023-12-06T00:00:00+00:00
[2023-12-06T09:44:53.503+0000] {processor.py:179} INFO - Processing /home/airflow/.local/lib/python3.8/site-packages/airflow/example_dags/example_branch_day_of_week_operator.py took 0.093 seconds
[2023-12-06T09:45:23.636+0000] {processor.py:157} INFO - Started process (PID=1036) to work on /home/airflow/.local/lib/python3.8/site-packages/airflow/example_dags/example_branch_day_of_week_operator.py
[2023-12-06T09:45:23.637+0000] {processor.py:829} INFO - Processing file /home/airflow/.local/lib/python3.8/site-packages/airflow/example_dags/example_branch_day_of_week_operator.py for tasks to queue
[2023-12-06T09:45:23.640+0000] {logging_mixin.py:154} INFO - [2023-12-06T09:45:23.640+0000] {dagbag.py:536} INFO - Filling up the DagBag from /home/airflow/.local/lib/python3.8/site-packages/airflow/example_dags/example_branch_day_of_week_operator.py
[2023-12-06T09:45:23.650+0000] {processor.py:839} INFO - DAG(s) dict_keys(['example_weekday_branch_operator']) retrieved from /home/airflow/.local/lib/python3.8/site-packages/airflow/example_dags/example_branch_day_of_week_operator.py
[2023-12-06T09:45:23.673+0000] {logging_mixin.py:154} INFO - [2023-12-06T09:45:23.672+0000] {dag.py:2941} INFO - Sync 1 DAGs
[2023-12-06T09:45:23.697+0000] {logging_mixin.py:154} INFO - [2023-12-06T09:45:23.697+0000] {dag.py:3722} INFO - Setting next_dagrun for example_weekday_branch_operator to 2023-12-05T00:00:00+00:00, run_after=2023-12-06T00:00:00+00:00
[2023-12-06T09:45:23.715+0000] {processor.py:179} INFO - Processing /home/airflow/.local/lib/python3.8/site-packages/airflow/example_dags/example_branch_day_of_week_operator.py took 0.083 seconds
[2023-12-06T09:45:53.766+0000] {processor.py:157} INFO - Started process (PID=1102) to work on /home/airflow/.local/lib/python3.8/site-packages/airflow/example_dags/example_branch_day_of_week_operator.py
[2023-12-06T09:45:53.767+0000] {processor.py:829} INFO - Processing file /home/airflow/.local/lib/python3.8/site-packages/airflow/example_dags/example_branch_day_of_week_operator.py for tasks to queue
[2023-12-06T09:45:53.770+0000] {logging_mixin.py:154} INFO - [2023-12-06T09:45:53.770+0000] {dagbag.py:536} INFO - Filling up the DagBag from /home/airflow/.local/lib/python3.8/site-packages/airflow/example_dags/example_branch_day_of_week_operator.py
[2023-12-06T09:45:53.779+0000] {processor.py:839} INFO - DAG(s) dict_keys(['example_weekday_branch_operator']) retrieved from /home/airflow/.local/lib/python3.8/site-packages/airflow/example_dags/example_branch_day_of_week_operator.py
[2023-12-06T09:45:53.803+0000] {logging_mixin.py:154} INFO - [2023-12-06T09:45:53.803+0000] {dag.py:2941} INFO - Sync 1 DAGs
[2023-12-06T09:45:53.831+0000] {logging_mixin.py:154} INFO - [2023-12-06T09:45:53.831+0000] {dag.py:3722} INFO - Setting next_dagrun for example_weekday_branch_operator to 2023-12-05T00:00:00+00:00, run_after=2023-12-06T00:00:00+00:00
[2023-12-06T09:45:53.849+0000] {processor.py:179} INFO - Processing /home/airflow/.local/lib/python3.8/site-packages/airflow/example_dags/example_branch_day_of_week_operator.py took 0.087 seconds
[2023-12-06T09:46:24.435+0000] {processor.py:157} INFO - Started process (PID=1159) to work on /home/airflow/.local/lib/python3.8/site-packages/airflow/example_dags/example_branch_day_of_week_operator.py
[2023-12-06T09:46:24.436+0000] {processor.py:829} INFO - Processing file /home/airflow/.local/lib/python3.8/site-packages/airflow/example_dags/example_branch_day_of_week_operator.py for tasks to queue
[2023-12-06T09:46:24.439+0000] {logging_mixin.py:154} INFO - [2023-12-06T09:46:24.438+0000] {dagbag.py:536} INFO - Filling up the DagBag from /home/airflow/.local/lib/python3.8/site-packages/airflow/example_dags/example_branch_day_of_week_operator.py
[2023-12-06T09:46:24.448+0000] {processor.py:839} INFO - DAG(s) dict_keys(['example_weekday_branch_operator']) retrieved from /home/airflow/.local/lib/python3.8/site-packages/airflow/example_dags/example_branch_day_of_week_operator.py
[2023-12-06T09:46:24.470+0000] {logging_mixin.py:154} INFO - [2023-12-06T09:46:24.469+0000] {dag.py:2941} INFO - Sync 1 DAGs
[2023-12-06T09:46:24.494+0000] {logging_mixin.py:154} INFO - [2023-12-06T09:46:24.494+0000] {dag.py:3722} INFO - Setting next_dagrun for example_weekday_branch_operator to 2023-12-05T00:00:00+00:00, run_after=2023-12-06T00:00:00+00:00
[2023-12-06T09:46:24.512+0000] {processor.py:179} INFO - Processing /home/airflow/.local/lib/python3.8/site-packages/airflow/example_dags/example_branch_day_of_week_operator.py took 0.081 seconds
[2023-12-06T09:46:54.763+0000] {processor.py:157} INFO - Started process (PID=1214) to work on /home/airflow/.local/lib/python3.8/site-packages/airflow/example_dags/example_branch_day_of_week_operator.py
[2023-12-06T09:46:54.765+0000] {processor.py:829} INFO - Processing file /home/airflow/.local/lib/python3.8/site-packages/airflow/example_dags/example_branch_day_of_week_operator.py for tasks to queue
[2023-12-06T09:46:54.767+0000] {logging_mixin.py:154} INFO - [2023-12-06T09:46:54.767+0000] {dagbag.py:536} INFO - Filling up the DagBag from /home/airflow/.local/lib/python3.8/site-packages/airflow/example_dags/example_branch_day_of_week_operator.py
[2023-12-06T09:46:54.776+0000] {processor.py:839} INFO - DAG(s) dict_keys(['example_weekday_branch_operator']) retrieved from /home/airflow/.local/lib/python3.8/site-packages/airflow/example_dags/example_branch_day_of_week_operator.py
[2023-12-06T09:46:54.800+0000] {logging_mixin.py:154} INFO - [2023-12-06T09:46:54.800+0000] {dag.py:2941} INFO - Sync 1 DAGs
[2023-12-06T09:46:54.828+0000] {logging_mixin.py:154} INFO - [2023-12-06T09:46:54.828+0000] {dag.py:3722} INFO - Setting next_dagrun for example_weekday_branch_operator to 2023-12-05T00:00:00+00:00, run_after=2023-12-06T00:00:00+00:00
[2023-12-06T09:46:54.846+0000] {processor.py:179} INFO - Processing /home/airflow/.local/lib/python3.8/site-packages/airflow/example_dags/example_branch_day_of_week_operator.py took 0.087 seconds
[2023-12-06T09:47:24.996+0000] {processor.py:157} INFO - Started process (PID=1270) to work on /home/airflow/.local/lib/python3.8/site-packages/airflow/example_dags/example_branch_day_of_week_operator.py
[2023-12-06T09:47:24.997+0000] {processor.py:829} INFO - Processing file /home/airflow/.local/lib/python3.8/site-packages/airflow/example_dags/example_branch_day_of_week_operator.py for tasks to queue
[2023-12-06T09:47:24.999+0000] {logging_mixin.py:154} INFO - [2023-12-06T09:47:24.999+0000] {dagbag.py:536} INFO - Filling up the DagBag from /home/airflow/.local/lib/python3.8/site-packages/airflow/example_dags/example_branch_day_of_week_operator.py
[2023-12-06T09:47:25.008+0000] {processor.py:839} INFO - DAG(s) dict_keys(['example_weekday_branch_operator']) retrieved from /home/airflow/.local/lib/python3.8/site-packages/airflow/example_dags/example_branch_day_of_week_operator.py
[2023-12-06T09:47:25.032+0000] {logging_mixin.py:154} INFO - [2023-12-06T09:47:25.032+0000] {dag.py:2941} INFO - Sync 1 DAGs
[2023-12-06T09:47:25.059+0000] {logging_mixin.py:154} INFO - [2023-12-06T09:47:25.059+0000] {dag.py:3722} INFO - Setting next_dagrun for example_weekday_branch_operator to 2023-12-05T00:00:00+00:00, run_after=2023-12-06T00:00:00+00:00
[2023-12-06T09:47:25.075+0000] {processor.py:179} INFO - Processing /home/airflow/.local/lib/python3.8/site-packages/airflow/example_dags/example_branch_day_of_week_operator.py took 0.084 seconds
[2023-12-06T09:47:55.699+0000] {processor.py:157} INFO - Started process (PID=1328) to work on /home/airflow/.local/lib/python3.8/site-packages/airflow/example_dags/example_branch_day_of_week_operator.py
[2023-12-06T09:47:55.701+0000] {processor.py:829} INFO - Processing file /home/airflow/.local/lib/python3.8/site-packages/airflow/example_dags/example_branch_day_of_week_operator.py for tasks to queue
[2023-12-06T09:47:55.702+0000] {logging_mixin.py:154} INFO - [2023-12-06T09:47:55.702+0000] {dagbag.py:536} INFO - Filling up the DagBag from /home/airflow/.local/lib/python3.8/site-packages/airflow/example_dags/example_branch_day_of_week_operator.py
[2023-12-06T09:47:55.711+0000] {processor.py:839} INFO - DAG(s) dict_keys(['example_weekday_branch_operator']) retrieved from /home/airflow/.local/lib/python3.8/site-packages/airflow/example_dags/example_branch_day_of_week_operator.py
[2023-12-06T09:47:55.735+0000] {logging_mixin.py:154} INFO - [2023-12-06T09:47:55.735+0000] {dag.py:2941} INFO - Sync 1 DAGs
[2023-12-06T09:47:55.759+0000] {logging_mixin.py:154} INFO - [2023-12-06T09:47:55.759+0000] {dag.py:3722} INFO - Setting next_dagrun for example_weekday_branch_operator to 2023-12-05T00:00:00+00:00, run_after=2023-12-06T00:00:00+00:00
[2023-12-06T09:47:55.778+0000] {processor.py:179} INFO - Processing /home/airflow/.local/lib/python3.8/site-packages/airflow/example_dags/example_branch_day_of_week_operator.py took 0.083 seconds
[2023-12-06T09:48:28.022+0000] {processor.py:157} INFO - Started process (PID=1389) to work on /home/airflow/.local/lib/python3.8/site-packages/airflow/example_dags/example_branch_day_of_week_operator.py
[2023-12-06T09:48:28.024+0000] {processor.py:829} INFO - Processing file /home/airflow/.local/lib/python3.8/site-packages/airflow/example_dags/example_branch_day_of_week_operator.py for tasks to queue
[2023-12-06T09:48:28.026+0000] {logging_mixin.py:154} INFO - [2023-12-06T09:48:28.025+0000] {dagbag.py:536} INFO - Filling up the DagBag from /home/airflow/.local/lib/python3.8/site-packages/airflow/example_dags/example_branch_day_of_week_operator.py
[2023-12-06T09:48:28.036+0000] {processor.py:839} INFO - DAG(s) dict_keys(['example_weekday_branch_operator']) retrieved from /home/airflow/.local/lib/python3.8/site-packages/airflow/example_dags/example_branch_day_of_week_operator.py
[2023-12-06T09:48:28.062+0000] {logging_mixin.py:154} INFO - [2023-12-06T09:48:28.061+0000] {dag.py:2941} INFO - Sync 1 DAGs
[2023-12-06T09:48:28.225+0000] {logging_mixin.py:154} INFO - [2023-12-06T09:48:28.224+0000] {dag.py:3722} INFO - Setting next_dagrun for example_weekday_branch_operator to 2023-12-05T00:00:00+00:00, run_after=2023-12-06T00:00:00+00:00
[2023-12-06T09:48:28.246+0000] {processor.py:179} INFO - Processing /home/airflow/.local/lib/python3.8/site-packages/airflow/example_dags/example_branch_day_of_week_operator.py took 0.228 seconds
[2023-12-06T09:48:58.428+0000] {processor.py:157} INFO - Started process (PID=1445) to work on /home/airflow/.local/lib/python3.8/site-packages/airflow/example_dags/example_branch_day_of_week_operator.py
[2023-12-06T09:48:58.430+0000] {processor.py:829} INFO - Processing file /home/airflow/.local/lib/python3.8/site-packages/airflow/example_dags/example_branch_day_of_week_operator.py for tasks to queue
[2023-12-06T09:48:58.431+0000] {logging_mixin.py:154} INFO - [2023-12-06T09:48:58.431+0000] {dagbag.py:536} INFO - Filling up the DagBag from /home/airflow/.local/lib/python3.8/site-packages/airflow/example_dags/example_branch_day_of_week_operator.py
[2023-12-06T09:48:58.440+0000] {processor.py:839} INFO - DAG(s) dict_keys(['example_weekday_branch_operator']) retrieved from /home/airflow/.local/lib/python3.8/site-packages/airflow/example_dags/example_branch_day_of_week_operator.py
[2023-12-06T09:48:58.464+0000] {logging_mixin.py:154} INFO - [2023-12-06T09:48:58.464+0000] {dag.py:2941} INFO - Sync 1 DAGs
[2023-12-06T09:48:58.489+0000] {logging_mixin.py:154} INFO - [2023-12-06T09:48:58.489+0000] {dag.py:3722} INFO - Setting next_dagrun for example_weekday_branch_operator to 2023-12-05T00:00:00+00:00, run_after=2023-12-06T00:00:00+00:00
[2023-12-06T09:48:58.506+0000] {processor.py:179} INFO - Processing /home/airflow/.local/lib/python3.8/site-packages/airflow/example_dags/example_branch_day_of_week_operator.py took 0.082 seconds
[2023-12-06T09:49:28.869+0000] {processor.py:157} INFO - Started process (PID=1509) to work on /home/airflow/.local/lib/python3.8/site-packages/airflow/example_dags/example_branch_day_of_week_operator.py
[2023-12-06T09:49:28.871+0000] {processor.py:829} INFO - Processing file /home/airflow/.local/lib/python3.8/site-packages/airflow/example_dags/example_branch_day_of_week_operator.py for tasks to queue
[2023-12-06T09:49:28.872+0000] {logging_mixin.py:154} INFO - [2023-12-06T09:49:28.872+0000] {dagbag.py:536} INFO - Filling up the DagBag from /home/airflow/.local/lib/python3.8/site-packages/airflow/example_dags/example_branch_day_of_week_operator.py
[2023-12-06T09:49:28.882+0000] {processor.py:839} INFO - DAG(s) dict_keys(['example_weekday_branch_operator']) retrieved from /home/airflow/.local/lib/python3.8/site-packages/airflow/example_dags/example_branch_day_of_week_operator.py
[2023-12-06T09:49:28.907+0000] {logging_mixin.py:154} INFO - [2023-12-06T09:49:28.907+0000] {dag.py:2941} INFO - Sync 1 DAGs
[2023-12-06T09:49:28.933+0000] {logging_mixin.py:154} INFO - [2023-12-06T09:49:28.933+0000] {dag.py:3722} INFO - Setting next_dagrun for example_weekday_branch_operator to 2023-12-05T00:00:00+00:00, run_after=2023-12-06T00:00:00+00:00
[2023-12-06T09:49:28.950+0000] {processor.py:179} INFO - Processing /home/airflow/.local/lib/python3.8/site-packages/airflow/example_dags/example_branch_day_of_week_operator.py took 0.084 seconds
[2023-12-06T09:50:00.185+0000] {processor.py:157} INFO - Started process (PID=1565) to work on /home/airflow/.local/lib/python3.8/site-packages/airflow/example_dags/example_branch_day_of_week_operator.py
[2023-12-06T09:50:00.187+0000] {processor.py:829} INFO - Processing file /home/airflow/.local/lib/python3.8/site-packages/airflow/example_dags/example_branch_day_of_week_operator.py for tasks to queue
[2023-12-06T09:50:00.188+0000] {logging_mixin.py:154} INFO - [2023-12-06T09:50:00.188+0000] {dagbag.py:536} INFO - Filling up the DagBag from /home/airflow/.local/lib/python3.8/site-packages/airflow/example_dags/example_branch_day_of_week_operator.py
[2023-12-06T09:50:00.197+0000] {processor.py:839} INFO - DAG(s) dict_keys(['example_weekday_branch_operator']) retrieved from /home/airflow/.local/lib/python3.8/site-packages/airflow/example_dags/example_branch_day_of_week_operator.py
[2023-12-06T09:50:00.223+0000] {logging_mixin.py:154} INFO - [2023-12-06T09:50:00.223+0000] {dag.py:2941} INFO - Sync 1 DAGs
[2023-12-06T09:50:00.390+0000] {logging_mixin.py:154} INFO - [2023-12-06T09:50:00.389+0000] {dag.py:3722} INFO - Setting next_dagrun for example_weekday_branch_operator to 2023-12-05T00:00:00+00:00, run_after=2023-12-06T00:00:00+00:00
[2023-12-06T09:50:00.412+0000] {processor.py:179} INFO - Processing /home/airflow/.local/lib/python3.8/site-packages/airflow/example_dags/example_branch_day_of_week_operator.py took 0.230 seconds
[2023-12-06T09:50:30.988+0000] {processor.py:157} INFO - Started process (PID=1620) to work on /home/airflow/.local/lib/python3.8/site-packages/airflow/example_dags/example_branch_day_of_week_operator.py
[2023-12-06T09:50:30.990+0000] {processor.py:829} INFO - Processing file /home/airflow/.local/lib/python3.8/site-packages/airflow/example_dags/example_branch_day_of_week_operator.py for tasks to queue
[2023-12-06T09:50:30.993+0000] {logging_mixin.py:154} INFO - [2023-12-06T09:50:30.992+0000] {dagbag.py:536} INFO - Filling up the DagBag from /home/airflow/.local/lib/python3.8/site-packages/airflow/example_dags/example_branch_day_of_week_operator.py
[2023-12-06T09:50:31.008+0000] {processor.py:839} INFO - DAG(s) dict_keys(['example_weekday_branch_operator']) retrieved from /home/airflow/.local/lib/python3.8/site-packages/airflow/example_dags/example_branch_day_of_week_operator.py
[2023-12-06T09:50:31.073+0000] {logging_mixin.py:154} INFO - [2023-12-06T09:50:31.072+0000] {dag.py:2941} INFO - Sync 1 DAGs
[2023-12-06T09:50:31.268+0000] {logging_mixin.py:154} INFO - [2023-12-06T09:50:31.267+0000] {dag.py:3722} INFO - Setting next_dagrun for example_weekday_branch_operator to 2023-12-05T00:00:00+00:00, run_after=2023-12-06T00:00:00+00:00
[2023-12-06T09:50:31.291+0000] {processor.py:179} INFO - Processing /home/airflow/.local/lib/python3.8/site-packages/airflow/example_dags/example_branch_day_of_week_operator.py took 0.309 seconds
