[2023-12-06T09:36:16.130+0000] {processor.py:157} INFO - Started process (PID=65) to work on /home/airflow/.local/lib/python3.8/site-packages/airflow/example_dags/example_python_operator.py
[2023-12-06T09:36:16.131+0000] {processor.py:829} INFO - Processing file /home/airflow/.local/lib/python3.8/site-packages/airflow/example_dags/example_python_operator.py for tasks to queue
[2023-12-06T09:36:16.134+0000] {logging_mixin.py:154} INFO - [2023-12-06T09:36:16.134+0000] {dagbag.py:536} INFO - Filling up the DagBag from /home/airflow/.local/lib/python3.8/site-packages/airflow/example_dags/example_python_operator.py
[2023-12-06T09:36:16.150+0000] {processor.py:839} INFO - DAG(s) dict_keys(['example_python_operator']) retrieved from /home/airflow/.local/lib/python3.8/site-packages/airflow/example_dags/example_python_operator.py
[2023-12-06T09:36:16.269+0000] {logging_mixin.py:154} INFO - [2023-12-06T09:36:16.269+0000] {manager.py:499} INFO - Created Permission View: %s
[2023-12-06T09:36:16.282+0000] {logging_mixin.py:154} INFO - [2023-12-06T09:36:16.282+0000] {manager.py:499} INFO - Created Permission View: %s
[2023-12-06T09:36:16.289+0000] {logging_mixin.py:154} INFO - [2023-12-06T09:36:16.289+0000] {manager.py:499} INFO - Created Permission View: %s
[2023-12-06T09:36:16.290+0000] {logging_mixin.py:154} INFO - [2023-12-06T09:36:16.290+0000] {dag.py:2941} INFO - Sync 1 DAGs
[2023-12-06T09:36:16.303+0000] {logging_mixin.py:154} INFO - [2023-12-06T09:36:16.302+0000] {dag.py:2963} INFO - Creating ORM DAG for example_python_operator
[2023-12-06T09:36:16.304+0000] {logging_mixin.py:154} INFO - [2023-12-06T09:36:16.304+0000] {dag.py:3722} INFO - Setting next_dagrun for example_python_operator to None, run_after=None
[2023-12-06T09:36:16.321+0000] {processor.py:179} INFO - Processing /home/airflow/.local/lib/python3.8/site-packages/airflow/example_dags/example_python_operator.py took 0.195 seconds
[2023-12-06T09:36:47.148+0000] {processor.py:157} INFO - Started process (PID=119) to work on /home/airflow/.local/lib/python3.8/site-packages/airflow/example_dags/example_python_operator.py
[2023-12-06T09:36:47.150+0000] {processor.py:829} INFO - Processing file /home/airflow/.local/lib/python3.8/site-packages/airflow/example_dags/example_python_operator.py for tasks to queue
[2023-12-06T09:36:47.153+0000] {logging_mixin.py:154} INFO - [2023-12-06T09:36:47.153+0000] {dagbag.py:536} INFO - Filling up the DagBag from /home/airflow/.local/lib/python3.8/site-packages/airflow/example_dags/example_python_operator.py
[2023-12-06T09:36:47.166+0000] {processor.py:839} INFO - DAG(s) dict_keys(['example_python_operator']) retrieved from /home/airflow/.local/lib/python3.8/site-packages/airflow/example_dags/example_python_operator.py
[2023-12-06T09:36:47.191+0000] {logging_mixin.py:154} INFO - [2023-12-06T09:36:47.191+0000] {dag.py:2941} INFO - Sync 1 DAGs
[2023-12-06T09:36:47.206+0000] {logging_mixin.py:154} INFO - [2023-12-06T09:36:47.206+0000] {dag.py:3722} INFO - Setting next_dagrun for example_python_operator to None, run_after=None
[2023-12-06T09:36:47.224+0000] {processor.py:179} INFO - Processing /home/airflow/.local/lib/python3.8/site-packages/airflow/example_dags/example_python_operator.py took 0.080 seconds
[2023-12-06T09:37:17.966+0000] {processor.py:157} INFO - Started process (PID=173) to work on /home/airflow/.local/lib/python3.8/site-packages/airflow/example_dags/example_python_operator.py
[2023-12-06T09:37:17.968+0000] {processor.py:829} INFO - Processing file /home/airflow/.local/lib/python3.8/site-packages/airflow/example_dags/example_python_operator.py for tasks to queue
[2023-12-06T09:37:17.971+0000] {logging_mixin.py:154} INFO - [2023-12-06T09:37:17.970+0000] {dagbag.py:536} INFO - Filling up the DagBag from /home/airflow/.local/lib/python3.8/site-packages/airflow/example_dags/example_python_operator.py
[2023-12-06T09:37:17.985+0000] {processor.py:839} INFO - DAG(s) dict_keys(['example_python_operator']) retrieved from /home/airflow/.local/lib/python3.8/site-packages/airflow/example_dags/example_python_operator.py
[2023-12-06T09:37:18.009+0000] {logging_mixin.py:154} INFO - [2023-12-06T09:37:18.009+0000] {dag.py:2941} INFO - Sync 1 DAGs
[2023-12-06T09:37:18.024+0000] {logging_mixin.py:154} INFO - [2023-12-06T09:37:18.024+0000] {dag.py:3722} INFO - Setting next_dagrun for example_python_operator to None, run_after=None
[2023-12-06T09:37:18.043+0000] {processor.py:179} INFO - Processing /home/airflow/.local/lib/python3.8/site-packages/airflow/example_dags/example_python_operator.py took 0.080 seconds
[2023-12-06T09:37:48.774+0000] {processor.py:157} INFO - Started process (PID=227) to work on /home/airflow/.local/lib/python3.8/site-packages/airflow/example_dags/example_python_operator.py
[2023-12-06T09:37:48.776+0000] {processor.py:829} INFO - Processing file /home/airflow/.local/lib/python3.8/site-packages/airflow/example_dags/example_python_operator.py for tasks to queue
[2023-12-06T09:37:48.779+0000] {logging_mixin.py:154} INFO - [2023-12-06T09:37:48.779+0000] {dagbag.py:536} INFO - Filling up the DagBag from /home/airflow/.local/lib/python3.8/site-packages/airflow/example_dags/example_python_operator.py
[2023-12-06T09:37:48.790+0000] {processor.py:839} INFO - DAG(s) dict_keys(['example_python_operator']) retrieved from /home/airflow/.local/lib/python3.8/site-packages/airflow/example_dags/example_python_operator.py
[2023-12-06T09:37:48.815+0000] {logging_mixin.py:154} INFO - [2023-12-06T09:37:48.815+0000] {dag.py:2941} INFO - Sync 1 DAGs
[2023-12-06T09:37:48.828+0000] {logging_mixin.py:154} INFO - [2023-12-06T09:37:48.828+0000] {dag.py:3722} INFO - Setting next_dagrun for example_python_operator to None, run_after=None
[2023-12-06T09:37:48.847+0000] {processor.py:179} INFO - Processing /home/airflow/.local/lib/python3.8/site-packages/airflow/example_dags/example_python_operator.py took 0.076 seconds
[2023-12-06T09:38:19.560+0000] {processor.py:157} INFO - Started process (PID=281) to work on /home/airflow/.local/lib/python3.8/site-packages/airflow/example_dags/example_python_operator.py
[2023-12-06T09:38:19.562+0000] {processor.py:829} INFO - Processing file /home/airflow/.local/lib/python3.8/site-packages/airflow/example_dags/example_python_operator.py for tasks to queue
[2023-12-06T09:38:19.564+0000] {logging_mixin.py:154} INFO - [2023-12-06T09:38:19.564+0000] {dagbag.py:536} INFO - Filling up the DagBag from /home/airflow/.local/lib/python3.8/site-packages/airflow/example_dags/example_python_operator.py
[2023-12-06T09:38:19.576+0000] {processor.py:839} INFO - DAG(s) dict_keys(['example_python_operator']) retrieved from /home/airflow/.local/lib/python3.8/site-packages/airflow/example_dags/example_python_operator.py
[2023-12-06T09:38:19.601+0000] {logging_mixin.py:154} INFO - [2023-12-06T09:38:19.601+0000] {dag.py:2941} INFO - Sync 1 DAGs
[2023-12-06T09:38:19.615+0000] {logging_mixin.py:154} INFO - [2023-12-06T09:38:19.615+0000] {dag.py:3722} INFO - Setting next_dagrun for example_python_operator to None, run_after=None
[2023-12-06T09:38:19.634+0000] {processor.py:179} INFO - Processing /home/airflow/.local/lib/python3.8/site-packages/airflow/example_dags/example_python_operator.py took 0.078 seconds
[2023-12-06T09:38:50.566+0000] {processor.py:157} INFO - Started process (PID=336) to work on /home/airflow/.local/lib/python3.8/site-packages/airflow/example_dags/example_python_operator.py
[2023-12-06T09:38:50.568+0000] {processor.py:829} INFO - Processing file /home/airflow/.local/lib/python3.8/site-packages/airflow/example_dags/example_python_operator.py for tasks to queue
[2023-12-06T09:38:50.570+0000] {logging_mixin.py:154} INFO - [2023-12-06T09:38:50.570+0000] {dagbag.py:536} INFO - Filling up the DagBag from /home/airflow/.local/lib/python3.8/site-packages/airflow/example_dags/example_python_operator.py
[2023-12-06T09:38:50.581+0000] {processor.py:839} INFO - DAG(s) dict_keys(['example_python_operator']) retrieved from /home/airflow/.local/lib/python3.8/site-packages/airflow/example_dags/example_python_operator.py
[2023-12-06T09:38:50.606+0000] {logging_mixin.py:154} INFO - [2023-12-06T09:38:50.606+0000] {dag.py:2941} INFO - Sync 1 DAGs
[2023-12-06T09:38:50.620+0000] {logging_mixin.py:154} INFO - [2023-12-06T09:38:50.620+0000] {dag.py:3722} INFO - Setting next_dagrun for example_python_operator to None, run_after=None
[2023-12-06T09:38:50.638+0000] {processor.py:179} INFO - Processing /home/airflow/.local/lib/python3.8/site-packages/airflow/example_dags/example_python_operator.py took 0.076 seconds
[2023-12-06T09:39:20.796+0000] {processor.py:157} INFO - Started process (PID=390) to work on /home/airflow/.local/lib/python3.8/site-packages/airflow/example_dags/example_python_operator.py
[2023-12-06T09:39:20.797+0000] {processor.py:829} INFO - Processing file /home/airflow/.local/lib/python3.8/site-packages/airflow/example_dags/example_python_operator.py for tasks to queue
[2023-12-06T09:39:20.800+0000] {logging_mixin.py:154} INFO - [2023-12-06T09:39:20.800+0000] {dagbag.py:536} INFO - Filling up the DagBag from /home/airflow/.local/lib/python3.8/site-packages/airflow/example_dags/example_python_operator.py
[2023-12-06T09:39:20.811+0000] {processor.py:839} INFO - DAG(s) dict_keys(['example_python_operator']) retrieved from /home/airflow/.local/lib/python3.8/site-packages/airflow/example_dags/example_python_operator.py
[2023-12-06T09:39:20.835+0000] {logging_mixin.py:154} INFO - [2023-12-06T09:39:20.835+0000] {dag.py:2941} INFO - Sync 1 DAGs
[2023-12-06T09:39:20.848+0000] {logging_mixin.py:154} INFO - [2023-12-06T09:39:20.848+0000] {dag.py:3722} INFO - Setting next_dagrun for example_python_operator to None, run_after=None
[2023-12-06T09:39:20.866+0000] {processor.py:179} INFO - Processing /home/airflow/.local/lib/python3.8/site-packages/airflow/example_dags/example_python_operator.py took 0.074 seconds
[2023-12-06T09:39:51.022+0000] {processor.py:157} INFO - Started process (PID=444) to work on /home/airflow/.local/lib/python3.8/site-packages/airflow/example_dags/example_python_operator.py
[2023-12-06T09:39:51.023+0000] {processor.py:829} INFO - Processing file /home/airflow/.local/lib/python3.8/site-packages/airflow/example_dags/example_python_operator.py for tasks to queue
[2023-12-06T09:39:51.026+0000] {logging_mixin.py:154} INFO - [2023-12-06T09:39:51.026+0000] {dagbag.py:536} INFO - Filling up the DagBag from /home/airflow/.local/lib/python3.8/site-packages/airflow/example_dags/example_python_operator.py
[2023-12-06T09:39:51.037+0000] {processor.py:839} INFO - DAG(s) dict_keys(['example_python_operator']) retrieved from /home/airflow/.local/lib/python3.8/site-packages/airflow/example_dags/example_python_operator.py
[2023-12-06T09:39:51.062+0000] {logging_mixin.py:154} INFO - [2023-12-06T09:39:51.062+0000] {dag.py:2941} INFO - Sync 1 DAGs
[2023-12-06T09:39:51.075+0000] {logging_mixin.py:154} INFO - [2023-12-06T09:39:51.075+0000] {dag.py:3722} INFO - Setting next_dagrun for example_python_operator to None, run_after=None
[2023-12-06T09:39:51.095+0000] {processor.py:179} INFO - Processing /home/airflow/.local/lib/python3.8/site-packages/airflow/example_dags/example_python_operator.py took 0.077 seconds
[2023-12-06T09:40:21.298+0000] {processor.py:157} INFO - Started process (PID=499) to work on /home/airflow/.local/lib/python3.8/site-packages/airflow/example_dags/example_python_operator.py
[2023-12-06T09:40:21.299+0000] {processor.py:829} INFO - Processing file /home/airflow/.local/lib/python3.8/site-packages/airflow/example_dags/example_python_operator.py for tasks to queue
[2023-12-06T09:40:21.302+0000] {logging_mixin.py:154} INFO - [2023-12-06T09:40:21.302+0000] {dagbag.py:536} INFO - Filling up the DagBag from /home/airflow/.local/lib/python3.8/site-packages/airflow/example_dags/example_python_operator.py
[2023-12-06T09:40:21.313+0000] {processor.py:839} INFO - DAG(s) dict_keys(['example_python_operator']) retrieved from /home/airflow/.local/lib/python3.8/site-packages/airflow/example_dags/example_python_operator.py
[2023-12-06T09:40:21.337+0000] {logging_mixin.py:154} INFO - [2023-12-06T09:40:21.336+0000] {dag.py:2941} INFO - Sync 1 DAGs
[2023-12-06T09:40:21.349+0000] {logging_mixin.py:154} INFO - [2023-12-06T09:40:21.349+0000] {dag.py:3722} INFO - Setting next_dagrun for example_python_operator to None, run_after=None
[2023-12-06T09:40:21.368+0000] {processor.py:179} INFO - Processing /home/airflow/.local/lib/python3.8/site-packages/airflow/example_dags/example_python_operator.py took 0.074 seconds
[2023-12-06T09:40:51.507+0000] {processor.py:157} INFO - Started process (PID=553) to work on /home/airflow/.local/lib/python3.8/site-packages/airflow/example_dags/example_python_operator.py
[2023-12-06T09:40:51.508+0000] {processor.py:829} INFO - Processing file /home/airflow/.local/lib/python3.8/site-packages/airflow/example_dags/example_python_operator.py for tasks to queue
[2023-12-06T09:40:51.511+0000] {logging_mixin.py:154} INFO - [2023-12-06T09:40:51.511+0000] {dagbag.py:536} INFO - Filling up the DagBag from /home/airflow/.local/lib/python3.8/site-packages/airflow/example_dags/example_python_operator.py
[2023-12-06T09:40:51.523+0000] {processor.py:839} INFO - DAG(s) dict_keys(['example_python_operator']) retrieved from /home/airflow/.local/lib/python3.8/site-packages/airflow/example_dags/example_python_operator.py
[2023-12-06T09:40:51.548+0000] {logging_mixin.py:154} INFO - [2023-12-06T09:40:51.547+0000] {dag.py:2941} INFO - Sync 1 DAGs
[2023-12-06T09:40:51.561+0000] {logging_mixin.py:154} INFO - [2023-12-06T09:40:51.561+0000] {dag.py:3722} INFO - Setting next_dagrun for example_python_operator to None, run_after=None
[2023-12-06T09:40:51.581+0000] {processor.py:179} INFO - Processing /home/airflow/.local/lib/python3.8/site-packages/airflow/example_dags/example_python_operator.py took 0.078 seconds
[2023-12-06T09:41:21.756+0000] {processor.py:157} INFO - Started process (PID=607) to work on /home/airflow/.local/lib/python3.8/site-packages/airflow/example_dags/example_python_operator.py
[2023-12-06T09:41:21.770+0000] {processor.py:829} INFO - Processing file /home/airflow/.local/lib/python3.8/site-packages/airflow/example_dags/example_python_operator.py for tasks to queue
[2023-12-06T09:41:21.776+0000] {logging_mixin.py:154} INFO - [2023-12-06T09:41:21.776+0000] {dagbag.py:536} INFO - Filling up the DagBag from /home/airflow/.local/lib/python3.8/site-packages/airflow/example_dags/example_python_operator.py
[2023-12-06T09:41:21.796+0000] {processor.py:839} INFO - DAG(s) dict_keys(['example_python_operator']) retrieved from /home/airflow/.local/lib/python3.8/site-packages/airflow/example_dags/example_python_operator.py
[2023-12-06T09:41:21.828+0000] {logging_mixin.py:154} INFO - [2023-12-06T09:41:21.827+0000] {dag.py:2941} INFO - Sync 1 DAGs
[2023-12-06T09:41:21.842+0000] {logging_mixin.py:154} INFO - [2023-12-06T09:41:21.842+0000] {dag.py:3722} INFO - Setting next_dagrun for example_python_operator to None, run_after=None
[2023-12-06T09:41:21.868+0000] {processor.py:179} INFO - Processing /home/airflow/.local/lib/python3.8/site-packages/airflow/example_dags/example_python_operator.py took 0.117 seconds
[2023-12-06T09:41:52.152+0000] {processor.py:157} INFO - Started process (PID=661) to work on /home/airflow/.local/lib/python3.8/site-packages/airflow/example_dags/example_python_operator.py
[2023-12-06T09:41:52.154+0000] {processor.py:829} INFO - Processing file /home/airflow/.local/lib/python3.8/site-packages/airflow/example_dags/example_python_operator.py for tasks to queue
[2023-12-06T09:41:52.156+0000] {logging_mixin.py:154} INFO - [2023-12-06T09:41:52.156+0000] {dagbag.py:536} INFO - Filling up the DagBag from /home/airflow/.local/lib/python3.8/site-packages/airflow/example_dags/example_python_operator.py
[2023-12-06T09:41:52.168+0000] {processor.py:839} INFO - DAG(s) dict_keys(['example_python_operator']) retrieved from /home/airflow/.local/lib/python3.8/site-packages/airflow/example_dags/example_python_operator.py
[2023-12-06T09:41:52.193+0000] {logging_mixin.py:154} INFO - [2023-12-06T09:41:52.193+0000] {dag.py:2941} INFO - Sync 1 DAGs
[2023-12-06T09:41:52.207+0000] {logging_mixin.py:154} INFO - [2023-12-06T09:41:52.207+0000] {dag.py:3722} INFO - Setting next_dagrun for example_python_operator to None, run_after=None
[2023-12-06T09:41:52.226+0000] {processor.py:179} INFO - Processing /home/airflow/.local/lib/python3.8/site-packages/airflow/example_dags/example_python_operator.py took 0.079 seconds
[2023-12-06T09:42:22.782+0000] {processor.py:157} INFO - Started process (PID=715) to work on /home/airflow/.local/lib/python3.8/site-packages/airflow/example_dags/example_python_operator.py
[2023-12-06T09:42:22.784+0000] {processor.py:829} INFO - Processing file /home/airflow/.local/lib/python3.8/site-packages/airflow/example_dags/example_python_operator.py for tasks to queue
[2023-12-06T09:42:22.787+0000] {logging_mixin.py:154} INFO - [2023-12-06T09:42:22.787+0000] {dagbag.py:536} INFO - Filling up the DagBag from /home/airflow/.local/lib/python3.8/site-packages/airflow/example_dags/example_python_operator.py
[2023-12-06T09:42:22.801+0000] {processor.py:839} INFO - DAG(s) dict_keys(['example_python_operator']) retrieved from /home/airflow/.local/lib/python3.8/site-packages/airflow/example_dags/example_python_operator.py
[2023-12-06T09:42:22.833+0000] {logging_mixin.py:154} INFO - [2023-12-06T09:42:22.832+0000] {dag.py:2941} INFO - Sync 1 DAGs
[2023-12-06T09:42:22.849+0000] {logging_mixin.py:154} INFO - [2023-12-06T09:42:22.849+0000] {dag.py:3722} INFO - Setting next_dagrun for example_python_operator to None, run_after=None
[2023-12-06T09:42:22.873+0000] {processor.py:179} INFO - Processing /home/airflow/.local/lib/python3.8/site-packages/airflow/example_dags/example_python_operator.py took 0.096 seconds
[2023-12-06T09:42:52.990+0000] {processor.py:157} INFO - Started process (PID=769) to work on /home/airflow/.local/lib/python3.8/site-packages/airflow/example_dags/example_python_operator.py
[2023-12-06T09:42:53.003+0000] {processor.py:829} INFO - Processing file /home/airflow/.local/lib/python3.8/site-packages/airflow/example_dags/example_python_operator.py for tasks to queue
[2023-12-06T09:42:53.039+0000] {logging_mixin.py:154} INFO - [2023-12-06T09:42:53.038+0000] {dagbag.py:536} INFO - Filling up the DagBag from /home/airflow/.local/lib/python3.8/site-packages/airflow/example_dags/example_python_operator.py
[2023-12-06T09:42:53.051+0000] {processor.py:839} INFO - DAG(s) dict_keys(['example_python_operator']) retrieved from /home/airflow/.local/lib/python3.8/site-packages/airflow/example_dags/example_python_operator.py
[2023-12-06T09:42:53.087+0000] {logging_mixin.py:154} INFO - [2023-12-06T09:42:53.087+0000] {dag.py:2941} INFO - Sync 1 DAGs
[2023-12-06T09:42:53.112+0000] {logging_mixin.py:154} INFO - [2023-12-06T09:42:53.112+0000] {dag.py:3722} INFO - Setting next_dagrun for example_python_operator to None, run_after=None
[2023-12-06T09:42:53.141+0000] {processor.py:179} INFO - Processing /home/airflow/.local/lib/python3.8/site-packages/airflow/example_dags/example_python_operator.py took 0.155 seconds
[2023-12-06T09:43:24.035+0000] {processor.py:157} INFO - Started process (PID=824) to work on /home/airflow/.local/lib/python3.8/site-packages/airflow/example_dags/example_python_operator.py
[2023-12-06T09:43:24.037+0000] {processor.py:829} INFO - Processing file /home/airflow/.local/lib/python3.8/site-packages/airflow/example_dags/example_python_operator.py for tasks to queue
[2023-12-06T09:43:24.040+0000] {logging_mixin.py:154} INFO - [2023-12-06T09:43:24.039+0000] {dagbag.py:536} INFO - Filling up the DagBag from /home/airflow/.local/lib/python3.8/site-packages/airflow/example_dags/example_python_operator.py
[2023-12-06T09:43:24.050+0000] {processor.py:839} INFO - DAG(s) dict_keys(['example_python_operator']) retrieved from /home/airflow/.local/lib/python3.8/site-packages/airflow/example_dags/example_python_operator.py
[2023-12-06T09:43:24.088+0000] {logging_mixin.py:154} INFO - [2023-12-06T09:43:24.088+0000] {dag.py:2941} INFO - Sync 1 DAGs
[2023-12-06T09:43:24.103+0000] {logging_mixin.py:154} INFO - [2023-12-06T09:43:24.103+0000] {dag.py:3722} INFO - Setting next_dagrun for example_python_operator to None, run_after=None
[2023-12-06T09:43:24.144+0000] {processor.py:179} INFO - Processing /home/airflow/.local/lib/python3.8/site-packages/airflow/example_dags/example_python_operator.py took 0.113 seconds
[2023-12-06T09:43:54.242+0000] {processor.py:157} INFO - Started process (PID=878) to work on /home/airflow/.local/lib/python3.8/site-packages/airflow/example_dags/example_python_operator.py
[2023-12-06T09:43:54.244+0000] {processor.py:829} INFO - Processing file /home/airflow/.local/lib/python3.8/site-packages/airflow/example_dags/example_python_operator.py for tasks to queue
[2023-12-06T09:43:54.246+0000] {logging_mixin.py:154} INFO - [2023-12-06T09:43:54.246+0000] {dagbag.py:536} INFO - Filling up the DagBag from /home/airflow/.local/lib/python3.8/site-packages/airflow/example_dags/example_python_operator.py
[2023-12-06T09:43:54.257+0000] {processor.py:839} INFO - DAG(s) dict_keys(['example_python_operator']) retrieved from /home/airflow/.local/lib/python3.8/site-packages/airflow/example_dags/example_python_operator.py
[2023-12-06T09:43:54.283+0000] {logging_mixin.py:154} INFO - [2023-12-06T09:43:54.283+0000] {dag.py:2941} INFO - Sync 1 DAGs
[2023-12-06T09:43:54.296+0000] {logging_mixin.py:154} INFO - [2023-12-06T09:43:54.296+0000] {dag.py:3722} INFO - Setting next_dagrun for example_python_operator to None, run_after=None
[2023-12-06T09:43:54.314+0000] {processor.py:179} INFO - Processing /home/airflow/.local/lib/python3.8/site-packages/airflow/example_dags/example_python_operator.py took 0.076 seconds
[2023-12-06T09:44:24.462+0000] {processor.py:157} INFO - Started process (PID=932) to work on /home/airflow/.local/lib/python3.8/site-packages/airflow/example_dags/example_python_operator.py
[2023-12-06T09:44:24.465+0000] {processor.py:829} INFO - Processing file /home/airflow/.local/lib/python3.8/site-packages/airflow/example_dags/example_python_operator.py for tasks to queue
[2023-12-06T09:44:24.467+0000] {logging_mixin.py:154} INFO - [2023-12-06T09:44:24.467+0000] {dagbag.py:536} INFO - Filling up the DagBag from /home/airflow/.local/lib/python3.8/site-packages/airflow/example_dags/example_python_operator.py
[2023-12-06T09:44:24.480+0000] {processor.py:839} INFO - DAG(s) dict_keys(['example_python_operator']) retrieved from /home/airflow/.local/lib/python3.8/site-packages/airflow/example_dags/example_python_operator.py
[2023-12-06T09:44:24.504+0000] {logging_mixin.py:154} INFO - [2023-12-06T09:44:24.504+0000] {dag.py:2941} INFO - Sync 1 DAGs
[2023-12-06T09:44:24.518+0000] {logging_mixin.py:154} INFO - [2023-12-06T09:44:24.518+0000] {dag.py:3722} INFO - Setting next_dagrun for example_python_operator to None, run_after=None
[2023-12-06T09:44:24.535+0000] {processor.py:179} INFO - Processing /home/airflow/.local/lib/python3.8/site-packages/airflow/example_dags/example_python_operator.py took 0.077 seconds
[2023-12-06T09:44:54.644+0000] {processor.py:157} INFO - Started process (PID=986) to work on /home/airflow/.local/lib/python3.8/site-packages/airflow/example_dags/example_python_operator.py
[2023-12-06T09:44:54.646+0000] {processor.py:829} INFO - Processing file /home/airflow/.local/lib/python3.8/site-packages/airflow/example_dags/example_python_operator.py for tasks to queue
[2023-12-06T09:44:54.649+0000] {logging_mixin.py:154} INFO - [2023-12-06T09:44:54.649+0000] {dagbag.py:536} INFO - Filling up the DagBag from /home/airflow/.local/lib/python3.8/site-packages/airflow/example_dags/example_python_operator.py
[2023-12-06T09:44:54.662+0000] {processor.py:839} INFO - DAG(s) dict_keys(['example_python_operator']) retrieved from /home/airflow/.local/lib/python3.8/site-packages/airflow/example_dags/example_python_operator.py
[2023-12-06T09:44:54.687+0000] {logging_mixin.py:154} INFO - [2023-12-06T09:44:54.687+0000] {dag.py:2941} INFO - Sync 1 DAGs
[2023-12-06T09:44:54.701+0000] {logging_mixin.py:154} INFO - [2023-12-06T09:44:54.701+0000] {dag.py:3722} INFO - Setting next_dagrun for example_python_operator to None, run_after=None
[2023-12-06T09:44:54.719+0000] {processor.py:179} INFO - Processing /home/airflow/.local/lib/python3.8/site-packages/airflow/example_dags/example_python_operator.py took 0.081 seconds
[2023-12-06T09:45:24.834+0000] {processor.py:157} INFO - Started process (PID=1040) to work on /home/airflow/.local/lib/python3.8/site-packages/airflow/example_dags/example_python_operator.py
[2023-12-06T09:45:24.836+0000] {processor.py:829} INFO - Processing file /home/airflow/.local/lib/python3.8/site-packages/airflow/example_dags/example_python_operator.py for tasks to queue
[2023-12-06T09:45:24.839+0000] {logging_mixin.py:154} INFO - [2023-12-06T09:45:24.838+0000] {dagbag.py:536} INFO - Filling up the DagBag from /home/airflow/.local/lib/python3.8/site-packages/airflow/example_dags/example_python_operator.py
[2023-12-06T09:45:24.851+0000] {processor.py:839} INFO - DAG(s) dict_keys(['example_python_operator']) retrieved from /home/airflow/.local/lib/python3.8/site-packages/airflow/example_dags/example_python_operator.py
[2023-12-06T09:45:24.877+0000] {logging_mixin.py:154} INFO - [2023-12-06T09:45:24.876+0000] {dag.py:2941} INFO - Sync 1 DAGs
[2023-12-06T09:45:24.892+0000] {logging_mixin.py:154} INFO - [2023-12-06T09:45:24.892+0000] {dag.py:3722} INFO - Setting next_dagrun for example_python_operator to None, run_after=None
[2023-12-06T09:45:24.913+0000] {processor.py:179} INFO - Processing /home/airflow/.local/lib/python3.8/site-packages/airflow/example_dags/example_python_operator.py took 0.084 seconds
[2023-12-06T09:45:54.982+0000] {processor.py:157} INFO - Started process (PID=1106) to work on /home/airflow/.local/lib/python3.8/site-packages/airflow/example_dags/example_python_operator.py
[2023-12-06T09:45:54.983+0000] {processor.py:829} INFO - Processing file /home/airflow/.local/lib/python3.8/site-packages/airflow/example_dags/example_python_operator.py for tasks to queue
[2023-12-06T09:45:54.986+0000] {logging_mixin.py:154} INFO - [2023-12-06T09:45:54.986+0000] {dagbag.py:536} INFO - Filling up the DagBag from /home/airflow/.local/lib/python3.8/site-packages/airflow/example_dags/example_python_operator.py
[2023-12-06T09:45:54.999+0000] {processor.py:839} INFO - DAG(s) dict_keys(['example_python_operator']) retrieved from /home/airflow/.local/lib/python3.8/site-packages/airflow/example_dags/example_python_operator.py
[2023-12-06T09:45:55.027+0000] {logging_mixin.py:154} INFO - [2023-12-06T09:45:55.026+0000] {dag.py:2941} INFO - Sync 1 DAGs
[2023-12-06T09:45:55.042+0000] {logging_mixin.py:154} INFO - [2023-12-06T09:45:55.042+0000] {dag.py:3722} INFO - Setting next_dagrun for example_python_operator to None, run_after=None
[2023-12-06T09:45:55.062+0000] {processor.py:179} INFO - Processing /home/airflow/.local/lib/python3.8/site-packages/airflow/example_dags/example_python_operator.py took 0.086 seconds
[2023-12-06T09:46:25.637+0000] {processor.py:157} INFO - Started process (PID=1163) to work on /home/airflow/.local/lib/python3.8/site-packages/airflow/example_dags/example_python_operator.py
[2023-12-06T09:46:25.638+0000] {processor.py:829} INFO - Processing file /home/airflow/.local/lib/python3.8/site-packages/airflow/example_dags/example_python_operator.py for tasks to queue
[2023-12-06T09:46:25.641+0000] {logging_mixin.py:154} INFO - [2023-12-06T09:46:25.641+0000] {dagbag.py:536} INFO - Filling up the DagBag from /home/airflow/.local/lib/python3.8/site-packages/airflow/example_dags/example_python_operator.py
[2023-12-06T09:46:25.653+0000] {processor.py:839} INFO - DAG(s) dict_keys(['example_python_operator']) retrieved from /home/airflow/.local/lib/python3.8/site-packages/airflow/example_dags/example_python_operator.py
[2023-12-06T09:46:25.677+0000] {logging_mixin.py:154} INFO - [2023-12-06T09:46:25.677+0000] {dag.py:2941} INFO - Sync 1 DAGs
[2023-12-06T09:46:25.691+0000] {logging_mixin.py:154} INFO - [2023-12-06T09:46:25.691+0000] {dag.py:3722} INFO - Setting next_dagrun for example_python_operator to None, run_after=None
[2023-12-06T09:46:25.710+0000] {processor.py:179} INFO - Processing /home/airflow/.local/lib/python3.8/site-packages/airflow/example_dags/example_python_operator.py took 0.077 seconds
[2023-12-06T09:46:55.976+0000] {processor.py:157} INFO - Started process (PID=1218) to work on /home/airflow/.local/lib/python3.8/site-packages/airflow/example_dags/example_python_operator.py
[2023-12-06T09:46:55.979+0000] {processor.py:829} INFO - Processing file /home/airflow/.local/lib/python3.8/site-packages/airflow/example_dags/example_python_operator.py for tasks to queue
[2023-12-06T09:46:55.982+0000] {logging_mixin.py:154} INFO - [2023-12-06T09:46:55.982+0000] {dagbag.py:536} INFO - Filling up the DagBag from /home/airflow/.local/lib/python3.8/site-packages/airflow/example_dags/example_python_operator.py
[2023-12-06T09:46:55.995+0000] {processor.py:839} INFO - DAG(s) dict_keys(['example_python_operator']) retrieved from /home/airflow/.local/lib/python3.8/site-packages/airflow/example_dags/example_python_operator.py
[2023-12-06T09:46:56.021+0000] {logging_mixin.py:154} INFO - [2023-12-06T09:46:56.021+0000] {dag.py:2941} INFO - Sync 1 DAGs
[2023-12-06T09:46:56.036+0000] {logging_mixin.py:154} INFO - [2023-12-06T09:46:56.035+0000] {dag.py:3722} INFO - Setting next_dagrun for example_python_operator to None, run_after=None
[2023-12-06T09:46:56.054+0000] {processor.py:179} INFO - Processing /home/airflow/.local/lib/python3.8/site-packages/airflow/example_dags/example_python_operator.py took 0.083 seconds
[2023-12-06T09:47:26.198+0000] {processor.py:157} INFO - Started process (PID=1274) to work on /home/airflow/.local/lib/python3.8/site-packages/airflow/example_dags/example_python_operator.py
[2023-12-06T09:47:26.201+0000] {processor.py:829} INFO - Processing file /home/airflow/.local/lib/python3.8/site-packages/airflow/example_dags/example_python_operator.py for tasks to queue
[2023-12-06T09:47:26.203+0000] {logging_mixin.py:154} INFO - [2023-12-06T09:47:26.202+0000] {dagbag.py:536} INFO - Filling up the DagBag from /home/airflow/.local/lib/python3.8/site-packages/airflow/example_dags/example_python_operator.py
[2023-12-06T09:47:26.216+0000] {processor.py:839} INFO - DAG(s) dict_keys(['example_python_operator']) retrieved from /home/airflow/.local/lib/python3.8/site-packages/airflow/example_dags/example_python_operator.py
[2023-12-06T09:47:26.242+0000] {logging_mixin.py:154} INFO - [2023-12-06T09:47:26.241+0000] {dag.py:2941} INFO - Sync 1 DAGs
[2023-12-06T09:47:26.256+0000] {logging_mixin.py:154} INFO - [2023-12-06T09:47:26.255+0000] {dag.py:3722} INFO - Setting next_dagrun for example_python_operator to None, run_after=None
[2023-12-06T09:47:26.274+0000] {processor.py:179} INFO - Processing /home/airflow/.local/lib/python3.8/site-packages/airflow/example_dags/example_python_operator.py took 0.081 seconds
[2023-12-06T09:47:56.918+0000] {processor.py:157} INFO - Started process (PID=1332) to work on /home/airflow/.local/lib/python3.8/site-packages/airflow/example_dags/example_python_operator.py
[2023-12-06T09:47:56.919+0000] {processor.py:829} INFO - Processing file /home/airflow/.local/lib/python3.8/site-packages/airflow/example_dags/example_python_operator.py for tasks to queue
[2023-12-06T09:47:56.921+0000] {logging_mixin.py:154} INFO - [2023-12-06T09:47:56.920+0000] {dagbag.py:536} INFO - Filling up the DagBag from /home/airflow/.local/lib/python3.8/site-packages/airflow/example_dags/example_python_operator.py
[2023-12-06T09:47:56.932+0000] {processor.py:839} INFO - DAG(s) dict_keys(['example_python_operator']) retrieved from /home/airflow/.local/lib/python3.8/site-packages/airflow/example_dags/example_python_operator.py
[2023-12-06T09:47:56.960+0000] {logging_mixin.py:154} INFO - [2023-12-06T09:47:56.960+0000] {dag.py:2941} INFO - Sync 1 DAGs
[2023-12-06T09:47:56.981+0000] {logging_mixin.py:154} INFO - [2023-12-06T09:47:56.980+0000] {dag.py:3722} INFO - Setting next_dagrun for example_python_operator to None, run_after=None
[2023-12-06T09:47:56.998+0000] {processor.py:179} INFO - Processing /home/airflow/.local/lib/python3.8/site-packages/airflow/example_dags/example_python_operator.py took 0.089 seconds
[2023-12-06T09:48:28.392+0000] {processor.py:157} INFO - Started process (PID=1393) to work on /home/airflow/.local/lib/python3.8/site-packages/airflow/example_dags/example_python_operator.py
[2023-12-06T09:48:28.394+0000] {processor.py:829} INFO - Processing file /home/airflow/.local/lib/python3.8/site-packages/airflow/example_dags/example_python_operator.py for tasks to queue
[2023-12-06T09:48:28.395+0000] {logging_mixin.py:154} INFO - [2023-12-06T09:48:28.395+0000] {dagbag.py:536} INFO - Filling up the DagBag from /home/airflow/.local/lib/python3.8/site-packages/airflow/example_dags/example_python_operator.py
[2023-12-06T09:48:28.407+0000] {processor.py:839} INFO - DAG(s) dict_keys(['example_python_operator']) retrieved from /home/airflow/.local/lib/python3.8/site-packages/airflow/example_dags/example_python_operator.py
[2023-12-06T09:48:28.433+0000] {logging_mixin.py:154} INFO - [2023-12-06T09:48:28.433+0000] {dag.py:2941} INFO - Sync 1 DAGs
[2023-12-06T09:48:28.592+0000] {logging_mixin.py:154} INFO - [2023-12-06T09:48:28.591+0000] {dag.py:3722} INFO - Setting next_dagrun for example_python_operator to None, run_after=None
[2023-12-06T09:48:28.618+0000] {processor.py:179} INFO - Processing /home/airflow/.local/lib/python3.8/site-packages/airflow/example_dags/example_python_operator.py took 0.230 seconds
[2023-12-06T09:48:58.711+0000] {processor.py:157} INFO - Started process (PID=1449) to work on /home/airflow/.local/lib/python3.8/site-packages/airflow/example_dags/example_python_operator.py
[2023-12-06T09:48:58.712+0000] {processor.py:829} INFO - Processing file /home/airflow/.local/lib/python3.8/site-packages/airflow/example_dags/example_python_operator.py for tasks to queue
[2023-12-06T09:48:58.714+0000] {logging_mixin.py:154} INFO - [2023-12-06T09:48:58.713+0000] {dagbag.py:536} INFO - Filling up the DagBag from /home/airflow/.local/lib/python3.8/site-packages/airflow/example_dags/example_python_operator.py
[2023-12-06T09:48:58.725+0000] {processor.py:839} INFO - DAG(s) dict_keys(['example_python_operator']) retrieved from /home/airflow/.local/lib/python3.8/site-packages/airflow/example_dags/example_python_operator.py
[2023-12-06T09:48:58.751+0000] {logging_mixin.py:154} INFO - [2023-12-06T09:48:58.751+0000] {dag.py:2941} INFO - Sync 1 DAGs
[2023-12-06T09:48:58.771+0000] {logging_mixin.py:154} INFO - [2023-12-06T09:48:58.771+0000] {dag.py:3722} INFO - Setting next_dagrun for example_python_operator to None, run_after=None
[2023-12-06T09:48:58.790+0000] {processor.py:179} INFO - Processing /home/airflow/.local/lib/python3.8/site-packages/airflow/example_dags/example_python_operator.py took 0.083 seconds
[2023-12-06T09:49:29.081+0000] {processor.py:157} INFO - Started process (PID=1513) to work on /home/airflow/.local/lib/python3.8/site-packages/airflow/example_dags/example_python_operator.py
[2023-12-06T09:49:29.084+0000] {processor.py:829} INFO - Processing file /home/airflow/.local/lib/python3.8/site-packages/airflow/example_dags/example_python_operator.py for tasks to queue
[2023-12-06T09:49:29.086+0000] {logging_mixin.py:154} INFO - [2023-12-06T09:49:29.085+0000] {dagbag.py:536} INFO - Filling up the DagBag from /home/airflow/.local/lib/python3.8/site-packages/airflow/example_dags/example_python_operator.py
[2023-12-06T09:49:29.098+0000] {processor.py:839} INFO - DAG(s) dict_keys(['example_python_operator']) retrieved from /home/airflow/.local/lib/python3.8/site-packages/airflow/example_dags/example_python_operator.py
[2023-12-06T09:49:29.125+0000] {logging_mixin.py:154} INFO - [2023-12-06T09:49:29.125+0000] {dag.py:2941} INFO - Sync 1 DAGs
[2023-12-06T09:49:29.139+0000] {logging_mixin.py:154} INFO - [2023-12-06T09:49:29.139+0000] {dag.py:3722} INFO - Setting next_dagrun for example_python_operator to None, run_after=None
[2023-12-06T09:49:29.157+0000] {processor.py:179} INFO - Processing /home/airflow/.local/lib/python3.8/site-packages/airflow/example_dags/example_python_operator.py took 0.081 seconds
[2023-12-06T09:50:00.699+0000] {processor.py:157} INFO - Started process (PID=1569) to work on /home/airflow/.local/lib/python3.8/site-packages/airflow/example_dags/example_python_operator.py
[2023-12-06T09:50:00.701+0000] {processor.py:829} INFO - Processing file /home/airflow/.local/lib/python3.8/site-packages/airflow/example_dags/example_python_operator.py for tasks to queue
[2023-12-06T09:50:00.702+0000] {logging_mixin.py:154} INFO - [2023-12-06T09:50:00.701+0000] {dagbag.py:536} INFO - Filling up the DagBag from /home/airflow/.local/lib/python3.8/site-packages/airflow/example_dags/example_python_operator.py
[2023-12-06T09:50:00.714+0000] {processor.py:839} INFO - DAG(s) dict_keys(['example_python_operator']) retrieved from /home/airflow/.local/lib/python3.8/site-packages/airflow/example_dags/example_python_operator.py
[2023-12-06T09:50:00.879+0000] {logging_mixin.py:154} INFO - [2023-12-06T09:50:00.879+0000] {dag.py:2941} INFO - Sync 1 DAGs
[2023-12-06T09:50:00.893+0000] {logging_mixin.py:154} INFO - [2023-12-06T09:50:00.893+0000] {dag.py:3722} INFO - Setting next_dagrun for example_python_operator to None, run_after=None
[2023-12-06T09:50:00.915+0000] {processor.py:179} INFO - Processing /home/airflow/.local/lib/python3.8/site-packages/airflow/example_dags/example_python_operator.py took 0.220 seconds
[2023-12-06T09:50:31.448+0000] {processor.py:157} INFO - Started process (PID=1624) to work on /home/airflow/.local/lib/python3.8/site-packages/airflow/example_dags/example_python_operator.py
[2023-12-06T09:50:31.450+0000] {processor.py:829} INFO - Processing file /home/airflow/.local/lib/python3.8/site-packages/airflow/example_dags/example_python_operator.py for tasks to queue
[2023-12-06T09:50:31.451+0000] {logging_mixin.py:154} INFO - [2023-12-06T09:50:31.451+0000] {dagbag.py:536} INFO - Filling up the DagBag from /home/airflow/.local/lib/python3.8/site-packages/airflow/example_dags/example_python_operator.py
[2023-12-06T09:50:31.464+0000] {processor.py:839} INFO - DAG(s) dict_keys(['example_python_operator']) retrieved from /home/airflow/.local/lib/python3.8/site-packages/airflow/example_dags/example_python_operator.py
[2023-12-06T09:50:31.491+0000] {logging_mixin.py:154} INFO - [2023-12-06T09:50:31.491+0000] {dag.py:2941} INFO - Sync 1 DAGs
[2023-12-06T09:50:31.650+0000] {logging_mixin.py:154} INFO - [2023-12-06T09:50:31.650+0000] {dag.py:3722} INFO - Setting next_dagrun for example_python_operator to None, run_after=None
[2023-12-06T09:50:31.670+0000] {processor.py:179} INFO - Processing /home/airflow/.local/lib/python3.8/site-packages/airflow/example_dags/example_python_operator.py took 0.226 seconds
