[2023-12-06T09:36:15.807+0000] {processor.py:157} INFO - Started process (PID=62) to work on /home/airflow/.local/lib/python3.8/site-packages/airflow/example_dags/example_latest_only_with_trigger.py
[2023-12-06T09:36:15.809+0000] {processor.py:829} INFO - Processing file /home/airflow/.local/lib/python3.8/site-packages/airflow/example_dags/example_latest_only_with_trigger.py for tasks to queue
[2023-12-06T09:36:15.812+0000] {logging_mixin.py:154} INFO - [2023-12-06T09:36:15.812+0000] {dagbag.py:536} INFO - Filling up the DagBag from /home/airflow/.local/lib/python3.8/site-packages/airflow/example_dags/example_latest_only_with_trigger.py
[2023-12-06T09:36:15.824+0000] {processor.py:839} INFO - DAG(s) dict_keys(['latest_only_with_trigger']) retrieved from /home/airflow/.local/lib/python3.8/site-packages/airflow/example_dags/example_latest_only_with_trigger.py
[2023-12-06T09:36:15.961+0000] {logging_mixin.py:154} INFO - [2023-12-06T09:36:15.961+0000] {manager.py:499} INFO - Created Permission View: %s
[2023-12-06T09:36:15.971+0000] {logging_mixin.py:154} INFO - [2023-12-06T09:36:15.971+0000] {manager.py:499} INFO - Created Permission View: %s
[2023-12-06T09:36:15.978+0000] {logging_mixin.py:154} INFO - [2023-12-06T09:36:15.978+0000] {manager.py:499} INFO - Created Permission View: %s
[2023-12-06T09:36:15.979+0000] {logging_mixin.py:154} INFO - [2023-12-06T09:36:15.979+0000] {dag.py:2941} INFO - Sync 1 DAGs
[2023-12-06T09:36:15.991+0000] {logging_mixin.py:154} INFO - [2023-12-06T09:36:15.990+0000] {dag.py:2963} INFO - Creating ORM DAG for latest_only_with_trigger
[2023-12-06T09:36:16.002+0000] {logging_mixin.py:154} INFO - [2023-12-06T09:36:16.001+0000] {dag.py:3722} INFO - Setting next_dagrun for latest_only_with_trigger to 2023-12-06T05:36:16.001389+00:00, run_after=2023-12-06T09:36:16.001389+00:00
[2023-12-06T09:36:16.028+0000] {processor.py:179} INFO - Processing /home/airflow/.local/lib/python3.8/site-packages/airflow/example_dags/example_latest_only_with_trigger.py took 0.224 seconds
[2023-12-06T09:36:46.951+0000] {processor.py:157} INFO - Started process (PID=116) to work on /home/airflow/.local/lib/python3.8/site-packages/airflow/example_dags/example_latest_only_with_trigger.py
[2023-12-06T09:36:46.953+0000] {processor.py:829} INFO - Processing file /home/airflow/.local/lib/python3.8/site-packages/airflow/example_dags/example_latest_only_with_trigger.py for tasks to queue
[2023-12-06T09:36:46.956+0000] {logging_mixin.py:154} INFO - [2023-12-06T09:36:46.956+0000] {dagbag.py:536} INFO - Filling up the DagBag from /home/airflow/.local/lib/python3.8/site-packages/airflow/example_dags/example_latest_only_with_trigger.py
[2023-12-06T09:36:46.963+0000] {processor.py:839} INFO - DAG(s) dict_keys(['latest_only_with_trigger']) retrieved from /home/airflow/.local/lib/python3.8/site-packages/airflow/example_dags/example_latest_only_with_trigger.py
[2023-12-06T09:36:46.986+0000] {logging_mixin.py:154} INFO - [2023-12-06T09:36:46.986+0000] {dag.py:2941} INFO - Sync 1 DAGs
[2023-12-06T09:36:47.009+0000] {logging_mixin.py:154} INFO - [2023-12-06T09:36:47.009+0000] {dag.py:3722} INFO - Setting next_dagrun for latest_only_with_trigger to 2023-12-06T05:36:47.008800+00:00, run_after=2023-12-06T09:36:47.008800+00:00
[2023-12-06T09:36:47.028+0000] {processor.py:179} INFO - Processing /home/airflow/.local/lib/python3.8/site-packages/airflow/example_dags/example_latest_only_with_trigger.py took 0.081 seconds
[2023-12-06T09:37:17.855+0000] {processor.py:157} INFO - Started process (PID=170) to work on /home/airflow/.local/lib/python3.8/site-packages/airflow/example_dags/example_latest_only_with_trigger.py
[2023-12-06T09:37:17.856+0000] {processor.py:829} INFO - Processing file /home/airflow/.local/lib/python3.8/site-packages/airflow/example_dags/example_latest_only_with_trigger.py for tasks to queue
[2023-12-06T09:37:17.859+0000] {logging_mixin.py:154} INFO - [2023-12-06T09:37:17.859+0000] {dagbag.py:536} INFO - Filling up the DagBag from /home/airflow/.local/lib/python3.8/site-packages/airflow/example_dags/example_latest_only_with_trigger.py
[2023-12-06T09:37:17.868+0000] {processor.py:839} INFO - DAG(s) dict_keys(['latest_only_with_trigger']) retrieved from /home/airflow/.local/lib/python3.8/site-packages/airflow/example_dags/example_latest_only_with_trigger.py
[2023-12-06T09:37:17.891+0000] {logging_mixin.py:154} INFO - [2023-12-06T09:37:17.891+0000] {dag.py:2941} INFO - Sync 1 DAGs
[2023-12-06T09:37:17.915+0000] {logging_mixin.py:154} INFO - [2023-12-06T09:37:17.915+0000] {dag.py:3722} INFO - Setting next_dagrun for latest_only_with_trigger to 2023-12-06T05:37:17.915359+00:00, run_after=2023-12-06T09:37:17.915359+00:00
[2023-12-06T09:37:17.937+0000] {processor.py:179} INFO - Processing /home/airflow/.local/lib/python3.8/site-packages/airflow/example_dags/example_latest_only_with_trigger.py took 0.088 seconds
[2023-12-06T09:37:48.590+0000] {processor.py:157} INFO - Started process (PID=224) to work on /home/airflow/.local/lib/python3.8/site-packages/airflow/example_dags/example_latest_only_with_trigger.py
[2023-12-06T09:37:48.592+0000] {processor.py:829} INFO - Processing file /home/airflow/.local/lib/python3.8/site-packages/airflow/example_dags/example_latest_only_with_trigger.py for tasks to queue
[2023-12-06T09:37:48.595+0000] {logging_mixin.py:154} INFO - [2023-12-06T09:37:48.595+0000] {dagbag.py:536} INFO - Filling up the DagBag from /home/airflow/.local/lib/python3.8/site-packages/airflow/example_dags/example_latest_only_with_trigger.py
[2023-12-06T09:37:48.603+0000] {processor.py:839} INFO - DAG(s) dict_keys(['latest_only_with_trigger']) retrieved from /home/airflow/.local/lib/python3.8/site-packages/airflow/example_dags/example_latest_only_with_trigger.py
[2023-12-06T09:37:48.627+0000] {logging_mixin.py:154} INFO - [2023-12-06T09:37:48.627+0000] {dag.py:2941} INFO - Sync 1 DAGs
[2023-12-06T09:37:48.650+0000] {logging_mixin.py:154} INFO - [2023-12-06T09:37:48.650+0000] {dag.py:3722} INFO - Setting next_dagrun for latest_only_with_trigger to 2023-12-06T05:37:48.649828+00:00, run_after=2023-12-06T09:37:48.649828+00:00
[2023-12-06T09:37:48.667+0000] {processor.py:179} INFO - Processing /home/airflow/.local/lib/python3.8/site-packages/airflow/example_dags/example_latest_only_with_trigger.py took 0.082 seconds
[2023-12-06T09:38:19.372+0000] {processor.py:157} INFO - Started process (PID=278) to work on /home/airflow/.local/lib/python3.8/site-packages/airflow/example_dags/example_latest_only_with_trigger.py
[2023-12-06T09:38:19.375+0000] {processor.py:829} INFO - Processing file /home/airflow/.local/lib/python3.8/site-packages/airflow/example_dags/example_latest_only_with_trigger.py for tasks to queue
[2023-12-06T09:38:19.378+0000] {logging_mixin.py:154} INFO - [2023-12-06T09:38:19.378+0000] {dagbag.py:536} INFO - Filling up the DagBag from /home/airflow/.local/lib/python3.8/site-packages/airflow/example_dags/example_latest_only_with_trigger.py
[2023-12-06T09:38:19.386+0000] {processor.py:839} INFO - DAG(s) dict_keys(['latest_only_with_trigger']) retrieved from /home/airflow/.local/lib/python3.8/site-packages/airflow/example_dags/example_latest_only_with_trigger.py
[2023-12-06T09:38:19.408+0000] {logging_mixin.py:154} INFO - [2023-12-06T09:38:19.408+0000] {dag.py:2941} INFO - Sync 1 DAGs
[2023-12-06T09:38:19.431+0000] {logging_mixin.py:154} INFO - [2023-12-06T09:38:19.431+0000] {dag.py:3722} INFO - Setting next_dagrun for latest_only_with_trigger to 2023-12-06T05:38:19.431207+00:00, run_after=2023-12-06T09:38:19.431207+00:00
[2023-12-06T09:38:19.449+0000] {processor.py:179} INFO - Processing /home/airflow/.local/lib/python3.8/site-packages/airflow/example_dags/example_latest_only_with_trigger.py took 0.081 seconds
[2023-12-06T09:38:50.377+0000] {processor.py:157} INFO - Started process (PID=333) to work on /home/airflow/.local/lib/python3.8/site-packages/airflow/example_dags/example_latest_only_with_trigger.py
[2023-12-06T09:38:50.379+0000] {processor.py:829} INFO - Processing file /home/airflow/.local/lib/python3.8/site-packages/airflow/example_dags/example_latest_only_with_trigger.py for tasks to queue
[2023-12-06T09:38:50.382+0000] {logging_mixin.py:154} INFO - [2023-12-06T09:38:50.382+0000] {dagbag.py:536} INFO - Filling up the DagBag from /home/airflow/.local/lib/python3.8/site-packages/airflow/example_dags/example_latest_only_with_trigger.py
[2023-12-06T09:38:50.390+0000] {processor.py:839} INFO - DAG(s) dict_keys(['latest_only_with_trigger']) retrieved from /home/airflow/.local/lib/python3.8/site-packages/airflow/example_dags/example_latest_only_with_trigger.py
[2023-12-06T09:38:50.414+0000] {logging_mixin.py:154} INFO - [2023-12-06T09:38:50.414+0000] {dag.py:2941} INFO - Sync 1 DAGs
[2023-12-06T09:38:50.438+0000] {logging_mixin.py:154} INFO - [2023-12-06T09:38:50.438+0000] {dag.py:3722} INFO - Setting next_dagrun for latest_only_with_trigger to 2023-12-06T05:38:50.438232+00:00, run_after=2023-12-06T09:38:50.438232+00:00
[2023-12-06T09:38:50.457+0000] {processor.py:179} INFO - Processing /home/airflow/.local/lib/python3.8/site-packages/airflow/example_dags/example_latest_only_with_trigger.py took 0.084 seconds
[2023-12-06T09:39:20.614+0000] {processor.py:157} INFO - Started process (PID=387) to work on /home/airflow/.local/lib/python3.8/site-packages/airflow/example_dags/example_latest_only_with_trigger.py
[2023-12-06T09:39:20.616+0000] {processor.py:829} INFO - Processing file /home/airflow/.local/lib/python3.8/site-packages/airflow/example_dags/example_latest_only_with_trigger.py for tasks to queue
[2023-12-06T09:39:20.619+0000] {logging_mixin.py:154} INFO - [2023-12-06T09:39:20.619+0000] {dagbag.py:536} INFO - Filling up the DagBag from /home/airflow/.local/lib/python3.8/site-packages/airflow/example_dags/example_latest_only_with_trigger.py
[2023-12-06T09:39:20.627+0000] {processor.py:839} INFO - DAG(s) dict_keys(['latest_only_with_trigger']) retrieved from /home/airflow/.local/lib/python3.8/site-packages/airflow/example_dags/example_latest_only_with_trigger.py
[2023-12-06T09:39:20.652+0000] {logging_mixin.py:154} INFO - [2023-12-06T09:39:20.651+0000] {dag.py:2941} INFO - Sync 1 DAGs
[2023-12-06T09:39:20.675+0000] {logging_mixin.py:154} INFO - [2023-12-06T09:39:20.674+0000] {dag.py:3722} INFO - Setting next_dagrun for latest_only_with_trigger to 2023-12-06T05:39:20.674692+00:00, run_after=2023-12-06T09:39:20.674692+00:00
[2023-12-06T09:39:20.691+0000] {processor.py:179} INFO - Processing /home/airflow/.local/lib/python3.8/site-packages/airflow/example_dags/example_latest_only_with_trigger.py took 0.082 seconds
[2023-12-06T09:39:50.904+0000] {processor.py:157} INFO - Started process (PID=441) to work on /home/airflow/.local/lib/python3.8/site-packages/airflow/example_dags/example_latest_only_with_trigger.py
[2023-12-06T09:39:50.920+0000] {processor.py:829} INFO - Processing file /home/airflow/.local/lib/python3.8/site-packages/airflow/example_dags/example_latest_only_with_trigger.py for tasks to queue
[2023-12-06T09:39:50.923+0000] {logging_mixin.py:154} INFO - [2023-12-06T09:39:50.923+0000] {dagbag.py:536} INFO - Filling up the DagBag from /home/airflow/.local/lib/python3.8/site-packages/airflow/example_dags/example_latest_only_with_trigger.py
[2023-12-06T09:39:50.930+0000] {processor.py:839} INFO - DAG(s) dict_keys(['latest_only_with_trigger']) retrieved from /home/airflow/.local/lib/python3.8/site-packages/airflow/example_dags/example_latest_only_with_trigger.py
[2023-12-06T09:39:50.952+0000] {logging_mixin.py:154} INFO - [2023-12-06T09:39:50.952+0000] {dag.py:2941} INFO - Sync 1 DAGs
[2023-12-06T09:39:50.974+0000] {logging_mixin.py:154} INFO - [2023-12-06T09:39:50.974+0000] {dag.py:3722} INFO - Setting next_dagrun for latest_only_with_trigger to 2023-12-06T05:39:50.974187+00:00, run_after=2023-12-06T09:39:50.974187+00:00
[2023-12-06T09:39:50.993+0000] {processor.py:179} INFO - Processing /home/airflow/.local/lib/python3.8/site-packages/airflow/example_dags/example_latest_only_with_trigger.py took 0.093 seconds
[2023-12-06T09:40:21.114+0000] {processor.py:157} INFO - Started process (PID=496) to work on /home/airflow/.local/lib/python3.8/site-packages/airflow/example_dags/example_latest_only_with_trigger.py
[2023-12-06T09:40:21.116+0000] {processor.py:829} INFO - Processing file /home/airflow/.local/lib/python3.8/site-packages/airflow/example_dags/example_latest_only_with_trigger.py for tasks to queue
[2023-12-06T09:40:21.120+0000] {logging_mixin.py:154} INFO - [2023-12-06T09:40:21.119+0000] {dagbag.py:536} INFO - Filling up the DagBag from /home/airflow/.local/lib/python3.8/site-packages/airflow/example_dags/example_latest_only_with_trigger.py
[2023-12-06T09:40:21.126+0000] {processor.py:839} INFO - DAG(s) dict_keys(['latest_only_with_trigger']) retrieved from /home/airflow/.local/lib/python3.8/site-packages/airflow/example_dags/example_latest_only_with_trigger.py
[2023-12-06T09:40:21.149+0000] {logging_mixin.py:154} INFO - [2023-12-06T09:40:21.149+0000] {dag.py:2941} INFO - Sync 1 DAGs
[2023-12-06T09:40:21.172+0000] {logging_mixin.py:154} INFO - [2023-12-06T09:40:21.172+0000] {dag.py:3722} INFO - Setting next_dagrun for latest_only_with_trigger to 2023-12-06T05:40:21.172262+00:00, run_after=2023-12-06T09:40:21.172262+00:00
[2023-12-06T09:40:21.191+0000] {processor.py:179} INFO - Processing /home/airflow/.local/lib/python3.8/site-packages/airflow/example_dags/example_latest_only_with_trigger.py took 0.081 seconds
[2023-12-06T09:40:51.393+0000] {processor.py:157} INFO - Started process (PID=550) to work on /home/airflow/.local/lib/python3.8/site-packages/airflow/example_dags/example_latest_only_with_trigger.py
[2023-12-06T09:40:51.396+0000] {processor.py:829} INFO - Processing file /home/airflow/.local/lib/python3.8/site-packages/airflow/example_dags/example_latest_only_with_trigger.py for tasks to queue
[2023-12-06T09:40:51.399+0000] {logging_mixin.py:154} INFO - [2023-12-06T09:40:51.399+0000] {dagbag.py:536} INFO - Filling up the DagBag from /home/airflow/.local/lib/python3.8/site-packages/airflow/example_dags/example_latest_only_with_trigger.py
[2023-12-06T09:40:51.407+0000] {processor.py:839} INFO - DAG(s) dict_keys(['latest_only_with_trigger']) retrieved from /home/airflow/.local/lib/python3.8/site-packages/airflow/example_dags/example_latest_only_with_trigger.py
[2023-12-06T09:40:51.434+0000] {logging_mixin.py:154} INFO - [2023-12-06T09:40:51.434+0000] {dag.py:2941} INFO - Sync 1 DAGs
[2023-12-06T09:40:51.457+0000] {logging_mixin.py:154} INFO - [2023-12-06T09:40:51.457+0000] {dag.py:3722} INFO - Setting next_dagrun for latest_only_with_trigger to 2023-12-06T05:40:51.457529+00:00, run_after=2023-12-06T09:40:51.457529+00:00
[2023-12-06T09:40:51.476+0000] {processor.py:179} INFO - Processing /home/airflow/.local/lib/python3.8/site-packages/airflow/example_dags/example_latest_only_with_trigger.py took 0.087 seconds
[2023-12-06T09:41:21.628+0000] {processor.py:157} INFO - Started process (PID=604) to work on /home/airflow/.local/lib/python3.8/site-packages/airflow/example_dags/example_latest_only_with_trigger.py
[2023-12-06T09:41:21.631+0000] {processor.py:829} INFO - Processing file /home/airflow/.local/lib/python3.8/site-packages/airflow/example_dags/example_latest_only_with_trigger.py for tasks to queue
[2023-12-06T09:41:21.634+0000] {logging_mixin.py:154} INFO - [2023-12-06T09:41:21.633+0000] {dagbag.py:536} INFO - Filling up the DagBag from /home/airflow/.local/lib/python3.8/site-packages/airflow/example_dags/example_latest_only_with_trigger.py
[2023-12-06T09:41:21.641+0000] {processor.py:839} INFO - DAG(s) dict_keys(['latest_only_with_trigger']) retrieved from /home/airflow/.local/lib/python3.8/site-packages/airflow/example_dags/example_latest_only_with_trigger.py
[2023-12-06T09:41:21.666+0000] {logging_mixin.py:154} INFO - [2023-12-06T09:41:21.666+0000] {dag.py:2941} INFO - Sync 1 DAGs
[2023-12-06T09:41:21.695+0000] {logging_mixin.py:154} INFO - [2023-12-06T09:41:21.695+0000] {dag.py:3722} INFO - Setting next_dagrun for latest_only_with_trigger to 2023-12-06T05:41:21.695290+00:00, run_after=2023-12-06T09:41:21.695290+00:00
[2023-12-06T09:41:21.718+0000] {processor.py:179} INFO - Processing /home/airflow/.local/lib/python3.8/site-packages/airflow/example_dags/example_latest_only_with_trigger.py took 0.094 seconds
[2023-12-06T09:41:52.041+0000] {processor.py:157} INFO - Started process (PID=658) to work on /home/airflow/.local/lib/python3.8/site-packages/airflow/example_dags/example_latest_only_with_trigger.py
[2023-12-06T09:41:52.045+0000] {processor.py:829} INFO - Processing file /home/airflow/.local/lib/python3.8/site-packages/airflow/example_dags/example_latest_only_with_trigger.py for tasks to queue
[2023-12-06T09:41:52.048+0000] {logging_mixin.py:154} INFO - [2023-12-06T09:41:52.047+0000] {dagbag.py:536} INFO - Filling up the DagBag from /home/airflow/.local/lib/python3.8/site-packages/airflow/example_dags/example_latest_only_with_trigger.py
[2023-12-06T09:41:52.056+0000] {processor.py:839} INFO - DAG(s) dict_keys(['latest_only_with_trigger']) retrieved from /home/airflow/.local/lib/python3.8/site-packages/airflow/example_dags/example_latest_only_with_trigger.py
[2023-12-06T09:41:52.080+0000] {logging_mixin.py:154} INFO - [2023-12-06T09:41:52.080+0000] {dag.py:2941} INFO - Sync 1 DAGs
[2023-12-06T09:41:52.103+0000] {logging_mixin.py:154} INFO - [2023-12-06T09:41:52.103+0000] {dag.py:3722} INFO - Setting next_dagrun for latest_only_with_trigger to 2023-12-06T05:41:52.103120+00:00, run_after=2023-12-06T09:41:52.103120+00:00
[2023-12-06T09:41:52.122+0000] {processor.py:179} INFO - Processing /home/airflow/.local/lib/python3.8/site-packages/airflow/example_dags/example_latest_only_with_trigger.py took 0.085 seconds
[2023-12-06T09:42:22.514+0000] {processor.py:157} INFO - Started process (PID=712) to work on /home/airflow/.local/lib/python3.8/site-packages/airflow/example_dags/example_latest_only_with_trigger.py
[2023-12-06T09:42:22.515+0000] {processor.py:829} INFO - Processing file /home/airflow/.local/lib/python3.8/site-packages/airflow/example_dags/example_latest_only_with_trigger.py for tasks to queue
[2023-12-06T09:42:22.517+0000] {logging_mixin.py:154} INFO - [2023-12-06T09:42:22.517+0000] {dagbag.py:536} INFO - Filling up the DagBag from /home/airflow/.local/lib/python3.8/site-packages/airflow/example_dags/example_latest_only_with_trigger.py
[2023-12-06T09:42:22.525+0000] {processor.py:839} INFO - DAG(s) dict_keys(['latest_only_with_trigger']) retrieved from /home/airflow/.local/lib/python3.8/site-packages/airflow/example_dags/example_latest_only_with_trigger.py
[2023-12-06T09:42:22.549+0000] {logging_mixin.py:154} INFO - [2023-12-06T09:42:22.549+0000] {dag.py:2941} INFO - Sync 1 DAGs
[2023-12-06T09:42:22.572+0000] {logging_mixin.py:154} INFO - [2023-12-06T09:42:22.572+0000] {dag.py:3722} INFO - Setting next_dagrun for latest_only_with_trigger to 2023-12-06T05:42:22.571839+00:00, run_after=2023-12-06T09:42:22.571839+00:00
[2023-12-06T09:42:22.590+0000] {processor.py:179} INFO - Processing /home/airflow/.local/lib/python3.8/site-packages/airflow/example_dags/example_latest_only_with_trigger.py took 0.080 seconds
[2023-12-06T09:42:52.720+0000] {processor.py:157} INFO - Started process (PID=766) to work on /home/airflow/.local/lib/python3.8/site-packages/airflow/example_dags/example_latest_only_with_trigger.py
[2023-12-06T09:42:52.723+0000] {processor.py:829} INFO - Processing file /home/airflow/.local/lib/python3.8/site-packages/airflow/example_dags/example_latest_only_with_trigger.py for tasks to queue
[2023-12-06T09:42:52.726+0000] {logging_mixin.py:154} INFO - [2023-12-06T09:42:52.725+0000] {dagbag.py:536} INFO - Filling up the DagBag from /home/airflow/.local/lib/python3.8/site-packages/airflow/example_dags/example_latest_only_with_trigger.py
[2023-12-06T09:42:52.732+0000] {processor.py:839} INFO - DAG(s) dict_keys(['latest_only_with_trigger']) retrieved from /home/airflow/.local/lib/python3.8/site-packages/airflow/example_dags/example_latest_only_with_trigger.py
[2023-12-06T09:42:52.756+0000] {logging_mixin.py:154} INFO - [2023-12-06T09:42:52.756+0000] {dag.py:2941} INFO - Sync 1 DAGs
[2023-12-06T09:42:52.782+0000] {logging_mixin.py:154} INFO - [2023-12-06T09:42:52.782+0000] {dag.py:3722} INFO - Setting next_dagrun for latest_only_with_trigger to 2023-12-06T05:42:52.781715+00:00, run_after=2023-12-06T09:42:52.781715+00:00
[2023-12-06T09:42:52.800+0000] {processor.py:179} INFO - Processing /home/airflow/.local/lib/python3.8/site-packages/airflow/example_dags/example_latest_only_with_trigger.py took 0.084 seconds
[2023-12-06T09:43:22.930+0000] {processor.py:157} INFO - Started process (PID=821) to work on /home/airflow/.local/lib/python3.8/site-packages/airflow/example_dags/example_latest_only_with_trigger.py
[2023-12-06T09:43:22.933+0000] {processor.py:829} INFO - Processing file /home/airflow/.local/lib/python3.8/site-packages/airflow/example_dags/example_latest_only_with_trigger.py for tasks to queue
[2023-12-06T09:43:22.936+0000] {logging_mixin.py:154} INFO - [2023-12-06T09:43:22.936+0000] {dagbag.py:536} INFO - Filling up the DagBag from /home/airflow/.local/lib/python3.8/site-packages/airflow/example_dags/example_latest_only_with_trigger.py
[2023-12-06T09:43:22.944+0000] {processor.py:839} INFO - DAG(s) dict_keys(['latest_only_with_trigger']) retrieved from /home/airflow/.local/lib/python3.8/site-packages/airflow/example_dags/example_latest_only_with_trigger.py
[2023-12-06T09:43:22.967+0000] {logging_mixin.py:154} INFO - [2023-12-06T09:43:22.967+0000] {dag.py:2941} INFO - Sync 1 DAGs
[2023-12-06T09:43:22.990+0000] {logging_mixin.py:154} INFO - [2023-12-06T09:43:22.990+0000] {dag.py:3722} INFO - Setting next_dagrun for latest_only_with_trigger to 2023-12-06T05:43:22.990433+00:00, run_after=2023-12-06T09:43:22.990433+00:00
[2023-12-06T09:43:23.009+0000] {processor.py:179} INFO - Processing /home/airflow/.local/lib/python3.8/site-packages/airflow/example_dags/example_latest_only_with_trigger.py took 0.083 seconds
[2023-12-06T09:43:53.111+0000] {processor.py:157} INFO - Started process (PID=875) to work on /home/airflow/.local/lib/python3.8/site-packages/airflow/example_dags/example_latest_only_with_trigger.py
[2023-12-06T09:43:53.112+0000] {processor.py:829} INFO - Processing file /home/airflow/.local/lib/python3.8/site-packages/airflow/example_dags/example_latest_only_with_trigger.py for tasks to queue
[2023-12-06T09:43:53.115+0000] {logging_mixin.py:154} INFO - [2023-12-06T09:43:53.114+0000] {dagbag.py:536} INFO - Filling up the DagBag from /home/airflow/.local/lib/python3.8/site-packages/airflow/example_dags/example_latest_only_with_trigger.py
[2023-12-06T09:43:53.122+0000] {processor.py:839} INFO - DAG(s) dict_keys(['latest_only_with_trigger']) retrieved from /home/airflow/.local/lib/python3.8/site-packages/airflow/example_dags/example_latest_only_with_trigger.py
[2023-12-06T09:43:53.148+0000] {logging_mixin.py:154} INFO - [2023-12-06T09:43:53.148+0000] {dag.py:2941} INFO - Sync 1 DAGs
[2023-12-06T09:43:53.188+0000] {logging_mixin.py:154} INFO - [2023-12-06T09:43:53.188+0000] {dag.py:3722} INFO - Setting next_dagrun for latest_only_with_trigger to 2023-12-06T05:43:53.188072+00:00, run_after=2023-12-06T09:43:53.188072+00:00
[2023-12-06T09:43:53.210+0000] {processor.py:179} INFO - Processing /home/airflow/.local/lib/python3.8/site-packages/airflow/example_dags/example_latest_only_with_trigger.py took 0.105 seconds
[2023-12-06T09:44:23.296+0000] {processor.py:157} INFO - Started process (PID=929) to work on /home/airflow/.local/lib/python3.8/site-packages/airflow/example_dags/example_latest_only_with_trigger.py
[2023-12-06T09:44:23.298+0000] {processor.py:829} INFO - Processing file /home/airflow/.local/lib/python3.8/site-packages/airflow/example_dags/example_latest_only_with_trigger.py for tasks to queue
[2023-12-06T09:44:23.301+0000] {logging_mixin.py:154} INFO - [2023-12-06T09:44:23.300+0000] {dagbag.py:536} INFO - Filling up the DagBag from /home/airflow/.local/lib/python3.8/site-packages/airflow/example_dags/example_latest_only_with_trigger.py
[2023-12-06T09:44:23.311+0000] {processor.py:839} INFO - DAG(s) dict_keys(['latest_only_with_trigger']) retrieved from /home/airflow/.local/lib/python3.8/site-packages/airflow/example_dags/example_latest_only_with_trigger.py
[2023-12-06T09:44:23.336+0000] {logging_mixin.py:154} INFO - [2023-12-06T09:44:23.335+0000] {dag.py:2941} INFO - Sync 1 DAGs
[2023-12-06T09:44:23.362+0000] {logging_mixin.py:154} INFO - [2023-12-06T09:44:23.361+0000] {dag.py:3722} INFO - Setting next_dagrun for latest_only_with_trigger to 2023-12-06T05:44:23.361587+00:00, run_after=2023-12-06T09:44:23.361587+00:00
[2023-12-06T09:44:23.385+0000] {processor.py:179} INFO - Processing /home/airflow/.local/lib/python3.8/site-packages/airflow/example_dags/example_latest_only_with_trigger.py took 0.095 seconds
[2023-12-06T09:44:53.430+0000] {processor.py:157} INFO - Started process (PID=983) to work on /home/airflow/.local/lib/python3.8/site-packages/airflow/example_dags/example_latest_only_with_trigger.py
[2023-12-06T09:44:53.431+0000] {processor.py:829} INFO - Processing file /home/airflow/.local/lib/python3.8/site-packages/airflow/example_dags/example_latest_only_with_trigger.py for tasks to queue
[2023-12-06T09:44:53.434+0000] {logging_mixin.py:154} INFO - [2023-12-06T09:44:53.434+0000] {dagbag.py:536} INFO - Filling up the DagBag from /home/airflow/.local/lib/python3.8/site-packages/airflow/example_dags/example_latest_only_with_trigger.py
[2023-12-06T09:44:53.441+0000] {processor.py:839} INFO - DAG(s) dict_keys(['latest_only_with_trigger']) retrieved from /home/airflow/.local/lib/python3.8/site-packages/airflow/example_dags/example_latest_only_with_trigger.py
[2023-12-06T09:44:53.463+0000] {logging_mixin.py:154} INFO - [2023-12-06T09:44:53.463+0000] {dag.py:2941} INFO - Sync 1 DAGs
[2023-12-06T09:44:53.487+0000] {logging_mixin.py:154} INFO - [2023-12-06T09:44:53.487+0000] {dag.py:3722} INFO - Setting next_dagrun for latest_only_with_trigger to 2023-12-06T05:44:53.486856+00:00, run_after=2023-12-06T09:44:53.486856+00:00
[2023-12-06T09:44:53.505+0000] {processor.py:179} INFO - Processing /home/airflow/.local/lib/python3.8/site-packages/airflow/example_dags/example_latest_only_with_trigger.py took 0.079 seconds
[2023-12-06T09:45:23.654+0000] {processor.py:157} INFO - Started process (PID=1037) to work on /home/airflow/.local/lib/python3.8/site-packages/airflow/example_dags/example_latest_only_with_trigger.py
[2023-12-06T09:45:23.656+0000] {processor.py:829} INFO - Processing file /home/airflow/.local/lib/python3.8/site-packages/airflow/example_dags/example_latest_only_with_trigger.py for tasks to queue
[2023-12-06T09:45:23.659+0000] {logging_mixin.py:154} INFO - [2023-12-06T09:45:23.658+0000] {dagbag.py:536} INFO - Filling up the DagBag from /home/airflow/.local/lib/python3.8/site-packages/airflow/example_dags/example_latest_only_with_trigger.py
[2023-12-06T09:45:23.665+0000] {processor.py:839} INFO - DAG(s) dict_keys(['latest_only_with_trigger']) retrieved from /home/airflow/.local/lib/python3.8/site-packages/airflow/example_dags/example_latest_only_with_trigger.py
[2023-12-06T09:45:23.688+0000] {logging_mixin.py:154} INFO - [2023-12-06T09:45:23.688+0000] {dag.py:2941} INFO - Sync 1 DAGs
[2023-12-06T09:45:23.711+0000] {logging_mixin.py:154} INFO - [2023-12-06T09:45:23.711+0000] {dag.py:3722} INFO - Setting next_dagrun for latest_only_with_trigger to 2023-12-06T05:45:23.711046+00:00, run_after=2023-12-06T09:45:23.711046+00:00
[2023-12-06T09:45:23.728+0000] {processor.py:179} INFO - Processing /home/airflow/.local/lib/python3.8/site-packages/airflow/example_dags/example_latest_only_with_trigger.py took 0.078 seconds
[2023-12-06T09:45:53.827+0000] {processor.py:157} INFO - Started process (PID=1103) to work on /home/airflow/.local/lib/python3.8/site-packages/airflow/example_dags/example_latest_only_with_trigger.py
[2023-12-06T09:45:53.828+0000] {processor.py:829} INFO - Processing file /home/airflow/.local/lib/python3.8/site-packages/airflow/example_dags/example_latest_only_with_trigger.py for tasks to queue
[2023-12-06T09:45:53.831+0000] {logging_mixin.py:154} INFO - [2023-12-06T09:45:53.831+0000] {dagbag.py:536} INFO - Filling up the DagBag from /home/airflow/.local/lib/python3.8/site-packages/airflow/example_dags/example_latest_only_with_trigger.py
[2023-12-06T09:45:53.838+0000] {processor.py:839} INFO - DAG(s) dict_keys(['latest_only_with_trigger']) retrieved from /home/airflow/.local/lib/python3.8/site-packages/airflow/example_dags/example_latest_only_with_trigger.py
[2023-12-06T09:45:53.861+0000] {logging_mixin.py:154} INFO - [2023-12-06T09:45:53.861+0000] {dag.py:2941} INFO - Sync 1 DAGs
[2023-12-06T09:45:53.886+0000] {logging_mixin.py:154} INFO - [2023-12-06T09:45:53.885+0000] {dag.py:3722} INFO - Setting next_dagrun for latest_only_with_trigger to 2023-12-06T05:45:53.885638+00:00, run_after=2023-12-06T09:45:53.885638+00:00
[2023-12-06T09:45:53.905+0000] {processor.py:179} INFO - Processing /home/airflow/.local/lib/python3.8/site-packages/airflow/example_dags/example_latest_only_with_trigger.py took 0.082 seconds
[2023-12-06T09:46:24.451+0000] {processor.py:157} INFO - Started process (PID=1160) to work on /home/airflow/.local/lib/python3.8/site-packages/airflow/example_dags/example_latest_only_with_trigger.py
[2023-12-06T09:46:24.452+0000] {processor.py:829} INFO - Processing file /home/airflow/.local/lib/python3.8/site-packages/airflow/example_dags/example_latest_only_with_trigger.py for tasks to queue
[2023-12-06T09:46:24.455+0000] {logging_mixin.py:154} INFO - [2023-12-06T09:46:24.455+0000] {dagbag.py:536} INFO - Filling up the DagBag from /home/airflow/.local/lib/python3.8/site-packages/airflow/example_dags/example_latest_only_with_trigger.py
[2023-12-06T09:46:24.462+0000] {processor.py:839} INFO - DAG(s) dict_keys(['latest_only_with_trigger']) retrieved from /home/airflow/.local/lib/python3.8/site-packages/airflow/example_dags/example_latest_only_with_trigger.py
[2023-12-06T09:46:24.486+0000] {logging_mixin.py:154} INFO - [2023-12-06T09:46:24.486+0000] {dag.py:2941} INFO - Sync 1 DAGs
[2023-12-06T09:46:24.512+0000] {logging_mixin.py:154} INFO - [2023-12-06T09:46:24.512+0000] {dag.py:3722} INFO - Setting next_dagrun for latest_only_with_trigger to 2023-12-06T05:46:24.512112+00:00, run_after=2023-12-06T09:46:24.512112+00:00
[2023-12-06T09:46:24.538+0000] {processor.py:179} INFO - Processing /home/airflow/.local/lib/python3.8/site-packages/airflow/example_dags/example_latest_only_with_trigger.py took 0.091 seconds
[2023-12-06T09:46:54.818+0000] {processor.py:157} INFO - Started process (PID=1215) to work on /home/airflow/.local/lib/python3.8/site-packages/airflow/example_dags/example_latest_only_with_trigger.py
[2023-12-06T09:46:54.820+0000] {processor.py:829} INFO - Processing file /home/airflow/.local/lib/python3.8/site-packages/airflow/example_dags/example_latest_only_with_trigger.py for tasks to queue
[2023-12-06T09:46:54.823+0000] {logging_mixin.py:154} INFO - [2023-12-06T09:46:54.822+0000] {dagbag.py:536} INFO - Filling up the DagBag from /home/airflow/.local/lib/python3.8/site-packages/airflow/example_dags/example_latest_only_with_trigger.py
[2023-12-06T09:46:54.829+0000] {processor.py:839} INFO - DAG(s) dict_keys(['latest_only_with_trigger']) retrieved from /home/airflow/.local/lib/python3.8/site-packages/airflow/example_dags/example_latest_only_with_trigger.py
[2023-12-06T09:46:54.852+0000] {logging_mixin.py:154} INFO - [2023-12-06T09:46:54.852+0000] {dag.py:2941} INFO - Sync 1 DAGs
[2023-12-06T09:46:54.876+0000] {logging_mixin.py:154} INFO - [2023-12-06T09:46:54.876+0000] {dag.py:3722} INFO - Setting next_dagrun for latest_only_with_trigger to 2023-12-06T05:46:54.875930+00:00, run_after=2023-12-06T09:46:54.875930+00:00
[2023-12-06T09:46:54.895+0000] {processor.py:179} INFO - Processing /home/airflow/.local/lib/python3.8/site-packages/airflow/example_dags/example_latest_only_with_trigger.py took 0.081 seconds
[2023-12-06T09:47:25.052+0000] {processor.py:157} INFO - Started process (PID=1271) to work on /home/airflow/.local/lib/python3.8/site-packages/airflow/example_dags/example_latest_only_with_trigger.py
[2023-12-06T09:47:25.053+0000] {processor.py:829} INFO - Processing file /home/airflow/.local/lib/python3.8/site-packages/airflow/example_dags/example_latest_only_with_trigger.py for tasks to queue
[2023-12-06T09:47:25.054+0000] {logging_mixin.py:154} INFO - [2023-12-06T09:47:25.054+0000] {dagbag.py:536} INFO - Filling up the DagBag from /home/airflow/.local/lib/python3.8/site-packages/airflow/example_dags/example_latest_only_with_trigger.py
[2023-12-06T09:47:25.062+0000] {processor.py:839} INFO - DAG(s) dict_keys(['latest_only_with_trigger']) retrieved from /home/airflow/.local/lib/python3.8/site-packages/airflow/example_dags/example_latest_only_with_trigger.py
[2023-12-06T09:47:25.086+0000] {logging_mixin.py:154} INFO - [2023-12-06T09:47:25.086+0000] {dag.py:2941} INFO - Sync 1 DAGs
[2023-12-06T09:47:25.110+0000] {logging_mixin.py:154} INFO - [2023-12-06T09:47:25.110+0000] {dag.py:3722} INFO - Setting next_dagrun for latest_only_with_trigger to 2023-12-06T05:47:25.109751+00:00, run_after=2023-12-06T09:47:25.109751+00:00
[2023-12-06T09:47:25.127+0000] {processor.py:179} INFO - Processing /home/airflow/.local/lib/python3.8/site-packages/airflow/example_dags/example_latest_only_with_trigger.py took 0.080 seconds
[2023-12-06T09:47:55.768+0000] {processor.py:157} INFO - Started process (PID=1329) to work on /home/airflow/.local/lib/python3.8/site-packages/airflow/example_dags/example_latest_only_with_trigger.py
[2023-12-06T09:47:55.770+0000] {processor.py:829} INFO - Processing file /home/airflow/.local/lib/python3.8/site-packages/airflow/example_dags/example_latest_only_with_trigger.py for tasks to queue
[2023-12-06T09:47:55.772+0000] {logging_mixin.py:154} INFO - [2023-12-06T09:47:55.771+0000] {dagbag.py:536} INFO - Filling up the DagBag from /home/airflow/.local/lib/python3.8/site-packages/airflow/example_dags/example_latest_only_with_trigger.py
[2023-12-06T09:47:55.779+0000] {processor.py:839} INFO - DAG(s) dict_keys(['latest_only_with_trigger']) retrieved from /home/airflow/.local/lib/python3.8/site-packages/airflow/example_dags/example_latest_only_with_trigger.py
[2023-12-06T09:47:55.802+0000] {logging_mixin.py:154} INFO - [2023-12-06T09:47:55.802+0000] {dag.py:2941} INFO - Sync 1 DAGs
[2023-12-06T09:47:55.829+0000] {logging_mixin.py:154} INFO - [2023-12-06T09:47:55.829+0000] {dag.py:3722} INFO - Setting next_dagrun for latest_only_with_trigger to 2023-12-06T05:47:55.828737+00:00, run_after=2023-12-06T09:47:55.828737+00:00
[2023-12-06T09:47:55.847+0000] {processor.py:179} INFO - Processing /home/airflow/.local/lib/python3.8/site-packages/airflow/example_dags/example_latest_only_with_trigger.py took 0.083 seconds
[2023-12-06T09:48:28.100+0000] {processor.py:157} INFO - Started process (PID=1390) to work on /home/airflow/.local/lib/python3.8/site-packages/airflow/example_dags/example_latest_only_with_trigger.py
[2023-12-06T09:48:28.102+0000] {processor.py:829} INFO - Processing file /home/airflow/.local/lib/python3.8/site-packages/airflow/example_dags/example_latest_only_with_trigger.py for tasks to queue
[2023-12-06T09:48:28.103+0000] {logging_mixin.py:154} INFO - [2023-12-06T09:48:28.103+0000] {dagbag.py:536} INFO - Filling up the DagBag from /home/airflow/.local/lib/python3.8/site-packages/airflow/example_dags/example_latest_only_with_trigger.py
[2023-12-06T09:48:28.111+0000] {processor.py:839} INFO - DAG(s) dict_keys(['latest_only_with_trigger']) retrieved from /home/airflow/.local/lib/python3.8/site-packages/airflow/example_dags/example_latest_only_with_trigger.py
[2023-12-06T09:48:28.137+0000] {logging_mixin.py:154} INFO - [2023-12-06T09:48:28.137+0000] {dag.py:2941} INFO - Sync 1 DAGs
[2023-12-06T09:48:28.306+0000] {logging_mixin.py:154} INFO - [2023-12-06T09:48:28.306+0000] {dag.py:3722} INFO - Setting next_dagrun for latest_only_with_trigger to 2023-12-06T05:48:28.306206+00:00, run_after=2023-12-06T09:48:28.306206+00:00
[2023-12-06T09:48:28.326+0000] {processor.py:179} INFO - Processing /home/airflow/.local/lib/python3.8/site-packages/airflow/example_dags/example_latest_only_with_trigger.py took 0.231 seconds
[2023-12-06T09:48:58.487+0000] {processor.py:157} INFO - Started process (PID=1446) to work on /home/airflow/.local/lib/python3.8/site-packages/airflow/example_dags/example_latest_only_with_trigger.py
[2023-12-06T09:48:58.488+0000] {processor.py:829} INFO - Processing file /home/airflow/.local/lib/python3.8/site-packages/airflow/example_dags/example_latest_only_with_trigger.py for tasks to queue
[2023-12-06T09:48:58.490+0000] {logging_mixin.py:154} INFO - [2023-12-06T09:48:58.489+0000] {dagbag.py:536} INFO - Filling up the DagBag from /home/airflow/.local/lib/python3.8/site-packages/airflow/example_dags/example_latest_only_with_trigger.py
[2023-12-06T09:48:58.498+0000] {processor.py:839} INFO - DAG(s) dict_keys(['latest_only_with_trigger']) retrieved from /home/airflow/.local/lib/python3.8/site-packages/airflow/example_dags/example_latest_only_with_trigger.py
[2023-12-06T09:48:58.522+0000] {logging_mixin.py:154} INFO - [2023-12-06T09:48:58.522+0000] {dag.py:2941} INFO - Sync 1 DAGs
[2023-12-06T09:48:58.545+0000] {logging_mixin.py:154} INFO - [2023-12-06T09:48:58.545+0000] {dag.py:3722} INFO - Setting next_dagrun for latest_only_with_trigger to 2023-12-06T05:48:58.545175+00:00, run_after=2023-12-06T09:48:58.545175+00:00
[2023-12-06T09:48:58.563+0000] {processor.py:179} INFO - Processing /home/airflow/.local/lib/python3.8/site-packages/airflow/example_dags/example_latest_only_with_trigger.py took 0.080 seconds
[2023-12-06T09:49:28.923+0000] {processor.py:157} INFO - Started process (PID=1510) to work on /home/airflow/.local/lib/python3.8/site-packages/airflow/example_dags/example_latest_only_with_trigger.py
[2023-12-06T09:49:28.924+0000] {processor.py:829} INFO - Processing file /home/airflow/.local/lib/python3.8/site-packages/airflow/example_dags/example_latest_only_with_trigger.py for tasks to queue
[2023-12-06T09:49:28.926+0000] {logging_mixin.py:154} INFO - [2023-12-06T09:49:28.925+0000] {dagbag.py:536} INFO - Filling up the DagBag from /home/airflow/.local/lib/python3.8/site-packages/airflow/example_dags/example_latest_only_with_trigger.py
[2023-12-06T09:49:28.934+0000] {processor.py:839} INFO - DAG(s) dict_keys(['latest_only_with_trigger']) retrieved from /home/airflow/.local/lib/python3.8/site-packages/airflow/example_dags/example_latest_only_with_trigger.py
[2023-12-06T09:49:28.958+0000] {logging_mixin.py:154} INFO - [2023-12-06T09:49:28.958+0000] {dag.py:2941} INFO - Sync 1 DAGs
[2023-12-06T09:49:28.983+0000] {logging_mixin.py:154} INFO - [2023-12-06T09:49:28.982+0000] {dag.py:3722} INFO - Setting next_dagrun for latest_only_with_trigger to 2023-12-06T05:49:28.982627+00:00, run_after=2023-12-06T09:49:28.982627+00:00
[2023-12-06T09:49:29.004+0000] {processor.py:179} INFO - Processing /home/airflow/.local/lib/python3.8/site-packages/airflow/example_dags/example_latest_only_with_trigger.py took 0.086 seconds
[2023-12-06T09:50:00.403+0000] {processor.py:157} INFO - Started process (PID=1566) to work on /home/airflow/.local/lib/python3.8/site-packages/airflow/example_dags/example_latest_only_with_trigger.py
[2023-12-06T09:50:00.405+0000] {processor.py:829} INFO - Processing file /home/airflow/.local/lib/python3.8/site-packages/airflow/example_dags/example_latest_only_with_trigger.py for tasks to queue
[2023-12-06T09:50:00.406+0000] {logging_mixin.py:154} INFO - [2023-12-06T09:50:00.406+0000] {dagbag.py:536} INFO - Filling up the DagBag from /home/airflow/.local/lib/python3.8/site-packages/airflow/example_dags/example_latest_only_with_trigger.py
[2023-12-06T09:50:00.415+0000] {processor.py:839} INFO - DAG(s) dict_keys(['latest_only_with_trigger']) retrieved from /home/airflow/.local/lib/python3.8/site-packages/airflow/example_dags/example_latest_only_with_trigger.py
[2023-12-06T09:50:00.443+0000] {logging_mixin.py:154} INFO - [2023-12-06T09:50:00.443+0000] {dag.py:2941} INFO - Sync 1 DAGs
[2023-12-06T09:50:00.600+0000] {logging_mixin.py:154} INFO - [2023-12-06T09:50:00.600+0000] {dag.py:3722} INFO - Setting next_dagrun for latest_only_with_trigger to 2023-12-06T05:50:00.600107+00:00, run_after=2023-12-06T09:50:00.600107+00:00
[2023-12-06T09:50:00.622+0000] {processor.py:179} INFO - Processing /home/airflow/.local/lib/python3.8/site-packages/airflow/example_dags/example_latest_only_with_trigger.py took 0.224 seconds
[2023-12-06T09:50:31.093+0000] {processor.py:157} INFO - Started process (PID=1621) to work on /home/airflow/.local/lib/python3.8/site-packages/airflow/example_dags/example_latest_only_with_trigger.py
[2023-12-06T09:50:31.095+0000] {processor.py:829} INFO - Processing file /home/airflow/.local/lib/python3.8/site-packages/airflow/example_dags/example_latest_only_with_trigger.py for tasks to queue
[2023-12-06T09:50:31.097+0000] {logging_mixin.py:154} INFO - [2023-12-06T09:50:31.097+0000] {dagbag.py:536} INFO - Filling up the DagBag from /home/airflow/.local/lib/python3.8/site-packages/airflow/example_dags/example_latest_only_with_trigger.py
[2023-12-06T09:50:31.107+0000] {processor.py:839} INFO - DAG(s) dict_keys(['latest_only_with_trigger']) retrieved from /home/airflow/.local/lib/python3.8/site-packages/airflow/example_dags/example_latest_only_with_trigger.py
[2023-12-06T09:50:31.133+0000] {logging_mixin.py:154} INFO - [2023-12-06T09:50:31.132+0000] {dag.py:2941} INFO - Sync 1 DAGs
[2023-12-06T09:50:31.321+0000] {logging_mixin.py:154} INFO - [2023-12-06T09:50:31.321+0000] {dag.py:3722} INFO - Setting next_dagrun for latest_only_with_trigger to 2023-12-06T05:50:31.320958+00:00, run_after=2023-12-06T09:50:31.320958+00:00
[2023-12-06T09:50:31.347+0000] {processor.py:179} INFO - Processing /home/airflow/.local/lib/python3.8/site-packages/airflow/example_dags/example_latest_only_with_trigger.py took 0.258 seconds
