[2023-12-06T09:36:10.883+0000] {processor.py:157} INFO - Started process (PID=33) to work on /home/airflow/.local/lib/python3.8/site-packages/airflow/example_dags/example_kubernetes_executor.py
[2023-12-06T09:36:10.886+0000] {processor.py:829} INFO - Processing file /home/airflow/.local/lib/python3.8/site-packages/airflow/example_dags/example_kubernetes_executor.py for tasks to queue
[2023-12-06T09:36:10.892+0000] {logging_mixin.py:154} INFO - [2023-12-06T09:36:10.892+0000] {dagbag.py:536} INFO - Filling up the DagBag from /home/airflow/.local/lib/python3.8/site-packages/airflow/example_dags/example_kubernetes_executor.py
[2023-12-06T09:36:10.942+0000] {processor.py:839} INFO - DAG(s) dict_keys(['example_kubernetes_executor']) retrieved from /home/airflow/.local/lib/python3.8/site-packages/airflow/example_dags/example_kubernetes_executor.py
[2023-12-06T09:36:11.183+0000] {logging_mixin.py:154} INFO - [2023-12-06T09:36:11.183+0000] {manager.py:499} INFO - Created Permission View: %s
[2023-12-06T09:36:11.192+0000] {logging_mixin.py:154} INFO - [2023-12-06T09:36:11.192+0000] {manager.py:499} INFO - Created Permission View: %s
[2023-12-06T09:36:11.198+0000] {logging_mixin.py:154} INFO - [2023-12-06T09:36:11.198+0000] {manager.py:499} INFO - Created Permission View: %s
[2023-12-06T09:36:11.200+0000] {logging_mixin.py:154} INFO - [2023-12-06T09:36:11.200+0000] {dag.py:2941} INFO - Sync 1 DAGs
[2023-12-06T09:36:11.216+0000] {logging_mixin.py:154} INFO - [2023-12-06T09:36:11.215+0000] {dag.py:2963} INFO - Creating ORM DAG for example_kubernetes_executor
[2023-12-06T09:36:11.217+0000] {logging_mixin.py:154} INFO - [2023-12-06T09:36:11.217+0000] {dag.py:3722} INFO - Setting next_dagrun for example_kubernetes_executor to None, run_after=None
[2023-12-06T09:36:11.241+0000] {processor.py:179} INFO - Processing /home/airflow/.local/lib/python3.8/site-packages/airflow/example_dags/example_kubernetes_executor.py took 0.368 seconds
[2023-12-06T09:36:41.918+0000] {processor.py:157} INFO - Started process (PID=87) to work on /home/airflow/.local/lib/python3.8/site-packages/airflow/example_dags/example_kubernetes_executor.py
[2023-12-06T09:36:41.920+0000] {processor.py:829} INFO - Processing file /home/airflow/.local/lib/python3.8/site-packages/airflow/example_dags/example_kubernetes_executor.py for tasks to queue
[2023-12-06T09:36:41.922+0000] {logging_mixin.py:154} INFO - [2023-12-06T09:36:41.922+0000] {dagbag.py:536} INFO - Filling up the DagBag from /home/airflow/.local/lib/python3.8/site-packages/airflow/example_dags/example_kubernetes_executor.py
[2023-12-06T09:36:41.940+0000] {processor.py:839} INFO - DAG(s) dict_keys(['example_kubernetes_executor']) retrieved from /home/airflow/.local/lib/python3.8/site-packages/airflow/example_dags/example_kubernetes_executor.py
[2023-12-06T09:36:41.984+0000] {logging_mixin.py:154} INFO - [2023-12-06T09:36:41.984+0000] {dag.py:2941} INFO - Sync 1 DAGs
[2023-12-06T09:36:42.001+0000] {logging_mixin.py:154} INFO - [2023-12-06T09:36:42.001+0000] {dag.py:3722} INFO - Setting next_dagrun for example_kubernetes_executor to None, run_after=None
[2023-12-06T09:36:42.020+0000] {processor.py:179} INFO - Processing /home/airflow/.local/lib/python3.8/site-packages/airflow/example_dags/example_kubernetes_executor.py took 0.106 seconds
[2023-12-06T09:37:12.160+0000] {processor.py:157} INFO - Started process (PID=141) to work on /home/airflow/.local/lib/python3.8/site-packages/airflow/example_dags/example_kubernetes_executor.py
[2023-12-06T09:37:12.162+0000] {processor.py:829} INFO - Processing file /home/airflow/.local/lib/python3.8/site-packages/airflow/example_dags/example_kubernetes_executor.py for tasks to queue
[2023-12-06T09:37:12.165+0000] {logging_mixin.py:154} INFO - [2023-12-06T09:37:12.165+0000] {dagbag.py:536} INFO - Filling up the DagBag from /home/airflow/.local/lib/python3.8/site-packages/airflow/example_dags/example_kubernetes_executor.py
[2023-12-06T09:37:12.180+0000] {processor.py:839} INFO - DAG(s) dict_keys(['example_kubernetes_executor']) retrieved from /home/airflow/.local/lib/python3.8/site-packages/airflow/example_dags/example_kubernetes_executor.py
[2023-12-06T09:37:12.217+0000] {logging_mixin.py:154} INFO - [2023-12-06T09:37:12.217+0000] {dag.py:2941} INFO - Sync 1 DAGs
[2023-12-06T09:37:12.230+0000] {logging_mixin.py:154} INFO - [2023-12-06T09:37:12.230+0000] {dag.py:3722} INFO - Setting next_dagrun for example_kubernetes_executor to None, run_after=None
[2023-12-06T09:37:12.251+0000] {processor.py:179} INFO - Processing /home/airflow/.local/lib/python3.8/site-packages/airflow/example_dags/example_kubernetes_executor.py took 0.095 seconds
[2023-12-06T09:37:42.867+0000] {processor.py:157} INFO - Started process (PID=195) to work on /home/airflow/.local/lib/python3.8/site-packages/airflow/example_dags/example_kubernetes_executor.py
[2023-12-06T09:37:42.869+0000] {processor.py:829} INFO - Processing file /home/airflow/.local/lib/python3.8/site-packages/airflow/example_dags/example_kubernetes_executor.py for tasks to queue
[2023-12-06T09:37:42.875+0000] {logging_mixin.py:154} INFO - [2023-12-06T09:37:42.874+0000] {dagbag.py:536} INFO - Filling up the DagBag from /home/airflow/.local/lib/python3.8/site-packages/airflow/example_dags/example_kubernetes_executor.py
[2023-12-06T09:37:42.893+0000] {processor.py:839} INFO - DAG(s) dict_keys(['example_kubernetes_executor']) retrieved from /home/airflow/.local/lib/python3.8/site-packages/airflow/example_dags/example_kubernetes_executor.py
[2023-12-06T09:37:42.939+0000] {logging_mixin.py:154} INFO - [2023-12-06T09:37:42.938+0000] {dag.py:2941} INFO - Sync 1 DAGs
[2023-12-06T09:37:42.957+0000] {logging_mixin.py:154} INFO - [2023-12-06T09:37:42.957+0000] {dag.py:3722} INFO - Setting next_dagrun for example_kubernetes_executor to None, run_after=None
[2023-12-06T09:37:42.974+0000] {processor.py:179} INFO - Processing /home/airflow/.local/lib/python3.8/site-packages/airflow/example_dags/example_kubernetes_executor.py took 0.113 seconds
[2023-12-06T09:38:13.745+0000] {processor.py:157} INFO - Started process (PID=249) to work on /home/airflow/.local/lib/python3.8/site-packages/airflow/example_dags/example_kubernetes_executor.py
[2023-12-06T09:38:13.747+0000] {processor.py:829} INFO - Processing file /home/airflow/.local/lib/python3.8/site-packages/airflow/example_dags/example_kubernetes_executor.py for tasks to queue
[2023-12-06T09:38:13.750+0000] {logging_mixin.py:154} INFO - [2023-12-06T09:38:13.750+0000] {dagbag.py:536} INFO - Filling up the DagBag from /home/airflow/.local/lib/python3.8/site-packages/airflow/example_dags/example_kubernetes_executor.py
[2023-12-06T09:38:13.767+0000] {processor.py:839} INFO - DAG(s) dict_keys(['example_kubernetes_executor']) retrieved from /home/airflow/.local/lib/python3.8/site-packages/airflow/example_dags/example_kubernetes_executor.py
[2023-12-06T09:38:13.804+0000] {logging_mixin.py:154} INFO - [2023-12-06T09:38:13.804+0000] {dag.py:2941} INFO - Sync 1 DAGs
[2023-12-06T09:38:13.817+0000] {logging_mixin.py:154} INFO - [2023-12-06T09:38:13.817+0000] {dag.py:3722} INFO - Setting next_dagrun for example_kubernetes_executor to None, run_after=None
[2023-12-06T09:38:13.835+0000] {processor.py:179} INFO - Processing /home/airflow/.local/lib/python3.8/site-packages/airflow/example_dags/example_kubernetes_executor.py took 0.094 seconds
[2023-12-06T09:38:44.733+0000] {processor.py:157} INFO - Started process (PID=304) to work on /home/airflow/.local/lib/python3.8/site-packages/airflow/example_dags/example_kubernetes_executor.py
[2023-12-06T09:38:44.735+0000] {processor.py:829} INFO - Processing file /home/airflow/.local/lib/python3.8/site-packages/airflow/example_dags/example_kubernetes_executor.py for tasks to queue
[2023-12-06T09:38:44.738+0000] {logging_mixin.py:154} INFO - [2023-12-06T09:38:44.737+0000] {dagbag.py:536} INFO - Filling up the DagBag from /home/airflow/.local/lib/python3.8/site-packages/airflow/example_dags/example_kubernetes_executor.py
[2023-12-06T09:38:44.753+0000] {processor.py:839} INFO - DAG(s) dict_keys(['example_kubernetes_executor']) retrieved from /home/airflow/.local/lib/python3.8/site-packages/airflow/example_dags/example_kubernetes_executor.py
[2023-12-06T09:38:44.790+0000] {logging_mixin.py:154} INFO - [2023-12-06T09:38:44.790+0000] {dag.py:2941} INFO - Sync 1 DAGs
[2023-12-06T09:38:44.803+0000] {logging_mixin.py:154} INFO - [2023-12-06T09:38:44.803+0000] {dag.py:3722} INFO - Setting next_dagrun for example_kubernetes_executor to None, run_after=None
[2023-12-06T09:38:44.821+0000] {processor.py:179} INFO - Processing /home/airflow/.local/lib/python3.8/site-packages/airflow/example_dags/example_kubernetes_executor.py took 0.092 seconds
[2023-12-06T09:39:15.787+0000] {processor.py:157} INFO - Started process (PID=358) to work on /home/airflow/.local/lib/python3.8/site-packages/airflow/example_dags/example_kubernetes_executor.py
[2023-12-06T09:39:15.789+0000] {processor.py:829} INFO - Processing file /home/airflow/.local/lib/python3.8/site-packages/airflow/example_dags/example_kubernetes_executor.py for tasks to queue
[2023-12-06T09:39:15.792+0000] {logging_mixin.py:154} INFO - [2023-12-06T09:39:15.792+0000] {dagbag.py:536} INFO - Filling up the DagBag from /home/airflow/.local/lib/python3.8/site-packages/airflow/example_dags/example_kubernetes_executor.py
[2023-12-06T09:39:15.810+0000] {processor.py:839} INFO - DAG(s) dict_keys(['example_kubernetes_executor']) retrieved from /home/airflow/.local/lib/python3.8/site-packages/airflow/example_dags/example_kubernetes_executor.py
[2023-12-06T09:39:15.847+0000] {logging_mixin.py:154} INFO - [2023-12-06T09:39:15.847+0000] {dag.py:2941} INFO - Sync 1 DAGs
[2023-12-06T09:39:15.860+0000] {logging_mixin.py:154} INFO - [2023-12-06T09:39:15.860+0000] {dag.py:3722} INFO - Setting next_dagrun for example_kubernetes_executor to None, run_after=None
[2023-12-06T09:39:15.880+0000] {processor.py:179} INFO - Processing /home/airflow/.local/lib/python3.8/site-packages/airflow/example_dags/example_kubernetes_executor.py took 0.097 seconds
[2023-12-06T09:39:45.923+0000] {processor.py:157} INFO - Started process (PID=412) to work on /home/airflow/.local/lib/python3.8/site-packages/airflow/example_dags/example_kubernetes_executor.py
[2023-12-06T09:39:45.925+0000] {processor.py:829} INFO - Processing file /home/airflow/.local/lib/python3.8/site-packages/airflow/example_dags/example_kubernetes_executor.py for tasks to queue
[2023-12-06T09:39:45.927+0000] {logging_mixin.py:154} INFO - [2023-12-06T09:39:45.927+0000] {dagbag.py:536} INFO - Filling up the DagBag from /home/airflow/.local/lib/python3.8/site-packages/airflow/example_dags/example_kubernetes_executor.py
[2023-12-06T09:39:45.943+0000] {processor.py:839} INFO - DAG(s) dict_keys(['example_kubernetes_executor']) retrieved from /home/airflow/.local/lib/python3.8/site-packages/airflow/example_dags/example_kubernetes_executor.py
[2023-12-06T09:39:45.987+0000] {logging_mixin.py:154} INFO - [2023-12-06T09:39:45.987+0000] {dag.py:2941} INFO - Sync 1 DAGs
[2023-12-06T09:39:46.002+0000] {logging_mixin.py:154} INFO - [2023-12-06T09:39:46.001+0000] {dag.py:3722} INFO - Setting next_dagrun for example_kubernetes_executor to None, run_after=None
[2023-12-06T09:39:46.023+0000] {processor.py:179} INFO - Processing /home/airflow/.local/lib/python3.8/site-packages/airflow/example_dags/example_kubernetes_executor.py took 0.104 seconds
[2023-12-06T09:40:16.226+0000] {processor.py:157} INFO - Started process (PID=467) to work on /home/airflow/.local/lib/python3.8/site-packages/airflow/example_dags/example_kubernetes_executor.py
[2023-12-06T09:40:16.227+0000] {processor.py:829} INFO - Processing file /home/airflow/.local/lib/python3.8/site-packages/airflow/example_dags/example_kubernetes_executor.py for tasks to queue
[2023-12-06T09:40:16.230+0000] {logging_mixin.py:154} INFO - [2023-12-06T09:40:16.230+0000] {dagbag.py:536} INFO - Filling up the DagBag from /home/airflow/.local/lib/python3.8/site-packages/airflow/example_dags/example_kubernetes_executor.py
[2023-12-06T09:40:16.247+0000] {processor.py:839} INFO - DAG(s) dict_keys(['example_kubernetes_executor']) retrieved from /home/airflow/.local/lib/python3.8/site-packages/airflow/example_dags/example_kubernetes_executor.py
[2023-12-06T09:40:16.285+0000] {logging_mixin.py:154} INFO - [2023-12-06T09:40:16.284+0000] {dag.py:2941} INFO - Sync 1 DAGs
[2023-12-06T09:40:16.298+0000] {logging_mixin.py:154} INFO - [2023-12-06T09:40:16.298+0000] {dag.py:3722} INFO - Setting next_dagrun for example_kubernetes_executor to None, run_after=None
[2023-12-06T09:40:16.318+0000] {processor.py:179} INFO - Processing /home/airflow/.local/lib/python3.8/site-packages/airflow/example_dags/example_kubernetes_executor.py took 0.097 seconds
[2023-12-06T09:40:46.389+0000] {processor.py:157} INFO - Started process (PID=521) to work on /home/airflow/.local/lib/python3.8/site-packages/airflow/example_dags/example_kubernetes_executor.py
[2023-12-06T09:40:46.391+0000] {processor.py:829} INFO - Processing file /home/airflow/.local/lib/python3.8/site-packages/airflow/example_dags/example_kubernetes_executor.py for tasks to queue
[2023-12-06T09:40:46.394+0000] {logging_mixin.py:154} INFO - [2023-12-06T09:40:46.394+0000] {dagbag.py:536} INFO - Filling up the DagBag from /home/airflow/.local/lib/python3.8/site-packages/airflow/example_dags/example_kubernetes_executor.py
[2023-12-06T09:40:46.417+0000] {processor.py:839} INFO - DAG(s) dict_keys(['example_kubernetes_executor']) retrieved from /home/airflow/.local/lib/python3.8/site-packages/airflow/example_dags/example_kubernetes_executor.py
[2023-12-06T09:40:46.464+0000] {logging_mixin.py:154} INFO - [2023-12-06T09:40:46.464+0000] {dag.py:2941} INFO - Sync 1 DAGs
[2023-12-06T09:40:46.480+0000] {logging_mixin.py:154} INFO - [2023-12-06T09:40:46.480+0000] {dag.py:3722} INFO - Setting next_dagrun for example_kubernetes_executor to None, run_after=None
[2023-12-06T09:40:46.501+0000] {processor.py:179} INFO - Processing /home/airflow/.local/lib/python3.8/site-packages/airflow/example_dags/example_kubernetes_executor.py took 0.117 seconds
[2023-12-06T09:41:16.602+0000] {processor.py:157} INFO - Started process (PID=575) to work on /home/airflow/.local/lib/python3.8/site-packages/airflow/example_dags/example_kubernetes_executor.py
[2023-12-06T09:41:16.603+0000] {processor.py:829} INFO - Processing file /home/airflow/.local/lib/python3.8/site-packages/airflow/example_dags/example_kubernetes_executor.py for tasks to queue
[2023-12-06T09:41:16.606+0000] {logging_mixin.py:154} INFO - [2023-12-06T09:41:16.605+0000] {dagbag.py:536} INFO - Filling up the DagBag from /home/airflow/.local/lib/python3.8/site-packages/airflow/example_dags/example_kubernetes_executor.py
[2023-12-06T09:41:16.620+0000] {processor.py:839} INFO - DAG(s) dict_keys(['example_kubernetes_executor']) retrieved from /home/airflow/.local/lib/python3.8/site-packages/airflow/example_dags/example_kubernetes_executor.py
[2023-12-06T09:41:16.655+0000] {logging_mixin.py:154} INFO - [2023-12-06T09:41:16.655+0000] {dag.py:2941} INFO - Sync 1 DAGs
[2023-12-06T09:41:16.669+0000] {logging_mixin.py:154} INFO - [2023-12-06T09:41:16.668+0000] {dag.py:3722} INFO - Setting next_dagrun for example_kubernetes_executor to None, run_after=None
[2023-12-06T09:41:16.690+0000] {processor.py:179} INFO - Processing /home/airflow/.local/lib/python3.8/site-packages/airflow/example_dags/example_kubernetes_executor.py took 0.092 seconds
[2023-12-06T09:41:47.110+0000] {processor.py:157} INFO - Started process (PID=629) to work on /home/airflow/.local/lib/python3.8/site-packages/airflow/example_dags/example_kubernetes_executor.py
[2023-12-06T09:41:47.112+0000] {processor.py:829} INFO - Processing file /home/airflow/.local/lib/python3.8/site-packages/airflow/example_dags/example_kubernetes_executor.py for tasks to queue
[2023-12-06T09:41:47.114+0000] {logging_mixin.py:154} INFO - [2023-12-06T09:41:47.114+0000] {dagbag.py:536} INFO - Filling up the DagBag from /home/airflow/.local/lib/python3.8/site-packages/airflow/example_dags/example_kubernetes_executor.py
[2023-12-06T09:41:47.129+0000] {processor.py:839} INFO - DAG(s) dict_keys(['example_kubernetes_executor']) retrieved from /home/airflow/.local/lib/python3.8/site-packages/airflow/example_dags/example_kubernetes_executor.py
[2023-12-06T09:41:47.166+0000] {logging_mixin.py:154} INFO - [2023-12-06T09:41:47.166+0000] {dag.py:2941} INFO - Sync 1 DAGs
[2023-12-06T09:41:47.180+0000] {logging_mixin.py:154} INFO - [2023-12-06T09:41:47.180+0000] {dag.py:3722} INFO - Setting next_dagrun for example_kubernetes_executor to None, run_after=None
[2023-12-06T09:41:47.200+0000] {processor.py:179} INFO - Processing /home/airflow/.local/lib/python3.8/site-packages/airflow/example_dags/example_kubernetes_executor.py took 0.093 seconds
[2023-12-06T09:42:17.334+0000] {processor.py:157} INFO - Started process (PID=683) to work on /home/airflow/.local/lib/python3.8/site-packages/airflow/example_dags/example_kubernetes_executor.py
[2023-12-06T09:42:17.335+0000] {processor.py:829} INFO - Processing file /home/airflow/.local/lib/python3.8/site-packages/airflow/example_dags/example_kubernetes_executor.py for tasks to queue
[2023-12-06T09:42:17.339+0000] {logging_mixin.py:154} INFO - [2023-12-06T09:42:17.338+0000] {dagbag.py:536} INFO - Filling up the DagBag from /home/airflow/.local/lib/python3.8/site-packages/airflow/example_dags/example_kubernetes_executor.py
[2023-12-06T09:42:17.356+0000] {processor.py:839} INFO - DAG(s) dict_keys(['example_kubernetes_executor']) retrieved from /home/airflow/.local/lib/python3.8/site-packages/airflow/example_dags/example_kubernetes_executor.py
[2023-12-06T09:42:17.395+0000] {logging_mixin.py:154} INFO - [2023-12-06T09:42:17.395+0000] {dag.py:2941} INFO - Sync 1 DAGs
[2023-12-06T09:42:17.408+0000] {logging_mixin.py:154} INFO - [2023-12-06T09:42:17.408+0000] {dag.py:3722} INFO - Setting next_dagrun for example_kubernetes_executor to None, run_after=None
[2023-12-06T09:42:17.427+0000] {processor.py:179} INFO - Processing /home/airflow/.local/lib/python3.8/site-packages/airflow/example_dags/example_kubernetes_executor.py took 0.097 seconds
[2023-12-06T09:42:47.899+0000] {processor.py:157} INFO - Started process (PID=737) to work on /home/airflow/.local/lib/python3.8/site-packages/airflow/example_dags/example_kubernetes_executor.py
[2023-12-06T09:42:47.900+0000] {processor.py:829} INFO - Processing file /home/airflow/.local/lib/python3.8/site-packages/airflow/example_dags/example_kubernetes_executor.py for tasks to queue
[2023-12-06T09:42:47.904+0000] {logging_mixin.py:154} INFO - [2023-12-06T09:42:47.904+0000] {dagbag.py:536} INFO - Filling up the DagBag from /home/airflow/.local/lib/python3.8/site-packages/airflow/example_dags/example_kubernetes_executor.py
[2023-12-06T09:42:47.921+0000] {processor.py:839} INFO - DAG(s) dict_keys(['example_kubernetes_executor']) retrieved from /home/airflow/.local/lib/python3.8/site-packages/airflow/example_dags/example_kubernetes_executor.py
[2023-12-06T09:42:47.957+0000] {logging_mixin.py:154} INFO - [2023-12-06T09:42:47.957+0000] {dag.py:2941} INFO - Sync 1 DAGs
[2023-12-06T09:42:47.971+0000] {logging_mixin.py:154} INFO - [2023-12-06T09:42:47.971+0000] {dag.py:3722} INFO - Setting next_dagrun for example_kubernetes_executor to None, run_after=None
[2023-12-06T09:42:47.992+0000] {processor.py:179} INFO - Processing /home/airflow/.local/lib/python3.8/site-packages/airflow/example_dags/example_kubernetes_executor.py took 0.099 seconds
[2023-12-06T09:43:18.145+0000] {processor.py:157} INFO - Started process (PID=792) to work on /home/airflow/.local/lib/python3.8/site-packages/airflow/example_dags/example_kubernetes_executor.py
[2023-12-06T09:43:18.147+0000] {processor.py:829} INFO - Processing file /home/airflow/.local/lib/python3.8/site-packages/airflow/example_dags/example_kubernetes_executor.py for tasks to queue
[2023-12-06T09:43:18.150+0000] {logging_mixin.py:154} INFO - [2023-12-06T09:43:18.149+0000] {dagbag.py:536} INFO - Filling up the DagBag from /home/airflow/.local/lib/python3.8/site-packages/airflow/example_dags/example_kubernetes_executor.py
[2023-12-06T09:43:18.167+0000] {processor.py:839} INFO - DAG(s) dict_keys(['example_kubernetes_executor']) retrieved from /home/airflow/.local/lib/python3.8/site-packages/airflow/example_dags/example_kubernetes_executor.py
[2023-12-06T09:43:18.203+0000] {logging_mixin.py:154} INFO - [2023-12-06T09:43:18.203+0000] {dag.py:2941} INFO - Sync 1 DAGs
[2023-12-06T09:43:18.217+0000] {logging_mixin.py:154} INFO - [2023-12-06T09:43:18.217+0000] {dag.py:3722} INFO - Setting next_dagrun for example_kubernetes_executor to None, run_after=None
[2023-12-06T09:43:18.237+0000] {processor.py:179} INFO - Processing /home/airflow/.local/lib/python3.8/site-packages/airflow/example_dags/example_kubernetes_executor.py took 0.096 seconds
[2023-12-06T09:43:49.121+0000] {processor.py:157} INFO - Started process (PID=846) to work on /home/airflow/.local/lib/python3.8/site-packages/airflow/example_dags/example_kubernetes_executor.py
[2023-12-06T09:43:49.122+0000] {processor.py:829} INFO - Processing file /home/airflow/.local/lib/python3.8/site-packages/airflow/example_dags/example_kubernetes_executor.py for tasks to queue
[2023-12-06T09:43:49.125+0000] {logging_mixin.py:154} INFO - [2023-12-06T09:43:49.125+0000] {dagbag.py:536} INFO - Filling up the DagBag from /home/airflow/.local/lib/python3.8/site-packages/airflow/example_dags/example_kubernetes_executor.py
[2023-12-06T09:43:49.144+0000] {processor.py:839} INFO - DAG(s) dict_keys(['example_kubernetes_executor']) retrieved from /home/airflow/.local/lib/python3.8/site-packages/airflow/example_dags/example_kubernetes_executor.py
[2023-12-06T09:43:49.190+0000] {logging_mixin.py:154} INFO - [2023-12-06T09:43:49.190+0000] {dag.py:2941} INFO - Sync 1 DAGs
[2023-12-06T09:43:49.210+0000] {logging_mixin.py:154} INFO - [2023-12-06T09:43:49.209+0000] {dag.py:3722} INFO - Setting next_dagrun for example_kubernetes_executor to None, run_after=None
[2023-12-06T09:43:49.233+0000] {processor.py:179} INFO - Processing /home/airflow/.local/lib/python3.8/site-packages/airflow/example_dags/example_kubernetes_executor.py took 0.116 seconds
[2023-12-06T09:44:19.320+0000] {processor.py:157} INFO - Started process (PID=900) to work on /home/airflow/.local/lib/python3.8/site-packages/airflow/example_dags/example_kubernetes_executor.py
[2023-12-06T09:44:19.322+0000] {processor.py:829} INFO - Processing file /home/airflow/.local/lib/python3.8/site-packages/airflow/example_dags/example_kubernetes_executor.py for tasks to queue
[2023-12-06T09:44:19.325+0000] {logging_mixin.py:154} INFO - [2023-12-06T09:44:19.325+0000] {dagbag.py:536} INFO - Filling up the DagBag from /home/airflow/.local/lib/python3.8/site-packages/airflow/example_dags/example_kubernetes_executor.py
[2023-12-06T09:44:19.343+0000] {processor.py:839} INFO - DAG(s) dict_keys(['example_kubernetes_executor']) retrieved from /home/airflow/.local/lib/python3.8/site-packages/airflow/example_dags/example_kubernetes_executor.py
[2023-12-06T09:44:19.392+0000] {logging_mixin.py:154} INFO - [2023-12-06T09:44:19.391+0000] {dag.py:2941} INFO - Sync 1 DAGs
[2023-12-06T09:44:19.406+0000] {logging_mixin.py:154} INFO - [2023-12-06T09:44:19.406+0000] {dag.py:3722} INFO - Setting next_dagrun for example_kubernetes_executor to None, run_after=None
[2023-12-06T09:44:19.429+0000] {processor.py:179} INFO - Processing /home/airflow/.local/lib/python3.8/site-packages/airflow/example_dags/example_kubernetes_executor.py took 0.112 seconds
[2023-12-06T09:44:49.620+0000] {processor.py:157} INFO - Started process (PID=954) to work on /home/airflow/.local/lib/python3.8/site-packages/airflow/example_dags/example_kubernetes_executor.py
[2023-12-06T09:44:49.622+0000] {processor.py:829} INFO - Processing file /home/airflow/.local/lib/python3.8/site-packages/airflow/example_dags/example_kubernetes_executor.py for tasks to queue
[2023-12-06T09:44:49.625+0000] {logging_mixin.py:154} INFO - [2023-12-06T09:44:49.625+0000] {dagbag.py:536} INFO - Filling up the DagBag from /home/airflow/.local/lib/python3.8/site-packages/airflow/example_dags/example_kubernetes_executor.py
[2023-12-06T09:44:49.641+0000] {processor.py:839} INFO - DAG(s) dict_keys(['example_kubernetes_executor']) retrieved from /home/airflow/.local/lib/python3.8/site-packages/airflow/example_dags/example_kubernetes_executor.py
[2023-12-06T09:44:49.677+0000] {logging_mixin.py:154} INFO - [2023-12-06T09:44:49.677+0000] {dag.py:2941} INFO - Sync 1 DAGs
[2023-12-06T09:44:49.691+0000] {logging_mixin.py:154} INFO - [2023-12-06T09:44:49.691+0000] {dag.py:3722} INFO - Setting next_dagrun for example_kubernetes_executor to None, run_after=None
[2023-12-06T09:44:49.711+0000] {processor.py:179} INFO - Processing /home/airflow/.local/lib/python3.8/site-packages/airflow/example_dags/example_kubernetes_executor.py took 0.094 seconds
[2023-12-06T09:45:19.802+0000] {processor.py:157} INFO - Started process (PID=1008) to work on /home/airflow/.local/lib/python3.8/site-packages/airflow/example_dags/example_kubernetes_executor.py
[2023-12-06T09:45:19.804+0000] {processor.py:829} INFO - Processing file /home/airflow/.local/lib/python3.8/site-packages/airflow/example_dags/example_kubernetes_executor.py for tasks to queue
[2023-12-06T09:45:19.807+0000] {logging_mixin.py:154} INFO - [2023-12-06T09:45:19.806+0000] {dagbag.py:536} INFO - Filling up the DagBag from /home/airflow/.local/lib/python3.8/site-packages/airflow/example_dags/example_kubernetes_executor.py
[2023-12-06T09:45:19.821+0000] {processor.py:839} INFO - DAG(s) dict_keys(['example_kubernetes_executor']) retrieved from /home/airflow/.local/lib/python3.8/site-packages/airflow/example_dags/example_kubernetes_executor.py
[2023-12-06T09:45:19.860+0000] {logging_mixin.py:154} INFO - [2023-12-06T09:45:19.860+0000] {dag.py:2941} INFO - Sync 1 DAGs
[2023-12-06T09:45:19.874+0000] {logging_mixin.py:154} INFO - [2023-12-06T09:45:19.873+0000] {dag.py:3722} INFO - Setting next_dagrun for example_kubernetes_executor to None, run_after=None
[2023-12-06T09:45:19.893+0000] {processor.py:179} INFO - Processing /home/airflow/.local/lib/python3.8/site-packages/airflow/example_dags/example_kubernetes_executor.py took 0.095 seconds
[2023-12-06T09:45:49.968+0000] {processor.py:157} INFO - Started process (PID=1074) to work on /home/airflow/.local/lib/python3.8/site-packages/airflow/example_dags/example_kubernetes_executor.py
[2023-12-06T09:45:49.969+0000] {processor.py:829} INFO - Processing file /home/airflow/.local/lib/python3.8/site-packages/airflow/example_dags/example_kubernetes_executor.py for tasks to queue
[2023-12-06T09:45:49.972+0000] {logging_mixin.py:154} INFO - [2023-12-06T09:45:49.972+0000] {dagbag.py:536} INFO - Filling up the DagBag from /home/airflow/.local/lib/python3.8/site-packages/airflow/example_dags/example_kubernetes_executor.py
[2023-12-06T09:45:49.989+0000] {processor.py:839} INFO - DAG(s) dict_keys(['example_kubernetes_executor']) retrieved from /home/airflow/.local/lib/python3.8/site-packages/airflow/example_dags/example_kubernetes_executor.py
[2023-12-06T09:45:50.034+0000] {logging_mixin.py:154} INFO - [2023-12-06T09:45:50.033+0000] {dag.py:2941} INFO - Sync 1 DAGs
[2023-12-06T09:45:50.058+0000] {logging_mixin.py:154} INFO - [2023-12-06T09:45:50.058+0000] {dag.py:3722} INFO - Setting next_dagrun for example_kubernetes_executor to None, run_after=None
[2023-12-06T09:45:50.117+0000] {processor.py:179} INFO - Processing /home/airflow/.local/lib/python3.8/site-packages/airflow/example_dags/example_kubernetes_executor.py took 0.154 seconds
[2023-12-06T09:46:20.214+0000] {processor.py:157} INFO - Started process (PID=1131) to work on /home/airflow/.local/lib/python3.8/site-packages/airflow/example_dags/example_kubernetes_executor.py
[2023-12-06T09:46:20.216+0000] {processor.py:829} INFO - Processing file /home/airflow/.local/lib/python3.8/site-packages/airflow/example_dags/example_kubernetes_executor.py for tasks to queue
[2023-12-06T09:46:20.219+0000] {logging_mixin.py:154} INFO - [2023-12-06T09:46:20.219+0000] {dagbag.py:536} INFO - Filling up the DagBag from /home/airflow/.local/lib/python3.8/site-packages/airflow/example_dags/example_kubernetes_executor.py
[2023-12-06T09:46:20.234+0000] {processor.py:839} INFO - DAG(s) dict_keys(['example_kubernetes_executor']) retrieved from /home/airflow/.local/lib/python3.8/site-packages/airflow/example_dags/example_kubernetes_executor.py
[2023-12-06T09:46:20.271+0000] {logging_mixin.py:154} INFO - [2023-12-06T09:46:20.271+0000] {dag.py:2941} INFO - Sync 1 DAGs
[2023-12-06T09:46:20.285+0000] {logging_mixin.py:154} INFO - [2023-12-06T09:46:20.285+0000] {dag.py:3722} INFO - Setting next_dagrun for example_kubernetes_executor to None, run_after=None
[2023-12-06T09:46:20.305+0000] {processor.py:179} INFO - Processing /home/airflow/.local/lib/python3.8/site-packages/airflow/example_dags/example_kubernetes_executor.py took 0.096 seconds
[2023-12-06T09:46:50.830+0000] {processor.py:157} INFO - Started process (PID=1186) to work on /home/airflow/.local/lib/python3.8/site-packages/airflow/example_dags/example_kubernetes_executor.py
[2023-12-06T09:46:50.832+0000] {processor.py:829} INFO - Processing file /home/airflow/.local/lib/python3.8/site-packages/airflow/example_dags/example_kubernetes_executor.py for tasks to queue
[2023-12-06T09:46:50.835+0000] {logging_mixin.py:154} INFO - [2023-12-06T09:46:50.834+0000] {dagbag.py:536} INFO - Filling up the DagBag from /home/airflow/.local/lib/python3.8/site-packages/airflow/example_dags/example_kubernetes_executor.py
[2023-12-06T09:46:50.850+0000] {processor.py:839} INFO - DAG(s) dict_keys(['example_kubernetes_executor']) retrieved from /home/airflow/.local/lib/python3.8/site-packages/airflow/example_dags/example_kubernetes_executor.py
[2023-12-06T09:46:50.886+0000] {logging_mixin.py:154} INFO - [2023-12-06T09:46:50.886+0000] {dag.py:2941} INFO - Sync 1 DAGs
[2023-12-06T09:46:50.900+0000] {logging_mixin.py:154} INFO - [2023-12-06T09:46:50.899+0000] {dag.py:3722} INFO - Setting next_dagrun for example_kubernetes_executor to None, run_after=None
[2023-12-06T09:46:50.918+0000] {processor.py:179} INFO - Processing /home/airflow/.local/lib/python3.8/site-packages/airflow/example_dags/example_kubernetes_executor.py took 0.092 seconds
[2023-12-06T09:47:21.206+0000] {processor.py:157} INFO - Started process (PID=1242) to work on /home/airflow/.local/lib/python3.8/site-packages/airflow/example_dags/example_kubernetes_executor.py
[2023-12-06T09:47:21.208+0000] {processor.py:829} INFO - Processing file /home/airflow/.local/lib/python3.8/site-packages/airflow/example_dags/example_kubernetes_executor.py for tasks to queue
[2023-12-06T09:47:21.210+0000] {logging_mixin.py:154} INFO - [2023-12-06T09:47:21.210+0000] {dagbag.py:536} INFO - Filling up the DagBag from /home/airflow/.local/lib/python3.8/site-packages/airflow/example_dags/example_kubernetes_executor.py
[2023-12-06T09:47:21.229+0000] {processor.py:839} INFO - DAG(s) dict_keys(['example_kubernetes_executor']) retrieved from /home/airflow/.local/lib/python3.8/site-packages/airflow/example_dags/example_kubernetes_executor.py
[2023-12-06T09:47:21.268+0000] {logging_mixin.py:154} INFO - [2023-12-06T09:47:21.267+0000] {dag.py:2941} INFO - Sync 1 DAGs
[2023-12-06T09:47:21.284+0000] {logging_mixin.py:154} INFO - [2023-12-06T09:47:21.283+0000] {dag.py:3722} INFO - Setting next_dagrun for example_kubernetes_executor to None, run_after=None
[2023-12-06T09:47:21.303+0000] {processor.py:179} INFO - Processing /home/airflow/.local/lib/python3.8/site-packages/airflow/example_dags/example_kubernetes_executor.py took 0.101 seconds
[2023-12-06T09:47:51.348+0000] {processor.py:157} INFO - Started process (PID=1300) to work on /home/airflow/.local/lib/python3.8/site-packages/airflow/example_dags/example_kubernetes_executor.py
[2023-12-06T09:47:51.350+0000] {processor.py:829} INFO - Processing file /home/airflow/.local/lib/python3.8/site-packages/airflow/example_dags/example_kubernetes_executor.py for tasks to queue
[2023-12-06T09:47:51.351+0000] {logging_mixin.py:154} INFO - [2023-12-06T09:47:51.351+0000] {dagbag.py:536} INFO - Filling up the DagBag from /home/airflow/.local/lib/python3.8/site-packages/airflow/example_dags/example_kubernetes_executor.py
[2023-12-06T09:47:51.368+0000] {processor.py:839} INFO - DAG(s) dict_keys(['example_kubernetes_executor']) retrieved from /home/airflow/.local/lib/python3.8/site-packages/airflow/example_dags/example_kubernetes_executor.py
[2023-12-06T09:47:51.405+0000] {logging_mixin.py:154} INFO - [2023-12-06T09:47:51.405+0000] {dag.py:2941} INFO - Sync 1 DAGs
[2023-12-06T09:47:51.419+0000] {logging_mixin.py:154} INFO - [2023-12-06T09:47:51.419+0000] {dag.py:3722} INFO - Setting next_dagrun for example_kubernetes_executor to None, run_after=None
[2023-12-06T09:47:51.438+0000] {processor.py:179} INFO - Processing /home/airflow/.local/lib/python3.8/site-packages/airflow/example_dags/example_kubernetes_executor.py took 0.095 seconds
[2023-12-06T09:48:22.044+0000] {processor.py:157} INFO - Started process (PID=1357) to work on /home/airflow/.local/lib/python3.8/site-packages/airflow/example_dags/example_kubernetes_executor.py
[2023-12-06T09:48:22.045+0000] {processor.py:829} INFO - Processing file /home/airflow/.local/lib/python3.8/site-packages/airflow/example_dags/example_kubernetes_executor.py for tasks to queue
[2023-12-06T09:48:22.047+0000] {logging_mixin.py:154} INFO - [2023-12-06T09:48:22.046+0000] {dagbag.py:536} INFO - Filling up the DagBag from /home/airflow/.local/lib/python3.8/site-packages/airflow/example_dags/example_kubernetes_executor.py
[2023-12-06T09:48:22.069+0000] {processor.py:839} INFO - DAG(s) dict_keys(['example_kubernetes_executor']) retrieved from /home/airflow/.local/lib/python3.8/site-packages/airflow/example_dags/example_kubernetes_executor.py
[2023-12-06T09:48:22.113+0000] {logging_mixin.py:154} INFO - [2023-12-06T09:48:22.113+0000] {dag.py:2941} INFO - Sync 1 DAGs
[2023-12-06T09:48:22.130+0000] {logging_mixin.py:154} INFO - [2023-12-06T09:48:22.130+0000] {dag.py:3722} INFO - Setting next_dagrun for example_kubernetes_executor to None, run_after=None
[2023-12-06T09:48:22.157+0000] {processor.py:179} INFO - Processing /home/airflow/.local/lib/python3.8/site-packages/airflow/example_dags/example_kubernetes_executor.py took 0.117 seconds
[2023-12-06T09:48:52.632+0000] {processor.py:157} INFO - Started process (PID=1417) to work on /home/airflow/.local/lib/python3.8/site-packages/airflow/example_dags/example_kubernetes_executor.py
[2023-12-06T09:48:52.679+0000] {processor.py:829} INFO - Processing file /home/airflow/.local/lib/python3.8/site-packages/airflow/example_dags/example_kubernetes_executor.py for tasks to queue
[2023-12-06T09:48:52.681+0000] {logging_mixin.py:154} INFO - [2023-12-06T09:48:52.681+0000] {dagbag.py:536} INFO - Filling up the DagBag from /home/airflow/.local/lib/python3.8/site-packages/airflow/example_dags/example_kubernetes_executor.py
[2023-12-06T09:48:52.698+0000] {processor.py:839} INFO - DAG(s) dict_keys(['example_kubernetes_executor']) retrieved from /home/airflow/.local/lib/python3.8/site-packages/airflow/example_dags/example_kubernetes_executor.py
[2023-12-06T09:48:52.735+0000] {logging_mixin.py:154} INFO - [2023-12-06T09:48:52.735+0000] {dag.py:2941} INFO - Sync 1 DAGs
[2023-12-06T09:48:52.749+0000] {logging_mixin.py:154} INFO - [2023-12-06T09:48:52.749+0000] {dag.py:3722} INFO - Setting next_dagrun for example_kubernetes_executor to None, run_after=None
[2023-12-06T09:48:52.768+0000] {processor.py:179} INFO - Processing /home/airflow/.local/lib/python3.8/site-packages/airflow/example_dags/example_kubernetes_executor.py took 0.140 seconds
[2023-12-06T09:49:23.073+0000] {processor.py:157} INFO - Started process (PID=1473) to work on /home/airflow/.local/lib/python3.8/site-packages/airflow/example_dags/example_kubernetes_executor.py
[2023-12-06T09:49:23.075+0000] {processor.py:829} INFO - Processing file /home/airflow/.local/lib/python3.8/site-packages/airflow/example_dags/example_kubernetes_executor.py for tasks to queue
[2023-12-06T09:49:23.076+0000] {logging_mixin.py:154} INFO - [2023-12-06T09:49:23.076+0000] {dagbag.py:536} INFO - Filling up the DagBag from /home/airflow/.local/lib/python3.8/site-packages/airflow/example_dags/example_kubernetes_executor.py
[2023-12-06T09:49:23.092+0000] {processor.py:839} INFO - DAG(s) dict_keys(['example_kubernetes_executor']) retrieved from /home/airflow/.local/lib/python3.8/site-packages/airflow/example_dags/example_kubernetes_executor.py
[2023-12-06T09:49:23.270+0000] {logging_mixin.py:154} INFO - [2023-12-06T09:49:23.269+0000] {dag.py:2941} INFO - Sync 1 DAGs
[2023-12-06T09:49:23.286+0000] {logging_mixin.py:154} INFO - [2023-12-06T09:49:23.286+0000] {dag.py:3722} INFO - Setting next_dagrun for example_kubernetes_executor to None, run_after=None
[2023-12-06T09:49:23.308+0000] {processor.py:179} INFO - Processing /home/airflow/.local/lib/python3.8/site-packages/airflow/example_dags/example_kubernetes_executor.py took 0.239 seconds
[2023-12-06T09:49:54.288+0000] {processor.py:157} INFO - Started process (PID=1529) to work on /home/airflow/.local/lib/python3.8/site-packages/airflow/example_dags/example_kubernetes_executor.py
[2023-12-06T09:49:54.290+0000] {processor.py:829} INFO - Processing file /home/airflow/.local/lib/python3.8/site-packages/airflow/example_dags/example_kubernetes_executor.py for tasks to queue
[2023-12-06T09:49:54.291+0000] {logging_mixin.py:154} INFO - [2023-12-06T09:49:54.291+0000] {dagbag.py:536} INFO - Filling up the DagBag from /home/airflow/.local/lib/python3.8/site-packages/airflow/example_dags/example_kubernetes_executor.py
[2023-12-06T09:49:54.310+0000] {processor.py:839} INFO - DAG(s) dict_keys(['example_kubernetes_executor']) retrieved from /home/airflow/.local/lib/python3.8/site-packages/airflow/example_dags/example_kubernetes_executor.py
[2023-12-06T09:49:54.355+0000] {logging_mixin.py:154} INFO - [2023-12-06T09:49:54.355+0000] {dag.py:2941} INFO - Sync 1 DAGs
[2023-12-06T09:49:54.525+0000] {logging_mixin.py:154} INFO - [2023-12-06T09:49:54.525+0000] {dag.py:3722} INFO - Setting next_dagrun for example_kubernetes_executor to None, run_after=None
[2023-12-06T09:49:54.547+0000] {processor.py:179} INFO - Processing /home/airflow/.local/lib/python3.8/site-packages/airflow/example_dags/example_kubernetes_executor.py took 0.263 seconds
[2023-12-06T09:50:24.661+0000] {processor.py:157} INFO - Started process (PID=1585) to work on /home/airflow/.local/lib/python3.8/site-packages/airflow/example_dags/example_kubernetes_executor.py
[2023-12-06T09:50:24.662+0000] {processor.py:829} INFO - Processing file /home/airflow/.local/lib/python3.8/site-packages/airflow/example_dags/example_kubernetes_executor.py for tasks to queue
[2023-12-06T09:50:24.663+0000] {logging_mixin.py:154} INFO - [2023-12-06T09:50:24.663+0000] {dagbag.py:536} INFO - Filling up the DagBag from /home/airflow/.local/lib/python3.8/site-packages/airflow/example_dags/example_kubernetes_executor.py
[2023-12-06T09:50:24.678+0000] {processor.py:839} INFO - DAG(s) dict_keys(['example_kubernetes_executor']) retrieved from /home/airflow/.local/lib/python3.8/site-packages/airflow/example_dags/example_kubernetes_executor.py
[2023-12-06T09:50:24.717+0000] {logging_mixin.py:154} INFO - [2023-12-06T09:50:24.717+0000] {dag.py:2941} INFO - Sync 1 DAGs
[2023-12-06T09:50:24.730+0000] {logging_mixin.py:154} INFO - [2023-12-06T09:50:24.730+0000] {dag.py:3722} INFO - Setting next_dagrun for example_kubernetes_executor to None, run_after=None
[2023-12-06T09:50:24.750+0000] {processor.py:179} INFO - Processing /home/airflow/.local/lib/python3.8/site-packages/airflow/example_dags/example_kubernetes_executor.py took 0.093 seconds
