[2023-12-06T09:36:11.935+0000] {processor.py:157} INFO - Started process (PID=39) to work on /home/airflow/.local/lib/python3.8/site-packages/airflow/example_dags/example_branch_operator_decorator.py
[2023-12-06T09:36:11.938+0000] {processor.py:829} INFO - Processing file /home/airflow/.local/lib/python3.8/site-packages/airflow/example_dags/example_branch_operator_decorator.py for tasks to queue
[2023-12-06T09:36:11.946+0000] {logging_mixin.py:154} INFO - [2023-12-06T09:36:11.945+0000] {dagbag.py:536} INFO - Filling up the DagBag from /home/airflow/.local/lib/python3.8/site-packages/airflow/example_dags/example_branch_operator_decorator.py
[2023-12-06T09:36:11.981+0000] {processor.py:839} INFO - DAG(s) dict_keys(['example_branch_python_operator_decorator']) retrieved from /home/airflow/.local/lib/python3.8/site-packages/airflow/example_dags/example_branch_operator_decorator.py
[2023-12-06T09:36:12.176+0000] {logging_mixin.py:154} INFO - [2023-12-06T09:36:12.176+0000] {manager.py:499} INFO - Created Permission View: %s
[2023-12-06T09:36:12.187+0000] {logging_mixin.py:154} INFO - [2023-12-06T09:36:12.187+0000] {manager.py:499} INFO - Created Permission View: %s
[2023-12-06T09:36:12.195+0000] {logging_mixin.py:154} INFO - [2023-12-06T09:36:12.195+0000] {manager.py:499} INFO - Created Permission View: %s
[2023-12-06T09:36:12.196+0000] {logging_mixin.py:154} INFO - [2023-12-06T09:36:12.196+0000] {dag.py:2941} INFO - Sync 1 DAGs
[2023-12-06T09:36:12.214+0000] {logging_mixin.py:154} INFO - [2023-12-06T09:36:12.213+0000] {dag.py:2963} INFO - Creating ORM DAG for example_branch_python_operator_decorator
[2023-12-06T09:36:12.232+0000] {logging_mixin.py:154} INFO - [2023-12-06T09:36:12.231+0000] {dag.py:3722} INFO - Setting next_dagrun for example_branch_python_operator_decorator to 2023-12-05T00:00:00+00:00, run_after=2023-12-06T00:00:00+00:00
[2023-12-06T09:36:12.255+0000] {processor.py:179} INFO - Processing /home/airflow/.local/lib/python3.8/site-packages/airflow/example_dags/example_branch_operator_decorator.py took 0.328 seconds
[2023-12-06T09:36:42.322+0000] {processor.py:157} INFO - Started process (PID=93) to work on /home/airflow/.local/lib/python3.8/site-packages/airflow/example_dags/example_branch_operator_decorator.py
[2023-12-06T09:36:42.324+0000] {processor.py:829} INFO - Processing file /home/airflow/.local/lib/python3.8/site-packages/airflow/example_dags/example_branch_operator_decorator.py for tasks to queue
[2023-12-06T09:36:42.327+0000] {logging_mixin.py:154} INFO - [2023-12-06T09:36:42.326+0000] {dagbag.py:536} INFO - Filling up the DagBag from /home/airflow/.local/lib/python3.8/site-packages/airflow/example_dags/example_branch_operator_decorator.py
[2023-12-06T09:36:42.338+0000] {processor.py:839} INFO - DAG(s) dict_keys(['example_branch_python_operator_decorator']) retrieved from /home/airflow/.local/lib/python3.8/site-packages/airflow/example_dags/example_branch_operator_decorator.py
[2023-12-06T09:36:42.362+0000] {logging_mixin.py:154} INFO - [2023-12-06T09:36:42.361+0000] {dag.py:2941} INFO - Sync 1 DAGs
[2023-12-06T09:36:42.386+0000] {logging_mixin.py:154} INFO - [2023-12-06T09:36:42.386+0000] {dag.py:3722} INFO - Setting next_dagrun for example_branch_python_operator_decorator to 2023-12-05T00:00:00+00:00, run_after=2023-12-06T00:00:00+00:00
[2023-12-06T09:36:42.403+0000] {processor.py:179} INFO - Processing /home/airflow/.local/lib/python3.8/site-packages/airflow/example_dags/example_branch_operator_decorator.py took 0.084 seconds
[2023-12-06T09:37:12.481+0000] {processor.py:157} INFO - Started process (PID=147) to work on /home/airflow/.local/lib/python3.8/site-packages/airflow/example_dags/example_branch_operator_decorator.py
[2023-12-06T09:37:12.483+0000] {processor.py:829} INFO - Processing file /home/airflow/.local/lib/python3.8/site-packages/airflow/example_dags/example_branch_operator_decorator.py for tasks to queue
[2023-12-06T09:37:12.485+0000] {logging_mixin.py:154} INFO - [2023-12-06T09:37:12.485+0000] {dagbag.py:536} INFO - Filling up the DagBag from /home/airflow/.local/lib/python3.8/site-packages/airflow/example_dags/example_branch_operator_decorator.py
[2023-12-06T09:37:12.498+0000] {processor.py:839} INFO - DAG(s) dict_keys(['example_branch_python_operator_decorator']) retrieved from /home/airflow/.local/lib/python3.8/site-packages/airflow/example_dags/example_branch_operator_decorator.py
[2023-12-06T09:37:12.523+0000] {logging_mixin.py:154} INFO - [2023-12-06T09:37:12.523+0000] {dag.py:2941} INFO - Sync 1 DAGs
[2023-12-06T09:37:12.547+0000] {logging_mixin.py:154} INFO - [2023-12-06T09:37:12.547+0000] {dag.py:3722} INFO - Setting next_dagrun for example_branch_python_operator_decorator to 2023-12-05T00:00:00+00:00, run_after=2023-12-06T00:00:00+00:00
[2023-12-06T09:37:12.565+0000] {processor.py:179} INFO - Processing /home/airflow/.local/lib/python3.8/site-packages/airflow/example_dags/example_branch_operator_decorator.py took 0.088 seconds
[2023-12-06T09:37:43.218+0000] {processor.py:157} INFO - Started process (PID=201) to work on /home/airflow/.local/lib/python3.8/site-packages/airflow/example_dags/example_branch_operator_decorator.py
[2023-12-06T09:37:43.219+0000] {processor.py:829} INFO - Processing file /home/airflow/.local/lib/python3.8/site-packages/airflow/example_dags/example_branch_operator_decorator.py for tasks to queue
[2023-12-06T09:37:43.222+0000] {logging_mixin.py:154} INFO - [2023-12-06T09:37:43.222+0000] {dagbag.py:536} INFO - Filling up the DagBag from /home/airflow/.local/lib/python3.8/site-packages/airflow/example_dags/example_branch_operator_decorator.py
[2023-12-06T09:37:43.234+0000] {processor.py:839} INFO - DAG(s) dict_keys(['example_branch_python_operator_decorator']) retrieved from /home/airflow/.local/lib/python3.8/site-packages/airflow/example_dags/example_branch_operator_decorator.py
[2023-12-06T09:37:43.257+0000] {logging_mixin.py:154} INFO - [2023-12-06T09:37:43.257+0000] {dag.py:2941} INFO - Sync 1 DAGs
[2023-12-06T09:37:43.281+0000] {logging_mixin.py:154} INFO - [2023-12-06T09:37:43.281+0000] {dag.py:3722} INFO - Setting next_dagrun for example_branch_python_operator_decorator to 2023-12-05T00:00:00+00:00, run_after=2023-12-06T00:00:00+00:00
[2023-12-06T09:37:43.298+0000] {processor.py:179} INFO - Processing /home/airflow/.local/lib/python3.8/site-packages/airflow/example_dags/example_branch_operator_decorator.py took 0.085 seconds
[2023-12-06T09:38:14.087+0000] {processor.py:157} INFO - Started process (PID=255) to work on /home/airflow/.local/lib/python3.8/site-packages/airflow/example_dags/example_branch_operator_decorator.py
[2023-12-06T09:38:14.088+0000] {processor.py:829} INFO - Processing file /home/airflow/.local/lib/python3.8/site-packages/airflow/example_dags/example_branch_operator_decorator.py for tasks to queue
[2023-12-06T09:38:14.091+0000] {logging_mixin.py:154} INFO - [2023-12-06T09:38:14.091+0000] {dagbag.py:536} INFO - Filling up the DagBag from /home/airflow/.local/lib/python3.8/site-packages/airflow/example_dags/example_branch_operator_decorator.py
[2023-12-06T09:38:14.102+0000] {processor.py:839} INFO - DAG(s) dict_keys(['example_branch_python_operator_decorator']) retrieved from /home/airflow/.local/lib/python3.8/site-packages/airflow/example_dags/example_branch_operator_decorator.py
[2023-12-06T09:38:14.126+0000] {logging_mixin.py:154} INFO - [2023-12-06T09:38:14.126+0000] {dag.py:2941} INFO - Sync 1 DAGs
[2023-12-06T09:38:14.151+0000] {logging_mixin.py:154} INFO - [2023-12-06T09:38:14.151+0000] {dag.py:3722} INFO - Setting next_dagrun for example_branch_python_operator_decorator to 2023-12-05T00:00:00+00:00, run_after=2023-12-06T00:00:00+00:00
[2023-12-06T09:38:14.166+0000] {processor.py:179} INFO - Processing /home/airflow/.local/lib/python3.8/site-packages/airflow/example_dags/example_branch_operator_decorator.py took 0.083 seconds
[2023-12-06T09:38:45.052+0000] {processor.py:157} INFO - Started process (PID=310) to work on /home/airflow/.local/lib/python3.8/site-packages/airflow/example_dags/example_branch_operator_decorator.py
[2023-12-06T09:38:45.053+0000] {processor.py:829} INFO - Processing file /home/airflow/.local/lib/python3.8/site-packages/airflow/example_dags/example_branch_operator_decorator.py for tasks to queue
[2023-12-06T09:38:45.057+0000] {logging_mixin.py:154} INFO - [2023-12-06T09:38:45.056+0000] {dagbag.py:536} INFO - Filling up the DagBag from /home/airflow/.local/lib/python3.8/site-packages/airflow/example_dags/example_branch_operator_decorator.py
[2023-12-06T09:38:45.068+0000] {processor.py:839} INFO - DAG(s) dict_keys(['example_branch_python_operator_decorator']) retrieved from /home/airflow/.local/lib/python3.8/site-packages/airflow/example_dags/example_branch_operator_decorator.py
[2023-12-06T09:38:45.092+0000] {logging_mixin.py:154} INFO - [2023-12-06T09:38:45.092+0000] {dag.py:2941} INFO - Sync 1 DAGs
[2023-12-06T09:38:45.121+0000] {logging_mixin.py:154} INFO - [2023-12-06T09:38:45.121+0000] {dag.py:3722} INFO - Setting next_dagrun for example_branch_python_operator_decorator to 2023-12-05T00:00:00+00:00, run_after=2023-12-06T00:00:00+00:00
[2023-12-06T09:38:45.139+0000] {processor.py:179} INFO - Processing /home/airflow/.local/lib/python3.8/site-packages/airflow/example_dags/example_branch_operator_decorator.py took 0.091 seconds
[2023-12-06T09:39:16.112+0000] {processor.py:157} INFO - Started process (PID=364) to work on /home/airflow/.local/lib/python3.8/site-packages/airflow/example_dags/example_branch_operator_decorator.py
[2023-12-06T09:39:16.113+0000] {processor.py:829} INFO - Processing file /home/airflow/.local/lib/python3.8/site-packages/airflow/example_dags/example_branch_operator_decorator.py for tasks to queue
[2023-12-06T09:39:16.116+0000] {logging_mixin.py:154} INFO - [2023-12-06T09:39:16.116+0000] {dagbag.py:536} INFO - Filling up the DagBag from /home/airflow/.local/lib/python3.8/site-packages/airflow/example_dags/example_branch_operator_decorator.py
[2023-12-06T09:39:16.127+0000] {processor.py:839} INFO - DAG(s) dict_keys(['example_branch_python_operator_decorator']) retrieved from /home/airflow/.local/lib/python3.8/site-packages/airflow/example_dags/example_branch_operator_decorator.py
[2023-12-06T09:39:16.150+0000] {logging_mixin.py:154} INFO - [2023-12-06T09:39:16.149+0000] {dag.py:2941} INFO - Sync 1 DAGs
[2023-12-06T09:39:16.173+0000] {logging_mixin.py:154} INFO - [2023-12-06T09:39:16.173+0000] {dag.py:3722} INFO - Setting next_dagrun for example_branch_python_operator_decorator to 2023-12-05T00:00:00+00:00, run_after=2023-12-06T00:00:00+00:00
[2023-12-06T09:39:16.191+0000] {processor.py:179} INFO - Processing /home/airflow/.local/lib/python3.8/site-packages/airflow/example_dags/example_branch_operator_decorator.py took 0.083 seconds
[2023-12-06T09:39:46.265+0000] {processor.py:157} INFO - Started process (PID=418) to work on /home/airflow/.local/lib/python3.8/site-packages/airflow/example_dags/example_branch_operator_decorator.py
[2023-12-06T09:39:46.266+0000] {processor.py:829} INFO - Processing file /home/airflow/.local/lib/python3.8/site-packages/airflow/example_dags/example_branch_operator_decorator.py for tasks to queue
[2023-12-06T09:39:46.269+0000] {logging_mixin.py:154} INFO - [2023-12-06T09:39:46.269+0000] {dagbag.py:536} INFO - Filling up the DagBag from /home/airflow/.local/lib/python3.8/site-packages/airflow/example_dags/example_branch_operator_decorator.py
[2023-12-06T09:39:46.281+0000] {processor.py:839} INFO - DAG(s) dict_keys(['example_branch_python_operator_decorator']) retrieved from /home/airflow/.local/lib/python3.8/site-packages/airflow/example_dags/example_branch_operator_decorator.py
[2023-12-06T09:39:46.306+0000] {logging_mixin.py:154} INFO - [2023-12-06T09:39:46.306+0000] {dag.py:2941} INFO - Sync 1 DAGs
[2023-12-06T09:39:46.331+0000] {logging_mixin.py:154} INFO - [2023-12-06T09:39:46.330+0000] {dag.py:3722} INFO - Setting next_dagrun for example_branch_python_operator_decorator to 2023-12-05T00:00:00+00:00, run_after=2023-12-06T00:00:00+00:00
[2023-12-06T09:39:46.352+0000] {processor.py:179} INFO - Processing /home/airflow/.local/lib/python3.8/site-packages/airflow/example_dags/example_branch_operator_decorator.py took 0.091 seconds
[2023-12-06T09:40:16.656+0000] {processor.py:157} INFO - Started process (PID=473) to work on /home/airflow/.local/lib/python3.8/site-packages/airflow/example_dags/example_branch_operator_decorator.py
[2023-12-06T09:40:16.658+0000] {processor.py:829} INFO - Processing file /home/airflow/.local/lib/python3.8/site-packages/airflow/example_dags/example_branch_operator_decorator.py for tasks to queue
[2023-12-06T09:40:16.660+0000] {logging_mixin.py:154} INFO - [2023-12-06T09:40:16.660+0000] {dagbag.py:536} INFO - Filling up the DagBag from /home/airflow/.local/lib/python3.8/site-packages/airflow/example_dags/example_branch_operator_decorator.py
[2023-12-06T09:40:16.672+0000] {processor.py:839} INFO - DAG(s) dict_keys(['example_branch_python_operator_decorator']) retrieved from /home/airflow/.local/lib/python3.8/site-packages/airflow/example_dags/example_branch_operator_decorator.py
[2023-12-06T09:40:16.697+0000] {logging_mixin.py:154} INFO - [2023-12-06T09:40:16.697+0000] {dag.py:2941} INFO - Sync 1 DAGs
[2023-12-06T09:40:16.722+0000] {logging_mixin.py:154} INFO - [2023-12-06T09:40:16.721+0000] {dag.py:3722} INFO - Setting next_dagrun for example_branch_python_operator_decorator to 2023-12-05T00:00:00+00:00, run_after=2023-12-06T00:00:00+00:00
[2023-12-06T09:40:16.739+0000] {processor.py:179} INFO - Processing /home/airflow/.local/lib/python3.8/site-packages/airflow/example_dags/example_branch_operator_decorator.py took 0.087 seconds
[2023-12-06T09:40:46.831+0000] {processor.py:157} INFO - Started process (PID=527) to work on /home/airflow/.local/lib/python3.8/site-packages/airflow/example_dags/example_branch_operator_decorator.py
[2023-12-06T09:40:46.833+0000] {processor.py:829} INFO - Processing file /home/airflow/.local/lib/python3.8/site-packages/airflow/example_dags/example_branch_operator_decorator.py for tasks to queue
[2023-12-06T09:40:46.836+0000] {logging_mixin.py:154} INFO - [2023-12-06T09:40:46.836+0000] {dagbag.py:536} INFO - Filling up the DagBag from /home/airflow/.local/lib/python3.8/site-packages/airflow/example_dags/example_branch_operator_decorator.py
[2023-12-06T09:40:46.847+0000] {processor.py:839} INFO - DAG(s) dict_keys(['example_branch_python_operator_decorator']) retrieved from /home/airflow/.local/lib/python3.8/site-packages/airflow/example_dags/example_branch_operator_decorator.py
[2023-12-06T09:40:46.871+0000] {logging_mixin.py:154} INFO - [2023-12-06T09:40:46.871+0000] {dag.py:2941} INFO - Sync 1 DAGs
[2023-12-06T09:40:46.896+0000] {logging_mixin.py:154} INFO - [2023-12-06T09:40:46.896+0000] {dag.py:3722} INFO - Setting next_dagrun for example_branch_python_operator_decorator to 2023-12-05T00:00:00+00:00, run_after=2023-12-06T00:00:00+00:00
[2023-12-06T09:40:46.914+0000] {processor.py:179} INFO - Processing /home/airflow/.local/lib/python3.8/site-packages/airflow/example_dags/example_branch_operator_decorator.py took 0.087 seconds
[2023-12-06T09:41:17.010+0000] {processor.py:157} INFO - Started process (PID=581) to work on /home/airflow/.local/lib/python3.8/site-packages/airflow/example_dags/example_branch_operator_decorator.py
[2023-12-06T09:41:17.011+0000] {processor.py:829} INFO - Processing file /home/airflow/.local/lib/python3.8/site-packages/airflow/example_dags/example_branch_operator_decorator.py for tasks to queue
[2023-12-06T09:41:17.014+0000] {logging_mixin.py:154} INFO - [2023-12-06T09:41:17.014+0000] {dagbag.py:536} INFO - Filling up the DagBag from /home/airflow/.local/lib/python3.8/site-packages/airflow/example_dags/example_branch_operator_decorator.py
[2023-12-06T09:41:17.026+0000] {processor.py:839} INFO - DAG(s) dict_keys(['example_branch_python_operator_decorator']) retrieved from /home/airflow/.local/lib/python3.8/site-packages/airflow/example_dags/example_branch_operator_decorator.py
[2023-12-06T09:41:17.050+0000] {logging_mixin.py:154} INFO - [2023-12-06T09:41:17.050+0000] {dag.py:2941} INFO - Sync 1 DAGs
[2023-12-06T09:41:17.074+0000] {logging_mixin.py:154} INFO - [2023-12-06T09:41:17.074+0000] {dag.py:3722} INFO - Setting next_dagrun for example_branch_python_operator_decorator to 2023-12-05T00:00:00+00:00, run_after=2023-12-06T00:00:00+00:00
[2023-12-06T09:41:17.093+0000] {processor.py:179} INFO - Processing /home/airflow/.local/lib/python3.8/site-packages/airflow/example_dags/example_branch_operator_decorator.py took 0.087 seconds
[2023-12-06T09:41:47.462+0000] {processor.py:157} INFO - Started process (PID=635) to work on /home/airflow/.local/lib/python3.8/site-packages/airflow/example_dags/example_branch_operator_decorator.py
[2023-12-06T09:41:47.464+0000] {processor.py:829} INFO - Processing file /home/airflow/.local/lib/python3.8/site-packages/airflow/example_dags/example_branch_operator_decorator.py for tasks to queue
[2023-12-06T09:41:47.468+0000] {logging_mixin.py:154} INFO - [2023-12-06T09:41:47.467+0000] {dagbag.py:536} INFO - Filling up the DagBag from /home/airflow/.local/lib/python3.8/site-packages/airflow/example_dags/example_branch_operator_decorator.py
[2023-12-06T09:41:47.479+0000] {processor.py:839} INFO - DAG(s) dict_keys(['example_branch_python_operator_decorator']) retrieved from /home/airflow/.local/lib/python3.8/site-packages/airflow/example_dags/example_branch_operator_decorator.py
[2023-12-06T09:41:47.536+0000] {logging_mixin.py:154} INFO - [2023-12-06T09:41:47.535+0000] {dag.py:2941} INFO - Sync 1 DAGs
[2023-12-06T09:41:47.571+0000] {logging_mixin.py:154} INFO - [2023-12-06T09:41:47.570+0000] {dag.py:3722} INFO - Setting next_dagrun for example_branch_python_operator_decorator to 2023-12-05T00:00:00+00:00, run_after=2023-12-06T00:00:00+00:00
[2023-12-06T09:41:47.592+0000] {processor.py:179} INFO - Processing /home/airflow/.local/lib/python3.8/site-packages/airflow/example_dags/example_branch_operator_decorator.py took 0.134 seconds
[2023-12-06T09:42:17.669+0000] {processor.py:157} INFO - Started process (PID=689) to work on /home/airflow/.local/lib/python3.8/site-packages/airflow/example_dags/example_branch_operator_decorator.py
[2023-12-06T09:42:17.670+0000] {processor.py:829} INFO - Processing file /home/airflow/.local/lib/python3.8/site-packages/airflow/example_dags/example_branch_operator_decorator.py for tasks to queue
[2023-12-06T09:42:17.673+0000] {logging_mixin.py:154} INFO - [2023-12-06T09:42:17.673+0000] {dagbag.py:536} INFO - Filling up the DagBag from /home/airflow/.local/lib/python3.8/site-packages/airflow/example_dags/example_branch_operator_decorator.py
[2023-12-06T09:42:17.684+0000] {processor.py:839} INFO - DAG(s) dict_keys(['example_branch_python_operator_decorator']) retrieved from /home/airflow/.local/lib/python3.8/site-packages/airflow/example_dags/example_branch_operator_decorator.py
[2023-12-06T09:42:17.709+0000] {logging_mixin.py:154} INFO - [2023-12-06T09:42:17.709+0000] {dag.py:2941} INFO - Sync 1 DAGs
[2023-12-06T09:42:17.734+0000] {logging_mixin.py:154} INFO - [2023-12-06T09:42:17.734+0000] {dag.py:3722} INFO - Setting next_dagrun for example_branch_python_operator_decorator to 2023-12-05T00:00:00+00:00, run_after=2023-12-06T00:00:00+00:00
[2023-12-06T09:42:17.751+0000] {processor.py:179} INFO - Processing /home/airflow/.local/lib/python3.8/site-packages/airflow/example_dags/example_branch_operator_decorator.py took 0.086 seconds
[2023-12-06T09:42:48.225+0000] {processor.py:157} INFO - Started process (PID=743) to work on /home/airflow/.local/lib/python3.8/site-packages/airflow/example_dags/example_branch_operator_decorator.py
[2023-12-06T09:42:48.226+0000] {processor.py:829} INFO - Processing file /home/airflow/.local/lib/python3.8/site-packages/airflow/example_dags/example_branch_operator_decorator.py for tasks to queue
[2023-12-06T09:42:48.229+0000] {logging_mixin.py:154} INFO - [2023-12-06T09:42:48.229+0000] {dagbag.py:536} INFO - Filling up the DagBag from /home/airflow/.local/lib/python3.8/site-packages/airflow/example_dags/example_branch_operator_decorator.py
[2023-12-06T09:42:48.240+0000] {processor.py:839} INFO - DAG(s) dict_keys(['example_branch_python_operator_decorator']) retrieved from /home/airflow/.local/lib/python3.8/site-packages/airflow/example_dags/example_branch_operator_decorator.py
[2023-12-06T09:42:48.264+0000] {logging_mixin.py:154} INFO - [2023-12-06T09:42:48.264+0000] {dag.py:2941} INFO - Sync 1 DAGs
[2023-12-06T09:42:48.291+0000] {logging_mixin.py:154} INFO - [2023-12-06T09:42:48.291+0000] {dag.py:3722} INFO - Setting next_dagrun for example_branch_python_operator_decorator to 2023-12-05T00:00:00+00:00, run_after=2023-12-06T00:00:00+00:00
[2023-12-06T09:42:48.311+0000] {processor.py:179} INFO - Processing /home/airflow/.local/lib/python3.8/site-packages/airflow/example_dags/example_branch_operator_decorator.py took 0.090 seconds
[2023-12-06T09:43:18.468+0000] {processor.py:157} INFO - Started process (PID=798) to work on /home/airflow/.local/lib/python3.8/site-packages/airflow/example_dags/example_branch_operator_decorator.py
[2023-12-06T09:43:18.469+0000] {processor.py:829} INFO - Processing file /home/airflow/.local/lib/python3.8/site-packages/airflow/example_dags/example_branch_operator_decorator.py for tasks to queue
[2023-12-06T09:43:18.472+0000] {logging_mixin.py:154} INFO - [2023-12-06T09:43:18.472+0000] {dagbag.py:536} INFO - Filling up the DagBag from /home/airflow/.local/lib/python3.8/site-packages/airflow/example_dags/example_branch_operator_decorator.py
[2023-12-06T09:43:18.483+0000] {processor.py:839} INFO - DAG(s) dict_keys(['example_branch_python_operator_decorator']) retrieved from /home/airflow/.local/lib/python3.8/site-packages/airflow/example_dags/example_branch_operator_decorator.py
[2023-12-06T09:43:18.507+0000] {logging_mixin.py:154} INFO - [2023-12-06T09:43:18.507+0000] {dag.py:2941} INFO - Sync 1 DAGs
[2023-12-06T09:43:18.530+0000] {logging_mixin.py:154} INFO - [2023-12-06T09:43:18.530+0000] {dag.py:3722} INFO - Setting next_dagrun for example_branch_python_operator_decorator to 2023-12-05T00:00:00+00:00, run_after=2023-12-06T00:00:00+00:00
[2023-12-06T09:43:18.548+0000] {processor.py:179} INFO - Processing /home/airflow/.local/lib/python3.8/site-packages/airflow/example_dags/example_branch_operator_decorator.py took 0.084 seconds
[2023-12-06T09:43:49.502+0000] {processor.py:157} INFO - Started process (PID=852) to work on /home/airflow/.local/lib/python3.8/site-packages/airflow/example_dags/example_branch_operator_decorator.py
[2023-12-06T09:43:49.504+0000] {processor.py:829} INFO - Processing file /home/airflow/.local/lib/python3.8/site-packages/airflow/example_dags/example_branch_operator_decorator.py for tasks to queue
[2023-12-06T09:43:49.508+0000] {logging_mixin.py:154} INFO - [2023-12-06T09:43:49.507+0000] {dagbag.py:536} INFO - Filling up the DagBag from /home/airflow/.local/lib/python3.8/site-packages/airflow/example_dags/example_branch_operator_decorator.py
[2023-12-06T09:43:49.519+0000] {processor.py:839} INFO - DAG(s) dict_keys(['example_branch_python_operator_decorator']) retrieved from /home/airflow/.local/lib/python3.8/site-packages/airflow/example_dags/example_branch_operator_decorator.py
[2023-12-06T09:43:49.545+0000] {logging_mixin.py:154} INFO - [2023-12-06T09:43:49.545+0000] {dag.py:2941} INFO - Sync 1 DAGs
[2023-12-06T09:43:49.572+0000] {logging_mixin.py:154} INFO - [2023-12-06T09:43:49.572+0000] {dag.py:3722} INFO - Setting next_dagrun for example_branch_python_operator_decorator to 2023-12-05T00:00:00+00:00, run_after=2023-12-06T00:00:00+00:00
[2023-12-06T09:43:49.590+0000] {processor.py:179} INFO - Processing /home/airflow/.local/lib/python3.8/site-packages/airflow/example_dags/example_branch_operator_decorator.py took 0.092 seconds
[2023-12-06T09:44:19.682+0000] {processor.py:157} INFO - Started process (PID=906) to work on /home/airflow/.local/lib/python3.8/site-packages/airflow/example_dags/example_branch_operator_decorator.py
[2023-12-06T09:44:19.683+0000] {processor.py:829} INFO - Processing file /home/airflow/.local/lib/python3.8/site-packages/airflow/example_dags/example_branch_operator_decorator.py for tasks to queue
[2023-12-06T09:44:19.686+0000] {logging_mixin.py:154} INFO - [2023-12-06T09:44:19.686+0000] {dagbag.py:536} INFO - Filling up the DagBag from /home/airflow/.local/lib/python3.8/site-packages/airflow/example_dags/example_branch_operator_decorator.py
[2023-12-06T09:44:19.698+0000] {processor.py:839} INFO - DAG(s) dict_keys(['example_branch_python_operator_decorator']) retrieved from /home/airflow/.local/lib/python3.8/site-packages/airflow/example_dags/example_branch_operator_decorator.py
[2023-12-06T09:44:19.723+0000] {logging_mixin.py:154} INFO - [2023-12-06T09:44:19.722+0000] {dag.py:2941} INFO - Sync 1 DAGs
[2023-12-06T09:44:19.747+0000] {logging_mixin.py:154} INFO - [2023-12-06T09:44:19.747+0000] {dag.py:3722} INFO - Setting next_dagrun for example_branch_python_operator_decorator to 2023-12-05T00:00:00+00:00, run_after=2023-12-06T00:00:00+00:00
[2023-12-06T09:44:19.765+0000] {processor.py:179} INFO - Processing /home/airflow/.local/lib/python3.8/site-packages/airflow/example_dags/example_branch_operator_decorator.py took 0.087 seconds
[2023-12-06T09:44:49.941+0000] {processor.py:157} INFO - Started process (PID=960) to work on /home/airflow/.local/lib/python3.8/site-packages/airflow/example_dags/example_branch_operator_decorator.py
[2023-12-06T09:44:49.942+0000] {processor.py:829} INFO - Processing file /home/airflow/.local/lib/python3.8/site-packages/airflow/example_dags/example_branch_operator_decorator.py for tasks to queue
[2023-12-06T09:44:49.945+0000] {logging_mixin.py:154} INFO - [2023-12-06T09:44:49.945+0000] {dagbag.py:536} INFO - Filling up the DagBag from /home/airflow/.local/lib/python3.8/site-packages/airflow/example_dags/example_branch_operator_decorator.py
[2023-12-06T09:44:49.956+0000] {processor.py:839} INFO - DAG(s) dict_keys(['example_branch_python_operator_decorator']) retrieved from /home/airflow/.local/lib/python3.8/site-packages/airflow/example_dags/example_branch_operator_decorator.py
[2023-12-06T09:44:49.981+0000] {logging_mixin.py:154} INFO - [2023-12-06T09:44:49.980+0000] {dag.py:2941} INFO - Sync 1 DAGs
[2023-12-06T09:44:50.004+0000] {logging_mixin.py:154} INFO - [2023-12-06T09:44:50.004+0000] {dag.py:3722} INFO - Setting next_dagrun for example_branch_python_operator_decorator to 2023-12-05T00:00:00+00:00, run_after=2023-12-06T00:00:00+00:00
[2023-12-06T09:44:50.021+0000] {processor.py:179} INFO - Processing /home/airflow/.local/lib/python3.8/site-packages/airflow/example_dags/example_branch_operator_decorator.py took 0.084 seconds
[2023-12-06T09:45:20.133+0000] {processor.py:157} INFO - Started process (PID=1014) to work on /home/airflow/.local/lib/python3.8/site-packages/airflow/example_dags/example_branch_operator_decorator.py
[2023-12-06T09:45:20.135+0000] {processor.py:829} INFO - Processing file /home/airflow/.local/lib/python3.8/site-packages/airflow/example_dags/example_branch_operator_decorator.py for tasks to queue
[2023-12-06T09:45:20.138+0000] {logging_mixin.py:154} INFO - [2023-12-06T09:45:20.137+0000] {dagbag.py:536} INFO - Filling up the DagBag from /home/airflow/.local/lib/python3.8/site-packages/airflow/example_dags/example_branch_operator_decorator.py
[2023-12-06T09:45:20.149+0000] {processor.py:839} INFO - DAG(s) dict_keys(['example_branch_python_operator_decorator']) retrieved from /home/airflow/.local/lib/python3.8/site-packages/airflow/example_dags/example_branch_operator_decorator.py
[2023-12-06T09:45:20.175+0000] {logging_mixin.py:154} INFO - [2023-12-06T09:45:20.175+0000] {dag.py:2941} INFO - Sync 1 DAGs
[2023-12-06T09:45:20.200+0000] {logging_mixin.py:154} INFO - [2023-12-06T09:45:20.200+0000] {dag.py:3722} INFO - Setting next_dagrun for example_branch_python_operator_decorator to 2023-12-05T00:00:00+00:00, run_after=2023-12-06T00:00:00+00:00
[2023-12-06T09:45:20.217+0000] {processor.py:179} INFO - Processing /home/airflow/.local/lib/python3.8/site-packages/airflow/example_dags/example_branch_operator_decorator.py took 0.087 seconds
[2023-12-06T09:45:50.353+0000] {processor.py:157} INFO - Started process (PID=1080) to work on /home/airflow/.local/lib/python3.8/site-packages/airflow/example_dags/example_branch_operator_decorator.py
[2023-12-06T09:45:50.355+0000] {processor.py:829} INFO - Processing file /home/airflow/.local/lib/python3.8/site-packages/airflow/example_dags/example_branch_operator_decorator.py for tasks to queue
[2023-12-06T09:45:50.358+0000] {logging_mixin.py:154} INFO - [2023-12-06T09:45:50.357+0000] {dagbag.py:536} INFO - Filling up the DagBag from /home/airflow/.local/lib/python3.8/site-packages/airflow/example_dags/example_branch_operator_decorator.py
[2023-12-06T09:45:50.370+0000] {processor.py:839} INFO - DAG(s) dict_keys(['example_branch_python_operator_decorator']) retrieved from /home/airflow/.local/lib/python3.8/site-packages/airflow/example_dags/example_branch_operator_decorator.py
[2023-12-06T09:45:50.396+0000] {logging_mixin.py:154} INFO - [2023-12-06T09:45:50.396+0000] {dag.py:2941} INFO - Sync 1 DAGs
[2023-12-06T09:45:50.423+0000] {logging_mixin.py:154} INFO - [2023-12-06T09:45:50.422+0000] {dag.py:3722} INFO - Setting next_dagrun for example_branch_python_operator_decorator to 2023-12-05T00:00:00+00:00, run_after=2023-12-06T00:00:00+00:00
[2023-12-06T09:45:50.441+0000] {processor.py:179} INFO - Processing /home/airflow/.local/lib/python3.8/site-packages/airflow/example_dags/example_branch_operator_decorator.py took 0.091 seconds
[2023-12-06T09:46:20.639+0000] {processor.py:157} INFO - Started process (PID=1137) to work on /home/airflow/.local/lib/python3.8/site-packages/airflow/example_dags/example_branch_operator_decorator.py
[2023-12-06T09:46:20.640+0000] {processor.py:829} INFO - Processing file /home/airflow/.local/lib/python3.8/site-packages/airflow/example_dags/example_branch_operator_decorator.py for tasks to queue
[2023-12-06T09:46:20.643+0000] {logging_mixin.py:154} INFO - [2023-12-06T09:46:20.643+0000] {dagbag.py:536} INFO - Filling up the DagBag from /home/airflow/.local/lib/python3.8/site-packages/airflow/example_dags/example_branch_operator_decorator.py
[2023-12-06T09:46:20.654+0000] {processor.py:839} INFO - DAG(s) dict_keys(['example_branch_python_operator_decorator']) retrieved from /home/airflow/.local/lib/python3.8/site-packages/airflow/example_dags/example_branch_operator_decorator.py
[2023-12-06T09:46:20.677+0000] {logging_mixin.py:154} INFO - [2023-12-06T09:46:20.677+0000] {dag.py:2941} INFO - Sync 1 DAGs
[2023-12-06T09:46:20.701+0000] {logging_mixin.py:154} INFO - [2023-12-06T09:46:20.701+0000] {dag.py:3722} INFO - Setting next_dagrun for example_branch_python_operator_decorator to 2023-12-05T00:00:00+00:00, run_after=2023-12-06T00:00:00+00:00
[2023-12-06T09:46:20.720+0000] {processor.py:179} INFO - Processing /home/airflow/.local/lib/python3.8/site-packages/airflow/example_dags/example_branch_operator_decorator.py took 0.085 seconds
[2023-12-06T09:46:51.150+0000] {processor.py:157} INFO - Started process (PID=1192) to work on /home/airflow/.local/lib/python3.8/site-packages/airflow/example_dags/example_branch_operator_decorator.py
[2023-12-06T09:46:51.151+0000] {processor.py:829} INFO - Processing file /home/airflow/.local/lib/python3.8/site-packages/airflow/example_dags/example_branch_operator_decorator.py for tasks to queue
[2023-12-06T09:46:51.154+0000] {logging_mixin.py:154} INFO - [2023-12-06T09:46:51.154+0000] {dagbag.py:536} INFO - Filling up the DagBag from /home/airflow/.local/lib/python3.8/site-packages/airflow/example_dags/example_branch_operator_decorator.py
[2023-12-06T09:46:51.165+0000] {processor.py:839} INFO - DAG(s) dict_keys(['example_branch_python_operator_decorator']) retrieved from /home/airflow/.local/lib/python3.8/site-packages/airflow/example_dags/example_branch_operator_decorator.py
[2023-12-06T09:46:51.190+0000] {logging_mixin.py:154} INFO - [2023-12-06T09:46:51.190+0000] {dag.py:2941} INFO - Sync 1 DAGs
[2023-12-06T09:46:51.214+0000] {logging_mixin.py:154} INFO - [2023-12-06T09:46:51.213+0000] {dag.py:3722} INFO - Setting next_dagrun for example_branch_python_operator_decorator to 2023-12-05T00:00:00+00:00, run_after=2023-12-06T00:00:00+00:00
[2023-12-06T09:46:51.232+0000] {processor.py:179} INFO - Processing /home/airflow/.local/lib/python3.8/site-packages/airflow/example_dags/example_branch_operator_decorator.py took 0.086 seconds
[2023-12-06T09:47:21.531+0000] {processor.py:157} INFO - Started process (PID=1248) to work on /home/airflow/.local/lib/python3.8/site-packages/airflow/example_dags/example_branch_operator_decorator.py
[2023-12-06T09:47:21.533+0000] {processor.py:829} INFO - Processing file /home/airflow/.local/lib/python3.8/site-packages/airflow/example_dags/example_branch_operator_decorator.py for tasks to queue
[2023-12-06T09:47:21.534+0000] {logging_mixin.py:154} INFO - [2023-12-06T09:47:21.534+0000] {dagbag.py:536} INFO - Filling up the DagBag from /home/airflow/.local/lib/python3.8/site-packages/airflow/example_dags/example_branch_operator_decorator.py
[2023-12-06T09:47:21.546+0000] {processor.py:839} INFO - DAG(s) dict_keys(['example_branch_python_operator_decorator']) retrieved from /home/airflow/.local/lib/python3.8/site-packages/airflow/example_dags/example_branch_operator_decorator.py
[2023-12-06T09:47:21.571+0000] {logging_mixin.py:154} INFO - [2023-12-06T09:47:21.571+0000] {dag.py:2941} INFO - Sync 1 DAGs
[2023-12-06T09:47:21.596+0000] {logging_mixin.py:154} INFO - [2023-12-06T09:47:21.596+0000] {dag.py:3722} INFO - Setting next_dagrun for example_branch_python_operator_decorator to 2023-12-05T00:00:00+00:00, run_after=2023-12-06T00:00:00+00:00
[2023-12-06T09:47:21.614+0000] {processor.py:179} INFO - Processing /home/airflow/.local/lib/python3.8/site-packages/airflow/example_dags/example_branch_operator_decorator.py took 0.086 seconds
[2023-12-06T09:47:52.218+0000] {processor.py:157} INFO - Started process (PID=1306) to work on /home/airflow/.local/lib/python3.8/site-packages/airflow/example_dags/example_branch_operator_decorator.py
[2023-12-06T09:47:52.220+0000] {processor.py:829} INFO - Processing file /home/airflow/.local/lib/python3.8/site-packages/airflow/example_dags/example_branch_operator_decorator.py for tasks to queue
[2023-12-06T09:47:52.221+0000] {logging_mixin.py:154} INFO - [2023-12-06T09:47:52.221+0000] {dagbag.py:536} INFO - Filling up the DagBag from /home/airflow/.local/lib/python3.8/site-packages/airflow/example_dags/example_branch_operator_decorator.py
[2023-12-06T09:47:52.234+0000] {processor.py:839} INFO - DAG(s) dict_keys(['example_branch_python_operator_decorator']) retrieved from /home/airflow/.local/lib/python3.8/site-packages/airflow/example_dags/example_branch_operator_decorator.py
[2023-12-06T09:47:52.258+0000] {logging_mixin.py:154} INFO - [2023-12-06T09:47:52.258+0000] {dag.py:2941} INFO - Sync 1 DAGs
[2023-12-06T09:47:52.413+0000] {logging_mixin.py:154} INFO - [2023-12-06T09:47:52.412+0000] {dag.py:3722} INFO - Setting next_dagrun for example_branch_python_operator_decorator to 2023-12-05T00:00:00+00:00, run_after=2023-12-06T00:00:00+00:00
[2023-12-06T09:47:52.433+0000] {processor.py:179} INFO - Processing /home/airflow/.local/lib/python3.8/site-packages/airflow/example_dags/example_branch_operator_decorator.py took 0.219 seconds
[2023-12-06T09:48:22.473+0000] {processor.py:157} INFO - Started process (PID=1363) to work on /home/airflow/.local/lib/python3.8/site-packages/airflow/example_dags/example_branch_operator_decorator.py
[2023-12-06T09:48:22.474+0000] {processor.py:829} INFO - Processing file /home/airflow/.local/lib/python3.8/site-packages/airflow/example_dags/example_branch_operator_decorator.py for tasks to queue
[2023-12-06T09:48:22.476+0000] {logging_mixin.py:154} INFO - [2023-12-06T09:48:22.475+0000] {dagbag.py:536} INFO - Filling up the DagBag from /home/airflow/.local/lib/python3.8/site-packages/airflow/example_dags/example_branch_operator_decorator.py
[2023-12-06T09:48:22.487+0000] {processor.py:839} INFO - DAG(s) dict_keys(['example_branch_python_operator_decorator']) retrieved from /home/airflow/.local/lib/python3.8/site-packages/airflow/example_dags/example_branch_operator_decorator.py
[2023-12-06T09:48:22.513+0000] {logging_mixin.py:154} INFO - [2023-12-06T09:48:22.513+0000] {dag.py:2941} INFO - Sync 1 DAGs
[2023-12-06T09:48:22.538+0000] {logging_mixin.py:154} INFO - [2023-12-06T09:48:22.538+0000] {dag.py:3722} INFO - Setting next_dagrun for example_branch_python_operator_decorator to 2023-12-05T00:00:00+00:00, run_after=2023-12-06T00:00:00+00:00
[2023-12-06T09:48:22.557+0000] {processor.py:179} INFO - Processing /home/airflow/.local/lib/python3.8/site-packages/airflow/example_dags/example_branch_operator_decorator.py took 0.088 seconds
[2023-12-06T09:48:53.221+0000] {processor.py:157} INFO - Started process (PID=1423) to work on /home/airflow/.local/lib/python3.8/site-packages/airflow/example_dags/example_branch_operator_decorator.py
[2023-12-06T09:48:53.222+0000] {processor.py:829} INFO - Processing file /home/airflow/.local/lib/python3.8/site-packages/airflow/example_dags/example_branch_operator_decorator.py for tasks to queue
[2023-12-06T09:48:53.223+0000] {logging_mixin.py:154} INFO - [2023-12-06T09:48:53.223+0000] {dagbag.py:536} INFO - Filling up the DagBag from /home/airflow/.local/lib/python3.8/site-packages/airflow/example_dags/example_branch_operator_decorator.py
[2023-12-06T09:48:53.234+0000] {processor.py:839} INFO - DAG(s) dict_keys(['example_branch_python_operator_decorator']) retrieved from /home/airflow/.local/lib/python3.8/site-packages/airflow/example_dags/example_branch_operator_decorator.py
[2023-12-06T09:48:53.260+0000] {logging_mixin.py:154} INFO - [2023-12-06T09:48:53.259+0000] {dag.py:2941} INFO - Sync 1 DAGs
[2023-12-06T09:48:53.283+0000] {logging_mixin.py:154} INFO - [2023-12-06T09:48:53.283+0000] {dag.py:3722} INFO - Setting next_dagrun for example_branch_python_operator_decorator to 2023-12-05T00:00:00+00:00, run_after=2023-12-06T00:00:00+00:00
[2023-12-06T09:48:53.301+0000] {processor.py:179} INFO - Processing /home/airflow/.local/lib/python3.8/site-packages/airflow/example_dags/example_branch_operator_decorator.py took 0.085 seconds
[2023-12-06T09:49:23.839+0000] {processor.py:157} INFO - Started process (PID=1479) to work on /home/airflow/.local/lib/python3.8/site-packages/airflow/example_dags/example_branch_operator_decorator.py
[2023-12-06T09:49:23.841+0000] {processor.py:829} INFO - Processing file /home/airflow/.local/lib/python3.8/site-packages/airflow/example_dags/example_branch_operator_decorator.py for tasks to queue
[2023-12-06T09:49:23.843+0000] {logging_mixin.py:154} INFO - [2023-12-06T09:49:23.842+0000] {dagbag.py:536} INFO - Filling up the DagBag from /home/airflow/.local/lib/python3.8/site-packages/airflow/example_dags/example_branch_operator_decorator.py
[2023-12-06T09:49:23.857+0000] {processor.py:839} INFO - DAG(s) dict_keys(['example_branch_python_operator_decorator']) retrieved from /home/airflow/.local/lib/python3.8/site-packages/airflow/example_dags/example_branch_operator_decorator.py
[2023-12-06T09:49:23.887+0000] {logging_mixin.py:154} INFO - [2023-12-06T09:49:23.887+0000] {dag.py:2941} INFO - Sync 1 DAGs
[2023-12-06T09:49:24.060+0000] {logging_mixin.py:154} INFO - [2023-12-06T09:49:24.060+0000] {dag.py:3722} INFO - Setting next_dagrun for example_branch_python_operator_decorator to 2023-12-05T00:00:00+00:00, run_after=2023-12-06T00:00:00+00:00
[2023-12-06T09:49:24.084+0000] {processor.py:179} INFO - Processing /home/airflow/.local/lib/python3.8/site-packages/airflow/example_dags/example_branch_operator_decorator.py took 0.248 seconds
[2023-12-06T09:49:55.168+0000] {processor.py:157} INFO - Started process (PID=1535) to work on /home/airflow/.local/lib/python3.8/site-packages/airflow/example_dags/example_branch_operator_decorator.py
[2023-12-06T09:49:55.170+0000] {processor.py:829} INFO - Processing file /home/airflow/.local/lib/python3.8/site-packages/airflow/example_dags/example_branch_operator_decorator.py for tasks to queue
[2023-12-06T09:49:55.171+0000] {logging_mixin.py:154} INFO - [2023-12-06T09:49:55.171+0000] {dagbag.py:536} INFO - Filling up the DagBag from /home/airflow/.local/lib/python3.8/site-packages/airflow/example_dags/example_branch_operator_decorator.py
[2023-12-06T09:49:55.186+0000] {processor.py:839} INFO - DAG(s) dict_keys(['example_branch_python_operator_decorator']) retrieved from /home/airflow/.local/lib/python3.8/site-packages/airflow/example_dags/example_branch_operator_decorator.py
[2023-12-06T09:49:55.218+0000] {logging_mixin.py:154} INFO - [2023-12-06T09:49:55.218+0000] {dag.py:2941} INFO - Sync 1 DAGs
[2023-12-06T09:49:55.393+0000] {logging_mixin.py:154} INFO - [2023-12-06T09:49:55.393+0000] {dag.py:3722} INFO - Setting next_dagrun for example_branch_python_operator_decorator to 2023-12-05T00:00:00+00:00, run_after=2023-12-06T00:00:00+00:00
[2023-12-06T09:49:55.413+0000] {processor.py:179} INFO - Processing /home/airflow/.local/lib/python3.8/site-packages/airflow/example_dags/example_branch_operator_decorator.py took 0.250 seconds
[2023-12-06T09:50:26.109+0000] {processor.py:157} INFO - Started process (PID=1591) to work on /home/airflow/.local/lib/python3.8/site-packages/airflow/example_dags/example_branch_operator_decorator.py
[2023-12-06T09:50:26.111+0000] {processor.py:829} INFO - Processing file /home/airflow/.local/lib/python3.8/site-packages/airflow/example_dags/example_branch_operator_decorator.py for tasks to queue
[2023-12-06T09:50:26.112+0000] {logging_mixin.py:154} INFO - [2023-12-06T09:50:26.112+0000] {dagbag.py:536} INFO - Filling up the DagBag from /home/airflow/.local/lib/python3.8/site-packages/airflow/example_dags/example_branch_operator_decorator.py
[2023-12-06T09:50:26.124+0000] {processor.py:839} INFO - DAG(s) dict_keys(['example_branch_python_operator_decorator']) retrieved from /home/airflow/.local/lib/python3.8/site-packages/airflow/example_dags/example_branch_operator_decorator.py
[2023-12-06T09:50:26.151+0000] {logging_mixin.py:154} INFO - [2023-12-06T09:50:26.151+0000] {dag.py:2941} INFO - Sync 1 DAGs
[2023-12-06T09:50:26.178+0000] {logging_mixin.py:154} INFO - [2023-12-06T09:50:26.177+0000] {dag.py:3722} INFO - Setting next_dagrun for example_branch_python_operator_decorator to 2023-12-05T00:00:00+00:00, run_after=2023-12-06T00:00:00+00:00
[2023-12-06T09:50:26.195+0000] {processor.py:179} INFO - Processing /home/airflow/.local/lib/python3.8/site-packages/airflow/example_dags/example_branch_operator_decorator.py took 0.090 seconds
