[2023-12-06T09:36:14.745+0000] {processor.py:157} INFO - Started process (PID=54) to work on /home/airflow/.local/lib/python3.8/site-packages/airflow/example_dags/example_setup_teardown_taskflow.py
[2023-12-06T09:36:14.747+0000] {processor.py:829} INFO - Processing file /home/airflow/.local/lib/python3.8/site-packages/airflow/example_dags/example_setup_teardown_taskflow.py for tasks to queue
[2023-12-06T09:36:14.750+0000] {logging_mixin.py:154} INFO - [2023-12-06T09:36:14.750+0000] {dagbag.py:536} INFO - Filling up the DagBag from /home/airflow/.local/lib/python3.8/site-packages/airflow/example_dags/example_setup_teardown_taskflow.py
[2023-12-06T09:36:14.767+0000] {processor.py:839} INFO - DAG(s) dict_keys(['example_setup_teardown_taskflow']) retrieved from /home/airflow/.local/lib/python3.8/site-packages/airflow/example_dags/example_setup_teardown_taskflow.py
[2023-12-06T09:36:14.934+0000] {logging_mixin.py:154} INFO - [2023-12-06T09:36:14.934+0000] {manager.py:499} INFO - Created Permission View: %s
[2023-12-06T09:36:14.945+0000] {logging_mixin.py:154} INFO - [2023-12-06T09:36:14.945+0000] {manager.py:499} INFO - Created Permission View: %s
[2023-12-06T09:36:14.951+0000] {logging_mixin.py:154} INFO - [2023-12-06T09:36:14.951+0000] {manager.py:499} INFO - Created Permission View: %s
[2023-12-06T09:36:14.952+0000] {logging_mixin.py:154} INFO - [2023-12-06T09:36:14.952+0000] {dag.py:2941} INFO - Sync 1 DAGs
[2023-12-06T09:36:14.963+0000] {logging_mixin.py:154} INFO - [2023-12-06T09:36:14.963+0000] {dag.py:2963} INFO - Creating ORM DAG for example_setup_teardown_taskflow
[2023-12-06T09:36:14.973+0000] {logging_mixin.py:154} INFO - [2023-12-06T09:36:14.973+0000] {dag.py:3722} INFO - Setting next_dagrun for example_setup_teardown_taskflow to 2023-12-05T09:36:14.973372+00:00, run_after=2023-12-06T09:36:14.973372+00:00
[2023-12-06T09:36:14.989+0000] {processor.py:179} INFO - Processing /home/airflow/.local/lib/python3.8/site-packages/airflow/example_dags/example_setup_teardown_taskflow.py took 0.248 seconds
[2023-12-06T09:36:45.117+0000] {processor.py:157} INFO - Started process (PID=108) to work on /home/airflow/.local/lib/python3.8/site-packages/airflow/example_dags/example_setup_teardown_taskflow.py
[2023-12-06T09:36:45.119+0000] {processor.py:829} INFO - Processing file /home/airflow/.local/lib/python3.8/site-packages/airflow/example_dags/example_setup_teardown_taskflow.py for tasks to queue
[2023-12-06T09:36:45.122+0000] {logging_mixin.py:154} INFO - [2023-12-06T09:36:45.122+0000] {dagbag.py:536} INFO - Filling up the DagBag from /home/airflow/.local/lib/python3.8/site-packages/airflow/example_dags/example_setup_teardown_taskflow.py
[2023-12-06T09:36:45.132+0000] {processor.py:839} INFO - DAG(s) dict_keys(['example_setup_teardown_taskflow']) retrieved from /home/airflow/.local/lib/python3.8/site-packages/airflow/example_dags/example_setup_teardown_taskflow.py
[2023-12-06T09:36:45.156+0000] {logging_mixin.py:154} INFO - [2023-12-06T09:36:45.156+0000] {dag.py:2941} INFO - Sync 1 DAGs
[2023-12-06T09:36:45.179+0000] {logging_mixin.py:154} INFO - [2023-12-06T09:36:45.179+0000] {dag.py:3722} INFO - Setting next_dagrun for example_setup_teardown_taskflow to 2023-12-05T09:36:45.178921+00:00, run_after=2023-12-06T09:36:45.178921+00:00
[2023-12-06T09:36:45.196+0000] {processor.py:179} INFO - Processing /home/airflow/.local/lib/python3.8/site-packages/airflow/example_dags/example_setup_teardown_taskflow.py took 0.082 seconds
[2023-12-06T09:37:15.382+0000] {processor.py:157} INFO - Started process (PID=162) to work on /home/airflow/.local/lib/python3.8/site-packages/airflow/example_dags/example_setup_teardown_taskflow.py
[2023-12-06T09:37:15.384+0000] {processor.py:829} INFO - Processing file /home/airflow/.local/lib/python3.8/site-packages/airflow/example_dags/example_setup_teardown_taskflow.py for tasks to queue
[2023-12-06T09:37:15.387+0000] {logging_mixin.py:154} INFO - [2023-12-06T09:37:15.386+0000] {dagbag.py:536} INFO - Filling up the DagBag from /home/airflow/.local/lib/python3.8/site-packages/airflow/example_dags/example_setup_teardown_taskflow.py
[2023-12-06T09:37:15.399+0000] {processor.py:839} INFO - DAG(s) dict_keys(['example_setup_teardown_taskflow']) retrieved from /home/airflow/.local/lib/python3.8/site-packages/airflow/example_dags/example_setup_teardown_taskflow.py
[2023-12-06T09:37:15.422+0000] {logging_mixin.py:154} INFO - [2023-12-06T09:37:15.422+0000] {dag.py:2941} INFO - Sync 1 DAGs
[2023-12-06T09:37:15.446+0000] {logging_mixin.py:154} INFO - [2023-12-06T09:37:15.446+0000] {dag.py:3722} INFO - Setting next_dagrun for example_setup_teardown_taskflow to 2023-12-05T09:37:15.445212+00:00, run_after=2023-12-06T09:37:15.445212+00:00
[2023-12-06T09:37:15.465+0000] {processor.py:179} INFO - Processing /home/airflow/.local/lib/python3.8/site-packages/airflow/example_dags/example_setup_teardown_taskflow.py took 0.087 seconds
[2023-12-06T09:37:46.104+0000] {processor.py:157} INFO - Started process (PID=216) to work on /home/airflow/.local/lib/python3.8/site-packages/airflow/example_dags/example_setup_teardown_taskflow.py
[2023-12-06T09:37:46.106+0000] {processor.py:829} INFO - Processing file /home/airflow/.local/lib/python3.8/site-packages/airflow/example_dags/example_setup_teardown_taskflow.py for tasks to queue
[2023-12-06T09:37:46.110+0000] {logging_mixin.py:154} INFO - [2023-12-06T09:37:46.109+0000] {dagbag.py:536} INFO - Filling up the DagBag from /home/airflow/.local/lib/python3.8/site-packages/airflow/example_dags/example_setup_teardown_taskflow.py
[2023-12-06T09:37:46.121+0000] {processor.py:839} INFO - DAG(s) dict_keys(['example_setup_teardown_taskflow']) retrieved from /home/airflow/.local/lib/python3.8/site-packages/airflow/example_dags/example_setup_teardown_taskflow.py
[2023-12-06T09:37:46.149+0000] {logging_mixin.py:154} INFO - [2023-12-06T09:37:46.148+0000] {dag.py:2941} INFO - Sync 1 DAGs
[2023-12-06T09:37:46.178+0000] {logging_mixin.py:154} INFO - [2023-12-06T09:37:46.178+0000] {dag.py:3722} INFO - Setting next_dagrun for example_setup_teardown_taskflow to 2023-12-05T09:37:46.177670+00:00, run_after=2023-12-06T09:37:46.177670+00:00
[2023-12-06T09:37:46.199+0000] {processor.py:179} INFO - Processing /home/airflow/.local/lib/python3.8/site-packages/airflow/example_dags/example_setup_teardown_taskflow.py took 0.099 seconds
[2023-12-06T09:38:16.914+0000] {processor.py:157} INFO - Started process (PID=270) to work on /home/airflow/.local/lib/python3.8/site-packages/airflow/example_dags/example_setup_teardown_taskflow.py
[2023-12-06T09:38:16.915+0000] {processor.py:829} INFO - Processing file /home/airflow/.local/lib/python3.8/site-packages/airflow/example_dags/example_setup_teardown_taskflow.py for tasks to queue
[2023-12-06T09:38:16.918+0000] {logging_mixin.py:154} INFO - [2023-12-06T09:38:16.918+0000] {dagbag.py:536} INFO - Filling up the DagBag from /home/airflow/.local/lib/python3.8/site-packages/airflow/example_dags/example_setup_teardown_taskflow.py
[2023-12-06T09:38:16.929+0000] {processor.py:839} INFO - DAG(s) dict_keys(['example_setup_teardown_taskflow']) retrieved from /home/airflow/.local/lib/python3.8/site-packages/airflow/example_dags/example_setup_teardown_taskflow.py
[2023-12-06T09:38:16.953+0000] {logging_mixin.py:154} INFO - [2023-12-06T09:38:16.952+0000] {dag.py:2941} INFO - Sync 1 DAGs
[2023-12-06T09:38:16.976+0000] {logging_mixin.py:154} INFO - [2023-12-06T09:38:16.976+0000] {dag.py:3722} INFO - Setting next_dagrun for example_setup_teardown_taskflow to 2023-12-05T09:38:16.976121+00:00, run_after=2023-12-06T09:38:16.976121+00:00
[2023-12-06T09:38:16.993+0000] {processor.py:179} INFO - Processing /home/airflow/.local/lib/python3.8/site-packages/airflow/example_dags/example_setup_teardown_taskflow.py took 0.084 seconds
[2023-12-06T09:38:47.907+0000] {processor.py:157} INFO - Started process (PID=325) to work on /home/airflow/.local/lib/python3.8/site-packages/airflow/example_dags/example_setup_teardown_taskflow.py
[2023-12-06T09:38:47.909+0000] {processor.py:829} INFO - Processing file /home/airflow/.local/lib/python3.8/site-packages/airflow/example_dags/example_setup_teardown_taskflow.py for tasks to queue
[2023-12-06T09:38:47.912+0000] {logging_mixin.py:154} INFO - [2023-12-06T09:38:47.912+0000] {dagbag.py:536} INFO - Filling up the DagBag from /home/airflow/.local/lib/python3.8/site-packages/airflow/example_dags/example_setup_teardown_taskflow.py
[2023-12-06T09:38:47.923+0000] {processor.py:839} INFO - DAG(s) dict_keys(['example_setup_teardown_taskflow']) retrieved from /home/airflow/.local/lib/python3.8/site-packages/airflow/example_dags/example_setup_teardown_taskflow.py
[2023-12-06T09:38:47.947+0000] {logging_mixin.py:154} INFO - [2023-12-06T09:38:47.947+0000] {dag.py:2941} INFO - Sync 1 DAGs
[2023-12-06T09:38:47.972+0000] {logging_mixin.py:154} INFO - [2023-12-06T09:38:47.972+0000] {dag.py:3722} INFO - Setting next_dagrun for example_setup_teardown_taskflow to 2023-12-05T09:38:47.971962+00:00, run_after=2023-12-06T09:38:47.971962+00:00
[2023-12-06T09:38:47.990+0000] {processor.py:179} INFO - Processing /home/airflow/.local/lib/python3.8/site-packages/airflow/example_dags/example_setup_teardown_taskflow.py took 0.086 seconds
[2023-12-06T09:39:18.152+0000] {processor.py:157} INFO - Started process (PID=379) to work on /home/airflow/.local/lib/python3.8/site-packages/airflow/example_dags/example_setup_teardown_taskflow.py
[2023-12-06T09:39:18.153+0000] {processor.py:829} INFO - Processing file /home/airflow/.local/lib/python3.8/site-packages/airflow/example_dags/example_setup_teardown_taskflow.py for tasks to queue
[2023-12-06T09:39:18.156+0000] {logging_mixin.py:154} INFO - [2023-12-06T09:39:18.155+0000] {dagbag.py:536} INFO - Filling up the DagBag from /home/airflow/.local/lib/python3.8/site-packages/airflow/example_dags/example_setup_teardown_taskflow.py
[2023-12-06T09:39:18.166+0000] {processor.py:839} INFO - DAG(s) dict_keys(['example_setup_teardown_taskflow']) retrieved from /home/airflow/.local/lib/python3.8/site-packages/airflow/example_dags/example_setup_teardown_taskflow.py
[2023-12-06T09:39:18.188+0000] {logging_mixin.py:154} INFO - [2023-12-06T09:39:18.188+0000] {dag.py:2941} INFO - Sync 1 DAGs
[2023-12-06T09:39:18.213+0000] {logging_mixin.py:154} INFO - [2023-12-06T09:39:18.213+0000] {dag.py:3722} INFO - Setting next_dagrun for example_setup_teardown_taskflow to 2023-12-05T09:39:18.212756+00:00, run_after=2023-12-06T09:39:18.212756+00:00
[2023-12-06T09:39:18.230+0000] {processor.py:179} INFO - Processing /home/airflow/.local/lib/python3.8/site-packages/airflow/example_dags/example_setup_teardown_taskflow.py took 0.082 seconds
[2023-12-06T09:39:48.279+0000] {processor.py:157} INFO - Started process (PID=433) to work on /home/airflow/.local/lib/python3.8/site-packages/airflow/example_dags/example_setup_teardown_taskflow.py
[2023-12-06T09:39:48.280+0000] {processor.py:829} INFO - Processing file /home/airflow/.local/lib/python3.8/site-packages/airflow/example_dags/example_setup_teardown_taskflow.py for tasks to queue
[2023-12-06T09:39:48.283+0000] {logging_mixin.py:154} INFO - [2023-12-06T09:39:48.283+0000] {dagbag.py:536} INFO - Filling up the DagBag from /home/airflow/.local/lib/python3.8/site-packages/airflow/example_dags/example_setup_teardown_taskflow.py
[2023-12-06T09:39:48.295+0000] {processor.py:839} INFO - DAG(s) dict_keys(['example_setup_teardown_taskflow']) retrieved from /home/airflow/.local/lib/python3.8/site-packages/airflow/example_dags/example_setup_teardown_taskflow.py
[2023-12-06T09:39:48.319+0000] {logging_mixin.py:154} INFO - [2023-12-06T09:39:48.319+0000] {dag.py:2941} INFO - Sync 1 DAGs
[2023-12-06T09:39:48.344+0000] {logging_mixin.py:154} INFO - [2023-12-06T09:39:48.344+0000] {dag.py:3722} INFO - Setting next_dagrun for example_setup_teardown_taskflow to 2023-12-05T09:39:48.343755+00:00, run_after=2023-12-06T09:39:48.343755+00:00
[2023-12-06T09:39:48.362+0000] {processor.py:179} INFO - Processing /home/airflow/.local/lib/python3.8/site-packages/airflow/example_dags/example_setup_teardown_taskflow.py took 0.090 seconds
[2023-12-06T09:40:18.591+0000] {processor.py:157} INFO - Started process (PID=488) to work on /home/airflow/.local/lib/python3.8/site-packages/airflow/example_dags/example_setup_teardown_taskflow.py
[2023-12-06T09:40:18.593+0000] {processor.py:829} INFO - Processing file /home/airflow/.local/lib/python3.8/site-packages/airflow/example_dags/example_setup_teardown_taskflow.py for tasks to queue
[2023-12-06T09:40:18.596+0000] {logging_mixin.py:154} INFO - [2023-12-06T09:40:18.595+0000] {dagbag.py:536} INFO - Filling up the DagBag from /home/airflow/.local/lib/python3.8/site-packages/airflow/example_dags/example_setup_teardown_taskflow.py
[2023-12-06T09:40:18.609+0000] {processor.py:839} INFO - DAG(s) dict_keys(['example_setup_teardown_taskflow']) retrieved from /home/airflow/.local/lib/python3.8/site-packages/airflow/example_dags/example_setup_teardown_taskflow.py
[2023-12-06T09:40:18.637+0000] {logging_mixin.py:154} INFO - [2023-12-06T09:40:18.637+0000] {dag.py:2941} INFO - Sync 1 DAGs
[2023-12-06T09:40:18.672+0000] {logging_mixin.py:154} INFO - [2023-12-06T09:40:18.671+0000] {dag.py:3722} INFO - Setting next_dagrun for example_setup_teardown_taskflow to 2023-12-05T09:40:18.671528+00:00, run_after=2023-12-06T09:40:18.671528+00:00
[2023-12-06T09:40:18.696+0000] {processor.py:179} INFO - Processing /home/airflow/.local/lib/python3.8/site-packages/airflow/example_dags/example_setup_teardown_taskflow.py took 0.110 seconds
[2023-12-06T09:40:48.943+0000] {processor.py:157} INFO - Started process (PID=542) to work on /home/airflow/.local/lib/python3.8/site-packages/airflow/example_dags/example_setup_teardown_taskflow.py
[2023-12-06T09:40:48.945+0000] {processor.py:829} INFO - Processing file /home/airflow/.local/lib/python3.8/site-packages/airflow/example_dags/example_setup_teardown_taskflow.py for tasks to queue
[2023-12-06T09:40:48.948+0000] {logging_mixin.py:154} INFO - [2023-12-06T09:40:48.947+0000] {dagbag.py:536} INFO - Filling up the DagBag from /home/airflow/.local/lib/python3.8/site-packages/airflow/example_dags/example_setup_teardown_taskflow.py
[2023-12-06T09:40:48.958+0000] {processor.py:839} INFO - DAG(s) dict_keys(['example_setup_teardown_taskflow']) retrieved from /home/airflow/.local/lib/python3.8/site-packages/airflow/example_dags/example_setup_teardown_taskflow.py
[2023-12-06T09:40:48.981+0000] {logging_mixin.py:154} INFO - [2023-12-06T09:40:48.981+0000] {dag.py:2941} INFO - Sync 1 DAGs
[2023-12-06T09:40:49.004+0000] {logging_mixin.py:154} INFO - [2023-12-06T09:40:49.004+0000] {dag.py:3722} INFO - Setting next_dagrun for example_setup_teardown_taskflow to 2023-12-05T09:40:49.004134+00:00, run_after=2023-12-06T09:40:49.004134+00:00
[2023-12-06T09:40:49.024+0000] {processor.py:179} INFO - Processing /home/airflow/.local/lib/python3.8/site-packages/airflow/example_dags/example_setup_teardown_taskflow.py took 0.084 seconds
[2023-12-06T09:41:19.191+0000] {processor.py:157} INFO - Started process (PID=596) to work on /home/airflow/.local/lib/python3.8/site-packages/airflow/example_dags/example_setup_teardown_taskflow.py
[2023-12-06T09:41:19.193+0000] {processor.py:829} INFO - Processing file /home/airflow/.local/lib/python3.8/site-packages/airflow/example_dags/example_setup_teardown_taskflow.py for tasks to queue
[2023-12-06T09:41:19.195+0000] {logging_mixin.py:154} INFO - [2023-12-06T09:41:19.195+0000] {dagbag.py:536} INFO - Filling up the DagBag from /home/airflow/.local/lib/python3.8/site-packages/airflow/example_dags/example_setup_teardown_taskflow.py
[2023-12-06T09:41:19.206+0000] {processor.py:839} INFO - DAG(s) dict_keys(['example_setup_teardown_taskflow']) retrieved from /home/airflow/.local/lib/python3.8/site-packages/airflow/example_dags/example_setup_teardown_taskflow.py
[2023-12-06T09:41:19.229+0000] {logging_mixin.py:154} INFO - [2023-12-06T09:41:19.229+0000] {dag.py:2941} INFO - Sync 1 DAGs
[2023-12-06T09:41:19.251+0000] {logging_mixin.py:154} INFO - [2023-12-06T09:41:19.251+0000] {dag.py:3722} INFO - Setting next_dagrun for example_setup_teardown_taskflow to 2023-12-05T09:41:19.251163+00:00, run_after=2023-12-06T09:41:19.251163+00:00
[2023-12-06T09:41:19.269+0000] {processor.py:179} INFO - Processing /home/airflow/.local/lib/python3.8/site-packages/airflow/example_dags/example_setup_teardown_taskflow.py took 0.082 seconds
[2023-12-06T09:41:49.545+0000] {processor.py:157} INFO - Started process (PID=650) to work on /home/airflow/.local/lib/python3.8/site-packages/airflow/example_dags/example_setup_teardown_taskflow.py
[2023-12-06T09:41:49.546+0000] {processor.py:829} INFO - Processing file /home/airflow/.local/lib/python3.8/site-packages/airflow/example_dags/example_setup_teardown_taskflow.py for tasks to queue
[2023-12-06T09:41:49.549+0000] {logging_mixin.py:154} INFO - [2023-12-06T09:41:49.549+0000] {dagbag.py:536} INFO - Filling up the DagBag from /home/airflow/.local/lib/python3.8/site-packages/airflow/example_dags/example_setup_teardown_taskflow.py
[2023-12-06T09:41:49.560+0000] {processor.py:839} INFO - DAG(s) dict_keys(['example_setup_teardown_taskflow']) retrieved from /home/airflow/.local/lib/python3.8/site-packages/airflow/example_dags/example_setup_teardown_taskflow.py
[2023-12-06T09:41:49.583+0000] {logging_mixin.py:154} INFO - [2023-12-06T09:41:49.583+0000] {dag.py:2941} INFO - Sync 1 DAGs
[2023-12-06T09:41:49.606+0000] {logging_mixin.py:154} INFO - [2023-12-06T09:41:49.605+0000] {dag.py:3722} INFO - Setting next_dagrun for example_setup_teardown_taskflow to 2023-12-05T09:41:49.605626+00:00, run_after=2023-12-06T09:41:49.605626+00:00
[2023-12-06T09:41:49.630+0000] {processor.py:179} INFO - Processing /home/airflow/.local/lib/python3.8/site-packages/airflow/example_dags/example_setup_teardown_taskflow.py took 0.089 seconds
[2023-12-06T09:42:19.830+0000] {processor.py:157} INFO - Started process (PID=704) to work on /home/airflow/.local/lib/python3.8/site-packages/airflow/example_dags/example_setup_teardown_taskflow.py
[2023-12-06T09:42:19.831+0000] {processor.py:829} INFO - Processing file /home/airflow/.local/lib/python3.8/site-packages/airflow/example_dags/example_setup_teardown_taskflow.py for tasks to queue
[2023-12-06T09:42:19.834+0000] {logging_mixin.py:154} INFO - [2023-12-06T09:42:19.834+0000] {dagbag.py:536} INFO - Filling up the DagBag from /home/airflow/.local/lib/python3.8/site-packages/airflow/example_dags/example_setup_teardown_taskflow.py
[2023-12-06T09:42:19.846+0000] {processor.py:839} INFO - DAG(s) dict_keys(['example_setup_teardown_taskflow']) retrieved from /home/airflow/.local/lib/python3.8/site-packages/airflow/example_dags/example_setup_teardown_taskflow.py
[2023-12-06T09:42:19.870+0000] {logging_mixin.py:154} INFO - [2023-12-06T09:42:19.869+0000] {dag.py:2941} INFO - Sync 1 DAGs
[2023-12-06T09:42:19.895+0000] {logging_mixin.py:154} INFO - [2023-12-06T09:42:19.894+0000] {dag.py:3722} INFO - Setting next_dagrun for example_setup_teardown_taskflow to 2023-12-05T09:42:19.894567+00:00, run_after=2023-12-06T09:42:19.894567+00:00
[2023-12-06T09:42:19.947+0000] {processor.py:179} INFO - Processing /home/airflow/.local/lib/python3.8/site-packages/airflow/example_dags/example_setup_teardown_taskflow.py took 0.121 seconds
[2023-12-06T09:42:50.241+0000] {processor.py:157} INFO - Started process (PID=758) to work on /home/airflow/.local/lib/python3.8/site-packages/airflow/example_dags/example_setup_teardown_taskflow.py
[2023-12-06T09:42:50.242+0000] {processor.py:829} INFO - Processing file /home/airflow/.local/lib/python3.8/site-packages/airflow/example_dags/example_setup_teardown_taskflow.py for tasks to queue
[2023-12-06T09:42:50.245+0000] {logging_mixin.py:154} INFO - [2023-12-06T09:42:50.245+0000] {dagbag.py:536} INFO - Filling up the DagBag from /home/airflow/.local/lib/python3.8/site-packages/airflow/example_dags/example_setup_teardown_taskflow.py
[2023-12-06T09:42:50.255+0000] {processor.py:839} INFO - DAG(s) dict_keys(['example_setup_teardown_taskflow']) retrieved from /home/airflow/.local/lib/python3.8/site-packages/airflow/example_dags/example_setup_teardown_taskflow.py
[2023-12-06T09:42:50.279+0000] {logging_mixin.py:154} INFO - [2023-12-06T09:42:50.278+0000] {dag.py:2941} INFO - Sync 1 DAGs
[2023-12-06T09:42:50.302+0000] {logging_mixin.py:154} INFO - [2023-12-06T09:42:50.302+0000] {dag.py:3722} INFO - Setting next_dagrun for example_setup_teardown_taskflow to 2023-12-05T09:42:50.301790+00:00, run_after=2023-12-06T09:42:50.301790+00:00
[2023-12-06T09:42:50.322+0000] {processor.py:179} INFO - Processing /home/airflow/.local/lib/python3.8/site-packages/airflow/example_dags/example_setup_teardown_taskflow.py took 0.085 seconds
[2023-12-06T09:43:20.445+0000] {processor.py:157} INFO - Started process (PID=813) to work on /home/airflow/.local/lib/python3.8/site-packages/airflow/example_dags/example_setup_teardown_taskflow.py
[2023-12-06T09:43:20.447+0000] {processor.py:829} INFO - Processing file /home/airflow/.local/lib/python3.8/site-packages/airflow/example_dags/example_setup_teardown_taskflow.py for tasks to queue
[2023-12-06T09:43:20.449+0000] {logging_mixin.py:154} INFO - [2023-12-06T09:43:20.449+0000] {dagbag.py:536} INFO - Filling up the DagBag from /home/airflow/.local/lib/python3.8/site-packages/airflow/example_dags/example_setup_teardown_taskflow.py
[2023-12-06T09:43:20.460+0000] {processor.py:839} INFO - DAG(s) dict_keys(['example_setup_teardown_taskflow']) retrieved from /home/airflow/.local/lib/python3.8/site-packages/airflow/example_dags/example_setup_teardown_taskflow.py
[2023-12-06T09:43:20.484+0000] {logging_mixin.py:154} INFO - [2023-12-06T09:43:20.484+0000] {dag.py:2941} INFO - Sync 1 DAGs
[2023-12-06T09:43:20.511+0000] {logging_mixin.py:154} INFO - [2023-12-06T09:43:20.510+0000] {dag.py:3722} INFO - Setting next_dagrun for example_setup_teardown_taskflow to 2023-12-05T09:43:20.510633+00:00, run_after=2023-12-06T09:43:20.510633+00:00
[2023-12-06T09:43:20.530+0000] {processor.py:179} INFO - Processing /home/airflow/.local/lib/python3.8/site-packages/airflow/example_dags/example_setup_teardown_taskflow.py took 0.089 seconds
[2023-12-06T09:43:51.471+0000] {processor.py:157} INFO - Started process (PID=867) to work on /home/airflow/.local/lib/python3.8/site-packages/airflow/example_dags/example_setup_teardown_taskflow.py
[2023-12-06T09:43:51.473+0000] {processor.py:829} INFO - Processing file /home/airflow/.local/lib/python3.8/site-packages/airflow/example_dags/example_setup_teardown_taskflow.py for tasks to queue
[2023-12-06T09:43:51.476+0000] {logging_mixin.py:154} INFO - [2023-12-06T09:43:51.475+0000] {dagbag.py:536} INFO - Filling up the DagBag from /home/airflow/.local/lib/python3.8/site-packages/airflow/example_dags/example_setup_teardown_taskflow.py
[2023-12-06T09:43:51.486+0000] {processor.py:839} INFO - DAG(s) dict_keys(['example_setup_teardown_taskflow']) retrieved from /home/airflow/.local/lib/python3.8/site-packages/airflow/example_dags/example_setup_teardown_taskflow.py
[2023-12-06T09:43:51.509+0000] {logging_mixin.py:154} INFO - [2023-12-06T09:43:51.509+0000] {dag.py:2941} INFO - Sync 1 DAGs
[2023-12-06T09:43:51.533+0000] {logging_mixin.py:154} INFO - [2023-12-06T09:43:51.533+0000] {dag.py:3722} INFO - Setting next_dagrun for example_setup_teardown_taskflow to 2023-12-05T09:43:51.533405+00:00, run_after=2023-12-06T09:43:51.533405+00:00
[2023-12-06T09:43:51.551+0000] {processor.py:179} INFO - Processing /home/airflow/.local/lib/python3.8/site-packages/airflow/example_dags/example_setup_teardown_taskflow.py took 0.083 seconds
[2023-12-06T09:44:21.713+0000] {processor.py:157} INFO - Started process (PID=921) to work on /home/airflow/.local/lib/python3.8/site-packages/airflow/example_dags/example_setup_teardown_taskflow.py
[2023-12-06T09:44:21.715+0000] {processor.py:829} INFO - Processing file /home/airflow/.local/lib/python3.8/site-packages/airflow/example_dags/example_setup_teardown_taskflow.py for tasks to queue
[2023-12-06T09:44:21.718+0000] {logging_mixin.py:154} INFO - [2023-12-06T09:44:21.717+0000] {dagbag.py:536} INFO - Filling up the DagBag from /home/airflow/.local/lib/python3.8/site-packages/airflow/example_dags/example_setup_teardown_taskflow.py
[2023-12-06T09:44:21.729+0000] {processor.py:839} INFO - DAG(s) dict_keys(['example_setup_teardown_taskflow']) retrieved from /home/airflow/.local/lib/python3.8/site-packages/airflow/example_dags/example_setup_teardown_taskflow.py
[2023-12-06T09:44:21.757+0000] {logging_mixin.py:154} INFO - [2023-12-06T09:44:21.756+0000] {dag.py:2941} INFO - Sync 1 DAGs
[2023-12-06T09:44:21.790+0000] {logging_mixin.py:154} INFO - [2023-12-06T09:44:21.789+0000] {dag.py:3722} INFO - Setting next_dagrun for example_setup_teardown_taskflow to 2023-12-05T09:44:21.789569+00:00, run_after=2023-12-06T09:44:21.789569+00:00
[2023-12-06T09:44:21.811+0000] {processor.py:179} INFO - Processing /home/airflow/.local/lib/python3.8/site-packages/airflow/example_dags/example_setup_teardown_taskflow.py took 0.102 seconds
[2023-12-06T09:44:52.934+0000] {processor.py:157} INFO - Started process (PID=975) to work on /home/airflow/.local/lib/python3.8/site-packages/airflow/example_dags/example_setup_teardown_taskflow.py
[2023-12-06T09:44:52.939+0000] {processor.py:829} INFO - Processing file /home/airflow/.local/lib/python3.8/site-packages/airflow/example_dags/example_setup_teardown_taskflow.py for tasks to queue
[2023-12-06T09:44:52.960+0000] {logging_mixin.py:154} INFO - [2023-12-06T09:44:52.960+0000] {dagbag.py:536} INFO - Filling up the DagBag from /home/airflow/.local/lib/python3.8/site-packages/airflow/example_dags/example_setup_teardown_taskflow.py
[2023-12-06T09:44:52.972+0000] {processor.py:839} INFO - DAG(s) dict_keys(['example_setup_teardown_taskflow']) retrieved from /home/airflow/.local/lib/python3.8/site-packages/airflow/example_dags/example_setup_teardown_taskflow.py
[2023-12-06T09:44:53.002+0000] {logging_mixin.py:154} INFO - [2023-12-06T09:44:53.002+0000] {dag.py:2941} INFO - Sync 1 DAGs
[2023-12-06T09:44:53.042+0000] {logging_mixin.py:154} INFO - [2023-12-06T09:44:53.042+0000] {dag.py:3722} INFO - Setting next_dagrun for example_setup_teardown_taskflow to 2023-12-05T09:44:53.041987+00:00, run_after=2023-12-06T09:44:53.041987+00:00
[2023-12-06T09:44:53.086+0000] {processor.py:179} INFO - Processing /home/airflow/.local/lib/python3.8/site-packages/airflow/example_dags/example_setup_teardown_taskflow.py took 0.156 seconds
[2023-12-06T09:45:23.110+0000] {processor.py:157} INFO - Started process (PID=1029) to work on /home/airflow/.local/lib/python3.8/site-packages/airflow/example_dags/example_setup_teardown_taskflow.py
[2023-12-06T09:45:23.111+0000] {processor.py:829} INFO - Processing file /home/airflow/.local/lib/python3.8/site-packages/airflow/example_dags/example_setup_teardown_taskflow.py for tasks to queue
[2023-12-06T09:45:23.114+0000] {logging_mixin.py:154} INFO - [2023-12-06T09:45:23.114+0000] {dagbag.py:536} INFO - Filling up the DagBag from /home/airflow/.local/lib/python3.8/site-packages/airflow/example_dags/example_setup_teardown_taskflow.py
[2023-12-06T09:45:23.125+0000] {processor.py:839} INFO - DAG(s) dict_keys(['example_setup_teardown_taskflow']) retrieved from /home/airflow/.local/lib/python3.8/site-packages/airflow/example_dags/example_setup_teardown_taskflow.py
[2023-12-06T09:45:23.149+0000] {logging_mixin.py:154} INFO - [2023-12-06T09:45:23.149+0000] {dag.py:2941} INFO - Sync 1 DAGs
[2023-12-06T09:45:23.172+0000] {logging_mixin.py:154} INFO - [2023-12-06T09:45:23.172+0000] {dag.py:3722} INFO - Setting next_dagrun for example_setup_teardown_taskflow to 2023-12-05T09:45:23.171942+00:00, run_after=2023-12-06T09:45:23.171942+00:00
[2023-12-06T09:45:23.190+0000] {processor.py:179} INFO - Processing /home/airflow/.local/lib/python3.8/site-packages/airflow/example_dags/example_setup_teardown_taskflow.py took 0.084 seconds
[2023-12-06T09:45:53.266+0000] {processor.py:157} INFO - Started process (PID=1095) to work on /home/airflow/.local/lib/python3.8/site-packages/airflow/example_dags/example_setup_teardown_taskflow.py
[2023-12-06T09:45:53.267+0000] {processor.py:829} INFO - Processing file /home/airflow/.local/lib/python3.8/site-packages/airflow/example_dags/example_setup_teardown_taskflow.py for tasks to queue
[2023-12-06T09:45:53.270+0000] {logging_mixin.py:154} INFO - [2023-12-06T09:45:53.269+0000] {dagbag.py:536} INFO - Filling up the DagBag from /home/airflow/.local/lib/python3.8/site-packages/airflow/example_dags/example_setup_teardown_taskflow.py
[2023-12-06T09:45:53.281+0000] {processor.py:839} INFO - DAG(s) dict_keys(['example_setup_teardown_taskflow']) retrieved from /home/airflow/.local/lib/python3.8/site-packages/airflow/example_dags/example_setup_teardown_taskflow.py
[2023-12-06T09:45:53.304+0000] {logging_mixin.py:154} INFO - [2023-12-06T09:45:53.304+0000] {dag.py:2941} INFO - Sync 1 DAGs
[2023-12-06T09:45:53.329+0000] {logging_mixin.py:154} INFO - [2023-12-06T09:45:53.328+0000] {dag.py:3722} INFO - Setting next_dagrun for example_setup_teardown_taskflow to 2023-12-05T09:45:53.328712+00:00, run_after=2023-12-06T09:45:53.328712+00:00
[2023-12-06T09:45:53.348+0000] {processor.py:179} INFO - Processing /home/airflow/.local/lib/python3.8/site-packages/airflow/example_dags/example_setup_teardown_taskflow.py took 0.086 seconds
[2023-12-06T09:46:23.645+0000] {processor.py:157} INFO - Started process (PID=1152) to work on /home/airflow/.local/lib/python3.8/site-packages/airflow/example_dags/example_setup_teardown_taskflow.py
[2023-12-06T09:46:23.647+0000] {processor.py:829} INFO - Processing file /home/airflow/.local/lib/python3.8/site-packages/airflow/example_dags/example_setup_teardown_taskflow.py for tasks to queue
[2023-12-06T09:46:23.650+0000] {logging_mixin.py:154} INFO - [2023-12-06T09:46:23.649+0000] {dagbag.py:536} INFO - Filling up the DagBag from /home/airflow/.local/lib/python3.8/site-packages/airflow/example_dags/example_setup_teardown_taskflow.py
[2023-12-06T09:46:23.660+0000] {processor.py:839} INFO - DAG(s) dict_keys(['example_setup_teardown_taskflow']) retrieved from /home/airflow/.local/lib/python3.8/site-packages/airflow/example_dags/example_setup_teardown_taskflow.py
[2023-12-06T09:46:23.683+0000] {logging_mixin.py:154} INFO - [2023-12-06T09:46:23.683+0000] {dag.py:2941} INFO - Sync 1 DAGs
[2023-12-06T09:46:23.706+0000] {logging_mixin.py:154} INFO - [2023-12-06T09:46:23.706+0000] {dag.py:3722} INFO - Setting next_dagrun for example_setup_teardown_taskflow to 2023-12-05T09:46:23.706301+00:00, run_after=2023-12-06T09:46:23.706301+00:00
[2023-12-06T09:46:23.725+0000] {processor.py:179} INFO - Processing /home/airflow/.local/lib/python3.8/site-packages/airflow/example_dags/example_setup_teardown_taskflow.py took 0.083 seconds
[2023-12-06T09:46:54.297+0000] {processor.py:157} INFO - Started process (PID=1207) to work on /home/airflow/.local/lib/python3.8/site-packages/airflow/example_dags/example_setup_teardown_taskflow.py
[2023-12-06T09:46:54.312+0000] {processor.py:829} INFO - Processing file /home/airflow/.local/lib/python3.8/site-packages/airflow/example_dags/example_setup_teardown_taskflow.py for tasks to queue
[2023-12-06T09:46:54.315+0000] {logging_mixin.py:154} INFO - [2023-12-06T09:46:54.314+0000] {dagbag.py:536} INFO - Filling up the DagBag from /home/airflow/.local/lib/python3.8/site-packages/airflow/example_dags/example_setup_teardown_taskflow.py
[2023-12-06T09:46:54.327+0000] {processor.py:839} INFO - DAG(s) dict_keys(['example_setup_teardown_taskflow']) retrieved from /home/airflow/.local/lib/python3.8/site-packages/airflow/example_dags/example_setup_teardown_taskflow.py
[2023-12-06T09:46:54.351+0000] {logging_mixin.py:154} INFO - [2023-12-06T09:46:54.351+0000] {dag.py:2941} INFO - Sync 1 DAGs
[2023-12-06T09:46:54.382+0000] {logging_mixin.py:154} INFO - [2023-12-06T09:46:54.382+0000] {dag.py:3722} INFO - Setting next_dagrun for example_setup_teardown_taskflow to 2023-12-05T09:46:54.381978+00:00, run_after=2023-12-06T09:46:54.381978+00:00
[2023-12-06T09:46:54.404+0000] {processor.py:179} INFO - Processing /home/airflow/.local/lib/python3.8/site-packages/airflow/example_dags/example_setup_teardown_taskflow.py took 0.112 seconds
[2023-12-06T09:47:24.512+0000] {processor.py:157} INFO - Started process (PID=1263) to work on /home/airflow/.local/lib/python3.8/site-packages/airflow/example_dags/example_setup_teardown_taskflow.py
[2023-12-06T09:47:24.513+0000] {processor.py:829} INFO - Processing file /home/airflow/.local/lib/python3.8/site-packages/airflow/example_dags/example_setup_teardown_taskflow.py for tasks to queue
[2023-12-06T09:47:24.515+0000] {logging_mixin.py:154} INFO - [2023-12-06T09:47:24.515+0000] {dagbag.py:536} INFO - Filling up the DagBag from /home/airflow/.local/lib/python3.8/site-packages/airflow/example_dags/example_setup_teardown_taskflow.py
[2023-12-06T09:47:24.528+0000] {processor.py:839} INFO - DAG(s) dict_keys(['example_setup_teardown_taskflow']) retrieved from /home/airflow/.local/lib/python3.8/site-packages/airflow/example_dags/example_setup_teardown_taskflow.py
[2023-12-06T09:47:24.552+0000] {logging_mixin.py:154} INFO - [2023-12-06T09:47:24.552+0000] {dag.py:2941} INFO - Sync 1 DAGs
[2023-12-06T09:47:24.574+0000] {logging_mixin.py:154} INFO - [2023-12-06T09:47:24.574+0000] {dag.py:3722} INFO - Setting next_dagrun for example_setup_teardown_taskflow to 2023-12-05T09:47:24.574542+00:00, run_after=2023-12-06T09:47:24.574542+00:00
[2023-12-06T09:47:24.593+0000] {processor.py:179} INFO - Processing /home/airflow/.local/lib/python3.8/site-packages/airflow/example_dags/example_setup_teardown_taskflow.py took 0.085 seconds
[2023-12-06T09:47:55.116+0000] {processor.py:157} INFO - Started process (PID=1321) to work on /home/airflow/.local/lib/python3.8/site-packages/airflow/example_dags/example_setup_teardown_taskflow.py
[2023-12-06T09:47:55.117+0000] {processor.py:829} INFO - Processing file /home/airflow/.local/lib/python3.8/site-packages/airflow/example_dags/example_setup_teardown_taskflow.py for tasks to queue
[2023-12-06T09:47:55.118+0000] {logging_mixin.py:154} INFO - [2023-12-06T09:47:55.118+0000] {dagbag.py:536} INFO - Filling up the DagBag from /home/airflow/.local/lib/python3.8/site-packages/airflow/example_dags/example_setup_teardown_taskflow.py
[2023-12-06T09:47:55.131+0000] {processor.py:839} INFO - DAG(s) dict_keys(['example_setup_teardown_taskflow']) retrieved from /home/airflow/.local/lib/python3.8/site-packages/airflow/example_dags/example_setup_teardown_taskflow.py
[2023-12-06T09:47:55.155+0000] {logging_mixin.py:154} INFO - [2023-12-06T09:47:55.154+0000] {dag.py:2941} INFO - Sync 1 DAGs
[2023-12-06T09:47:55.179+0000] {logging_mixin.py:154} INFO - [2023-12-06T09:47:55.179+0000] {dag.py:3722} INFO - Setting next_dagrun for example_setup_teardown_taskflow to 2023-12-05T09:47:55.179016+00:00, run_after=2023-12-06T09:47:55.179016+00:00
[2023-12-06T09:47:55.198+0000] {processor.py:179} INFO - Processing /home/airflow/.local/lib/python3.8/site-packages/airflow/example_dags/example_setup_teardown_taskflow.py took 0.086 seconds
[2023-12-06T09:48:26.632+0000] {processor.py:157} INFO - Started process (PID=1382) to work on /home/airflow/.local/lib/python3.8/site-packages/airflow/example_dags/example_setup_teardown_taskflow.py
[2023-12-06T09:48:26.635+0000] {processor.py:829} INFO - Processing file /home/airflow/.local/lib/python3.8/site-packages/airflow/example_dags/example_setup_teardown_taskflow.py for tasks to queue
[2023-12-06T09:48:26.641+0000] {logging_mixin.py:154} INFO - [2023-12-06T09:48:26.637+0000] {dagbag.py:536} INFO - Filling up the DagBag from /home/airflow/.local/lib/python3.8/site-packages/airflow/example_dags/example_setup_teardown_taskflow.py
[2023-12-06T09:48:26.664+0000] {processor.py:839} INFO - DAG(s) dict_keys(['example_setup_teardown_taskflow']) retrieved from /home/airflow/.local/lib/python3.8/site-packages/airflow/example_dags/example_setup_teardown_taskflow.py
[2023-12-06T09:48:26.720+0000] {logging_mixin.py:154} INFO - [2023-12-06T09:48:26.719+0000] {dag.py:2941} INFO - Sync 1 DAGs
[2023-12-06T09:48:26.793+0000] {logging_mixin.py:154} INFO - [2023-12-06T09:48:26.793+0000] {dag.py:3722} INFO - Setting next_dagrun for example_setup_teardown_taskflow to 2023-12-05T09:48:26.792642+00:00, run_after=2023-12-06T09:48:26.792642+00:00
[2023-12-06T09:48:27.041+0000] {processor.py:179} INFO - Processing /home/airflow/.local/lib/python3.8/site-packages/airflow/example_dags/example_setup_teardown_taskflow.py took 0.416 seconds
[2023-12-06T09:48:58.038+0000] {processor.py:157} INFO - Started process (PID=1438) to work on /home/airflow/.local/lib/python3.8/site-packages/airflow/example_dags/example_setup_teardown_taskflow.py
[2023-12-06T09:48:58.039+0000] {processor.py:829} INFO - Processing file /home/airflow/.local/lib/python3.8/site-packages/airflow/example_dags/example_setup_teardown_taskflow.py for tasks to queue
[2023-12-06T09:48:58.041+0000] {logging_mixin.py:154} INFO - [2023-12-06T09:48:58.041+0000] {dagbag.py:536} INFO - Filling up the DagBag from /home/airflow/.local/lib/python3.8/site-packages/airflow/example_dags/example_setup_teardown_taskflow.py
[2023-12-06T09:48:58.056+0000] {processor.py:839} INFO - DAG(s) dict_keys(['example_setup_teardown_taskflow']) retrieved from /home/airflow/.local/lib/python3.8/site-packages/airflow/example_dags/example_setup_teardown_taskflow.py
[2023-12-06T09:48:58.083+0000] {logging_mixin.py:154} INFO - [2023-12-06T09:48:58.083+0000] {dag.py:2941} INFO - Sync 1 DAGs
[2023-12-06T09:48:58.106+0000] {logging_mixin.py:154} INFO - [2023-12-06T09:48:58.106+0000] {dag.py:3722} INFO - Setting next_dagrun for example_setup_teardown_taskflow to 2023-12-05T09:48:58.106379+00:00, run_after=2023-12-06T09:48:58.106379+00:00
[2023-12-06T09:48:58.125+0000] {processor.py:179} INFO - Processing /home/airflow/.local/lib/python3.8/site-packages/airflow/example_dags/example_setup_teardown_taskflow.py took 0.092 seconds
[2023-12-06T09:49:28.443+0000] {processor.py:157} INFO - Started process (PID=1494) to work on /home/airflow/.local/lib/python3.8/site-packages/airflow/example_dags/example_setup_teardown_taskflow.py
[2023-12-06T09:49:28.445+0000] {processor.py:829} INFO - Processing file /home/airflow/.local/lib/python3.8/site-packages/airflow/example_dags/example_setup_teardown_taskflow.py for tasks to queue
[2023-12-06T09:49:28.446+0000] {logging_mixin.py:154} INFO - [2023-12-06T09:49:28.446+0000] {dagbag.py:536} INFO - Filling up the DagBag from /home/airflow/.local/lib/python3.8/site-packages/airflow/example_dags/example_setup_teardown_taskflow.py
[2023-12-06T09:49:28.460+0000] {processor.py:839} INFO - DAG(s) dict_keys(['example_setup_teardown_taskflow']) retrieved from /home/airflow/.local/lib/python3.8/site-packages/airflow/example_dags/example_setup_teardown_taskflow.py
[2023-12-06T09:49:28.485+0000] {logging_mixin.py:154} INFO - [2023-12-06T09:49:28.485+0000] {dag.py:2941} INFO - Sync 1 DAGs
[2023-12-06T09:49:28.510+0000] {logging_mixin.py:154} INFO - [2023-12-06T09:49:28.509+0000] {dag.py:3722} INFO - Setting next_dagrun for example_setup_teardown_taskflow to 2023-12-05T09:49:28.509737+00:00, run_after=2023-12-06T09:49:28.509737+00:00
[2023-12-06T09:49:28.530+0000] {processor.py:179} INFO - Processing /home/airflow/.local/lib/python3.8/site-packages/airflow/example_dags/example_setup_teardown_taskflow.py took 0.092 seconds
[2023-12-06T09:49:59.345+0000] {processor.py:157} INFO - Started process (PID=1558) to work on /home/airflow/.local/lib/python3.8/site-packages/airflow/example_dags/example_setup_teardown_taskflow.py
[2023-12-06T09:49:59.347+0000] {processor.py:829} INFO - Processing file /home/airflow/.local/lib/python3.8/site-packages/airflow/example_dags/example_setup_teardown_taskflow.py for tasks to queue
[2023-12-06T09:49:59.348+0000] {logging_mixin.py:154} INFO - [2023-12-06T09:49:59.348+0000] {dagbag.py:536} INFO - Filling up the DagBag from /home/airflow/.local/lib/python3.8/site-packages/airflow/example_dags/example_setup_teardown_taskflow.py
[2023-12-06T09:49:59.363+0000] {processor.py:839} INFO - DAG(s) dict_keys(['example_setup_teardown_taskflow']) retrieved from /home/airflow/.local/lib/python3.8/site-packages/airflow/example_dags/example_setup_teardown_taskflow.py
[2023-12-06T09:49:59.388+0000] {logging_mixin.py:154} INFO - [2023-12-06T09:49:59.387+0000] {dag.py:2941} INFO - Sync 1 DAGs
[2023-12-06T09:49:59.549+0000] {logging_mixin.py:154} INFO - [2023-12-06T09:49:59.549+0000] {dag.py:3722} INFO - Setting next_dagrun for example_setup_teardown_taskflow to 2023-12-05T09:49:59.549083+00:00, run_after=2023-12-06T09:49:59.549083+00:00
[2023-12-06T09:49:59.571+0000] {processor.py:179} INFO - Processing /home/airflow/.local/lib/python3.8/site-packages/airflow/example_dags/example_setup_teardown_taskflow.py took 0.231 seconds
[2023-12-06T09:50:29.831+0000] {processor.py:157} INFO - Started process (PID=1613) to work on /home/airflow/.local/lib/python3.8/site-packages/airflow/example_dags/example_setup_teardown_taskflow.py
[2023-12-06T09:50:29.833+0000] {processor.py:829} INFO - Processing file /home/airflow/.local/lib/python3.8/site-packages/airflow/example_dags/example_setup_teardown_taskflow.py for tasks to queue
[2023-12-06T09:50:29.834+0000] {logging_mixin.py:154} INFO - [2023-12-06T09:50:29.834+0000] {dagbag.py:536} INFO - Filling up the DagBag from /home/airflow/.local/lib/python3.8/site-packages/airflow/example_dags/example_setup_teardown_taskflow.py
[2023-12-06T09:50:29.849+0000] {processor.py:839} INFO - DAG(s) dict_keys(['example_setup_teardown_taskflow']) retrieved from /home/airflow/.local/lib/python3.8/site-packages/airflow/example_dags/example_setup_teardown_taskflow.py
[2023-12-06T09:50:29.874+0000] {logging_mixin.py:154} INFO - [2023-12-06T09:50:29.874+0000] {dag.py:2941} INFO - Sync 1 DAGs
[2023-12-06T09:50:29.897+0000] {logging_mixin.py:154} INFO - [2023-12-06T09:50:29.897+0000] {dag.py:3722} INFO - Setting next_dagrun for example_setup_teardown_taskflow to 2023-12-05T09:50:29.897210+00:00, run_after=2023-12-06T09:50:29.897210+00:00
[2023-12-06T09:50:30.066+0000] {processor.py:179} INFO - Processing /home/airflow/.local/lib/python3.8/site-packages/airflow/example_dags/example_setup_teardown_taskflow.py took 0.240 seconds
