[2023-12-06T09:36:17.522+0000] {processor.py:157} INFO - Started process (PID=73) to work on /home/airflow/.local/lib/python3.8/site-packages/airflow/example_dags/example_branch_python_dop_operator_3.py
[2023-12-06T09:36:17.524+0000] {processor.py:829} INFO - Processing file /home/airflow/.local/lib/python3.8/site-packages/airflow/example_dags/example_branch_python_dop_operator_3.py for tasks to queue
[2023-12-06T09:36:17.527+0000] {logging_mixin.py:154} INFO - [2023-12-06T09:36:17.527+0000] {dagbag.py:536} INFO - Filling up the DagBag from /home/airflow/.local/lib/python3.8/site-packages/airflow/example_dags/example_branch_python_dop_operator_3.py
[2023-12-06T09:36:17.538+0000] {processor.py:839} INFO - DAG(s) dict_keys(['example_branch_dop_operator_v3']) retrieved from /home/airflow/.local/lib/python3.8/site-packages/airflow/example_dags/example_branch_python_dop_operator_3.py
[2023-12-06T09:36:17.645+0000] {logging_mixin.py:154} INFO - [2023-12-06T09:36:17.645+0000] {manager.py:499} INFO - Created Permission View: %s
[2023-12-06T09:36:17.655+0000] {logging_mixin.py:154} INFO - [2023-12-06T09:36:17.655+0000] {manager.py:499} INFO - Created Permission View: %s
[2023-12-06T09:36:17.661+0000] {logging_mixin.py:154} INFO - [2023-12-06T09:36:17.661+0000] {manager.py:499} INFO - Created Permission View: %s
[2023-12-06T09:36:17.662+0000] {logging_mixin.py:154} INFO - [2023-12-06T09:36:17.662+0000] {dag.py:2941} INFO - Sync 1 DAGs
[2023-12-06T09:36:17.674+0000] {logging_mixin.py:154} INFO - [2023-12-06T09:36:17.674+0000] {dag.py:2963} INFO - Creating ORM DAG for example_branch_dop_operator_v3
[2023-12-06T09:36:17.688+0000] {logging_mixin.py:154} INFO - [2023-12-06T09:36:17.688+0000] {dag.py:3722} INFO - Setting next_dagrun for example_branch_dop_operator_v3 to 2023-12-06T09:35:00+00:00, run_after=2023-12-06T09:36:00+00:00
[2023-12-06T09:36:17.836+0000] {processor.py:179} INFO - Processing /home/airflow/.local/lib/python3.8/site-packages/airflow/example_dags/example_branch_python_dop_operator_3.py took 0.318 seconds
[2023-12-06T09:36:48.573+0000] {processor.py:157} INFO - Started process (PID=127) to work on /home/airflow/.local/lib/python3.8/site-packages/airflow/example_dags/example_branch_python_dop_operator_3.py
[2023-12-06T09:36:48.575+0000] {processor.py:829} INFO - Processing file /home/airflow/.local/lib/python3.8/site-packages/airflow/example_dags/example_branch_python_dop_operator_3.py for tasks to queue
[2023-12-06T09:36:48.579+0000] {logging_mixin.py:154} INFO - [2023-12-06T09:36:48.578+0000] {dagbag.py:536} INFO - Filling up the DagBag from /home/airflow/.local/lib/python3.8/site-packages/airflow/example_dags/example_branch_python_dop_operator_3.py
[2023-12-06T09:36:48.590+0000] {processor.py:839} INFO - DAG(s) dict_keys(['example_branch_dop_operator_v3']) retrieved from /home/airflow/.local/lib/python3.8/site-packages/airflow/example_dags/example_branch_python_dop_operator_3.py
[2023-12-06T09:36:48.612+0000] {logging_mixin.py:154} INFO - [2023-12-06T09:36:48.612+0000] {dag.py:2941} INFO - Sync 1 DAGs
[2023-12-06T09:36:48.640+0000] {logging_mixin.py:154} INFO - [2023-12-06T09:36:48.639+0000] {dag.py:3722} INFO - Setting next_dagrun for example_branch_dop_operator_v3 to 2023-12-06T09:35:00+00:00, run_after=2023-12-06T09:36:00+00:00
[2023-12-06T09:36:48.657+0000] {processor.py:179} INFO - Processing /home/airflow/.local/lib/python3.8/site-packages/airflow/example_dags/example_branch_python_dop_operator_3.py took 0.089 seconds
[2023-12-06T09:37:19.355+0000] {processor.py:157} INFO - Started process (PID=181) to work on /home/airflow/.local/lib/python3.8/site-packages/airflow/example_dags/example_branch_python_dop_operator_3.py
[2023-12-06T09:37:19.356+0000] {processor.py:829} INFO - Processing file /home/airflow/.local/lib/python3.8/site-packages/airflow/example_dags/example_branch_python_dop_operator_3.py for tasks to queue
[2023-12-06T09:37:19.359+0000] {logging_mixin.py:154} INFO - [2023-12-06T09:37:19.359+0000] {dagbag.py:536} INFO - Filling up the DagBag from /home/airflow/.local/lib/python3.8/site-packages/airflow/example_dags/example_branch_python_dop_operator_3.py
[2023-12-06T09:37:19.371+0000] {processor.py:839} INFO - DAG(s) dict_keys(['example_branch_dop_operator_v3']) retrieved from /home/airflow/.local/lib/python3.8/site-packages/airflow/example_dags/example_branch_python_dop_operator_3.py
[2023-12-06T09:37:19.396+0000] {logging_mixin.py:154} INFO - [2023-12-06T09:37:19.396+0000] {dag.py:2941} INFO - Sync 1 DAGs
[2023-12-06T09:37:19.424+0000] {logging_mixin.py:154} INFO - [2023-12-06T09:37:19.424+0000] {dag.py:3722} INFO - Setting next_dagrun for example_branch_dop_operator_v3 to 2023-12-06T09:36:00+00:00, run_after=2023-12-06T09:37:00+00:00
[2023-12-06T09:37:19.443+0000] {processor.py:179} INFO - Processing /home/airflow/.local/lib/python3.8/site-packages/airflow/example_dags/example_branch_python_dop_operator_3.py took 0.093 seconds
[2023-12-06T09:37:50.223+0000] {processor.py:157} INFO - Started process (PID=235) to work on /home/airflow/.local/lib/python3.8/site-packages/airflow/example_dags/example_branch_python_dop_operator_3.py
[2023-12-06T09:37:50.225+0000] {processor.py:829} INFO - Processing file /home/airflow/.local/lib/python3.8/site-packages/airflow/example_dags/example_branch_python_dop_operator_3.py for tasks to queue
[2023-12-06T09:37:50.228+0000] {logging_mixin.py:154} INFO - [2023-12-06T09:37:50.228+0000] {dagbag.py:536} INFO - Filling up the DagBag from /home/airflow/.local/lib/python3.8/site-packages/airflow/example_dags/example_branch_python_dop_operator_3.py
[2023-12-06T09:37:50.238+0000] {processor.py:839} INFO - DAG(s) dict_keys(['example_branch_dop_operator_v3']) retrieved from /home/airflow/.local/lib/python3.8/site-packages/airflow/example_dags/example_branch_python_dop_operator_3.py
[2023-12-06T09:37:50.260+0000] {logging_mixin.py:154} INFO - [2023-12-06T09:37:50.260+0000] {dag.py:2941} INFO - Sync 1 DAGs
[2023-12-06T09:37:50.288+0000] {logging_mixin.py:154} INFO - [2023-12-06T09:37:50.287+0000] {dag.py:3722} INFO - Setting next_dagrun for example_branch_dop_operator_v3 to 2023-12-06T09:36:00+00:00, run_after=2023-12-06T09:37:00+00:00
[2023-12-06T09:37:50.307+0000] {processor.py:179} INFO - Processing /home/airflow/.local/lib/python3.8/site-packages/airflow/example_dags/example_branch_python_dop_operator_3.py took 0.088 seconds
[2023-12-06T09:38:20.964+0000] {processor.py:157} INFO - Started process (PID=289) to work on /home/airflow/.local/lib/python3.8/site-packages/airflow/example_dags/example_branch_python_dop_operator_3.py
[2023-12-06T09:38:20.965+0000] {processor.py:829} INFO - Processing file /home/airflow/.local/lib/python3.8/site-packages/airflow/example_dags/example_branch_python_dop_operator_3.py for tasks to queue
[2023-12-06T09:38:20.969+0000] {logging_mixin.py:154} INFO - [2023-12-06T09:38:20.968+0000] {dagbag.py:536} INFO - Filling up the DagBag from /home/airflow/.local/lib/python3.8/site-packages/airflow/example_dags/example_branch_python_dop_operator_3.py
[2023-12-06T09:38:20.980+0000] {processor.py:839} INFO - DAG(s) dict_keys(['example_branch_dop_operator_v3']) retrieved from /home/airflow/.local/lib/python3.8/site-packages/airflow/example_dags/example_branch_python_dop_operator_3.py
[2023-12-06T09:38:21.003+0000] {logging_mixin.py:154} INFO - [2023-12-06T09:38:21.002+0000] {dag.py:2941} INFO - Sync 1 DAGs
[2023-12-06T09:38:21.031+0000] {logging_mixin.py:154} INFO - [2023-12-06T09:38:21.031+0000] {dag.py:3722} INFO - Setting next_dagrun for example_branch_dop_operator_v3 to 2023-12-06T09:37:00+00:00, run_after=2023-12-06T09:38:00+00:00
[2023-12-06T09:38:21.050+0000] {processor.py:179} INFO - Processing /home/airflow/.local/lib/python3.8/site-packages/airflow/example_dags/example_branch_python_dop_operator_3.py took 0.091 seconds
[2023-12-06T09:38:51.132+0000] {processor.py:157} INFO - Started process (PID=343) to work on /home/airflow/.local/lib/python3.8/site-packages/airflow/example_dags/example_branch_python_dop_operator_3.py
[2023-12-06T09:38:51.133+0000] {processor.py:829} INFO - Processing file /home/airflow/.local/lib/python3.8/site-packages/airflow/example_dags/example_branch_python_dop_operator_3.py for tasks to queue
[2023-12-06T09:38:51.152+0000] {logging_mixin.py:154} INFO - [2023-12-06T09:38:51.151+0000] {dagbag.py:536} INFO - Filling up the DagBag from /home/airflow/.local/lib/python3.8/site-packages/airflow/example_dags/example_branch_python_dop_operator_3.py
[2023-12-06T09:38:51.163+0000] {processor.py:839} INFO - DAG(s) dict_keys(['example_branch_dop_operator_v3']) retrieved from /home/airflow/.local/lib/python3.8/site-packages/airflow/example_dags/example_branch_python_dop_operator_3.py
[2023-12-06T09:38:51.188+0000] {logging_mixin.py:154} INFO - [2023-12-06T09:38:51.188+0000] {dag.py:2941} INFO - Sync 1 DAGs
[2023-12-06T09:38:51.217+0000] {logging_mixin.py:154} INFO - [2023-12-06T09:38:51.216+0000] {dag.py:3722} INFO - Setting next_dagrun for example_branch_dop_operator_v3 to 2023-12-06T09:37:00+00:00, run_after=2023-12-06T09:38:00+00:00
[2023-12-06T09:38:51.235+0000] {processor.py:179} INFO - Processing /home/airflow/.local/lib/python3.8/site-packages/airflow/example_dags/example_branch_python_dop_operator_3.py took 0.107 seconds
[2023-12-06T09:39:21.287+0000] {processor.py:157} INFO - Started process (PID=397) to work on /home/airflow/.local/lib/python3.8/site-packages/airflow/example_dags/example_branch_python_dop_operator_3.py
[2023-12-06T09:39:21.289+0000] {processor.py:829} INFO - Processing file /home/airflow/.local/lib/python3.8/site-packages/airflow/example_dags/example_branch_python_dop_operator_3.py for tasks to queue
[2023-12-06T09:39:21.291+0000] {logging_mixin.py:154} INFO - [2023-12-06T09:39:21.291+0000] {dagbag.py:536} INFO - Filling up the DagBag from /home/airflow/.local/lib/python3.8/site-packages/airflow/example_dags/example_branch_python_dop_operator_3.py
[2023-12-06T09:39:21.301+0000] {processor.py:839} INFO - DAG(s) dict_keys(['example_branch_dop_operator_v3']) retrieved from /home/airflow/.local/lib/python3.8/site-packages/airflow/example_dags/example_branch_python_dop_operator_3.py
[2023-12-06T09:39:21.321+0000] {logging_mixin.py:154} INFO - [2023-12-06T09:39:21.321+0000] {dag.py:2941} INFO - Sync 1 DAGs
[2023-12-06T09:39:21.347+0000] {logging_mixin.py:154} INFO - [2023-12-06T09:39:21.347+0000] {dag.py:3722} INFO - Setting next_dagrun for example_branch_dop_operator_v3 to 2023-12-06T09:38:00+00:00, run_after=2023-12-06T09:39:00+00:00
[2023-12-06T09:39:21.362+0000] {processor.py:179} INFO - Processing /home/airflow/.local/lib/python3.8/site-packages/airflow/example_dags/example_branch_python_dop_operator_3.py took 0.078 seconds
[2023-12-06T09:39:51.501+0000] {processor.py:157} INFO - Started process (PID=451) to work on /home/airflow/.local/lib/python3.8/site-packages/airflow/example_dags/example_branch_python_dop_operator_3.py
[2023-12-06T09:39:51.503+0000] {processor.py:829} INFO - Processing file /home/airflow/.local/lib/python3.8/site-packages/airflow/example_dags/example_branch_python_dop_operator_3.py for tasks to queue
[2023-12-06T09:39:51.506+0000] {logging_mixin.py:154} INFO - [2023-12-06T09:39:51.505+0000] {dagbag.py:536} INFO - Filling up the DagBag from /home/airflow/.local/lib/python3.8/site-packages/airflow/example_dags/example_branch_python_dop_operator_3.py
[2023-12-06T09:39:51.516+0000] {processor.py:839} INFO - DAG(s) dict_keys(['example_branch_dop_operator_v3']) retrieved from /home/airflow/.local/lib/python3.8/site-packages/airflow/example_dags/example_branch_python_dop_operator_3.py
[2023-12-06T09:39:51.537+0000] {logging_mixin.py:154} INFO - [2023-12-06T09:39:51.536+0000] {dag.py:2941} INFO - Sync 1 DAGs
[2023-12-06T09:39:51.563+0000] {logging_mixin.py:154} INFO - [2023-12-06T09:39:51.563+0000] {dag.py:3722} INFO - Setting next_dagrun for example_branch_dop_operator_v3 to 2023-12-06T09:38:00+00:00, run_after=2023-12-06T09:39:00+00:00
[2023-12-06T09:39:51.580+0000] {processor.py:179} INFO - Processing /home/airflow/.local/lib/python3.8/site-packages/airflow/example_dags/example_branch_python_dop_operator_3.py took 0.082 seconds
[2023-12-06T09:40:21.693+0000] {processor.py:157} INFO - Started process (PID=506) to work on /home/airflow/.local/lib/python3.8/site-packages/airflow/example_dags/example_branch_python_dop_operator_3.py
[2023-12-06T09:40:21.695+0000] {processor.py:829} INFO - Processing file /home/airflow/.local/lib/python3.8/site-packages/airflow/example_dags/example_branch_python_dop_operator_3.py for tasks to queue
[2023-12-06T09:40:21.698+0000] {logging_mixin.py:154} INFO - [2023-12-06T09:40:21.698+0000] {dagbag.py:536} INFO - Filling up the DagBag from /home/airflow/.local/lib/python3.8/site-packages/airflow/example_dags/example_branch_python_dop_operator_3.py
[2023-12-06T09:40:21.708+0000] {processor.py:839} INFO - DAG(s) dict_keys(['example_branch_dop_operator_v3']) retrieved from /home/airflow/.local/lib/python3.8/site-packages/airflow/example_dags/example_branch_python_dop_operator_3.py
[2023-12-06T09:40:21.730+0000] {logging_mixin.py:154} INFO - [2023-12-06T09:40:21.730+0000] {dag.py:2941} INFO - Sync 1 DAGs
[2023-12-06T09:40:21.758+0000] {logging_mixin.py:154} INFO - [2023-12-06T09:40:21.758+0000] {dag.py:3722} INFO - Setting next_dagrun for example_branch_dop_operator_v3 to 2023-12-06T09:39:00+00:00, run_after=2023-12-06T09:40:00+00:00
[2023-12-06T09:40:21.776+0000] {processor.py:179} INFO - Processing /home/airflow/.local/lib/python3.8/site-packages/airflow/example_dags/example_branch_python_dop_operator_3.py took 0.087 seconds
[2023-12-06T09:40:51.890+0000] {processor.py:157} INFO - Started process (PID=560) to work on /home/airflow/.local/lib/python3.8/site-packages/airflow/example_dags/example_branch_python_dop_operator_3.py
[2023-12-06T09:40:51.892+0000] {processor.py:829} INFO - Processing file /home/airflow/.local/lib/python3.8/site-packages/airflow/example_dags/example_branch_python_dop_operator_3.py for tasks to queue
[2023-12-06T09:40:51.895+0000] {logging_mixin.py:154} INFO - [2023-12-06T09:40:51.894+0000] {dagbag.py:536} INFO - Filling up the DagBag from /home/airflow/.local/lib/python3.8/site-packages/airflow/example_dags/example_branch_python_dop_operator_3.py
[2023-12-06T09:40:51.905+0000] {processor.py:839} INFO - DAG(s) dict_keys(['example_branch_dop_operator_v3']) retrieved from /home/airflow/.local/lib/python3.8/site-packages/airflow/example_dags/example_branch_python_dop_operator_3.py
[2023-12-06T09:40:51.927+0000] {logging_mixin.py:154} INFO - [2023-12-06T09:40:51.926+0000] {dag.py:2941} INFO - Sync 1 DAGs
[2023-12-06T09:40:51.954+0000] {logging_mixin.py:154} INFO - [2023-12-06T09:40:51.953+0000] {dag.py:3722} INFO - Setting next_dagrun for example_branch_dop_operator_v3 to 2023-12-06T09:39:00+00:00, run_after=2023-12-06T09:40:00+00:00
[2023-12-06T09:40:51.972+0000] {processor.py:179} INFO - Processing /home/airflow/.local/lib/python3.8/site-packages/airflow/example_dags/example_branch_python_dop_operator_3.py took 0.086 seconds
[2023-12-06T09:41:22.230+0000] {processor.py:157} INFO - Started process (PID=614) to work on /home/airflow/.local/lib/python3.8/site-packages/airflow/example_dags/example_branch_python_dop_operator_3.py
[2023-12-06T09:41:22.232+0000] {processor.py:829} INFO - Processing file /home/airflow/.local/lib/python3.8/site-packages/airflow/example_dags/example_branch_python_dop_operator_3.py for tasks to queue
[2023-12-06T09:41:22.234+0000] {logging_mixin.py:154} INFO - [2023-12-06T09:41:22.234+0000] {dagbag.py:536} INFO - Filling up the DagBag from /home/airflow/.local/lib/python3.8/site-packages/airflow/example_dags/example_branch_python_dop_operator_3.py
[2023-12-06T09:41:22.245+0000] {processor.py:839} INFO - DAG(s) dict_keys(['example_branch_dop_operator_v3']) retrieved from /home/airflow/.local/lib/python3.8/site-packages/airflow/example_dags/example_branch_python_dop_operator_3.py
[2023-12-06T09:41:22.272+0000] {logging_mixin.py:154} INFO - [2023-12-06T09:41:22.272+0000] {dag.py:2941} INFO - Sync 1 DAGs
[2023-12-06T09:41:22.305+0000] {logging_mixin.py:154} INFO - [2023-12-06T09:41:22.305+0000] {dag.py:3722} INFO - Setting next_dagrun for example_branch_dop_operator_v3 to 2023-12-06T09:40:00+00:00, run_after=2023-12-06T09:41:00+00:00
[2023-12-06T09:41:22.379+0000] {processor.py:179} INFO - Processing /home/airflow/.local/lib/python3.8/site-packages/airflow/example_dags/example_branch_python_dop_operator_3.py took 0.152 seconds
[2023-12-06T09:41:52.558+0000] {processor.py:157} INFO - Started process (PID=668) to work on /home/airflow/.local/lib/python3.8/site-packages/airflow/example_dags/example_branch_python_dop_operator_3.py
[2023-12-06T09:41:52.564+0000] {processor.py:829} INFO - Processing file /home/airflow/.local/lib/python3.8/site-packages/airflow/example_dags/example_branch_python_dop_operator_3.py for tasks to queue
[2023-12-06T09:41:52.585+0000] {logging_mixin.py:154} INFO - [2023-12-06T09:41:52.584+0000] {dagbag.py:536} INFO - Filling up the DagBag from /home/airflow/.local/lib/python3.8/site-packages/airflow/example_dags/example_branch_python_dop_operator_3.py
[2023-12-06T09:41:52.615+0000] {processor.py:839} INFO - DAG(s) dict_keys(['example_branch_dop_operator_v3']) retrieved from /home/airflow/.local/lib/python3.8/site-packages/airflow/example_dags/example_branch_python_dop_operator_3.py
[2023-12-06T09:41:52.640+0000] {logging_mixin.py:154} INFO - [2023-12-06T09:41:52.639+0000] {dag.py:2941} INFO - Sync 1 DAGs
[2023-12-06T09:41:52.668+0000] {logging_mixin.py:154} INFO - [2023-12-06T09:41:52.668+0000] {dag.py:3722} INFO - Setting next_dagrun for example_branch_dop_operator_v3 to 2023-12-06T09:40:00+00:00, run_after=2023-12-06T09:41:00+00:00
[2023-12-06T09:41:52.687+0000] {processor.py:179} INFO - Processing /home/airflow/.local/lib/python3.8/site-packages/airflow/example_dags/example_branch_python_dop_operator_3.py took 0.133 seconds
[2023-12-06T09:42:23.132+0000] {processor.py:157} INFO - Started process (PID=722) to work on /home/airflow/.local/lib/python3.8/site-packages/airflow/example_dags/example_branch_python_dop_operator_3.py
[2023-12-06T09:42:23.133+0000] {processor.py:829} INFO - Processing file /home/airflow/.local/lib/python3.8/site-packages/airflow/example_dags/example_branch_python_dop_operator_3.py for tasks to queue
[2023-12-06T09:42:23.136+0000] {logging_mixin.py:154} INFO - [2023-12-06T09:42:23.136+0000] {dagbag.py:536} INFO - Filling up the DagBag from /home/airflow/.local/lib/python3.8/site-packages/airflow/example_dags/example_branch_python_dop_operator_3.py
[2023-12-06T09:42:23.146+0000] {processor.py:839} INFO - DAG(s) dict_keys(['example_branch_dop_operator_v3']) retrieved from /home/airflow/.local/lib/python3.8/site-packages/airflow/example_dags/example_branch_python_dop_operator_3.py
[2023-12-06T09:42:23.167+0000] {logging_mixin.py:154} INFO - [2023-12-06T09:42:23.167+0000] {dag.py:2941} INFO - Sync 1 DAGs
[2023-12-06T09:42:23.194+0000] {logging_mixin.py:154} INFO - [2023-12-06T09:42:23.194+0000] {dag.py:3722} INFO - Setting next_dagrun for example_branch_dop_operator_v3 to 2023-12-06T09:41:00+00:00, run_after=2023-12-06T09:42:00+00:00
[2023-12-06T09:42:23.211+0000] {processor.py:179} INFO - Processing /home/airflow/.local/lib/python3.8/site-packages/airflow/example_dags/example_branch_python_dop_operator_3.py took 0.083 seconds
[2023-12-06T09:42:53.463+0000] {processor.py:157} INFO - Started process (PID=776) to work on /home/airflow/.local/lib/python3.8/site-packages/airflow/example_dags/example_branch_python_dop_operator_3.py
[2023-12-06T09:42:53.465+0000] {processor.py:829} INFO - Processing file /home/airflow/.local/lib/python3.8/site-packages/airflow/example_dags/example_branch_python_dop_operator_3.py for tasks to queue
[2023-12-06T09:42:53.468+0000] {logging_mixin.py:154} INFO - [2023-12-06T09:42:53.467+0000] {dagbag.py:536} INFO - Filling up the DagBag from /home/airflow/.local/lib/python3.8/site-packages/airflow/example_dags/example_branch_python_dop_operator_3.py
[2023-12-06T09:42:53.478+0000] {processor.py:839} INFO - DAG(s) dict_keys(['example_branch_dop_operator_v3']) retrieved from /home/airflow/.local/lib/python3.8/site-packages/airflow/example_dags/example_branch_python_dop_operator_3.py
[2023-12-06T09:42:53.501+0000] {logging_mixin.py:154} INFO - [2023-12-06T09:42:53.501+0000] {dag.py:2941} INFO - Sync 1 DAGs
[2023-12-06T09:42:53.531+0000] {logging_mixin.py:154} INFO - [2023-12-06T09:42:53.531+0000] {dag.py:3722} INFO - Setting next_dagrun for example_branch_dop_operator_v3 to 2023-12-06T09:41:00+00:00, run_after=2023-12-06T09:42:00+00:00
[2023-12-06T09:42:53.550+0000] {processor.py:179} INFO - Processing /home/airflow/.local/lib/python3.8/site-packages/airflow/example_dags/example_branch_python_dop_operator_3.py took 0.091 seconds
[2023-12-06T09:43:24.414+0000] {processor.py:157} INFO - Started process (PID=831) to work on /home/airflow/.local/lib/python3.8/site-packages/airflow/example_dags/example_branch_python_dop_operator_3.py
[2023-12-06T09:43:24.416+0000] {processor.py:829} INFO - Processing file /home/airflow/.local/lib/python3.8/site-packages/airflow/example_dags/example_branch_python_dop_operator_3.py for tasks to queue
[2023-12-06T09:43:24.418+0000] {logging_mixin.py:154} INFO - [2023-12-06T09:43:24.418+0000] {dagbag.py:536} INFO - Filling up the DagBag from /home/airflow/.local/lib/python3.8/site-packages/airflow/example_dags/example_branch_python_dop_operator_3.py
[2023-12-06T09:43:24.428+0000] {processor.py:839} INFO - DAG(s) dict_keys(['example_branch_dop_operator_v3']) retrieved from /home/airflow/.local/lib/python3.8/site-packages/airflow/example_dags/example_branch_python_dop_operator_3.py
[2023-12-06T09:43:24.450+0000] {logging_mixin.py:154} INFO - [2023-12-06T09:43:24.450+0000] {dag.py:2941} INFO - Sync 1 DAGs
[2023-12-06T09:43:24.477+0000] {logging_mixin.py:154} INFO - [2023-12-06T09:43:24.477+0000] {dag.py:3722} INFO - Setting next_dagrun for example_branch_dop_operator_v3 to 2023-12-06T09:42:00+00:00, run_after=2023-12-06T09:43:00+00:00
[2023-12-06T09:43:24.496+0000] {processor.py:179} INFO - Processing /home/airflow/.local/lib/python3.8/site-packages/airflow/example_dags/example_branch_python_dop_operator_3.py took 0.086 seconds
[2023-12-06T09:43:54.581+0000] {processor.py:157} INFO - Started process (PID=885) to work on /home/airflow/.local/lib/python3.8/site-packages/airflow/example_dags/example_branch_python_dop_operator_3.py
[2023-12-06T09:43:54.583+0000] {processor.py:829} INFO - Processing file /home/airflow/.local/lib/python3.8/site-packages/airflow/example_dags/example_branch_python_dop_operator_3.py for tasks to queue
[2023-12-06T09:43:54.585+0000] {logging_mixin.py:154} INFO - [2023-12-06T09:43:54.585+0000] {dagbag.py:536} INFO - Filling up the DagBag from /home/airflow/.local/lib/python3.8/site-packages/airflow/example_dags/example_branch_python_dop_operator_3.py
[2023-12-06T09:43:54.595+0000] {processor.py:839} INFO - DAG(s) dict_keys(['example_branch_dop_operator_v3']) retrieved from /home/airflow/.local/lib/python3.8/site-packages/airflow/example_dags/example_branch_python_dop_operator_3.py
[2023-12-06T09:43:54.618+0000] {logging_mixin.py:154} INFO - [2023-12-06T09:43:54.618+0000] {dag.py:2941} INFO - Sync 1 DAGs
[2023-12-06T09:43:54.647+0000] {logging_mixin.py:154} INFO - [2023-12-06T09:43:54.646+0000] {dag.py:3722} INFO - Setting next_dagrun for example_branch_dop_operator_v3 to 2023-12-06T09:42:00+00:00, run_after=2023-12-06T09:43:00+00:00
[2023-12-06T09:43:54.664+0000] {processor.py:179} INFO - Processing /home/airflow/.local/lib/python3.8/site-packages/airflow/example_dags/example_branch_python_dop_operator_3.py took 0.087 seconds
[2023-12-06T09:44:24.867+0000] {processor.py:157} INFO - Started process (PID=939) to work on /home/airflow/.local/lib/python3.8/site-packages/airflow/example_dags/example_branch_python_dop_operator_3.py
[2023-12-06T09:44:24.868+0000] {processor.py:829} INFO - Processing file /home/airflow/.local/lib/python3.8/site-packages/airflow/example_dags/example_branch_python_dop_operator_3.py for tasks to queue
[2023-12-06T09:44:24.871+0000] {logging_mixin.py:154} INFO - [2023-12-06T09:44:24.871+0000] {dagbag.py:536} INFO - Filling up the DagBag from /home/airflow/.local/lib/python3.8/site-packages/airflow/example_dags/example_branch_python_dop_operator_3.py
[2023-12-06T09:44:24.881+0000] {processor.py:839} INFO - DAG(s) dict_keys(['example_branch_dop_operator_v3']) retrieved from /home/airflow/.local/lib/python3.8/site-packages/airflow/example_dags/example_branch_python_dop_operator_3.py
[2023-12-06T09:44:24.904+0000] {logging_mixin.py:154} INFO - [2023-12-06T09:44:24.904+0000] {dag.py:2941} INFO - Sync 1 DAGs
[2023-12-06T09:44:24.932+0000] {logging_mixin.py:154} INFO - [2023-12-06T09:44:24.932+0000] {dag.py:3722} INFO - Setting next_dagrun for example_branch_dop_operator_v3 to 2023-12-06T09:43:00+00:00, run_after=2023-12-06T09:44:00+00:00
[2023-12-06T09:44:24.952+0000] {processor.py:179} INFO - Processing /home/airflow/.local/lib/python3.8/site-packages/airflow/example_dags/example_branch_python_dop_operator_3.py took 0.089 seconds
[2023-12-06T09:44:55.065+0000] {processor.py:157} INFO - Started process (PID=993) to work on /home/airflow/.local/lib/python3.8/site-packages/airflow/example_dags/example_branch_python_dop_operator_3.py
[2023-12-06T09:44:55.067+0000] {processor.py:829} INFO - Processing file /home/airflow/.local/lib/python3.8/site-packages/airflow/example_dags/example_branch_python_dop_operator_3.py for tasks to queue
[2023-12-06T09:44:55.069+0000] {logging_mixin.py:154} INFO - [2023-12-06T09:44:55.069+0000] {dagbag.py:536} INFO - Filling up the DagBag from /home/airflow/.local/lib/python3.8/site-packages/airflow/example_dags/example_branch_python_dop_operator_3.py
[2023-12-06T09:44:55.080+0000] {processor.py:839} INFO - DAG(s) dict_keys(['example_branch_dop_operator_v3']) retrieved from /home/airflow/.local/lib/python3.8/site-packages/airflow/example_dags/example_branch_python_dop_operator_3.py
[2023-12-06T09:44:55.101+0000] {logging_mixin.py:154} INFO - [2023-12-06T09:44:55.101+0000] {dag.py:2941} INFO - Sync 1 DAGs
[2023-12-06T09:44:55.129+0000] {logging_mixin.py:154} INFO - [2023-12-06T09:44:55.129+0000] {dag.py:3722} INFO - Setting next_dagrun for example_branch_dop_operator_v3 to 2023-12-06T09:43:00+00:00, run_after=2023-12-06T09:44:00+00:00
[2023-12-06T09:44:55.149+0000] {processor.py:179} INFO - Processing /home/airflow/.local/lib/python3.8/site-packages/airflow/example_dags/example_branch_python_dop_operator_3.py took 0.088 seconds
[2023-12-06T09:45:25.236+0000] {processor.py:157} INFO - Started process (PID=1046) to work on /home/airflow/.local/lib/python3.8/site-packages/airflow/example_dags/example_branch_python_dop_operator_3.py
[2023-12-06T09:45:25.237+0000] {processor.py:829} INFO - Processing file /home/airflow/.local/lib/python3.8/site-packages/airflow/example_dags/example_branch_python_dop_operator_3.py for tasks to queue
[2023-12-06T09:45:25.241+0000] {logging_mixin.py:154} INFO - [2023-12-06T09:45:25.240+0000] {dagbag.py:536} INFO - Filling up the DagBag from /home/airflow/.local/lib/python3.8/site-packages/airflow/example_dags/example_branch_python_dop_operator_3.py
[2023-12-06T09:45:25.250+0000] {processor.py:839} INFO - DAG(s) dict_keys(['example_branch_dop_operator_v3']) retrieved from /home/airflow/.local/lib/python3.8/site-packages/airflow/example_dags/example_branch_python_dop_operator_3.py
[2023-12-06T09:45:25.269+0000] {logging_mixin.py:154} INFO - [2023-12-06T09:45:25.269+0000] {dag.py:2941} INFO - Sync 1 DAGs
[2023-12-06T09:45:25.296+0000] {logging_mixin.py:154} INFO - [2023-12-06T09:45:25.296+0000] {dag.py:3722} INFO - Setting next_dagrun for example_branch_dop_operator_v3 to 2023-12-06T09:44:00+00:00, run_after=2023-12-06T09:45:00+00:00
[2023-12-06T09:45:25.314+0000] {processor.py:179} INFO - Processing /home/airflow/.local/lib/python3.8/site-packages/airflow/example_dags/example_branch_python_dop_operator_3.py took 0.082 seconds
[2023-12-06T09:45:55.372+0000] {processor.py:157} INFO - Started process (PID=1112) to work on /home/airflow/.local/lib/python3.8/site-packages/airflow/example_dags/example_branch_python_dop_operator_3.py
[2023-12-06T09:45:55.374+0000] {processor.py:829} INFO - Processing file /home/airflow/.local/lib/python3.8/site-packages/airflow/example_dags/example_branch_python_dop_operator_3.py for tasks to queue
[2023-12-06T09:45:55.376+0000] {logging_mixin.py:154} INFO - [2023-12-06T09:45:55.376+0000] {dagbag.py:536} INFO - Filling up the DagBag from /home/airflow/.local/lib/python3.8/site-packages/airflow/example_dags/example_branch_python_dop_operator_3.py
[2023-12-06T09:45:55.387+0000] {processor.py:839} INFO - DAG(s) dict_keys(['example_branch_dop_operator_v3']) retrieved from /home/airflow/.local/lib/python3.8/site-packages/airflow/example_dags/example_branch_python_dop_operator_3.py
[2023-12-06T09:45:55.409+0000] {logging_mixin.py:154} INFO - [2023-12-06T09:45:55.408+0000] {dag.py:2941} INFO - Sync 1 DAGs
[2023-12-06T09:45:55.437+0000] {logging_mixin.py:154} INFO - [2023-12-06T09:45:55.436+0000] {dag.py:3722} INFO - Setting next_dagrun for example_branch_dop_operator_v3 to 2023-12-06T09:44:00+00:00, run_after=2023-12-06T09:45:00+00:00
[2023-12-06T09:45:55.454+0000] {processor.py:179} INFO - Processing /home/airflow/.local/lib/python3.8/site-packages/airflow/example_dags/example_branch_python_dop_operator_3.py took 0.085 seconds
[2023-12-06T09:46:25.960+0000] {processor.py:157} INFO - Started process (PID=1170) to work on /home/airflow/.local/lib/python3.8/site-packages/airflow/example_dags/example_branch_python_dop_operator_3.py
[2023-12-06T09:46:25.961+0000] {processor.py:829} INFO - Processing file /home/airflow/.local/lib/python3.8/site-packages/airflow/example_dags/example_branch_python_dop_operator_3.py for tasks to queue
[2023-12-06T09:46:25.964+0000] {logging_mixin.py:154} INFO - [2023-12-06T09:46:25.964+0000] {dagbag.py:536} INFO - Filling up the DagBag from /home/airflow/.local/lib/python3.8/site-packages/airflow/example_dags/example_branch_python_dop_operator_3.py
[2023-12-06T09:46:25.974+0000] {processor.py:839} INFO - DAG(s) dict_keys(['example_branch_dop_operator_v3']) retrieved from /home/airflow/.local/lib/python3.8/site-packages/airflow/example_dags/example_branch_python_dop_operator_3.py
[2023-12-06T09:46:25.996+0000] {logging_mixin.py:154} INFO - [2023-12-06T09:46:25.996+0000] {dag.py:2941} INFO - Sync 1 DAGs
[2023-12-06T09:46:26.026+0000] {logging_mixin.py:154} INFO - [2023-12-06T09:46:26.026+0000] {dag.py:3722} INFO - Setting next_dagrun for example_branch_dop_operator_v3 to 2023-12-06T09:45:00+00:00, run_after=2023-12-06T09:46:00+00:00
[2023-12-06T09:46:26.047+0000] {processor.py:179} INFO - Processing /home/airflow/.local/lib/python3.8/site-packages/airflow/example_dags/example_branch_python_dop_operator_3.py took 0.091 seconds
[2023-12-06T09:46:56.301+0000] {processor.py:157} INFO - Started process (PID=1225) to work on /home/airflow/.local/lib/python3.8/site-packages/airflow/example_dags/example_branch_python_dop_operator_3.py
[2023-12-06T09:46:56.302+0000] {processor.py:829} INFO - Processing file /home/airflow/.local/lib/python3.8/site-packages/airflow/example_dags/example_branch_python_dop_operator_3.py for tasks to queue
[2023-12-06T09:46:56.305+0000] {logging_mixin.py:154} INFO - [2023-12-06T09:46:56.305+0000] {dagbag.py:536} INFO - Filling up the DagBag from /home/airflow/.local/lib/python3.8/site-packages/airflow/example_dags/example_branch_python_dop_operator_3.py
[2023-12-06T09:46:56.315+0000] {processor.py:839} INFO - DAG(s) dict_keys(['example_branch_dop_operator_v3']) retrieved from /home/airflow/.local/lib/python3.8/site-packages/airflow/example_dags/example_branch_python_dop_operator_3.py
[2023-12-06T09:46:56.336+0000] {logging_mixin.py:154} INFO - [2023-12-06T09:46:56.336+0000] {dag.py:2941} INFO - Sync 1 DAGs
[2023-12-06T09:46:56.363+0000] {logging_mixin.py:154} INFO - [2023-12-06T09:46:56.363+0000] {dag.py:3722} INFO - Setting next_dagrun for example_branch_dop_operator_v3 to 2023-12-06T09:45:00+00:00, run_after=2023-12-06T09:46:00+00:00
[2023-12-06T09:46:56.381+0000] {processor.py:179} INFO - Processing /home/airflow/.local/lib/python3.8/site-packages/airflow/example_dags/example_branch_python_dop_operator_3.py took 0.084 seconds
[2023-12-06T09:47:26.590+0000] {processor.py:157} INFO - Started process (PID=1280) to work on /home/airflow/.local/lib/python3.8/site-packages/airflow/example_dags/example_branch_python_dop_operator_3.py
[2023-12-06T09:47:26.591+0000] {processor.py:829} INFO - Processing file /home/airflow/.local/lib/python3.8/site-packages/airflow/example_dags/example_branch_python_dop_operator_3.py for tasks to queue
[2023-12-06T09:47:26.593+0000] {logging_mixin.py:154} INFO - [2023-12-06T09:47:26.593+0000] {dagbag.py:536} INFO - Filling up the DagBag from /home/airflow/.local/lib/python3.8/site-packages/airflow/example_dags/example_branch_python_dop_operator_3.py
[2023-12-06T09:47:26.603+0000] {processor.py:839} INFO - DAG(s) dict_keys(['example_branch_dop_operator_v3']) retrieved from /home/airflow/.local/lib/python3.8/site-packages/airflow/example_dags/example_branch_python_dop_operator_3.py
[2023-12-06T09:47:26.627+0000] {logging_mixin.py:154} INFO - [2023-12-06T09:47:26.626+0000] {dag.py:2941} INFO - Sync 1 DAGs
[2023-12-06T09:47:26.654+0000] {logging_mixin.py:154} INFO - [2023-12-06T09:47:26.654+0000] {dag.py:3722} INFO - Setting next_dagrun for example_branch_dop_operator_v3 to 2023-12-06T09:46:00+00:00, run_after=2023-12-06T09:47:00+00:00
[2023-12-06T09:47:26.672+0000] {processor.py:179} INFO - Processing /home/airflow/.local/lib/python3.8/site-packages/airflow/example_dags/example_branch_python_dop_operator_3.py took 0.086 seconds
[2023-12-06T09:47:57.250+0000] {processor.py:157} INFO - Started process (PID=1339) to work on /home/airflow/.local/lib/python3.8/site-packages/airflow/example_dags/example_branch_python_dop_operator_3.py
[2023-12-06T09:47:57.252+0000] {processor.py:829} INFO - Processing file /home/airflow/.local/lib/python3.8/site-packages/airflow/example_dags/example_branch_python_dop_operator_3.py for tasks to queue
[2023-12-06T09:47:57.253+0000] {logging_mixin.py:154} INFO - [2023-12-06T09:47:57.253+0000] {dagbag.py:536} INFO - Filling up the DagBag from /home/airflow/.local/lib/python3.8/site-packages/airflow/example_dags/example_branch_python_dop_operator_3.py
[2023-12-06T09:47:57.263+0000] {processor.py:839} INFO - DAG(s) dict_keys(['example_branch_dop_operator_v3']) retrieved from /home/airflow/.local/lib/python3.8/site-packages/airflow/example_dags/example_branch_python_dop_operator_3.py
[2023-12-06T09:47:57.287+0000] {logging_mixin.py:154} INFO - [2023-12-06T09:47:57.287+0000] {dag.py:2941} INFO - Sync 1 DAGs
[2023-12-06T09:47:57.315+0000] {logging_mixin.py:154} INFO - [2023-12-06T09:47:57.315+0000] {dag.py:3722} INFO - Setting next_dagrun for example_branch_dop_operator_v3 to 2023-12-06T09:46:00+00:00, run_after=2023-12-06T09:47:00+00:00
[2023-12-06T09:47:57.335+0000] {processor.py:179} INFO - Processing /home/airflow/.local/lib/python3.8/site-packages/airflow/example_dags/example_branch_python_dop_operator_3.py took 0.088 seconds
[2023-12-06T09:48:29.472+0000] {processor.py:157} INFO - Started process (PID=1408) to work on /home/airflow/.local/lib/python3.8/site-packages/airflow/example_dags/example_branch_python_dop_operator_3.py
[2023-12-06T09:48:29.474+0000] {processor.py:829} INFO - Processing file /home/airflow/.local/lib/python3.8/site-packages/airflow/example_dags/example_branch_python_dop_operator_3.py for tasks to queue
[2023-12-06T09:48:29.475+0000] {logging_mixin.py:154} INFO - [2023-12-06T09:48:29.475+0000] {dagbag.py:536} INFO - Filling up the DagBag from /home/airflow/.local/lib/python3.8/site-packages/airflow/example_dags/example_branch_python_dop_operator_3.py
[2023-12-06T09:48:29.488+0000] {processor.py:839} INFO - DAG(s) dict_keys(['example_branch_dop_operator_v3']) retrieved from /home/airflow/.local/lib/python3.8/site-packages/airflow/example_dags/example_branch_python_dop_operator_3.py
[2023-12-06T09:48:29.515+0000] {logging_mixin.py:154} INFO - [2023-12-06T09:48:29.515+0000] {dag.py:2941} INFO - Sync 1 DAGs
[2023-12-06T09:48:29.683+0000] {logging_mixin.py:154} INFO - [2023-12-06T09:48:29.683+0000] {dag.py:3722} INFO - Setting next_dagrun for example_branch_dop_operator_v3 to 2023-12-06T09:47:00+00:00, run_after=2023-12-06T09:48:00+00:00
[2023-12-06T09:48:29.705+0000] {processor.py:179} INFO - Processing /home/airflow/.local/lib/python3.8/site-packages/airflow/example_dags/example_branch_python_dop_operator_3.py took 0.238 seconds
[2023-12-06T09:49:00.361+0000] {processor.py:157} INFO - Started process (PID=1464) to work on /home/airflow/.local/lib/python3.8/site-packages/airflow/example_dags/example_branch_python_dop_operator_3.py
[2023-12-06T09:49:00.363+0000] {processor.py:829} INFO - Processing file /home/airflow/.local/lib/python3.8/site-packages/airflow/example_dags/example_branch_python_dop_operator_3.py for tasks to queue
[2023-12-06T09:49:00.365+0000] {logging_mixin.py:154} INFO - [2023-12-06T09:49:00.364+0000] {dagbag.py:536} INFO - Filling up the DagBag from /home/airflow/.local/lib/python3.8/site-packages/airflow/example_dags/example_branch_python_dop_operator_3.py
[2023-12-06T09:49:00.378+0000] {processor.py:839} INFO - DAG(s) dict_keys(['example_branch_dop_operator_v3']) retrieved from /home/airflow/.local/lib/python3.8/site-packages/airflow/example_dags/example_branch_python_dop_operator_3.py
[2023-12-06T09:49:00.403+0000] {logging_mixin.py:154} INFO - [2023-12-06T09:49:00.403+0000] {dag.py:2941} INFO - Sync 1 DAGs
[2023-12-06T09:49:00.433+0000] {logging_mixin.py:154} INFO - [2023-12-06T09:49:00.433+0000] {dag.py:3722} INFO - Setting next_dagrun for example_branch_dop_operator_v3 to 2023-12-06T09:48:00+00:00, run_after=2023-12-06T09:49:00+00:00
[2023-12-06T09:49:00.453+0000] {processor.py:179} INFO - Processing /home/airflow/.local/lib/python3.8/site-packages/airflow/example_dags/example_branch_python_dop_operator_3.py took 0.099 seconds
[2023-12-06T09:49:30.558+0000] {processor.py:157} INFO - Started process (PID=1520) to work on /home/airflow/.local/lib/python3.8/site-packages/airflow/example_dags/example_branch_python_dop_operator_3.py
[2023-12-06T09:49:30.559+0000] {processor.py:829} INFO - Processing file /home/airflow/.local/lib/python3.8/site-packages/airflow/example_dags/example_branch_python_dop_operator_3.py for tasks to queue
[2023-12-06T09:49:30.560+0000] {logging_mixin.py:154} INFO - [2023-12-06T09:49:30.560+0000] {dagbag.py:536} INFO - Filling up the DagBag from /home/airflow/.local/lib/python3.8/site-packages/airflow/example_dags/example_branch_python_dop_operator_3.py
[2023-12-06T09:49:30.571+0000] {processor.py:839} INFO - DAG(s) dict_keys(['example_branch_dop_operator_v3']) retrieved from /home/airflow/.local/lib/python3.8/site-packages/airflow/example_dags/example_branch_python_dop_operator_3.py
[2023-12-06T09:49:30.595+0000] {logging_mixin.py:154} INFO - [2023-12-06T09:49:30.595+0000] {dag.py:2941} INFO - Sync 1 DAGs
[2023-12-06T09:49:30.624+0000] {logging_mixin.py:154} INFO - [2023-12-06T09:49:30.623+0000] {dag.py:3722} INFO - Setting next_dagrun for example_branch_dop_operator_v3 to 2023-12-06T09:48:00+00:00, run_after=2023-12-06T09:49:00+00:00
[2023-12-06T09:49:30.642+0000] {processor.py:179} INFO - Processing /home/airflow/.local/lib/python3.8/site-packages/airflow/example_dags/example_branch_python_dop_operator_3.py took 0.088 seconds
[2023-12-06T09:50:01.681+0000] {processor.py:157} INFO - Started process (PID=1576) to work on /home/airflow/.local/lib/python3.8/site-packages/airflow/example_dags/example_branch_python_dop_operator_3.py
[2023-12-06T09:50:01.683+0000] {processor.py:829} INFO - Processing file /home/airflow/.local/lib/python3.8/site-packages/airflow/example_dags/example_branch_python_dop_operator_3.py for tasks to queue
[2023-12-06T09:50:01.684+0000] {logging_mixin.py:154} INFO - [2023-12-06T09:50:01.684+0000] {dagbag.py:536} INFO - Filling up the DagBag from /home/airflow/.local/lib/python3.8/site-packages/airflow/example_dags/example_branch_python_dop_operator_3.py
[2023-12-06T09:50:01.695+0000] {processor.py:839} INFO - DAG(s) dict_keys(['example_branch_dop_operator_v3']) retrieved from /home/airflow/.local/lib/python3.8/site-packages/airflow/example_dags/example_branch_python_dop_operator_3.py
[2023-12-06T09:50:01.862+0000] {logging_mixin.py:154} INFO - [2023-12-06T09:50:01.862+0000] {dag.py:2941} INFO - Sync 1 DAGs
[2023-12-06T09:50:01.892+0000] {logging_mixin.py:154} INFO - [2023-12-06T09:50:01.892+0000] {dag.py:3722} INFO - Setting next_dagrun for example_branch_dop_operator_v3 to 2023-12-06T09:49:00+00:00, run_after=2023-12-06T09:50:00+00:00
[2023-12-06T09:50:01.913+0000] {processor.py:179} INFO - Processing /home/airflow/.local/lib/python3.8/site-packages/airflow/example_dags/example_branch_python_dop_operator_3.py took 0.236 seconds
[2023-12-06T09:50:32.719+0000] {processor.py:157} INFO - Started process (PID=1631) to work on /home/airflow/.local/lib/python3.8/site-packages/airflow/example_dags/example_branch_python_dop_operator_3.py
[2023-12-06T09:50:32.722+0000] {processor.py:829} INFO - Processing file /home/airflow/.local/lib/python3.8/site-packages/airflow/example_dags/example_branch_python_dop_operator_3.py for tasks to queue
[2023-12-06T09:50:32.724+0000] {logging_mixin.py:154} INFO - [2023-12-06T09:50:32.723+0000] {dagbag.py:536} INFO - Filling up the DagBag from /home/airflow/.local/lib/python3.8/site-packages/airflow/example_dags/example_branch_python_dop_operator_3.py
[2023-12-06T09:50:32.735+0000] {processor.py:839} INFO - DAG(s) dict_keys(['example_branch_dop_operator_v3']) retrieved from /home/airflow/.local/lib/python3.8/site-packages/airflow/example_dags/example_branch_python_dop_operator_3.py
[2023-12-06T09:50:32.758+0000] {logging_mixin.py:154} INFO - [2023-12-06T09:50:32.758+0000] {dag.py:2941} INFO - Sync 1 DAGs
[2023-12-06T09:50:32.925+0000] {logging_mixin.py:154} INFO - [2023-12-06T09:50:32.925+0000] {dag.py:3722} INFO - Setting next_dagrun for example_branch_dop_operator_v3 to 2023-12-06T09:49:00+00:00, run_after=2023-12-06T09:50:00+00:00
[2023-12-06T09:50:32.946+0000] {processor.py:179} INFO - Processing /home/airflow/.local/lib/python3.8/site-packages/airflow/example_dags/example_branch_python_dop_operator_3.py took 0.231 seconds
