[2023-12-06T09:36:17.383+0000] {processor.py:157} INFO - Started process (PID=72) to work on /home/airflow/.local/lib/python3.8/site-packages/airflow/example_dags/example_dag_decorator.py
[2023-12-06T09:36:17.385+0000] {processor.py:829} INFO - Processing file /home/airflow/.local/lib/python3.8/site-packages/airflow/example_dags/example_dag_decorator.py for tasks to queue
[2023-12-06T09:36:17.388+0000] {logging_mixin.py:154} INFO - [2023-12-06T09:36:17.388+0000] {dagbag.py:536} INFO - Filling up the DagBag from /home/airflow/.local/lib/python3.8/site-packages/airflow/example_dags/example_dag_decorator.py
[2023-12-06T09:36:17.544+0000] {processor.py:839} INFO - DAG(s) dict_keys(['example_dag_decorator']) retrieved from /home/airflow/.local/lib/python3.8/site-packages/airflow/example_dags/example_dag_decorator.py
[2023-12-06T09:36:17.642+0000] {logging_mixin.py:154} INFO - [2023-12-06T09:36:17.642+0000] {manager.py:499} INFO - Created Permission View: %s
[2023-12-06T09:36:17.652+0000] {logging_mixin.py:154} INFO - [2023-12-06T09:36:17.652+0000] {manager.py:499} INFO - Created Permission View: %s
[2023-12-06T09:36:17.658+0000] {logging_mixin.py:154} INFO - [2023-12-06T09:36:17.658+0000] {manager.py:499} INFO - Created Permission View: %s
[2023-12-06T09:36:17.659+0000] {logging_mixin.py:154} INFO - [2023-12-06T09:36:17.659+0000] {dag.py:2941} INFO - Sync 1 DAGs
[2023-12-06T09:36:17.670+0000] {logging_mixin.py:154} INFO - [2023-12-06T09:36:17.670+0000] {dag.py:2963} INFO - Creating ORM DAG for example_dag_decorator
[2023-12-06T09:36:17.671+0000] {logging_mixin.py:154} INFO - [2023-12-06T09:36:17.671+0000] {dag.py:3722} INFO - Setting next_dagrun for example_dag_decorator to None, run_after=None
[2023-12-06T09:36:17.686+0000] {processor.py:179} INFO - Processing /home/airflow/.local/lib/python3.8/site-packages/airflow/example_dags/example_dag_decorator.py took 0.307 seconds
[2023-12-06T09:36:48.565+0000] {processor.py:157} INFO - Started process (PID=126) to work on /home/airflow/.local/lib/python3.8/site-packages/airflow/example_dags/example_dag_decorator.py
[2023-12-06T09:36:48.567+0000] {processor.py:829} INFO - Processing file /home/airflow/.local/lib/python3.8/site-packages/airflow/example_dags/example_dag_decorator.py for tasks to queue
[2023-12-06T09:36:48.570+0000] {logging_mixin.py:154} INFO - [2023-12-06T09:36:48.570+0000] {dagbag.py:536} INFO - Filling up the DagBag from /home/airflow/.local/lib/python3.8/site-packages/airflow/example_dags/example_dag_decorator.py
[2023-12-06T09:36:48.645+0000] {processor.py:839} INFO - DAG(s) dict_keys(['example_dag_decorator']) retrieved from /home/airflow/.local/lib/python3.8/site-packages/airflow/example_dags/example_dag_decorator.py
[2023-12-06T09:36:48.877+0000] {logging_mixin.py:154} INFO - [2023-12-06T09:36:48.876+0000] {dag.py:2941} INFO - Sync 1 DAGs
[2023-12-06T09:36:48.894+0000] {logging_mixin.py:154} INFO - [2023-12-06T09:36:48.894+0000] {dag.py:3722} INFO - Setting next_dagrun for example_dag_decorator to None, run_after=None
[2023-12-06T09:36:48.914+0000] {processor.py:179} INFO - Processing /home/airflow/.local/lib/python3.8/site-packages/airflow/example_dags/example_dag_decorator.py took 0.354 seconds
[2023-12-06T09:37:19.348+0000] {processor.py:157} INFO - Started process (PID=180) to work on /home/airflow/.local/lib/python3.8/site-packages/airflow/example_dags/example_dag_decorator.py
[2023-12-06T09:37:19.350+0000] {processor.py:829} INFO - Processing file /home/airflow/.local/lib/python3.8/site-packages/airflow/example_dags/example_dag_decorator.py for tasks to queue
[2023-12-06T09:37:19.353+0000] {logging_mixin.py:154} INFO - [2023-12-06T09:37:19.353+0000] {dagbag.py:536} INFO - Filling up the DagBag from /home/airflow/.local/lib/python3.8/site-packages/airflow/example_dags/example_dag_decorator.py
[2023-12-06T09:37:19.425+0000] {processor.py:839} INFO - DAG(s) dict_keys(['example_dag_decorator']) retrieved from /home/airflow/.local/lib/python3.8/site-packages/airflow/example_dags/example_dag_decorator.py
[2023-12-06T09:37:19.530+0000] {logging_mixin.py:154} INFO - [2023-12-06T09:37:19.530+0000] {dag.py:2941} INFO - Sync 1 DAGs
[2023-12-06T09:37:19.673+0000] {logging_mixin.py:154} INFO - [2023-12-06T09:37:19.672+0000] {dag.py:3722} INFO - Setting next_dagrun for example_dag_decorator to None, run_after=None
[2023-12-06T09:37:19.695+0000] {processor.py:179} INFO - Processing /home/airflow/.local/lib/python3.8/site-packages/airflow/example_dags/example_dag_decorator.py took 0.352 seconds
[2023-12-06T09:37:50.218+0000] {processor.py:157} INFO - Started process (PID=234) to work on /home/airflow/.local/lib/python3.8/site-packages/airflow/example_dags/example_dag_decorator.py
[2023-12-06T09:37:50.220+0000] {processor.py:829} INFO - Processing file /home/airflow/.local/lib/python3.8/site-packages/airflow/example_dags/example_dag_decorator.py for tasks to queue
[2023-12-06T09:37:50.223+0000] {logging_mixin.py:154} INFO - [2023-12-06T09:37:50.223+0000] {dagbag.py:536} INFO - Filling up the DagBag from /home/airflow/.local/lib/python3.8/site-packages/airflow/example_dags/example_dag_decorator.py
[2023-12-06T09:37:50.295+0000] {processor.py:839} INFO - DAG(s) dict_keys(['example_dag_decorator']) retrieved from /home/airflow/.local/lib/python3.8/site-packages/airflow/example_dags/example_dag_decorator.py
[2023-12-06T09:37:50.400+0000] {logging_mixin.py:154} INFO - [2023-12-06T09:37:50.400+0000] {dag.py:2941} INFO - Sync 1 DAGs
[2023-12-06T09:37:50.411+0000] {logging_mixin.py:154} INFO - [2023-12-06T09:37:50.411+0000] {dag.py:3722} INFO - Setting next_dagrun for example_dag_decorator to None, run_after=None
[2023-12-06T09:37:50.429+0000] {processor.py:179} INFO - Processing /home/airflow/.local/lib/python3.8/site-packages/airflow/example_dags/example_dag_decorator.py took 0.217 seconds
[2023-12-06T09:38:20.959+0000] {processor.py:157} INFO - Started process (PID=288) to work on /home/airflow/.local/lib/python3.8/site-packages/airflow/example_dags/example_dag_decorator.py
[2023-12-06T09:38:20.961+0000] {processor.py:829} INFO - Processing file /home/airflow/.local/lib/python3.8/site-packages/airflow/example_dags/example_dag_decorator.py for tasks to queue
[2023-12-06T09:38:20.964+0000] {logging_mixin.py:154} INFO - [2023-12-06T09:38:20.964+0000] {dagbag.py:536} INFO - Filling up the DagBag from /home/airflow/.local/lib/python3.8/site-packages/airflow/example_dags/example_dag_decorator.py
[2023-12-06T09:38:21.038+0000] {processor.py:839} INFO - DAG(s) dict_keys(['example_dag_decorator']) retrieved from /home/airflow/.local/lib/python3.8/site-packages/airflow/example_dags/example_dag_decorator.py
[2023-12-06T09:38:21.290+0000] {logging_mixin.py:154} INFO - [2023-12-06T09:38:21.290+0000] {dag.py:2941} INFO - Sync 1 DAGs
[2023-12-06T09:38:21.306+0000] {logging_mixin.py:154} INFO - [2023-12-06T09:38:21.306+0000] {dag.py:3722} INFO - Setting next_dagrun for example_dag_decorator to None, run_after=None
[2023-12-06T09:38:21.332+0000] {processor.py:179} INFO - Processing /home/airflow/.local/lib/python3.8/site-packages/airflow/example_dags/example_dag_decorator.py took 0.378 seconds
[2023-12-06T09:38:52.141+0000] {processor.py:157} INFO - Started process (PID=344) to work on /home/airflow/.local/lib/python3.8/site-packages/airflow/example_dags/example_dag_decorator.py
[2023-12-06T09:38:52.142+0000] {processor.py:829} INFO - Processing file /home/airflow/.local/lib/python3.8/site-packages/airflow/example_dags/example_dag_decorator.py for tasks to queue
[2023-12-06T09:38:52.145+0000] {logging_mixin.py:154} INFO - [2023-12-06T09:38:52.145+0000] {dagbag.py:536} INFO - Filling up the DagBag from /home/airflow/.local/lib/python3.8/site-packages/airflow/example_dags/example_dag_decorator.py
[2023-12-06T09:38:52.215+0000] {processor.py:839} INFO - DAG(s) dict_keys(['example_dag_decorator']) retrieved from /home/airflow/.local/lib/python3.8/site-packages/airflow/example_dags/example_dag_decorator.py
[2023-12-06T09:38:52.465+0000] {logging_mixin.py:154} INFO - [2023-12-06T09:38:52.464+0000] {dag.py:2941} INFO - Sync 1 DAGs
[2023-12-06T09:38:52.480+0000] {logging_mixin.py:154} INFO - [2023-12-06T09:38:52.480+0000] {dag.py:3722} INFO - Setting next_dagrun for example_dag_decorator to None, run_after=None
[2023-12-06T09:38:52.505+0000] {processor.py:179} INFO - Processing /home/airflow/.local/lib/python3.8/site-packages/airflow/example_dags/example_dag_decorator.py took 0.367 seconds
[2023-12-06T09:39:23.302+0000] {processor.py:157} INFO - Started process (PID=398) to work on /home/airflow/.local/lib/python3.8/site-packages/airflow/example_dags/example_dag_decorator.py
[2023-12-06T09:39:23.304+0000] {processor.py:829} INFO - Processing file /home/airflow/.local/lib/python3.8/site-packages/airflow/example_dags/example_dag_decorator.py for tasks to queue
[2023-12-06T09:39:23.306+0000] {logging_mixin.py:154} INFO - [2023-12-06T09:39:23.306+0000] {dagbag.py:536} INFO - Filling up the DagBag from /home/airflow/.local/lib/python3.8/site-packages/airflow/example_dags/example_dag_decorator.py
[2023-12-06T09:39:23.375+0000] {processor.py:839} INFO - DAG(s) dict_keys(['example_dag_decorator']) retrieved from /home/airflow/.local/lib/python3.8/site-packages/airflow/example_dags/example_dag_decorator.py
[2023-12-06T09:39:23.478+0000] {logging_mixin.py:154} INFO - [2023-12-06T09:39:23.478+0000] {dag.py:2941} INFO - Sync 1 DAGs
[2023-12-06T09:39:23.492+0000] {logging_mixin.py:154} INFO - [2023-12-06T09:39:23.492+0000] {dag.py:3722} INFO - Setting next_dagrun for example_dag_decorator to None, run_after=None
[2023-12-06T09:39:23.649+0000] {processor.py:179} INFO - Processing /home/airflow/.local/lib/python3.8/site-packages/airflow/example_dags/example_dag_decorator.py took 0.351 seconds
[2023-12-06T09:39:54.562+0000] {processor.py:157} INFO - Started process (PID=452) to work on /home/airflow/.local/lib/python3.8/site-packages/airflow/example_dags/example_dag_decorator.py
[2023-12-06T09:39:54.565+0000] {processor.py:829} INFO - Processing file /home/airflow/.local/lib/python3.8/site-packages/airflow/example_dags/example_dag_decorator.py for tasks to queue
[2023-12-06T09:39:54.568+0000] {logging_mixin.py:154} INFO - [2023-12-06T09:39:54.568+0000] {dagbag.py:536} INFO - Filling up the DagBag from /home/airflow/.local/lib/python3.8/site-packages/airflow/example_dags/example_dag_decorator.py
[2023-12-06T09:39:54.641+0000] {processor.py:839} INFO - DAG(s) dict_keys(['example_dag_decorator']) retrieved from /home/airflow/.local/lib/python3.8/site-packages/airflow/example_dags/example_dag_decorator.py
[2023-12-06T09:39:54.937+0000] {logging_mixin.py:154} INFO - [2023-12-06T09:39:54.936+0000] {dag.py:2941} INFO - Sync 1 DAGs
[2023-12-06T09:39:54.946+0000] {logging_mixin.py:154} INFO - [2023-12-06T09:39:54.946+0000] {dag.py:3722} INFO - Setting next_dagrun for example_dag_decorator to None, run_after=None
[2023-12-06T09:39:54.964+0000] {processor.py:179} INFO - Processing /home/airflow/.local/lib/python3.8/site-packages/airflow/example_dags/example_dag_decorator.py took 0.406 seconds
[2023-12-06T09:40:25.764+0000] {processor.py:157} INFO - Started process (PID=507) to work on /home/airflow/.local/lib/python3.8/site-packages/airflow/example_dags/example_dag_decorator.py
[2023-12-06T09:40:25.765+0000] {processor.py:829} INFO - Processing file /home/airflow/.local/lib/python3.8/site-packages/airflow/example_dags/example_dag_decorator.py for tasks to queue
[2023-12-06T09:40:25.769+0000] {logging_mixin.py:154} INFO - [2023-12-06T09:40:25.769+0000] {dagbag.py:536} INFO - Filling up the DagBag from /home/airflow/.local/lib/python3.8/site-packages/airflow/example_dags/example_dag_decorator.py
[2023-12-06T09:40:25.843+0000] {processor.py:839} INFO - DAG(s) dict_keys(['example_dag_decorator']) retrieved from /home/airflow/.local/lib/python3.8/site-packages/airflow/example_dags/example_dag_decorator.py
[2023-12-06T09:40:26.094+0000] {logging_mixin.py:154} INFO - [2023-12-06T09:40:26.094+0000] {dag.py:2941} INFO - Sync 1 DAGs
[2023-12-06T09:40:26.110+0000] {logging_mixin.py:154} INFO - [2023-12-06T09:40:26.110+0000] {dag.py:3722} INFO - Setting next_dagrun for example_dag_decorator to None, run_after=None
[2023-12-06T09:40:26.135+0000] {processor.py:179} INFO - Processing /home/airflow/.local/lib/python3.8/site-packages/airflow/example_dags/example_dag_decorator.py took 0.375 seconds
[2023-12-06T09:40:56.963+0000] {processor.py:157} INFO - Started process (PID=561) to work on /home/airflow/.local/lib/python3.8/site-packages/airflow/example_dags/example_dag_decorator.py
[2023-12-06T09:40:56.964+0000] {processor.py:829} INFO - Processing file /home/airflow/.local/lib/python3.8/site-packages/airflow/example_dags/example_dag_decorator.py for tasks to queue
[2023-12-06T09:40:56.968+0000] {logging_mixin.py:154} INFO - [2023-12-06T09:40:56.967+0000] {dagbag.py:536} INFO - Filling up the DagBag from /home/airflow/.local/lib/python3.8/site-packages/airflow/example_dags/example_dag_decorator.py
[2023-12-06T09:40:57.044+0000] {processor.py:839} INFO - DAG(s) dict_keys(['example_dag_decorator']) retrieved from /home/airflow/.local/lib/python3.8/site-packages/airflow/example_dags/example_dag_decorator.py
[2023-12-06T09:40:57.291+0000] {logging_mixin.py:154} INFO - [2023-12-06T09:40:57.291+0000] {dag.py:2941} INFO - Sync 1 DAGs
[2023-12-06T09:40:57.303+0000] {logging_mixin.py:154} INFO - [2023-12-06T09:40:57.303+0000] {dag.py:3722} INFO - Setting next_dagrun for example_dag_decorator to None, run_after=None
[2023-12-06T09:40:57.324+0000] {processor.py:179} INFO - Processing /home/airflow/.local/lib/python3.8/site-packages/airflow/example_dags/example_dag_decorator.py took 0.366 seconds
[2023-12-06T09:41:27.470+0000] {processor.py:157} INFO - Started process (PID=615) to work on /home/airflow/.local/lib/python3.8/site-packages/airflow/example_dags/example_dag_decorator.py
[2023-12-06T09:41:27.472+0000] {processor.py:829} INFO - Processing file /home/airflow/.local/lib/python3.8/site-packages/airflow/example_dags/example_dag_decorator.py for tasks to queue
[2023-12-06T09:41:27.476+0000] {logging_mixin.py:154} INFO - [2023-12-06T09:41:27.475+0000] {dagbag.py:536} INFO - Filling up the DagBag from /home/airflow/.local/lib/python3.8/site-packages/airflow/example_dags/example_dag_decorator.py
[2023-12-06T09:41:27.550+0000] {processor.py:839} INFO - DAG(s) dict_keys(['example_dag_decorator']) retrieved from /home/airflow/.local/lib/python3.8/site-packages/airflow/example_dags/example_dag_decorator.py
[2023-12-06T09:41:27.807+0000] {logging_mixin.py:154} INFO - [2023-12-06T09:41:27.807+0000] {dag.py:2941} INFO - Sync 1 DAGs
[2023-12-06T09:41:27.821+0000] {logging_mixin.py:154} INFO - [2023-12-06T09:41:27.821+0000] {dag.py:3722} INFO - Setting next_dagrun for example_dag_decorator to None, run_after=None
[2023-12-06T09:41:27.843+0000] {processor.py:179} INFO - Processing /home/airflow/.local/lib/python3.8/site-packages/airflow/example_dags/example_dag_decorator.py took 0.378 seconds
[2023-12-06T09:41:58.696+0000] {processor.py:157} INFO - Started process (PID=676) to work on /home/airflow/.local/lib/python3.8/site-packages/airflow/example_dags/example_dag_decorator.py
[2023-12-06T09:41:58.698+0000] {processor.py:829} INFO - Processing file /home/airflow/.local/lib/python3.8/site-packages/airflow/example_dags/example_dag_decorator.py for tasks to queue
[2023-12-06T09:41:58.701+0000] {logging_mixin.py:154} INFO - [2023-12-06T09:41:58.701+0000] {dagbag.py:536} INFO - Filling up the DagBag from /home/airflow/.local/lib/python3.8/site-packages/airflow/example_dags/example_dag_decorator.py
[2023-12-06T09:41:58.778+0000] {processor.py:839} INFO - DAG(s) dict_keys(['example_dag_decorator']) retrieved from /home/airflow/.local/lib/python3.8/site-packages/airflow/example_dags/example_dag_decorator.py
[2023-12-06T09:41:59.036+0000] {logging_mixin.py:154} INFO - [2023-12-06T09:41:59.035+0000] {dag.py:2941} INFO - Sync 1 DAGs
[2023-12-06T09:41:59.049+0000] {logging_mixin.py:154} INFO - [2023-12-06T09:41:59.049+0000] {dag.py:3722} INFO - Setting next_dagrun for example_dag_decorator to None, run_after=None
[2023-12-06T09:41:59.069+0000] {processor.py:179} INFO - Processing /home/airflow/.local/lib/python3.8/site-packages/airflow/example_dags/example_dag_decorator.py took 0.378 seconds
[2023-12-06T09:42:29.275+0000] {processor.py:157} INFO - Started process (PID=730) to work on /home/airflow/.local/lib/python3.8/site-packages/airflow/example_dags/example_dag_decorator.py
[2023-12-06T09:42:29.277+0000] {processor.py:829} INFO - Processing file /home/airflow/.local/lib/python3.8/site-packages/airflow/example_dags/example_dag_decorator.py for tasks to queue
[2023-12-06T09:42:29.281+0000] {logging_mixin.py:154} INFO - [2023-12-06T09:42:29.281+0000] {dagbag.py:536} INFO - Filling up the DagBag from /home/airflow/.local/lib/python3.8/site-packages/airflow/example_dags/example_dag_decorator.py
[2023-12-06T09:42:29.352+0000] {processor.py:839} INFO - DAG(s) dict_keys(['example_dag_decorator']) retrieved from /home/airflow/.local/lib/python3.8/site-packages/airflow/example_dags/example_dag_decorator.py
[2023-12-06T09:42:29.592+0000] {logging_mixin.py:154} INFO - [2023-12-06T09:42:29.592+0000] {dag.py:2941} INFO - Sync 1 DAGs
[2023-12-06T09:42:29.604+0000] {logging_mixin.py:154} INFO - [2023-12-06T09:42:29.604+0000] {dag.py:3722} INFO - Setting next_dagrun for example_dag_decorator to None, run_after=None
[2023-12-06T09:42:29.625+0000] {processor.py:179} INFO - Processing /home/airflow/.local/lib/python3.8/site-packages/airflow/example_dags/example_dag_decorator.py took 0.354 seconds
[2023-12-06T09:43:00.551+0000] {processor.py:157} INFO - Started process (PID=785) to work on /home/airflow/.local/lib/python3.8/site-packages/airflow/example_dags/example_dag_decorator.py
[2023-12-06T09:43:00.553+0000] {processor.py:829} INFO - Processing file /home/airflow/.local/lib/python3.8/site-packages/airflow/example_dags/example_dag_decorator.py for tasks to queue
[2023-12-06T09:43:00.555+0000] {logging_mixin.py:154} INFO - [2023-12-06T09:43:00.555+0000] {dagbag.py:536} INFO - Filling up the DagBag from /home/airflow/.local/lib/python3.8/site-packages/airflow/example_dags/example_dag_decorator.py
[2023-12-06T09:43:00.629+0000] {processor.py:839} INFO - DAG(s) dict_keys(['example_dag_decorator']) retrieved from /home/airflow/.local/lib/python3.8/site-packages/airflow/example_dags/example_dag_decorator.py
[2023-12-06T09:43:00.877+0000] {logging_mixin.py:154} INFO - [2023-12-06T09:43:00.877+0000] {dag.py:2941} INFO - Sync 1 DAGs
[2023-12-06T09:43:00.888+0000] {logging_mixin.py:154} INFO - [2023-12-06T09:43:00.888+0000] {dag.py:3722} INFO - Setting next_dagrun for example_dag_decorator to None, run_after=None
[2023-12-06T09:43:00.905+0000] {processor.py:179} INFO - Processing /home/airflow/.local/lib/python3.8/site-packages/airflow/example_dags/example_dag_decorator.py took 0.358 seconds
[2023-12-06T09:43:31.536+0000] {processor.py:157} INFO - Started process (PID=839) to work on /home/airflow/.local/lib/python3.8/site-packages/airflow/example_dags/example_dag_decorator.py
[2023-12-06T09:43:31.538+0000] {processor.py:829} INFO - Processing file /home/airflow/.local/lib/python3.8/site-packages/airflow/example_dags/example_dag_decorator.py for tasks to queue
[2023-12-06T09:43:31.541+0000] {logging_mixin.py:154} INFO - [2023-12-06T09:43:31.541+0000] {dagbag.py:536} INFO - Filling up the DagBag from /home/airflow/.local/lib/python3.8/site-packages/airflow/example_dags/example_dag_decorator.py
[2023-12-06T09:43:31.609+0000] {processor.py:839} INFO - DAG(s) dict_keys(['example_dag_decorator']) retrieved from /home/airflow/.local/lib/python3.8/site-packages/airflow/example_dags/example_dag_decorator.py
[2023-12-06T09:43:31.851+0000] {logging_mixin.py:154} INFO - [2023-12-06T09:43:31.851+0000] {dag.py:2941} INFO - Sync 1 DAGs
[2023-12-06T09:43:31.862+0000] {logging_mixin.py:154} INFO - [2023-12-06T09:43:31.862+0000] {dag.py:3722} INFO - Setting next_dagrun for example_dag_decorator to None, run_after=None
[2023-12-06T09:43:31.880+0000] {processor.py:179} INFO - Processing /home/airflow/.local/lib/python3.8/site-packages/airflow/example_dags/example_dag_decorator.py took 0.347 seconds
[2023-12-06T09:44:02.699+0000] {processor.py:157} INFO - Started process (PID=893) to work on /home/airflow/.local/lib/python3.8/site-packages/airflow/example_dags/example_dag_decorator.py
[2023-12-06T09:44:02.701+0000] {processor.py:829} INFO - Processing file /home/airflow/.local/lib/python3.8/site-packages/airflow/example_dags/example_dag_decorator.py for tasks to queue
[2023-12-06T09:44:02.704+0000] {logging_mixin.py:154} INFO - [2023-12-06T09:44:02.704+0000] {dagbag.py:536} INFO - Filling up the DagBag from /home/airflow/.local/lib/python3.8/site-packages/airflow/example_dags/example_dag_decorator.py
[2023-12-06T09:44:02.776+0000] {processor.py:839} INFO - DAG(s) dict_keys(['example_dag_decorator']) retrieved from /home/airflow/.local/lib/python3.8/site-packages/airflow/example_dags/example_dag_decorator.py
[2023-12-06T09:44:03.023+0000] {logging_mixin.py:154} INFO - [2023-12-06T09:44:03.023+0000] {dag.py:2941} INFO - Sync 1 DAGs
[2023-12-06T09:44:03.036+0000] {logging_mixin.py:154} INFO - [2023-12-06T09:44:03.036+0000] {dag.py:3722} INFO - Setting next_dagrun for example_dag_decorator to None, run_after=None
[2023-12-06T09:44:03.061+0000] {processor.py:179} INFO - Processing /home/airflow/.local/lib/python3.8/site-packages/airflow/example_dags/example_dag_decorator.py took 0.366 seconds
[2023-12-06T09:44:34.033+0000] {processor.py:157} INFO - Started process (PID=947) to work on /home/airflow/.local/lib/python3.8/site-packages/airflow/example_dags/example_dag_decorator.py
[2023-12-06T09:44:34.035+0000] {processor.py:829} INFO - Processing file /home/airflow/.local/lib/python3.8/site-packages/airflow/example_dags/example_dag_decorator.py for tasks to queue
[2023-12-06T09:44:34.038+0000] {logging_mixin.py:154} INFO - [2023-12-06T09:44:34.038+0000] {dagbag.py:536} INFO - Filling up the DagBag from /home/airflow/.local/lib/python3.8/site-packages/airflow/example_dags/example_dag_decorator.py
[2023-12-06T09:44:34.109+0000] {processor.py:839} INFO - DAG(s) dict_keys(['example_dag_decorator']) retrieved from /home/airflow/.local/lib/python3.8/site-packages/airflow/example_dags/example_dag_decorator.py
[2023-12-06T09:44:34.336+0000] {logging_mixin.py:154} INFO - [2023-12-06T09:44:34.336+0000] {dag.py:2941} INFO - Sync 1 DAGs
[2023-12-06T09:44:34.354+0000] {logging_mixin.py:154} INFO - [2023-12-06T09:44:34.354+0000] {dag.py:3722} INFO - Setting next_dagrun for example_dag_decorator to None, run_after=None
[2023-12-06T09:44:34.374+0000] {processor.py:179} INFO - Processing /home/airflow/.local/lib/python3.8/site-packages/airflow/example_dags/example_dag_decorator.py took 0.365 seconds
[2023-12-06T09:45:05.203+0000] {processor.py:157} INFO - Started process (PID=1001) to work on /home/airflow/.local/lib/python3.8/site-packages/airflow/example_dags/example_dag_decorator.py
[2023-12-06T09:45:05.205+0000] {processor.py:829} INFO - Processing file /home/airflow/.local/lib/python3.8/site-packages/airflow/example_dags/example_dag_decorator.py for tasks to queue
[2023-12-06T09:45:05.209+0000] {logging_mixin.py:154} INFO - [2023-12-06T09:45:05.208+0000] {dagbag.py:536} INFO - Filling up the DagBag from /home/airflow/.local/lib/python3.8/site-packages/airflow/example_dags/example_dag_decorator.py
[2023-12-06T09:45:05.281+0000] {processor.py:839} INFO - DAG(s) dict_keys(['example_dag_decorator']) retrieved from /home/airflow/.local/lib/python3.8/site-packages/airflow/example_dags/example_dag_decorator.py
[2023-12-06T09:45:05.526+0000] {logging_mixin.py:154} INFO - [2023-12-06T09:45:05.526+0000] {dag.py:2941} INFO - Sync 1 DAGs
[2023-12-06T09:45:05.537+0000] {logging_mixin.py:154} INFO - [2023-12-06T09:45:05.537+0000] {dag.py:3722} INFO - Setting next_dagrun for example_dag_decorator to None, run_after=None
[2023-12-06T09:45:05.556+0000] {processor.py:179} INFO - Processing /home/airflow/.local/lib/python3.8/site-packages/airflow/example_dags/example_dag_decorator.py took 0.358 seconds
[2023-12-06T09:45:36.381+0000] {processor.py:157} INFO - Started process (PID=1067) to work on /home/airflow/.local/lib/python3.8/site-packages/airflow/example_dags/example_dag_decorator.py
[2023-12-06T09:45:36.383+0000] {processor.py:829} INFO - Processing file /home/airflow/.local/lib/python3.8/site-packages/airflow/example_dags/example_dag_decorator.py for tasks to queue
[2023-12-06T09:45:36.387+0000] {logging_mixin.py:154} INFO - [2023-12-06T09:45:36.387+0000] {dagbag.py:536} INFO - Filling up the DagBag from /home/airflow/.local/lib/python3.8/site-packages/airflow/example_dags/example_dag_decorator.py
[2023-12-06T09:45:36.457+0000] {processor.py:839} INFO - DAG(s) dict_keys(['example_dag_decorator']) retrieved from /home/airflow/.local/lib/python3.8/site-packages/airflow/example_dags/example_dag_decorator.py
[2023-12-06T09:45:36.706+0000] {logging_mixin.py:154} INFO - [2023-12-06T09:45:36.705+0000] {dag.py:2941} INFO - Sync 1 DAGs
[2023-12-06T09:45:36.716+0000] {logging_mixin.py:154} INFO - [2023-12-06T09:45:36.716+0000] {dag.py:3722} INFO - Setting next_dagrun for example_dag_decorator to None, run_after=None
[2023-12-06T09:45:36.735+0000] {processor.py:179} INFO - Processing /home/airflow/.local/lib/python3.8/site-packages/airflow/example_dags/example_dag_decorator.py took 0.358 seconds
[2023-12-06T09:46:07.529+0000] {processor.py:157} INFO - Started process (PID=1121) to work on /home/airflow/.local/lib/python3.8/site-packages/airflow/example_dags/example_dag_decorator.py
[2023-12-06T09:46:07.531+0000] {processor.py:829} INFO - Processing file /home/airflow/.local/lib/python3.8/site-packages/airflow/example_dags/example_dag_decorator.py for tasks to queue
[2023-12-06T09:46:07.534+0000] {logging_mixin.py:154} INFO - [2023-12-06T09:46:07.533+0000] {dagbag.py:536} INFO - Filling up the DagBag from /home/airflow/.local/lib/python3.8/site-packages/airflow/example_dags/example_dag_decorator.py
[2023-12-06T09:46:07.606+0000] {processor.py:839} INFO - DAG(s) dict_keys(['example_dag_decorator']) retrieved from /home/airflow/.local/lib/python3.8/site-packages/airflow/example_dags/example_dag_decorator.py
[2023-12-06T09:46:07.907+0000] {logging_mixin.py:154} INFO - [2023-12-06T09:46:07.907+0000] {dag.py:2941} INFO - Sync 1 DAGs
[2023-12-06T09:46:07.921+0000] {logging_mixin.py:154} INFO - [2023-12-06T09:46:07.921+0000] {dag.py:3722} INFO - Setting next_dagrun for example_dag_decorator to None, run_after=None
[2023-12-06T09:46:07.938+0000] {processor.py:179} INFO - Processing /home/airflow/.local/lib/python3.8/site-packages/airflow/example_dags/example_dag_decorator.py took 0.414 seconds
[2023-12-06T09:46:38.098+0000] {processor.py:157} INFO - Started process (PID=1178) to work on /home/airflow/.local/lib/python3.8/site-packages/airflow/example_dags/example_dag_decorator.py
[2023-12-06T09:46:38.100+0000] {processor.py:829} INFO - Processing file /home/airflow/.local/lib/python3.8/site-packages/airflow/example_dags/example_dag_decorator.py for tasks to queue
[2023-12-06T09:46:38.103+0000] {logging_mixin.py:154} INFO - [2023-12-06T09:46:38.103+0000] {dagbag.py:536} INFO - Filling up the DagBag from /home/airflow/.local/lib/python3.8/site-packages/airflow/example_dags/example_dag_decorator.py
[2023-12-06T09:46:38.169+0000] {processor.py:839} INFO - DAG(s) dict_keys(['example_dag_decorator']) retrieved from /home/airflow/.local/lib/python3.8/site-packages/airflow/example_dags/example_dag_decorator.py
[2023-12-06T09:46:38.498+0000] {logging_mixin.py:154} INFO - [2023-12-06T09:46:38.498+0000] {dag.py:2941} INFO - Sync 1 DAGs
[2023-12-06T09:46:38.512+0000] {logging_mixin.py:154} INFO - [2023-12-06T09:46:38.511+0000] {dag.py:3722} INFO - Setting next_dagrun for example_dag_decorator to None, run_after=None
[2023-12-06T09:46:38.538+0000] {processor.py:179} INFO - Processing /home/airflow/.local/lib/python3.8/site-packages/airflow/example_dags/example_dag_decorator.py took 0.443 seconds
[2023-12-06T09:47:08.583+0000] {processor.py:157} INFO - Started process (PID=1234) to work on /home/airflow/.local/lib/python3.8/site-packages/airflow/example_dags/example_dag_decorator.py
[2023-12-06T09:47:08.585+0000] {processor.py:829} INFO - Processing file /home/airflow/.local/lib/python3.8/site-packages/airflow/example_dags/example_dag_decorator.py for tasks to queue
[2023-12-06T09:47:08.587+0000] {logging_mixin.py:154} INFO - [2023-12-06T09:47:08.587+0000] {dagbag.py:536} INFO - Filling up the DagBag from /home/airflow/.local/lib/python3.8/site-packages/airflow/example_dags/example_dag_decorator.py
[2023-12-06T09:47:08.664+0000] {processor.py:839} INFO - DAG(s) dict_keys(['example_dag_decorator']) retrieved from /home/airflow/.local/lib/python3.8/site-packages/airflow/example_dags/example_dag_decorator.py
[2023-12-06T09:47:08.894+0000] {logging_mixin.py:154} INFO - [2023-12-06T09:47:08.894+0000] {dag.py:2941} INFO - Sync 1 DAGs
[2023-12-06T09:47:08.904+0000] {logging_mixin.py:154} INFO - [2023-12-06T09:47:08.904+0000] {dag.py:3722} INFO - Setting next_dagrun for example_dag_decorator to None, run_after=None
[2023-12-06T09:47:08.925+0000] {processor.py:179} INFO - Processing /home/airflow/.local/lib/python3.8/site-packages/airflow/example_dags/example_dag_decorator.py took 0.348 seconds
[2023-12-06T09:47:39.752+0000] {processor.py:157} INFO - Started process (PID=1290) to work on /home/airflow/.local/lib/python3.8/site-packages/airflow/example_dags/example_dag_decorator.py
[2023-12-06T09:47:39.754+0000] {processor.py:829} INFO - Processing file /home/airflow/.local/lib/python3.8/site-packages/airflow/example_dags/example_dag_decorator.py for tasks to queue
[2023-12-06T09:47:39.755+0000] {logging_mixin.py:154} INFO - [2023-12-06T09:47:39.755+0000] {dagbag.py:536} INFO - Filling up the DagBag from /home/airflow/.local/lib/python3.8/site-packages/airflow/example_dags/example_dag_decorator.py
[2023-12-06T09:47:39.827+0000] {processor.py:839} INFO - DAG(s) dict_keys(['example_dag_decorator']) retrieved from /home/airflow/.local/lib/python3.8/site-packages/airflow/example_dags/example_dag_decorator.py
[2023-12-06T09:47:40.067+0000] {logging_mixin.py:154} INFO - [2023-12-06T09:47:40.066+0000] {dag.py:2941} INFO - Sync 1 DAGs
[2023-12-06T09:47:40.077+0000] {logging_mixin.py:154} INFO - [2023-12-06T09:47:40.076+0000] {dag.py:3722} INFO - Setting next_dagrun for example_dag_decorator to None, run_after=None
[2023-12-06T09:47:40.093+0000] {processor.py:179} INFO - Processing /home/airflow/.local/lib/python3.8/site-packages/airflow/example_dags/example_dag_decorator.py took 0.348 seconds
[2023-12-06T09:48:10.421+0000] {processor.py:157} INFO - Started process (PID=1350) to work on /home/airflow/.local/lib/python3.8/site-packages/airflow/example_dags/example_dag_decorator.py
[2023-12-06T09:48:10.423+0000] {processor.py:829} INFO - Processing file /home/airflow/.local/lib/python3.8/site-packages/airflow/example_dags/example_dag_decorator.py for tasks to queue
[2023-12-06T09:48:10.424+0000] {logging_mixin.py:154} INFO - [2023-12-06T09:48:10.424+0000] {dagbag.py:536} INFO - Filling up the DagBag from /home/airflow/.local/lib/python3.8/site-packages/airflow/example_dags/example_dag_decorator.py
[2023-12-06T09:48:10.493+0000] {processor.py:839} INFO - DAG(s) dict_keys(['example_dag_decorator']) retrieved from /home/airflow/.local/lib/python3.8/site-packages/airflow/example_dags/example_dag_decorator.py
[2023-12-06T09:48:10.769+0000] {logging_mixin.py:154} INFO - [2023-12-06T09:48:10.769+0000] {dag.py:2941} INFO - Sync 1 DAGs
[2023-12-06T09:48:10.782+0000] {logging_mixin.py:154} INFO - [2023-12-06T09:48:10.782+0000] {dag.py:3722} INFO - Setting next_dagrun for example_dag_decorator to None, run_after=None
[2023-12-06T09:48:10.803+0000] {processor.py:179} INFO - Processing /home/airflow/.local/lib/python3.8/site-packages/airflow/example_dags/example_dag_decorator.py took 0.385 seconds
[2023-12-06T09:48:41.039+0000] {processor.py:157} INFO - Started process (PID=1410) to work on /home/airflow/.local/lib/python3.8/site-packages/airflow/example_dags/example_dag_decorator.py
[2023-12-06T09:48:41.041+0000] {processor.py:829} INFO - Processing file /home/airflow/.local/lib/python3.8/site-packages/airflow/example_dags/example_dag_decorator.py for tasks to queue
[2023-12-06T09:48:41.043+0000] {logging_mixin.py:154} INFO - [2023-12-06T09:48:41.043+0000] {dagbag.py:536} INFO - Filling up the DagBag from /home/airflow/.local/lib/python3.8/site-packages/airflow/example_dags/example_dag_decorator.py
[2023-12-06T09:48:41.119+0000] {processor.py:839} INFO - DAG(s) dict_keys(['example_dag_decorator']) retrieved from /home/airflow/.local/lib/python3.8/site-packages/airflow/example_dags/example_dag_decorator.py
[2023-12-06T09:48:41.368+0000] {logging_mixin.py:154} INFO - [2023-12-06T09:48:41.367+0000] {dag.py:2941} INFO - Sync 1 DAGs
[2023-12-06T09:48:41.379+0000] {logging_mixin.py:154} INFO - [2023-12-06T09:48:41.379+0000] {dag.py:3722} INFO - Setting next_dagrun for example_dag_decorator to None, run_after=None
[2023-12-06T09:48:41.405+0000] {processor.py:179} INFO - Processing /home/airflow/.local/lib/python3.8/site-packages/airflow/example_dags/example_dag_decorator.py took 0.371 seconds
[2023-12-06T09:49:11.519+0000] {processor.py:157} INFO - Started process (PID=1466) to work on /home/airflow/.local/lib/python3.8/site-packages/airflow/example_dags/example_dag_decorator.py
[2023-12-06T09:49:11.521+0000] {processor.py:829} INFO - Processing file /home/airflow/.local/lib/python3.8/site-packages/airflow/example_dags/example_dag_decorator.py for tasks to queue
[2023-12-06T09:49:11.522+0000] {logging_mixin.py:154} INFO - [2023-12-06T09:49:11.522+0000] {dagbag.py:536} INFO - Filling up the DagBag from /home/airflow/.local/lib/python3.8/site-packages/airflow/example_dags/example_dag_decorator.py
[2023-12-06T09:49:11.733+0000] {processor.py:839} INFO - DAG(s) dict_keys(['example_dag_decorator']) retrieved from /home/airflow/.local/lib/python3.8/site-packages/airflow/example_dags/example_dag_decorator.py
[2023-12-06T09:49:11.841+0000] {logging_mixin.py:154} INFO - [2023-12-06T09:49:11.841+0000] {dag.py:2941} INFO - Sync 1 DAGs
[2023-12-06T09:49:11.851+0000] {logging_mixin.py:154} INFO - [2023-12-06T09:49:11.851+0000] {dag.py:3722} INFO - Setting next_dagrun for example_dag_decorator to None, run_after=None
[2023-12-06T09:49:11.870+0000] {processor.py:179} INFO - Processing /home/airflow/.local/lib/python3.8/site-packages/airflow/example_dags/example_dag_decorator.py took 0.356 seconds
[2023-12-06T09:49:42.730+0000] {processor.py:157} INFO - Started process (PID=1523) to work on /home/airflow/.local/lib/python3.8/site-packages/airflow/example_dags/example_dag_decorator.py
[2023-12-06T09:49:42.732+0000] {processor.py:829} INFO - Processing file /home/airflow/.local/lib/python3.8/site-packages/airflow/example_dags/example_dag_decorator.py for tasks to queue
[2023-12-06T09:49:42.734+0000] {logging_mixin.py:154} INFO - [2023-12-06T09:49:42.734+0000] {dagbag.py:536} INFO - Filling up the DagBag from /home/airflow/.local/lib/python3.8/site-packages/airflow/example_dags/example_dag_decorator.py
[2023-12-06T09:49:42.946+0000] {processor.py:839} INFO - DAG(s) dict_keys(['example_dag_decorator']) retrieved from /home/airflow/.local/lib/python3.8/site-packages/airflow/example_dags/example_dag_decorator.py
[2023-12-06T09:49:43.053+0000] {logging_mixin.py:154} INFO - [2023-12-06T09:49:43.053+0000] {dag.py:2941} INFO - Sync 1 DAGs
[2023-12-06T09:49:43.074+0000] {logging_mixin.py:154} INFO - [2023-12-06T09:49:43.074+0000] {dag.py:3722} INFO - Setting next_dagrun for example_dag_decorator to None, run_after=None
[2023-12-06T09:49:43.092+0000] {processor.py:179} INFO - Processing /home/airflow/.local/lib/python3.8/site-packages/airflow/example_dags/example_dag_decorator.py took 0.367 seconds
[2023-12-06T09:50:14.013+0000] {processor.py:157} INFO - Started process (PID=1579) to work on /home/airflow/.local/lib/python3.8/site-packages/airflow/example_dags/example_dag_decorator.py
[2023-12-06T09:50:14.014+0000] {processor.py:829} INFO - Processing file /home/airflow/.local/lib/python3.8/site-packages/airflow/example_dags/example_dag_decorator.py for tasks to queue
[2023-12-06T09:50:14.016+0000] {logging_mixin.py:154} INFO - [2023-12-06T09:50:14.016+0000] {dagbag.py:536} INFO - Filling up the DagBag from /home/airflow/.local/lib/python3.8/site-packages/airflow/example_dags/example_dag_decorator.py
[2023-12-06T09:50:14.093+0000] {processor.py:839} INFO - DAG(s) dict_keys(['example_dag_decorator']) retrieved from /home/airflow/.local/lib/python3.8/site-packages/airflow/example_dags/example_dag_decorator.py
[2023-12-06T09:50:14.347+0000] {logging_mixin.py:154} INFO - [2023-12-06T09:50:14.347+0000] {dag.py:2941} INFO - Sync 1 DAGs
[2023-12-06T09:50:14.357+0000] {logging_mixin.py:154} INFO - [2023-12-06T09:50:14.357+0000] {dag.py:3722} INFO - Setting next_dagrun for example_dag_decorator to None, run_after=None
[2023-12-06T09:50:14.374+0000] {processor.py:179} INFO - Processing /home/airflow/.local/lib/python3.8/site-packages/airflow/example_dags/example_dag_decorator.py took 0.367 seconds
