[2023-12-06T09:36:10.824+0000] {processor.py:157} INFO - Started process (PID=32) to work on /home/airflow/.local/lib/python3.8/site-packages/airflow/example_dags/example_external_task_marker_dag.py
[2023-12-06T09:36:10.828+0000] {processor.py:829} INFO - Processing file /home/airflow/.local/lib/python3.8/site-packages/airflow/example_dags/example_external_task_marker_dag.py for tasks to queue
[2023-12-06T09:36:10.834+0000] {logging_mixin.py:154} INFO - [2023-12-06T09:36:10.834+0000] {dagbag.py:536} INFO - Filling up the DagBag from /home/airflow/.local/lib/python3.8/site-packages/airflow/example_dags/example_external_task_marker_dag.py
[2023-12-06T09:36:10.858+0000] {processor.py:839} INFO - DAG(s) dict_keys(['example_external_task_marker_child', 'example_external_task_marker_parent']) retrieved from /home/airflow/.local/lib/python3.8/site-packages/airflow/example_dags/example_external_task_marker_dag.py
[2023-12-06T09:36:11.184+0000] {logging_mixin.py:154} INFO - [2023-12-06T09:36:11.183+0000] {manager.py:499} INFO - Created Permission View: %s
[2023-12-06T09:36:11.194+0000] {logging_mixin.py:154} INFO - [2023-12-06T09:36:11.194+0000] {manager.py:499} INFO - Created Permission View: %s
[2023-12-06T09:36:11.201+0000] {logging_mixin.py:154} INFO - [2023-12-06T09:36:11.201+0000] {manager.py:499} INFO - Created Permission View: %s
[2023-12-06T09:36:11.211+0000] {logging_mixin.py:154} INFO - [2023-12-06T09:36:11.211+0000] {manager.py:499} INFO - Created Permission View: %s
[2023-12-06T09:36:11.217+0000] {logging_mixin.py:154} INFO - [2023-12-06T09:36:11.217+0000] {manager.py:499} INFO - Created Permission View: %s
[2023-12-06T09:36:11.223+0000] {logging_mixin.py:154} INFO - [2023-12-06T09:36:11.223+0000] {manager.py:499} INFO - Created Permission View: %s
[2023-12-06T09:36:11.225+0000] {logging_mixin.py:154} INFO - [2023-12-06T09:36:11.224+0000] {dag.py:2941} INFO - Sync 2 DAGs
[2023-12-06T09:36:11.238+0000] {logging_mixin.py:154} INFO - [2023-12-06T09:36:11.237+0000] {dag.py:2963} INFO - Creating ORM DAG for example_external_task_marker_parent
[2023-12-06T09:36:11.239+0000] {logging_mixin.py:154} INFO - [2023-12-06T09:36:11.239+0000] {dag.py:2963} INFO - Creating ORM DAG for example_external_task_marker_child
[2023-12-06T09:36:11.240+0000] {logging_mixin.py:154} INFO - [2023-12-06T09:36:11.239+0000] {dag.py:3722} INFO - Setting next_dagrun for example_external_task_marker_child to None, run_after=None
[2023-12-06T09:36:11.240+0000] {logging_mixin.py:154} INFO - [2023-12-06T09:36:11.240+0000] {dag.py:3722} INFO - Setting next_dagrun for example_external_task_marker_parent to None, run_after=None
[2023-12-06T09:36:11.262+0000] {processor.py:179} INFO - Processing /home/airflow/.local/lib/python3.8/site-packages/airflow/example_dags/example_external_task_marker_dag.py took 0.449 seconds
[2023-12-06T09:36:41.910+0000] {processor.py:157} INFO - Started process (PID=86) to work on /home/airflow/.local/lib/python3.8/site-packages/airflow/example_dags/example_external_task_marker_dag.py
[2023-12-06T09:36:41.912+0000] {processor.py:829} INFO - Processing file /home/airflow/.local/lib/python3.8/site-packages/airflow/example_dags/example_external_task_marker_dag.py for tasks to queue
[2023-12-06T09:36:41.916+0000] {logging_mixin.py:154} INFO - [2023-12-06T09:36:41.915+0000] {dagbag.py:536} INFO - Filling up the DagBag from /home/airflow/.local/lib/python3.8/site-packages/airflow/example_dags/example_external_task_marker_dag.py
[2023-12-06T09:36:41.924+0000] {processor.py:839} INFO - DAG(s) dict_keys(['example_external_task_marker_child', 'example_external_task_marker_parent']) retrieved from /home/airflow/.local/lib/python3.8/site-packages/airflow/example_dags/example_external_task_marker_dag.py
[2023-12-06T09:36:41.949+0000] {logging_mixin.py:154} INFO - [2023-12-06T09:36:41.949+0000] {dag.py:2941} INFO - Sync 2 DAGs
[2023-12-06T09:36:41.963+0000] {logging_mixin.py:154} INFO - [2023-12-06T09:36:41.962+0000] {dag.py:3722} INFO - Setting next_dagrun for example_external_task_marker_child to None, run_after=None
[2023-12-06T09:36:41.967+0000] {logging_mixin.py:154} INFO - [2023-12-06T09:36:41.967+0000] {dag.py:3722} INFO - Setting next_dagrun for example_external_task_marker_parent to None, run_after=None
[2023-12-06T09:36:41.985+0000] {processor.py:179} INFO - Processing /home/airflow/.local/lib/python3.8/site-packages/airflow/example_dags/example_external_task_marker_dag.py took 0.078 seconds
[2023-12-06T09:37:12.152+0000] {processor.py:157} INFO - Started process (PID=140) to work on /home/airflow/.local/lib/python3.8/site-packages/airflow/example_dags/example_external_task_marker_dag.py
[2023-12-06T09:37:12.154+0000] {processor.py:829} INFO - Processing file /home/airflow/.local/lib/python3.8/site-packages/airflow/example_dags/example_external_task_marker_dag.py for tasks to queue
[2023-12-06T09:37:12.157+0000] {logging_mixin.py:154} INFO - [2023-12-06T09:37:12.156+0000] {dagbag.py:536} INFO - Filling up the DagBag from /home/airflow/.local/lib/python3.8/site-packages/airflow/example_dags/example_external_task_marker_dag.py
[2023-12-06T09:37:12.164+0000] {processor.py:839} INFO - DAG(s) dict_keys(['example_external_task_marker_child', 'example_external_task_marker_parent']) retrieved from /home/airflow/.local/lib/python3.8/site-packages/airflow/example_dags/example_external_task_marker_dag.py
[2023-12-06T09:37:12.189+0000] {logging_mixin.py:154} INFO - [2023-12-06T09:37:12.189+0000] {dag.py:2941} INFO - Sync 2 DAGs
[2023-12-06T09:37:12.203+0000] {logging_mixin.py:154} INFO - [2023-12-06T09:37:12.202+0000] {dag.py:3722} INFO - Setting next_dagrun for example_external_task_marker_child to None, run_after=None
[2023-12-06T09:37:12.208+0000] {logging_mixin.py:154} INFO - [2023-12-06T09:37:12.208+0000] {dag.py:3722} INFO - Setting next_dagrun for example_external_task_marker_parent to None, run_after=None
[2023-12-06T09:37:12.227+0000] {processor.py:179} INFO - Processing /home/airflow/.local/lib/python3.8/site-packages/airflow/example_dags/example_external_task_marker_dag.py took 0.079 seconds
[2023-12-06T09:37:42.854+0000] {processor.py:157} INFO - Started process (PID=194) to work on /home/airflow/.local/lib/python3.8/site-packages/airflow/example_dags/example_external_task_marker_dag.py
[2023-12-06T09:37:42.855+0000] {processor.py:829} INFO - Processing file /home/airflow/.local/lib/python3.8/site-packages/airflow/example_dags/example_external_task_marker_dag.py for tasks to queue
[2023-12-06T09:37:42.859+0000] {logging_mixin.py:154} INFO - [2023-12-06T09:37:42.859+0000] {dagbag.py:536} INFO - Filling up the DagBag from /home/airflow/.local/lib/python3.8/site-packages/airflow/example_dags/example_external_task_marker_dag.py
[2023-12-06T09:37:42.867+0000] {processor.py:839} INFO - DAG(s) dict_keys(['example_external_task_marker_child', 'example_external_task_marker_parent']) retrieved from /home/airflow/.local/lib/python3.8/site-packages/airflow/example_dags/example_external_task_marker_dag.py
[2023-12-06T09:37:42.899+0000] {logging_mixin.py:154} INFO - [2023-12-06T09:37:42.899+0000] {dag.py:2941} INFO - Sync 2 DAGs
[2023-12-06T09:37:42.912+0000] {logging_mixin.py:154} INFO - [2023-12-06T09:37:42.912+0000] {dag.py:3722} INFO - Setting next_dagrun for example_external_task_marker_child to None, run_after=None
[2023-12-06T09:37:42.916+0000] {logging_mixin.py:154} INFO - [2023-12-06T09:37:42.916+0000] {dag.py:3722} INFO - Setting next_dagrun for example_external_task_marker_parent to None, run_after=None
[2023-12-06T09:37:42.932+0000] {processor.py:179} INFO - Processing /home/airflow/.local/lib/python3.8/site-packages/airflow/example_dags/example_external_task_marker_dag.py took 0.082 seconds
[2023-12-06T09:38:13.737+0000] {processor.py:157} INFO - Started process (PID=248) to work on /home/airflow/.local/lib/python3.8/site-packages/airflow/example_dags/example_external_task_marker_dag.py
[2023-12-06T09:38:13.739+0000] {processor.py:829} INFO - Processing file /home/airflow/.local/lib/python3.8/site-packages/airflow/example_dags/example_external_task_marker_dag.py for tasks to queue
[2023-12-06T09:38:13.742+0000] {logging_mixin.py:154} INFO - [2023-12-06T09:38:13.742+0000] {dagbag.py:536} INFO - Filling up the DagBag from /home/airflow/.local/lib/python3.8/site-packages/airflow/example_dags/example_external_task_marker_dag.py
[2023-12-06T09:38:13.750+0000] {processor.py:839} INFO - DAG(s) dict_keys(['example_external_task_marker_parent', 'example_external_task_marker_child']) retrieved from /home/airflow/.local/lib/python3.8/site-packages/airflow/example_dags/example_external_task_marker_dag.py
[2023-12-06T09:38:13.778+0000] {logging_mixin.py:154} INFO - [2023-12-06T09:38:13.778+0000] {dag.py:2941} INFO - Sync 2 DAGs
[2023-12-06T09:38:13.792+0000] {logging_mixin.py:154} INFO - [2023-12-06T09:38:13.792+0000] {dag.py:3722} INFO - Setting next_dagrun for example_external_task_marker_child to None, run_after=None
[2023-12-06T09:38:13.796+0000] {logging_mixin.py:154} INFO - [2023-12-06T09:38:13.796+0000] {dag.py:3722} INFO - Setting next_dagrun for example_external_task_marker_parent to None, run_after=None
[2023-12-06T09:38:13.812+0000] {processor.py:179} INFO - Processing /home/airflow/.local/lib/python3.8/site-packages/airflow/example_dags/example_external_task_marker_dag.py took 0.080 seconds
[2023-12-06T09:38:44.724+0000] {processor.py:157} INFO - Started process (PID=303) to work on /home/airflow/.local/lib/python3.8/site-packages/airflow/example_dags/example_external_task_marker_dag.py
[2023-12-06T09:38:44.727+0000] {processor.py:829} INFO - Processing file /home/airflow/.local/lib/python3.8/site-packages/airflow/example_dags/example_external_task_marker_dag.py for tasks to queue
[2023-12-06T09:38:44.731+0000] {logging_mixin.py:154} INFO - [2023-12-06T09:38:44.731+0000] {dagbag.py:536} INFO - Filling up the DagBag from /home/airflow/.local/lib/python3.8/site-packages/airflow/example_dags/example_external_task_marker_dag.py
[2023-12-06T09:38:44.739+0000] {processor.py:839} INFO - DAG(s) dict_keys(['example_external_task_marker_parent', 'example_external_task_marker_child']) retrieved from /home/airflow/.local/lib/python3.8/site-packages/airflow/example_dags/example_external_task_marker_dag.py
[2023-12-06T09:38:44.766+0000] {logging_mixin.py:154} INFO - [2023-12-06T09:38:44.765+0000] {dag.py:2941} INFO - Sync 2 DAGs
[2023-12-06T09:38:44.779+0000] {logging_mixin.py:154} INFO - [2023-12-06T09:38:44.779+0000] {dag.py:3722} INFO - Setting next_dagrun for example_external_task_marker_child to None, run_after=None
[2023-12-06T09:38:44.783+0000] {logging_mixin.py:154} INFO - [2023-12-06T09:38:44.783+0000] {dag.py:3722} INFO - Setting next_dagrun for example_external_task_marker_parent to None, run_after=None
[2023-12-06T09:38:44.799+0000] {processor.py:179} INFO - Processing /home/airflow/.local/lib/python3.8/site-packages/airflow/example_dags/example_external_task_marker_dag.py took 0.079 seconds
[2023-12-06T09:39:15.780+0000] {processor.py:157} INFO - Started process (PID=357) to work on /home/airflow/.local/lib/python3.8/site-packages/airflow/example_dags/example_external_task_marker_dag.py
[2023-12-06T09:39:15.782+0000] {processor.py:829} INFO - Processing file /home/airflow/.local/lib/python3.8/site-packages/airflow/example_dags/example_external_task_marker_dag.py for tasks to queue
[2023-12-06T09:39:15.785+0000] {logging_mixin.py:154} INFO - [2023-12-06T09:39:15.785+0000] {dagbag.py:536} INFO - Filling up the DagBag from /home/airflow/.local/lib/python3.8/site-packages/airflow/example_dags/example_external_task_marker_dag.py
[2023-12-06T09:39:15.793+0000] {processor.py:839} INFO - DAG(s) dict_keys(['example_external_task_marker_parent', 'example_external_task_marker_child']) retrieved from /home/airflow/.local/lib/python3.8/site-packages/airflow/example_dags/example_external_task_marker_dag.py
[2023-12-06T09:39:15.822+0000] {logging_mixin.py:154} INFO - [2023-12-06T09:39:15.822+0000] {dag.py:2941} INFO - Sync 2 DAGs
[2023-12-06T09:39:15.836+0000] {logging_mixin.py:154} INFO - [2023-12-06T09:39:15.836+0000] {dag.py:3722} INFO - Setting next_dagrun for example_external_task_marker_child to None, run_after=None
[2023-12-06T09:39:15.841+0000] {logging_mixin.py:154} INFO - [2023-12-06T09:39:15.841+0000] {dag.py:3722} INFO - Setting next_dagrun for example_external_task_marker_parent to None, run_after=None
[2023-12-06T09:39:15.857+0000] {processor.py:179} INFO - Processing /home/airflow/.local/lib/python3.8/site-packages/airflow/example_dags/example_external_task_marker_dag.py took 0.082 seconds
[2023-12-06T09:39:45.916+0000] {processor.py:157} INFO - Started process (PID=411) to work on /home/airflow/.local/lib/python3.8/site-packages/airflow/example_dags/example_external_task_marker_dag.py
[2023-12-06T09:39:45.918+0000] {processor.py:829} INFO - Processing file /home/airflow/.local/lib/python3.8/site-packages/airflow/example_dags/example_external_task_marker_dag.py for tasks to queue
[2023-12-06T09:39:45.921+0000] {logging_mixin.py:154} INFO - [2023-12-06T09:39:45.921+0000] {dagbag.py:536} INFO - Filling up the DagBag from /home/airflow/.local/lib/python3.8/site-packages/airflow/example_dags/example_external_task_marker_dag.py
[2023-12-06T09:39:45.928+0000] {processor.py:839} INFO - DAG(s) dict_keys(['example_external_task_marker_child', 'example_external_task_marker_parent']) retrieved from /home/airflow/.local/lib/python3.8/site-packages/airflow/example_dags/example_external_task_marker_dag.py
[2023-12-06T09:39:45.959+0000] {logging_mixin.py:154} INFO - [2023-12-06T09:39:45.959+0000] {dag.py:2941} INFO - Sync 2 DAGs
[2023-12-06T09:39:45.974+0000] {logging_mixin.py:154} INFO - [2023-12-06T09:39:45.973+0000] {dag.py:3722} INFO - Setting next_dagrun for example_external_task_marker_child to None, run_after=None
[2023-12-06T09:39:45.980+0000] {logging_mixin.py:154} INFO - [2023-12-06T09:39:45.980+0000] {dag.py:3722} INFO - Setting next_dagrun for example_external_task_marker_parent to None, run_after=None
[2023-12-06T09:39:45.999+0000] {processor.py:179} INFO - Processing /home/airflow/.local/lib/python3.8/site-packages/airflow/example_dags/example_external_task_marker_dag.py took 0.090 seconds
[2023-12-06T09:40:16.217+0000] {processor.py:157} INFO - Started process (PID=466) to work on /home/airflow/.local/lib/python3.8/site-packages/airflow/example_dags/example_external_task_marker_dag.py
[2023-12-06T09:40:16.219+0000] {processor.py:829} INFO - Processing file /home/airflow/.local/lib/python3.8/site-packages/airflow/example_dags/example_external_task_marker_dag.py for tasks to queue
[2023-12-06T09:40:16.223+0000] {logging_mixin.py:154} INFO - [2023-12-06T09:40:16.222+0000] {dagbag.py:536} INFO - Filling up the DagBag from /home/airflow/.local/lib/python3.8/site-packages/airflow/example_dags/example_external_task_marker_dag.py
[2023-12-06T09:40:16.231+0000] {processor.py:839} INFO - DAG(s) dict_keys(['example_external_task_marker_parent', 'example_external_task_marker_child']) retrieved from /home/airflow/.local/lib/python3.8/site-packages/airflow/example_dags/example_external_task_marker_dag.py
[2023-12-06T09:40:16.259+0000] {logging_mixin.py:154} INFO - [2023-12-06T09:40:16.259+0000] {dag.py:2941} INFO - Sync 2 DAGs
[2023-12-06T09:40:16.274+0000] {logging_mixin.py:154} INFO - [2023-12-06T09:40:16.273+0000] {dag.py:3722} INFO - Setting next_dagrun for example_external_task_marker_child to None, run_after=None
[2023-12-06T09:40:16.278+0000] {logging_mixin.py:154} INFO - [2023-12-06T09:40:16.278+0000] {dag.py:3722} INFO - Setting next_dagrun for example_external_task_marker_parent to None, run_after=None
[2023-12-06T09:40:16.295+0000] {processor.py:179} INFO - Processing /home/airflow/.local/lib/python3.8/site-packages/airflow/example_dags/example_external_task_marker_dag.py took 0.082 seconds
[2023-12-06T09:40:46.379+0000] {processor.py:157} INFO - Started process (PID=520) to work on /home/airflow/.local/lib/python3.8/site-packages/airflow/example_dags/example_external_task_marker_dag.py
[2023-12-06T09:40:46.382+0000] {processor.py:829} INFO - Processing file /home/airflow/.local/lib/python3.8/site-packages/airflow/example_dags/example_external_task_marker_dag.py for tasks to queue
[2023-12-06T09:40:46.385+0000] {logging_mixin.py:154} INFO - [2023-12-06T09:40:46.385+0000] {dagbag.py:536} INFO - Filling up the DagBag from /home/airflow/.local/lib/python3.8/site-packages/airflow/example_dags/example_external_task_marker_dag.py
[2023-12-06T09:40:46.394+0000] {processor.py:839} INFO - DAG(s) dict_keys(['example_external_task_marker_parent', 'example_external_task_marker_child']) retrieved from /home/airflow/.local/lib/python3.8/site-packages/airflow/example_dags/example_external_task_marker_dag.py
[2023-12-06T09:40:46.429+0000] {logging_mixin.py:154} INFO - [2023-12-06T09:40:46.429+0000] {dag.py:2941} INFO - Sync 2 DAGs
[2023-12-06T09:40:46.443+0000] {logging_mixin.py:154} INFO - [2023-12-06T09:40:46.443+0000] {dag.py:3722} INFO - Setting next_dagrun for example_external_task_marker_child to None, run_after=None
[2023-12-06T09:40:46.447+0000] {logging_mixin.py:154} INFO - [2023-12-06T09:40:46.447+0000] {dag.py:3722} INFO - Setting next_dagrun for example_external_task_marker_parent to None, run_after=None
[2023-12-06T09:40:46.465+0000] {processor.py:179} INFO - Processing /home/airflow/.local/lib/python3.8/site-packages/airflow/example_dags/example_external_task_marker_dag.py took 0.090 seconds
[2023-12-06T09:41:16.596+0000] {processor.py:157} INFO - Started process (PID=574) to work on /home/airflow/.local/lib/python3.8/site-packages/airflow/example_dags/example_external_task_marker_dag.py
[2023-12-06T09:41:16.598+0000] {processor.py:829} INFO - Processing file /home/airflow/.local/lib/python3.8/site-packages/airflow/example_dags/example_external_task_marker_dag.py for tasks to queue
[2023-12-06T09:41:16.601+0000] {logging_mixin.py:154} INFO - [2023-12-06T09:41:16.600+0000] {dagbag.py:536} INFO - Filling up the DagBag from /home/airflow/.local/lib/python3.8/site-packages/airflow/example_dags/example_external_task_marker_dag.py
[2023-12-06T09:41:16.607+0000] {processor.py:839} INFO - DAG(s) dict_keys(['example_external_task_marker_child', 'example_external_task_marker_parent']) retrieved from /home/airflow/.local/lib/python3.8/site-packages/airflow/example_dags/example_external_task_marker_dag.py
[2023-12-06T09:41:16.634+0000] {logging_mixin.py:154} INFO - [2023-12-06T09:41:16.634+0000] {dag.py:2941} INFO - Sync 2 DAGs
[2023-12-06T09:41:16.648+0000] {logging_mixin.py:154} INFO - [2023-12-06T09:41:16.648+0000] {dag.py:3722} INFO - Setting next_dagrun for example_external_task_marker_child to None, run_after=None
[2023-12-06T09:41:16.652+0000] {logging_mixin.py:154} INFO - [2023-12-06T09:41:16.652+0000] {dag.py:3722} INFO - Setting next_dagrun for example_external_task_marker_parent to None, run_after=None
[2023-12-06T09:41:16.669+0000] {processor.py:179} INFO - Processing /home/airflow/.local/lib/python3.8/site-packages/airflow/example_dags/example_external_task_marker_dag.py took 0.078 seconds
[2023-12-06T09:41:47.106+0000] {processor.py:157} INFO - Started process (PID=628) to work on /home/airflow/.local/lib/python3.8/site-packages/airflow/example_dags/example_external_task_marker_dag.py
[2023-12-06T09:41:47.108+0000] {processor.py:829} INFO - Processing file /home/airflow/.local/lib/python3.8/site-packages/airflow/example_dags/example_external_task_marker_dag.py for tasks to queue
[2023-12-06T09:41:47.111+0000] {logging_mixin.py:154} INFO - [2023-12-06T09:41:47.111+0000] {dagbag.py:536} INFO - Filling up the DagBag from /home/airflow/.local/lib/python3.8/site-packages/airflow/example_dags/example_external_task_marker_dag.py
[2023-12-06T09:41:47.118+0000] {processor.py:839} INFO - DAG(s) dict_keys(['example_external_task_marker_child', 'example_external_task_marker_parent']) retrieved from /home/airflow/.local/lib/python3.8/site-packages/airflow/example_dags/example_external_task_marker_dag.py
[2023-12-06T09:41:47.149+0000] {logging_mixin.py:154} INFO - [2023-12-06T09:41:47.148+0000] {dag.py:2941} INFO - Sync 2 DAGs
[2023-12-06T09:41:47.165+0000] {logging_mixin.py:154} INFO - [2023-12-06T09:41:47.165+0000] {dag.py:3722} INFO - Setting next_dagrun for example_external_task_marker_child to None, run_after=None
[2023-12-06T09:41:47.171+0000] {logging_mixin.py:154} INFO - [2023-12-06T09:41:47.171+0000] {dag.py:3722} INFO - Setting next_dagrun for example_external_task_marker_parent to None, run_after=None
[2023-12-06T09:41:47.192+0000] {processor.py:179} INFO - Processing /home/airflow/.local/lib/python3.8/site-packages/airflow/example_dags/example_external_task_marker_dag.py took 0.092 seconds
[2023-12-06T09:42:17.326+0000] {processor.py:157} INFO - Started process (PID=682) to work on /home/airflow/.local/lib/python3.8/site-packages/airflow/example_dags/example_external_task_marker_dag.py
[2023-12-06T09:42:17.328+0000] {processor.py:829} INFO - Processing file /home/airflow/.local/lib/python3.8/site-packages/airflow/example_dags/example_external_task_marker_dag.py for tasks to queue
[2023-12-06T09:42:17.331+0000] {logging_mixin.py:154} INFO - [2023-12-06T09:42:17.331+0000] {dagbag.py:536} INFO - Filling up the DagBag from /home/airflow/.local/lib/python3.8/site-packages/airflow/example_dags/example_external_task_marker_dag.py
[2023-12-06T09:42:17.339+0000] {processor.py:839} INFO - DAG(s) dict_keys(['example_external_task_marker_child', 'example_external_task_marker_parent']) retrieved from /home/airflow/.local/lib/python3.8/site-packages/airflow/example_dags/example_external_task_marker_dag.py
[2023-12-06T09:42:17.369+0000] {logging_mixin.py:154} INFO - [2023-12-06T09:42:17.369+0000] {dag.py:2941} INFO - Sync 2 DAGs
[2023-12-06T09:42:17.383+0000] {logging_mixin.py:154} INFO - [2023-12-06T09:42:17.383+0000] {dag.py:3722} INFO - Setting next_dagrun for example_external_task_marker_child to None, run_after=None
[2023-12-06T09:42:17.388+0000] {logging_mixin.py:154} INFO - [2023-12-06T09:42:17.388+0000] {dag.py:3722} INFO - Setting next_dagrun for example_external_task_marker_parent to None, run_after=None
[2023-12-06T09:42:17.404+0000] {processor.py:179} INFO - Processing /home/airflow/.local/lib/python3.8/site-packages/airflow/example_dags/example_external_task_marker_dag.py took 0.082 seconds
[2023-12-06T09:42:47.889+0000] {processor.py:157} INFO - Started process (PID=736) to work on /home/airflow/.local/lib/python3.8/site-packages/airflow/example_dags/example_external_task_marker_dag.py
[2023-12-06T09:42:47.891+0000] {processor.py:829} INFO - Processing file /home/airflow/.local/lib/python3.8/site-packages/airflow/example_dags/example_external_task_marker_dag.py for tasks to queue
[2023-12-06T09:42:47.895+0000] {logging_mixin.py:154} INFO - [2023-12-06T09:42:47.895+0000] {dagbag.py:536} INFO - Filling up the DagBag from /home/airflow/.local/lib/python3.8/site-packages/airflow/example_dags/example_external_task_marker_dag.py
[2023-12-06T09:42:47.906+0000] {processor.py:839} INFO - DAG(s) dict_keys(['example_external_task_marker_parent', 'example_external_task_marker_child']) retrieved from /home/airflow/.local/lib/python3.8/site-packages/airflow/example_dags/example_external_task_marker_dag.py
[2023-12-06T09:42:47.934+0000] {logging_mixin.py:154} INFO - [2023-12-06T09:42:47.933+0000] {dag.py:2941} INFO - Sync 2 DAGs
[2023-12-06T09:42:47.948+0000] {logging_mixin.py:154} INFO - [2023-12-06T09:42:47.948+0000] {dag.py:3722} INFO - Setting next_dagrun for example_external_task_marker_child to None, run_after=None
[2023-12-06T09:42:47.953+0000] {logging_mixin.py:154} INFO - [2023-12-06T09:42:47.952+0000] {dag.py:3722} INFO - Setting next_dagrun for example_external_task_marker_parent to None, run_after=None
[2023-12-06T09:42:47.970+0000] {processor.py:179} INFO - Processing /home/airflow/.local/lib/python3.8/site-packages/airflow/example_dags/example_external_task_marker_dag.py took 0.087 seconds
[2023-12-06T09:43:18.137+0000] {processor.py:157} INFO - Started process (PID=791) to work on /home/airflow/.local/lib/python3.8/site-packages/airflow/example_dags/example_external_task_marker_dag.py
[2023-12-06T09:43:18.140+0000] {processor.py:829} INFO - Processing file /home/airflow/.local/lib/python3.8/site-packages/airflow/example_dags/example_external_task_marker_dag.py for tasks to queue
[2023-12-06T09:43:18.143+0000] {logging_mixin.py:154} INFO - [2023-12-06T09:43:18.143+0000] {dagbag.py:536} INFO - Filling up the DagBag from /home/airflow/.local/lib/python3.8/site-packages/airflow/example_dags/example_external_task_marker_dag.py
[2023-12-06T09:43:18.152+0000] {processor.py:839} INFO - DAG(s) dict_keys(['example_external_task_marker_child', 'example_external_task_marker_parent']) retrieved from /home/airflow/.local/lib/python3.8/site-packages/airflow/example_dags/example_external_task_marker_dag.py
[2023-12-06T09:43:18.181+0000] {logging_mixin.py:154} INFO - [2023-12-06T09:43:18.181+0000] {dag.py:2941} INFO - Sync 2 DAGs
[2023-12-06T09:43:18.196+0000] {logging_mixin.py:154} INFO - [2023-12-06T09:43:18.196+0000] {dag.py:3722} INFO - Setting next_dagrun for example_external_task_marker_child to None, run_after=None
[2023-12-06T09:43:18.200+0000] {logging_mixin.py:154} INFO - [2023-12-06T09:43:18.200+0000] {dag.py:3722} INFO - Setting next_dagrun for example_external_task_marker_parent to None, run_after=None
[2023-12-06T09:43:18.217+0000] {processor.py:179} INFO - Processing /home/airflow/.local/lib/python3.8/site-packages/airflow/example_dags/example_external_task_marker_dag.py took 0.085 seconds
[2023-12-06T09:43:49.110+0000] {processor.py:157} INFO - Started process (PID=845) to work on /home/airflow/.local/lib/python3.8/site-packages/airflow/example_dags/example_external_task_marker_dag.py
[2023-12-06T09:43:49.111+0000] {processor.py:829} INFO - Processing file /home/airflow/.local/lib/python3.8/site-packages/airflow/example_dags/example_external_task_marker_dag.py for tasks to queue
[2023-12-06T09:43:49.115+0000] {logging_mixin.py:154} INFO - [2023-12-06T09:43:49.114+0000] {dagbag.py:536} INFO - Filling up the DagBag from /home/airflow/.local/lib/python3.8/site-packages/airflow/example_dags/example_external_task_marker_dag.py
[2023-12-06T09:43:49.123+0000] {processor.py:839} INFO - DAG(s) dict_keys(['example_external_task_marker_child', 'example_external_task_marker_parent']) retrieved from /home/airflow/.local/lib/python3.8/site-packages/airflow/example_dags/example_external_task_marker_dag.py
[2023-12-06T09:43:49.151+0000] {logging_mixin.py:154} INFO - [2023-12-06T09:43:49.151+0000] {dag.py:2941} INFO - Sync 2 DAGs
[2023-12-06T09:43:49.166+0000] {logging_mixin.py:154} INFO - [2023-12-06T09:43:49.166+0000] {dag.py:3722} INFO - Setting next_dagrun for example_external_task_marker_child to None, run_after=None
[2023-12-06T09:43:49.171+0000] {logging_mixin.py:154} INFO - [2023-12-06T09:43:49.171+0000] {dag.py:3722} INFO - Setting next_dagrun for example_external_task_marker_parent to None, run_after=None
[2023-12-06T09:43:49.189+0000] {processor.py:179} INFO - Processing /home/airflow/.local/lib/python3.8/site-packages/airflow/example_dags/example_external_task_marker_dag.py took 0.084 seconds
[2023-12-06T09:44:19.309+0000] {processor.py:157} INFO - Started process (PID=899) to work on /home/airflow/.local/lib/python3.8/site-packages/airflow/example_dags/example_external_task_marker_dag.py
[2023-12-06T09:44:19.311+0000] {processor.py:829} INFO - Processing file /home/airflow/.local/lib/python3.8/site-packages/airflow/example_dags/example_external_task_marker_dag.py for tasks to queue
[2023-12-06T09:44:19.316+0000] {logging_mixin.py:154} INFO - [2023-12-06T09:44:19.315+0000] {dagbag.py:536} INFO - Filling up the DagBag from /home/airflow/.local/lib/python3.8/site-packages/airflow/example_dags/example_external_task_marker_dag.py
[2023-12-06T09:44:19.324+0000] {processor.py:839} INFO - DAG(s) dict_keys(['example_external_task_marker_child', 'example_external_task_marker_parent']) retrieved from /home/airflow/.local/lib/python3.8/site-packages/airflow/example_dags/example_external_task_marker_dag.py
[2023-12-06T09:44:19.353+0000] {logging_mixin.py:154} INFO - [2023-12-06T09:44:19.353+0000] {dag.py:2941} INFO - Sync 2 DAGs
[2023-12-06T09:44:19.369+0000] {logging_mixin.py:154} INFO - [2023-12-06T09:44:19.369+0000] {dag.py:3722} INFO - Setting next_dagrun for example_external_task_marker_child to None, run_after=None
[2023-12-06T09:44:19.373+0000] {logging_mixin.py:154} INFO - [2023-12-06T09:44:19.373+0000] {dag.py:3722} INFO - Setting next_dagrun for example_external_task_marker_parent to None, run_after=None
[2023-12-06T09:44:19.390+0000] {processor.py:179} INFO - Processing /home/airflow/.local/lib/python3.8/site-packages/airflow/example_dags/example_external_task_marker_dag.py took 0.086 seconds
[2023-12-06T09:44:49.612+0000] {processor.py:157} INFO - Started process (PID=953) to work on /home/airflow/.local/lib/python3.8/site-packages/airflow/example_dags/example_external_task_marker_dag.py
[2023-12-06T09:44:49.614+0000] {processor.py:829} INFO - Processing file /home/airflow/.local/lib/python3.8/site-packages/airflow/example_dags/example_external_task_marker_dag.py for tasks to queue
[2023-12-06T09:44:49.618+0000] {logging_mixin.py:154} INFO - [2023-12-06T09:44:49.618+0000] {dagbag.py:536} INFO - Filling up the DagBag from /home/airflow/.local/lib/python3.8/site-packages/airflow/example_dags/example_external_task_marker_dag.py
[2023-12-06T09:44:49.626+0000] {processor.py:839} INFO - DAG(s) dict_keys(['example_external_task_marker_parent', 'example_external_task_marker_child']) retrieved from /home/airflow/.local/lib/python3.8/site-packages/airflow/example_dags/example_external_task_marker_dag.py
[2023-12-06T09:44:49.653+0000] {logging_mixin.py:154} INFO - [2023-12-06T09:44:49.653+0000] {dag.py:2941} INFO - Sync 2 DAGs
[2023-12-06T09:44:49.667+0000] {logging_mixin.py:154} INFO - [2023-12-06T09:44:49.667+0000] {dag.py:3722} INFO - Setting next_dagrun for example_external_task_marker_child to None, run_after=None
[2023-12-06T09:44:49.671+0000] {logging_mixin.py:154} INFO - [2023-12-06T09:44:49.671+0000] {dag.py:3722} INFO - Setting next_dagrun for example_external_task_marker_parent to None, run_after=None
[2023-12-06T09:44:49.687+0000] {processor.py:179} INFO - Processing /home/airflow/.local/lib/python3.8/site-packages/airflow/example_dags/example_external_task_marker_dag.py took 0.080 seconds
[2023-12-06T09:45:19.793+0000] {processor.py:157} INFO - Started process (PID=1007) to work on /home/airflow/.local/lib/python3.8/site-packages/airflow/example_dags/example_external_task_marker_dag.py
[2023-12-06T09:45:19.795+0000] {processor.py:829} INFO - Processing file /home/airflow/.local/lib/python3.8/site-packages/airflow/example_dags/example_external_task_marker_dag.py for tasks to queue
[2023-12-06T09:45:19.798+0000] {logging_mixin.py:154} INFO - [2023-12-06T09:45:19.797+0000] {dagbag.py:536} INFO - Filling up the DagBag from /home/airflow/.local/lib/python3.8/site-packages/airflow/example_dags/example_external_task_marker_dag.py
[2023-12-06T09:45:19.804+0000] {processor.py:839} INFO - DAG(s) dict_keys(['example_external_task_marker_parent', 'example_external_task_marker_child']) retrieved from /home/airflow/.local/lib/python3.8/site-packages/airflow/example_dags/example_external_task_marker_dag.py
[2023-12-06T09:45:19.831+0000] {logging_mixin.py:154} INFO - [2023-12-06T09:45:19.831+0000] {dag.py:2941} INFO - Sync 2 DAGs
[2023-12-06T09:45:19.846+0000] {logging_mixin.py:154} INFO - [2023-12-06T09:45:19.845+0000] {dag.py:3722} INFO - Setting next_dagrun for example_external_task_marker_child to None, run_after=None
[2023-12-06T09:45:19.850+0000] {logging_mixin.py:154} INFO - [2023-12-06T09:45:19.850+0000] {dag.py:3722} INFO - Setting next_dagrun for example_external_task_marker_parent to None, run_after=None
[2023-12-06T09:45:19.867+0000] {processor.py:179} INFO - Processing /home/airflow/.local/lib/python3.8/site-packages/airflow/example_dags/example_external_task_marker_dag.py took 0.078 seconds
[2023-12-06T09:45:49.960+0000] {processor.py:157} INFO - Started process (PID=1073) to work on /home/airflow/.local/lib/python3.8/site-packages/airflow/example_dags/example_external_task_marker_dag.py
[2023-12-06T09:45:49.962+0000] {processor.py:829} INFO - Processing file /home/airflow/.local/lib/python3.8/site-packages/airflow/example_dags/example_external_task_marker_dag.py for tasks to queue
[2023-12-06T09:45:49.965+0000] {logging_mixin.py:154} INFO - [2023-12-06T09:45:49.965+0000] {dagbag.py:536} INFO - Filling up the DagBag from /home/airflow/.local/lib/python3.8/site-packages/airflow/example_dags/example_external_task_marker_dag.py
[2023-12-06T09:45:49.974+0000] {processor.py:839} INFO - DAG(s) dict_keys(['example_external_task_marker_parent', 'example_external_task_marker_child']) retrieved from /home/airflow/.local/lib/python3.8/site-packages/airflow/example_dags/example_external_task_marker_dag.py
[2023-12-06T09:45:50.003+0000] {logging_mixin.py:154} INFO - [2023-12-06T09:45:50.002+0000] {dag.py:2941} INFO - Sync 2 DAGs
[2023-12-06T09:45:50.017+0000] {logging_mixin.py:154} INFO - [2023-12-06T09:45:50.016+0000] {dag.py:3722} INFO - Setting next_dagrun for example_external_task_marker_child to None, run_after=None
[2023-12-06T09:45:50.022+0000] {logging_mixin.py:154} INFO - [2023-12-06T09:45:50.022+0000] {dag.py:3722} INFO - Setting next_dagrun for example_external_task_marker_parent to None, run_after=None
[2023-12-06T09:45:50.052+0000] {processor.py:179} INFO - Processing /home/airflow/.local/lib/python3.8/site-packages/airflow/example_dags/example_external_task_marker_dag.py took 0.097 seconds
[2023-12-06T09:46:20.205+0000] {processor.py:157} INFO - Started process (PID=1130) to work on /home/airflow/.local/lib/python3.8/site-packages/airflow/example_dags/example_external_task_marker_dag.py
[2023-12-06T09:46:20.207+0000] {processor.py:829} INFO - Processing file /home/airflow/.local/lib/python3.8/site-packages/airflow/example_dags/example_external_task_marker_dag.py for tasks to queue
[2023-12-06T09:46:20.211+0000] {logging_mixin.py:154} INFO - [2023-12-06T09:46:20.211+0000] {dagbag.py:536} INFO - Filling up the DagBag from /home/airflow/.local/lib/python3.8/site-packages/airflow/example_dags/example_external_task_marker_dag.py
[2023-12-06T09:46:20.219+0000] {processor.py:839} INFO - DAG(s) dict_keys(['example_external_task_marker_parent', 'example_external_task_marker_child']) retrieved from /home/airflow/.local/lib/python3.8/site-packages/airflow/example_dags/example_external_task_marker_dag.py
[2023-12-06T09:46:20.246+0000] {logging_mixin.py:154} INFO - [2023-12-06T09:46:20.245+0000] {dag.py:2941} INFO - Sync 2 DAGs
[2023-12-06T09:46:20.264+0000] {logging_mixin.py:154} INFO - [2023-12-06T09:46:20.264+0000] {dag.py:3722} INFO - Setting next_dagrun for example_external_task_marker_child to None, run_after=None
[2023-12-06T09:46:20.270+0000] {logging_mixin.py:154} INFO - [2023-12-06T09:46:20.269+0000] {dag.py:3722} INFO - Setting next_dagrun for example_external_task_marker_parent to None, run_after=None
[2023-12-06T09:46:20.291+0000] {processor.py:179} INFO - Processing /home/airflow/.local/lib/python3.8/site-packages/airflow/example_dags/example_external_task_marker_dag.py took 0.091 seconds
[2023-12-06T09:46:50.823+0000] {processor.py:157} INFO - Started process (PID=1185) to work on /home/airflow/.local/lib/python3.8/site-packages/airflow/example_dags/example_external_task_marker_dag.py
[2023-12-06T09:46:50.826+0000] {processor.py:829} INFO - Processing file /home/airflow/.local/lib/python3.8/site-packages/airflow/example_dags/example_external_task_marker_dag.py for tasks to queue
[2023-12-06T09:46:50.829+0000] {logging_mixin.py:154} INFO - [2023-12-06T09:46:50.828+0000] {dagbag.py:536} INFO - Filling up the DagBag from /home/airflow/.local/lib/python3.8/site-packages/airflow/example_dags/example_external_task_marker_dag.py
[2023-12-06T09:46:50.837+0000] {processor.py:839} INFO - DAG(s) dict_keys(['example_external_task_marker_child', 'example_external_task_marker_parent']) retrieved from /home/airflow/.local/lib/python3.8/site-packages/airflow/example_dags/example_external_task_marker_dag.py
[2023-12-06T09:46:50.863+0000] {logging_mixin.py:154} INFO - [2023-12-06T09:46:50.862+0000] {dag.py:2941} INFO - Sync 2 DAGs
[2023-12-06T09:46:50.877+0000] {logging_mixin.py:154} INFO - [2023-12-06T09:46:50.876+0000] {dag.py:3722} INFO - Setting next_dagrun for example_external_task_marker_child to None, run_after=None
[2023-12-06T09:46:50.880+0000] {logging_mixin.py:154} INFO - [2023-12-06T09:46:50.880+0000] {dag.py:3722} INFO - Setting next_dagrun for example_external_task_marker_parent to None, run_after=None
[2023-12-06T09:46:50.897+0000] {processor.py:179} INFO - Processing /home/airflow/.local/lib/python3.8/site-packages/airflow/example_dags/example_external_task_marker_dag.py took 0.079 seconds
[2023-12-06T09:47:21.197+0000] {processor.py:157} INFO - Started process (PID=1241) to work on /home/airflow/.local/lib/python3.8/site-packages/airflow/example_dags/example_external_task_marker_dag.py
[2023-12-06T09:47:21.199+0000] {processor.py:829} INFO - Processing file /home/airflow/.local/lib/python3.8/site-packages/airflow/example_dags/example_external_task_marker_dag.py for tasks to queue
[2023-12-06T09:47:21.200+0000] {logging_mixin.py:154} INFO - [2023-12-06T09:47:21.200+0000] {dagbag.py:536} INFO - Filling up the DagBag from /home/airflow/.local/lib/python3.8/site-packages/airflow/example_dags/example_external_task_marker_dag.py
[2023-12-06T09:47:21.209+0000] {processor.py:839} INFO - DAG(s) dict_keys(['example_external_task_marker_parent', 'example_external_task_marker_child']) retrieved from /home/airflow/.local/lib/python3.8/site-packages/airflow/example_dags/example_external_task_marker_dag.py
[2023-12-06T09:47:21.237+0000] {logging_mixin.py:154} INFO - [2023-12-06T09:47:21.237+0000] {dag.py:2941} INFO - Sync 2 DAGs
[2023-12-06T09:47:21.251+0000] {logging_mixin.py:154} INFO - [2023-12-06T09:47:21.251+0000] {dag.py:3722} INFO - Setting next_dagrun for example_external_task_marker_child to None, run_after=None
[2023-12-06T09:47:21.255+0000] {logging_mixin.py:154} INFO - [2023-12-06T09:47:21.255+0000] {dag.py:3722} INFO - Setting next_dagrun for example_external_task_marker_parent to None, run_after=None
[2023-12-06T09:47:21.272+0000] {processor.py:179} INFO - Processing /home/airflow/.local/lib/python3.8/site-packages/airflow/example_dags/example_external_task_marker_dag.py took 0.080 seconds
[2023-12-06T09:47:51.342+0000] {processor.py:157} INFO - Started process (PID=1299) to work on /home/airflow/.local/lib/python3.8/site-packages/airflow/example_dags/example_external_task_marker_dag.py
[2023-12-06T09:47:51.343+0000] {processor.py:829} INFO - Processing file /home/airflow/.local/lib/python3.8/site-packages/airflow/example_dags/example_external_task_marker_dag.py for tasks to queue
[2023-12-06T09:47:51.345+0000] {logging_mixin.py:154} INFO - [2023-12-06T09:47:51.344+0000] {dagbag.py:536} INFO - Filling up the DagBag from /home/airflow/.local/lib/python3.8/site-packages/airflow/example_dags/example_external_task_marker_dag.py
[2023-12-06T09:47:51.353+0000] {processor.py:839} INFO - DAG(s) dict_keys(['example_external_task_marker_child', 'example_external_task_marker_parent']) retrieved from /home/airflow/.local/lib/python3.8/site-packages/airflow/example_dags/example_external_task_marker_dag.py
[2023-12-06T09:47:51.384+0000] {logging_mixin.py:154} INFO - [2023-12-06T09:47:51.384+0000] {dag.py:2941} INFO - Sync 2 DAGs
[2023-12-06T09:47:51.402+0000] {logging_mixin.py:154} INFO - [2023-12-06T09:47:51.401+0000] {dag.py:3722} INFO - Setting next_dagrun for example_external_task_marker_child to None, run_after=None
[2023-12-06T09:47:51.407+0000] {logging_mixin.py:154} INFO - [2023-12-06T09:47:51.407+0000] {dag.py:3722} INFO - Setting next_dagrun for example_external_task_marker_parent to None, run_after=None
[2023-12-06T09:47:51.426+0000] {processor.py:179} INFO - Processing /home/airflow/.local/lib/python3.8/site-packages/airflow/example_dags/example_external_task_marker_dag.py took 0.091 seconds
[2023-12-06T09:48:22.034+0000] {processor.py:157} INFO - Started process (PID=1356) to work on /home/airflow/.local/lib/python3.8/site-packages/airflow/example_dags/example_external_task_marker_dag.py
[2023-12-06T09:48:22.036+0000] {processor.py:829} INFO - Processing file /home/airflow/.local/lib/python3.8/site-packages/airflow/example_dags/example_external_task_marker_dag.py for tasks to queue
[2023-12-06T09:48:22.038+0000] {logging_mixin.py:154} INFO - [2023-12-06T09:48:22.037+0000] {dagbag.py:536} INFO - Filling up the DagBag from /home/airflow/.local/lib/python3.8/site-packages/airflow/example_dags/example_external_task_marker_dag.py
[2023-12-06T09:48:22.046+0000] {processor.py:839} INFO - DAG(s) dict_keys(['example_external_task_marker_parent', 'example_external_task_marker_child']) retrieved from /home/airflow/.local/lib/python3.8/site-packages/airflow/example_dags/example_external_task_marker_dag.py
[2023-12-06T09:48:22.079+0000] {logging_mixin.py:154} INFO - [2023-12-06T09:48:22.079+0000] {dag.py:2941} INFO - Sync 2 DAGs
[2023-12-06T09:48:22.093+0000] {logging_mixin.py:154} INFO - [2023-12-06T09:48:22.093+0000] {dag.py:3722} INFO - Setting next_dagrun for example_external_task_marker_child to None, run_after=None
[2023-12-06T09:48:22.097+0000] {logging_mixin.py:154} INFO - [2023-12-06T09:48:22.097+0000] {dag.py:3722} INFO - Setting next_dagrun for example_external_task_marker_parent to None, run_after=None
[2023-12-06T09:48:22.115+0000] {processor.py:179} INFO - Processing /home/airflow/.local/lib/python3.8/site-packages/airflow/example_dags/example_external_task_marker_dag.py took 0.086 seconds
[2023-12-06T09:48:52.627+0000] {processor.py:157} INFO - Started process (PID=1416) to work on /home/airflow/.local/lib/python3.8/site-packages/airflow/example_dags/example_external_task_marker_dag.py
[2023-12-06T09:48:52.628+0000] {processor.py:829} INFO - Processing file /home/airflow/.local/lib/python3.8/site-packages/airflow/example_dags/example_external_task_marker_dag.py for tasks to queue
[2023-12-06T09:48:52.630+0000] {logging_mixin.py:154} INFO - [2023-12-06T09:48:52.629+0000] {dagbag.py:536} INFO - Filling up the DagBag from /home/airflow/.local/lib/python3.8/site-packages/airflow/example_dags/example_external_task_marker_dag.py
[2023-12-06T09:48:52.641+0000] {processor.py:839} INFO - DAG(s) dict_keys(['example_external_task_marker_parent', 'example_external_task_marker_child']) retrieved from /home/airflow/.local/lib/python3.8/site-packages/airflow/example_dags/example_external_task_marker_dag.py
[2023-12-06T09:48:52.714+0000] {logging_mixin.py:154} INFO - [2023-12-06T09:48:52.714+0000] {dag.py:2941} INFO - Sync 2 DAGs
[2023-12-06T09:48:52.746+0000] {logging_mixin.py:154} INFO - [2023-12-06T09:48:52.746+0000] {dag.py:3722} INFO - Setting next_dagrun for example_external_task_marker_child to None, run_after=None
[2023-12-06T09:48:52.751+0000] {logging_mixin.py:154} INFO - [2023-12-06T09:48:52.751+0000] {dag.py:3722} INFO - Setting next_dagrun for example_external_task_marker_parent to None, run_after=None
[2023-12-06T09:48:52.769+0000] {processor.py:179} INFO - Processing /home/airflow/.local/lib/python3.8/site-packages/airflow/example_dags/example_external_task_marker_dag.py took 0.150 seconds
[2023-12-06T09:49:23.062+0000] {processor.py:157} INFO - Started process (PID=1472) to work on /home/airflow/.local/lib/python3.8/site-packages/airflow/example_dags/example_external_task_marker_dag.py
[2023-12-06T09:49:23.064+0000] {processor.py:829} INFO - Processing file /home/airflow/.local/lib/python3.8/site-packages/airflow/example_dags/example_external_task_marker_dag.py for tasks to queue
[2023-12-06T09:49:23.066+0000] {logging_mixin.py:154} INFO - [2023-12-06T09:49:23.065+0000] {dagbag.py:536} INFO - Filling up the DagBag from /home/airflow/.local/lib/python3.8/site-packages/airflow/example_dags/example_external_task_marker_dag.py
[2023-12-06T09:49:23.076+0000] {processor.py:839} INFO - DAG(s) dict_keys(['example_external_task_marker_parent', 'example_external_task_marker_child']) retrieved from /home/airflow/.local/lib/python3.8/site-packages/airflow/example_dags/example_external_task_marker_dag.py
[2023-12-06T09:49:23.103+0000] {logging_mixin.py:154} INFO - [2023-12-06T09:49:23.103+0000] {dag.py:2941} INFO - Sync 2 DAGs
[2023-12-06T09:49:23.118+0000] {logging_mixin.py:154} INFO - [2023-12-06T09:49:23.118+0000] {dag.py:3722} INFO - Setting next_dagrun for example_external_task_marker_child to None, run_after=None
[2023-12-06T09:49:23.254+0000] {logging_mixin.py:154} INFO - [2023-12-06T09:49:23.254+0000] {dag.py:3722} INFO - Setting next_dagrun for example_external_task_marker_parent to None, run_after=None
[2023-12-06T09:49:23.275+0000] {processor.py:179} INFO - Processing /home/airflow/.local/lib/python3.8/site-packages/airflow/example_dags/example_external_task_marker_dag.py took 0.217 seconds
[2023-12-06T09:49:54.281+0000] {processor.py:157} INFO - Started process (PID=1528) to work on /home/airflow/.local/lib/python3.8/site-packages/airflow/example_dags/example_external_task_marker_dag.py
[2023-12-06T09:49:54.282+0000] {processor.py:829} INFO - Processing file /home/airflow/.local/lib/python3.8/site-packages/airflow/example_dags/example_external_task_marker_dag.py for tasks to queue
[2023-12-06T09:49:54.284+0000] {logging_mixin.py:154} INFO - [2023-12-06T09:49:54.283+0000] {dagbag.py:536} INFO - Filling up the DagBag from /home/airflow/.local/lib/python3.8/site-packages/airflow/example_dags/example_external_task_marker_dag.py
[2023-12-06T09:49:54.292+0000] {processor.py:839} INFO - DAG(s) dict_keys(['example_external_task_marker_parent', 'example_external_task_marker_child']) retrieved from /home/airflow/.local/lib/python3.8/site-packages/airflow/example_dags/example_external_task_marker_dag.py
[2023-12-06T09:49:54.329+0000] {logging_mixin.py:154} INFO - [2023-12-06T09:49:54.329+0000] {dag.py:2941} INFO - Sync 2 DAGs
[2023-12-06T09:49:54.345+0000] {logging_mixin.py:154} INFO - [2023-12-06T09:49:54.345+0000] {dag.py:3722} INFO - Setting next_dagrun for example_external_task_marker_child to None, run_after=None
[2023-12-06T09:49:54.350+0000] {logging_mixin.py:154} INFO - [2023-12-06T09:49:54.350+0000] {dag.py:3722} INFO - Setting next_dagrun for example_external_task_marker_parent to None, run_after=None
[2023-12-06T09:49:54.389+0000] {processor.py:179} INFO - Processing /home/airflow/.local/lib/python3.8/site-packages/airflow/example_dags/example_external_task_marker_dag.py took 0.113 seconds
[2023-12-06T09:50:24.564+0000] {processor.py:157} INFO - Started process (PID=1584) to work on /home/airflow/.local/lib/python3.8/site-packages/airflow/example_dags/example_external_task_marker_dag.py
[2023-12-06T09:50:24.565+0000] {processor.py:829} INFO - Processing file /home/airflow/.local/lib/python3.8/site-packages/airflow/example_dags/example_external_task_marker_dag.py for tasks to queue
[2023-12-06T09:50:24.566+0000] {logging_mixin.py:154} INFO - [2023-12-06T09:50:24.566+0000] {dagbag.py:536} INFO - Filling up the DagBag from /home/airflow/.local/lib/python3.8/site-packages/airflow/example_dags/example_external_task_marker_dag.py
[2023-12-06T09:50:24.574+0000] {processor.py:839} INFO - DAG(s) dict_keys(['example_external_task_marker_parent', 'example_external_task_marker_child']) retrieved from /home/airflow/.local/lib/python3.8/site-packages/airflow/example_dags/example_external_task_marker_dag.py
[2023-12-06T09:50:24.603+0000] {logging_mixin.py:154} INFO - [2023-12-06T09:50:24.603+0000] {dag.py:2941} INFO - Sync 2 DAGs
[2023-12-06T09:50:24.616+0000] {logging_mixin.py:154} INFO - [2023-12-06T09:50:24.616+0000] {dag.py:3722} INFO - Setting next_dagrun for example_external_task_marker_child to None, run_after=None
[2023-12-06T09:50:24.620+0000] {logging_mixin.py:154} INFO - [2023-12-06T09:50:24.620+0000] {dag.py:3722} INFO - Setting next_dagrun for example_external_task_marker_parent to None, run_after=None
[2023-12-06T09:50:24.635+0000] {processor.py:179} INFO - Processing /home/airflow/.local/lib/python3.8/site-packages/airflow/example_dags/example_external_task_marker_dag.py took 0.076 seconds
