[2023-12-06T09:36:16.350+0000] {processor.py:157} INFO - Started process (PID=67) to work on /home/airflow/.local/lib/python3.8/site-packages/airflow/example_dags/example_trigger_target_dag.py
[2023-12-06T09:36:16.351+0000] {processor.py:829} INFO - Processing file /home/airflow/.local/lib/python3.8/site-packages/airflow/example_dags/example_trigger_target_dag.py for tasks to queue
[2023-12-06T09:36:16.354+0000] {logging_mixin.py:154} INFO - [2023-12-06T09:36:16.354+0000] {dagbag.py:536} INFO - Filling up the DagBag from /home/airflow/.local/lib/python3.8/site-packages/airflow/example_dags/example_trigger_target_dag.py
[2023-12-06T09:36:16.364+0000] {processor.py:839} INFO - DAG(s) dict_keys(['example_trigger_target_dag']) retrieved from /home/airflow/.local/lib/python3.8/site-packages/airflow/example_dags/example_trigger_target_dag.py
[2023-12-06T09:36:16.480+0000] {logging_mixin.py:154} INFO - [2023-12-06T09:36:16.480+0000] {manager.py:499} INFO - Created Permission View: %s
[2023-12-06T09:36:16.491+0000] {logging_mixin.py:154} INFO - [2023-12-06T09:36:16.491+0000] {manager.py:499} INFO - Created Permission View: %s
[2023-12-06T09:36:16.499+0000] {logging_mixin.py:154} INFO - [2023-12-06T09:36:16.499+0000] {manager.py:499} INFO - Created Permission View: %s
[2023-12-06T09:36:16.500+0000] {logging_mixin.py:154} INFO - [2023-12-06T09:36:16.500+0000] {dag.py:2941} INFO - Sync 1 DAGs
[2023-12-06T09:36:16.522+0000] {logging_mixin.py:154} INFO - [2023-12-06T09:36:16.522+0000] {dag.py:2963} INFO - Creating ORM DAG for example_trigger_target_dag
[2023-12-06T09:36:16.523+0000] {logging_mixin.py:154} INFO - [2023-12-06T09:36:16.523+0000] {dag.py:3722} INFO - Setting next_dagrun for example_trigger_target_dag to None, run_after=None
[2023-12-06T09:36:16.541+0000] {processor.py:179} INFO - Processing /home/airflow/.local/lib/python3.8/site-packages/airflow/example_dags/example_trigger_target_dag.py took 0.195 seconds
[2023-12-06T09:36:47.249+0000] {processor.py:157} INFO - Started process (PID=121) to work on /home/airflow/.local/lib/python3.8/site-packages/airflow/example_dags/example_trigger_target_dag.py
[2023-12-06T09:36:47.252+0000] {processor.py:829} INFO - Processing file /home/airflow/.local/lib/python3.8/site-packages/airflow/example_dags/example_trigger_target_dag.py for tasks to queue
[2023-12-06T09:36:47.255+0000] {logging_mixin.py:154} INFO - [2023-12-06T09:36:47.255+0000] {dagbag.py:536} INFO - Filling up the DagBag from /home/airflow/.local/lib/python3.8/site-packages/airflow/example_dags/example_trigger_target_dag.py
[2023-12-06T09:36:47.263+0000] {processor.py:839} INFO - DAG(s) dict_keys(['example_trigger_target_dag']) retrieved from /home/airflow/.local/lib/python3.8/site-packages/airflow/example_dags/example_trigger_target_dag.py
[2023-12-06T09:36:47.284+0000] {logging_mixin.py:154} INFO - [2023-12-06T09:36:47.284+0000] {dag.py:2941} INFO - Sync 1 DAGs
[2023-12-06T09:36:47.300+0000] {logging_mixin.py:154} INFO - [2023-12-06T09:36:47.300+0000] {dag.py:3722} INFO - Setting next_dagrun for example_trigger_target_dag to None, run_after=None
[2023-12-06T09:36:47.318+0000] {processor.py:179} INFO - Processing /home/airflow/.local/lib/python3.8/site-packages/airflow/example_dags/example_trigger_target_dag.py took 0.072 seconds
[2023-12-06T09:37:18.073+0000] {processor.py:157} INFO - Started process (PID=175) to work on /home/airflow/.local/lib/python3.8/site-packages/airflow/example_dags/example_trigger_target_dag.py
[2023-12-06T09:37:18.074+0000] {processor.py:829} INFO - Processing file /home/airflow/.local/lib/python3.8/site-packages/airflow/example_dags/example_trigger_target_dag.py for tasks to queue
[2023-12-06T09:37:18.077+0000] {logging_mixin.py:154} INFO - [2023-12-06T09:37:18.077+0000] {dagbag.py:536} INFO - Filling up the DagBag from /home/airflow/.local/lib/python3.8/site-packages/airflow/example_dags/example_trigger_target_dag.py
[2023-12-06T09:37:18.084+0000] {processor.py:839} INFO - DAG(s) dict_keys(['example_trigger_target_dag']) retrieved from /home/airflow/.local/lib/python3.8/site-packages/airflow/example_dags/example_trigger_target_dag.py
[2023-12-06T09:37:18.106+0000] {logging_mixin.py:154} INFO - [2023-12-06T09:37:18.106+0000] {dag.py:2941} INFO - Sync 1 DAGs
[2023-12-06T09:37:18.120+0000] {logging_mixin.py:154} INFO - [2023-12-06T09:37:18.120+0000] {dag.py:3722} INFO - Setting next_dagrun for example_trigger_target_dag to None, run_after=None
[2023-12-06T09:37:18.139+0000] {processor.py:179} INFO - Processing /home/airflow/.local/lib/python3.8/site-packages/airflow/example_dags/example_trigger_target_dag.py took 0.070 seconds
[2023-12-06T09:37:48.872+0000] {processor.py:157} INFO - Started process (PID=229) to work on /home/airflow/.local/lib/python3.8/site-packages/airflow/example_dags/example_trigger_target_dag.py
[2023-12-06T09:37:48.874+0000] {processor.py:829} INFO - Processing file /home/airflow/.local/lib/python3.8/site-packages/airflow/example_dags/example_trigger_target_dag.py for tasks to queue
[2023-12-06T09:37:48.895+0000] {logging_mixin.py:154} INFO - [2023-12-06T09:37:48.894+0000] {dagbag.py:536} INFO - Filling up the DagBag from /home/airflow/.local/lib/python3.8/site-packages/airflow/example_dags/example_trigger_target_dag.py
[2023-12-06T09:37:48.922+0000] {processor.py:839} INFO - DAG(s) dict_keys(['example_trigger_target_dag']) retrieved from /home/airflow/.local/lib/python3.8/site-packages/airflow/example_dags/example_trigger_target_dag.py
[2023-12-06T09:37:48.954+0000] {logging_mixin.py:154} INFO - [2023-12-06T09:37:48.954+0000] {dag.py:2941} INFO - Sync 1 DAGs
[2023-12-06T09:37:48.967+0000] {logging_mixin.py:154} INFO - [2023-12-06T09:37:48.967+0000] {dag.py:3722} INFO - Setting next_dagrun for example_trigger_target_dag to None, run_after=None
[2023-12-06T09:37:48.984+0000] {processor.py:179} INFO - Processing /home/airflow/.local/lib/python3.8/site-packages/airflow/example_dags/example_trigger_target_dag.py took 0.117 seconds
[2023-12-06T09:38:19.660+0000] {processor.py:157} INFO - Started process (PID=283) to work on /home/airflow/.local/lib/python3.8/site-packages/airflow/example_dags/example_trigger_target_dag.py
[2023-12-06T09:38:19.662+0000] {processor.py:829} INFO - Processing file /home/airflow/.local/lib/python3.8/site-packages/airflow/example_dags/example_trigger_target_dag.py for tasks to queue
[2023-12-06T09:38:19.664+0000] {logging_mixin.py:154} INFO - [2023-12-06T09:38:19.664+0000] {dagbag.py:536} INFO - Filling up the DagBag from /home/airflow/.local/lib/python3.8/site-packages/airflow/example_dags/example_trigger_target_dag.py
[2023-12-06T09:38:19.671+0000] {processor.py:839} INFO - DAG(s) dict_keys(['example_trigger_target_dag']) retrieved from /home/airflow/.local/lib/python3.8/site-packages/airflow/example_dags/example_trigger_target_dag.py
[2023-12-06T09:38:19.693+0000] {logging_mixin.py:154} INFO - [2023-12-06T09:38:19.693+0000] {dag.py:2941} INFO - Sync 1 DAGs
[2023-12-06T09:38:19.707+0000] {logging_mixin.py:154} INFO - [2023-12-06T09:38:19.706+0000] {dag.py:3722} INFO - Setting next_dagrun for example_trigger_target_dag to None, run_after=None
[2023-12-06T09:38:19.725+0000] {processor.py:179} INFO - Processing /home/airflow/.local/lib/python3.8/site-packages/airflow/example_dags/example_trigger_target_dag.py took 0.069 seconds
[2023-12-06T09:38:50.664+0000] {processor.py:157} INFO - Started process (PID=338) to work on /home/airflow/.local/lib/python3.8/site-packages/airflow/example_dags/example_trigger_target_dag.py
[2023-12-06T09:38:50.666+0000] {processor.py:829} INFO - Processing file /home/airflow/.local/lib/python3.8/site-packages/airflow/example_dags/example_trigger_target_dag.py for tasks to queue
[2023-12-06T09:38:50.668+0000] {logging_mixin.py:154} INFO - [2023-12-06T09:38:50.668+0000] {dagbag.py:536} INFO - Filling up the DagBag from /home/airflow/.local/lib/python3.8/site-packages/airflow/example_dags/example_trigger_target_dag.py
[2023-12-06T09:38:50.675+0000] {processor.py:839} INFO - DAG(s) dict_keys(['example_trigger_target_dag']) retrieved from /home/airflow/.local/lib/python3.8/site-packages/airflow/example_dags/example_trigger_target_dag.py
[2023-12-06T09:38:50.696+0000] {logging_mixin.py:154} INFO - [2023-12-06T09:38:50.696+0000] {dag.py:2941} INFO - Sync 1 DAGs
[2023-12-06T09:38:50.710+0000] {logging_mixin.py:154} INFO - [2023-12-06T09:38:50.710+0000] {dag.py:3722} INFO - Setting next_dagrun for example_trigger_target_dag to None, run_after=None
[2023-12-06T09:38:50.741+0000] {processor.py:179} INFO - Processing /home/airflow/.local/lib/python3.8/site-packages/airflow/example_dags/example_trigger_target_dag.py took 0.081 seconds
[2023-12-06T09:39:20.890+0000] {processor.py:157} INFO - Started process (PID=392) to work on /home/airflow/.local/lib/python3.8/site-packages/airflow/example_dags/example_trigger_target_dag.py
[2023-12-06T09:39:20.892+0000] {processor.py:829} INFO - Processing file /home/airflow/.local/lib/python3.8/site-packages/airflow/example_dags/example_trigger_target_dag.py for tasks to queue
[2023-12-06T09:39:20.895+0000] {logging_mixin.py:154} INFO - [2023-12-06T09:39:20.894+0000] {dagbag.py:536} INFO - Filling up the DagBag from /home/airflow/.local/lib/python3.8/site-packages/airflow/example_dags/example_trigger_target_dag.py
[2023-12-06T09:39:20.902+0000] {processor.py:839} INFO - DAG(s) dict_keys(['example_trigger_target_dag']) retrieved from /home/airflow/.local/lib/python3.8/site-packages/airflow/example_dags/example_trigger_target_dag.py
[2023-12-06T09:39:20.924+0000] {logging_mixin.py:154} INFO - [2023-12-06T09:39:20.924+0000] {dag.py:2941} INFO - Sync 1 DAGs
[2023-12-06T09:39:20.938+0000] {logging_mixin.py:154} INFO - [2023-12-06T09:39:20.937+0000] {dag.py:3722} INFO - Setting next_dagrun for example_trigger_target_dag to None, run_after=None
[2023-12-06T09:39:20.955+0000] {processor.py:179} INFO - Processing /home/airflow/.local/lib/python3.8/site-packages/airflow/example_dags/example_trigger_target_dag.py took 0.068 seconds
[2023-12-06T09:39:51.126+0000] {processor.py:157} INFO - Started process (PID=446) to work on /home/airflow/.local/lib/python3.8/site-packages/airflow/example_dags/example_trigger_target_dag.py
[2023-12-06T09:39:51.128+0000] {processor.py:829} INFO - Processing file /home/airflow/.local/lib/python3.8/site-packages/airflow/example_dags/example_trigger_target_dag.py for tasks to queue
[2023-12-06T09:39:51.131+0000] {logging_mixin.py:154} INFO - [2023-12-06T09:39:51.130+0000] {dagbag.py:536} INFO - Filling up the DagBag from /home/airflow/.local/lib/python3.8/site-packages/airflow/example_dags/example_trigger_target_dag.py
[2023-12-06T09:39:51.137+0000] {processor.py:839} INFO - DAG(s) dict_keys(['example_trigger_target_dag']) retrieved from /home/airflow/.local/lib/python3.8/site-packages/airflow/example_dags/example_trigger_target_dag.py
[2023-12-06T09:39:51.158+0000] {logging_mixin.py:154} INFO - [2023-12-06T09:39:51.158+0000] {dag.py:2941} INFO - Sync 1 DAGs
[2023-12-06T09:39:51.172+0000] {logging_mixin.py:154} INFO - [2023-12-06T09:39:51.172+0000] {dag.py:3722} INFO - Setting next_dagrun for example_trigger_target_dag to None, run_after=None
[2023-12-06T09:39:51.189+0000] {processor.py:179} INFO - Processing /home/airflow/.local/lib/python3.8/site-packages/airflow/example_dags/example_trigger_target_dag.py took 0.067 seconds
[2023-12-06T09:40:21.394+0000] {processor.py:157} INFO - Started process (PID=501) to work on /home/airflow/.local/lib/python3.8/site-packages/airflow/example_dags/example_trigger_target_dag.py
[2023-12-06T09:40:21.396+0000] {processor.py:829} INFO - Processing file /home/airflow/.local/lib/python3.8/site-packages/airflow/example_dags/example_trigger_target_dag.py for tasks to queue
[2023-12-06T09:40:21.399+0000] {logging_mixin.py:154} INFO - [2023-12-06T09:40:21.398+0000] {dagbag.py:536} INFO - Filling up the DagBag from /home/airflow/.local/lib/python3.8/site-packages/airflow/example_dags/example_trigger_target_dag.py
[2023-12-06T09:40:21.406+0000] {processor.py:839} INFO - DAG(s) dict_keys(['example_trigger_target_dag']) retrieved from /home/airflow/.local/lib/python3.8/site-packages/airflow/example_dags/example_trigger_target_dag.py
[2023-12-06T09:40:21.428+0000] {logging_mixin.py:154} INFO - [2023-12-06T09:40:21.428+0000] {dag.py:2941} INFO - Sync 1 DAGs
[2023-12-06T09:40:21.442+0000] {logging_mixin.py:154} INFO - [2023-12-06T09:40:21.442+0000] {dag.py:3722} INFO - Setting next_dagrun for example_trigger_target_dag to None, run_after=None
[2023-12-06T09:40:21.461+0000] {processor.py:179} INFO - Processing /home/airflow/.local/lib/python3.8/site-packages/airflow/example_dags/example_trigger_target_dag.py took 0.072 seconds
[2023-12-06T09:40:51.608+0000] {processor.py:157} INFO - Started process (PID=555) to work on /home/airflow/.local/lib/python3.8/site-packages/airflow/example_dags/example_trigger_target_dag.py
[2023-12-06T09:40:51.610+0000] {processor.py:829} INFO - Processing file /home/airflow/.local/lib/python3.8/site-packages/airflow/example_dags/example_trigger_target_dag.py for tasks to queue
[2023-12-06T09:40:51.612+0000] {logging_mixin.py:154} INFO - [2023-12-06T09:40:51.612+0000] {dagbag.py:536} INFO - Filling up the DagBag from /home/airflow/.local/lib/python3.8/site-packages/airflow/example_dags/example_trigger_target_dag.py
[2023-12-06T09:40:51.619+0000] {processor.py:839} INFO - DAG(s) dict_keys(['example_trigger_target_dag']) retrieved from /home/airflow/.local/lib/python3.8/site-packages/airflow/example_dags/example_trigger_target_dag.py
[2023-12-06T09:40:51.640+0000] {logging_mixin.py:154} INFO - [2023-12-06T09:40:51.640+0000] {dag.py:2941} INFO - Sync 1 DAGs
[2023-12-06T09:40:51.653+0000] {logging_mixin.py:154} INFO - [2023-12-06T09:40:51.653+0000] {dag.py:3722} INFO - Setting next_dagrun for example_trigger_target_dag to None, run_after=None
[2023-12-06T09:40:51.672+0000] {processor.py:179} INFO - Processing /home/airflow/.local/lib/python3.8/site-packages/airflow/example_dags/example_trigger_target_dag.py took 0.068 seconds
[2023-12-06T09:41:21.936+0000] {processor.py:157} INFO - Started process (PID=609) to work on /home/airflow/.local/lib/python3.8/site-packages/airflow/example_dags/example_trigger_target_dag.py
[2023-12-06T09:41:21.940+0000] {processor.py:829} INFO - Processing file /home/airflow/.local/lib/python3.8/site-packages/airflow/example_dags/example_trigger_target_dag.py for tasks to queue
[2023-12-06T09:41:21.947+0000] {logging_mixin.py:154} INFO - [2023-12-06T09:41:21.946+0000] {dagbag.py:536} INFO - Filling up the DagBag from /home/airflow/.local/lib/python3.8/site-packages/airflow/example_dags/example_trigger_target_dag.py
[2023-12-06T09:41:21.960+0000] {processor.py:839} INFO - DAG(s) dict_keys(['example_trigger_target_dag']) retrieved from /home/airflow/.local/lib/python3.8/site-packages/airflow/example_dags/example_trigger_target_dag.py
[2023-12-06T09:41:21.994+0000] {logging_mixin.py:154} INFO - [2023-12-06T09:41:21.994+0000] {dag.py:2941} INFO - Sync 1 DAGs
[2023-12-06T09:41:22.013+0000] {logging_mixin.py:154} INFO - [2023-12-06T09:41:22.013+0000] {dag.py:3722} INFO - Setting next_dagrun for example_trigger_target_dag to None, run_after=None
[2023-12-06T09:41:22.039+0000] {processor.py:179} INFO - Processing /home/airflow/.local/lib/python3.8/site-packages/airflow/example_dags/example_trigger_target_dag.py took 0.111 seconds
[2023-12-06T09:41:52.254+0000] {processor.py:157} INFO - Started process (PID=663) to work on /home/airflow/.local/lib/python3.8/site-packages/airflow/example_dags/example_trigger_target_dag.py
[2023-12-06T09:41:52.256+0000] {processor.py:829} INFO - Processing file /home/airflow/.local/lib/python3.8/site-packages/airflow/example_dags/example_trigger_target_dag.py for tasks to queue
[2023-12-06T09:41:52.259+0000] {logging_mixin.py:154} INFO - [2023-12-06T09:41:52.259+0000] {dagbag.py:536} INFO - Filling up the DagBag from /home/airflow/.local/lib/python3.8/site-packages/airflow/example_dags/example_trigger_target_dag.py
[2023-12-06T09:41:52.266+0000] {processor.py:839} INFO - DAG(s) dict_keys(['example_trigger_target_dag']) retrieved from /home/airflow/.local/lib/python3.8/site-packages/airflow/example_dags/example_trigger_target_dag.py
[2023-12-06T09:41:52.287+0000] {logging_mixin.py:154} INFO - [2023-12-06T09:41:52.287+0000] {dag.py:2941} INFO - Sync 1 DAGs
[2023-12-06T09:41:52.301+0000] {logging_mixin.py:154} INFO - [2023-12-06T09:41:52.301+0000] {dag.py:3722} INFO - Setting next_dagrun for example_trigger_target_dag to None, run_after=None
[2023-12-06T09:41:52.320+0000] {processor.py:179} INFO - Processing /home/airflow/.local/lib/python3.8/site-packages/airflow/example_dags/example_trigger_target_dag.py took 0.069 seconds
[2023-12-06T09:42:22.903+0000] {processor.py:157} INFO - Started process (PID=717) to work on /home/airflow/.local/lib/python3.8/site-packages/airflow/example_dags/example_trigger_target_dag.py
[2023-12-06T09:42:22.904+0000] {processor.py:829} INFO - Processing file /home/airflow/.local/lib/python3.8/site-packages/airflow/example_dags/example_trigger_target_dag.py for tasks to queue
[2023-12-06T09:42:22.907+0000] {logging_mixin.py:154} INFO - [2023-12-06T09:42:22.907+0000] {dagbag.py:536} INFO - Filling up the DagBag from /home/airflow/.local/lib/python3.8/site-packages/airflow/example_dags/example_trigger_target_dag.py
[2023-12-06T09:42:22.914+0000] {processor.py:839} INFO - DAG(s) dict_keys(['example_trigger_target_dag']) retrieved from /home/airflow/.local/lib/python3.8/site-packages/airflow/example_dags/example_trigger_target_dag.py
[2023-12-06T09:42:22.935+0000] {logging_mixin.py:154} INFO - [2023-12-06T09:42:22.935+0000] {dag.py:2941} INFO - Sync 1 DAGs
[2023-12-06T09:42:22.952+0000] {logging_mixin.py:154} INFO - [2023-12-06T09:42:22.952+0000] {dag.py:3722} INFO - Setting next_dagrun for example_trigger_target_dag to None, run_after=None
[2023-12-06T09:42:22.980+0000] {processor.py:179} INFO - Processing /home/airflow/.local/lib/python3.8/site-packages/airflow/example_dags/example_trigger_target_dag.py took 0.080 seconds
[2023-12-06T09:42:53.168+0000] {processor.py:157} INFO - Started process (PID=771) to work on /home/airflow/.local/lib/python3.8/site-packages/airflow/example_dags/example_trigger_target_dag.py
[2023-12-06T09:42:53.169+0000] {processor.py:829} INFO - Processing file /home/airflow/.local/lib/python3.8/site-packages/airflow/example_dags/example_trigger_target_dag.py for tasks to queue
[2023-12-06T09:42:53.172+0000] {logging_mixin.py:154} INFO - [2023-12-06T09:42:53.172+0000] {dagbag.py:536} INFO - Filling up the DagBag from /home/airflow/.local/lib/python3.8/site-packages/airflow/example_dags/example_trigger_target_dag.py
[2023-12-06T09:42:53.179+0000] {processor.py:839} INFO - DAG(s) dict_keys(['example_trigger_target_dag']) retrieved from /home/airflow/.local/lib/python3.8/site-packages/airflow/example_dags/example_trigger_target_dag.py
[2023-12-06T09:42:53.201+0000] {logging_mixin.py:154} INFO - [2023-12-06T09:42:53.201+0000] {dag.py:2941} INFO - Sync 1 DAGs
[2023-12-06T09:42:53.215+0000] {logging_mixin.py:154} INFO - [2023-12-06T09:42:53.215+0000] {dag.py:3722} INFO - Setting next_dagrun for example_trigger_target_dag to None, run_after=None
[2023-12-06T09:42:53.234+0000] {processor.py:179} INFO - Processing /home/airflow/.local/lib/python3.8/site-packages/airflow/example_dags/example_trigger_target_dag.py took 0.070 seconds
[2023-12-06T09:43:24.173+0000] {processor.py:157} INFO - Started process (PID=826) to work on /home/airflow/.local/lib/python3.8/site-packages/airflow/example_dags/example_trigger_target_dag.py
[2023-12-06T09:43:24.175+0000] {processor.py:829} INFO - Processing file /home/airflow/.local/lib/python3.8/site-packages/airflow/example_dags/example_trigger_target_dag.py for tasks to queue
[2023-12-06T09:43:24.179+0000] {logging_mixin.py:154} INFO - [2023-12-06T09:43:24.178+0000] {dagbag.py:536} INFO - Filling up the DagBag from /home/airflow/.local/lib/python3.8/site-packages/airflow/example_dags/example_trigger_target_dag.py
[2023-12-06T09:43:24.188+0000] {processor.py:839} INFO - DAG(s) dict_keys(['example_trigger_target_dag']) retrieved from /home/airflow/.local/lib/python3.8/site-packages/airflow/example_dags/example_trigger_target_dag.py
[2023-12-06T09:43:24.213+0000] {logging_mixin.py:154} INFO - [2023-12-06T09:43:24.213+0000] {dag.py:2941} INFO - Sync 1 DAGs
[2023-12-06T09:43:24.230+0000] {logging_mixin.py:154} INFO - [2023-12-06T09:43:24.230+0000] {dag.py:3722} INFO - Setting next_dagrun for example_trigger_target_dag to None, run_after=None
[2023-12-06T09:43:24.253+0000] {processor.py:179} INFO - Processing /home/airflow/.local/lib/python3.8/site-packages/airflow/example_dags/example_trigger_target_dag.py took 0.083 seconds
[2023-12-06T09:43:54.338+0000] {processor.py:157} INFO - Started process (PID=880) to work on /home/airflow/.local/lib/python3.8/site-packages/airflow/example_dags/example_trigger_target_dag.py
[2023-12-06T09:43:54.343+0000] {processor.py:829} INFO - Processing file /home/airflow/.local/lib/python3.8/site-packages/airflow/example_dags/example_trigger_target_dag.py for tasks to queue
[2023-12-06T09:43:54.346+0000] {logging_mixin.py:154} INFO - [2023-12-06T09:43:54.346+0000] {dagbag.py:536} INFO - Filling up the DagBag from /home/airflow/.local/lib/python3.8/site-packages/airflow/example_dags/example_trigger_target_dag.py
[2023-12-06T09:43:54.353+0000] {processor.py:839} INFO - DAG(s) dict_keys(['example_trigger_target_dag']) retrieved from /home/airflow/.local/lib/python3.8/site-packages/airflow/example_dags/example_trigger_target_dag.py
[2023-12-06T09:43:54.373+0000] {logging_mixin.py:154} INFO - [2023-12-06T09:43:54.373+0000] {dag.py:2941} INFO - Sync 1 DAGs
[2023-12-06T09:43:54.386+0000] {logging_mixin.py:154} INFO - [2023-12-06T09:43:54.386+0000] {dag.py:3722} INFO - Setting next_dagrun for example_trigger_target_dag to None, run_after=None
[2023-12-06T09:43:54.404+0000] {processor.py:179} INFO - Processing /home/airflow/.local/lib/python3.8/site-packages/airflow/example_dags/example_trigger_target_dag.py took 0.070 seconds
[2023-12-06T09:44:24.560+0000] {processor.py:157} INFO - Started process (PID=934) to work on /home/airflow/.local/lib/python3.8/site-packages/airflow/example_dags/example_trigger_target_dag.py
[2023-12-06T09:44:24.562+0000] {processor.py:829} INFO - Processing file /home/airflow/.local/lib/python3.8/site-packages/airflow/example_dags/example_trigger_target_dag.py for tasks to queue
[2023-12-06T09:44:24.565+0000] {logging_mixin.py:154} INFO - [2023-12-06T09:44:24.565+0000] {dagbag.py:536} INFO - Filling up the DagBag from /home/airflow/.local/lib/python3.8/site-packages/airflow/example_dags/example_trigger_target_dag.py
[2023-12-06T09:44:24.572+0000] {processor.py:839} INFO - DAG(s) dict_keys(['example_trigger_target_dag']) retrieved from /home/airflow/.local/lib/python3.8/site-packages/airflow/example_dags/example_trigger_target_dag.py
[2023-12-06T09:44:24.593+0000] {logging_mixin.py:154} INFO - [2023-12-06T09:44:24.592+0000] {dag.py:2941} INFO - Sync 1 DAGs
[2023-12-06T09:44:24.606+0000] {logging_mixin.py:154} INFO - [2023-12-06T09:44:24.606+0000] {dag.py:3722} INFO - Setting next_dagrun for example_trigger_target_dag to None, run_after=None
[2023-12-06T09:44:24.626+0000] {processor.py:179} INFO - Processing /home/airflow/.local/lib/python3.8/site-packages/airflow/example_dags/example_trigger_target_dag.py took 0.070 seconds
[2023-12-06T09:44:54.743+0000] {processor.py:157} INFO - Started process (PID=988) to work on /home/airflow/.local/lib/python3.8/site-packages/airflow/example_dags/example_trigger_target_dag.py
[2023-12-06T09:44:54.744+0000] {processor.py:829} INFO - Processing file /home/airflow/.local/lib/python3.8/site-packages/airflow/example_dags/example_trigger_target_dag.py for tasks to queue
[2023-12-06T09:44:54.747+0000] {logging_mixin.py:154} INFO - [2023-12-06T09:44:54.747+0000] {dagbag.py:536} INFO - Filling up the DagBag from /home/airflow/.local/lib/python3.8/site-packages/airflow/example_dags/example_trigger_target_dag.py
[2023-12-06T09:44:54.754+0000] {processor.py:839} INFO - DAG(s) dict_keys(['example_trigger_target_dag']) retrieved from /home/airflow/.local/lib/python3.8/site-packages/airflow/example_dags/example_trigger_target_dag.py
[2023-12-06T09:44:54.778+0000] {logging_mixin.py:154} INFO - [2023-12-06T09:44:54.778+0000] {dag.py:2941} INFO - Sync 1 DAGs
[2023-12-06T09:44:54.791+0000] {logging_mixin.py:154} INFO - [2023-12-06T09:44:54.791+0000] {dag.py:3722} INFO - Setting next_dagrun for example_trigger_target_dag to None, run_after=None
[2023-12-06T09:44:54.811+0000] {processor.py:179} INFO - Processing /home/airflow/.local/lib/python3.8/site-packages/airflow/example_dags/example_trigger_target_dag.py took 0.072 seconds
[2023-12-06T09:45:24.938+0000] {processor.py:157} INFO - Started process (PID=1042) to work on /home/airflow/.local/lib/python3.8/site-packages/airflow/example_dags/example_trigger_target_dag.py
[2023-12-06T09:45:24.939+0000] {processor.py:829} INFO - Processing file /home/airflow/.local/lib/python3.8/site-packages/airflow/example_dags/example_trigger_target_dag.py for tasks to queue
[2023-12-06T09:45:24.942+0000] {logging_mixin.py:154} INFO - [2023-12-06T09:45:24.942+0000] {dagbag.py:536} INFO - Filling up the DagBag from /home/airflow/.local/lib/python3.8/site-packages/airflow/example_dags/example_trigger_target_dag.py
[2023-12-06T09:45:24.948+0000] {processor.py:839} INFO - DAG(s) dict_keys(['example_trigger_target_dag']) retrieved from /home/airflow/.local/lib/python3.8/site-packages/airflow/example_dags/example_trigger_target_dag.py
[2023-12-06T09:45:24.972+0000] {logging_mixin.py:154} INFO - [2023-12-06T09:45:24.972+0000] {dag.py:2941} INFO - Sync 1 DAGs
[2023-12-06T09:45:24.988+0000] {logging_mixin.py:154} INFO - [2023-12-06T09:45:24.988+0000] {dag.py:3722} INFO - Setting next_dagrun for example_trigger_target_dag to None, run_after=None
[2023-12-06T09:45:25.004+0000] {processor.py:179} INFO - Processing /home/airflow/.local/lib/python3.8/site-packages/airflow/example_dags/example_trigger_target_dag.py took 0.070 seconds
[2023-12-06T09:45:55.086+0000] {processor.py:157} INFO - Started process (PID=1108) to work on /home/airflow/.local/lib/python3.8/site-packages/airflow/example_dags/example_trigger_target_dag.py
[2023-12-06T09:45:55.087+0000] {processor.py:829} INFO - Processing file /home/airflow/.local/lib/python3.8/site-packages/airflow/example_dags/example_trigger_target_dag.py for tasks to queue
[2023-12-06T09:45:55.089+0000] {logging_mixin.py:154} INFO - [2023-12-06T09:45:55.089+0000] {dagbag.py:536} INFO - Filling up the DagBag from /home/airflow/.local/lib/python3.8/site-packages/airflow/example_dags/example_trigger_target_dag.py
[2023-12-06T09:45:55.096+0000] {processor.py:839} INFO - DAG(s) dict_keys(['example_trigger_target_dag']) retrieved from /home/airflow/.local/lib/python3.8/site-packages/airflow/example_dags/example_trigger_target_dag.py
[2023-12-06T09:45:55.116+0000] {logging_mixin.py:154} INFO - [2023-12-06T09:45:55.116+0000] {dag.py:2941} INFO - Sync 1 DAGs
[2023-12-06T09:45:55.130+0000] {logging_mixin.py:154} INFO - [2023-12-06T09:45:55.130+0000] {dag.py:3722} INFO - Setting next_dagrun for example_trigger_target_dag to None, run_after=None
[2023-12-06T09:45:55.148+0000] {processor.py:179} INFO - Processing /home/airflow/.local/lib/python3.8/site-packages/airflow/example_dags/example_trigger_target_dag.py took 0.066 seconds
[2023-12-06T09:46:25.733+0000] {processor.py:157} INFO - Started process (PID=1165) to work on /home/airflow/.local/lib/python3.8/site-packages/airflow/example_dags/example_trigger_target_dag.py
[2023-12-06T09:46:25.734+0000] {processor.py:829} INFO - Processing file /home/airflow/.local/lib/python3.8/site-packages/airflow/example_dags/example_trigger_target_dag.py for tasks to queue
[2023-12-06T09:46:25.737+0000] {logging_mixin.py:154} INFO - [2023-12-06T09:46:25.737+0000] {dagbag.py:536} INFO - Filling up the DagBag from /home/airflow/.local/lib/python3.8/site-packages/airflow/example_dags/example_trigger_target_dag.py
[2023-12-06T09:46:25.743+0000] {processor.py:839} INFO - DAG(s) dict_keys(['example_trigger_target_dag']) retrieved from /home/airflow/.local/lib/python3.8/site-packages/airflow/example_dags/example_trigger_target_dag.py
[2023-12-06T09:46:25.765+0000] {logging_mixin.py:154} INFO - [2023-12-06T09:46:25.764+0000] {dag.py:2941} INFO - Sync 1 DAGs
[2023-12-06T09:46:25.782+0000] {logging_mixin.py:154} INFO - [2023-12-06T09:46:25.782+0000] {dag.py:3722} INFO - Setting next_dagrun for example_trigger_target_dag to None, run_after=None
[2023-12-06T09:46:25.801+0000] {processor.py:179} INFO - Processing /home/airflow/.local/lib/python3.8/site-packages/airflow/example_dags/example_trigger_target_dag.py took 0.072 seconds
[2023-12-06T09:46:56.078+0000] {processor.py:157} INFO - Started process (PID=1220) to work on /home/airflow/.local/lib/python3.8/site-packages/airflow/example_dags/example_trigger_target_dag.py
[2023-12-06T09:46:56.087+0000] {processor.py:829} INFO - Processing file /home/airflow/.local/lib/python3.8/site-packages/airflow/example_dags/example_trigger_target_dag.py for tasks to queue
[2023-12-06T09:46:56.089+0000] {logging_mixin.py:154} INFO - [2023-12-06T09:46:56.089+0000] {dagbag.py:536} INFO - Filling up the DagBag from /home/airflow/.local/lib/python3.8/site-packages/airflow/example_dags/example_trigger_target_dag.py
[2023-12-06T09:46:56.096+0000] {processor.py:839} INFO - DAG(s) dict_keys(['example_trigger_target_dag']) retrieved from /home/airflow/.local/lib/python3.8/site-packages/airflow/example_dags/example_trigger_target_dag.py
[2023-12-06T09:46:56.118+0000] {logging_mixin.py:154} INFO - [2023-12-06T09:46:56.118+0000] {dag.py:2941} INFO - Sync 1 DAGs
[2023-12-06T09:46:56.136+0000] {logging_mixin.py:154} INFO - [2023-12-06T09:46:56.136+0000] {dag.py:3722} INFO - Setting next_dagrun for example_trigger_target_dag to None, run_after=None
[2023-12-06T09:46:56.155+0000] {processor.py:179} INFO - Processing /home/airflow/.local/lib/python3.8/site-packages/airflow/example_dags/example_trigger_target_dag.py took 0.082 seconds
[2023-12-06T09:47:26.298+0000] {processor.py:157} INFO - Started process (PID=1276) to work on /home/airflow/.local/lib/python3.8/site-packages/airflow/example_dags/example_trigger_target_dag.py
[2023-12-06T09:47:26.299+0000] {processor.py:829} INFO - Processing file /home/airflow/.local/lib/python3.8/site-packages/airflow/example_dags/example_trigger_target_dag.py for tasks to queue
[2023-12-06T09:47:26.301+0000] {logging_mixin.py:154} INFO - [2023-12-06T09:47:26.300+0000] {dagbag.py:536} INFO - Filling up the DagBag from /home/airflow/.local/lib/python3.8/site-packages/airflow/example_dags/example_trigger_target_dag.py
[2023-12-06T09:47:26.307+0000] {processor.py:839} INFO - DAG(s) dict_keys(['example_trigger_target_dag']) retrieved from /home/airflow/.local/lib/python3.8/site-packages/airflow/example_dags/example_trigger_target_dag.py
[2023-12-06T09:47:26.334+0000] {logging_mixin.py:154} INFO - [2023-12-06T09:47:26.334+0000] {dag.py:2941} INFO - Sync 1 DAGs
[2023-12-06T09:47:26.348+0000] {logging_mixin.py:154} INFO - [2023-12-06T09:47:26.348+0000] {dag.py:3722} INFO - Setting next_dagrun for example_trigger_target_dag to None, run_after=None
[2023-12-06T09:47:26.365+0000] {processor.py:179} INFO - Processing /home/airflow/.local/lib/python3.8/site-packages/airflow/example_dags/example_trigger_target_dag.py took 0.071 seconds
[2023-12-06T09:47:57.025+0000] {processor.py:157} INFO - Started process (PID=1334) to work on /home/airflow/.local/lib/python3.8/site-packages/airflow/example_dags/example_trigger_target_dag.py
[2023-12-06T09:47:57.027+0000] {processor.py:829} INFO - Processing file /home/airflow/.local/lib/python3.8/site-packages/airflow/example_dags/example_trigger_target_dag.py for tasks to queue
[2023-12-06T09:47:57.028+0000] {logging_mixin.py:154} INFO - [2023-12-06T09:47:57.028+0000] {dagbag.py:536} INFO - Filling up the DagBag from /home/airflow/.local/lib/python3.8/site-packages/airflow/example_dags/example_trigger_target_dag.py
[2023-12-06T09:47:57.036+0000] {processor.py:839} INFO - DAG(s) dict_keys(['example_trigger_target_dag']) retrieved from /home/airflow/.local/lib/python3.8/site-packages/airflow/example_dags/example_trigger_target_dag.py
[2023-12-06T09:47:57.060+0000] {logging_mixin.py:154} INFO - [2023-12-06T09:47:57.059+0000] {dag.py:2941} INFO - Sync 1 DAGs
[2023-12-06T09:47:57.076+0000] {logging_mixin.py:154} INFO - [2023-12-06T09:47:57.075+0000] {dag.py:3722} INFO - Setting next_dagrun for example_trigger_target_dag to None, run_after=None
[2023-12-06T09:47:57.096+0000] {processor.py:179} INFO - Processing /home/airflow/.local/lib/python3.8/site-packages/airflow/example_dags/example_trigger_target_dag.py took 0.077 seconds
[2023-12-06T09:48:28.664+0000] {processor.py:157} INFO - Started process (PID=1401) to work on /home/airflow/.local/lib/python3.8/site-packages/airflow/example_dags/example_trigger_target_dag.py
[2023-12-06T09:48:28.666+0000] {processor.py:829} INFO - Processing file /home/airflow/.local/lib/python3.8/site-packages/airflow/example_dags/example_trigger_target_dag.py for tasks to queue
[2023-12-06T09:48:28.668+0000] {logging_mixin.py:154} INFO - [2023-12-06T09:48:28.668+0000] {dagbag.py:536} INFO - Filling up the DagBag from /home/airflow/.local/lib/python3.8/site-packages/airflow/example_dags/example_trigger_target_dag.py
[2023-12-06T09:48:28.677+0000] {processor.py:839} INFO - DAG(s) dict_keys(['example_trigger_target_dag']) retrieved from /home/airflow/.local/lib/python3.8/site-packages/airflow/example_dags/example_trigger_target_dag.py
[2023-12-06T09:48:28.707+0000] {logging_mixin.py:154} INFO - [2023-12-06T09:48:28.707+0000] {dag.py:2941} INFO - Sync 1 DAGs
[2023-12-06T09:48:28.722+0000] {logging_mixin.py:154} INFO - [2023-12-06T09:48:28.722+0000] {dag.py:3722} INFO - Setting next_dagrun for example_trigger_target_dag to None, run_after=None
[2023-12-06T09:48:28.890+0000] {processor.py:179} INFO - Processing /home/airflow/.local/lib/python3.8/site-packages/airflow/example_dags/example_trigger_target_dag.py took 0.231 seconds
[2023-12-06T09:48:59.731+0000] {processor.py:157} INFO - Started process (PID=1459) to work on /home/airflow/.local/lib/python3.8/site-packages/airflow/example_dags/example_trigger_target_dag.py
[2023-12-06T09:48:59.732+0000] {processor.py:829} INFO - Processing file /home/airflow/.local/lib/python3.8/site-packages/airflow/example_dags/example_trigger_target_dag.py for tasks to queue
[2023-12-06T09:48:59.734+0000] {logging_mixin.py:154} INFO - [2023-12-06T09:48:59.733+0000] {dagbag.py:536} INFO - Filling up the DagBag from /home/airflow/.local/lib/python3.8/site-packages/airflow/example_dags/example_trigger_target_dag.py
[2023-12-06T09:48:59.742+0000] {processor.py:839} INFO - DAG(s) dict_keys(['example_trigger_target_dag']) retrieved from /home/airflow/.local/lib/python3.8/site-packages/airflow/example_dags/example_trigger_target_dag.py
[2023-12-06T09:48:59.767+0000] {logging_mixin.py:154} INFO - [2023-12-06T09:48:59.766+0000] {dag.py:2941} INFO - Sync 1 DAGs
[2023-12-06T09:48:59.780+0000] {logging_mixin.py:154} INFO - [2023-12-06T09:48:59.780+0000] {dag.py:3722} INFO - Setting next_dagrun for example_trigger_target_dag to None, run_after=None
[2023-12-06T09:48:59.799+0000] {processor.py:179} INFO - Processing /home/airflow/.local/lib/python3.8/site-packages/airflow/example_dags/example_trigger_target_dag.py took 0.074 seconds
[2023-12-06T09:49:30.150+0000] {processor.py:157} INFO - Started process (PID=1515) to work on /home/airflow/.local/lib/python3.8/site-packages/airflow/example_dags/example_trigger_target_dag.py
[2023-12-06T09:49:30.152+0000] {processor.py:829} INFO - Processing file /home/airflow/.local/lib/python3.8/site-packages/airflow/example_dags/example_trigger_target_dag.py for tasks to queue
[2023-12-06T09:49:30.153+0000] {logging_mixin.py:154} INFO - [2023-12-06T09:49:30.153+0000] {dagbag.py:536} INFO - Filling up the DagBag from /home/airflow/.local/lib/python3.8/site-packages/airflow/example_dags/example_trigger_target_dag.py
[2023-12-06T09:49:30.160+0000] {processor.py:839} INFO - DAG(s) dict_keys(['example_trigger_target_dag']) retrieved from /home/airflow/.local/lib/python3.8/site-packages/airflow/example_dags/example_trigger_target_dag.py
[2023-12-06T09:49:30.183+0000] {logging_mixin.py:154} INFO - [2023-12-06T09:49:30.182+0000] {dag.py:2941} INFO - Sync 1 DAGs
[2023-12-06T09:49:30.196+0000] {logging_mixin.py:154} INFO - [2023-12-06T09:49:30.196+0000] {dag.py:3722} INFO - Setting next_dagrun for example_trigger_target_dag to None, run_after=None
[2023-12-06T09:49:30.216+0000] {processor.py:179} INFO - Processing /home/airflow/.local/lib/python3.8/site-packages/airflow/example_dags/example_trigger_target_dag.py took 0.071 seconds
[2023-12-06T09:50:00.950+0000] {processor.py:157} INFO - Started process (PID=1571) to work on /home/airflow/.local/lib/python3.8/site-packages/airflow/example_dags/example_trigger_target_dag.py
[2023-12-06T09:50:00.952+0000] {processor.py:829} INFO - Processing file /home/airflow/.local/lib/python3.8/site-packages/airflow/example_dags/example_trigger_target_dag.py for tasks to queue
[2023-12-06T09:50:00.953+0000] {logging_mixin.py:154} INFO - [2023-12-06T09:50:00.953+0000] {dagbag.py:536} INFO - Filling up the DagBag from /home/airflow/.local/lib/python3.8/site-packages/airflow/example_dags/example_trigger_target_dag.py
[2023-12-06T09:50:00.961+0000] {processor.py:839} INFO - DAG(s) dict_keys(['example_trigger_target_dag']) retrieved from /home/airflow/.local/lib/python3.8/site-packages/airflow/example_dags/example_trigger_target_dag.py
[2023-12-06T09:50:01.124+0000] {logging_mixin.py:154} INFO - [2023-12-06T09:50:01.124+0000] {dag.py:2941} INFO - Sync 1 DAGs
[2023-12-06T09:50:01.140+0000] {logging_mixin.py:154} INFO - [2023-12-06T09:50:01.139+0000] {dag.py:3722} INFO - Setting next_dagrun for example_trigger_target_dag to None, run_after=None
[2023-12-06T09:50:01.161+0000] {processor.py:179} INFO - Processing /home/airflow/.local/lib/python3.8/site-packages/airflow/example_dags/example_trigger_target_dag.py took 0.215 seconds
[2023-12-06T09:50:31.706+0000] {processor.py:157} INFO - Started process (PID=1626) to work on /home/airflow/.local/lib/python3.8/site-packages/airflow/example_dags/example_trigger_target_dag.py
[2023-12-06T09:50:31.708+0000] {processor.py:829} INFO - Processing file /home/airflow/.local/lib/python3.8/site-packages/airflow/example_dags/example_trigger_target_dag.py for tasks to queue
[2023-12-06T09:50:31.709+0000] {logging_mixin.py:154} INFO - [2023-12-06T09:50:31.709+0000] {dagbag.py:536} INFO - Filling up the DagBag from /home/airflow/.local/lib/python3.8/site-packages/airflow/example_dags/example_trigger_target_dag.py
[2023-12-06T09:50:31.716+0000] {processor.py:839} INFO - DAG(s) dict_keys(['example_trigger_target_dag']) retrieved from /home/airflow/.local/lib/python3.8/site-packages/airflow/example_dags/example_trigger_target_dag.py
[2023-12-06T09:50:31.740+0000] {logging_mixin.py:154} INFO - [2023-12-06T09:50:31.740+0000] {dag.py:2941} INFO - Sync 1 DAGs
[2023-12-06T09:50:31.755+0000] {logging_mixin.py:154} INFO - [2023-12-06T09:50:31.755+0000] {dag.py:3722} INFO - Setting next_dagrun for example_trigger_target_dag to None, run_after=None
[2023-12-06T09:50:31.912+0000] {processor.py:179} INFO - Processing /home/airflow/.local/lib/python3.8/site-packages/airflow/example_dags/example_trigger_target_dag.py took 0.209 seconds
