[2023-12-06T09:36:11.529+0000] {processor.py:157} INFO - Started process (PID=36) to work on /home/airflow/.local/lib/python3.8/site-packages/airflow/example_dags/example_short_circuit_decorator.py
[2023-12-06T09:36:11.531+0000] {processor.py:829} INFO - Processing file /home/airflow/.local/lib/python3.8/site-packages/airflow/example_dags/example_short_circuit_decorator.py for tasks to queue
[2023-12-06T09:36:11.535+0000] {logging_mixin.py:154} INFO - [2023-12-06T09:36:11.534+0000] {dagbag.py:536} INFO - Filling up the DagBag from /home/airflow/.local/lib/python3.8/site-packages/airflow/example_dags/example_short_circuit_decorator.py
[2023-12-06T09:36:11.548+0000] {processor.py:839} INFO - DAG(s) dict_keys(['example_short_circuit_decorator']) retrieved from /home/airflow/.local/lib/python3.8/site-packages/airflow/example_dags/example_short_circuit_decorator.py
[2023-12-06T09:36:11.716+0000] {logging_mixin.py:154} INFO - [2023-12-06T09:36:11.716+0000] {manager.py:499} INFO - Created Permission View: %s
[2023-12-06T09:36:11.728+0000] {logging_mixin.py:154} INFO - [2023-12-06T09:36:11.727+0000] {manager.py:499} INFO - Created Permission View: %s
[2023-12-06T09:36:11.735+0000] {logging_mixin.py:154} INFO - [2023-12-06T09:36:11.735+0000] {manager.py:499} INFO - Created Permission View: %s
[2023-12-06T09:36:11.736+0000] {logging_mixin.py:154} INFO - [2023-12-06T09:36:11.736+0000] {dag.py:2941} INFO - Sync 1 DAGs
[2023-12-06T09:36:11.756+0000] {logging_mixin.py:154} INFO - [2023-12-06T09:36:11.756+0000] {dag.py:2963} INFO - Creating ORM DAG for example_short_circuit_decorator
[2023-12-06T09:36:11.770+0000] {logging_mixin.py:154} INFO - [2023-12-06T09:36:11.770+0000] {dag.py:3722} INFO - Setting next_dagrun for example_short_circuit_decorator to 2023-12-05T09:36:11.770293+00:00, run_after=2023-12-06T09:36:11.770293+00:00
[2023-12-06T09:36:11.792+0000] {processor.py:179} INFO - Processing /home/airflow/.local/lib/python3.8/site-packages/airflow/example_dags/example_short_circuit_decorator.py took 0.267 seconds
[2023-12-06T09:36:42.116+0000] {processor.py:157} INFO - Started process (PID=90) to work on /home/airflow/.local/lib/python3.8/site-packages/airflow/example_dags/example_short_circuit_decorator.py
[2023-12-06T09:36:42.118+0000] {processor.py:829} INFO - Processing file /home/airflow/.local/lib/python3.8/site-packages/airflow/example_dags/example_short_circuit_decorator.py for tasks to queue
[2023-12-06T09:36:42.120+0000] {logging_mixin.py:154} INFO - [2023-12-06T09:36:42.120+0000] {dagbag.py:536} INFO - Filling up the DagBag from /home/airflow/.local/lib/python3.8/site-packages/airflow/example_dags/example_short_circuit_decorator.py
[2023-12-06T09:36:42.131+0000] {processor.py:839} INFO - DAG(s) dict_keys(['example_short_circuit_decorator']) retrieved from /home/airflow/.local/lib/python3.8/site-packages/airflow/example_dags/example_short_circuit_decorator.py
[2023-12-06T09:36:42.155+0000] {logging_mixin.py:154} INFO - [2023-12-06T09:36:42.155+0000] {dag.py:2941} INFO - Sync 1 DAGs
[2023-12-06T09:36:42.178+0000] {logging_mixin.py:154} INFO - [2023-12-06T09:36:42.178+0000] {dag.py:3722} INFO - Setting next_dagrun for example_short_circuit_decorator to 2023-12-05T09:36:42.178351+00:00, run_after=2023-12-06T09:36:42.178351+00:00
[2023-12-06T09:36:42.195+0000] {processor.py:179} INFO - Processing /home/airflow/.local/lib/python3.8/site-packages/airflow/example_dags/example_short_circuit_decorator.py took 0.083 seconds
[2023-12-06T09:37:12.356+0000] {processor.py:157} INFO - Started process (PID=144) to work on /home/airflow/.local/lib/python3.8/site-packages/airflow/example_dags/example_short_circuit_decorator.py
[2023-12-06T09:37:12.357+0000] {processor.py:829} INFO - Processing file /home/airflow/.local/lib/python3.8/site-packages/airflow/example_dags/example_short_circuit_decorator.py for tasks to queue
[2023-12-06T09:37:12.360+0000] {logging_mixin.py:154} INFO - [2023-12-06T09:37:12.360+0000] {dagbag.py:536} INFO - Filling up the DagBag from /home/airflow/.local/lib/python3.8/site-packages/airflow/example_dags/example_short_circuit_decorator.py
[2023-12-06T09:37:12.371+0000] {processor.py:839} INFO - DAG(s) dict_keys(['example_short_circuit_decorator']) retrieved from /home/airflow/.local/lib/python3.8/site-packages/airflow/example_dags/example_short_circuit_decorator.py
[2023-12-06T09:37:12.395+0000] {logging_mixin.py:154} INFO - [2023-12-06T09:37:12.395+0000] {dag.py:2941} INFO - Sync 1 DAGs
[2023-12-06T09:37:12.417+0000] {logging_mixin.py:154} INFO - [2023-12-06T09:37:12.417+0000] {dag.py:3722} INFO - Setting next_dagrun for example_short_circuit_decorator to 2023-12-05T09:37:12.417262+00:00, run_after=2023-12-06T09:37:12.417262+00:00
[2023-12-06T09:37:12.435+0000] {processor.py:179} INFO - Processing /home/airflow/.local/lib/python3.8/site-packages/airflow/example_dags/example_short_circuit_decorator.py took 0.083 seconds
[2023-12-06T09:37:43.075+0000] {processor.py:157} INFO - Started process (PID=198) to work on /home/airflow/.local/lib/python3.8/site-packages/airflow/example_dags/example_short_circuit_decorator.py
[2023-12-06T09:37:43.076+0000] {processor.py:829} INFO - Processing file /home/airflow/.local/lib/python3.8/site-packages/airflow/example_dags/example_short_circuit_decorator.py for tasks to queue
[2023-12-06T09:37:43.079+0000] {logging_mixin.py:154} INFO - [2023-12-06T09:37:43.078+0000] {dagbag.py:536} INFO - Filling up the DagBag from /home/airflow/.local/lib/python3.8/site-packages/airflow/example_dags/example_short_circuit_decorator.py
[2023-12-06T09:37:43.090+0000] {processor.py:839} INFO - DAG(s) dict_keys(['example_short_circuit_decorator']) retrieved from /home/airflow/.local/lib/python3.8/site-packages/airflow/example_dags/example_short_circuit_decorator.py
[2023-12-06T09:37:43.115+0000] {logging_mixin.py:154} INFO - [2023-12-06T09:37:43.115+0000] {dag.py:2941} INFO - Sync 1 DAGs
[2023-12-06T09:37:43.137+0000] {logging_mixin.py:154} INFO - [2023-12-06T09:37:43.137+0000] {dag.py:3722} INFO - Setting next_dagrun for example_short_circuit_decorator to 2023-12-05T09:37:43.137072+00:00, run_after=2023-12-06T09:37:43.137072+00:00
[2023-12-06T09:37:43.158+0000] {processor.py:179} INFO - Processing /home/airflow/.local/lib/python3.8/site-packages/airflow/example_dags/example_short_circuit_decorator.py took 0.087 seconds
[2023-12-06T09:38:13.947+0000] {processor.py:157} INFO - Started process (PID=252) to work on /home/airflow/.local/lib/python3.8/site-packages/airflow/example_dags/example_short_circuit_decorator.py
[2023-12-06T09:38:13.948+0000] {processor.py:829} INFO - Processing file /home/airflow/.local/lib/python3.8/site-packages/airflow/example_dags/example_short_circuit_decorator.py for tasks to queue
[2023-12-06T09:38:13.951+0000] {logging_mixin.py:154} INFO - [2023-12-06T09:38:13.951+0000] {dagbag.py:536} INFO - Filling up the DagBag from /home/airflow/.local/lib/python3.8/site-packages/airflow/example_dags/example_short_circuit_decorator.py
[2023-12-06T09:38:13.961+0000] {processor.py:839} INFO - DAG(s) dict_keys(['example_short_circuit_decorator']) retrieved from /home/airflow/.local/lib/python3.8/site-packages/airflow/example_dags/example_short_circuit_decorator.py
[2023-12-06T09:38:13.986+0000] {logging_mixin.py:154} INFO - [2023-12-06T09:38:13.985+0000] {dag.py:2941} INFO - Sync 1 DAGs
[2023-12-06T09:38:14.007+0000] {logging_mixin.py:154} INFO - [2023-12-06T09:38:14.007+0000] {dag.py:3722} INFO - Setting next_dagrun for example_short_circuit_decorator to 2023-12-05T09:38:14.007440+00:00, run_after=2023-12-06T09:38:14.007440+00:00
[2023-12-06T09:38:14.024+0000] {processor.py:179} INFO - Processing /home/airflow/.local/lib/python3.8/site-packages/airflow/example_dags/example_short_circuit_decorator.py took 0.084 seconds
[2023-12-06T09:38:44.929+0000] {processor.py:157} INFO - Started process (PID=307) to work on /home/airflow/.local/lib/python3.8/site-packages/airflow/example_dags/example_short_circuit_decorator.py
[2023-12-06T09:38:44.930+0000] {processor.py:829} INFO - Processing file /home/airflow/.local/lib/python3.8/site-packages/airflow/example_dags/example_short_circuit_decorator.py for tasks to queue
[2023-12-06T09:38:44.933+0000] {logging_mixin.py:154} INFO - [2023-12-06T09:38:44.933+0000] {dagbag.py:536} INFO - Filling up the DagBag from /home/airflow/.local/lib/python3.8/site-packages/airflow/example_dags/example_short_circuit_decorator.py
[2023-12-06T09:38:44.944+0000] {processor.py:839} INFO - DAG(s) dict_keys(['example_short_circuit_decorator']) retrieved from /home/airflow/.local/lib/python3.8/site-packages/airflow/example_dags/example_short_circuit_decorator.py
[2023-12-06T09:38:44.967+0000] {logging_mixin.py:154} INFO - [2023-12-06T09:38:44.967+0000] {dag.py:2941} INFO - Sync 1 DAGs
[2023-12-06T09:38:44.991+0000] {logging_mixin.py:154} INFO - [2023-12-06T09:38:44.990+0000] {dag.py:3722} INFO - Setting next_dagrun for example_short_circuit_decorator to 2023-12-05T09:38:44.990677+00:00, run_after=2023-12-06T09:38:44.990677+00:00
[2023-12-06T09:38:45.008+0000] {processor.py:179} INFO - Processing /home/airflow/.local/lib/python3.8/site-packages/airflow/example_dags/example_short_circuit_decorator.py took 0.084 seconds
[2023-12-06T09:39:15.990+0000] {processor.py:157} INFO - Started process (PID=361) to work on /home/airflow/.local/lib/python3.8/site-packages/airflow/example_dags/example_short_circuit_decorator.py
[2023-12-06T09:39:15.991+0000] {processor.py:829} INFO - Processing file /home/airflow/.local/lib/python3.8/site-packages/airflow/example_dags/example_short_circuit_decorator.py for tasks to queue
[2023-12-06T09:39:15.994+0000] {logging_mixin.py:154} INFO - [2023-12-06T09:39:15.993+0000] {dagbag.py:536} INFO - Filling up the DagBag from /home/airflow/.local/lib/python3.8/site-packages/airflow/example_dags/example_short_circuit_decorator.py
[2023-12-06T09:39:16.004+0000] {processor.py:839} INFO - DAG(s) dict_keys(['example_short_circuit_decorator']) retrieved from /home/airflow/.local/lib/python3.8/site-packages/airflow/example_dags/example_short_circuit_decorator.py
[2023-12-06T09:39:16.028+0000] {logging_mixin.py:154} INFO - [2023-12-06T09:39:16.028+0000] {dag.py:2941} INFO - Sync 1 DAGs
[2023-12-06T09:39:16.052+0000] {logging_mixin.py:154} INFO - [2023-12-06T09:39:16.051+0000] {dag.py:3722} INFO - Setting next_dagrun for example_short_circuit_decorator to 2023-12-05T09:39:16.051609+00:00, run_after=2023-12-06T09:39:16.051609+00:00
[2023-12-06T09:39:16.068+0000] {processor.py:179} INFO - Processing /home/airflow/.local/lib/python3.8/site-packages/airflow/example_dags/example_short_circuit_decorator.py took 0.083 seconds
[2023-12-06T09:39:46.135+0000] {processor.py:157} INFO - Started process (PID=415) to work on /home/airflow/.local/lib/python3.8/site-packages/airflow/example_dags/example_short_circuit_decorator.py
[2023-12-06T09:39:46.137+0000] {processor.py:829} INFO - Processing file /home/airflow/.local/lib/python3.8/site-packages/airflow/example_dags/example_short_circuit_decorator.py for tasks to queue
[2023-12-06T09:39:46.140+0000] {logging_mixin.py:154} INFO - [2023-12-06T09:39:46.140+0000] {dagbag.py:536} INFO - Filling up the DagBag from /home/airflow/.local/lib/python3.8/site-packages/airflow/example_dags/example_short_circuit_decorator.py
[2023-12-06T09:39:46.151+0000] {processor.py:839} INFO - DAG(s) dict_keys(['example_short_circuit_decorator']) retrieved from /home/airflow/.local/lib/python3.8/site-packages/airflow/example_dags/example_short_circuit_decorator.py
[2023-12-06T09:39:46.175+0000] {logging_mixin.py:154} INFO - [2023-12-06T09:39:46.175+0000] {dag.py:2941} INFO - Sync 1 DAGs
[2023-12-06T09:39:46.199+0000] {logging_mixin.py:154} INFO - [2023-12-06T09:39:46.198+0000] {dag.py:3722} INFO - Setting next_dagrun for example_short_circuit_decorator to 2023-12-05T09:39:46.198516+00:00, run_after=2023-12-06T09:39:46.198516+00:00
[2023-12-06T09:39:46.217+0000] {processor.py:179} INFO - Processing /home/airflow/.local/lib/python3.8/site-packages/airflow/example_dags/example_short_circuit_decorator.py took 0.086 seconds
[2023-12-06T09:40:16.434+0000] {processor.py:157} INFO - Started process (PID=470) to work on /home/airflow/.local/lib/python3.8/site-packages/airflow/example_dags/example_short_circuit_decorator.py
[2023-12-06T09:40:16.436+0000] {processor.py:829} INFO - Processing file /home/airflow/.local/lib/python3.8/site-packages/airflow/example_dags/example_short_circuit_decorator.py for tasks to queue
[2023-12-06T09:40:16.438+0000] {logging_mixin.py:154} INFO - [2023-12-06T09:40:16.438+0000] {dagbag.py:536} INFO - Filling up the DagBag from /home/airflow/.local/lib/python3.8/site-packages/airflow/example_dags/example_short_circuit_decorator.py
[2023-12-06T09:40:16.449+0000] {processor.py:839} INFO - DAG(s) dict_keys(['example_short_circuit_decorator']) retrieved from /home/airflow/.local/lib/python3.8/site-packages/airflow/example_dags/example_short_circuit_decorator.py
[2023-12-06T09:40:16.475+0000] {logging_mixin.py:154} INFO - [2023-12-06T09:40:16.475+0000] {dag.py:2941} INFO - Sync 1 DAGs
[2023-12-06T09:40:16.501+0000] {logging_mixin.py:154} INFO - [2023-12-06T09:40:16.501+0000] {dag.py:3722} INFO - Setting next_dagrun for example_short_circuit_decorator to 2023-12-05T09:40:16.501334+00:00, run_after=2023-12-06T09:40:16.501334+00:00
[2023-12-06T09:40:16.521+0000] {processor.py:179} INFO - Processing /home/airflow/.local/lib/python3.8/site-packages/airflow/example_dags/example_short_circuit_decorator.py took 0.091 seconds
[2023-12-06T09:40:46.610+0000] {processor.py:157} INFO - Started process (PID=524) to work on /home/airflow/.local/lib/python3.8/site-packages/airflow/example_dags/example_short_circuit_decorator.py
[2023-12-06T09:40:46.612+0000] {processor.py:829} INFO - Processing file /home/airflow/.local/lib/python3.8/site-packages/airflow/example_dags/example_short_circuit_decorator.py for tasks to queue
[2023-12-06T09:40:46.615+0000] {logging_mixin.py:154} INFO - [2023-12-06T09:40:46.615+0000] {dagbag.py:536} INFO - Filling up the DagBag from /home/airflow/.local/lib/python3.8/site-packages/airflow/example_dags/example_short_circuit_decorator.py
[2023-12-06T09:40:46.626+0000] {processor.py:839} INFO - DAG(s) dict_keys(['example_short_circuit_decorator']) retrieved from /home/airflow/.local/lib/python3.8/site-packages/airflow/example_dags/example_short_circuit_decorator.py
[2023-12-06T09:40:46.650+0000] {logging_mixin.py:154} INFO - [2023-12-06T09:40:46.650+0000] {dag.py:2941} INFO - Sync 1 DAGs
[2023-12-06T09:40:46.673+0000] {logging_mixin.py:154} INFO - [2023-12-06T09:40:46.673+0000] {dag.py:3722} INFO - Setting next_dagrun for example_short_circuit_decorator to 2023-12-05T09:40:46.673313+00:00, run_after=2023-12-06T09:40:46.673313+00:00
[2023-12-06T09:40:46.691+0000] {processor.py:179} INFO - Processing /home/airflow/.local/lib/python3.8/site-packages/airflow/example_dags/example_short_circuit_decorator.py took 0.084 seconds
[2023-12-06T09:41:16.802+0000] {processor.py:157} INFO - Started process (PID=578) to work on /home/airflow/.local/lib/python3.8/site-packages/airflow/example_dags/example_short_circuit_decorator.py
[2023-12-06T09:41:16.804+0000] {processor.py:829} INFO - Processing file /home/airflow/.local/lib/python3.8/site-packages/airflow/example_dags/example_short_circuit_decorator.py for tasks to queue
[2023-12-06T09:41:16.807+0000] {logging_mixin.py:154} INFO - [2023-12-06T09:41:16.806+0000] {dagbag.py:536} INFO - Filling up the DagBag from /home/airflow/.local/lib/python3.8/site-packages/airflow/example_dags/example_short_circuit_decorator.py
[2023-12-06T09:41:16.816+0000] {processor.py:839} INFO - DAG(s) dict_keys(['example_short_circuit_decorator']) retrieved from /home/airflow/.local/lib/python3.8/site-packages/airflow/example_dags/example_short_circuit_decorator.py
[2023-12-06T09:41:16.841+0000] {logging_mixin.py:154} INFO - [2023-12-06T09:41:16.841+0000] {dag.py:2941} INFO - Sync 1 DAGs
[2023-12-06T09:41:16.864+0000] {logging_mixin.py:154} INFO - [2023-12-06T09:41:16.863+0000] {dag.py:3722} INFO - Setting next_dagrun for example_short_circuit_decorator to 2023-12-05T09:41:16.863659+00:00, run_after=2023-12-06T09:41:16.863659+00:00
[2023-12-06T09:41:16.882+0000] {processor.py:179} INFO - Processing /home/airflow/.local/lib/python3.8/site-packages/airflow/example_dags/example_short_circuit_decorator.py took 0.084 seconds
[2023-12-06T09:41:47.332+0000] {processor.py:157} INFO - Started process (PID=632) to work on /home/airflow/.local/lib/python3.8/site-packages/airflow/example_dags/example_short_circuit_decorator.py
[2023-12-06T09:41:47.333+0000] {processor.py:829} INFO - Processing file /home/airflow/.local/lib/python3.8/site-packages/airflow/example_dags/example_short_circuit_decorator.py for tasks to queue
[2023-12-06T09:41:47.336+0000] {logging_mixin.py:154} INFO - [2023-12-06T09:41:47.335+0000] {dagbag.py:536} INFO - Filling up the DagBag from /home/airflow/.local/lib/python3.8/site-packages/airflow/example_dags/example_short_circuit_decorator.py
[2023-12-06T09:41:47.346+0000] {processor.py:839} INFO - DAG(s) dict_keys(['example_short_circuit_decorator']) retrieved from /home/airflow/.local/lib/python3.8/site-packages/airflow/example_dags/example_short_circuit_decorator.py
[2023-12-06T09:41:47.371+0000] {logging_mixin.py:154} INFO - [2023-12-06T09:41:47.370+0000] {dag.py:2941} INFO - Sync 1 DAGs
[2023-12-06T09:41:47.395+0000] {logging_mixin.py:154} INFO - [2023-12-06T09:41:47.394+0000] {dag.py:3722} INFO - Setting next_dagrun for example_short_circuit_decorator to 2023-12-05T09:41:47.394658+00:00, run_after=2023-12-06T09:41:47.394658+00:00
[2023-12-06T09:41:47.413+0000] {processor.py:179} INFO - Processing /home/airflow/.local/lib/python3.8/site-packages/airflow/example_dags/example_short_circuit_decorator.py took 0.085 seconds
[2023-12-06T09:42:17.535+0000] {processor.py:157} INFO - Started process (PID=686) to work on /home/airflow/.local/lib/python3.8/site-packages/airflow/example_dags/example_short_circuit_decorator.py
[2023-12-06T09:42:17.537+0000] {processor.py:829} INFO - Processing file /home/airflow/.local/lib/python3.8/site-packages/airflow/example_dags/example_short_circuit_decorator.py for tasks to queue
[2023-12-06T09:42:17.541+0000] {logging_mixin.py:154} INFO - [2023-12-06T09:42:17.540+0000] {dagbag.py:536} INFO - Filling up the DagBag from /home/airflow/.local/lib/python3.8/site-packages/airflow/example_dags/example_short_circuit_decorator.py
[2023-12-06T09:42:17.551+0000] {processor.py:839} INFO - DAG(s) dict_keys(['example_short_circuit_decorator']) retrieved from /home/airflow/.local/lib/python3.8/site-packages/airflow/example_dags/example_short_circuit_decorator.py
[2023-12-06T09:42:17.574+0000] {logging_mixin.py:154} INFO - [2023-12-06T09:42:17.574+0000] {dag.py:2941} INFO - Sync 1 DAGs
[2023-12-06T09:42:17.597+0000] {logging_mixin.py:154} INFO - [2023-12-06T09:42:17.596+0000] {dag.py:3722} INFO - Setting next_dagrun for example_short_circuit_decorator to 2023-12-05T09:42:17.596584+00:00, run_after=2023-12-06T09:42:17.596584+00:00
[2023-12-06T09:42:17.615+0000] {processor.py:179} INFO - Processing /home/airflow/.local/lib/python3.8/site-packages/airflow/example_dags/example_short_circuit_decorator.py took 0.084 seconds
[2023-12-06T09:42:48.102+0000] {processor.py:157} INFO - Started process (PID=740) to work on /home/airflow/.local/lib/python3.8/site-packages/airflow/example_dags/example_short_circuit_decorator.py
[2023-12-06T09:42:48.104+0000] {processor.py:829} INFO - Processing file /home/airflow/.local/lib/python3.8/site-packages/airflow/example_dags/example_short_circuit_decorator.py for tasks to queue
[2023-12-06T09:42:48.106+0000] {logging_mixin.py:154} INFO - [2023-12-06T09:42:48.106+0000] {dagbag.py:536} INFO - Filling up the DagBag from /home/airflow/.local/lib/python3.8/site-packages/airflow/example_dags/example_short_circuit_decorator.py
[2023-12-06T09:42:48.116+0000] {processor.py:839} INFO - DAG(s) dict_keys(['example_short_circuit_decorator']) retrieved from /home/airflow/.local/lib/python3.8/site-packages/airflow/example_dags/example_short_circuit_decorator.py
[2023-12-06T09:42:48.142+0000] {logging_mixin.py:154} INFO - [2023-12-06T09:42:48.141+0000] {dag.py:2941} INFO - Sync 1 DAGs
[2023-12-06T09:42:48.164+0000] {logging_mixin.py:154} INFO - [2023-12-06T09:42:48.164+0000] {dag.py:3722} INFO - Setting next_dagrun for example_short_circuit_decorator to 2023-12-05T09:42:48.164511+00:00, run_after=2023-12-06T09:42:48.164511+00:00
[2023-12-06T09:42:48.182+0000] {processor.py:179} INFO - Processing /home/airflow/.local/lib/python3.8/site-packages/airflow/example_dags/example_short_circuit_decorator.py took 0.084 seconds
[2023-12-06T09:43:18.351+0000] {processor.py:157} INFO - Started process (PID=795) to work on /home/airflow/.local/lib/python3.8/site-packages/airflow/example_dags/example_short_circuit_decorator.py
[2023-12-06T09:43:18.353+0000] {processor.py:829} INFO - Processing file /home/airflow/.local/lib/python3.8/site-packages/airflow/example_dags/example_short_circuit_decorator.py for tasks to queue
[2023-12-06T09:43:18.355+0000] {logging_mixin.py:154} INFO - [2023-12-06T09:43:18.355+0000] {dagbag.py:536} INFO - Filling up the DagBag from /home/airflow/.local/lib/python3.8/site-packages/airflow/example_dags/example_short_circuit_decorator.py
[2023-12-06T09:43:18.366+0000] {processor.py:839} INFO - DAG(s) dict_keys(['example_short_circuit_decorator']) retrieved from /home/airflow/.local/lib/python3.8/site-packages/airflow/example_dags/example_short_circuit_decorator.py
[2023-12-06T09:43:18.390+0000] {logging_mixin.py:154} INFO - [2023-12-06T09:43:18.390+0000] {dag.py:2941} INFO - Sync 1 DAGs
[2023-12-06T09:43:18.413+0000] {logging_mixin.py:154} INFO - [2023-12-06T09:43:18.413+0000] {dag.py:3722} INFO - Setting next_dagrun for example_short_circuit_decorator to 2023-12-05T09:43:18.412901+00:00, run_after=2023-12-06T09:43:18.412901+00:00
[2023-12-06T09:43:18.431+0000] {processor.py:179} INFO - Processing /home/airflow/.local/lib/python3.8/site-packages/airflow/example_dags/example_short_circuit_decorator.py took 0.084 seconds
[2023-12-06T09:43:49.327+0000] {processor.py:157} INFO - Started process (PID=849) to work on /home/airflow/.local/lib/python3.8/site-packages/airflow/example_dags/example_short_circuit_decorator.py
[2023-12-06T09:43:49.331+0000] {processor.py:829} INFO - Processing file /home/airflow/.local/lib/python3.8/site-packages/airflow/example_dags/example_short_circuit_decorator.py for tasks to queue
[2023-12-06T09:43:49.334+0000] {logging_mixin.py:154} INFO - [2023-12-06T09:43:49.334+0000] {dagbag.py:536} INFO - Filling up the DagBag from /home/airflow/.local/lib/python3.8/site-packages/airflow/example_dags/example_short_circuit_decorator.py
[2023-12-06T09:43:49.345+0000] {processor.py:839} INFO - DAG(s) dict_keys(['example_short_circuit_decorator']) retrieved from /home/airflow/.local/lib/python3.8/site-packages/airflow/example_dags/example_short_circuit_decorator.py
[2023-12-06T09:43:49.372+0000] {logging_mixin.py:154} INFO - [2023-12-06T09:43:49.372+0000] {dag.py:2941} INFO - Sync 1 DAGs
[2023-12-06T09:43:49.396+0000] {logging_mixin.py:154} INFO - [2023-12-06T09:43:49.396+0000] {dag.py:3722} INFO - Setting next_dagrun for example_short_circuit_decorator to 2023-12-05T09:43:49.396182+00:00, run_after=2023-12-06T09:43:49.396182+00:00
[2023-12-06T09:43:49.415+0000] {processor.py:179} INFO - Processing /home/airflow/.local/lib/python3.8/site-packages/airflow/example_dags/example_short_circuit_decorator.py took 0.092 seconds
[2023-12-06T09:44:19.544+0000] {processor.py:157} INFO - Started process (PID=903) to work on /home/airflow/.local/lib/python3.8/site-packages/airflow/example_dags/example_short_circuit_decorator.py
[2023-12-06T09:44:19.546+0000] {processor.py:829} INFO - Processing file /home/airflow/.local/lib/python3.8/site-packages/airflow/example_dags/example_short_circuit_decorator.py for tasks to queue
[2023-12-06T09:44:19.549+0000] {logging_mixin.py:154} INFO - [2023-12-06T09:44:19.549+0000] {dagbag.py:536} INFO - Filling up the DagBag from /home/airflow/.local/lib/python3.8/site-packages/airflow/example_dags/example_short_circuit_decorator.py
[2023-12-06T09:44:19.560+0000] {processor.py:839} INFO - DAG(s) dict_keys(['example_short_circuit_decorator']) retrieved from /home/airflow/.local/lib/python3.8/site-packages/airflow/example_dags/example_short_circuit_decorator.py
[2023-12-06T09:44:19.584+0000] {logging_mixin.py:154} INFO - [2023-12-06T09:44:19.584+0000] {dag.py:2941} INFO - Sync 1 DAGs
[2023-12-06T09:44:19.607+0000] {logging_mixin.py:154} INFO - [2023-12-06T09:44:19.607+0000] {dag.py:3722} INFO - Setting next_dagrun for example_short_circuit_decorator to 2023-12-05T09:44:19.607124+00:00, run_after=2023-12-06T09:44:19.607124+00:00
[2023-12-06T09:44:19.626+0000] {processor.py:179} INFO - Processing /home/airflow/.local/lib/python3.8/site-packages/airflow/example_dags/example_short_circuit_decorator.py took 0.086 seconds
[2023-12-06T09:44:49.814+0000] {processor.py:157} INFO - Started process (PID=957) to work on /home/airflow/.local/lib/python3.8/site-packages/airflow/example_dags/example_short_circuit_decorator.py
[2023-12-06T09:44:49.816+0000] {processor.py:829} INFO - Processing file /home/airflow/.local/lib/python3.8/site-packages/airflow/example_dags/example_short_circuit_decorator.py for tasks to queue
[2023-12-06T09:44:49.819+0000] {logging_mixin.py:154} INFO - [2023-12-06T09:44:49.818+0000] {dagbag.py:536} INFO - Filling up the DagBag from /home/airflow/.local/lib/python3.8/site-packages/airflow/example_dags/example_short_circuit_decorator.py
[2023-12-06T09:44:49.829+0000] {processor.py:839} INFO - DAG(s) dict_keys(['example_short_circuit_decorator']) retrieved from /home/airflow/.local/lib/python3.8/site-packages/airflow/example_dags/example_short_circuit_decorator.py
[2023-12-06T09:44:49.852+0000] {logging_mixin.py:154} INFO - [2023-12-06T09:44:49.852+0000] {dag.py:2941} INFO - Sync 1 DAGs
[2023-12-06T09:44:49.874+0000] {logging_mixin.py:154} INFO - [2023-12-06T09:44:49.874+0000] {dag.py:3722} INFO - Setting next_dagrun for example_short_circuit_decorator to 2023-12-05T09:44:49.874300+00:00, run_after=2023-12-06T09:44:49.874300+00:00
[2023-12-06T09:44:49.892+0000] {processor.py:179} INFO - Processing /home/airflow/.local/lib/python3.8/site-packages/airflow/example_dags/example_short_circuit_decorator.py took 0.081 seconds
[2023-12-06T09:45:19.999+0000] {processor.py:157} INFO - Started process (PID=1011) to work on /home/airflow/.local/lib/python3.8/site-packages/airflow/example_dags/example_short_circuit_decorator.py
[2023-12-06T09:45:20.000+0000] {processor.py:829} INFO - Processing file /home/airflow/.local/lib/python3.8/site-packages/airflow/example_dags/example_short_circuit_decorator.py for tasks to queue
[2023-12-06T09:45:20.003+0000] {logging_mixin.py:154} INFO - [2023-12-06T09:45:20.003+0000] {dagbag.py:536} INFO - Filling up the DagBag from /home/airflow/.local/lib/python3.8/site-packages/airflow/example_dags/example_short_circuit_decorator.py
[2023-12-06T09:45:20.015+0000] {processor.py:839} INFO - DAG(s) dict_keys(['example_short_circuit_decorator']) retrieved from /home/airflow/.local/lib/python3.8/site-packages/airflow/example_dags/example_short_circuit_decorator.py
[2023-12-06T09:45:20.040+0000] {logging_mixin.py:154} INFO - [2023-12-06T09:45:20.040+0000] {dag.py:2941} INFO - Sync 1 DAGs
[2023-12-06T09:45:20.063+0000] {logging_mixin.py:154} INFO - [2023-12-06T09:45:20.063+0000] {dag.py:3722} INFO - Setting next_dagrun for example_short_circuit_decorator to 2023-12-05T09:45:20.063165+00:00, run_after=2023-12-06T09:45:20.063165+00:00
[2023-12-06T09:45:20.081+0000] {processor.py:179} INFO - Processing /home/airflow/.local/lib/python3.8/site-packages/airflow/example_dags/example_short_circuit_decorator.py took 0.085 seconds
[2023-12-06T09:45:50.223+0000] {processor.py:157} INFO - Started process (PID=1077) to work on /home/airflow/.local/lib/python3.8/site-packages/airflow/example_dags/example_short_circuit_decorator.py
[2023-12-06T09:45:50.224+0000] {processor.py:829} INFO - Processing file /home/airflow/.local/lib/python3.8/site-packages/airflow/example_dags/example_short_circuit_decorator.py for tasks to queue
[2023-12-06T09:45:50.227+0000] {logging_mixin.py:154} INFO - [2023-12-06T09:45:50.227+0000] {dagbag.py:536} INFO - Filling up the DagBag from /home/airflow/.local/lib/python3.8/site-packages/airflow/example_dags/example_short_circuit_decorator.py
[2023-12-06T09:45:50.238+0000] {processor.py:839} INFO - DAG(s) dict_keys(['example_short_circuit_decorator']) retrieved from /home/airflow/.local/lib/python3.8/site-packages/airflow/example_dags/example_short_circuit_decorator.py
[2023-12-06T09:45:50.262+0000] {logging_mixin.py:154} INFO - [2023-12-06T09:45:50.262+0000] {dag.py:2941} INFO - Sync 1 DAGs
[2023-12-06T09:45:50.285+0000] {logging_mixin.py:154} INFO - [2023-12-06T09:45:50.285+0000] {dag.py:3722} INFO - Setting next_dagrun for example_short_circuit_decorator to 2023-12-05T09:45:50.285061+00:00, run_after=2023-12-06T09:45:50.285061+00:00
[2023-12-06T09:45:50.303+0000] {processor.py:179} INFO - Processing /home/airflow/.local/lib/python3.8/site-packages/airflow/example_dags/example_short_circuit_decorator.py took 0.085 seconds
[2023-12-06T09:46:20.426+0000] {processor.py:157} INFO - Started process (PID=1134) to work on /home/airflow/.local/lib/python3.8/site-packages/airflow/example_dags/example_short_circuit_decorator.py
[2023-12-06T09:46:20.427+0000] {processor.py:829} INFO - Processing file /home/airflow/.local/lib/python3.8/site-packages/airflow/example_dags/example_short_circuit_decorator.py for tasks to queue
[2023-12-06T09:46:20.430+0000] {logging_mixin.py:154} INFO - [2023-12-06T09:46:20.429+0000] {dagbag.py:536} INFO - Filling up the DagBag from /home/airflow/.local/lib/python3.8/site-packages/airflow/example_dags/example_short_circuit_decorator.py
[2023-12-06T09:46:20.440+0000] {processor.py:839} INFO - DAG(s) dict_keys(['example_short_circuit_decorator']) retrieved from /home/airflow/.local/lib/python3.8/site-packages/airflow/example_dags/example_short_circuit_decorator.py
[2023-12-06T09:46:20.464+0000] {logging_mixin.py:154} INFO - [2023-12-06T09:46:20.464+0000] {dag.py:2941} INFO - Sync 1 DAGs
[2023-12-06T09:46:20.486+0000] {logging_mixin.py:154} INFO - [2023-12-06T09:46:20.486+0000] {dag.py:3722} INFO - Setting next_dagrun for example_short_circuit_decorator to 2023-12-05T09:46:20.486079+00:00, run_after=2023-12-06T09:46:20.486079+00:00
[2023-12-06T09:46:20.504+0000] {processor.py:179} INFO - Processing /home/airflow/.local/lib/python3.8/site-packages/airflow/example_dags/example_short_circuit_decorator.py took 0.082 seconds
[2023-12-06T09:46:51.029+0000] {processor.py:157} INFO - Started process (PID=1189) to work on /home/airflow/.local/lib/python3.8/site-packages/airflow/example_dags/example_short_circuit_decorator.py
[2023-12-06T09:46:51.031+0000] {processor.py:829} INFO - Processing file /home/airflow/.local/lib/python3.8/site-packages/airflow/example_dags/example_short_circuit_decorator.py for tasks to queue
[2023-12-06T09:46:51.034+0000] {logging_mixin.py:154} INFO - [2023-12-06T09:46:51.033+0000] {dagbag.py:536} INFO - Filling up the DagBag from /home/airflow/.local/lib/python3.8/site-packages/airflow/example_dags/example_short_circuit_decorator.py
[2023-12-06T09:46:51.044+0000] {processor.py:839} INFO - DAG(s) dict_keys(['example_short_circuit_decorator']) retrieved from /home/airflow/.local/lib/python3.8/site-packages/airflow/example_dags/example_short_circuit_decorator.py
[2023-12-06T09:46:51.068+0000] {logging_mixin.py:154} INFO - [2023-12-06T09:46:51.068+0000] {dag.py:2941} INFO - Sync 1 DAGs
[2023-12-06T09:46:51.090+0000] {logging_mixin.py:154} INFO - [2023-12-06T09:46:51.090+0000] {dag.py:3722} INFO - Setting next_dagrun for example_short_circuit_decorator to 2023-12-05T09:46:51.090462+00:00, run_after=2023-12-06T09:46:51.090462+00:00
[2023-12-06T09:46:51.108+0000] {processor.py:179} INFO - Processing /home/airflow/.local/lib/python3.8/site-packages/airflow/example_dags/example_short_circuit_decorator.py took 0.083 seconds
[2023-12-06T09:47:21.403+0000] {processor.py:157} INFO - Started process (PID=1245) to work on /home/airflow/.local/lib/python3.8/site-packages/airflow/example_dags/example_short_circuit_decorator.py
[2023-12-06T09:47:21.405+0000] {processor.py:829} INFO - Processing file /home/airflow/.local/lib/python3.8/site-packages/airflow/example_dags/example_short_circuit_decorator.py for tasks to queue
[2023-12-06T09:47:21.406+0000] {logging_mixin.py:154} INFO - [2023-12-06T09:47:21.405+0000] {dagbag.py:536} INFO - Filling up the DagBag from /home/airflow/.local/lib/python3.8/site-packages/airflow/example_dags/example_short_circuit_decorator.py
[2023-12-06T09:47:21.418+0000] {processor.py:839} INFO - DAG(s) dict_keys(['example_short_circuit_decorator']) retrieved from /home/airflow/.local/lib/python3.8/site-packages/airflow/example_dags/example_short_circuit_decorator.py
[2023-12-06T09:47:21.442+0000] {logging_mixin.py:154} INFO - [2023-12-06T09:47:21.442+0000] {dag.py:2941} INFO - Sync 1 DAGs
[2023-12-06T09:47:21.465+0000] {logging_mixin.py:154} INFO - [2023-12-06T09:47:21.465+0000] {dag.py:3722} INFO - Setting next_dagrun for example_short_circuit_decorator to 2023-12-05T09:47:21.465205+00:00, run_after=2023-12-06T09:47:21.465205+00:00
[2023-12-06T09:47:21.483+0000] {processor.py:179} INFO - Processing /home/airflow/.local/lib/python3.8/site-packages/airflow/example_dags/example_short_circuit_decorator.py took 0.084 seconds
[2023-12-06T09:47:51.707+0000] {processor.py:157} INFO - Started process (PID=1303) to work on /home/airflow/.local/lib/python3.8/site-packages/airflow/example_dags/example_short_circuit_decorator.py
[2023-12-06T09:47:51.709+0000] {processor.py:829} INFO - Processing file /home/airflow/.local/lib/python3.8/site-packages/airflow/example_dags/example_short_circuit_decorator.py for tasks to queue
[2023-12-06T09:47:51.710+0000] {logging_mixin.py:154} INFO - [2023-12-06T09:47:51.710+0000] {dagbag.py:536} INFO - Filling up the DagBag from /home/airflow/.local/lib/python3.8/site-packages/airflow/example_dags/example_short_circuit_decorator.py
[2023-12-06T09:47:51.723+0000] {processor.py:839} INFO - DAG(s) dict_keys(['example_short_circuit_decorator']) retrieved from /home/airflow/.local/lib/python3.8/site-packages/airflow/example_dags/example_short_circuit_decorator.py
[2023-12-06T09:47:51.750+0000] {logging_mixin.py:154} INFO - [2023-12-06T09:47:51.750+0000] {dag.py:2941} INFO - Sync 1 DAGs
[2023-12-06T09:47:51.772+0000] {logging_mixin.py:154} INFO - [2023-12-06T09:47:51.772+0000] {dag.py:3722} INFO - Setting next_dagrun for example_short_circuit_decorator to 2023-12-05T09:47:51.772391+00:00, run_after=2023-12-06T09:47:51.772391+00:00
[2023-12-06T09:47:51.929+0000] {processor.py:179} INFO - Processing /home/airflow/.local/lib/python3.8/site-packages/airflow/example_dags/example_short_circuit_decorator.py took 0.226 seconds
[2023-12-06T09:48:22.257+0000] {processor.py:157} INFO - Started process (PID=1360) to work on /home/airflow/.local/lib/python3.8/site-packages/airflow/example_dags/example_short_circuit_decorator.py
[2023-12-06T09:48:22.258+0000] {processor.py:829} INFO - Processing file /home/airflow/.local/lib/python3.8/site-packages/airflow/example_dags/example_short_circuit_decorator.py for tasks to queue
[2023-12-06T09:48:22.260+0000] {logging_mixin.py:154} INFO - [2023-12-06T09:48:22.260+0000] {dagbag.py:536} INFO - Filling up the DagBag from /home/airflow/.local/lib/python3.8/site-packages/airflow/example_dags/example_short_circuit_decorator.py
[2023-12-06T09:48:22.272+0000] {processor.py:839} INFO - DAG(s) dict_keys(['example_short_circuit_decorator']) retrieved from /home/airflow/.local/lib/python3.8/site-packages/airflow/example_dags/example_short_circuit_decorator.py
[2023-12-06T09:48:22.299+0000] {logging_mixin.py:154} INFO - [2023-12-06T09:48:22.298+0000] {dag.py:2941} INFO - Sync 1 DAGs
[2023-12-06T09:48:22.322+0000] {logging_mixin.py:154} INFO - [2023-12-06T09:48:22.322+0000] {dag.py:3722} INFO - Setting next_dagrun for example_short_circuit_decorator to 2023-12-05T09:48:22.322216+00:00, run_after=2023-12-06T09:48:22.322216+00:00
[2023-12-06T09:48:22.341+0000] {processor.py:179} INFO - Processing /home/airflow/.local/lib/python3.8/site-packages/airflow/example_dags/example_short_circuit_decorator.py took 0.088 seconds
[2023-12-06T09:48:52.911+0000] {processor.py:157} INFO - Started process (PID=1420) to work on /home/airflow/.local/lib/python3.8/site-packages/airflow/example_dags/example_short_circuit_decorator.py
[2023-12-06T09:48:52.918+0000] {processor.py:829} INFO - Processing file /home/airflow/.local/lib/python3.8/site-packages/airflow/example_dags/example_short_circuit_decorator.py for tasks to queue
[2023-12-06T09:48:52.937+0000] {logging_mixin.py:154} INFO - [2023-12-06T09:48:52.937+0000] {dagbag.py:536} INFO - Filling up the DagBag from /home/airflow/.local/lib/python3.8/site-packages/airflow/example_dags/example_short_circuit_decorator.py
[2023-12-06T09:48:52.949+0000] {processor.py:839} INFO - DAG(s) dict_keys(['example_short_circuit_decorator']) retrieved from /home/airflow/.local/lib/python3.8/site-packages/airflow/example_dags/example_short_circuit_decorator.py
[2023-12-06T09:48:52.983+0000] {logging_mixin.py:154} INFO - [2023-12-06T09:48:52.982+0000] {dag.py:2941} INFO - Sync 1 DAGs
[2023-12-06T09:48:53.021+0000] {logging_mixin.py:154} INFO - [2023-12-06T09:48:53.021+0000] {dag.py:3722} INFO - Setting next_dagrun for example_short_circuit_decorator to 2023-12-05T09:48:53.020844+00:00, run_after=2023-12-06T09:48:53.020844+00:00
[2023-12-06T09:48:53.087+0000] {processor.py:179} INFO - Processing /home/airflow/.local/lib/python3.8/site-packages/airflow/example_dags/example_short_circuit_decorator.py took 0.179 seconds
[2023-12-06T09:49:23.573+0000] {processor.py:157} INFO - Started process (PID=1476) to work on /home/airflow/.local/lib/python3.8/site-packages/airflow/example_dags/example_short_circuit_decorator.py
[2023-12-06T09:49:23.575+0000] {processor.py:829} INFO - Processing file /home/airflow/.local/lib/python3.8/site-packages/airflow/example_dags/example_short_circuit_decorator.py for tasks to queue
[2023-12-06T09:49:23.578+0000] {logging_mixin.py:154} INFO - [2023-12-06T09:49:23.577+0000] {dagbag.py:536} INFO - Filling up the DagBag from /home/airflow/.local/lib/python3.8/site-packages/airflow/example_dags/example_short_circuit_decorator.py
[2023-12-06T09:49:23.593+0000] {processor.py:839} INFO - DAG(s) dict_keys(['example_short_circuit_decorator']) retrieved from /home/airflow/.local/lib/python3.8/site-packages/airflow/example_dags/example_short_circuit_decorator.py
[2023-12-06T09:49:23.616+0000] {logging_mixin.py:154} INFO - [2023-12-06T09:49:23.616+0000] {dag.py:2941} INFO - Sync 1 DAGs
[2023-12-06T09:49:23.764+0000] {logging_mixin.py:154} INFO - [2023-12-06T09:49:23.764+0000] {dag.py:3722} INFO - Setting next_dagrun for example_short_circuit_decorator to 2023-12-05T09:49:23.764267+00:00, run_after=2023-12-06T09:49:23.764267+00:00
[2023-12-06T09:49:23.785+0000] {processor.py:179} INFO - Processing /home/airflow/.local/lib/python3.8/site-packages/airflow/example_dags/example_short_circuit_decorator.py took 0.217 seconds
[2023-12-06T09:49:54.702+0000] {processor.py:157} INFO - Started process (PID=1532) to work on /home/airflow/.local/lib/python3.8/site-packages/airflow/example_dags/example_short_circuit_decorator.py
[2023-12-06T09:49:54.704+0000] {processor.py:829} INFO - Processing file /home/airflow/.local/lib/python3.8/site-packages/airflow/example_dags/example_short_circuit_decorator.py for tasks to queue
[2023-12-06T09:49:54.705+0000] {logging_mixin.py:154} INFO - [2023-12-06T09:49:54.705+0000] {dagbag.py:536} INFO - Filling up the DagBag from /home/airflow/.local/lib/python3.8/site-packages/airflow/example_dags/example_short_circuit_decorator.py
[2023-12-06T09:49:54.717+0000] {processor.py:839} INFO - DAG(s) dict_keys(['example_short_circuit_decorator']) retrieved from /home/airflow/.local/lib/python3.8/site-packages/airflow/example_dags/example_short_circuit_decorator.py
[2023-12-06T09:49:54.743+0000] {logging_mixin.py:154} INFO - [2023-12-06T09:49:54.742+0000] {dag.py:2941} INFO - Sync 1 DAGs
[2023-12-06T09:49:54.770+0000] {logging_mixin.py:154} INFO - [2023-12-06T09:49:54.770+0000] {dag.py:3722} INFO - Setting next_dagrun for example_short_circuit_decorator to 2023-12-05T09:49:54.769722+00:00, run_after=2023-12-06T09:49:54.769722+00:00
[2023-12-06T09:49:54.951+0000] {processor.py:179} INFO - Processing /home/airflow/.local/lib/python3.8/site-packages/airflow/example_dags/example_short_circuit_decorator.py took 0.253 seconds
[2023-12-06T09:50:25.898+0000] {processor.py:157} INFO - Started process (PID=1588) to work on /home/airflow/.local/lib/python3.8/site-packages/airflow/example_dags/example_short_circuit_decorator.py
[2023-12-06T09:50:25.900+0000] {processor.py:829} INFO - Processing file /home/airflow/.local/lib/python3.8/site-packages/airflow/example_dags/example_short_circuit_decorator.py for tasks to queue
[2023-12-06T09:50:25.902+0000] {logging_mixin.py:154} INFO - [2023-12-06T09:50:25.901+0000] {dagbag.py:536} INFO - Filling up the DagBag from /home/airflow/.local/lib/python3.8/site-packages/airflow/example_dags/example_short_circuit_decorator.py
[2023-12-06T09:50:25.913+0000] {processor.py:839} INFO - DAG(s) dict_keys(['example_short_circuit_decorator']) retrieved from /home/airflow/.local/lib/python3.8/site-packages/airflow/example_dags/example_short_circuit_decorator.py
[2023-12-06T09:50:25.939+0000] {logging_mixin.py:154} INFO - [2023-12-06T09:50:25.938+0000] {dag.py:2941} INFO - Sync 1 DAGs
[2023-12-06T09:50:25.963+0000] {logging_mixin.py:154} INFO - [2023-12-06T09:50:25.962+0000] {dag.py:3722} INFO - Setting next_dagrun for example_short_circuit_decorator to 2023-12-05T09:50:25.962495+00:00, run_after=2023-12-06T09:50:25.962495+00:00
[2023-12-06T09:50:25.981+0000] {processor.py:179} INFO - Processing /home/airflow/.local/lib/python3.8/site-packages/airflow/example_dags/example_short_circuit_decorator.py took 0.087 seconds
