[2023-12-06T09:36:13.103+0000] {processor.py:157} INFO - Started process (PID=46) to work on /home/airflow/.local/lib/python3.8/site-packages/airflow/example_dags/example_task_group_decorator.py
[2023-12-06T09:36:13.106+0000] {processor.py:829} INFO - Processing file /home/airflow/.local/lib/python3.8/site-packages/airflow/example_dags/example_task_group_decorator.py for tasks to queue
[2023-12-06T09:36:13.114+0000] {logging_mixin.py:154} INFO - [2023-12-06T09:36:13.113+0000] {dagbag.py:536} INFO - Filling up the DagBag from /home/airflow/.local/lib/python3.8/site-packages/airflow/example_dags/example_task_group_decorator.py
[2023-12-06T09:36:13.151+0000] {processor.py:839} INFO - DAG(s) dict_keys(['example_task_group_decorator']) retrieved from /home/airflow/.local/lib/python3.8/site-packages/airflow/example_dags/example_task_group_decorator.py
[2023-12-06T09:36:13.352+0000] {logging_mixin.py:154} INFO - [2023-12-06T09:36:13.352+0000] {manager.py:499} INFO - Created Permission View: %s
[2023-12-06T09:36:13.364+0000] {logging_mixin.py:154} INFO - [2023-12-06T09:36:13.364+0000] {manager.py:499} INFO - Created Permission View: %s
[2023-12-06T09:36:13.406+0000] {logging_mixin.py:154} INFO - [2023-12-06T09:36:13.405+0000] {manager.py:499} INFO - Created Permission View: %s
[2023-12-06T09:36:13.407+0000] {logging_mixin.py:154} INFO - [2023-12-06T09:36:13.406+0000] {dag.py:2941} INFO - Sync 1 DAGs
[2023-12-06T09:36:13.427+0000] {logging_mixin.py:154} INFO - [2023-12-06T09:36:13.427+0000] {dag.py:2963} INFO - Creating ORM DAG for example_task_group_decorator
[2023-12-06T09:36:13.441+0000] {logging_mixin.py:154} INFO - [2023-12-06T09:36:13.441+0000] {dag.py:3722} INFO - Setting next_dagrun for example_task_group_decorator to 2023-12-05T09:36:13.441034+00:00, run_after=2023-12-06T09:36:13.441034+00:00
[2023-12-06T09:36:13.465+0000] {processor.py:179} INFO - Processing /home/airflow/.local/lib/python3.8/site-packages/airflow/example_dags/example_task_group_decorator.py took 0.372 seconds
[2023-12-06T09:36:43.657+0000] {processor.py:157} INFO - Started process (PID=100) to work on /home/airflow/.local/lib/python3.8/site-packages/airflow/example_dags/example_task_group_decorator.py
[2023-12-06T09:36:43.659+0000] {processor.py:829} INFO - Processing file /home/airflow/.local/lib/python3.8/site-packages/airflow/example_dags/example_task_group_decorator.py for tasks to queue
[2023-12-06T09:36:43.662+0000] {logging_mixin.py:154} INFO - [2023-12-06T09:36:43.662+0000] {dagbag.py:536} INFO - Filling up the DagBag from /home/airflow/.local/lib/python3.8/site-packages/airflow/example_dags/example_task_group_decorator.py
[2023-12-06T09:36:43.677+0000] {processor.py:839} INFO - DAG(s) dict_keys(['example_task_group_decorator']) retrieved from /home/airflow/.local/lib/python3.8/site-packages/airflow/example_dags/example_task_group_decorator.py
[2023-12-06T09:36:43.704+0000] {logging_mixin.py:154} INFO - [2023-12-06T09:36:43.703+0000] {dag.py:2941} INFO - Sync 1 DAGs
[2023-12-06T09:36:43.728+0000] {logging_mixin.py:154} INFO - [2023-12-06T09:36:43.728+0000] {dag.py:3722} INFO - Setting next_dagrun for example_task_group_decorator to 2023-12-05T09:36:43.727851+00:00, run_after=2023-12-06T09:36:43.727851+00:00
[2023-12-06T09:36:43.744+0000] {processor.py:179} INFO - Processing /home/airflow/.local/lib/python3.8/site-packages/airflow/example_dags/example_task_group_decorator.py took 0.091 seconds
[2023-12-06T09:37:13.921+0000] {processor.py:157} INFO - Started process (PID=154) to work on /home/airflow/.local/lib/python3.8/site-packages/airflow/example_dags/example_task_group_decorator.py
[2023-12-06T09:37:13.922+0000] {processor.py:829} INFO - Processing file /home/airflow/.local/lib/python3.8/site-packages/airflow/example_dags/example_task_group_decorator.py for tasks to queue
[2023-12-06T09:37:13.925+0000] {logging_mixin.py:154} INFO - [2023-12-06T09:37:13.924+0000] {dagbag.py:536} INFO - Filling up the DagBag from /home/airflow/.local/lib/python3.8/site-packages/airflow/example_dags/example_task_group_decorator.py
[2023-12-06T09:37:13.941+0000] {processor.py:839} INFO - DAG(s) dict_keys(['example_task_group_decorator']) retrieved from /home/airflow/.local/lib/python3.8/site-packages/airflow/example_dags/example_task_group_decorator.py
[2023-12-06T09:37:13.966+0000] {logging_mixin.py:154} INFO - [2023-12-06T09:37:13.966+0000] {dag.py:2941} INFO - Sync 1 DAGs
[2023-12-06T09:37:13.990+0000] {logging_mixin.py:154} INFO - [2023-12-06T09:37:13.990+0000] {dag.py:3722} INFO - Setting next_dagrun for example_task_group_decorator to 2023-12-05T09:37:13.989902+00:00, run_after=2023-12-06T09:37:13.989902+00:00
[2023-12-06T09:37:14.009+0000] {processor.py:179} INFO - Processing /home/airflow/.local/lib/python3.8/site-packages/airflow/example_dags/example_task_group_decorator.py took 0.093 seconds
[2023-12-06T09:37:44.658+0000] {processor.py:157} INFO - Started process (PID=208) to work on /home/airflow/.local/lib/python3.8/site-packages/airflow/example_dags/example_task_group_decorator.py
[2023-12-06T09:37:44.660+0000] {processor.py:829} INFO - Processing file /home/airflow/.local/lib/python3.8/site-packages/airflow/example_dags/example_task_group_decorator.py for tasks to queue
[2023-12-06T09:37:44.663+0000] {logging_mixin.py:154} INFO - [2023-12-06T09:37:44.662+0000] {dagbag.py:536} INFO - Filling up the DagBag from /home/airflow/.local/lib/python3.8/site-packages/airflow/example_dags/example_task_group_decorator.py
[2023-12-06T09:37:44.678+0000] {processor.py:839} INFO - DAG(s) dict_keys(['example_task_group_decorator']) retrieved from /home/airflow/.local/lib/python3.8/site-packages/airflow/example_dags/example_task_group_decorator.py
[2023-12-06T09:37:44.703+0000] {logging_mixin.py:154} INFO - [2023-12-06T09:37:44.703+0000] {dag.py:2941} INFO - Sync 1 DAGs
[2023-12-06T09:37:44.726+0000] {logging_mixin.py:154} INFO - [2023-12-06T09:37:44.726+0000] {dag.py:3722} INFO - Setting next_dagrun for example_task_group_decorator to 2023-12-05T09:37:44.726253+00:00, run_after=2023-12-06T09:37:44.726253+00:00
[2023-12-06T09:37:44.742+0000] {processor.py:179} INFO - Processing /home/airflow/.local/lib/python3.8/site-packages/airflow/example_dags/example_task_group_decorator.py took 0.088 seconds
[2023-12-06T09:38:15.487+0000] {processor.py:157} INFO - Started process (PID=262) to work on /home/airflow/.local/lib/python3.8/site-packages/airflow/example_dags/example_task_group_decorator.py
[2023-12-06T09:38:15.488+0000] {processor.py:829} INFO - Processing file /home/airflow/.local/lib/python3.8/site-packages/airflow/example_dags/example_task_group_decorator.py for tasks to queue
[2023-12-06T09:38:15.491+0000] {logging_mixin.py:154} INFO - [2023-12-06T09:38:15.491+0000] {dagbag.py:536} INFO - Filling up the DagBag from /home/airflow/.local/lib/python3.8/site-packages/airflow/example_dags/example_task_group_decorator.py
[2023-12-06T09:38:15.506+0000] {processor.py:839} INFO - DAG(s) dict_keys(['example_task_group_decorator']) retrieved from /home/airflow/.local/lib/python3.8/site-packages/airflow/example_dags/example_task_group_decorator.py
[2023-12-06T09:38:15.531+0000] {logging_mixin.py:154} INFO - [2023-12-06T09:38:15.531+0000] {dag.py:2941} INFO - Sync 1 DAGs
[2023-12-06T09:38:15.553+0000] {logging_mixin.py:154} INFO - [2023-12-06T09:38:15.553+0000] {dag.py:3722} INFO - Setting next_dagrun for example_task_group_decorator to 2023-12-05T09:38:15.552790+00:00, run_after=2023-12-06T09:38:15.552790+00:00
[2023-12-06T09:38:15.570+0000] {processor.py:179} INFO - Processing /home/airflow/.local/lib/python3.8/site-packages/airflow/example_dags/example_task_group_decorator.py took 0.087 seconds
[2023-12-06T09:38:46.483+0000] {processor.py:157} INFO - Started process (PID=317) to work on /home/airflow/.local/lib/python3.8/site-packages/airflow/example_dags/example_task_group_decorator.py
[2023-12-06T09:38:46.484+0000] {processor.py:829} INFO - Processing file /home/airflow/.local/lib/python3.8/site-packages/airflow/example_dags/example_task_group_decorator.py for tasks to queue
[2023-12-06T09:38:46.487+0000] {logging_mixin.py:154} INFO - [2023-12-06T09:38:46.486+0000] {dagbag.py:536} INFO - Filling up the DagBag from /home/airflow/.local/lib/python3.8/site-packages/airflow/example_dags/example_task_group_decorator.py
[2023-12-06T09:38:46.503+0000] {processor.py:839} INFO - DAG(s) dict_keys(['example_task_group_decorator']) retrieved from /home/airflow/.local/lib/python3.8/site-packages/airflow/example_dags/example_task_group_decorator.py
[2023-12-06T09:38:46.529+0000] {logging_mixin.py:154} INFO - [2023-12-06T09:38:46.529+0000] {dag.py:2941} INFO - Sync 1 DAGs
[2023-12-06T09:38:46.553+0000] {logging_mixin.py:154} INFO - [2023-12-06T09:38:46.552+0000] {dag.py:3722} INFO - Setting next_dagrun for example_task_group_decorator to 2023-12-05T09:38:46.552712+00:00, run_after=2023-12-06T09:38:46.552712+00:00
[2023-12-06T09:38:46.570+0000] {processor.py:179} INFO - Processing /home/airflow/.local/lib/python3.8/site-packages/airflow/example_dags/example_task_group_decorator.py took 0.092 seconds
[2023-12-06T09:39:17.525+0000] {processor.py:157} INFO - Started process (PID=371) to work on /home/airflow/.local/lib/python3.8/site-packages/airflow/example_dags/example_task_group_decorator.py
[2023-12-06T09:39:17.526+0000] {processor.py:829} INFO - Processing file /home/airflow/.local/lib/python3.8/site-packages/airflow/example_dags/example_task_group_decorator.py for tasks to queue
[2023-12-06T09:39:17.528+0000] {logging_mixin.py:154} INFO - [2023-12-06T09:39:17.528+0000] {dagbag.py:536} INFO - Filling up the DagBag from /home/airflow/.local/lib/python3.8/site-packages/airflow/example_dags/example_task_group_decorator.py
[2023-12-06T09:39:17.543+0000] {processor.py:839} INFO - DAG(s) dict_keys(['example_task_group_decorator']) retrieved from /home/airflow/.local/lib/python3.8/site-packages/airflow/example_dags/example_task_group_decorator.py
[2023-12-06T09:39:17.568+0000] {logging_mixin.py:154} INFO - [2023-12-06T09:39:17.568+0000] {dag.py:2941} INFO - Sync 1 DAGs
[2023-12-06T09:39:17.589+0000] {logging_mixin.py:154} INFO - [2023-12-06T09:39:17.589+0000] {dag.py:3722} INFO - Setting next_dagrun for example_task_group_decorator to 2023-12-05T09:39:17.589416+00:00, run_after=2023-12-06T09:39:17.589416+00:00
[2023-12-06T09:39:17.608+0000] {processor.py:179} INFO - Processing /home/airflow/.local/lib/python3.8/site-packages/airflow/example_dags/example_task_group_decorator.py took 0.087 seconds
[2023-12-06T09:39:47.763+0000] {processor.py:157} INFO - Started process (PID=425) to work on /home/airflow/.local/lib/python3.8/site-packages/airflow/example_dags/example_task_group_decorator.py
[2023-12-06T09:39:47.765+0000] {processor.py:829} INFO - Processing file /home/airflow/.local/lib/python3.8/site-packages/airflow/example_dags/example_task_group_decorator.py for tasks to queue
[2023-12-06T09:39:47.767+0000] {logging_mixin.py:154} INFO - [2023-12-06T09:39:47.767+0000] {dagbag.py:536} INFO - Filling up the DagBag from /home/airflow/.local/lib/python3.8/site-packages/airflow/example_dags/example_task_group_decorator.py
[2023-12-06T09:39:47.783+0000] {processor.py:839} INFO - DAG(s) dict_keys(['example_task_group_decorator']) retrieved from /home/airflow/.local/lib/python3.8/site-packages/airflow/example_dags/example_task_group_decorator.py
[2023-12-06T09:39:47.808+0000] {logging_mixin.py:154} INFO - [2023-12-06T09:39:47.808+0000] {dag.py:2941} INFO - Sync 1 DAGs
[2023-12-06T09:39:47.831+0000] {logging_mixin.py:154} INFO - [2023-12-06T09:39:47.831+0000] {dag.py:3722} INFO - Setting next_dagrun for example_task_group_decorator to 2023-12-05T09:39:47.830878+00:00, run_after=2023-12-06T09:39:47.830878+00:00
[2023-12-06T09:39:47.848+0000] {processor.py:179} INFO - Processing /home/airflow/.local/lib/python3.8/site-packages/airflow/example_dags/example_task_group_decorator.py took 0.089 seconds
[2023-12-06T09:40:18.151+0000] {processor.py:157} INFO - Started process (PID=480) to work on /home/airflow/.local/lib/python3.8/site-packages/airflow/example_dags/example_task_group_decorator.py
[2023-12-06T09:40:18.153+0000] {processor.py:829} INFO - Processing file /home/airflow/.local/lib/python3.8/site-packages/airflow/example_dags/example_task_group_decorator.py for tasks to queue
[2023-12-06T09:40:18.157+0000] {logging_mixin.py:154} INFO - [2023-12-06T09:40:18.156+0000] {dagbag.py:536} INFO - Filling up the DagBag from /home/airflow/.local/lib/python3.8/site-packages/airflow/example_dags/example_task_group_decorator.py
[2023-12-06T09:40:18.174+0000] {processor.py:839} INFO - DAG(s) dict_keys(['example_task_group_decorator']) retrieved from /home/airflow/.local/lib/python3.8/site-packages/airflow/example_dags/example_task_group_decorator.py
[2023-12-06T09:40:18.202+0000] {logging_mixin.py:154} INFO - [2023-12-06T09:40:18.202+0000] {dag.py:2941} INFO - Sync 1 DAGs
[2023-12-06T09:40:18.226+0000] {logging_mixin.py:154} INFO - [2023-12-06T09:40:18.226+0000] {dag.py:3722} INFO - Setting next_dagrun for example_task_group_decorator to 2023-12-05T09:40:18.226255+00:00, run_after=2023-12-06T09:40:18.226255+00:00
[2023-12-06T09:40:18.245+0000] {processor.py:179} INFO - Processing /home/airflow/.local/lib/python3.8/site-packages/airflow/example_dags/example_task_group_decorator.py took 0.098 seconds
[2023-12-06T09:40:48.388+0000] {processor.py:157} INFO - Started process (PID=534) to work on /home/airflow/.local/lib/python3.8/site-packages/airflow/example_dags/example_task_group_decorator.py
[2023-12-06T09:40:48.390+0000] {processor.py:829} INFO - Processing file /home/airflow/.local/lib/python3.8/site-packages/airflow/example_dags/example_task_group_decorator.py for tasks to queue
[2023-12-06T09:40:48.393+0000] {logging_mixin.py:154} INFO - [2023-12-06T09:40:48.392+0000] {dagbag.py:536} INFO - Filling up the DagBag from /home/airflow/.local/lib/python3.8/site-packages/airflow/example_dags/example_task_group_decorator.py
[2023-12-06T09:40:48.412+0000] {processor.py:839} INFO - DAG(s) dict_keys(['example_task_group_decorator']) retrieved from /home/airflow/.local/lib/python3.8/site-packages/airflow/example_dags/example_task_group_decorator.py
[2023-12-06T09:40:48.439+0000] {logging_mixin.py:154} INFO - [2023-12-06T09:40:48.438+0000] {dag.py:2941} INFO - Sync 1 DAGs
[2023-12-06T09:40:48.461+0000] {logging_mixin.py:154} INFO - [2023-12-06T09:40:48.461+0000] {dag.py:3722} INFO - Setting next_dagrun for example_task_group_decorator to 2023-12-05T09:40:48.461108+00:00, run_after=2023-12-06T09:40:48.461108+00:00
[2023-12-06T09:40:48.479+0000] {processor.py:179} INFO - Processing /home/airflow/.local/lib/python3.8/site-packages/airflow/example_dags/example_task_group_decorator.py took 0.095 seconds
[2023-12-06T09:41:18.594+0000] {processor.py:157} INFO - Started process (PID=588) to work on /home/airflow/.local/lib/python3.8/site-packages/airflow/example_dags/example_task_group_decorator.py
[2023-12-06T09:41:18.595+0000] {processor.py:829} INFO - Processing file /home/airflow/.local/lib/python3.8/site-packages/airflow/example_dags/example_task_group_decorator.py for tasks to queue
[2023-12-06T09:41:18.598+0000] {logging_mixin.py:154} INFO - [2023-12-06T09:41:18.598+0000] {dagbag.py:536} INFO - Filling up the DagBag from /home/airflow/.local/lib/python3.8/site-packages/airflow/example_dags/example_task_group_decorator.py
[2023-12-06T09:41:18.614+0000] {processor.py:839} INFO - DAG(s) dict_keys(['example_task_group_decorator']) retrieved from /home/airflow/.local/lib/python3.8/site-packages/airflow/example_dags/example_task_group_decorator.py
[2023-12-06T09:41:18.640+0000] {logging_mixin.py:154} INFO - [2023-12-06T09:41:18.640+0000] {dag.py:2941} INFO - Sync 1 DAGs
[2023-12-06T09:41:18.661+0000] {logging_mixin.py:154} INFO - [2023-12-06T09:41:18.661+0000] {dag.py:3722} INFO - Setting next_dagrun for example_task_group_decorator to 2023-12-05T09:41:18.661336+00:00, run_after=2023-12-06T09:41:18.661336+00:00
[2023-12-06T09:41:18.679+0000] {processor.py:179} INFO - Processing /home/airflow/.local/lib/python3.8/site-packages/airflow/example_dags/example_task_group_decorator.py took 0.089 seconds
[2023-12-06T09:41:49.101+0000] {processor.py:157} INFO - Started process (PID=642) to work on /home/airflow/.local/lib/python3.8/site-packages/airflow/example_dags/example_task_group_decorator.py
[2023-12-06T09:41:49.103+0000] {processor.py:829} INFO - Processing file /home/airflow/.local/lib/python3.8/site-packages/airflow/example_dags/example_task_group_decorator.py for tasks to queue
[2023-12-06T09:41:49.106+0000] {logging_mixin.py:154} INFO - [2023-12-06T09:41:49.106+0000] {dagbag.py:536} INFO - Filling up the DagBag from /home/airflow/.local/lib/python3.8/site-packages/airflow/example_dags/example_task_group_decorator.py
[2023-12-06T09:41:49.122+0000] {processor.py:839} INFO - DAG(s) dict_keys(['example_task_group_decorator']) retrieved from /home/airflow/.local/lib/python3.8/site-packages/airflow/example_dags/example_task_group_decorator.py
[2023-12-06T09:41:49.149+0000] {logging_mixin.py:154} INFO - [2023-12-06T09:41:49.149+0000] {dag.py:2941} INFO - Sync 1 DAGs
[2023-12-06T09:41:49.172+0000] {logging_mixin.py:154} INFO - [2023-12-06T09:41:49.171+0000] {dag.py:3722} INFO - Setting next_dagrun for example_task_group_decorator to 2023-12-05T09:41:49.171640+00:00, run_after=2023-12-06T09:41:49.171640+00:00
[2023-12-06T09:41:49.191+0000] {processor.py:179} INFO - Processing /home/airflow/.local/lib/python3.8/site-packages/airflow/example_dags/example_task_group_decorator.py took 0.095 seconds
[2023-12-06T09:42:19.295+0000] {processor.py:157} INFO - Started process (PID=696) to work on /home/airflow/.local/lib/python3.8/site-packages/airflow/example_dags/example_task_group_decorator.py
[2023-12-06T09:42:19.296+0000] {processor.py:829} INFO - Processing file /home/airflow/.local/lib/python3.8/site-packages/airflow/example_dags/example_task_group_decorator.py for tasks to queue
[2023-12-06T09:42:19.298+0000] {logging_mixin.py:154} INFO - [2023-12-06T09:42:19.298+0000] {dagbag.py:536} INFO - Filling up the DagBag from /home/airflow/.local/lib/python3.8/site-packages/airflow/example_dags/example_task_group_decorator.py
[2023-12-06T09:42:19.314+0000] {processor.py:839} INFO - DAG(s) dict_keys(['example_task_group_decorator']) retrieved from /home/airflow/.local/lib/python3.8/site-packages/airflow/example_dags/example_task_group_decorator.py
[2023-12-06T09:42:19.339+0000] {logging_mixin.py:154} INFO - [2023-12-06T09:42:19.339+0000] {dag.py:2941} INFO - Sync 1 DAGs
[2023-12-06T09:42:19.360+0000] {logging_mixin.py:154} INFO - [2023-12-06T09:42:19.360+0000] {dag.py:3722} INFO - Setting next_dagrun for example_task_group_decorator to 2023-12-05T09:42:19.360194+00:00, run_after=2023-12-06T09:42:19.360194+00:00
[2023-12-06T09:42:19.377+0000] {processor.py:179} INFO - Processing /home/airflow/.local/lib/python3.8/site-packages/airflow/example_dags/example_task_group_decorator.py took 0.086 seconds
[2023-12-06T09:42:49.818+0000] {processor.py:157} INFO - Started process (PID=750) to work on /home/airflow/.local/lib/python3.8/site-packages/airflow/example_dags/example_task_group_decorator.py
[2023-12-06T09:42:49.820+0000] {processor.py:829} INFO - Processing file /home/airflow/.local/lib/python3.8/site-packages/airflow/example_dags/example_task_group_decorator.py for tasks to queue
[2023-12-06T09:42:49.822+0000] {logging_mixin.py:154} INFO - [2023-12-06T09:42:49.822+0000] {dagbag.py:536} INFO - Filling up the DagBag from /home/airflow/.local/lib/python3.8/site-packages/airflow/example_dags/example_task_group_decorator.py
[2023-12-06T09:42:49.838+0000] {processor.py:839} INFO - DAG(s) dict_keys(['example_task_group_decorator']) retrieved from /home/airflow/.local/lib/python3.8/site-packages/airflow/example_dags/example_task_group_decorator.py
[2023-12-06T09:42:49.863+0000] {logging_mixin.py:154} INFO - [2023-12-06T09:42:49.863+0000] {dag.py:2941} INFO - Sync 1 DAGs
[2023-12-06T09:42:49.885+0000] {logging_mixin.py:154} INFO - [2023-12-06T09:42:49.885+0000] {dag.py:3722} INFO - Setting next_dagrun for example_task_group_decorator to 2023-12-05T09:42:49.885212+00:00, run_after=2023-12-06T09:42:49.885212+00:00
[2023-12-06T09:42:49.905+0000] {processor.py:179} INFO - Processing /home/airflow/.local/lib/python3.8/site-packages/airflow/example_dags/example_task_group_decorator.py took 0.091 seconds
[2023-12-06T09:43:20.018+0000] {processor.py:157} INFO - Started process (PID=805) to work on /home/airflow/.local/lib/python3.8/site-packages/airflow/example_dags/example_task_group_decorator.py
[2023-12-06T09:43:20.020+0000] {processor.py:829} INFO - Processing file /home/airflow/.local/lib/python3.8/site-packages/airflow/example_dags/example_task_group_decorator.py for tasks to queue
[2023-12-06T09:43:20.023+0000] {logging_mixin.py:154} INFO - [2023-12-06T09:43:20.022+0000] {dagbag.py:536} INFO - Filling up the DagBag from /home/airflow/.local/lib/python3.8/site-packages/airflow/example_dags/example_task_group_decorator.py
[2023-12-06T09:43:20.038+0000] {processor.py:839} INFO - DAG(s) dict_keys(['example_task_group_decorator']) retrieved from /home/airflow/.local/lib/python3.8/site-packages/airflow/example_dags/example_task_group_decorator.py
[2023-12-06T09:43:20.065+0000] {logging_mixin.py:154} INFO - [2023-12-06T09:43:20.064+0000] {dag.py:2941} INFO - Sync 1 DAGs
[2023-12-06T09:43:20.086+0000] {logging_mixin.py:154} INFO - [2023-12-06T09:43:20.085+0000] {dag.py:3722} INFO - Setting next_dagrun for example_task_group_decorator to 2023-12-05T09:43:20.085676+00:00, run_after=2023-12-06T09:43:20.085676+00:00
[2023-12-06T09:43:20.102+0000] {processor.py:179} INFO - Processing /home/airflow/.local/lib/python3.8/site-packages/airflow/example_dags/example_task_group_decorator.py took 0.088 seconds
[2023-12-06T09:43:50.953+0000] {processor.py:157} INFO - Started process (PID=859) to work on /home/airflow/.local/lib/python3.8/site-packages/airflow/example_dags/example_task_group_decorator.py
[2023-12-06T09:43:50.954+0000] {processor.py:829} INFO - Processing file /home/airflow/.local/lib/python3.8/site-packages/airflow/example_dags/example_task_group_decorator.py for tasks to queue
[2023-12-06T09:43:50.957+0000] {logging_mixin.py:154} INFO - [2023-12-06T09:43:50.957+0000] {dagbag.py:536} INFO - Filling up the DagBag from /home/airflow/.local/lib/python3.8/site-packages/airflow/example_dags/example_task_group_decorator.py
[2023-12-06T09:43:50.973+0000] {processor.py:839} INFO - DAG(s) dict_keys(['example_task_group_decorator']) retrieved from /home/airflow/.local/lib/python3.8/site-packages/airflow/example_dags/example_task_group_decorator.py
[2023-12-06T09:43:51.000+0000] {logging_mixin.py:154} INFO - [2023-12-06T09:43:51.000+0000] {dag.py:2941} INFO - Sync 1 DAGs
[2023-12-06T09:43:51.025+0000] {logging_mixin.py:154} INFO - [2023-12-06T09:43:51.025+0000] {dag.py:3722} INFO - Setting next_dagrun for example_task_group_decorator to 2023-12-05T09:43:51.025344+00:00, run_after=2023-12-06T09:43:51.025344+00:00
[2023-12-06T09:43:51.045+0000] {processor.py:179} INFO - Processing /home/airflow/.local/lib/python3.8/site-packages/airflow/example_dags/example_task_group_decorator.py took 0.097 seconds
[2023-12-06T09:44:21.090+0000] {processor.py:157} INFO - Started process (PID=913) to work on /home/airflow/.local/lib/python3.8/site-packages/airflow/example_dags/example_task_group_decorator.py
[2023-12-06T09:44:21.091+0000] {processor.py:829} INFO - Processing file /home/airflow/.local/lib/python3.8/site-packages/airflow/example_dags/example_task_group_decorator.py for tasks to queue
[2023-12-06T09:44:21.094+0000] {logging_mixin.py:154} INFO - [2023-12-06T09:44:21.094+0000] {dagbag.py:536} INFO - Filling up the DagBag from /home/airflow/.local/lib/python3.8/site-packages/airflow/example_dags/example_task_group_decorator.py
[2023-12-06T09:44:21.109+0000] {processor.py:839} INFO - DAG(s) dict_keys(['example_task_group_decorator']) retrieved from /home/airflow/.local/lib/python3.8/site-packages/airflow/example_dags/example_task_group_decorator.py
[2023-12-06T09:44:21.136+0000] {logging_mixin.py:154} INFO - [2023-12-06T09:44:21.136+0000] {dag.py:2941} INFO - Sync 1 DAGs
[2023-12-06T09:44:21.159+0000] {logging_mixin.py:154} INFO - [2023-12-06T09:44:21.159+0000] {dag.py:3722} INFO - Setting next_dagrun for example_task_group_decorator to 2023-12-05T09:44:21.158947+00:00, run_after=2023-12-06T09:44:21.158947+00:00
[2023-12-06T09:44:21.181+0000] {processor.py:179} INFO - Processing /home/airflow/.local/lib/python3.8/site-packages/airflow/example_dags/example_task_group_decorator.py took 0.096 seconds
[2023-12-06T09:44:51.322+0000] {processor.py:157} INFO - Started process (PID=966) to work on /home/airflow/.local/lib/python3.8/site-packages/airflow/example_dags/example_task_group_decorator.py
[2023-12-06T09:44:51.323+0000] {processor.py:829} INFO - Processing file /home/airflow/.local/lib/python3.8/site-packages/airflow/example_dags/example_task_group_decorator.py for tasks to queue
[2023-12-06T09:44:51.326+0000] {logging_mixin.py:154} INFO - [2023-12-06T09:44:51.326+0000] {dagbag.py:536} INFO - Filling up the DagBag from /home/airflow/.local/lib/python3.8/site-packages/airflow/example_dags/example_task_group_decorator.py
[2023-12-06T09:44:51.342+0000] {processor.py:839} INFO - DAG(s) dict_keys(['example_task_group_decorator']) retrieved from /home/airflow/.local/lib/python3.8/site-packages/airflow/example_dags/example_task_group_decorator.py
[2023-12-06T09:44:51.367+0000] {logging_mixin.py:154} INFO - [2023-12-06T09:44:51.367+0000] {dag.py:2941} INFO - Sync 1 DAGs
[2023-12-06T09:44:51.390+0000] {logging_mixin.py:154} INFO - [2023-12-06T09:44:51.390+0000] {dag.py:3722} INFO - Setting next_dagrun for example_task_group_decorator to 2023-12-05T09:44:51.390197+00:00, run_after=2023-12-06T09:44:51.390197+00:00
[2023-12-06T09:44:51.408+0000] {processor.py:179} INFO - Processing /home/airflow/.local/lib/python3.8/site-packages/airflow/example_dags/example_task_group_decorator.py took 0.091 seconds
[2023-12-06T09:45:21.533+0000] {processor.py:157} INFO - Started process (PID=1020) to work on /home/airflow/.local/lib/python3.8/site-packages/airflow/example_dags/example_task_group_decorator.py
[2023-12-06T09:45:21.535+0000] {processor.py:829} INFO - Processing file /home/airflow/.local/lib/python3.8/site-packages/airflow/example_dags/example_task_group_decorator.py for tasks to queue
[2023-12-06T09:45:21.537+0000] {logging_mixin.py:154} INFO - [2023-12-06T09:45:21.537+0000] {dagbag.py:536} INFO - Filling up the DagBag from /home/airflow/.local/lib/python3.8/site-packages/airflow/example_dags/example_task_group_decorator.py
[2023-12-06T09:45:21.554+0000] {processor.py:839} INFO - DAG(s) dict_keys(['example_task_group_decorator']) retrieved from /home/airflow/.local/lib/python3.8/site-packages/airflow/example_dags/example_task_group_decorator.py
[2023-12-06T09:45:21.582+0000] {logging_mixin.py:154} INFO - [2023-12-06T09:45:21.581+0000] {dag.py:2941} INFO - Sync 1 DAGs
[2023-12-06T09:45:21.604+0000] {logging_mixin.py:154} INFO - [2023-12-06T09:45:21.604+0000] {dag.py:3722} INFO - Setting next_dagrun for example_task_group_decorator to 2023-12-05T09:45:21.604232+00:00, run_after=2023-12-06T09:45:21.604232+00:00
[2023-12-06T09:45:21.621+0000] {processor.py:179} INFO - Processing /home/airflow/.local/lib/python3.8/site-packages/airflow/example_dags/example_task_group_decorator.py took 0.092 seconds
[2023-12-06T09:45:51.774+0000] {processor.py:157} INFO - Started process (PID=1087) to work on /home/airflow/.local/lib/python3.8/site-packages/airflow/example_dags/example_task_group_decorator.py
[2023-12-06T09:45:51.775+0000] {processor.py:829} INFO - Processing file /home/airflow/.local/lib/python3.8/site-packages/airflow/example_dags/example_task_group_decorator.py for tasks to queue
[2023-12-06T09:45:51.778+0000] {logging_mixin.py:154} INFO - [2023-12-06T09:45:51.778+0000] {dagbag.py:536} INFO - Filling up the DagBag from /home/airflow/.local/lib/python3.8/site-packages/airflow/example_dags/example_task_group_decorator.py
[2023-12-06T09:45:51.793+0000] {processor.py:839} INFO - DAG(s) dict_keys(['example_task_group_decorator']) retrieved from /home/airflow/.local/lib/python3.8/site-packages/airflow/example_dags/example_task_group_decorator.py
[2023-12-06T09:45:51.819+0000] {logging_mixin.py:154} INFO - [2023-12-06T09:45:51.819+0000] {dag.py:2941} INFO - Sync 1 DAGs
[2023-12-06T09:45:51.841+0000] {logging_mixin.py:154} INFO - [2023-12-06T09:45:51.841+0000] {dag.py:3722} INFO - Setting next_dagrun for example_task_group_decorator to 2023-12-05T09:45:51.841276+00:00, run_after=2023-12-06T09:45:51.841276+00:00
[2023-12-06T09:45:51.860+0000] {processor.py:179} INFO - Processing /home/airflow/.local/lib/python3.8/site-packages/airflow/example_dags/example_task_group_decorator.py took 0.090 seconds
[2023-12-06T09:46:22.062+0000] {processor.py:157} INFO - Started process (PID=1144) to work on /home/airflow/.local/lib/python3.8/site-packages/airflow/example_dags/example_task_group_decorator.py
[2023-12-06T09:46:22.063+0000] {processor.py:829} INFO - Processing file /home/airflow/.local/lib/python3.8/site-packages/airflow/example_dags/example_task_group_decorator.py for tasks to queue
[2023-12-06T09:46:22.066+0000] {logging_mixin.py:154} INFO - [2023-12-06T09:46:22.066+0000] {dagbag.py:536} INFO - Filling up the DagBag from /home/airflow/.local/lib/python3.8/site-packages/airflow/example_dags/example_task_group_decorator.py
[2023-12-06T09:46:22.082+0000] {processor.py:839} INFO - DAG(s) dict_keys(['example_task_group_decorator']) retrieved from /home/airflow/.local/lib/python3.8/site-packages/airflow/example_dags/example_task_group_decorator.py
[2023-12-06T09:46:22.108+0000] {logging_mixin.py:154} INFO - [2023-12-06T09:46:22.108+0000] {dag.py:2941} INFO - Sync 1 DAGs
[2023-12-06T09:46:22.131+0000] {logging_mixin.py:154} INFO - [2023-12-06T09:46:22.131+0000] {dag.py:3722} INFO - Setting next_dagrun for example_task_group_decorator to 2023-12-05T09:46:22.131525+00:00, run_after=2023-12-06T09:46:22.131525+00:00
[2023-12-06T09:46:22.152+0000] {processor.py:179} INFO - Processing /home/airflow/.local/lib/python3.8/site-packages/airflow/example_dags/example_task_group_decorator.py took 0.094 seconds
[2023-12-06T09:46:52.578+0000] {processor.py:157} INFO - Started process (PID=1198) to work on /home/airflow/.local/lib/python3.8/site-packages/airflow/example_dags/example_task_group_decorator.py
[2023-12-06T09:46:52.580+0000] {processor.py:829} INFO - Processing file /home/airflow/.local/lib/python3.8/site-packages/airflow/example_dags/example_task_group_decorator.py for tasks to queue
[2023-12-06T09:46:52.583+0000] {logging_mixin.py:154} INFO - [2023-12-06T09:46:52.582+0000] {dagbag.py:536} INFO - Filling up the DagBag from /home/airflow/.local/lib/python3.8/site-packages/airflow/example_dags/example_task_group_decorator.py
[2023-12-06T09:46:52.598+0000] {processor.py:839} INFO - DAG(s) dict_keys(['example_task_group_decorator']) retrieved from /home/airflow/.local/lib/python3.8/site-packages/airflow/example_dags/example_task_group_decorator.py
[2023-12-06T09:46:52.624+0000] {logging_mixin.py:154} INFO - [2023-12-06T09:46:52.624+0000] {dag.py:2941} INFO - Sync 1 DAGs
[2023-12-06T09:46:52.647+0000] {logging_mixin.py:154} INFO - [2023-12-06T09:46:52.647+0000] {dag.py:3722} INFO - Setting next_dagrun for example_task_group_decorator to 2023-12-05T09:46:52.647454+00:00, run_after=2023-12-06T09:46:52.647454+00:00
[2023-12-06T09:46:52.666+0000] {processor.py:179} INFO - Processing /home/airflow/.local/lib/python3.8/site-packages/airflow/example_dags/example_task_group_decorator.py took 0.092 seconds
[2023-12-06T09:47:22.953+0000] {processor.py:157} INFO - Started process (PID=1255) to work on /home/airflow/.local/lib/python3.8/site-packages/airflow/example_dags/example_task_group_decorator.py
[2023-12-06T09:47:22.954+0000] {processor.py:829} INFO - Processing file /home/airflow/.local/lib/python3.8/site-packages/airflow/example_dags/example_task_group_decorator.py for tasks to queue
[2023-12-06T09:47:22.955+0000] {logging_mixin.py:154} INFO - [2023-12-06T09:47:22.955+0000] {dagbag.py:536} INFO - Filling up the DagBag from /home/airflow/.local/lib/python3.8/site-packages/airflow/example_dags/example_task_group_decorator.py
[2023-12-06T09:47:22.972+0000] {processor.py:839} INFO - DAG(s) dict_keys(['example_task_group_decorator']) retrieved from /home/airflow/.local/lib/python3.8/site-packages/airflow/example_dags/example_task_group_decorator.py
[2023-12-06T09:47:22.998+0000] {logging_mixin.py:154} INFO - [2023-12-06T09:47:22.998+0000] {dag.py:2941} INFO - Sync 1 DAGs
[2023-12-06T09:47:23.021+0000] {logging_mixin.py:154} INFO - [2023-12-06T09:47:23.021+0000] {dag.py:3722} INFO - Setting next_dagrun for example_task_group_decorator to 2023-12-05T09:47:23.021230+00:00, run_after=2023-12-06T09:47:23.021230+00:00
[2023-12-06T09:47:23.039+0000] {processor.py:179} INFO - Processing /home/airflow/.local/lib/python3.8/site-packages/airflow/example_dags/example_task_group_decorator.py took 0.090 seconds
[2023-12-06T09:47:54.019+0000] {processor.py:157} INFO - Started process (PID=1313) to work on /home/airflow/.local/lib/python3.8/site-packages/airflow/example_dags/example_task_group_decorator.py
[2023-12-06T09:47:54.020+0000] {processor.py:829} INFO - Processing file /home/airflow/.local/lib/python3.8/site-packages/airflow/example_dags/example_task_group_decorator.py for tasks to queue
[2023-12-06T09:47:54.021+0000] {logging_mixin.py:154} INFO - [2023-12-06T09:47:54.021+0000] {dagbag.py:536} INFO - Filling up the DagBag from /home/airflow/.local/lib/python3.8/site-packages/airflow/example_dags/example_task_group_decorator.py
[2023-12-06T09:47:54.039+0000] {processor.py:839} INFO - DAG(s) dict_keys(['example_task_group_decorator']) retrieved from /home/airflow/.local/lib/python3.8/site-packages/airflow/example_dags/example_task_group_decorator.py
[2023-12-06T09:47:54.066+0000] {logging_mixin.py:154} INFO - [2023-12-06T09:47:54.065+0000] {dag.py:2941} INFO - Sync 1 DAGs
[2023-12-06T09:47:54.226+0000] {logging_mixin.py:154} INFO - [2023-12-06T09:47:54.226+0000] {dag.py:3722} INFO - Setting next_dagrun for example_task_group_decorator to 2023-12-05T09:47:54.226020+00:00, run_after=2023-12-06T09:47:54.226020+00:00
[2023-12-06T09:47:54.250+0000] {processor.py:179} INFO - Processing /home/airflow/.local/lib/python3.8/site-packages/airflow/example_dags/example_task_group_decorator.py took 0.235 seconds
[2023-12-06T09:48:25.019+0000] {processor.py:157} INFO - Started process (PID=1374) to work on /home/airflow/.local/lib/python3.8/site-packages/airflow/example_dags/example_task_group_decorator.py
[2023-12-06T09:48:25.023+0000] {processor.py:829} INFO - Processing file /home/airflow/.local/lib/python3.8/site-packages/airflow/example_dags/example_task_group_decorator.py for tasks to queue
[2023-12-06T09:48:25.025+0000] {logging_mixin.py:154} INFO - [2023-12-06T09:48:25.025+0000] {dagbag.py:536} INFO - Filling up the DagBag from /home/airflow/.local/lib/python3.8/site-packages/airflow/example_dags/example_task_group_decorator.py
[2023-12-06T09:48:25.080+0000] {processor.py:839} INFO - DAG(s) dict_keys(['example_task_group_decorator']) retrieved from /home/airflow/.local/lib/python3.8/site-packages/airflow/example_dags/example_task_group_decorator.py
[2023-12-06T09:48:25.152+0000] {logging_mixin.py:154} INFO - [2023-12-06T09:48:25.152+0000] {dag.py:2941} INFO - Sync 1 DAGs
[2023-12-06T09:48:25.201+0000] {logging_mixin.py:154} INFO - [2023-12-06T09:48:25.201+0000] {dag.py:3722} INFO - Setting next_dagrun for example_task_group_decorator to 2023-12-05T09:48:25.201041+00:00, run_after=2023-12-06T09:48:25.201041+00:00
[2023-12-06T09:48:25.533+0000] {processor.py:179} INFO - Processing /home/airflow/.local/lib/python3.8/site-packages/airflow/example_dags/example_task_group_decorator.py took 0.519 seconds
[2023-12-06T09:48:55.572+0000] {processor.py:157} INFO - Started process (PID=1430) to work on /home/airflow/.local/lib/python3.8/site-packages/airflow/example_dags/example_task_group_decorator.py
[2023-12-06T09:48:55.573+0000] {processor.py:829} INFO - Processing file /home/airflow/.local/lib/python3.8/site-packages/airflow/example_dags/example_task_group_decorator.py for tasks to queue
[2023-12-06T09:48:55.575+0000] {logging_mixin.py:154} INFO - [2023-12-06T09:48:55.574+0000] {dagbag.py:536} INFO - Filling up the DagBag from /home/airflow/.local/lib/python3.8/site-packages/airflow/example_dags/example_task_group_decorator.py
[2023-12-06T09:48:55.592+0000] {processor.py:839} INFO - DAG(s) dict_keys(['example_task_group_decorator']) retrieved from /home/airflow/.local/lib/python3.8/site-packages/airflow/example_dags/example_task_group_decorator.py
[2023-12-06T09:48:55.618+0000] {logging_mixin.py:154} INFO - [2023-12-06T09:48:55.617+0000] {dag.py:2941} INFO - Sync 1 DAGs
[2023-12-06T09:48:55.641+0000] {logging_mixin.py:154} INFO - [2023-12-06T09:48:55.640+0000] {dag.py:3722} INFO - Setting next_dagrun for example_task_group_decorator to 2023-12-05T09:48:55.640377+00:00, run_after=2023-12-06T09:48:55.640377+00:00
[2023-12-06T09:48:55.658+0000] {processor.py:179} INFO - Processing /home/airflow/.local/lib/python3.8/site-packages/airflow/example_dags/example_task_group_decorator.py took 0.091 seconds
[2023-12-06T09:49:26.847+0000] {processor.py:157} INFO - Started process (PID=1486) to work on /home/airflow/.local/lib/python3.8/site-packages/airflow/example_dags/example_task_group_decorator.py
[2023-12-06T09:49:26.849+0000] {processor.py:829} INFO - Processing file /home/airflow/.local/lib/python3.8/site-packages/airflow/example_dags/example_task_group_decorator.py for tasks to queue
[2023-12-06T09:49:26.851+0000] {logging_mixin.py:154} INFO - [2023-12-06T09:49:26.851+0000] {dagbag.py:536} INFO - Filling up the DagBag from /home/airflow/.local/lib/python3.8/site-packages/airflow/example_dags/example_task_group_decorator.py
[2023-12-06T09:49:26.872+0000] {processor.py:839} INFO - DAG(s) dict_keys(['example_task_group_decorator']) retrieved from /home/airflow/.local/lib/python3.8/site-packages/airflow/example_dags/example_task_group_decorator.py
[2023-12-06T09:49:26.902+0000] {logging_mixin.py:154} INFO - [2023-12-06T09:49:26.901+0000] {dag.py:2941} INFO - Sync 1 DAGs
[2023-12-06T09:49:26.953+0000] {logging_mixin.py:154} INFO - [2023-12-06T09:49:26.953+0000] {dag.py:3722} INFO - Setting next_dagrun for example_task_group_decorator to 2023-12-05T09:49:26.953348+00:00, run_after=2023-12-06T09:49:26.953348+00:00
[2023-12-06T09:49:27.010+0000] {processor.py:179} INFO - Processing /home/airflow/.local/lib/python3.8/site-packages/airflow/example_dags/example_task_group_decorator.py took 0.167 seconds
[2023-12-06T09:49:57.257+0000] {processor.py:157} INFO - Started process (PID=1542) to work on /home/airflow/.local/lib/python3.8/site-packages/airflow/example_dags/example_task_group_decorator.py
[2023-12-06T09:49:57.259+0000] {processor.py:829} INFO - Processing file /home/airflow/.local/lib/python3.8/site-packages/airflow/example_dags/example_task_group_decorator.py for tasks to queue
[2023-12-06T09:49:57.260+0000] {logging_mixin.py:154} INFO - [2023-12-06T09:49:57.260+0000] {dagbag.py:536} INFO - Filling up the DagBag from /home/airflow/.local/lib/python3.8/site-packages/airflow/example_dags/example_task_group_decorator.py
[2023-12-06T09:49:57.278+0000] {processor.py:839} INFO - DAG(s) dict_keys(['example_task_group_decorator']) retrieved from /home/airflow/.local/lib/python3.8/site-packages/airflow/example_dags/example_task_group_decorator.py
[2023-12-06T09:49:57.306+0000] {logging_mixin.py:154} INFO - [2023-12-06T09:49:57.305+0000] {dag.py:2941} INFO - Sync 1 DAGs
[2023-12-06T09:49:57.461+0000] {logging_mixin.py:154} INFO - [2023-12-06T09:49:57.461+0000] {dag.py:3722} INFO - Setting next_dagrun for example_task_group_decorator to 2023-12-05T09:49:57.461373+00:00, run_after=2023-12-06T09:49:57.461373+00:00
[2023-12-06T09:49:57.483+0000] {processor.py:179} INFO - Processing /home/airflow/.local/lib/python3.8/site-packages/airflow/example_dags/example_task_group_decorator.py took 0.230 seconds
[2023-12-06T09:50:27.657+0000] {processor.py:157} INFO - Started process (PID=1598) to work on /home/airflow/.local/lib/python3.8/site-packages/airflow/example_dags/example_task_group_decorator.py
[2023-12-06T09:50:27.659+0000] {processor.py:829} INFO - Processing file /home/airflow/.local/lib/python3.8/site-packages/airflow/example_dags/example_task_group_decorator.py for tasks to queue
[2023-12-06T09:50:27.660+0000] {logging_mixin.py:154} INFO - [2023-12-06T09:50:27.660+0000] {dagbag.py:536} INFO - Filling up the DagBag from /home/airflow/.local/lib/python3.8/site-packages/airflow/example_dags/example_task_group_decorator.py
[2023-12-06T09:50:27.678+0000] {processor.py:839} INFO - DAG(s) dict_keys(['example_task_group_decorator']) retrieved from /home/airflow/.local/lib/python3.8/site-packages/airflow/example_dags/example_task_group_decorator.py
[2023-12-06T09:50:27.704+0000] {logging_mixin.py:154} INFO - [2023-12-06T09:50:27.704+0000] {dag.py:2941} INFO - Sync 1 DAGs
[2023-12-06T09:50:27.727+0000] {logging_mixin.py:154} INFO - [2023-12-06T09:50:27.726+0000] {dag.py:3722} INFO - Setting next_dagrun for example_task_group_decorator to 2023-12-05T09:50:27.726645+00:00, run_after=2023-12-06T09:50:27.726645+00:00
[2023-12-06T09:50:27.882+0000] {processor.py:179} INFO - Processing /home/airflow/.local/lib/python3.8/site-packages/airflow/example_dags/example_task_group_decorator.py took 0.230 seconds
