[2023-12-06T09:36:14.439+0000] {processor.py:157} INFO - Started process (PID=52) to work on /home/airflow/.local/lib/python3.8/site-packages/airflow/example_dags/tutorial.py
[2023-12-06T09:36:14.443+0000] {processor.py:829} INFO - Processing file /home/airflow/.local/lib/python3.8/site-packages/airflow/example_dags/tutorial.py for tasks to queue
[2023-12-06T09:36:14.451+0000] {logging_mixin.py:154} INFO - [2023-12-06T09:36:14.450+0000] {dagbag.py:536} INFO - Filling up the DagBag from /home/airflow/.local/lib/python3.8/site-packages/airflow/example_dags/tutorial.py
[2023-12-06T09:36:14.475+0000] {processor.py:839} INFO - DAG(s) dict_keys(['tutorial']) retrieved from /home/airflow/.local/lib/python3.8/site-packages/airflow/example_dags/tutorial.py
[2023-12-06T09:36:14.644+0000] {logging_mixin.py:154} INFO - [2023-12-06T09:36:14.644+0000] {manager.py:499} INFO - Created Permission View: %s
[2023-12-06T09:36:14.656+0000] {logging_mixin.py:154} INFO - [2023-12-06T09:36:14.656+0000] {manager.py:499} INFO - Created Permission View: %s
[2023-12-06T09:36:14.663+0000] {logging_mixin.py:154} INFO - [2023-12-06T09:36:14.663+0000] {manager.py:499} INFO - Created Permission View: %s
[2023-12-06T09:36:14.664+0000] {logging_mixin.py:154} INFO - [2023-12-06T09:36:14.664+0000] {dag.py:2941} INFO - Sync 1 DAGs
[2023-12-06T09:36:14.679+0000] {logging_mixin.py:154} INFO - [2023-12-06T09:36:14.679+0000] {dag.py:2963} INFO - Creating ORM DAG for tutorial
[2023-12-06T09:36:14.694+0000] {logging_mixin.py:154} INFO - [2023-12-06T09:36:14.694+0000] {dag.py:3722} INFO - Setting next_dagrun for tutorial to 2023-12-05T09:36:14.693542+00:00, run_after=2023-12-06T09:36:14.693542+00:00
[2023-12-06T09:36:14.714+0000] {processor.py:179} INFO - Processing /home/airflow/.local/lib/python3.8/site-packages/airflow/example_dags/tutorial.py took 0.286 seconds
[2023-12-06T09:36:45.017+0000] {processor.py:157} INFO - Started process (PID=106) to work on /home/airflow/.local/lib/python3.8/site-packages/airflow/example_dags/tutorial.py
[2023-12-06T09:36:45.018+0000] {processor.py:829} INFO - Processing file /home/airflow/.local/lib/python3.8/site-packages/airflow/example_dags/tutorial.py for tasks to queue
[2023-12-06T09:36:45.021+0000] {logging_mixin.py:154} INFO - [2023-12-06T09:36:45.021+0000] {dagbag.py:536} INFO - Filling up the DagBag from /home/airflow/.local/lib/python3.8/site-packages/airflow/example_dags/tutorial.py
[2023-12-06T09:36:45.028+0000] {processor.py:839} INFO - DAG(s) dict_keys(['tutorial']) retrieved from /home/airflow/.local/lib/python3.8/site-packages/airflow/example_dags/tutorial.py
[2023-12-06T09:36:45.051+0000] {logging_mixin.py:154} INFO - [2023-12-06T09:36:45.051+0000] {dag.py:2941} INFO - Sync 1 DAGs
[2023-12-06T09:36:45.074+0000] {logging_mixin.py:154} INFO - [2023-12-06T09:36:45.074+0000] {dag.py:3722} INFO - Setting next_dagrun for tutorial to 2023-12-05T09:36:45.074339+00:00, run_after=2023-12-06T09:36:45.074339+00:00
[2023-12-06T09:36:45.092+0000] {processor.py:179} INFO - Processing /home/airflow/.local/lib/python3.8/site-packages/airflow/example_dags/tutorial.py took 0.079 seconds
[2023-12-06T09:37:15.262+0000] {processor.py:157} INFO - Started process (PID=160) to work on /home/airflow/.local/lib/python3.8/site-packages/airflow/example_dags/tutorial.py
[2023-12-06T09:37:15.263+0000] {processor.py:829} INFO - Processing file /home/airflow/.local/lib/python3.8/site-packages/airflow/example_dags/tutorial.py for tasks to queue
[2023-12-06T09:37:15.266+0000] {logging_mixin.py:154} INFO - [2023-12-06T09:37:15.265+0000] {dagbag.py:536} INFO - Filling up the DagBag from /home/airflow/.local/lib/python3.8/site-packages/airflow/example_dags/tutorial.py
[2023-12-06T09:37:15.273+0000] {processor.py:839} INFO - DAG(s) dict_keys(['tutorial']) retrieved from /home/airflow/.local/lib/python3.8/site-packages/airflow/example_dags/tutorial.py
[2023-12-06T09:37:15.306+0000] {logging_mixin.py:154} INFO - [2023-12-06T09:37:15.306+0000] {dag.py:2941} INFO - Sync 1 DAGs
[2023-12-06T09:37:15.331+0000] {logging_mixin.py:154} INFO - [2023-12-06T09:37:15.331+0000] {dag.py:3722} INFO - Setting next_dagrun for tutorial to 2023-12-05T09:37:15.331334+00:00, run_after=2023-12-06T09:37:15.331334+00:00
[2023-12-06T09:37:15.355+0000] {processor.py:179} INFO - Processing /home/airflow/.local/lib/python3.8/site-packages/airflow/example_dags/tutorial.py took 0.097 seconds
[2023-12-06T09:37:45.995+0000] {processor.py:157} INFO - Started process (PID=214) to work on /home/airflow/.local/lib/python3.8/site-packages/airflow/example_dags/tutorial.py
[2023-12-06T09:37:45.996+0000] {processor.py:829} INFO - Processing file /home/airflow/.local/lib/python3.8/site-packages/airflow/example_dags/tutorial.py for tasks to queue
[2023-12-06T09:37:45.999+0000] {logging_mixin.py:154} INFO - [2023-12-06T09:37:45.999+0000] {dagbag.py:536} INFO - Filling up the DagBag from /home/airflow/.local/lib/python3.8/site-packages/airflow/example_dags/tutorial.py
[2023-12-06T09:37:46.007+0000] {processor.py:839} INFO - DAG(s) dict_keys(['tutorial']) retrieved from /home/airflow/.local/lib/python3.8/site-packages/airflow/example_dags/tutorial.py
[2023-12-06T09:37:46.030+0000] {logging_mixin.py:154} INFO - [2023-12-06T09:37:46.030+0000] {dag.py:2941} INFO - Sync 1 DAGs
[2023-12-06T09:37:46.055+0000] {logging_mixin.py:154} INFO - [2023-12-06T09:37:46.055+0000] {dag.py:3722} INFO - Setting next_dagrun for tutorial to 2023-12-05T09:37:46.055544+00:00, run_after=2023-12-06T09:37:46.055544+00:00
[2023-12-06T09:37:46.073+0000] {processor.py:179} INFO - Processing /home/airflow/.local/lib/python3.8/site-packages/airflow/example_dags/tutorial.py took 0.083 seconds
[2023-12-06T09:38:16.813+0000] {processor.py:157} INFO - Started process (PID=268) to work on /home/airflow/.local/lib/python3.8/site-packages/airflow/example_dags/tutorial.py
[2023-12-06T09:38:16.815+0000] {processor.py:829} INFO - Processing file /home/airflow/.local/lib/python3.8/site-packages/airflow/example_dags/tutorial.py for tasks to queue
[2023-12-06T09:38:16.817+0000] {logging_mixin.py:154} INFO - [2023-12-06T09:38:16.817+0000] {dagbag.py:536} INFO - Filling up the DagBag from /home/airflow/.local/lib/python3.8/site-packages/airflow/example_dags/tutorial.py
[2023-12-06T09:38:16.824+0000] {processor.py:839} INFO - DAG(s) dict_keys(['tutorial']) retrieved from /home/airflow/.local/lib/python3.8/site-packages/airflow/example_dags/tutorial.py
[2023-12-06T09:38:16.847+0000] {logging_mixin.py:154} INFO - [2023-12-06T09:38:16.846+0000] {dag.py:2941} INFO - Sync 1 DAGs
[2023-12-06T09:38:16.871+0000] {logging_mixin.py:154} INFO - [2023-12-06T09:38:16.871+0000] {dag.py:3722} INFO - Setting next_dagrun for tutorial to 2023-12-05T09:38:16.871078+00:00, run_after=2023-12-06T09:38:16.871078+00:00
[2023-12-06T09:38:16.888+0000] {processor.py:179} INFO - Processing /home/airflow/.local/lib/python3.8/site-packages/airflow/example_dags/tutorial.py took 0.079 seconds
[2023-12-06T09:38:47.805+0000] {processor.py:157} INFO - Started process (PID=323) to work on /home/airflow/.local/lib/python3.8/site-packages/airflow/example_dags/tutorial.py
[2023-12-06T09:38:47.807+0000] {processor.py:829} INFO - Processing file /home/airflow/.local/lib/python3.8/site-packages/airflow/example_dags/tutorial.py for tasks to queue
[2023-12-06T09:38:47.810+0000] {logging_mixin.py:154} INFO - [2023-12-06T09:38:47.809+0000] {dagbag.py:536} INFO - Filling up the DagBag from /home/airflow/.local/lib/python3.8/site-packages/airflow/example_dags/tutorial.py
[2023-12-06T09:38:47.817+0000] {processor.py:839} INFO - DAG(s) dict_keys(['tutorial']) retrieved from /home/airflow/.local/lib/python3.8/site-packages/airflow/example_dags/tutorial.py
[2023-12-06T09:38:47.841+0000] {logging_mixin.py:154} INFO - [2023-12-06T09:38:47.841+0000] {dag.py:2941} INFO - Sync 1 DAGs
[2023-12-06T09:38:47.864+0000] {logging_mixin.py:154} INFO - [2023-12-06T09:38:47.864+0000] {dag.py:3722} INFO - Setting next_dagrun for tutorial to 2023-12-05T09:38:47.864540+00:00, run_after=2023-12-06T09:38:47.864540+00:00
[2023-12-06T09:38:47.880+0000] {processor.py:179} INFO - Processing /home/airflow/.local/lib/python3.8/site-packages/airflow/example_dags/tutorial.py took 0.079 seconds
[2023-12-06T09:39:17.955+0000] {processor.py:157} INFO - Started process (PID=377) to work on /home/airflow/.local/lib/python3.8/site-packages/airflow/example_dags/tutorial.py
[2023-12-06T09:39:17.956+0000] {processor.py:829} INFO - Processing file /home/airflow/.local/lib/python3.8/site-packages/airflow/example_dags/tutorial.py for tasks to queue
[2023-12-06T09:39:17.959+0000] {logging_mixin.py:154} INFO - [2023-12-06T09:39:17.958+0000] {dagbag.py:536} INFO - Filling up the DagBag from /home/airflow/.local/lib/python3.8/site-packages/airflow/example_dags/tutorial.py
[2023-12-06T09:39:17.966+0000] {processor.py:839} INFO - DAG(s) dict_keys(['tutorial']) retrieved from /home/airflow/.local/lib/python3.8/site-packages/airflow/example_dags/tutorial.py
[2023-12-06T09:39:17.988+0000] {logging_mixin.py:154} INFO - [2023-12-06T09:39:17.988+0000] {dag.py:2941} INFO - Sync 1 DAGs
[2023-12-06T09:39:18.012+0000] {logging_mixin.py:154} INFO - [2023-12-06T09:39:18.012+0000] {dag.py:3722} INFO - Setting next_dagrun for tutorial to 2023-12-05T09:39:18.011772+00:00, run_after=2023-12-06T09:39:18.011772+00:00
[2023-12-06T09:39:18.031+0000] {processor.py:179} INFO - Processing /home/airflow/.local/lib/python3.8/site-packages/airflow/example_dags/tutorial.py took 0.080 seconds
[2023-12-06T09:39:48.082+0000] {processor.py:157} INFO - Started process (PID=431) to work on /home/airflow/.local/lib/python3.8/site-packages/airflow/example_dags/tutorial.py
[2023-12-06T09:39:48.084+0000] {processor.py:829} INFO - Processing file /home/airflow/.local/lib/python3.8/site-packages/airflow/example_dags/tutorial.py for tasks to queue
[2023-12-06T09:39:48.087+0000] {logging_mixin.py:154} INFO - [2023-12-06T09:39:48.087+0000] {dagbag.py:536} INFO - Filling up the DagBag from /home/airflow/.local/lib/python3.8/site-packages/airflow/example_dags/tutorial.py
[2023-12-06T09:39:48.096+0000] {processor.py:839} INFO - DAG(s) dict_keys(['tutorial']) retrieved from /home/airflow/.local/lib/python3.8/site-packages/airflow/example_dags/tutorial.py
[2023-12-06T09:39:48.118+0000] {logging_mixin.py:154} INFO - [2023-12-06T09:39:48.118+0000] {dag.py:2941} INFO - Sync 1 DAGs
[2023-12-06T09:39:48.140+0000] {logging_mixin.py:154} INFO - [2023-12-06T09:39:48.140+0000] {dag.py:3722} INFO - Setting next_dagrun for tutorial to 2023-12-05T09:39:48.140100+00:00, run_after=2023-12-06T09:39:48.140100+00:00
[2023-12-06T09:39:48.158+0000] {processor.py:179} INFO - Processing /home/airflow/.local/lib/python3.8/site-packages/airflow/example_dags/tutorial.py took 0.080 seconds
[2023-12-06T09:40:18.478+0000] {processor.py:157} INFO - Started process (PID=486) to work on /home/airflow/.local/lib/python3.8/site-packages/airflow/example_dags/tutorial.py
[2023-12-06T09:40:18.480+0000] {processor.py:829} INFO - Processing file /home/airflow/.local/lib/python3.8/site-packages/airflow/example_dags/tutorial.py for tasks to queue
[2023-12-06T09:40:18.483+0000] {logging_mixin.py:154} INFO - [2023-12-06T09:40:18.483+0000] {dagbag.py:536} INFO - Filling up the DagBag from /home/airflow/.local/lib/python3.8/site-packages/airflow/example_dags/tutorial.py
[2023-12-06T09:40:18.491+0000] {processor.py:839} INFO - DAG(s) dict_keys(['tutorial']) retrieved from /home/airflow/.local/lib/python3.8/site-packages/airflow/example_dags/tutorial.py
[2023-12-06T09:40:18.515+0000] {logging_mixin.py:154} INFO - [2023-12-06T09:40:18.515+0000] {dag.py:2941} INFO - Sync 1 DAGs
[2023-12-06T09:40:18.541+0000] {logging_mixin.py:154} INFO - [2023-12-06T09:40:18.540+0000] {dag.py:3722} INFO - Setting next_dagrun for tutorial to 2023-12-05T09:40:18.540674+00:00, run_after=2023-12-06T09:40:18.540674+00:00
[2023-12-06T09:40:18.560+0000] {processor.py:179} INFO - Processing /home/airflow/.local/lib/python3.8/site-packages/airflow/example_dags/tutorial.py took 0.087 seconds
[2023-12-06T09:40:48.739+0000] {processor.py:157} INFO - Started process (PID=540) to work on /home/airflow/.local/lib/python3.8/site-packages/airflow/example_dags/tutorial.py
[2023-12-06T09:40:48.740+0000] {processor.py:829} INFO - Processing file /home/airflow/.local/lib/python3.8/site-packages/airflow/example_dags/tutorial.py for tasks to queue
[2023-12-06T09:40:48.743+0000] {logging_mixin.py:154} INFO - [2023-12-06T09:40:48.743+0000] {dagbag.py:536} INFO - Filling up the DagBag from /home/airflow/.local/lib/python3.8/site-packages/airflow/example_dags/tutorial.py
[2023-12-06T09:40:48.750+0000] {processor.py:839} INFO - DAG(s) dict_keys(['tutorial']) retrieved from /home/airflow/.local/lib/python3.8/site-packages/airflow/example_dags/tutorial.py
[2023-12-06T09:40:48.772+0000] {logging_mixin.py:154} INFO - [2023-12-06T09:40:48.772+0000] {dag.py:2941} INFO - Sync 1 DAGs
[2023-12-06T09:40:48.794+0000] {logging_mixin.py:154} INFO - [2023-12-06T09:40:48.794+0000] {dag.py:3722} INFO - Setting next_dagrun for tutorial to 2023-12-05T09:40:48.794511+00:00, run_after=2023-12-06T09:40:48.794511+00:00
[2023-12-06T09:40:48.812+0000] {processor.py:179} INFO - Processing /home/airflow/.local/lib/python3.8/site-packages/airflow/example_dags/tutorial.py took 0.077 seconds
[2023-12-06T09:41:18.960+0000] {processor.py:157} INFO - Started process (PID=594) to work on /home/airflow/.local/lib/python3.8/site-packages/airflow/example_dags/tutorial.py
[2023-12-06T09:41:18.970+0000] {processor.py:829} INFO - Processing file /home/airflow/.local/lib/python3.8/site-packages/airflow/example_dags/tutorial.py for tasks to queue
[2023-12-06T09:41:18.990+0000] {logging_mixin.py:154} INFO - [2023-12-06T09:41:18.990+0000] {dagbag.py:536} INFO - Filling up the DagBag from /home/airflow/.local/lib/python3.8/site-packages/airflow/example_dags/tutorial.py
[2023-12-06T09:41:18.997+0000] {processor.py:839} INFO - DAG(s) dict_keys(['tutorial']) retrieved from /home/airflow/.local/lib/python3.8/site-packages/airflow/example_dags/tutorial.py
[2023-12-06T09:41:19.019+0000] {logging_mixin.py:154} INFO - [2023-12-06T09:41:19.019+0000] {dag.py:2941} INFO - Sync 1 DAGs
[2023-12-06T09:41:19.043+0000] {logging_mixin.py:154} INFO - [2023-12-06T09:41:19.043+0000] {dag.py:3722} INFO - Setting next_dagrun for tutorial to 2023-12-05T09:41:19.043531+00:00, run_after=2023-12-06T09:41:19.043531+00:00
[2023-12-06T09:41:19.064+0000] {processor.py:179} INFO - Processing /home/airflow/.local/lib/python3.8/site-packages/airflow/example_dags/tutorial.py took 0.108 seconds
[2023-12-06T09:41:49.434+0000] {processor.py:157} INFO - Started process (PID=648) to work on /home/airflow/.local/lib/python3.8/site-packages/airflow/example_dags/tutorial.py
[2023-12-06T09:41:49.437+0000] {processor.py:829} INFO - Processing file /home/airflow/.local/lib/python3.8/site-packages/airflow/example_dags/tutorial.py for tasks to queue
[2023-12-06T09:41:49.439+0000] {logging_mixin.py:154} INFO - [2023-12-06T09:41:49.439+0000] {dagbag.py:536} INFO - Filling up the DagBag from /home/airflow/.local/lib/python3.8/site-packages/airflow/example_dags/tutorial.py
[2023-12-06T09:41:49.446+0000] {processor.py:839} INFO - DAG(s) dict_keys(['tutorial']) retrieved from /home/airflow/.local/lib/python3.8/site-packages/airflow/example_dags/tutorial.py
[2023-12-06T09:41:49.469+0000] {logging_mixin.py:154} INFO - [2023-12-06T09:41:49.469+0000] {dag.py:2941} INFO - Sync 1 DAGs
[2023-12-06T09:41:49.492+0000] {logging_mixin.py:154} INFO - [2023-12-06T09:41:49.492+0000] {dag.py:3722} INFO - Setting next_dagrun for tutorial to 2023-12-05T09:41:49.491909+00:00, run_after=2023-12-06T09:41:49.491909+00:00
[2023-12-06T09:41:49.515+0000] {processor.py:179} INFO - Processing /home/airflow/.local/lib/python3.8/site-packages/airflow/example_dags/tutorial.py took 0.085 seconds
[2023-12-06T09:42:19.720+0000] {processor.py:157} INFO - Started process (PID=702) to work on /home/airflow/.local/lib/python3.8/site-packages/airflow/example_dags/tutorial.py
[2023-12-06T09:42:19.721+0000] {processor.py:829} INFO - Processing file /home/airflow/.local/lib/python3.8/site-packages/airflow/example_dags/tutorial.py for tasks to queue
[2023-12-06T09:42:19.724+0000] {logging_mixin.py:154} INFO - [2023-12-06T09:42:19.724+0000] {dagbag.py:536} INFO - Filling up the DagBag from /home/airflow/.local/lib/python3.8/site-packages/airflow/example_dags/tutorial.py
[2023-12-06T09:42:19.732+0000] {processor.py:839} INFO - DAG(s) dict_keys(['tutorial']) retrieved from /home/airflow/.local/lib/python3.8/site-packages/airflow/example_dags/tutorial.py
[2023-12-06T09:42:19.754+0000] {logging_mixin.py:154} INFO - [2023-12-06T09:42:19.754+0000] {dag.py:2941} INFO - Sync 1 DAGs
[2023-12-06T09:42:19.777+0000] {logging_mixin.py:154} INFO - [2023-12-06T09:42:19.777+0000] {dag.py:3722} INFO - Setting next_dagrun for tutorial to 2023-12-05T09:42:19.777352+00:00, run_after=2023-12-06T09:42:19.777352+00:00
[2023-12-06T09:42:19.795+0000] {processor.py:179} INFO - Processing /home/airflow/.local/lib/python3.8/site-packages/airflow/example_dags/tutorial.py took 0.079 seconds
[2023-12-06T09:42:50.139+0000] {processor.py:157} INFO - Started process (PID=756) to work on /home/airflow/.local/lib/python3.8/site-packages/airflow/example_dags/tutorial.py
[2023-12-06T09:42:50.140+0000] {processor.py:829} INFO - Processing file /home/airflow/.local/lib/python3.8/site-packages/airflow/example_dags/tutorial.py for tasks to queue
[2023-12-06T09:42:50.143+0000] {logging_mixin.py:154} INFO - [2023-12-06T09:42:50.143+0000] {dagbag.py:536} INFO - Filling up the DagBag from /home/airflow/.local/lib/python3.8/site-packages/airflow/example_dags/tutorial.py
[2023-12-06T09:42:50.150+0000] {processor.py:839} INFO - DAG(s) dict_keys(['tutorial']) retrieved from /home/airflow/.local/lib/python3.8/site-packages/airflow/example_dags/tutorial.py
[2023-12-06T09:42:50.171+0000] {logging_mixin.py:154} INFO - [2023-12-06T09:42:50.171+0000] {dag.py:2941} INFO - Sync 1 DAGs
[2023-12-06T09:42:50.194+0000] {logging_mixin.py:154} INFO - [2023-12-06T09:42:50.194+0000] {dag.py:3722} INFO - Setting next_dagrun for tutorial to 2023-12-05T09:42:50.193942+00:00, run_after=2023-12-06T09:42:50.193942+00:00
[2023-12-06T09:42:50.212+0000] {processor.py:179} INFO - Processing /home/airflow/.local/lib/python3.8/site-packages/airflow/example_dags/tutorial.py took 0.077 seconds
[2023-12-06T09:43:20.343+0000] {processor.py:157} INFO - Started process (PID=811) to work on /home/airflow/.local/lib/python3.8/site-packages/airflow/example_dags/tutorial.py
[2023-12-06T09:43:20.345+0000] {processor.py:829} INFO - Processing file /home/airflow/.local/lib/python3.8/site-packages/airflow/example_dags/tutorial.py for tasks to queue
[2023-12-06T09:43:20.348+0000] {logging_mixin.py:154} INFO - [2023-12-06T09:43:20.347+0000] {dagbag.py:536} INFO - Filling up the DagBag from /home/airflow/.local/lib/python3.8/site-packages/airflow/example_dags/tutorial.py
[2023-12-06T09:43:20.355+0000] {processor.py:839} INFO - DAG(s) dict_keys(['tutorial']) retrieved from /home/airflow/.local/lib/python3.8/site-packages/airflow/example_dags/tutorial.py
[2023-12-06T09:43:20.377+0000] {logging_mixin.py:154} INFO - [2023-12-06T09:43:20.377+0000] {dag.py:2941} INFO - Sync 1 DAGs
[2023-12-06T09:43:20.400+0000] {logging_mixin.py:154} INFO - [2023-12-06T09:43:20.400+0000] {dag.py:3722} INFO - Setting next_dagrun for tutorial to 2023-12-05T09:43:20.399993+00:00, run_after=2023-12-06T09:43:20.399993+00:00
[2023-12-06T09:43:20.418+0000] {processor.py:179} INFO - Processing /home/airflow/.local/lib/python3.8/site-packages/airflow/example_dags/tutorial.py took 0.079 seconds
[2023-12-06T09:43:51.371+0000] {processor.py:157} INFO - Started process (PID=865) to work on /home/airflow/.local/lib/python3.8/site-packages/airflow/example_dags/tutorial.py
[2023-12-06T09:43:51.372+0000] {processor.py:829} INFO - Processing file /home/airflow/.local/lib/python3.8/site-packages/airflow/example_dags/tutorial.py for tasks to queue
[2023-12-06T09:43:51.375+0000] {logging_mixin.py:154} INFO - [2023-12-06T09:43:51.375+0000] {dagbag.py:536} INFO - Filling up the DagBag from /home/airflow/.local/lib/python3.8/site-packages/airflow/example_dags/tutorial.py
[2023-12-06T09:43:51.382+0000] {processor.py:839} INFO - DAG(s) dict_keys(['tutorial']) retrieved from /home/airflow/.local/lib/python3.8/site-packages/airflow/example_dags/tutorial.py
[2023-12-06T09:43:51.404+0000] {logging_mixin.py:154} INFO - [2023-12-06T09:43:51.404+0000] {dag.py:2941} INFO - Sync 1 DAGs
[2023-12-06T09:43:51.428+0000] {logging_mixin.py:154} INFO - [2023-12-06T09:43:51.428+0000] {dag.py:3722} INFO - Setting next_dagrun for tutorial to 2023-12-05T09:43:51.428421+00:00, run_after=2023-12-06T09:43:51.428421+00:00
[2023-12-06T09:43:51.446+0000] {processor.py:179} INFO - Processing /home/airflow/.local/lib/python3.8/site-packages/airflow/example_dags/tutorial.py took 0.079 seconds
[2023-12-06T09:44:21.540+0000] {processor.py:157} INFO - Started process (PID=919) to work on /home/airflow/.local/lib/python3.8/site-packages/airflow/example_dags/tutorial.py
[2023-12-06T09:44:21.544+0000] {processor.py:829} INFO - Processing file /home/airflow/.local/lib/python3.8/site-packages/airflow/example_dags/tutorial.py for tasks to queue
[2023-12-06T09:44:21.549+0000] {logging_mixin.py:154} INFO - [2023-12-06T09:44:21.549+0000] {dagbag.py:536} INFO - Filling up the DagBag from /home/airflow/.local/lib/python3.8/site-packages/airflow/example_dags/tutorial.py
[2023-12-06T09:44:21.561+0000] {processor.py:839} INFO - DAG(s) dict_keys(['tutorial']) retrieved from /home/airflow/.local/lib/python3.8/site-packages/airflow/example_dags/tutorial.py
[2023-12-06T09:44:21.598+0000] {logging_mixin.py:154} INFO - [2023-12-06T09:44:21.597+0000] {dag.py:2941} INFO - Sync 1 DAGs
[2023-12-06T09:44:21.640+0000] {logging_mixin.py:154} INFO - [2023-12-06T09:44:21.640+0000] {dag.py:3722} INFO - Setting next_dagrun for tutorial to 2023-12-05T09:44:21.639877+00:00, run_after=2023-12-06T09:44:21.639877+00:00
[2023-12-06T09:44:21.680+0000] {processor.py:179} INFO - Processing /home/airflow/.local/lib/python3.8/site-packages/airflow/example_dags/tutorial.py took 0.147 seconds
[2023-12-06T09:44:52.675+0000] {processor.py:157} INFO - Started process (PID=973) to work on /home/airflow/.local/lib/python3.8/site-packages/airflow/example_dags/tutorial.py
[2023-12-06T09:44:52.677+0000] {processor.py:829} INFO - Processing file /home/airflow/.local/lib/python3.8/site-packages/airflow/example_dags/tutorial.py for tasks to queue
[2023-12-06T09:44:52.680+0000] {logging_mixin.py:154} INFO - [2023-12-06T09:44:52.680+0000] {dagbag.py:536} INFO - Filling up the DagBag from /home/airflow/.local/lib/python3.8/site-packages/airflow/example_dags/tutorial.py
[2023-12-06T09:44:52.688+0000] {processor.py:839} INFO - DAG(s) dict_keys(['tutorial']) retrieved from /home/airflow/.local/lib/python3.8/site-packages/airflow/example_dags/tutorial.py
[2023-12-06T09:44:52.713+0000] {logging_mixin.py:154} INFO - [2023-12-06T09:44:52.713+0000] {dag.py:2941} INFO - Sync 1 DAGs
[2023-12-06T09:44:52.738+0000] {logging_mixin.py:154} INFO - [2023-12-06T09:44:52.738+0000] {dag.py:3722} INFO - Setting next_dagrun for tutorial to 2023-12-05T09:44:52.737852+00:00, run_after=2023-12-06T09:44:52.737852+00:00
[2023-12-06T09:44:52.757+0000] {processor.py:179} INFO - Processing /home/airflow/.local/lib/python3.8/site-packages/airflow/example_dags/tutorial.py took 0.086 seconds
[2023-12-06T09:45:22.882+0000] {processor.py:157} INFO - Started process (PID=1027) to work on /home/airflow/.local/lib/python3.8/site-packages/airflow/example_dags/tutorial.py
[2023-12-06T09:45:22.884+0000] {processor.py:829} INFO - Processing file /home/airflow/.local/lib/python3.8/site-packages/airflow/example_dags/tutorial.py for tasks to queue
[2023-12-06T09:45:22.887+0000] {logging_mixin.py:154} INFO - [2023-12-06T09:45:22.887+0000] {dagbag.py:536} INFO - Filling up the DagBag from /home/airflow/.local/lib/python3.8/site-packages/airflow/example_dags/tutorial.py
[2023-12-06T09:45:22.895+0000] {processor.py:839} INFO - DAG(s) dict_keys(['tutorial']) retrieved from /home/airflow/.local/lib/python3.8/site-packages/airflow/example_dags/tutorial.py
[2023-12-06T09:45:22.925+0000] {logging_mixin.py:154} INFO - [2023-12-06T09:45:22.925+0000] {dag.py:2941} INFO - Sync 1 DAGs
[2023-12-06T09:45:22.950+0000] {logging_mixin.py:154} INFO - [2023-12-06T09:45:22.950+0000] {dag.py:3722} INFO - Setting next_dagrun for tutorial to 2023-12-05T09:45:22.950407+00:00, run_after=2023-12-06T09:45:22.950407+00:00
[2023-12-06T09:45:22.974+0000] {processor.py:179} INFO - Processing /home/airflow/.local/lib/python3.8/site-packages/airflow/example_dags/tutorial.py took 0.095 seconds
[2023-12-06T09:45:53.140+0000] {processor.py:157} INFO - Started process (PID=1093) to work on /home/airflow/.local/lib/python3.8/site-packages/airflow/example_dags/tutorial.py
[2023-12-06T09:45:53.142+0000] {processor.py:829} INFO - Processing file /home/airflow/.local/lib/python3.8/site-packages/airflow/example_dags/tutorial.py for tasks to queue
[2023-12-06T09:45:53.145+0000] {logging_mixin.py:154} INFO - [2023-12-06T09:45:53.144+0000] {dagbag.py:536} INFO - Filling up the DagBag from /home/airflow/.local/lib/python3.8/site-packages/airflow/example_dags/tutorial.py
[2023-12-06T09:45:53.152+0000] {processor.py:839} INFO - DAG(s) dict_keys(['tutorial']) retrieved from /home/airflow/.local/lib/python3.8/site-packages/airflow/example_dags/tutorial.py
[2023-12-06T09:45:53.176+0000] {logging_mixin.py:154} INFO - [2023-12-06T09:45:53.176+0000] {dag.py:2941} INFO - Sync 1 DAGs
[2023-12-06T09:45:53.199+0000] {logging_mixin.py:154} INFO - [2023-12-06T09:45:53.199+0000] {dag.py:3722} INFO - Setting next_dagrun for tutorial to 2023-12-05T09:45:53.199322+00:00, run_after=2023-12-06T09:45:53.199322+00:00
[2023-12-06T09:45:53.218+0000] {processor.py:179} INFO - Processing /home/airflow/.local/lib/python3.8/site-packages/airflow/example_dags/tutorial.py took 0.083 seconds
[2023-12-06T09:46:23.435+0000] {processor.py:157} INFO - Started process (PID=1150) to work on /home/airflow/.local/lib/python3.8/site-packages/airflow/example_dags/tutorial.py
[2023-12-06T09:46:23.436+0000] {processor.py:829} INFO - Processing file /home/airflow/.local/lib/python3.8/site-packages/airflow/example_dags/tutorial.py for tasks to queue
[2023-12-06T09:46:23.439+0000] {logging_mixin.py:154} INFO - [2023-12-06T09:46:23.439+0000] {dagbag.py:536} INFO - Filling up the DagBag from /home/airflow/.local/lib/python3.8/site-packages/airflow/example_dags/tutorial.py
[2023-12-06T09:46:23.447+0000] {processor.py:839} INFO - DAG(s) dict_keys(['tutorial']) retrieved from /home/airflow/.local/lib/python3.8/site-packages/airflow/example_dags/tutorial.py
[2023-12-06T09:46:23.470+0000] {logging_mixin.py:154} INFO - [2023-12-06T09:46:23.469+0000] {dag.py:2941} INFO - Sync 1 DAGs
[2023-12-06T09:46:23.493+0000] {logging_mixin.py:154} INFO - [2023-12-06T09:46:23.493+0000] {dag.py:3722} INFO - Setting next_dagrun for tutorial to 2023-12-05T09:46:23.493447+00:00, run_after=2023-12-06T09:46:23.493447+00:00
[2023-12-06T09:46:23.513+0000] {processor.py:179} INFO - Processing /home/airflow/.local/lib/python3.8/site-packages/airflow/example_dags/tutorial.py took 0.083 seconds
[2023-12-06T09:46:54.084+0000] {processor.py:157} INFO - Started process (PID=1205) to work on /home/airflow/.local/lib/python3.8/site-packages/airflow/example_dags/tutorial.py
[2023-12-06T09:46:54.086+0000] {processor.py:829} INFO - Processing file /home/airflow/.local/lib/python3.8/site-packages/airflow/example_dags/tutorial.py for tasks to queue
[2023-12-06T09:46:54.089+0000] {logging_mixin.py:154} INFO - [2023-12-06T09:46:54.088+0000] {dagbag.py:536} INFO - Filling up the DagBag from /home/airflow/.local/lib/python3.8/site-packages/airflow/example_dags/tutorial.py
[2023-12-06T09:46:54.096+0000] {processor.py:839} INFO - DAG(s) dict_keys(['tutorial']) retrieved from /home/airflow/.local/lib/python3.8/site-packages/airflow/example_dags/tutorial.py
[2023-12-06T09:46:54.116+0000] {logging_mixin.py:154} INFO - [2023-12-06T09:46:54.116+0000] {dag.py:2941} INFO - Sync 1 DAGs
[2023-12-06T09:46:54.139+0000] {logging_mixin.py:154} INFO - [2023-12-06T09:46:54.139+0000] {dag.py:3722} INFO - Setting next_dagrun for tutorial to 2023-12-05T09:46:54.138868+00:00, run_after=2023-12-06T09:46:54.138868+00:00
[2023-12-06T09:46:54.158+0000] {processor.py:179} INFO - Processing /home/airflow/.local/lib/python3.8/site-packages/airflow/example_dags/tutorial.py took 0.077 seconds
[2023-12-06T09:47:24.301+0000] {processor.py:157} INFO - Started process (PID=1261) to work on /home/airflow/.local/lib/python3.8/site-packages/airflow/example_dags/tutorial.py
[2023-12-06T09:47:24.303+0000] {processor.py:829} INFO - Processing file /home/airflow/.local/lib/python3.8/site-packages/airflow/example_dags/tutorial.py for tasks to queue
[2023-12-06T09:47:24.304+0000] {logging_mixin.py:154} INFO - [2023-12-06T09:47:24.304+0000] {dagbag.py:536} INFO - Filling up the DagBag from /home/airflow/.local/lib/python3.8/site-packages/airflow/example_dags/tutorial.py
[2023-12-06T09:47:24.313+0000] {processor.py:839} INFO - DAG(s) dict_keys(['tutorial']) retrieved from /home/airflow/.local/lib/python3.8/site-packages/airflow/example_dags/tutorial.py
[2023-12-06T09:47:24.340+0000] {logging_mixin.py:154} INFO - [2023-12-06T09:47:24.340+0000] {dag.py:2941} INFO - Sync 1 DAGs
[2023-12-06T09:47:24.373+0000] {logging_mixin.py:154} INFO - [2023-12-06T09:47:24.373+0000] {dag.py:3722} INFO - Setting next_dagrun for tutorial to 2023-12-05T09:47:24.372942+00:00, run_after=2023-12-06T09:47:24.372942+00:00
[2023-12-06T09:47:24.394+0000] {processor.py:179} INFO - Processing /home/airflow/.local/lib/python3.8/site-packages/airflow/example_dags/tutorial.py took 0.098 seconds
[2023-12-06T09:47:54.859+0000] {processor.py:157} INFO - Started process (PID=1319) to work on /home/airflow/.local/lib/python3.8/site-packages/airflow/example_dags/tutorial.py
[2023-12-06T09:47:54.860+0000] {processor.py:829} INFO - Processing file /home/airflow/.local/lib/python3.8/site-packages/airflow/example_dags/tutorial.py for tasks to queue
[2023-12-06T09:47:54.862+0000] {logging_mixin.py:154} INFO - [2023-12-06T09:47:54.861+0000] {dagbag.py:536} INFO - Filling up the DagBag from /home/airflow/.local/lib/python3.8/site-packages/airflow/example_dags/tutorial.py
[2023-12-06T09:47:54.870+0000] {processor.py:839} INFO - DAG(s) dict_keys(['tutorial']) retrieved from /home/airflow/.local/lib/python3.8/site-packages/airflow/example_dags/tutorial.py
[2023-12-06T09:47:54.893+0000] {logging_mixin.py:154} INFO - [2023-12-06T09:47:54.892+0000] {dag.py:2941} INFO - Sync 1 DAGs
[2023-12-06T09:47:55.054+0000] {logging_mixin.py:154} INFO - [2023-12-06T09:47:55.054+0000] {dag.py:3722} INFO - Setting next_dagrun for tutorial to 2023-12-05T09:47:55.054072+00:00, run_after=2023-12-06T09:47:55.054072+00:00
[2023-12-06T09:47:55.076+0000] {processor.py:179} INFO - Processing /home/airflow/.local/lib/python3.8/site-packages/airflow/example_dags/tutorial.py took 0.221 seconds
[2023-12-06T09:48:26.094+0000] {processor.py:157} INFO - Started process (PID=1380) to work on /home/airflow/.local/lib/python3.8/site-packages/airflow/example_dags/tutorial.py
[2023-12-06T09:48:26.095+0000] {processor.py:829} INFO - Processing file /home/airflow/.local/lib/python3.8/site-packages/airflow/example_dags/tutorial.py for tasks to queue
[2023-12-06T09:48:26.097+0000] {logging_mixin.py:154} INFO - [2023-12-06T09:48:26.097+0000] {dagbag.py:536} INFO - Filling up the DagBag from /home/airflow/.local/lib/python3.8/site-packages/airflow/example_dags/tutorial.py
[2023-12-06T09:48:26.106+0000] {processor.py:839} INFO - DAG(s) dict_keys(['tutorial']) retrieved from /home/airflow/.local/lib/python3.8/site-packages/airflow/example_dags/tutorial.py
[2023-12-06T09:48:26.131+0000] {logging_mixin.py:154} INFO - [2023-12-06T09:48:26.131+0000] {dag.py:2941} INFO - Sync 1 DAGs
[2023-12-06T09:48:26.184+0000] {logging_mixin.py:154} INFO - [2023-12-06T09:48:26.184+0000] {dag.py:3722} INFO - Setting next_dagrun for tutorial to 2023-12-05T09:48:26.183615+00:00, run_after=2023-12-06T09:48:26.183615+00:00
[2023-12-06T09:48:26.582+0000] {processor.py:179} INFO - Processing /home/airflow/.local/lib/python3.8/site-packages/airflow/example_dags/tutorial.py took 0.493 seconds
[2023-12-06T09:48:56.927+0000] {processor.py:157} INFO - Started process (PID=1436) to work on /home/airflow/.local/lib/python3.8/site-packages/airflow/example_dags/tutorial.py
[2023-12-06T09:48:56.929+0000] {processor.py:829} INFO - Processing file /home/airflow/.local/lib/python3.8/site-packages/airflow/example_dags/tutorial.py for tasks to queue
[2023-12-06T09:48:56.930+0000] {logging_mixin.py:154} INFO - [2023-12-06T09:48:56.930+0000] {dagbag.py:536} INFO - Filling up the DagBag from /home/airflow/.local/lib/python3.8/site-packages/airflow/example_dags/tutorial.py
[2023-12-06T09:48:56.939+0000] {processor.py:839} INFO - DAG(s) dict_keys(['tutorial']) retrieved from /home/airflow/.local/lib/python3.8/site-packages/airflow/example_dags/tutorial.py
[2023-12-06T09:48:56.960+0000] {logging_mixin.py:154} INFO - [2023-12-06T09:48:56.960+0000] {dag.py:2941} INFO - Sync 1 DAGs
[2023-12-06T09:48:56.984+0000] {logging_mixin.py:154} INFO - [2023-12-06T09:48:56.984+0000] {dag.py:3722} INFO - Setting next_dagrun for tutorial to 2023-12-05T09:48:56.984141+00:00, run_after=2023-12-06T09:48:56.984141+00:00
[2023-12-06T09:48:57.002+0000] {processor.py:179} INFO - Processing /home/airflow/.local/lib/python3.8/site-packages/airflow/example_dags/tutorial.py took 0.078 seconds
[2023-12-06T09:49:27.419+0000] {processor.py:157} INFO - Started process (PID=1492) to work on /home/airflow/.local/lib/python3.8/site-packages/airflow/example_dags/tutorial.py
[2023-12-06T09:49:27.422+0000] {processor.py:829} INFO - Processing file /home/airflow/.local/lib/python3.8/site-packages/airflow/example_dags/tutorial.py for tasks to queue
[2023-12-06T09:49:27.423+0000] {logging_mixin.py:154} INFO - [2023-12-06T09:49:27.423+0000] {dagbag.py:536} INFO - Filling up the DagBag from /home/airflow/.local/lib/python3.8/site-packages/airflow/example_dags/tutorial.py
[2023-12-06T09:49:27.431+0000] {processor.py:839} INFO - DAG(s) dict_keys(['tutorial']) retrieved from /home/airflow/.local/lib/python3.8/site-packages/airflow/example_dags/tutorial.py
[2023-12-06T09:49:27.457+0000] {logging_mixin.py:154} INFO - [2023-12-06T09:49:27.456+0000] {dag.py:2941} INFO - Sync 1 DAGs
[2023-12-06T09:49:27.487+0000] {logging_mixin.py:154} INFO - [2023-12-06T09:49:27.486+0000] {dag.py:3722} INFO - Setting next_dagrun for tutorial to 2023-12-05T09:49:27.486519+00:00, run_after=2023-12-06T09:49:27.486519+00:00
[2023-12-06T09:49:27.511+0000] {processor.py:179} INFO - Processing /home/airflow/.local/lib/python3.8/site-packages/airflow/example_dags/tutorial.py took 0.096 seconds
[2023-12-06T09:49:58.075+0000] {processor.py:157} INFO - Started process (PID=1548) to work on /home/airflow/.local/lib/python3.8/site-packages/airflow/example_dags/tutorial.py
[2023-12-06T09:49:58.077+0000] {processor.py:829} INFO - Processing file /home/airflow/.local/lib/python3.8/site-packages/airflow/example_dags/tutorial.py for tasks to queue
[2023-12-06T09:49:58.078+0000] {logging_mixin.py:154} INFO - [2023-12-06T09:49:58.078+0000] {dagbag.py:536} INFO - Filling up the DagBag from /home/airflow/.local/lib/python3.8/site-packages/airflow/example_dags/tutorial.py
[2023-12-06T09:49:58.087+0000] {processor.py:839} INFO - DAG(s) dict_keys(['tutorial']) retrieved from /home/airflow/.local/lib/python3.8/site-packages/airflow/example_dags/tutorial.py
[2023-12-06T09:49:58.113+0000] {logging_mixin.py:154} INFO - [2023-12-06T09:49:58.113+0000] {dag.py:2941} INFO - Sync 1 DAGs
[2023-12-06T09:49:58.276+0000] {logging_mixin.py:154} INFO - [2023-12-06T09:49:58.276+0000] {dag.py:3722} INFO - Setting next_dagrun for tutorial to 2023-12-05T09:49:58.275827+00:00, run_after=2023-12-06T09:49:58.275827+00:00
[2023-12-06T09:49:58.297+0000] {processor.py:179} INFO - Processing /home/airflow/.local/lib/python3.8/site-packages/airflow/example_dags/tutorial.py took 0.227 seconds
[2023-12-06T09:50:29.312+0000] {processor.py:157} INFO - Started process (PID=1611) to work on /home/airflow/.local/lib/python3.8/site-packages/airflow/example_dags/tutorial.py
[2023-12-06T09:50:29.314+0000] {processor.py:829} INFO - Processing file /home/airflow/.local/lib/python3.8/site-packages/airflow/example_dags/tutorial.py for tasks to queue
[2023-12-06T09:50:29.315+0000] {logging_mixin.py:154} INFO - [2023-12-06T09:50:29.315+0000] {dagbag.py:536} INFO - Filling up the DagBag from /home/airflow/.local/lib/python3.8/site-packages/airflow/example_dags/tutorial.py
[2023-12-06T09:50:29.327+0000] {processor.py:839} INFO - DAG(s) dict_keys(['tutorial']) retrieved from /home/airflow/.local/lib/python3.8/site-packages/airflow/example_dags/tutorial.py
[2023-12-06T09:50:29.352+0000] {logging_mixin.py:154} INFO - [2023-12-06T09:50:29.352+0000] {dag.py:2941} INFO - Sync 1 DAGs
[2023-12-06T09:50:29.376+0000] {logging_mixin.py:154} INFO - [2023-12-06T09:50:29.376+0000] {dag.py:3722} INFO - Setting next_dagrun for tutorial to 2023-12-05T09:50:29.376157+00:00, run_after=2023-12-06T09:50:29.376157+00:00
[2023-12-06T09:50:29.535+0000] {processor.py:179} INFO - Processing /home/airflow/.local/lib/python3.8/site-packages/airflow/example_dags/tutorial.py took 0.227 seconds
