[2023-12-06T09:36:15.581+0000] {processor.py:157} INFO - Started process (PID=60) to work on /home/airflow/.local/lib/python3.8/site-packages/airflow/example_dags/tutorial_dag.py
[2023-12-06T09:36:15.583+0000] {processor.py:829} INFO - Processing file /home/airflow/.local/lib/python3.8/site-packages/airflow/example_dags/tutorial_dag.py for tasks to queue
[2023-12-06T09:36:15.586+0000] {logging_mixin.py:154} INFO - [2023-12-06T09:36:15.585+0000] {dagbag.py:536} INFO - Filling up the DagBag from /home/airflow/.local/lib/python3.8/site-packages/airflow/example_dags/tutorial_dag.py
[2023-12-06T09:36:15.597+0000] {processor.py:839} INFO - DAG(s) dict_keys(['tutorial_dag']) retrieved from /home/airflow/.local/lib/python3.8/site-packages/airflow/example_dags/tutorial_dag.py
[2023-12-06T09:36:15.715+0000] {logging_mixin.py:154} INFO - [2023-12-06T09:36:15.714+0000] {manager.py:499} INFO - Created Permission View: %s
[2023-12-06T09:36:15.725+0000] {logging_mixin.py:154} INFO - [2023-12-06T09:36:15.725+0000] {manager.py:499} INFO - Created Permission View: %s
[2023-12-06T09:36:15.735+0000] {logging_mixin.py:154} INFO - [2023-12-06T09:36:15.735+0000] {manager.py:499} INFO - Created Permission View: %s
[2023-12-06T09:36:15.736+0000] {logging_mixin.py:154} INFO - [2023-12-06T09:36:15.736+0000] {dag.py:2941} INFO - Sync 1 DAGs
[2023-12-06T09:36:15.752+0000] {logging_mixin.py:154} INFO - [2023-12-06T09:36:15.752+0000] {dag.py:2963} INFO - Creating ORM DAG for tutorial_dag
[2023-12-06T09:36:15.754+0000] {logging_mixin.py:154} INFO - [2023-12-06T09:36:15.753+0000] {dag.py:3722} INFO - Setting next_dagrun for tutorial_dag to None, run_after=None
[2023-12-06T09:36:15.775+0000] {processor.py:179} INFO - Processing /home/airflow/.local/lib/python3.8/site-packages/airflow/example_dags/tutorial_dag.py took 0.198 seconds
[2023-12-06T09:36:45.848+0000] {processor.py:157} INFO - Started process (PID=114) to work on /home/airflow/.local/lib/python3.8/site-packages/airflow/example_dags/tutorial_dag.py
[2023-12-06T09:36:45.850+0000] {processor.py:829} INFO - Processing file /home/airflow/.local/lib/python3.8/site-packages/airflow/example_dags/tutorial_dag.py for tasks to queue
[2023-12-06T09:36:45.852+0000] {logging_mixin.py:154} INFO - [2023-12-06T09:36:45.852+0000] {dagbag.py:536} INFO - Filling up the DagBag from /home/airflow/.local/lib/python3.8/site-packages/airflow/example_dags/tutorial_dag.py
[2023-12-06T09:36:45.859+0000] {processor.py:839} INFO - DAG(s) dict_keys(['tutorial_dag']) retrieved from /home/airflow/.local/lib/python3.8/site-packages/airflow/example_dags/tutorial_dag.py
[2023-12-06T09:36:45.886+0000] {logging_mixin.py:154} INFO - [2023-12-06T09:36:45.885+0000] {dag.py:2941} INFO - Sync 1 DAGs
[2023-12-06T09:36:45.900+0000] {logging_mixin.py:154} INFO - [2023-12-06T09:36:45.899+0000] {dag.py:3722} INFO - Setting next_dagrun for tutorial_dag to None, run_after=None
[2023-12-06T09:36:45.918+0000] {processor.py:179} INFO - Processing /home/airflow/.local/lib/python3.8/site-packages/airflow/example_dags/tutorial_dag.py took 0.074 seconds
[2023-12-06T09:37:16.752+0000] {processor.py:157} INFO - Started process (PID=168) to work on /home/airflow/.local/lib/python3.8/site-packages/airflow/example_dags/tutorial_dag.py
[2023-12-06T09:37:16.754+0000] {processor.py:829} INFO - Processing file /home/airflow/.local/lib/python3.8/site-packages/airflow/example_dags/tutorial_dag.py for tasks to queue
[2023-12-06T09:37:16.757+0000] {logging_mixin.py:154} INFO - [2023-12-06T09:37:16.756+0000] {dagbag.py:536} INFO - Filling up the DagBag from /home/airflow/.local/lib/python3.8/site-packages/airflow/example_dags/tutorial_dag.py
[2023-12-06T09:37:16.763+0000] {processor.py:839} INFO - DAG(s) dict_keys(['tutorial_dag']) retrieved from /home/airflow/.local/lib/python3.8/site-packages/airflow/example_dags/tutorial_dag.py
[2023-12-06T09:37:16.786+0000] {logging_mixin.py:154} INFO - [2023-12-06T09:37:16.786+0000] {dag.py:2941} INFO - Sync 1 DAGs
[2023-12-06T09:37:16.801+0000] {logging_mixin.py:154} INFO - [2023-12-06T09:37:16.800+0000] {dag.py:3722} INFO - Setting next_dagrun for tutorial_dag to None, run_after=None
[2023-12-06T09:37:16.820+0000] {processor.py:179} INFO - Processing /home/airflow/.local/lib/python3.8/site-packages/airflow/example_dags/tutorial_dag.py took 0.073 seconds
[2023-12-06T09:37:47.485+0000] {processor.py:157} INFO - Started process (PID=222) to work on /home/airflow/.local/lib/python3.8/site-packages/airflow/example_dags/tutorial_dag.py
[2023-12-06T09:37:47.487+0000] {processor.py:829} INFO - Processing file /home/airflow/.local/lib/python3.8/site-packages/airflow/example_dags/tutorial_dag.py for tasks to queue
[2023-12-06T09:37:47.490+0000] {logging_mixin.py:154} INFO - [2023-12-06T09:37:47.489+0000] {dagbag.py:536} INFO - Filling up the DagBag from /home/airflow/.local/lib/python3.8/site-packages/airflow/example_dags/tutorial_dag.py
[2023-12-06T09:37:47.496+0000] {processor.py:839} INFO - DAG(s) dict_keys(['tutorial_dag']) retrieved from /home/airflow/.local/lib/python3.8/site-packages/airflow/example_dags/tutorial_dag.py
[2023-12-06T09:37:47.521+0000] {logging_mixin.py:154} INFO - [2023-12-06T09:37:47.521+0000] {dag.py:2941} INFO - Sync 1 DAGs
[2023-12-06T09:37:47.537+0000] {logging_mixin.py:154} INFO - [2023-12-06T09:37:47.536+0000] {dag.py:3722} INFO - Setting next_dagrun for tutorial_dag to None, run_after=None
[2023-12-06T09:37:47.556+0000] {processor.py:179} INFO - Processing /home/airflow/.local/lib/python3.8/site-packages/airflow/example_dags/tutorial_dag.py took 0.074 seconds
[2023-12-06T09:38:18.270+0000] {processor.py:157} INFO - Started process (PID=276) to work on /home/airflow/.local/lib/python3.8/site-packages/airflow/example_dags/tutorial_dag.py
[2023-12-06T09:38:18.272+0000] {processor.py:829} INFO - Processing file /home/airflow/.local/lib/python3.8/site-packages/airflow/example_dags/tutorial_dag.py for tasks to queue
[2023-12-06T09:38:18.274+0000] {logging_mixin.py:154} INFO - [2023-12-06T09:38:18.274+0000] {dagbag.py:536} INFO - Filling up the DagBag from /home/airflow/.local/lib/python3.8/site-packages/airflow/example_dags/tutorial_dag.py
[2023-12-06T09:38:18.280+0000] {processor.py:839} INFO - DAG(s) dict_keys(['tutorial_dag']) retrieved from /home/airflow/.local/lib/python3.8/site-packages/airflow/example_dags/tutorial_dag.py
[2023-12-06T09:38:18.302+0000] {logging_mixin.py:154} INFO - [2023-12-06T09:38:18.302+0000] {dag.py:2941} INFO - Sync 1 DAGs
[2023-12-06T09:38:18.317+0000] {logging_mixin.py:154} INFO - [2023-12-06T09:38:18.317+0000] {dag.py:3722} INFO - Setting next_dagrun for tutorial_dag to None, run_after=None
[2023-12-06T09:38:18.335+0000] {processor.py:179} INFO - Processing /home/airflow/.local/lib/python3.8/site-packages/airflow/example_dags/tutorial_dag.py took 0.068 seconds
[2023-12-06T09:38:49.281+0000] {processor.py:157} INFO - Started process (PID=331) to work on /home/airflow/.local/lib/python3.8/site-packages/airflow/example_dags/tutorial_dag.py
[2023-12-06T09:38:49.283+0000] {processor.py:829} INFO - Processing file /home/airflow/.local/lib/python3.8/site-packages/airflow/example_dags/tutorial_dag.py for tasks to queue
[2023-12-06T09:38:49.285+0000] {logging_mixin.py:154} INFO - [2023-12-06T09:38:49.285+0000] {dagbag.py:536} INFO - Filling up the DagBag from /home/airflow/.local/lib/python3.8/site-packages/airflow/example_dags/tutorial_dag.py
[2023-12-06T09:38:49.291+0000] {processor.py:839} INFO - DAG(s) dict_keys(['tutorial_dag']) retrieved from /home/airflow/.local/lib/python3.8/site-packages/airflow/example_dags/tutorial_dag.py
[2023-12-06T09:38:49.313+0000] {logging_mixin.py:154} INFO - [2023-12-06T09:38:49.313+0000] {dag.py:2941} INFO - Sync 1 DAGs
[2023-12-06T09:38:49.326+0000] {logging_mixin.py:154} INFO - [2023-12-06T09:38:49.326+0000] {dag.py:3722} INFO - Setting next_dagrun for tutorial_dag to None, run_after=None
[2023-12-06T09:38:49.344+0000] {processor.py:179} INFO - Processing /home/airflow/.local/lib/python3.8/site-packages/airflow/example_dags/tutorial_dag.py took 0.066 seconds
[2023-12-06T09:39:19.512+0000] {processor.py:157} INFO - Started process (PID=385) to work on /home/airflow/.local/lib/python3.8/site-packages/airflow/example_dags/tutorial_dag.py
[2023-12-06T09:39:19.514+0000] {processor.py:829} INFO - Processing file /home/airflow/.local/lib/python3.8/site-packages/airflow/example_dags/tutorial_dag.py for tasks to queue
[2023-12-06T09:39:19.516+0000] {logging_mixin.py:154} INFO - [2023-12-06T09:39:19.516+0000] {dagbag.py:536} INFO - Filling up the DagBag from /home/airflow/.local/lib/python3.8/site-packages/airflow/example_dags/tutorial_dag.py
[2023-12-06T09:39:19.522+0000] {processor.py:839} INFO - DAG(s) dict_keys(['tutorial_dag']) retrieved from /home/airflow/.local/lib/python3.8/site-packages/airflow/example_dags/tutorial_dag.py
[2023-12-06T09:39:19.543+0000] {logging_mixin.py:154} INFO - [2023-12-06T09:39:19.543+0000] {dag.py:2941} INFO - Sync 1 DAGs
[2023-12-06T09:39:19.558+0000] {logging_mixin.py:154} INFO - [2023-12-06T09:39:19.557+0000] {dag.py:3722} INFO - Setting next_dagrun for tutorial_dag to None, run_after=None
[2023-12-06T09:39:19.576+0000] {processor.py:179} INFO - Processing /home/airflow/.local/lib/python3.8/site-packages/airflow/example_dags/tutorial_dag.py took 0.068 seconds
[2023-12-06T09:39:49.798+0000] {processor.py:157} INFO - Started process (PID=439) to work on /home/airflow/.local/lib/python3.8/site-packages/airflow/example_dags/tutorial_dag.py
[2023-12-06T09:39:49.800+0000] {processor.py:829} INFO - Processing file /home/airflow/.local/lib/python3.8/site-packages/airflow/example_dags/tutorial_dag.py for tasks to queue
[2023-12-06T09:39:49.804+0000] {logging_mixin.py:154} INFO - [2023-12-06T09:39:49.804+0000] {dagbag.py:536} INFO - Filling up the DagBag from /home/airflow/.local/lib/python3.8/site-packages/airflow/example_dags/tutorial_dag.py
[2023-12-06T09:39:49.811+0000] {processor.py:839} INFO - DAG(s) dict_keys(['tutorial_dag']) retrieved from /home/airflow/.local/lib/python3.8/site-packages/airflow/example_dags/tutorial_dag.py
[2023-12-06T09:39:49.833+0000] {logging_mixin.py:154} INFO - [2023-12-06T09:39:49.833+0000] {dag.py:2941} INFO - Sync 1 DAGs
[2023-12-06T09:39:49.849+0000] {logging_mixin.py:154} INFO - [2023-12-06T09:39:49.848+0000] {dag.py:3722} INFO - Setting next_dagrun for tutorial_dag to None, run_after=None
[2023-12-06T09:39:49.868+0000] {processor.py:179} INFO - Processing /home/airflow/.local/lib/python3.8/site-packages/airflow/example_dags/tutorial_dag.py took 0.075 seconds
[2023-12-06T09:40:20.000+0000] {processor.py:157} INFO - Started process (PID=494) to work on /home/airflow/.local/lib/python3.8/site-packages/airflow/example_dags/tutorial_dag.py
[2023-12-06T09:40:20.002+0000] {processor.py:829} INFO - Processing file /home/airflow/.local/lib/python3.8/site-packages/airflow/example_dags/tutorial_dag.py for tasks to queue
[2023-12-06T09:40:20.005+0000] {logging_mixin.py:154} INFO - [2023-12-06T09:40:20.005+0000] {dagbag.py:536} INFO - Filling up the DagBag from /home/airflow/.local/lib/python3.8/site-packages/airflow/example_dags/tutorial_dag.py
[2023-12-06T09:40:20.013+0000] {processor.py:839} INFO - DAG(s) dict_keys(['tutorial_dag']) retrieved from /home/airflow/.local/lib/python3.8/site-packages/airflow/example_dags/tutorial_dag.py
[2023-12-06T09:40:20.041+0000] {logging_mixin.py:154} INFO - [2023-12-06T09:40:20.041+0000] {dag.py:2941} INFO - Sync 1 DAGs
[2023-12-06T09:40:20.058+0000] {logging_mixin.py:154} INFO - [2023-12-06T09:40:20.058+0000] {dag.py:3722} INFO - Setting next_dagrun for tutorial_dag to None, run_after=None
[2023-12-06T09:40:20.078+0000] {processor.py:179} INFO - Processing /home/airflow/.local/lib/python3.8/site-packages/airflow/example_dags/tutorial_dag.py took 0.082 seconds
[2023-12-06T09:40:50.282+0000] {processor.py:157} INFO - Started process (PID=548) to work on /home/airflow/.local/lib/python3.8/site-packages/airflow/example_dags/tutorial_dag.py
[2023-12-06T09:40:50.284+0000] {processor.py:829} INFO - Processing file /home/airflow/.local/lib/python3.8/site-packages/airflow/example_dags/tutorial_dag.py for tasks to queue
[2023-12-06T09:40:50.289+0000] {logging_mixin.py:154} INFO - [2023-12-06T09:40:50.288+0000] {dagbag.py:536} INFO - Filling up the DagBag from /home/airflow/.local/lib/python3.8/site-packages/airflow/example_dags/tutorial_dag.py
[2023-12-06T09:40:50.297+0000] {processor.py:839} INFO - DAG(s) dict_keys(['tutorial_dag']) retrieved from /home/airflow/.local/lib/python3.8/site-packages/airflow/example_dags/tutorial_dag.py
[2023-12-06T09:40:50.322+0000] {logging_mixin.py:154} INFO - [2023-12-06T09:40:50.321+0000] {dag.py:2941} INFO - Sync 1 DAGs
[2023-12-06T09:40:50.336+0000] {logging_mixin.py:154} INFO - [2023-12-06T09:40:50.336+0000] {dag.py:3722} INFO - Setting next_dagrun for tutorial_dag to None, run_after=None
[2023-12-06T09:40:50.357+0000] {processor.py:179} INFO - Processing /home/airflow/.local/lib/python3.8/site-packages/airflow/example_dags/tutorial_dag.py took 0.081 seconds
[2023-12-06T09:41:20.529+0000] {processor.py:157} INFO - Started process (PID=602) to work on /home/airflow/.local/lib/python3.8/site-packages/airflow/example_dags/tutorial_dag.py
[2023-12-06T09:41:20.530+0000] {processor.py:829} INFO - Processing file /home/airflow/.local/lib/python3.8/site-packages/airflow/example_dags/tutorial_dag.py for tasks to queue
[2023-12-06T09:41:20.533+0000] {logging_mixin.py:154} INFO - [2023-12-06T09:41:20.533+0000] {dagbag.py:536} INFO - Filling up the DagBag from /home/airflow/.local/lib/python3.8/site-packages/airflow/example_dags/tutorial_dag.py
[2023-12-06T09:41:20.540+0000] {processor.py:839} INFO - DAG(s) dict_keys(['tutorial_dag']) retrieved from /home/airflow/.local/lib/python3.8/site-packages/airflow/example_dags/tutorial_dag.py
[2023-12-06T09:41:20.562+0000] {logging_mixin.py:154} INFO - [2023-12-06T09:41:20.562+0000] {dag.py:2941} INFO - Sync 1 DAGs
[2023-12-06T09:41:20.578+0000] {logging_mixin.py:154} INFO - [2023-12-06T09:41:20.577+0000] {dag.py:3722} INFO - Setting next_dagrun for tutorial_dag to None, run_after=None
[2023-12-06T09:41:20.596+0000] {processor.py:179} INFO - Processing /home/airflow/.local/lib/python3.8/site-packages/airflow/example_dags/tutorial_dag.py took 0.071 seconds
[2023-12-06T09:41:50.933+0000] {processor.py:157} INFO - Started process (PID=656) to work on /home/airflow/.local/lib/python3.8/site-packages/airflow/example_dags/tutorial_dag.py
[2023-12-06T09:41:50.937+0000] {processor.py:829} INFO - Processing file /home/airflow/.local/lib/python3.8/site-packages/airflow/example_dags/tutorial_dag.py for tasks to queue
[2023-12-06T09:41:50.941+0000] {logging_mixin.py:154} INFO - [2023-12-06T09:41:50.940+0000] {dagbag.py:536} INFO - Filling up the DagBag from /home/airflow/.local/lib/python3.8/site-packages/airflow/example_dags/tutorial_dag.py
[2023-12-06T09:41:50.947+0000] {processor.py:839} INFO - DAG(s) dict_keys(['tutorial_dag']) retrieved from /home/airflow/.local/lib/python3.8/site-packages/airflow/example_dags/tutorial_dag.py
[2023-12-06T09:41:50.972+0000] {logging_mixin.py:154} INFO - [2023-12-06T09:41:50.971+0000] {dag.py:2941} INFO - Sync 1 DAGs
[2023-12-06T09:41:50.987+0000] {logging_mixin.py:154} INFO - [2023-12-06T09:41:50.986+0000] {dag.py:3722} INFO - Setting next_dagrun for tutorial_dag to None, run_after=None
[2023-12-06T09:41:51.005+0000] {processor.py:179} INFO - Processing /home/airflow/.local/lib/python3.8/site-packages/airflow/example_dags/tutorial_dag.py took 0.076 seconds
[2023-12-06T09:42:21.420+0000] {processor.py:157} INFO - Started process (PID=710) to work on /home/airflow/.local/lib/python3.8/site-packages/airflow/example_dags/tutorial_dag.py
[2023-12-06T09:42:21.422+0000] {processor.py:829} INFO - Processing file /home/airflow/.local/lib/python3.8/site-packages/airflow/example_dags/tutorial_dag.py for tasks to queue
[2023-12-06T09:42:21.425+0000] {logging_mixin.py:154} INFO - [2023-12-06T09:42:21.425+0000] {dagbag.py:536} INFO - Filling up the DagBag from /home/airflow/.local/lib/python3.8/site-packages/airflow/example_dags/tutorial_dag.py
[2023-12-06T09:42:21.431+0000] {processor.py:839} INFO - DAG(s) dict_keys(['tutorial_dag']) retrieved from /home/airflow/.local/lib/python3.8/site-packages/airflow/example_dags/tutorial_dag.py
[2023-12-06T09:42:21.453+0000] {logging_mixin.py:154} INFO - [2023-12-06T09:42:21.453+0000] {dag.py:2941} INFO - Sync 1 DAGs
[2023-12-06T09:42:21.467+0000] {logging_mixin.py:154} INFO - [2023-12-06T09:42:21.467+0000] {dag.py:3722} INFO - Setting next_dagrun for tutorial_dag to None, run_after=None
[2023-12-06T09:42:21.485+0000] {processor.py:179} INFO - Processing /home/airflow/.local/lib/python3.8/site-packages/airflow/example_dags/tutorial_dag.py took 0.069 seconds
[2023-12-06T09:42:51.614+0000] {processor.py:157} INFO - Started process (PID=764) to work on /home/airflow/.local/lib/python3.8/site-packages/airflow/example_dags/tutorial_dag.py
[2023-12-06T09:42:51.615+0000] {processor.py:829} INFO - Processing file /home/airflow/.local/lib/python3.8/site-packages/airflow/example_dags/tutorial_dag.py for tasks to queue
[2023-12-06T09:42:51.619+0000] {logging_mixin.py:154} INFO - [2023-12-06T09:42:51.619+0000] {dagbag.py:536} INFO - Filling up the DagBag from /home/airflow/.local/lib/python3.8/site-packages/airflow/example_dags/tutorial_dag.py
[2023-12-06T09:42:51.627+0000] {processor.py:839} INFO - DAG(s) dict_keys(['tutorial_dag']) retrieved from /home/airflow/.local/lib/python3.8/site-packages/airflow/example_dags/tutorial_dag.py
[2023-12-06T09:42:51.649+0000] {logging_mixin.py:154} INFO - [2023-12-06T09:42:51.649+0000] {dag.py:2941} INFO - Sync 1 DAGs
[2023-12-06T09:42:51.665+0000] {logging_mixin.py:154} INFO - [2023-12-06T09:42:51.665+0000] {dag.py:3722} INFO - Setting next_dagrun for tutorial_dag to None, run_after=None
[2023-12-06T09:42:51.684+0000] {processor.py:179} INFO - Processing /home/airflow/.local/lib/python3.8/site-packages/airflow/example_dags/tutorial_dag.py took 0.075 seconds
[2023-12-06T09:43:21.826+0000] {processor.py:157} INFO - Started process (PID=819) to work on /home/airflow/.local/lib/python3.8/site-packages/airflow/example_dags/tutorial_dag.py
[2023-12-06T09:43:21.828+0000] {processor.py:829} INFO - Processing file /home/airflow/.local/lib/python3.8/site-packages/airflow/example_dags/tutorial_dag.py for tasks to queue
[2023-12-06T09:43:21.831+0000] {logging_mixin.py:154} INFO - [2023-12-06T09:43:21.831+0000] {dagbag.py:536} INFO - Filling up the DagBag from /home/airflow/.local/lib/python3.8/site-packages/airflow/example_dags/tutorial_dag.py
[2023-12-06T09:43:21.838+0000] {processor.py:839} INFO - DAG(s) dict_keys(['tutorial_dag']) retrieved from /home/airflow/.local/lib/python3.8/site-packages/airflow/example_dags/tutorial_dag.py
[2023-12-06T09:43:21.862+0000] {logging_mixin.py:154} INFO - [2023-12-06T09:43:21.861+0000] {dag.py:2941} INFO - Sync 1 DAGs
[2023-12-06T09:43:21.877+0000] {logging_mixin.py:154} INFO - [2023-12-06T09:43:21.876+0000] {dag.py:3722} INFO - Setting next_dagrun for tutorial_dag to None, run_after=None
[2023-12-06T09:43:21.898+0000] {processor.py:179} INFO - Processing /home/airflow/.local/lib/python3.8/site-packages/airflow/example_dags/tutorial_dag.py took 0.076 seconds
[2023-12-06T09:43:52.824+0000] {processor.py:157} INFO - Started process (PID=873) to work on /home/airflow/.local/lib/python3.8/site-packages/airflow/example_dags/tutorial_dag.py
[2023-12-06T09:43:52.826+0000] {processor.py:829} INFO - Processing file /home/airflow/.local/lib/python3.8/site-packages/airflow/example_dags/tutorial_dag.py for tasks to queue
[2023-12-06T09:43:52.830+0000] {logging_mixin.py:154} INFO - [2023-12-06T09:43:52.830+0000] {dagbag.py:536} INFO - Filling up the DagBag from /home/airflow/.local/lib/python3.8/site-packages/airflow/example_dags/tutorial_dag.py
[2023-12-06T09:43:52.838+0000] {processor.py:839} INFO - DAG(s) dict_keys(['tutorial_dag']) retrieved from /home/airflow/.local/lib/python3.8/site-packages/airflow/example_dags/tutorial_dag.py
[2023-12-06T09:43:52.862+0000] {logging_mixin.py:154} INFO - [2023-12-06T09:43:52.861+0000] {dag.py:2941} INFO - Sync 1 DAGs
[2023-12-06T09:43:52.881+0000] {logging_mixin.py:154} INFO - [2023-12-06T09:43:52.881+0000] {dag.py:3722} INFO - Setting next_dagrun for tutorial_dag to None, run_after=None
[2023-12-06T09:43:52.936+0000] {processor.py:179} INFO - Processing /home/airflow/.local/lib/python3.8/site-packages/airflow/example_dags/tutorial_dag.py took 0.116 seconds
[2023-12-06T09:44:23.190+0000] {processor.py:157} INFO - Started process (PID=927) to work on /home/airflow/.local/lib/python3.8/site-packages/airflow/example_dags/tutorial_dag.py
[2023-12-06T09:44:23.192+0000] {processor.py:829} INFO - Processing file /home/airflow/.local/lib/python3.8/site-packages/airflow/example_dags/tutorial_dag.py for tasks to queue
[2023-12-06T09:44:23.195+0000] {logging_mixin.py:154} INFO - [2023-12-06T09:44:23.194+0000] {dagbag.py:536} INFO - Filling up the DagBag from /home/airflow/.local/lib/python3.8/site-packages/airflow/example_dags/tutorial_dag.py
[2023-12-06T09:44:23.201+0000] {processor.py:839} INFO - DAG(s) dict_keys(['tutorial_dag']) retrieved from /home/airflow/.local/lib/python3.8/site-packages/airflow/example_dags/tutorial_dag.py
[2023-12-06T09:44:23.227+0000] {logging_mixin.py:154} INFO - [2023-12-06T09:44:23.227+0000] {dag.py:2941} INFO - Sync 1 DAGs
[2023-12-06T09:44:23.244+0000] {logging_mixin.py:154} INFO - [2023-12-06T09:44:23.244+0000] {dag.py:3722} INFO - Setting next_dagrun for tutorial_dag to None, run_after=None
[2023-12-06T09:44:23.264+0000] {processor.py:179} INFO - Processing /home/airflow/.local/lib/python3.8/site-packages/airflow/example_dags/tutorial_dag.py took 0.079 seconds
[2023-12-06T09:44:53.334+0000] {processor.py:157} INFO - Started process (PID=981) to work on /home/airflow/.local/lib/python3.8/site-packages/airflow/example_dags/tutorial_dag.py
[2023-12-06T09:44:53.336+0000] {processor.py:829} INFO - Processing file /home/airflow/.local/lib/python3.8/site-packages/airflow/example_dags/tutorial_dag.py for tasks to queue
[2023-12-06T09:44:53.338+0000] {logging_mixin.py:154} INFO - [2023-12-06T09:44:53.338+0000] {dagbag.py:536} INFO - Filling up the DagBag from /home/airflow/.local/lib/python3.8/site-packages/airflow/example_dags/tutorial_dag.py
[2023-12-06T09:44:53.344+0000] {processor.py:839} INFO - DAG(s) dict_keys(['tutorial_dag']) retrieved from /home/airflow/.local/lib/python3.8/site-packages/airflow/example_dags/tutorial_dag.py
[2023-12-06T09:44:53.367+0000] {logging_mixin.py:154} INFO - [2023-12-06T09:44:53.367+0000] {dag.py:2941} INFO - Sync 1 DAGs
[2023-12-06T09:44:53.381+0000] {logging_mixin.py:154} INFO - [2023-12-06T09:44:53.381+0000] {dag.py:3722} INFO - Setting next_dagrun for tutorial_dag to None, run_after=None
[2023-12-06T09:44:53.401+0000] {processor.py:179} INFO - Processing /home/airflow/.local/lib/python3.8/site-packages/airflow/example_dags/tutorial_dag.py took 0.070 seconds
[2023-12-06T09:45:23.545+0000] {processor.py:157} INFO - Started process (PID=1035) to work on /home/airflow/.local/lib/python3.8/site-packages/airflow/example_dags/tutorial_dag.py
[2023-12-06T09:45:23.547+0000] {processor.py:829} INFO - Processing file /home/airflow/.local/lib/python3.8/site-packages/airflow/example_dags/tutorial_dag.py for tasks to queue
[2023-12-06T09:45:23.550+0000] {logging_mixin.py:154} INFO - [2023-12-06T09:45:23.549+0000] {dagbag.py:536} INFO - Filling up the DagBag from /home/airflow/.local/lib/python3.8/site-packages/airflow/example_dags/tutorial_dag.py
[2023-12-06T09:45:23.556+0000] {processor.py:839} INFO - DAG(s) dict_keys(['tutorial_dag']) retrieved from /home/airflow/.local/lib/python3.8/site-packages/airflow/example_dags/tutorial_dag.py
[2023-12-06T09:45:23.583+0000] {logging_mixin.py:154} INFO - [2023-12-06T09:45:23.583+0000] {dag.py:2941} INFO - Sync 1 DAGs
[2023-12-06T09:45:23.601+0000] {logging_mixin.py:154} INFO - [2023-12-06T09:45:23.601+0000] {dag.py:3722} INFO - Setting next_dagrun for tutorial_dag to None, run_after=None
[2023-12-06T09:45:23.627+0000] {processor.py:179} INFO - Processing /home/airflow/.local/lib/python3.8/site-packages/airflow/example_dags/tutorial_dag.py took 0.086 seconds
[2023-12-06T09:45:53.676+0000] {processor.py:157} INFO - Started process (PID=1101) to work on /home/airflow/.local/lib/python3.8/site-packages/airflow/example_dags/tutorial_dag.py
[2023-12-06T09:45:53.677+0000] {processor.py:829} INFO - Processing file /home/airflow/.local/lib/python3.8/site-packages/airflow/example_dags/tutorial_dag.py for tasks to queue
[2023-12-06T09:45:53.680+0000] {logging_mixin.py:154} INFO - [2023-12-06T09:45:53.680+0000] {dagbag.py:536} INFO - Filling up the DagBag from /home/airflow/.local/lib/python3.8/site-packages/airflow/example_dags/tutorial_dag.py
[2023-12-06T09:45:53.686+0000] {processor.py:839} INFO - DAG(s) dict_keys(['tutorial_dag']) retrieved from /home/airflow/.local/lib/python3.8/site-packages/airflow/example_dags/tutorial_dag.py
[2023-12-06T09:45:53.708+0000] {logging_mixin.py:154} INFO - [2023-12-06T09:45:53.707+0000] {dag.py:2941} INFO - Sync 1 DAGs
[2023-12-06T09:45:53.722+0000] {logging_mixin.py:154} INFO - [2023-12-06T09:45:53.722+0000] {dag.py:3722} INFO - Setting next_dagrun for tutorial_dag to None, run_after=None
[2023-12-06T09:45:53.740+0000] {processor.py:179} INFO - Processing /home/airflow/.local/lib/python3.8/site-packages/airflow/example_dags/tutorial_dag.py took 0.069 seconds
[2023-12-06T09:46:24.344+0000] {processor.py:157} INFO - Started process (PID=1158) to work on /home/airflow/.local/lib/python3.8/site-packages/airflow/example_dags/tutorial_dag.py
[2023-12-06T09:46:24.346+0000] {processor.py:829} INFO - Processing file /home/airflow/.local/lib/python3.8/site-packages/airflow/example_dags/tutorial_dag.py for tasks to queue
[2023-12-06T09:46:24.349+0000] {logging_mixin.py:154} INFO - [2023-12-06T09:46:24.348+0000] {dagbag.py:536} INFO - Filling up the DagBag from /home/airflow/.local/lib/python3.8/site-packages/airflow/example_dags/tutorial_dag.py
[2023-12-06T09:46:24.355+0000] {processor.py:839} INFO - DAG(s) dict_keys(['tutorial_dag']) retrieved from /home/airflow/.local/lib/python3.8/site-packages/airflow/example_dags/tutorial_dag.py
[2023-12-06T09:46:24.376+0000] {logging_mixin.py:154} INFO - [2023-12-06T09:46:24.376+0000] {dag.py:2941} INFO - Sync 1 DAGs
[2023-12-06T09:46:24.390+0000] {logging_mixin.py:154} INFO - [2023-12-06T09:46:24.390+0000] {dag.py:3722} INFO - Setting next_dagrun for tutorial_dag to None, run_after=None
[2023-12-06T09:46:24.410+0000] {processor.py:179} INFO - Processing /home/airflow/.local/lib/python3.8/site-packages/airflow/example_dags/tutorial_dag.py took 0.070 seconds
[2023-12-06T09:46:54.729+0000] {processor.py:157} INFO - Started process (PID=1213) to work on /home/airflow/.local/lib/python3.8/site-packages/airflow/example_dags/tutorial_dag.py
[2023-12-06T09:46:54.730+0000] {processor.py:829} INFO - Processing file /home/airflow/.local/lib/python3.8/site-packages/airflow/example_dags/tutorial_dag.py for tasks to queue
[2023-12-06T09:46:54.733+0000] {logging_mixin.py:154} INFO - [2023-12-06T09:46:54.733+0000] {dagbag.py:536} INFO - Filling up the DagBag from /home/airflow/.local/lib/python3.8/site-packages/airflow/example_dags/tutorial_dag.py
[2023-12-06T09:46:54.739+0000] {processor.py:839} INFO - DAG(s) dict_keys(['tutorial_dag']) retrieved from /home/airflow/.local/lib/python3.8/site-packages/airflow/example_dags/tutorial_dag.py
[2023-12-06T09:46:54.762+0000] {logging_mixin.py:154} INFO - [2023-12-06T09:46:54.762+0000] {dag.py:2941} INFO - Sync 1 DAGs
[2023-12-06T09:46:54.776+0000] {logging_mixin.py:154} INFO - [2023-12-06T09:46:54.776+0000] {dag.py:3722} INFO - Setting next_dagrun for tutorial_dag to None, run_after=None
[2023-12-06T09:46:54.794+0000] {processor.py:179} INFO - Processing /home/airflow/.local/lib/python3.8/site-packages/airflow/example_dags/tutorial_dag.py took 0.069 seconds
[2023-12-06T09:47:24.918+0000] {processor.py:157} INFO - Started process (PID=1269) to work on /home/airflow/.local/lib/python3.8/site-packages/airflow/example_dags/tutorial_dag.py
[2023-12-06T09:47:24.929+0000] {processor.py:829} INFO - Processing file /home/airflow/.local/lib/python3.8/site-packages/airflow/example_dags/tutorial_dag.py for tasks to queue
[2023-12-06T09:47:24.948+0000] {logging_mixin.py:154} INFO - [2023-12-06T09:47:24.948+0000] {dagbag.py:536} INFO - Filling up the DagBag from /home/airflow/.local/lib/python3.8/site-packages/airflow/example_dags/tutorial_dag.py
[2023-12-06T09:47:24.957+0000] {processor.py:839} INFO - DAG(s) dict_keys(['tutorial_dag']) retrieved from /home/airflow/.local/lib/python3.8/site-packages/airflow/example_dags/tutorial_dag.py
[2023-12-06T09:47:24.993+0000] {logging_mixin.py:154} INFO - [2023-12-06T09:47:24.993+0000] {dag.py:2941} INFO - Sync 1 DAGs
[2023-12-06T09:47:25.007+0000] {logging_mixin.py:154} INFO - [2023-12-06T09:47:25.007+0000] {dag.py:3722} INFO - Setting next_dagrun for tutorial_dag to None, run_after=None
[2023-12-06T09:47:25.026+0000] {processor.py:179} INFO - Processing /home/airflow/.local/lib/python3.8/site-packages/airflow/example_dags/tutorial_dag.py took 0.111 seconds
[2023-12-06T09:47:55.677+0000] {processor.py:157} INFO - Started process (PID=1327) to work on /home/airflow/.local/lib/python3.8/site-packages/airflow/example_dags/tutorial_dag.py
[2023-12-06T09:47:55.678+0000] {processor.py:829} INFO - Processing file /home/airflow/.local/lib/python3.8/site-packages/airflow/example_dags/tutorial_dag.py for tasks to queue
[2023-12-06T09:47:55.680+0000] {logging_mixin.py:154} INFO - [2023-12-06T09:47:55.679+0000] {dagbag.py:536} INFO - Filling up the DagBag from /home/airflow/.local/lib/python3.8/site-packages/airflow/example_dags/tutorial_dag.py
[2023-12-06T09:47:55.686+0000] {processor.py:839} INFO - DAG(s) dict_keys(['tutorial_dag']) retrieved from /home/airflow/.local/lib/python3.8/site-packages/airflow/example_dags/tutorial_dag.py
[2023-12-06T09:47:55.709+0000] {logging_mixin.py:154} INFO - [2023-12-06T09:47:55.709+0000] {dag.py:2941} INFO - Sync 1 DAGs
[2023-12-06T09:47:55.723+0000] {logging_mixin.py:154} INFO - [2023-12-06T09:47:55.723+0000] {dag.py:3722} INFO - Setting next_dagrun for tutorial_dag to None, run_after=None
[2023-12-06T09:47:55.742+0000] {processor.py:179} INFO - Processing /home/airflow/.local/lib/python3.8/site-packages/airflow/example_dags/tutorial_dag.py took 0.069 seconds
[2023-12-06T09:48:27.988+0000] {processor.py:157} INFO - Started process (PID=1388) to work on /home/airflow/.local/lib/python3.8/site-packages/airflow/example_dags/tutorial_dag.py
[2023-12-06T09:48:27.993+0000] {processor.py:829} INFO - Processing file /home/airflow/.local/lib/python3.8/site-packages/airflow/example_dags/tutorial_dag.py for tasks to queue
[2023-12-06T09:48:27.999+0000] {logging_mixin.py:154} INFO - [2023-12-06T09:48:27.997+0000] {dagbag.py:536} INFO - Filling up the DagBag from /home/airflow/.local/lib/python3.8/site-packages/airflow/example_dags/tutorial_dag.py
[2023-12-06T09:48:28.007+0000] {processor.py:839} INFO - DAG(s) dict_keys(['tutorial_dag']) retrieved from /home/airflow/.local/lib/python3.8/site-packages/airflow/example_dags/tutorial_dag.py
[2023-12-06T09:48:28.035+0000] {logging_mixin.py:154} INFO - [2023-12-06T09:48:28.035+0000] {dag.py:2941} INFO - Sync 1 DAGs
[2023-12-06T09:48:28.050+0000] {logging_mixin.py:154} INFO - [2023-12-06T09:48:28.050+0000] {dag.py:3722} INFO - Setting next_dagrun for tutorial_dag to None, run_after=None
[2023-12-06T09:48:28.070+0000] {processor.py:179} INFO - Processing /home/airflow/.local/lib/python3.8/site-packages/airflow/example_dags/tutorial_dag.py took 0.086 seconds
[2023-12-06T09:48:58.396+0000] {processor.py:157} INFO - Started process (PID=1444) to work on /home/airflow/.local/lib/python3.8/site-packages/airflow/example_dags/tutorial_dag.py
[2023-12-06T09:48:58.398+0000] {processor.py:829} INFO - Processing file /home/airflow/.local/lib/python3.8/site-packages/airflow/example_dags/tutorial_dag.py for tasks to queue
[2023-12-06T09:48:58.399+0000] {logging_mixin.py:154} INFO - [2023-12-06T09:48:58.399+0000] {dagbag.py:536} INFO - Filling up the DagBag from /home/airflow/.local/lib/python3.8/site-packages/airflow/example_dags/tutorial_dag.py
[2023-12-06T09:48:58.405+0000] {processor.py:839} INFO - DAG(s) dict_keys(['tutorial_dag']) retrieved from /home/airflow/.local/lib/python3.8/site-packages/airflow/example_dags/tutorial_dag.py
[2023-12-06T09:48:58.430+0000] {logging_mixin.py:154} INFO - [2023-12-06T09:48:58.429+0000] {dag.py:2941} INFO - Sync 1 DAGs
[2023-12-06T09:48:58.443+0000] {logging_mixin.py:154} INFO - [2023-12-06T09:48:58.443+0000] {dag.py:3722} INFO - Setting next_dagrun for tutorial_dag to None, run_after=None
[2023-12-06T09:48:58.461+0000] {processor.py:179} INFO - Processing /home/airflow/.local/lib/python3.8/site-packages/airflow/example_dags/tutorial_dag.py took 0.069 seconds
[2023-12-06T09:49:28.827+0000] {processor.py:157} INFO - Started process (PID=1507) to work on /home/airflow/.local/lib/python3.8/site-packages/airflow/example_dags/tutorial_dag.py
[2023-12-06T09:49:28.829+0000] {processor.py:829} INFO - Processing file /home/airflow/.local/lib/python3.8/site-packages/airflow/example_dags/tutorial_dag.py for tasks to queue
[2023-12-06T09:49:28.830+0000] {logging_mixin.py:154} INFO - [2023-12-06T09:49:28.830+0000] {dagbag.py:536} INFO - Filling up the DagBag from /home/airflow/.local/lib/python3.8/site-packages/airflow/example_dags/tutorial_dag.py
[2023-12-06T09:49:28.836+0000] {processor.py:839} INFO - DAG(s) dict_keys(['tutorial_dag']) retrieved from /home/airflow/.local/lib/python3.8/site-packages/airflow/example_dags/tutorial_dag.py
[2023-12-06T09:49:28.862+0000] {logging_mixin.py:154} INFO - [2023-12-06T09:49:28.862+0000] {dag.py:2941} INFO - Sync 1 DAGs
[2023-12-06T09:49:28.878+0000] {logging_mixin.py:154} INFO - [2023-12-06T09:49:28.878+0000] {dag.py:3722} INFO - Setting next_dagrun for tutorial_dag to None, run_after=None
[2023-12-06T09:49:28.897+0000] {processor.py:179} INFO - Processing /home/airflow/.local/lib/python3.8/site-packages/airflow/example_dags/tutorial_dag.py took 0.074 seconds
[2023-12-06T09:50:00.151+0000] {processor.py:157} INFO - Started process (PID=1564) to work on /home/airflow/.local/lib/python3.8/site-packages/airflow/example_dags/tutorial_dag.py
[2023-12-06T09:50:00.152+0000] {processor.py:829} INFO - Processing file /home/airflow/.local/lib/python3.8/site-packages/airflow/example_dags/tutorial_dag.py for tasks to queue
[2023-12-06T09:50:00.154+0000] {logging_mixin.py:154} INFO - [2023-12-06T09:50:00.153+0000] {dagbag.py:536} INFO - Filling up the DagBag from /home/airflow/.local/lib/python3.8/site-packages/airflow/example_dags/tutorial_dag.py
[2023-12-06T09:50:00.161+0000] {processor.py:839} INFO - DAG(s) dict_keys(['tutorial_dag']) retrieved from /home/airflow/.local/lib/python3.8/site-packages/airflow/example_dags/tutorial_dag.py
[2023-12-06T09:50:00.187+0000] {logging_mixin.py:154} INFO - [2023-12-06T09:50:00.187+0000] {dag.py:2941} INFO - Sync 1 DAGs
[2023-12-06T09:50:00.339+0000] {logging_mixin.py:154} INFO - [2023-12-06T09:50:00.339+0000] {dag.py:3722} INFO - Setting next_dagrun for tutorial_dag to None, run_after=None
[2023-12-06T09:50:00.362+0000] {processor.py:179} INFO - Processing /home/airflow/.local/lib/python3.8/site-packages/airflow/example_dags/tutorial_dag.py took 0.216 seconds
[2023-12-06T09:50:30.938+0000] {processor.py:157} INFO - Started process (PID=1619) to work on /home/airflow/.local/lib/python3.8/site-packages/airflow/example_dags/tutorial_dag.py
[2023-12-06T09:50:30.941+0000] {processor.py:829} INFO - Processing file /home/airflow/.local/lib/python3.8/site-packages/airflow/example_dags/tutorial_dag.py for tasks to queue
[2023-12-06T09:50:30.945+0000] {logging_mixin.py:154} INFO - [2023-12-06T09:50:30.945+0000] {dagbag.py:536} INFO - Filling up the DagBag from /home/airflow/.local/lib/python3.8/site-packages/airflow/example_dags/tutorial_dag.py
[2023-12-06T09:50:30.957+0000] {processor.py:839} INFO - DAG(s) dict_keys(['tutorial_dag']) retrieved from /home/airflow/.local/lib/python3.8/site-packages/airflow/example_dags/tutorial_dag.py
[2023-12-06T09:50:30.998+0000] {logging_mixin.py:154} INFO - [2023-12-06T09:50:30.998+0000] {dag.py:2941} INFO - Sync 1 DAGs
[2023-12-06T09:50:31.023+0000] {logging_mixin.py:154} INFO - [2023-12-06T09:50:31.023+0000] {dag.py:3722} INFO - Setting next_dagrun for tutorial_dag to None, run_after=None
[2023-12-06T09:50:31.059+0000] {processor.py:179} INFO - Processing /home/airflow/.local/lib/python3.8/site-packages/airflow/example_dags/tutorial_dag.py took 0.127 seconds
