[2023-12-06T09:36:16.061+0000] {processor.py:157} INFO - Started process (PID=64) to work on /home/airflow/.local/lib/python3.8/site-packages/airflow/example_dags/tutorial_taskflow_api.py
[2023-12-06T09:36:16.062+0000] {processor.py:829} INFO - Processing file /home/airflow/.local/lib/python3.8/site-packages/airflow/example_dags/tutorial_taskflow_api.py for tasks to queue
[2023-12-06T09:36:16.068+0000] {logging_mixin.py:154} INFO - [2023-12-06T09:36:16.067+0000] {dagbag.py:536} INFO - Filling up the DagBag from /home/airflow/.local/lib/python3.8/site-packages/airflow/example_dags/tutorial_taskflow_api.py
[2023-12-06T09:36:16.078+0000] {processor.py:839} INFO - DAG(s) dict_keys(['tutorial_taskflow_api']) retrieved from /home/airflow/.local/lib/python3.8/site-packages/airflow/example_dags/tutorial_taskflow_api.py
[2023-12-06T09:36:16.199+0000] {logging_mixin.py:154} INFO - [2023-12-06T09:36:16.199+0000] {manager.py:499} INFO - Created Permission View: %s
[2023-12-06T09:36:16.212+0000] {logging_mixin.py:154} INFO - [2023-12-06T09:36:16.212+0000] {manager.py:499} INFO - Created Permission View: %s
[2023-12-06T09:36:16.220+0000] {logging_mixin.py:154} INFO - [2023-12-06T09:36:16.219+0000] {manager.py:499} INFO - Created Permission View: %s
[2023-12-06T09:36:16.221+0000] {logging_mixin.py:154} INFO - [2023-12-06T09:36:16.220+0000] {dag.py:2941} INFO - Sync 1 DAGs
[2023-12-06T09:36:16.234+0000] {logging_mixin.py:154} INFO - [2023-12-06T09:36:16.233+0000] {dag.py:2963} INFO - Creating ORM DAG for tutorial_taskflow_api
[2023-12-06T09:36:16.235+0000] {logging_mixin.py:154} INFO - [2023-12-06T09:36:16.235+0000] {dag.py:3722} INFO - Setting next_dagrun for tutorial_taskflow_api to None, run_after=None
[2023-12-06T09:36:16.253+0000] {processor.py:179} INFO - Processing /home/airflow/.local/lib/python3.8/site-packages/airflow/example_dags/tutorial_taskflow_api.py took 0.197 seconds
[2023-12-06T09:36:47.049+0000] {processor.py:157} INFO - Started process (PID=118) to work on /home/airflow/.local/lib/python3.8/site-packages/airflow/example_dags/tutorial_taskflow_api.py
[2023-12-06T09:36:47.051+0000] {processor.py:829} INFO - Processing file /home/airflow/.local/lib/python3.8/site-packages/airflow/example_dags/tutorial_taskflow_api.py for tasks to queue
[2023-12-06T09:36:47.056+0000] {logging_mixin.py:154} INFO - [2023-12-06T09:36:47.055+0000] {dagbag.py:536} INFO - Filling up the DagBag from /home/airflow/.local/lib/python3.8/site-packages/airflow/example_dags/tutorial_taskflow_api.py
[2023-12-06T09:36:47.065+0000] {processor.py:839} INFO - DAG(s) dict_keys(['tutorial_taskflow_api']) retrieved from /home/airflow/.local/lib/python3.8/site-packages/airflow/example_dags/tutorial_taskflow_api.py
[2023-12-06T09:36:47.088+0000] {logging_mixin.py:154} INFO - [2023-12-06T09:36:47.088+0000] {dag.py:2941} INFO - Sync 1 DAGs
[2023-12-06T09:36:47.103+0000] {logging_mixin.py:154} INFO - [2023-12-06T09:36:47.103+0000] {dag.py:3722} INFO - Setting next_dagrun for tutorial_taskflow_api to None, run_after=None
[2023-12-06T09:36:47.123+0000] {processor.py:179} INFO - Processing /home/airflow/.local/lib/python3.8/site-packages/airflow/example_dags/tutorial_taskflow_api.py took 0.078 seconds
[2023-12-06T09:37:17.948+0000] {processor.py:157} INFO - Started process (PID=172) to work on /home/airflow/.local/lib/python3.8/site-packages/airflow/example_dags/tutorial_taskflow_api.py
[2023-12-06T09:37:17.950+0000] {processor.py:829} INFO - Processing file /home/airflow/.local/lib/python3.8/site-packages/airflow/example_dags/tutorial_taskflow_api.py for tasks to queue
[2023-12-06T09:37:17.953+0000] {logging_mixin.py:154} INFO - [2023-12-06T09:37:17.952+0000] {dagbag.py:536} INFO - Filling up the DagBag from /home/airflow/.local/lib/python3.8/site-packages/airflow/example_dags/tutorial_taskflow_api.py
[2023-12-06T09:37:17.960+0000] {processor.py:839} INFO - DAG(s) dict_keys(['tutorial_taskflow_api']) retrieved from /home/airflow/.local/lib/python3.8/site-packages/airflow/example_dags/tutorial_taskflow_api.py
[2023-12-06T09:37:17.981+0000] {logging_mixin.py:154} INFO - [2023-12-06T09:37:17.981+0000] {dag.py:2941} INFO - Sync 1 DAGs
[2023-12-06T09:37:17.996+0000] {logging_mixin.py:154} INFO - [2023-12-06T09:37:17.996+0000] {dag.py:3722} INFO - Setting next_dagrun for tutorial_taskflow_api to None, run_after=None
[2023-12-06T09:37:18.014+0000] {processor.py:179} INFO - Processing /home/airflow/.local/lib/python3.8/site-packages/airflow/example_dags/tutorial_taskflow_api.py took 0.070 seconds
[2023-12-06T09:37:48.686+0000] {processor.py:157} INFO - Started process (PID=226) to work on /home/airflow/.local/lib/python3.8/site-packages/airflow/example_dags/tutorial_taskflow_api.py
[2023-12-06T09:37:48.688+0000] {processor.py:829} INFO - Processing file /home/airflow/.local/lib/python3.8/site-packages/airflow/example_dags/tutorial_taskflow_api.py for tasks to queue
[2023-12-06T09:37:48.690+0000] {logging_mixin.py:154} INFO - [2023-12-06T09:37:48.690+0000] {dagbag.py:536} INFO - Filling up the DagBag from /home/airflow/.local/lib/python3.8/site-packages/airflow/example_dags/tutorial_taskflow_api.py
[2023-12-06T09:37:48.698+0000] {processor.py:839} INFO - DAG(s) dict_keys(['tutorial_taskflow_api']) retrieved from /home/airflow/.local/lib/python3.8/site-packages/airflow/example_dags/tutorial_taskflow_api.py
[2023-12-06T09:37:48.720+0000] {logging_mixin.py:154} INFO - [2023-12-06T09:37:48.720+0000] {dag.py:2941} INFO - Sync 1 DAGs
[2023-12-06T09:37:48.733+0000] {logging_mixin.py:154} INFO - [2023-12-06T09:37:48.733+0000] {dag.py:3722} INFO - Setting next_dagrun for tutorial_taskflow_api to None, run_after=None
[2023-12-06T09:37:48.750+0000] {processor.py:179} INFO - Processing /home/airflow/.local/lib/python3.8/site-packages/airflow/example_dags/tutorial_taskflow_api.py took 0.068 seconds
[2023-12-06T09:38:19.468+0000] {processor.py:157} INFO - Started process (PID=280) to work on /home/airflow/.local/lib/python3.8/site-packages/airflow/example_dags/tutorial_taskflow_api.py
[2023-12-06T09:38:19.470+0000] {processor.py:829} INFO - Processing file /home/airflow/.local/lib/python3.8/site-packages/airflow/example_dags/tutorial_taskflow_api.py for tasks to queue
[2023-12-06T09:38:19.472+0000] {logging_mixin.py:154} INFO - [2023-12-06T09:38:19.472+0000] {dagbag.py:536} INFO - Filling up the DagBag from /home/airflow/.local/lib/python3.8/site-packages/airflow/example_dags/tutorial_taskflow_api.py
[2023-12-06T09:38:19.479+0000] {processor.py:839} INFO - DAG(s) dict_keys(['tutorial_taskflow_api']) retrieved from /home/airflow/.local/lib/python3.8/site-packages/airflow/example_dags/tutorial_taskflow_api.py
[2023-12-06T09:38:19.501+0000] {logging_mixin.py:154} INFO - [2023-12-06T09:38:19.501+0000] {dag.py:2941} INFO - Sync 1 DAGs
[2023-12-06T09:38:19.515+0000] {logging_mixin.py:154} INFO - [2023-12-06T09:38:19.514+0000] {dag.py:3722} INFO - Setting next_dagrun for tutorial_taskflow_api to None, run_after=None
[2023-12-06T09:38:19.534+0000] {processor.py:179} INFO - Processing /home/airflow/.local/lib/python3.8/site-packages/airflow/example_dags/tutorial_taskflow_api.py took 0.070 seconds
[2023-12-06T09:38:50.474+0000] {processor.py:157} INFO - Started process (PID=335) to work on /home/airflow/.local/lib/python3.8/site-packages/airflow/example_dags/tutorial_taskflow_api.py
[2023-12-06T09:38:50.476+0000] {processor.py:829} INFO - Processing file /home/airflow/.local/lib/python3.8/site-packages/airflow/example_dags/tutorial_taskflow_api.py for tasks to queue
[2023-12-06T09:38:50.478+0000] {logging_mixin.py:154} INFO - [2023-12-06T09:38:50.478+0000] {dagbag.py:536} INFO - Filling up the DagBag from /home/airflow/.local/lib/python3.8/site-packages/airflow/example_dags/tutorial_taskflow_api.py
[2023-12-06T09:38:50.485+0000] {processor.py:839} INFO - DAG(s) dict_keys(['tutorial_taskflow_api']) retrieved from /home/airflow/.local/lib/python3.8/site-packages/airflow/example_dags/tutorial_taskflow_api.py
[2023-12-06T09:38:50.509+0000] {logging_mixin.py:154} INFO - [2023-12-06T09:38:50.509+0000] {dag.py:2941} INFO - Sync 1 DAGs
[2023-12-06T09:38:50.523+0000] {logging_mixin.py:154} INFO - [2023-12-06T09:38:50.523+0000] {dag.py:3722} INFO - Setting next_dagrun for tutorial_taskflow_api to None, run_after=None
[2023-12-06T09:38:50.541+0000] {processor.py:179} INFO - Processing /home/airflow/.local/lib/python3.8/site-packages/airflow/example_dags/tutorial_taskflow_api.py took 0.071 seconds
[2023-12-06T09:39:20.709+0000] {processor.py:157} INFO - Started process (PID=389) to work on /home/airflow/.local/lib/python3.8/site-packages/airflow/example_dags/tutorial_taskflow_api.py
[2023-12-06T09:39:20.711+0000] {processor.py:829} INFO - Processing file /home/airflow/.local/lib/python3.8/site-packages/airflow/example_dags/tutorial_taskflow_api.py for tasks to queue
[2023-12-06T09:39:20.714+0000] {logging_mixin.py:154} INFO - [2023-12-06T09:39:20.713+0000] {dagbag.py:536} INFO - Filling up the DagBag from /home/airflow/.local/lib/python3.8/site-packages/airflow/example_dags/tutorial_taskflow_api.py
[2023-12-06T09:39:20.721+0000] {processor.py:839} INFO - DAG(s) dict_keys(['tutorial_taskflow_api']) retrieved from /home/airflow/.local/lib/python3.8/site-packages/airflow/example_dags/tutorial_taskflow_api.py
[2023-12-06T09:39:20.741+0000] {logging_mixin.py:154} INFO - [2023-12-06T09:39:20.741+0000] {dag.py:2941} INFO - Sync 1 DAGs
[2023-12-06T09:39:20.755+0000] {logging_mixin.py:154} INFO - [2023-12-06T09:39:20.754+0000] {dag.py:3722} INFO - Setting next_dagrun for tutorial_taskflow_api to None, run_after=None
[2023-12-06T09:39:20.772+0000] {processor.py:179} INFO - Processing /home/airflow/.local/lib/python3.8/site-packages/airflow/example_dags/tutorial_taskflow_api.py took 0.067 seconds
[2023-12-06T09:39:51.006+0000] {processor.py:157} INFO - Started process (PID=443) to work on /home/airflow/.local/lib/python3.8/site-packages/airflow/example_dags/tutorial_taskflow_api.py
[2023-12-06T09:39:51.015+0000] {processor.py:829} INFO - Processing file /home/airflow/.local/lib/python3.8/site-packages/airflow/example_dags/tutorial_taskflow_api.py for tasks to queue
[2023-12-06T09:39:51.018+0000] {logging_mixin.py:154} INFO - [2023-12-06T09:39:51.018+0000] {dagbag.py:536} INFO - Filling up the DagBag from /home/airflow/.local/lib/python3.8/site-packages/airflow/example_dags/tutorial_taskflow_api.py
[2023-12-06T09:39:51.025+0000] {processor.py:839} INFO - DAG(s) dict_keys(['tutorial_taskflow_api']) retrieved from /home/airflow/.local/lib/python3.8/site-packages/airflow/example_dags/tutorial_taskflow_api.py
[2023-12-06T09:39:51.045+0000] {logging_mixin.py:154} INFO - [2023-12-06T09:39:51.045+0000] {dag.py:2941} INFO - Sync 1 DAGs
[2023-12-06T09:39:51.059+0000] {logging_mixin.py:154} INFO - [2023-12-06T09:39:51.059+0000] {dag.py:3722} INFO - Setting next_dagrun for tutorial_taskflow_api to None, run_after=None
[2023-12-06T09:39:51.078+0000] {processor.py:179} INFO - Processing /home/airflow/.local/lib/python3.8/site-packages/airflow/example_dags/tutorial_taskflow_api.py took 0.075 seconds
[2023-12-06T09:40:21.209+0000] {processor.py:157} INFO - Started process (PID=498) to work on /home/airflow/.local/lib/python3.8/site-packages/airflow/example_dags/tutorial_taskflow_api.py
[2023-12-06T09:40:21.211+0000] {processor.py:829} INFO - Processing file /home/airflow/.local/lib/python3.8/site-packages/airflow/example_dags/tutorial_taskflow_api.py for tasks to queue
[2023-12-06T09:40:21.214+0000] {logging_mixin.py:154} INFO - [2023-12-06T09:40:21.214+0000] {dagbag.py:536} INFO - Filling up the DagBag from /home/airflow/.local/lib/python3.8/site-packages/airflow/example_dags/tutorial_taskflow_api.py
[2023-12-06T09:40:21.221+0000] {processor.py:839} INFO - DAG(s) dict_keys(['tutorial_taskflow_api']) retrieved from /home/airflow/.local/lib/python3.8/site-packages/airflow/example_dags/tutorial_taskflow_api.py
[2023-12-06T09:40:21.242+0000] {logging_mixin.py:154} INFO - [2023-12-06T09:40:21.242+0000] {dag.py:2941} INFO - Sync 1 DAGs
[2023-12-06T09:40:21.255+0000] {logging_mixin.py:154} INFO - [2023-12-06T09:40:21.255+0000] {dag.py:3722} INFO - Setting next_dagrun for tutorial_taskflow_api to None, run_after=None
[2023-12-06T09:40:21.273+0000] {processor.py:179} INFO - Processing /home/airflow/.local/lib/python3.8/site-packages/airflow/example_dags/tutorial_taskflow_api.py took 0.068 seconds
[2023-12-06T09:40:51.493+0000] {processor.py:157} INFO - Started process (PID=552) to work on /home/airflow/.local/lib/python3.8/site-packages/airflow/example_dags/tutorial_taskflow_api.py
[2023-12-06T09:40:51.494+0000] {processor.py:829} INFO - Processing file /home/airflow/.local/lib/python3.8/site-packages/airflow/example_dags/tutorial_taskflow_api.py for tasks to queue
[2023-12-06T09:40:51.497+0000] {logging_mixin.py:154} INFO - [2023-12-06T09:40:51.497+0000] {dagbag.py:536} INFO - Filling up the DagBag from /home/airflow/.local/lib/python3.8/site-packages/airflow/example_dags/tutorial_taskflow_api.py
[2023-12-06T09:40:51.505+0000] {processor.py:839} INFO - DAG(s) dict_keys(['tutorial_taskflow_api']) retrieved from /home/airflow/.local/lib/python3.8/site-packages/airflow/example_dags/tutorial_taskflow_api.py
[2023-12-06T09:40:51.527+0000] {logging_mixin.py:154} INFO - [2023-12-06T09:40:51.527+0000] {dag.py:2941} INFO - Sync 1 DAGs
[2023-12-06T09:40:51.541+0000] {logging_mixin.py:154} INFO - [2023-12-06T09:40:51.541+0000] {dag.py:3722} INFO - Setting next_dagrun for tutorial_taskflow_api to None, run_after=None
[2023-12-06T09:40:51.559+0000] {processor.py:179} INFO - Processing /home/airflow/.local/lib/python3.8/site-packages/airflow/example_dags/tutorial_taskflow_api.py took 0.070 seconds
[2023-12-06T09:41:21.725+0000] {processor.py:157} INFO - Started process (PID=606) to work on /home/airflow/.local/lib/python3.8/site-packages/airflow/example_dags/tutorial_taskflow_api.py
[2023-12-06T09:41:21.727+0000] {processor.py:829} INFO - Processing file /home/airflow/.local/lib/python3.8/site-packages/airflow/example_dags/tutorial_taskflow_api.py for tasks to queue
[2023-12-06T09:41:21.730+0000] {logging_mixin.py:154} INFO - [2023-12-06T09:41:21.730+0000] {dagbag.py:536} INFO - Filling up the DagBag from /home/airflow/.local/lib/python3.8/site-packages/airflow/example_dags/tutorial_taskflow_api.py
[2023-12-06T09:41:21.739+0000] {processor.py:839} INFO - DAG(s) dict_keys(['tutorial_taskflow_api']) retrieved from /home/airflow/.local/lib/python3.8/site-packages/airflow/example_dags/tutorial_taskflow_api.py
[2023-12-06T09:41:21.773+0000] {logging_mixin.py:154} INFO - [2023-12-06T09:41:21.773+0000] {dag.py:2941} INFO - Sync 1 DAGs
[2023-12-06T09:41:21.797+0000] {logging_mixin.py:154} INFO - [2023-12-06T09:41:21.797+0000] {dag.py:3722} INFO - Setting next_dagrun for tutorial_taskflow_api to None, run_after=None
[2023-12-06T09:41:21.816+0000] {processor.py:179} INFO - Processing /home/airflow/.local/lib/python3.8/site-packages/airflow/example_dags/tutorial_taskflow_api.py took 0.095 seconds
[2023-12-06T09:41:52.135+0000] {processor.py:157} INFO - Started process (PID=660) to work on /home/airflow/.local/lib/python3.8/site-packages/airflow/example_dags/tutorial_taskflow_api.py
[2023-12-06T09:41:52.137+0000] {processor.py:829} INFO - Processing file /home/airflow/.local/lib/python3.8/site-packages/airflow/example_dags/tutorial_taskflow_api.py for tasks to queue
[2023-12-06T09:41:52.140+0000] {logging_mixin.py:154} INFO - [2023-12-06T09:41:52.140+0000] {dagbag.py:536} INFO - Filling up the DagBag from /home/airflow/.local/lib/python3.8/site-packages/airflow/example_dags/tutorial_taskflow_api.py
[2023-12-06T09:41:52.147+0000] {processor.py:839} INFO - DAG(s) dict_keys(['tutorial_taskflow_api']) retrieved from /home/airflow/.local/lib/python3.8/site-packages/airflow/example_dags/tutorial_taskflow_api.py
[2023-12-06T09:41:52.168+0000] {logging_mixin.py:154} INFO - [2023-12-06T09:41:52.167+0000] {dag.py:2941} INFO - Sync 1 DAGs
[2023-12-06T09:41:52.182+0000] {logging_mixin.py:154} INFO - [2023-12-06T09:41:52.182+0000] {dag.py:3722} INFO - Setting next_dagrun for tutorial_taskflow_api to None, run_after=None
[2023-12-06T09:41:52.200+0000] {processor.py:179} INFO - Processing /home/airflow/.local/lib/python3.8/site-packages/airflow/example_dags/tutorial_taskflow_api.py took 0.068 seconds
[2023-12-06T09:42:22.607+0000] {processor.py:157} INFO - Started process (PID=714) to work on /home/airflow/.local/lib/python3.8/site-packages/airflow/example_dags/tutorial_taskflow_api.py
[2023-12-06T09:42:22.643+0000] {processor.py:829} INFO - Processing file /home/airflow/.local/lib/python3.8/site-packages/airflow/example_dags/tutorial_taskflow_api.py for tasks to queue
[2023-12-06T09:42:22.664+0000] {logging_mixin.py:154} INFO - [2023-12-06T09:42:22.663+0000] {dagbag.py:536} INFO - Filling up the DagBag from /home/airflow/.local/lib/python3.8/site-packages/airflow/example_dags/tutorial_taskflow_api.py
[2023-12-06T09:42:22.689+0000] {processor.py:839} INFO - DAG(s) dict_keys(['tutorial_taskflow_api']) retrieved from /home/airflow/.local/lib/python3.8/site-packages/airflow/example_dags/tutorial_taskflow_api.py
[2023-12-06T09:42:22.712+0000] {logging_mixin.py:154} INFO - [2023-12-06T09:42:22.711+0000] {dag.py:2941} INFO - Sync 1 DAGs
[2023-12-06T09:42:22.729+0000] {logging_mixin.py:154} INFO - [2023-12-06T09:42:22.728+0000] {dag.py:3722} INFO - Setting next_dagrun for tutorial_taskflow_api to None, run_after=None
[2023-12-06T09:42:22.751+0000] {processor.py:179} INFO - Processing /home/airflow/.local/lib/python3.8/site-packages/airflow/example_dags/tutorial_taskflow_api.py took 0.148 seconds
[2023-12-06T09:42:52.821+0000] {processor.py:157} INFO - Started process (PID=768) to work on /home/airflow/.local/lib/python3.8/site-packages/airflow/example_dags/tutorial_taskflow_api.py
[2023-12-06T09:42:52.823+0000] {processor.py:829} INFO - Processing file /home/airflow/.local/lib/python3.8/site-packages/airflow/example_dags/tutorial_taskflow_api.py for tasks to queue
[2023-12-06T09:42:52.827+0000] {logging_mixin.py:154} INFO - [2023-12-06T09:42:52.826+0000] {dagbag.py:536} INFO - Filling up the DagBag from /home/airflow/.local/lib/python3.8/site-packages/airflow/example_dags/tutorial_taskflow_api.py
[2023-12-06T09:42:52.834+0000] {processor.py:839} INFO - DAG(s) dict_keys(['tutorial_taskflow_api']) retrieved from /home/airflow/.local/lib/python3.8/site-packages/airflow/example_dags/tutorial_taskflow_api.py
[2023-12-06T09:42:52.857+0000] {logging_mixin.py:154} INFO - [2023-12-06T09:42:52.857+0000] {dag.py:2941} INFO - Sync 1 DAGs
[2023-12-06T09:42:52.891+0000] {logging_mixin.py:154} INFO - [2023-12-06T09:42:52.891+0000] {dag.py:3722} INFO - Setting next_dagrun for tutorial_taskflow_api to None, run_after=None
[2023-12-06T09:42:52.950+0000] {processor.py:179} INFO - Processing /home/airflow/.local/lib/python3.8/site-packages/airflow/example_dags/tutorial_taskflow_api.py took 0.133 seconds
[2023-12-06T09:43:23.026+0000] {processor.py:157} INFO - Started process (PID=823) to work on /home/airflow/.local/lib/python3.8/site-packages/airflow/example_dags/tutorial_taskflow_api.py
[2023-12-06T09:43:23.028+0000] {processor.py:829} INFO - Processing file /home/airflow/.local/lib/python3.8/site-packages/airflow/example_dags/tutorial_taskflow_api.py for tasks to queue
[2023-12-06T09:43:23.031+0000] {logging_mixin.py:154} INFO - [2023-12-06T09:43:23.030+0000] {dagbag.py:536} INFO - Filling up the DagBag from /home/airflow/.local/lib/python3.8/site-packages/airflow/example_dags/tutorial_taskflow_api.py
[2023-12-06T09:43:23.038+0000] {processor.py:839} INFO - DAG(s) dict_keys(['tutorial_taskflow_api']) retrieved from /home/airflow/.local/lib/python3.8/site-packages/airflow/example_dags/tutorial_taskflow_api.py
[2023-12-06T09:43:23.060+0000] {logging_mixin.py:154} INFO - [2023-12-06T09:43:23.060+0000] {dag.py:2941} INFO - Sync 1 DAGs
[2023-12-06T09:43:23.074+0000] {logging_mixin.py:154} INFO - [2023-12-06T09:43:23.074+0000] {dag.py:3722} INFO - Setting next_dagrun for tutorial_taskflow_api to None, run_after=None
[2023-12-06T09:43:23.093+0000] {processor.py:179} INFO - Processing /home/airflow/.local/lib/python3.8/site-packages/airflow/example_dags/tutorial_taskflow_api.py took 0.071 seconds
[2023-12-06T09:43:53.208+0000] {processor.py:157} INFO - Started process (PID=877) to work on /home/airflow/.local/lib/python3.8/site-packages/airflow/example_dags/tutorial_taskflow_api.py
[2023-12-06T09:43:53.209+0000] {processor.py:829} INFO - Processing file /home/airflow/.local/lib/python3.8/site-packages/airflow/example_dags/tutorial_taskflow_api.py for tasks to queue
[2023-12-06T09:43:53.212+0000] {logging_mixin.py:154} INFO - [2023-12-06T09:43:53.212+0000] {dagbag.py:536} INFO - Filling up the DagBag from /home/airflow/.local/lib/python3.8/site-packages/airflow/example_dags/tutorial_taskflow_api.py
[2023-12-06T09:43:53.219+0000] {processor.py:839} INFO - DAG(s) dict_keys(['tutorial_taskflow_api']) retrieved from /home/airflow/.local/lib/python3.8/site-packages/airflow/example_dags/tutorial_taskflow_api.py
[2023-12-06T09:43:53.240+0000] {logging_mixin.py:154} INFO - [2023-12-06T09:43:53.239+0000] {dag.py:2941} INFO - Sync 1 DAGs
[2023-12-06T09:43:53.252+0000] {logging_mixin.py:154} INFO - [2023-12-06T09:43:53.252+0000] {dag.py:3722} INFO - Setting next_dagrun for tutorial_taskflow_api to None, run_after=None
[2023-12-06T09:43:53.269+0000] {processor.py:179} INFO - Processing /home/airflow/.local/lib/python3.8/site-packages/airflow/example_dags/tutorial_taskflow_api.py took 0.065 seconds
[2023-12-06T09:44:23.416+0000] {processor.py:157} INFO - Started process (PID=931) to work on /home/airflow/.local/lib/python3.8/site-packages/airflow/example_dags/tutorial_taskflow_api.py
[2023-12-06T09:44:23.418+0000] {processor.py:829} INFO - Processing file /home/airflow/.local/lib/python3.8/site-packages/airflow/example_dags/tutorial_taskflow_api.py for tasks to queue
[2023-12-06T09:44:23.420+0000] {logging_mixin.py:154} INFO - [2023-12-06T09:44:23.420+0000] {dagbag.py:536} INFO - Filling up the DagBag from /home/airflow/.local/lib/python3.8/site-packages/airflow/example_dags/tutorial_taskflow_api.py
[2023-12-06T09:44:23.428+0000] {processor.py:839} INFO - DAG(s) dict_keys(['tutorial_taskflow_api']) retrieved from /home/airflow/.local/lib/python3.8/site-packages/airflow/example_dags/tutorial_taskflow_api.py
[2023-12-06T09:44:23.450+0000] {logging_mixin.py:154} INFO - [2023-12-06T09:44:23.449+0000] {dag.py:2941} INFO - Sync 1 DAGs
[2023-12-06T09:44:23.463+0000] {logging_mixin.py:154} INFO - [2023-12-06T09:44:23.463+0000] {dag.py:3722} INFO - Setting next_dagrun for tutorial_taskflow_api to None, run_after=None
[2023-12-06T09:44:23.480+0000] {processor.py:179} INFO - Processing /home/airflow/.local/lib/python3.8/site-packages/airflow/example_dags/tutorial_taskflow_api.py took 0.068 seconds
[2023-12-06T09:44:53.629+0000] {processor.py:157} INFO - Started process (PID=985) to work on /home/airflow/.local/lib/python3.8/site-packages/airflow/example_dags/tutorial_taskflow_api.py
[2023-12-06T09:44:53.631+0000] {processor.py:829} INFO - Processing file /home/airflow/.local/lib/python3.8/site-packages/airflow/example_dags/tutorial_taskflow_api.py for tasks to queue
[2023-12-06T09:44:53.634+0000] {logging_mixin.py:154} INFO - [2023-12-06T09:44:53.633+0000] {dagbag.py:536} INFO - Filling up the DagBag from /home/airflow/.local/lib/python3.8/site-packages/airflow/example_dags/tutorial_taskflow_api.py
[2023-12-06T09:44:53.641+0000] {processor.py:839} INFO - DAG(s) dict_keys(['tutorial_taskflow_api']) retrieved from /home/airflow/.local/lib/python3.8/site-packages/airflow/example_dags/tutorial_taskflow_api.py
[2023-12-06T09:44:53.663+0000] {logging_mixin.py:154} INFO - [2023-12-06T09:44:53.663+0000] {dag.py:2941} INFO - Sync 1 DAGs
[2023-12-06T09:44:53.677+0000] {logging_mixin.py:154} INFO - [2023-12-06T09:44:53.677+0000] {dag.py:3722} INFO - Setting next_dagrun for tutorial_taskflow_api to None, run_after=None
[2023-12-06T09:44:53.695+0000] {processor.py:179} INFO - Processing /home/airflow/.local/lib/python3.8/site-packages/airflow/example_dags/tutorial_taskflow_api.py took 0.070 seconds
[2023-12-06T09:45:23.758+0000] {processor.py:157} INFO - Started process (PID=1039) to work on /home/airflow/.local/lib/python3.8/site-packages/airflow/example_dags/tutorial_taskflow_api.py
[2023-12-06T09:45:23.760+0000] {processor.py:829} INFO - Processing file /home/airflow/.local/lib/python3.8/site-packages/airflow/example_dags/tutorial_taskflow_api.py for tasks to queue
[2023-12-06T09:45:23.763+0000] {logging_mixin.py:154} INFO - [2023-12-06T09:45:23.763+0000] {dagbag.py:536} INFO - Filling up the DagBag from /home/airflow/.local/lib/python3.8/site-packages/airflow/example_dags/tutorial_taskflow_api.py
[2023-12-06T09:45:23.770+0000] {processor.py:839} INFO - DAG(s) dict_keys(['tutorial_taskflow_api']) retrieved from /home/airflow/.local/lib/python3.8/site-packages/airflow/example_dags/tutorial_taskflow_api.py
[2023-12-06T09:45:23.793+0000] {logging_mixin.py:154} INFO - [2023-12-06T09:45:23.793+0000] {dag.py:2941} INFO - Sync 1 DAGs
[2023-12-06T09:45:23.806+0000] {logging_mixin.py:154} INFO - [2023-12-06T09:45:23.806+0000] {dag.py:3722} INFO - Setting next_dagrun for tutorial_taskflow_api to None, run_after=None
[2023-12-06T09:45:23.825+0000] {processor.py:179} INFO - Processing /home/airflow/.local/lib/python3.8/site-packages/airflow/example_dags/tutorial_taskflow_api.py took 0.071 seconds
[2023-12-06T09:45:53.931+0000] {processor.py:157} INFO - Started process (PID=1105) to work on /home/airflow/.local/lib/python3.8/site-packages/airflow/example_dags/tutorial_taskflow_api.py
[2023-12-06T09:45:53.932+0000] {processor.py:829} INFO - Processing file /home/airflow/.local/lib/python3.8/site-packages/airflow/example_dags/tutorial_taskflow_api.py for tasks to queue
[2023-12-06T09:45:53.935+0000] {logging_mixin.py:154} INFO - [2023-12-06T09:45:53.935+0000] {dagbag.py:536} INFO - Filling up the DagBag from /home/airflow/.local/lib/python3.8/site-packages/airflow/example_dags/tutorial_taskflow_api.py
[2023-12-06T09:45:53.943+0000] {processor.py:839} INFO - DAG(s) dict_keys(['tutorial_taskflow_api']) retrieved from /home/airflow/.local/lib/python3.8/site-packages/airflow/example_dags/tutorial_taskflow_api.py
[2023-12-06T09:45:53.965+0000] {logging_mixin.py:154} INFO - [2023-12-06T09:45:53.964+0000] {dag.py:2941} INFO - Sync 1 DAGs
[2023-12-06T09:45:53.978+0000] {logging_mixin.py:154} INFO - [2023-12-06T09:45:53.978+0000] {dag.py:3722} INFO - Setting next_dagrun for tutorial_taskflow_api to None, run_after=None
[2023-12-06T09:45:53.997+0000] {processor.py:179} INFO - Processing /home/airflow/.local/lib/python3.8/site-packages/airflow/example_dags/tutorial_taskflow_api.py took 0.070 seconds
[2023-12-06T09:46:24.565+0000] {processor.py:157} INFO - Started process (PID=1162) to work on /home/airflow/.local/lib/python3.8/site-packages/airflow/example_dags/tutorial_taskflow_api.py
[2023-12-06T09:46:24.567+0000] {processor.py:829} INFO - Processing file /home/airflow/.local/lib/python3.8/site-packages/airflow/example_dags/tutorial_taskflow_api.py for tasks to queue
[2023-12-06T09:46:24.569+0000] {logging_mixin.py:154} INFO - [2023-12-06T09:46:24.569+0000] {dagbag.py:536} INFO - Filling up the DagBag from /home/airflow/.local/lib/python3.8/site-packages/airflow/example_dags/tutorial_taskflow_api.py
[2023-12-06T09:46:24.577+0000] {processor.py:839} INFO - DAG(s) dict_keys(['tutorial_taskflow_api']) retrieved from /home/airflow/.local/lib/python3.8/site-packages/airflow/example_dags/tutorial_taskflow_api.py
[2023-12-06T09:46:24.598+0000] {logging_mixin.py:154} INFO - [2023-12-06T09:46:24.598+0000] {dag.py:2941} INFO - Sync 1 DAGs
[2023-12-06T09:46:24.613+0000] {logging_mixin.py:154} INFO - [2023-12-06T09:46:24.613+0000] {dag.py:3722} INFO - Setting next_dagrun for tutorial_taskflow_api to None, run_after=None
[2023-12-06T09:46:24.631+0000] {processor.py:179} INFO - Processing /home/airflow/.local/lib/python3.8/site-packages/airflow/example_dags/tutorial_taskflow_api.py took 0.069 seconds
[2023-12-06T09:46:54.921+0000] {processor.py:157} INFO - Started process (PID=1217) to work on /home/airflow/.local/lib/python3.8/site-packages/airflow/example_dags/tutorial_taskflow_api.py
[2023-12-06T09:46:54.923+0000] {processor.py:829} INFO - Processing file /home/airflow/.local/lib/python3.8/site-packages/airflow/example_dags/tutorial_taskflow_api.py for tasks to queue
[2023-12-06T09:46:54.926+0000] {logging_mixin.py:154} INFO - [2023-12-06T09:46:54.925+0000] {dagbag.py:536} INFO - Filling up the DagBag from /home/airflow/.local/lib/python3.8/site-packages/airflow/example_dags/tutorial_taskflow_api.py
[2023-12-06T09:46:54.933+0000] {processor.py:839} INFO - DAG(s) dict_keys(['tutorial_taskflow_api']) retrieved from /home/airflow/.local/lib/python3.8/site-packages/airflow/example_dags/tutorial_taskflow_api.py
[2023-12-06T09:46:54.955+0000] {logging_mixin.py:154} INFO - [2023-12-06T09:46:54.955+0000] {dag.py:2941} INFO - Sync 1 DAGs
[2023-12-06T09:46:54.969+0000] {logging_mixin.py:154} INFO - [2023-12-06T09:46:54.969+0000] {dag.py:3722} INFO - Setting next_dagrun for tutorial_taskflow_api to None, run_after=None
[2023-12-06T09:46:54.986+0000] {processor.py:179} INFO - Processing /home/airflow/.local/lib/python3.8/site-packages/airflow/example_dags/tutorial_taskflow_api.py took 0.069 seconds
[2023-12-06T09:47:25.153+0000] {processor.py:157} INFO - Started process (PID=1273) to work on /home/airflow/.local/lib/python3.8/site-packages/airflow/example_dags/tutorial_taskflow_api.py
[2023-12-06T09:47:25.155+0000] {processor.py:829} INFO - Processing file /home/airflow/.local/lib/python3.8/site-packages/airflow/example_dags/tutorial_taskflow_api.py for tasks to queue
[2023-12-06T09:47:25.156+0000] {logging_mixin.py:154} INFO - [2023-12-06T09:47:25.156+0000] {dagbag.py:536} INFO - Filling up the DagBag from /home/airflow/.local/lib/python3.8/site-packages/airflow/example_dags/tutorial_taskflow_api.py
[2023-12-06T09:47:25.166+0000] {processor.py:839} INFO - DAG(s) dict_keys(['tutorial_taskflow_api']) retrieved from /home/airflow/.local/lib/python3.8/site-packages/airflow/example_dags/tutorial_taskflow_api.py
[2023-12-06T09:47:25.190+0000] {logging_mixin.py:154} INFO - [2023-12-06T09:47:25.189+0000] {dag.py:2941} INFO - Sync 1 DAGs
[2023-12-06T09:47:25.203+0000] {logging_mixin.py:154} INFO - [2023-12-06T09:47:25.203+0000] {dag.py:3722} INFO - Setting next_dagrun for tutorial_taskflow_api to None, run_after=None
[2023-12-06T09:47:25.221+0000] {processor.py:179} INFO - Processing /home/airflow/.local/lib/python3.8/site-packages/airflow/example_dags/tutorial_taskflow_api.py took 0.071 seconds
[2023-12-06T09:47:55.875+0000] {processor.py:157} INFO - Started process (PID=1331) to work on /home/airflow/.local/lib/python3.8/site-packages/airflow/example_dags/tutorial_taskflow_api.py
[2023-12-06T09:47:55.876+0000] {processor.py:829} INFO - Processing file /home/airflow/.local/lib/python3.8/site-packages/airflow/example_dags/tutorial_taskflow_api.py for tasks to queue
[2023-12-06T09:47:55.878+0000] {logging_mixin.py:154} INFO - [2023-12-06T09:47:55.877+0000] {dagbag.py:536} INFO - Filling up the DagBag from /home/airflow/.local/lib/python3.8/site-packages/airflow/example_dags/tutorial_taskflow_api.py
[2023-12-06T09:47:55.885+0000] {processor.py:839} INFO - DAG(s) dict_keys(['tutorial_taskflow_api']) retrieved from /home/airflow/.local/lib/python3.8/site-packages/airflow/example_dags/tutorial_taskflow_api.py
[2023-12-06T09:47:55.908+0000] {logging_mixin.py:154} INFO - [2023-12-06T09:47:55.907+0000] {dag.py:2941} INFO - Sync 1 DAGs
[2023-12-06T09:47:55.921+0000] {logging_mixin.py:154} INFO - [2023-12-06T09:47:55.921+0000] {dag.py:3722} INFO - Setting next_dagrun for tutorial_taskflow_api to None, run_after=None
[2023-12-06T09:47:55.938+0000] {processor.py:179} INFO - Processing /home/airflow/.local/lib/python3.8/site-packages/airflow/example_dags/tutorial_taskflow_api.py took 0.068 seconds
[2023-12-06T09:48:28.362+0000] {processor.py:157} INFO - Started process (PID=1392) to work on /home/airflow/.local/lib/python3.8/site-packages/airflow/example_dags/tutorial_taskflow_api.py
[2023-12-06T09:48:28.363+0000] {processor.py:829} INFO - Processing file /home/airflow/.local/lib/python3.8/site-packages/airflow/example_dags/tutorial_taskflow_api.py for tasks to queue
[2023-12-06T09:48:28.365+0000] {logging_mixin.py:154} INFO - [2023-12-06T09:48:28.364+0000] {dagbag.py:536} INFO - Filling up the DagBag from /home/airflow/.local/lib/python3.8/site-packages/airflow/example_dags/tutorial_taskflow_api.py
[2023-12-06T09:48:28.373+0000] {processor.py:839} INFO - DAG(s) dict_keys(['tutorial_taskflow_api']) retrieved from /home/airflow/.local/lib/python3.8/site-packages/airflow/example_dags/tutorial_taskflow_api.py
[2023-12-06T09:48:28.396+0000] {logging_mixin.py:154} INFO - [2023-12-06T09:48:28.395+0000] {dag.py:2941} INFO - Sync 1 DAGs
[2023-12-06T09:48:28.409+0000] {logging_mixin.py:154} INFO - [2023-12-06T09:48:28.409+0000] {dag.py:3722} INFO - Setting next_dagrun for tutorial_taskflow_api to None, run_after=None
[2023-12-06T09:48:28.567+0000] {processor.py:179} INFO - Processing /home/airflow/.local/lib/python3.8/site-packages/airflow/example_dags/tutorial_taskflow_api.py took 0.209 seconds
[2023-12-06T09:48:58.619+0000] {processor.py:157} INFO - Started process (PID=1448) to work on /home/airflow/.local/lib/python3.8/site-packages/airflow/example_dags/tutorial_taskflow_api.py
[2023-12-06T09:48:58.621+0000] {processor.py:829} INFO - Processing file /home/airflow/.local/lib/python3.8/site-packages/airflow/example_dags/tutorial_taskflow_api.py for tasks to queue
[2023-12-06T09:48:58.622+0000] {logging_mixin.py:154} INFO - [2023-12-06T09:48:58.621+0000] {dagbag.py:536} INFO - Filling up the DagBag from /home/airflow/.local/lib/python3.8/site-packages/airflow/example_dags/tutorial_taskflow_api.py
[2023-12-06T09:48:58.630+0000] {processor.py:839} INFO - DAG(s) dict_keys(['tutorial_taskflow_api']) retrieved from /home/airflow/.local/lib/python3.8/site-packages/airflow/example_dags/tutorial_taskflow_api.py
[2023-12-06T09:48:58.652+0000] {logging_mixin.py:154} INFO - [2023-12-06T09:48:58.652+0000] {dag.py:2941} INFO - Sync 1 DAGs
[2023-12-06T09:48:58.666+0000] {logging_mixin.py:154} INFO - [2023-12-06T09:48:58.666+0000] {dag.py:3722} INFO - Setting next_dagrun for tutorial_taskflow_api to None, run_after=None
[2023-12-06T09:48:58.684+0000] {processor.py:179} INFO - Processing /home/airflow/.local/lib/python3.8/site-packages/airflow/example_dags/tutorial_taskflow_api.py took 0.068 seconds
[2023-12-06T09:49:29.034+0000] {processor.py:157} INFO - Started process (PID=1512) to work on /home/airflow/.local/lib/python3.8/site-packages/airflow/example_dags/tutorial_taskflow_api.py
[2023-12-06T09:49:29.035+0000] {processor.py:829} INFO - Processing file /home/airflow/.local/lib/python3.8/site-packages/airflow/example_dags/tutorial_taskflow_api.py for tasks to queue
[2023-12-06T09:49:29.037+0000] {logging_mixin.py:154} INFO - [2023-12-06T09:49:29.037+0000] {dagbag.py:536} INFO - Filling up the DagBag from /home/airflow/.local/lib/python3.8/site-packages/airflow/example_dags/tutorial_taskflow_api.py
[2023-12-06T09:49:29.045+0000] {processor.py:839} INFO - DAG(s) dict_keys(['tutorial_taskflow_api']) retrieved from /home/airflow/.local/lib/python3.8/site-packages/airflow/example_dags/tutorial_taskflow_api.py
[2023-12-06T09:49:29.071+0000] {logging_mixin.py:154} INFO - [2023-12-06T09:49:29.071+0000] {dag.py:2941} INFO - Sync 1 DAGs
[2023-12-06T09:49:29.089+0000] {logging_mixin.py:154} INFO - [2023-12-06T09:49:29.089+0000] {dag.py:3722} INFO - Setting next_dagrun for tutorial_taskflow_api to None, run_after=None
[2023-12-06T09:49:29.107+0000] {processor.py:179} INFO - Processing /home/airflow/.local/lib/python3.8/site-packages/airflow/example_dags/tutorial_taskflow_api.py took 0.078 seconds
[2023-12-06T09:50:00.660+0000] {processor.py:157} INFO - Started process (PID=1568) to work on /home/airflow/.local/lib/python3.8/site-packages/airflow/example_dags/tutorial_taskflow_api.py
[2023-12-06T09:50:00.661+0000] {processor.py:829} INFO - Processing file /home/airflow/.local/lib/python3.8/site-packages/airflow/example_dags/tutorial_taskflow_api.py for tasks to queue
[2023-12-06T09:50:00.663+0000] {logging_mixin.py:154} INFO - [2023-12-06T09:50:00.663+0000] {dagbag.py:536} INFO - Filling up the DagBag from /home/airflow/.local/lib/python3.8/site-packages/airflow/example_dags/tutorial_taskflow_api.py
[2023-12-06T09:50:00.672+0000] {processor.py:839} INFO - DAG(s) dict_keys(['tutorial_taskflow_api']) retrieved from /home/airflow/.local/lib/python3.8/site-packages/airflow/example_dags/tutorial_taskflow_api.py
[2023-12-06T09:50:00.698+0000] {logging_mixin.py:154} INFO - [2023-12-06T09:50:00.698+0000] {dag.py:2941} INFO - Sync 1 DAGs
[2023-12-06T09:50:00.845+0000] {logging_mixin.py:154} INFO - [2023-12-06T09:50:00.845+0000] {dag.py:3722} INFO - Setting next_dagrun for tutorial_taskflow_api to None, run_after=None
[2023-12-06T09:50:00.866+0000] {processor.py:179} INFO - Processing /home/airflow/.local/lib/python3.8/site-packages/airflow/example_dags/tutorial_taskflow_api.py took 0.211 seconds
[2023-12-06T09:50:31.390+0000] {processor.py:157} INFO - Started process (PID=1623) to work on /home/airflow/.local/lib/python3.8/site-packages/airflow/example_dags/tutorial_taskflow_api.py
[2023-12-06T09:50:31.392+0000] {processor.py:829} INFO - Processing file /home/airflow/.local/lib/python3.8/site-packages/airflow/example_dags/tutorial_taskflow_api.py for tasks to queue
[2023-12-06T09:50:31.393+0000] {logging_mixin.py:154} INFO - [2023-12-06T09:50:31.393+0000] {dagbag.py:536} INFO - Filling up the DagBag from /home/airflow/.local/lib/python3.8/site-packages/airflow/example_dags/tutorial_taskflow_api.py
[2023-12-06T09:50:31.403+0000] {processor.py:839} INFO - DAG(s) dict_keys(['tutorial_taskflow_api']) retrieved from /home/airflow/.local/lib/python3.8/site-packages/airflow/example_dags/tutorial_taskflow_api.py
[2023-12-06T09:50:31.428+0000] {logging_mixin.py:154} INFO - [2023-12-06T09:50:31.428+0000] {dag.py:2941} INFO - Sync 1 DAGs
[2023-12-06T09:50:31.443+0000] {logging_mixin.py:154} INFO - [2023-12-06T09:50:31.443+0000] {dag.py:3722} INFO - Setting next_dagrun for tutorial_taskflow_api to None, run_after=None
[2023-12-06T09:50:31.603+0000] {processor.py:179} INFO - Processing /home/airflow/.local/lib/python3.8/site-packages/airflow/example_dags/tutorial_taskflow_api.py took 0.218 seconds
